'getOption("repos")' replaces Bioconductor standard repositories, see
'help("repositories", package = "BiocManager")' for details.
Replacement repositories:
    CRAN: https://p3m.dev/cran/__linux__/noble/latest
Bioconductor version 3.20 (BiocManager 1.30.25), R 4.4.2 (2024-10-31)
Installing package(s) 'scRecover'
also installing the dependencies ‘UCSC.utils’, ‘IRanges’, ‘GenomeInfoDb’, ‘S4Arrays’, ‘XVector’, ‘SparseArray’, ‘SummarizedExperiment’, ‘GenomicRanges’, ‘DelayedArray’, ‘penalized’, ‘preseqR’, ‘SAVER’, ‘SingleCellExperiment’

trying URL 'https://bioconductor.org/packages/3.20/bioc/src/contrib/UCSC.utils_1.2.0.tar.gz'
Content type 'application/x-gzip' length 236888 bytes (231 KB)
==================================================
downloaded 231 KB

trying URL 'https://bioconductor.org/packages/3.20/bioc/src/contrib/IRanges_2.40.1.tar.gz'
Content type 'application/x-gzip' length 486989 bytes (475 KB)
==================================================
downloaded 475 KB

trying URL 'https://bioconductor.org/packages/3.20/bioc/src/contrib/GenomeInfoDb_1.42.3.tar.gz'
Content type 'application/x-gzip' length 3592070 bytes (3.4 MB)
==================================================
downloaded 3.4 MB

trying URL 'https://bioconductor.org/packages/3.20/bioc/src/contrib/S4Arrays_1.6.0.tar.gz'
Content type 'application/x-gzip' length 288435 bytes (281 KB)
==================================================
downloaded 281 KB

trying URL 'https://bioconductor.org/packages/3.20/bioc/src/contrib/XVector_0.46.0.tar.gz'
Content type 'application/x-gzip' length 70185 bytes (68 KB)
==================================================
downloaded 68 KB

trying URL 'https://bioconductor.org/packages/3.20/bioc/src/contrib/SparseArray_1.6.2.tar.gz'
Content type 'application/x-gzip' length 468696 bytes (457 KB)
==================================================
downloaded 457 KB

trying URL 'https://bioconductor.org/packages/3.20/bioc/src/contrib/SummarizedExperiment_1.36.0.tar.gz'
Content type 'application/x-gzip' length 690951 bytes (674 KB)
==================================================
downloaded 674 KB

trying URL 'https://bioconductor.org/packages/3.20/bioc/src/contrib/GenomicRanges_1.58.0.tar.gz'
Content type 'application/x-gzip' length 1374658 bytes (1.3 MB)
==================================================
downloaded 1.3 MB

trying URL 'https://bioconductor.org/packages/3.20/bioc/src/contrib/DelayedArray_0.32.0.tar.gz'
Content type 'application/x-gzip' length 825598 bytes (806 KB)
==================================================
downloaded 806 KB

trying URL 'https://p3m.dev/cran/__linux__/noble/latest/src/contrib/penalized_0.9-52.tar.gz'
Content type 'binary/octet-stream' length 886178 bytes (865 KB)
==================================================
downloaded 865 KB

trying URL 'https://p3m.dev/cran/__linux__/noble/latest/src/contrib/preseqR_4.0.0.tar.gz'
Content type 'binary/octet-stream' length 228417 bytes (223 KB)
==================================================
downloaded 223 KB

trying URL 'https://p3m.dev/cran/__linux__/noble/latest/src/contrib/SAVER_1.1.2.tar.gz'
Content type 'binary/octet-stream' length 4237765 bytes (4.0 MB)
==================================================
downloaded 4.0 MB

trying URL 'https://bioconductor.org/packages/3.20/bioc/src/contrib/SingleCellExperiment_1.28.1.tar.gz'
Content type 'application/x-gzip' length 985694 bytes (962 KB)
==================================================
downloaded 962 KB

trying URL 'https://bioconductor.org/packages/3.20/bioc/src/contrib/scRecover_1.22.0.tar.gz'
Content type 'application/x-gzip' length 1797161 bytes (1.7 MB)
==================================================
downloaded 1.7 MB

ERROR: failed to lock directory ‘/mnt/library’ for modifying
Try removing ‘/mnt/library/00LOCK-UCSC.utils’
ERROR: failed to lock directory ‘/mnt/library’ for modifying
Try removing ‘/mnt/library/00LOCK-IRanges’
* installing *binary* package ‘penalized’ ...
* ‘penalized’ was already a binary package and will not be rebuilt
* creating tarball
packaged installation of ‘penalized’ as ‘penalized_0.9-52_R_x86_64-pc-linux-gnu.tar.gz’
* DONE (penalized)
* installing *binary* package ‘preseqR’ ...
* ‘preseqR’ was already a binary package and will not be rebuilt
* creating tarball
packaged installation of ‘preseqR’ as ‘preseqR_4.0.0_R_x86_64-pc-linux-gnu.tar.gz’
* DONE (preseqR)
* installing *binary* package ‘SAVER’ ...
* ‘SAVER’ was already a binary package and will not be rebuilt
* creating tarball
packaged installation of ‘SAVER’ as ‘SAVER_1.1.2_R_x86_64-pc-linux-gnu.tar.gz’
* DONE (SAVER)
ERROR: failed to lock directory ‘/mnt/library’ for modifying
Try removing ‘/mnt/library/00LOCK-GenomeInfoDb’
ERROR: dependencies ‘BiocGenerics’, ‘S4Vectors’, ‘IRanges’ are not available for package ‘S4Arrays’
* removing ‘/mnt/library/S4Arrays’
ERROR: dependencies ‘BiocGenerics’, ‘S4Vectors’, ‘IRanges’ are not available for package ‘XVector’
* removing ‘/mnt/library/XVector’
* installing *source* package ‘scRecover’ ...
** package ‘scRecover’ successfully unpacked and MD5 sums checked
** using staged installation
** R
** data
** inst
** byte-compile and prepare package for lazy loading
** help
*** installing help indices
** building package indices
** installing vignettes
** testing if installed package can be loaded from temporary location
** testing if installed package can be loaded from final location
** testing if installed package keeps a record of temporary installation path
* creating tarball
packaged installation of ‘scRecover’ as ‘scRecover_1.22.0_R_x86_64-pc-linux-gnu.tar.gz’
* DONE (scRecover)
ERROR: dependencies ‘S4Vectors’, ‘S4Arrays’, ‘IRanges’, ‘XVector’ are not available for package ‘SparseArray’
* removing ‘/mnt/library/SparseArray’
ERROR: dependencies ‘S4Vectors’, ‘IRanges’, ‘GenomeInfoDb’, ‘XVector’ are not available for package ‘GenomicRanges’
* removing ‘/mnt/library/GenomicRanges’
ERROR: dependencies ‘S4Vectors’, ‘IRanges’, ‘S4Arrays’, ‘SparseArray’ are not available for package ‘DelayedArray’
* removing ‘/mnt/library/DelayedArray’
ERROR: dependencies ‘GenomicRanges’, ‘Biobase’, ‘S4Vectors’, ‘IRanges’, ‘GenomeInfoDb’, ‘S4Arrays’, ‘DelayedArray’ are not available for package ‘SummarizedExperiment’
* removing ‘/mnt/library/SummarizedExperiment’
ERROR: dependencies ‘SummarizedExperiment’, ‘S4Vectors’, ‘GenomicRanges’, ‘DelayedArray’ are not available for package ‘SingleCellExperiment’
* removing ‘/mnt/library/SingleCellExperiment’

The downloaded source packages are in
	‘/tmp/RtmpSlSkFn/downloaded_packages’
Old packages: 'bslib', 'cli', 'curl', 'evaluate', 'httr2', 'jsonlite',
  'openssl', 'pillar', 'pkgbuild', 'processx', 'ps', 'purrr', 'R6', 'Rcpp',
  'rlang', 'sessioninfo', 'systemfonts', 'testthat', 'textshaping', 'tinytex',
  'xfun', 'zip', 'class', 'foreign', 'KernSmooth', 'MASS', 'Matrix', 'nlme',
  'nnet', 'rpart', 'spatial'
Warning messages:
1: In install.packages(...) :
  installation of package ‘UCSC.utils’ had non-zero exit status
2: In install.packages(...) :
  installation of package ‘IRanges’ had non-zero exit status
3: In install.packages(...) :
  installation of package ‘GenomeInfoDb’ had non-zero exit status
4: In install.packages(...) :
  installation of package ‘S4Arrays’ had non-zero exit status
5: In install.packages(...) :
  installation of package ‘XVector’ had non-zero exit status
6: In install.packages(...) :
  installation of package ‘SparseArray’ had non-zero exit status
7: In install.packages(...) :
  installation of package ‘GenomicRanges’ had non-zero exit status
8: In install.packages(...) :
  installation of package ‘DelayedArray’ had non-zero exit status
9: In install.packages(...) :
  installation of package ‘SummarizedExperiment’ had non-zero exit status
10: In install.packages(...) :
  installation of package ‘SingleCellExperiment’ had non-zero exit status

real	6m49.164s
user	0m15.342s
sys	0m6.851s
