'getOption("repos")' replaces Bioconductor standard repositories, see
'help("repositories", package = "BiocManager")' for details.
Replacement repositories:
    CRAN: https://p3m.dev/cran/__linux__/noble/latest
Bioconductor version 3.20 (BiocManager 1.30.25), R 4.4.2 (2024-10-31)
Installing package(s) 'CRISPRball'
also installing the dependencies ‘pool’, ‘mygene’

trying URL 'https://p3m.dev/cran/__linux__/noble/latest/src/contrib/pool_1.0.4.tar.gz'
Content type 'binary/octet-stream' length 209991 bytes (205 KB)
==================================================
downloaded 205 KB

trying URL 'https://bioconductor.org/packages/3.20/bioc/src/contrib/mygene_1.42.0.tar.gz'
Content type 'application/x-gzip' length 171551 bytes (167 KB)
==================================================
downloaded 167 KB

trying URL 'https://bioconductor.org/packages/3.20/bioc/src/contrib/CRISPRball_1.2.0.tar.gz'
Content type 'application/x-gzip' length 2743849 bytes (2.6 MB)
==================================================
downloaded 2.6 MB

* installing *binary* package ‘pool’ ...
* ‘pool’ was already a binary package and will not be rebuilt
* creating tarball
packaged installation of ‘pool’ as ‘pool_1.0.4_R_x86_64-pc-linux-gnu.tar.gz’
* DONE (pool)
* installing *source* package ‘mygene’ ...
** package ‘mygene’ successfully unpacked and MD5 sums checked
** using staged installation
** R
** inst
** byte-compile and prepare package for lazy loading
Warning: no DISPLAY variable so Tk is not available
** help
*** installing help indices
** building package indices
** installing vignettes
** testing if installed package can be loaded from temporary location
** testing if installed package can be loaded from final location
** testing if installed package keeps a record of temporary installation path
* creating tarball
packaged installation of ‘mygene’ as ‘mygene_1.42.0_R_x86_64-pc-linux-gnu.tar.gz’
* DONE (mygene)
* installing *source* package ‘CRISPRball’ ...
** package ‘CRISPRball’ successfully unpacked and MD5 sums checked
** using staged installation
** R
** data
** inst
** byte-compile and prepare package for lazy loading
** help
*** installing help indices
** building package indices
** installing vignettes
** testing if installed package can be loaded from temporary location
** testing if installed package can be loaded from final location
** testing if installed package keeps a record of temporary installation path
* creating tarball
packaged installation of ‘CRISPRball’ as ‘CRISPRball_1.2.0_R_x86_64-pc-linux-gnu.tar.gz’
* DONE (CRISPRball)

The downloaded source packages are in
	‘/tmp/RtmpFkI6ot/downloaded_packages’
Old packages: 'bslib', 'cli', 'curl', 'evaluate', 'httr2', 'jsonlite',
  'openssl', 'pillar', 'pkgbuild', 'processx', 'ps', 'purrr', 'R6', 'Rcpp',
  'rlang', 'sessioninfo', 'systemfonts', 'testthat', 'textshaping', 'tinytex',
  'xfun', 'zip', 'class', 'foreign', 'KernSmooth', 'MASS', 'Matrix', 'nlme',
  'nnet', 'rpart', 'spatial'

real	3m13.809s
user	1m27.241s
sys	0m14.457s
