'getOption("repos")' replaces Bioconductor standard repositories, see
'help("repositories", package = "BiocManager")' for details.
Replacement repositories:
    CRAN: https://p3m.dev/cran/__linux__/noble/latest
Bioconductor version 3.20 (BiocManager 1.30.25), R 4.4.2 (2024-10-31)
Installing package(s) 'methrix'
also installing the dependencies ‘DSS’, ‘MafDb.1Kgenomes.phase3.GRCh38’, ‘MafDb.1Kgenomes.phase3.hs37d5’

trying URL 'https://bioconductor.org/packages/3.20/bioc/src/contrib/DSS_2.54.0.tar.gz'
Content type 'application/x-gzip' length 2128617 bytes (2.0 MB)
==================================================
downloaded 2.0 MB

trying URL 'https://bioconductor.org/packages/3.20/data/annotation/src/contrib/MafDb.1Kgenomes.phase3.GRCh38_3.10.0.tar.gz'
Content type 'application/x-gzip' length 1602406831 bytes (1528.2 MB)
==================================================
downloaded 1528.2 MB

trying URL 'https://bioconductor.org/packages/3.20/data/annotation/src/contrib/MafDb.1Kgenomes.phase3.hs37d5_3.10.0.tar.gz'
Content type 'application/x-gzip' length 1623464748 bytes (1548.3 MB)
==================================================
downloaded 1548.3 MB

trying URL 'https://bioconductor.org/packages/3.20/bioc/src/contrib/methrix_1.20.0.tar.gz'
Content type 'application/x-gzip' length 4187628 bytes (4.0 MB)
==================================================
downloaded 4.0 MB

* installing *source* package ‘DSS’ ...
** package ‘DSS’ successfully unpacked and MD5 sums checked
** using staged installation
** libs
using C compiler: ‘gcc (Ubuntu 13.3.0-6ubuntu2~24.04) 13.3.0’
gcc -I"/usr/local/lib/R/include" -DNDEBUG   -I/usr/local/include    -fpic  -g -O2 -fstack-protector-strong -Wformat -Wformat-security -Wdate-time -D_FORTIFY_SOURCE=2 -g  -c compute_var_smooth.c -o compute_var_smooth.o
gcc -I"/usr/local/lib/R/include" -DNDEBUG   -I/usr/local/include    -fpic  -g -O2 -fstack-protector-strong -Wformat -Wformat-security -Wdate-time -D_FORTIFY_SOURCE=2 -g  -c filter.c -o filter.o
gcc -I"/usr/local/lib/R/include" -DNDEBUG   -I/usr/local/include    -fpic  -g -O2 -fstack-protector-strong -Wformat -Wformat-security -Wdate-time -D_FORTIFY_SOURCE=2 -g  -c nitem.c -o nitem.o
gcc -shared -L/usr/local/lib/R/lib -L/usr/local/lib -o DSS.so compute_var_smooth.o filter.o nitem.o -L/usr/local/lib/R/lib -lR
installing to /mnt/library/00LOCK-DSS/00new/DSS/libs
** R
** data
** inst
** byte-compile and prepare package for lazy loading
** help
*** installing help indices
** building package indices
** installing vignettes
** testing if installed package can be loaded from temporary location
** checking absolute paths in shared objects and dynamic libraries
** testing if installed package can be loaded from final location
** testing if installed package keeps a record of temporary installation path
* creating tarball
packaged installation of ‘DSS’ as ‘DSS_2.54.0_R_x86_64-pc-linux-gnu.tar.gz’
* DONE (DSS)
* installing *source* package ‘MafDb.1Kgenomes.phase3.GRCh38’ ...
** using staged installation
** R
** inst
** byte-compile and prepare package for lazy loading
Warning: replacing previous import ‘utils::findMatches’ by ‘S4Vectors::findMatches’ when loading ‘MafDb.1Kgenomes.phase3.GRCh38’
** help
*** installing help indices
** building package indices
** testing if installed package can be loaded from temporary location
Warning: replacing previous import ‘utils::findMatches’ by ‘S4Vectors::findMatches’ when loading ‘MafDb.1Kgenomes.phase3.GRCh38’
** testing if installed package can be loaded from final location
Warning: replacing previous import ‘utils::findMatches’ by ‘S4Vectors::findMatches’ when loading ‘MafDb.1Kgenomes.phase3.GRCh38’
** testing if installed package keeps a record of temporary installation path
* creating tarball
packaged installation of ‘MafDb.1Kgenomes.phase3.GRCh38’ as ‘MafDb.1Kgenomes.phase3.GRCh38_3.10.0_R_x86_64-pc-linux-gnu.tar.gz’
* DONE (MafDb.1Kgenomes.phase3.GRCh38)
* installing *source* package ‘MafDb.1Kgenomes.phase3.hs37d5’ ...
** using staged installation
** R
** inst
** byte-compile and prepare package for lazy loading
Warning: replacing previous import ‘utils::findMatches’ by ‘S4Vectors::findMatches’ when loading ‘MafDb.1Kgenomes.phase3.hs37d5’
** help
*** installing help indices
** building package indices
** testing if installed package can be loaded from temporary location
Warning: replacing previous import ‘utils::findMatches’ by ‘S4Vectors::findMatches’ when loading ‘MafDb.1Kgenomes.phase3.hs37d5’
** testing if installed package can be loaded from final location
Warning: replacing previous import ‘utils::findMatches’ by ‘S4Vectors::findMatches’ when loading ‘MafDb.1Kgenomes.phase3.hs37d5’
** testing if installed package keeps a record of temporary installation path
* creating tarball
packaged installation of ‘MafDb.1Kgenomes.phase3.hs37d5’ as ‘MafDb.1Kgenomes.phase3.hs37d5_3.10.0_R_x86_64-pc-linux-gnu.tar.gz’
* DONE (MafDb.1Kgenomes.phase3.hs37d5)
* installing *source* package ‘methrix’ ...
** package ‘methrix’ successfully unpacked and MD5 sums checked
** using staged installation
** R
** data
** inst
** byte-compile and prepare package for lazy loading
** help
*** installing help indices
** building package indices
** installing vignettes
** testing if installed package can be loaded from temporary location
** testing if installed package can be loaded from final location
** testing if installed package keeps a record of temporary installation path
* creating tarball
packaged installation of ‘methrix’ as ‘methrix_1.20.0_R_x86_64-pc-linux-gnu.tar.gz’
* DONE (methrix)

The downloaded source packages are in
	‘/tmp/RtmpvJSE2E/downloaded_packages’
Old packages: 'bslib', 'cli', 'curl', 'evaluate', 'httr2', 'jsonlite',
  'openssl', 'pillar', 'pkgbuild', 'processx', 'ps', 'purrr', 'R6', 'Rcpp',
  'rlang', 'sessioninfo', 'systemfonts', 'testthat', 'textshaping', 'tinytex',
  'xfun', 'zip', 'class', 'foreign', 'KernSmooth', 'MASS', 'Matrix', 'nlme',
  'nnet', 'rpart', 'spatial'

real	10m58.967s
user	6m6.534s
sys	0m46.582s
