'getOption("repos")' replaces Bioconductor standard repositories, see
'help("repositories", package = "BiocManager")' for details.
Replacement repositories:
    CRAN: https://p3m.dev/cran/__linux__/noble/latest
Bioconductor version 3.20 (BiocManager 1.30.25), R 4.4.2 (2024-10-31)
Installing package(s) 'motifStack'
also installing the dependency ‘JASPAR2020’

trying URL 'https://bioconductor.org/packages/3.20/data/annotation/src/contrib/JASPAR2020_0.99.10.tar.gz'
Content type 'application/x-gzip' length 10592130 bytes (10.1 MB)
==================================================
downloaded 10.1 MB

trying URL 'https://bioconductor.org/packages/3.20/bioc/src/contrib/motifStack_1.50.0.tar.gz'
Content type 'application/x-gzip' length 2069051 bytes (2.0 MB)
==================================================
downloaded 2.0 MB

* installing *source* package ‘JASPAR2020’ ...
** using staged installation
** R
** inst
** byte-compile and prepare package for lazy loading
** help
*** installing help indices
** building package indices
** installing vignettes
** testing if installed package can be loaded from temporary location
** testing if installed package can be loaded from final location
** testing if installed package keeps a record of temporary installation path
* creating tarball
packaged installation of ‘JASPAR2020’ as ‘JASPAR2020_0.99.10_R_x86_64-pc-linux-gnu.tar.gz’
* DONE (JASPAR2020)
* installing *source* package ‘motifStack’ ...
** package ‘motifStack’ successfully unpacked and MD5 sums checked
** using staged installation
** R
** inst
** byte-compile and prepare package for lazy loading
** help
*** installing help indices
** building package indices
** installing vignettes
** testing if installed package can be loaded from temporary location
** testing if installed package can be loaded from final location
** testing if installed package keeps a record of temporary installation path
* creating tarball
packaged installation of ‘motifStack’ as ‘motifStack_1.50.0_R_x86_64-pc-linux-gnu.tar.gz’
* DONE (motifStack)

The downloaded source packages are in
	‘/tmp/RtmpLqv0qI/downloaded_packages’
Old packages: 'bslib', 'cli', 'curl', 'evaluate', 'httr2', 'jsonlite',
  'openssl', 'pillar', 'pkgbuild', 'processx', 'ps', 'purrr', 'R6', 'Rcpp',
  'rlang', 'sessioninfo', 'systemfonts', 'testthat', 'textshaping', 'tinytex',
  'xfun', 'zip', 'class', 'foreign', 'KernSmooth', 'MASS', 'Matrix', 'nlme',
  'nnet', 'rpart', 'spatial'

real	1m55.711s
user	1m0.913s
sys	0m9.838s
