'getOption("repos")' replaces Bioconductor standard repositories, see
'help("repositories", package = "BiocManager")' for details.
Replacement repositories:
    CRAN: https://p3m.dev/cran/__linux__/noble/latest
Bioconductor version 3.20 (BiocManager 1.30.25), R 4.4.2 (2024-10-31)
Installing package(s) 'mimager'
also installing the dependencies ‘affxparser’, ‘oligo’, ‘oligoData’, ‘pd.hugene.1.0.st.v1’

trying URL 'https://bioconductor.org/packages/3.20/bioc/src/contrib/affxparser_1.78.0.tar.gz'
Content type 'application/x-gzip' length 818689 bytes (799 KB)
==================================================
downloaded 799 KB

trying URL 'https://bioconductor.org/packages/3.20/bioc/src/contrib/oligo_1.70.0.tar.gz'
Content type 'application/x-gzip' length 28426452 bytes (27.1 MB)
==================================================
downloaded 27.1 MB

trying URL 'https://bioconductor.org/packages/3.20/data/annotation/src/contrib/oligoData_1.8.0.tar.gz'
Content type 'application/x-gzip' length 420107207 bytes (400.6 MB)
==================================================
downloaded 400.6 MB

trying URL 'https://bioconductor.org/packages/3.20/data/annotation/src/contrib/pd.hugene.1.0.st.v1_3.14.1.tar.gz'
Content type 'application/x-gzip' length 82353509 bytes (78.5 MB)
==================================================
downloaded 78.5 MB

trying URL 'https://bioconductor.org/packages/3.20/bioc/src/contrib/mimager_1.30.0.tar.gz'
Content type 'application/x-gzip' length 675273 bytes (659 KB)
==================================================
downloaded 659 KB

ERROR: failed to lock directory ‘/mnt/library’ for modifying
Try removing ‘/mnt/library/00LOCK-affxparser’
ERROR: dependency ‘affxparser’ is not available for package ‘oligo’
* removing ‘/mnt/library/oligo’
ERROR: dependency ‘oligo’ is not available for package ‘oligoData’
* removing ‘/mnt/library/oligoData’
ERROR: dependency ‘oligo’ is not available for package ‘pd.hugene.1.0.st.v1’
* removing ‘/mnt/library/pd.hugene.1.0.st.v1’
ERROR: dependency ‘oligo’ is not available for package ‘mimager’
* removing ‘/mnt/library/mimager’

The downloaded source packages are in
	‘/tmp/Rtmpvo8knk/downloaded_packages’
Old packages: 'bslib', 'cli', 'curl', 'evaluate', 'httr2', 'jsonlite',
  'openssl', 'pillar', 'pkgbuild', 'processx', 'ps', 'purrr', 'R6', 'Rcpp',
  'rlang', 'sessioninfo', 'systemfonts', 'testthat', 'textshaping', 'tinytex',
  'xfun', 'zip', 'class', 'foreign', 'KernSmooth', 'MASS', 'Matrix', 'nlme',
  'nnet', 'rpart', 'spatial'
Warning messages:
1: In install.packages(...) :
  installation of package ‘affxparser’ had non-zero exit status
2: In install.packages(...) :
  installation of package ‘oligo’ had non-zero exit status
3: In install.packages(...) :
  installation of package ‘oligoData’ had non-zero exit status
4: In install.packages(...) :
  installation of package ‘pd.hugene.1.0.st.v1’ had non-zero exit status
5: In install.packages(...) :
  installation of package ‘mimager’ had non-zero exit status
Error: unexpected 'else' in "  else"
Execution halted

real	1m20.545s
user	0m35.237s
sys	0m8.237s
