'getOption("repos")' replaces Bioconductor standard repositories, see
'help("repositories", package = "BiocManager")' for details.
Replacement repositories:
    CRAN: https://p3m.dev/cran/__linux__/noble/latest
Bioconductor version 3.20 (BiocManager 1.30.25), R 4.4.2 (2024-10-31)
Installing package(s) 'iSEEpathways'
also installing the dependency ‘iSEEde’

trying URL 'https://bioconductor.org/packages/3.20/bioc/src/contrib/iSEEde_1.4.0.tar.gz'
Content type 'application/x-gzip' length 3240658 bytes (3.1 MB)
==================================================
downloaded 3.1 MB

trying URL 'https://bioconductor.org/packages/3.20/bioc/src/contrib/iSEEpathways_1.4.0.tar.gz'
Content type 'application/x-gzip' length 2243554 bytes (2.1 MB)
==================================================
downloaded 2.1 MB

* installing *source* package ‘iSEEde’ ...
** package ‘iSEEde’ successfully unpacked and MD5 sums checked
** using staged installation
** R
** inst
** byte-compile and prepare package for lazy loading
** help
*** installing help indices
** building package indices
** installing vignettes
** testing if installed package can be loaded from temporary location
** testing if installed package can be loaded from final location
** testing if installed package keeps a record of temporary installation path
* creating tarball
packaged installation of ‘iSEEde’ as ‘iSEEde_1.4.0_R_x86_64-pc-linux-gnu.tar.gz’
* DONE (iSEEde)
* installing *source* package ‘iSEEpathways’ ...
** package ‘iSEEpathways’ successfully unpacked and MD5 sums checked
** using staged installation
** R
** inst
** byte-compile and prepare package for lazy loading
** help
*** installing help indices
** building package indices
** installing vignettes
** testing if installed package can be loaded from temporary location
** testing if installed package can be loaded from final location
** testing if installed package keeps a record of temporary installation path
* creating tarball
packaged installation of ‘iSEEpathways’ as ‘iSEEpathways_1.4.0_R_x86_64-pc-linux-gnu.tar.gz’
* DONE (iSEEpathways)

The downloaded source packages are in
	‘/tmp/RtmpDnTgbc/downloaded_packages’
Old packages: 'bslib', 'cli', 'curl', 'evaluate', 'httr2', 'jsonlite',
  'openssl', 'pillar', 'pkgbuild', 'processx', 'ps', 'purrr', 'R6', 'Rcpp',
  'rlang', 'sessioninfo', 'systemfonts', 'testthat', 'textshaping', 'tinytex',
  'xfun', 'zip', 'class', 'foreign', 'KernSmooth', 'MASS', 'Matrix', 'nlme',
  'nnet', 'rpart', 'spatial'

real	1m42.645s
user	0m59.384s
sys	0m9.094s
