'getOption("repos")' replaces Bioconductor standard repositories, see
'help("repositories", package = "BiocManager")' for details.
Replacement repositories:
    CRAN: https://p3m.dev/cran/__linux__/noble/latest
Bioconductor version 3.20 (BiocManager 1.30.25), R 4.4.2 (2024-10-31)
Installing package(s) 'transmogR'
also installing the dependency ‘extraChIPs’

trying URL 'https://bioconductor.org/packages/3.20/bioc/src/contrib/extraChIPs_1.10.0.tar.gz'
Content type 'application/x-gzip' length 3913419 bytes (3.7 MB)
==================================================
downloaded 3.7 MB

trying URL 'https://bioconductor.org/packages/3.20/bioc/src/contrib/transmogR_1.2.0.tar.gz'
Content type 'application/x-gzip' length 584713 bytes (571 KB)
==================================================
downloaded 571 KB

* installing *source* package ‘extraChIPs’ ...
** package ‘extraChIPs’ successfully unpacked and MD5 sums checked
** using staged installation
** libs
using C compiler: ‘gcc (Ubuntu 13.3.0-6ubuntu2~24.04) 13.3.0’
gcc -I"/usr/local/lib/R/include" -DNDEBUG   -I/usr/local/include    -fpic  -g -O2 -fstack-protector-strong -Wformat -Wformat-security -Wdate-time -D_FORTIFY_SOURCE=2 -g  -c FMStable.c -o FMStable.o
gcc -I"/usr/local/lib/R/include" -DNDEBUG   -I/usr/local/include    -fpic  -g -O2 -fstack-protector-strong -Wformat -Wformat-security -Wdate-time -D_FORTIFY_SOURCE=2 -g  -c init.c -o init.o
gcc -shared -L/usr/local/lib/R/lib -L/usr/local/lib -o extraChIPs.so FMStable.o init.o -L/usr/local/lib/R/lib -lR
installing to /mnt/library/00LOCK-extraChIPs/00new/extraChIPs/libs
** R
** data
** inst
** byte-compile and prepare package for lazy loading
** help
*** installing help indices
*** copying figures
** building package indices
** installing vignettes
** testing if installed package can be loaded from temporary location
** checking absolute paths in shared objects and dynamic libraries
** testing if installed package can be loaded from final location
** testing if installed package keeps a record of temporary installation path
* creating tarball
packaged installation of ‘extraChIPs’ as ‘extraChIPs_1.10.0_R_x86_64-pc-linux-gnu.tar.gz’
* DONE (extraChIPs)
* installing *source* package ‘transmogR’ ...
** package ‘transmogR’ successfully unpacked and MD5 sums checked
** using staged installation
** R
** inst
** byte-compile and prepare package for lazy loading
** help
*** installing help indices
*** copying figures
** building package indices
** installing vignettes
** testing if installed package can be loaded from temporary location
** testing if installed package can be loaded from final location
** testing if installed package keeps a record of temporary installation path
* creating tarball
packaged installation of ‘transmogR’ as ‘transmogR_1.2.0_R_x86_64-pc-linux-gnu.tar.gz’
* DONE (transmogR)

The downloaded source packages are in
	‘/tmp/RtmpkK2THW/downloaded_packages’
Old packages: 'bslib', 'cli', 'curl', 'evaluate', 'httr2', 'jsonlite',
  'openssl', 'pillar', 'pkgbuild', 'processx', 'ps', 'purrr', 'R6', 'Rcpp',
  'rlang', 'sessioninfo', 'systemfonts', 'testthat', 'textshaping', 'tinytex',
  'xfun', 'zip', 'class', 'foreign', 'KernSmooth', 'MASS', 'Matrix', 'nlme',
  'nnet', 'rpart', 'spatial'

real	4m16.082s
user	1m25.553s
sys	0m13.452s
