'getOption("repos")' replaces Bioconductor standard repositories, see
'help("repositories", package = "BiocManager")' for details.
Replacement repositories:
    CRAN: https://p3m.dev/cran/__linux__/noble/latest
Bioconductor version 3.20 (BiocManager 1.30.25), R 4.4.2 (2024-10-31)
Installing package(s) 'AnnotationDbi'
also installing the dependencies ‘org.At.tair.db’, ‘TxDb.Hsapiens.UCSC.hg19.knownGene’, ‘EnsDb.Hsapiens.v75’

trying URL 'https://bioconductor.org/packages/3.20/data/annotation/src/contrib/org.At.tair.db_3.20.0.tar.gz'
Content type 'application/x-gzip' length 45204540 bytes (43.1 MB)
==================================================
downloaded 43.1 MB

trying URL 'https://bioconductor.org/packages/3.20/data/annotation/src/contrib/TxDb.Hsapiens.UCSC.hg19.knownGene_3.2.2.tar.gz'
Content type 'application/x-gzip' length 18669702 bytes (17.8 MB)
==================================================
downloaded 17.8 MB

trying URL 'https://bioconductor.org/packages/3.20/data/annotation/src/contrib/EnsDb.Hsapiens.v75_2.99.0.tar.gz'
Content type 'application/x-gzip' length 79029669 bytes (75.4 MB)
==================================================
downloaded 75.4 MB

trying URL 'https://bioconductor.org/packages/3.20/bioc/src/contrib/AnnotationDbi_1.68.0.tar.gz'
Content type 'application/x-gzip' length 4378038 bytes (4.2 MB)
==================================================
downloaded 4.2 MB

* installing *source* package ‘EnsDb.Hsapiens.v75’ ...
** using staged installation
** R
** inst
** byte-compile and prepare package for lazy loading
** help
*** installing help indices
** building package indices
** testing if installed package can be loaded from temporary location
** testing if installed package can be loaded from final location
** testing if installed package keeps a record of temporary installation path
* creating tarball
packaged installation of ‘EnsDb.Hsapiens.v75’ as ‘EnsDb.Hsapiens.v75_2.99.0_R_x86_64-pc-linux-gnu.tar.gz’
* DONE (EnsDb.Hsapiens.v75)
* installing *source* package ‘AnnotationDbi’ ...
** package ‘AnnotationDbi’ successfully unpacked and MD5 sums checked
** using staged installation
** R
** inst
** byte-compile and prepare package for lazy loading
Creating a new generic function for ‘packageName’ in package ‘AnnotationDbi’
Creating a generic function for ‘ls’ from package ‘base’ in package ‘AnnotationDbi’
Creating a generic function for ‘eapply’ from package ‘base’ in package ‘AnnotationDbi’
Creating a generic function for ‘exists’ from package ‘base’ in package ‘AnnotationDbi’
Creating a generic function for ‘sample’ from package ‘base’ in package ‘AnnotationDbi’
** help
*** installing help indices
** building package indices
** installing vignettes
** testing if installed package can be loaded from temporary location
** testing if installed package can be loaded from final location
** testing if installed package keeps a record of temporary installation path
* creating tarball
packaged installation of ‘AnnotationDbi’ as ‘AnnotationDbi_1.68.0_R_x86_64-pc-linux-gnu.tar.gz’
* DONE (AnnotationDbi)
* installing *source* package ‘org.At.tair.db’ ...
** using staged installation
** R
** inst
** byte-compile and prepare package for lazy loading
** help
*** installing help indices
** building package indices
** testing if installed package can be loaded from temporary location
** testing if installed package can be loaded from final location
** testing if installed package keeps a record of temporary installation path
* creating tarball
packaged installation of ‘org.At.tair.db’ as ‘org.At.tair.db_3.20.0_R_x86_64-pc-linux-gnu.tar.gz’
* DONE (org.At.tair.db)
* installing *source* package ‘TxDb.Hsapiens.UCSC.hg19.knownGene’ ...
** using staged installation
** R
** inst
** byte-compile and prepare package for lazy loading
Error: package or namespace load failed for ‘GenomicFeatures’ in loadNamespace(j <- i[[1L]], c(lib.loc, .libPaths()), versionCheck = vI[[j]]):
 there is no package called ‘Rsamtools’
Execution halted
ERROR: lazy loading failed for package ‘TxDb.Hsapiens.UCSC.hg19.knownGene’
* removing ‘/mnt/library/TxDb.Hsapiens.UCSC.hg19.knownGene’
* restoring previous ‘/mnt/library/TxDb.Hsapiens.UCSC.hg19.knownGene’

The downloaded source packages are in
	‘/tmp/RtmpYKlbXa/downloaded_packages’
Old packages: 'bslib', 'cli', 'curl', 'evaluate', 'httr2', 'jsonlite',
  'openssl', 'pillar', 'pkgbuild', 'processx', 'ps', 'purrr', 'R6', 'Rcpp',
  'rlang', 'sessioninfo', 'systemfonts', 'testthat', 'textshaping', 'tinytex',
  'xfun', 'zip', 'class', 'foreign', 'KernSmooth', 'MASS', 'Matrix', 'nlme',
  'nnet', 'rpart', 'spatial'
Warning message:
In install.packages(...) :
  installation of package ‘TxDb.Hsapiens.UCSC.hg19.knownGene’ had non-zero exit status

real	7m13.103s
user	4m31.961s
sys	0m14.735s
