'getOption("repos")' replaces Bioconductor standard repositories, see
'help("repositories", package = "BiocManager")' for details.
Replacement repositories:
    CRAN: https://p3m.dev/cran/__linux__/noble/latest
Bioconductor version 3.20 (BiocManager 1.30.25), R 4.4.2 (2024-10-31)
Installing package(s) 'MSstatsConvert'
also installing the dependency ‘log4r’

trying URL 'https://p3m.dev/cran/__linux__/noble/latest/src/contrib/log4r_0.4.4.tar.gz'
Content type 'binary/octet-stream' length 83071 bytes (81 KB)
==================================================
downloaded 81 KB

trying URL 'https://bioconductor.org/packages/3.20/bioc/src/contrib/MSstatsConvert_1.16.1.tar.gz'
Content type 'application/x-gzip' length 1893877 bytes (1.8 MB)
==================================================
downloaded 1.8 MB

* installing *binary* package ‘log4r’ ...
* ‘log4r’ was already a binary package and will not be rebuilt
* creating tarball
packaged installation of ‘log4r’ as ‘log4r_0.4.4_R_x86_64-pc-linux-gnu.tar.gz’
* DONE (log4r)
* installing *source* package ‘MSstatsConvert’ ...
** package ‘MSstatsConvert’ successfully unpacked and MD5 sums checked
** using staged installation
** R
** inst
** byte-compile and prepare package for lazy loading
** help
Warning: MSstatsConvert.Rd:3: docType ‘_PACKAGE’ is unrecognized
*** installing help indices
** building package indices
** installing vignettes
** testing if installed package can be loaded from temporary location
** testing if installed package can be loaded from final location
** testing if installed package keeps a record of temporary installation path
* creating tarball
packaged installation of ‘MSstatsConvert’ as ‘MSstatsConvert_1.16.1_R_x86_64-pc-linux-gnu.tar.gz’
* DONE (MSstatsConvert)

The downloaded source packages are in
	‘/tmp/RtmpPTPgtM/downloaded_packages’
Old packages: 'bslib', 'cli', 'curl', 'evaluate', 'httr2', 'jsonlite',
  'openssl', 'pillar', 'pkgbuild', 'processx', 'ps', 'purrr', 'R6', 'Rcpp',
  'rlang', 'sessioninfo', 'systemfonts', 'testthat', 'textshaping', 'tinytex',
  'xfun', 'zip', 'class', 'foreign', 'KernSmooth', 'MASS', 'Matrix', 'nlme',
  'nnet', 'rpart', 'spatial'

real	0m39.903s
user	0m6.487s
sys	0m2.014s
