'getOption("repos")' replaces Bioconductor standard repositories, see
'help("repositories", package = "BiocManager")' for details.
Replacement repositories:
    CRAN: https://p3m.dev/cran/__linux__/noble/latest
Bioconductor version 3.20 (BiocManager 1.30.25), R 4.4.2 (2024-10-31)
Installing package(s) 'Basic4Cseq'
also installing the dependency ‘RCircos’

trying URL 'https://p3m.dev/cran/__linux__/noble/latest/src/contrib/RCircos_1.2.2.tar.gz'
Content type 'binary/octet-stream' length 1581565 bytes (1.5 MB)
==================================================
downloaded 1.5 MB

trying URL 'https://bioconductor.org/packages/3.20/bioc/src/contrib/Basic4Cseq_1.42.0.tar.gz'
Content type 'application/x-gzip' length 396417 bytes (387 KB)
==================================================
downloaded 387 KB

* installing *binary* package ‘RCircos’ ...
* ‘RCircos’ was already a binary package and will not be rebuilt
* creating tarball
packaged installation of ‘RCircos’ as ‘RCircos_1.2.2_R_x86_64-pc-linux-gnu.tar.gz’
* DONE (RCircos)
* installing *source* package ‘Basic4Cseq’ ...
** package ‘Basic4Cseq’ successfully unpacked and MD5 sums checked
** using staged installation
** R
** data
** inst
** byte-compile and prepare package for lazy loading
** help
*** installing help indices
** building package indices
** installing vignettes
** testing if installed package can be loaded from temporary location
** testing if installed package can be loaded from final location
** testing if installed package keeps a record of temporary installation path
* creating tarball
packaged installation of ‘Basic4Cseq’ as ‘Basic4Cseq_1.42.0_R_x86_64-pc-linux-gnu.tar.gz’
* DONE (Basic4Cseq)

The downloaded source packages are in
	‘/tmp/Rtmpa1r9Vc/downloaded_packages’
Old packages: 'bslib', 'cli', 'curl', 'evaluate', 'httr2', 'jsonlite',
  'openssl', 'pillar', 'pkgbuild', 'processx', 'ps', 'purrr', 'R6', 'Rcpp',
  'rlang', 'sessioninfo', 'systemfonts', 'testthat', 'textshaping', 'tinytex',
  'xfun', 'zip', 'class', 'foreign', 'KernSmooth', 'MASS', 'Matrix', 'nlme',
  'nnet', 'rpart', 'spatial'

real	1m31.727s
user	0m41.972s
sys	0m7.167s
