'getOption("repos")' replaces Bioconductor standard repositories, see
'help("repositories", package = "BiocManager")' for details.
Replacement repositories:
    CRAN: https://p3m.dev/cran/__linux__/noble/latest
Bioconductor version 3.20 (BiocManager 1.30.25), R 4.4.2 (2024-10-31)
Installing package(s) 'cleanUpdTSeq'
also installing the dependency ‘BSgenome.Drerio.UCSC.danRer7’

trying URL 'https://bioconductor.org/packages/3.20/data/annotation/src/contrib/BSgenome.Drerio.UCSC.danRer7_1.4.0.tar.gz'
Content type 'application/x-gzip' length 330303588 bytes (315.0 MB)
==================================================
downloaded 315.0 MB

trying URL 'https://bioconductor.org/packages/3.20/bioc/src/contrib/cleanUpdTSeq_1.44.0.tar.gz'
Content type 'application/x-gzip' length 4203967 bytes (4.0 MB)
==================================================
downloaded 4.0 MB

* installing *source* package ‘BSgenome.Drerio.UCSC.danRer7’ ...
** using staged installation
** R
** inst
** byte-compile and prepare package for lazy loading
** help
*** installing help indices
** building package indices
** testing if installed package can be loaded from temporary location
** testing if installed package can be loaded from final location
** testing if installed package keeps a record of temporary installation path
* creating tarball
packaged installation of ‘BSgenome.Drerio.UCSC.danRer7’ as ‘BSgenome.Drerio.UCSC.danRer7_1.4.0_R_x86_64-pc-linux-gnu.tar.gz’
* DONE (BSgenome.Drerio.UCSC.danRer7)
* installing *source* package ‘cleanUpdTSeq’ ...
** package ‘cleanUpdTSeq’ successfully unpacked and MD5 sums checked
** using staged installation
** R
** data
*** moving datasets to lazyload DB
** inst
** byte-compile and prepare package for lazy loading
** help
*** installing help indices
** building package indices
** installing vignettes
** testing if installed package can be loaded from temporary location
** testing if installed package can be loaded from final location
** testing if installed package keeps a record of temporary installation path
* creating tarball
packaged installation of ‘cleanUpdTSeq’ as ‘cleanUpdTSeq_1.44.0_R_x86_64-pc-linux-gnu.tar.gz’
* DONE (cleanUpdTSeq)

The downloaded source packages are in
	‘/tmp/RtmpoRSYxQ/downloaded_packages’
Old packages: 'bslib', 'cli', 'curl', 'evaluate', 'httr2', 'jsonlite',
  'openssl', 'pillar', 'pkgbuild', 'processx', 'ps', 'purrr', 'R6', 'Rcpp',
  'rlang', 'sessioninfo', 'systemfonts', 'testthat', 'textshaping', 'tinytex',
  'xfun', 'zip', 'class', 'foreign', 'KernSmooth', 'MASS', 'Matrix', 'nlme',
  'nnet', 'rpart', 'spatial'

real	3m15.333s
user	1m43.907s
sys	0m14.359s
