'getOption("repos")' replaces Bioconductor standard repositories, see
'help("repositories", package = "BiocManager")' for details.
Replacement repositories:
    CRAN: https://p3m.dev/cran/__linux__/noble/latest
Bioconductor version 3.20 (BiocManager 1.30.25), R 4.4.2 (2024-10-31)
Installing package(s) 'chromVAR'
also installing the dependencies ‘nabor’, ‘motifmatchr’

trying URL 'https://p3m.dev/cran/__linux__/noble/latest/src/contrib/nabor_0.5.0.tar.gz'
Content type 'binary/octet-stream' length 178388 bytes (174 KB)
==================================================
downloaded 174 KB

trying URL 'https://bioconductor.org/packages/3.20/bioc/src/contrib/motifmatchr_1.28.0.tar.gz'
Content type 'application/x-gzip' length 55000 bytes (53 KB)
==================================================
downloaded 53 KB

trying URL 'https://bioconductor.org/packages/3.20/bioc/src/contrib/chromVAR_1.28.0.tar.gz'
Content type 'application/x-gzip' length 498387 bytes (486 KB)
==================================================
downloaded 486 KB

* installing *binary* package ‘nabor’ ...
* ‘nabor’ was already a binary package and will not be rebuilt
* creating tarball
packaged installation of ‘nabor’ as ‘nabor_0.5.0_R_x86_64-pc-linux-gnu.tar.gz’
* DONE (nabor)
* installing *source* package ‘motifmatchr’ ...
** package ‘motifmatchr’ successfully unpacked and MD5 sums checked
** using staged installation
** libs
using C++ compiler: ‘g++ (Ubuntu 13.3.0-6ubuntu2~24.04) 13.3.0’
using C++11
g++ -std=gnu++11 -I"/usr/local/lib/R/include" -DNDEBUG -I. -I./MOODS/ -I'/usr/local/lib/R/site-library/Rcpp/include' -I'/mnt/library/RcppArmadillo/include' -I/usr/local/include    -fpic  -g -O2 -fstack-protector-strong -Wformat -Wformat-security -Wdate-time -D_FORTIFY_SOURCE=2 -g  -DR_NO_REMAP -c RcppExports.cpp -o RcppExports.o
g++ -std=gnu++11 -I"/usr/local/lib/R/include" -DNDEBUG -I. -I./MOODS/ -I'/usr/local/lib/R/site-library/Rcpp/include' -I'/mnt/library/RcppArmadillo/include' -I/usr/local/include    -fpic  -g -O2 -fstack-protector-strong -Wformat -Wformat-security -Wdate-time -D_FORTIFY_SOURCE=2 -g  -DR_NO_REMAP -c r_interface.cpp -o r_interface.o
g++ -std=gnu++11 -I"/usr/local/lib/R/include" -DNDEBUG -I. -I./MOODS/ -I'/usr/local/lib/R/site-library/Rcpp/include' -I'/mnt/library/RcppArmadillo/include' -I/usr/local/include    -fpic  -g -O2 -fstack-protector-strong -Wformat -Wformat-security -Wdate-time -D_FORTIFY_SOURCE=2 -g  -DR_NO_REMAP -c MOODS/scanner.cpp -o MOODS/scanner.o
g++ -std=gnu++11 -I"/usr/local/lib/R/include" -DNDEBUG -I. -I./MOODS/ -I'/usr/local/lib/R/site-library/Rcpp/include' -I'/mnt/library/RcppArmadillo/include' -I/usr/local/include    -fpic  -g -O2 -fstack-protector-strong -Wformat -Wformat-security -Wdate-time -D_FORTIFY_SOURCE=2 -g  -DR_NO_REMAP -c MOODS/motif_h.cpp -o MOODS/motif_h.o
g++ -std=gnu++11 -I"/usr/local/lib/R/include" -DNDEBUG -I. -I./MOODS/ -I'/usr/local/lib/R/site-library/Rcpp/include' -I'/mnt/library/RcppArmadillo/include' -I/usr/local/include    -fpic  -g -O2 -fstack-protector-strong -Wformat -Wformat-security -Wdate-time -D_FORTIFY_SOURCE=2 -g  -DR_NO_REMAP -c MOODS/motif_0.cpp -o MOODS/motif_0.o
g++ -std=gnu++11 -I"/usr/local/lib/R/include" -DNDEBUG -I. -I./MOODS/ -I'/usr/local/lib/R/site-library/Rcpp/include' -I'/mnt/library/RcppArmadillo/include' -I/usr/local/include    -fpic  -g -O2 -fstack-protector-strong -Wformat -Wformat-security -Wdate-time -D_FORTIFY_SOURCE=2 -g  -DR_NO_REMAP -c MOODS/moods_tools.cpp -o MOODS/moods_tools.o
g++ -std=gnu++11 -I"/usr/local/lib/R/include" -DNDEBUG -I. -I./MOODS/ -I'/usr/local/lib/R/site-library/Rcpp/include' -I'/mnt/library/RcppArmadillo/include' -I/usr/local/include    -fpic  -g -O2 -fstack-protector-strong -Wformat -Wformat-security -Wdate-time -D_FORTIFY_SOURCE=2 -g  -DR_NO_REMAP -c MOODS/moods_scan.cpp -o MOODS/moods_scan.o
g++ -std=gnu++11 -I"/usr/local/lib/R/include" -DNDEBUG -I. -I./MOODS/ -I'/usr/local/lib/R/site-library/Rcpp/include' -I'/mnt/library/RcppArmadillo/include' -I/usr/local/include    -fpic  -g -O2 -fstack-protector-strong -Wformat -Wformat-security -Wdate-time -D_FORTIFY_SOURCE=2 -g  -DR_NO_REMAP -c MOODS/moods_parsers.cpp -o MOODS/moods_parsers.o
g++ -std=gnu++11 -I"/usr/local/lib/R/include" -DNDEBUG -I. -I./MOODS/ -I'/usr/local/lib/R/site-library/Rcpp/include' -I'/mnt/library/RcppArmadillo/include' -I/usr/local/include    -fpic  -g -O2 -fstack-protector-strong -Wformat -Wformat-security -Wdate-time -D_FORTIFY_SOURCE=2 -g  -DR_NO_REMAP -c MOODS/moods_misc.cpp -o MOODS/moods_misc.o
g++ -std=gnu++11 -I"/usr/local/lib/R/include" -DNDEBUG -I. -I./MOODS/ -I'/usr/local/lib/R/site-library/Rcpp/include' -I'/mnt/library/RcppArmadillo/include' -I/usr/local/include    -fpic  -g -O2 -fstack-protector-strong -Wformat -Wformat-security -Wdate-time -D_FORTIFY_SOURCE=2 -g  -DR_NO_REMAP -c MOODS/match_types.cpp -o MOODS/match_types.o
g++ -std=gnu++11 -shared -L/usr/local/lib/R/lib -L/usr/local/lib -o motifmatchr.so ./RcppExports.o ./r_interface.o ./MOODS/scanner.o ./MOODS/motif_h.o ./MOODS/motif_0.o ./MOODS/moods_tools.o ./MOODS/moods_scan.o ./MOODS/moods_parsers.o ./MOODS/moods_misc.o ./MOODS/match_types.o -L/usr/local/lib/R/lib -lR
installing to /mnt/library/00LOCK-motifmatchr/00new/motifmatchr/libs
** R
** data
** inst
** byte-compile and prepare package for lazy loading
** help
*** installing help indices
** building package indices
** installing vignettes
** testing if installed package can be loaded from temporary location
** checking absolute paths in shared objects and dynamic libraries
** testing if installed package can be loaded from final location
** testing if installed package keeps a record of temporary installation path
* creating tarball
packaged installation of ‘motifmatchr’ as ‘motifmatchr_1.28.0_R_x86_64-pc-linux-gnu.tar.gz’
* DONE (motifmatchr)
* installing *source* package ‘chromVAR’ ...
** package ‘chromVAR’ successfully unpacked and MD5 sums checked
** using staged installation
** libs
using C++ compiler: ‘g++ (Ubuntu 13.3.0-6ubuntu2~24.04) 13.3.0’
using C++11
g++ -std=gnu++11 -I"/usr/local/lib/R/include" -DNDEBUG  -I'/usr/local/lib/R/site-library/Rcpp/include' -I'/mnt/library/RcppArmadillo/include' -I/usr/local/include    -fpic  -g -O2 -fstack-protector-strong -Wformat -Wformat-security -Wdate-time -D_FORTIFY_SOURCE=2 -g  -DR_NO_REMAP -c RcppExports.cpp -o RcppExports.o
g++ -std=gnu++11 -I"/usr/local/lib/R/include" -DNDEBUG  -I'/usr/local/lib/R/site-library/Rcpp/include' -I'/mnt/library/RcppArmadillo/include' -I/usr/local/include    -fpic  -g -O2 -fstack-protector-strong -Wformat -Wformat-security -Wdate-time -D_FORTIFY_SOURCE=2 -g  -DR_NO_REMAP -c pwm_similarity.cpp -o pwm_similarity.o
g++ -std=gnu++11 -I"/usr/local/lib/R/include" -DNDEBUG  -I'/usr/local/lib/R/site-library/Rcpp/include' -I'/mnt/library/RcppArmadillo/include' -I/usr/local/include    -fpic  -g -O2 -fstack-protector-strong -Wformat -Wformat-security -Wdate-time -D_FORTIFY_SOURCE=2 -g  -DR_NO_REMAP -c utils.cpp -o utils.o
g++ -std=gnu++11 -shared -L/usr/local/lib/R/lib -L/usr/local/lib -o chromVAR.so RcppExports.o pwm_similarity.o utils.o -llapack -lblas -lgfortran -lm -lquadmath -L/usr/local/lib/R/lib -lR
installing to /mnt/library/00LOCK-chromVAR/00new/chromVAR/libs
** R
** data
*** moving datasets to lazyload DB
** inst
** byte-compile and prepare package for lazy loading
** help
*** installing help indices
** building package indices
** installing vignettes
** testing if installed package can be loaded from temporary location
** checking absolute paths in shared objects and dynamic libraries
** testing if installed package can be loaded from final location
** testing if installed package keeps a record of temporary installation path
* creating tarball
packaged installation of ‘chromVAR’ as ‘chromVAR_1.28.0_R_x86_64-pc-linux-gnu.tar.gz’
* DONE (chromVAR)

The downloaded source packages are in
	‘/tmp/RtmpnEqc0J/downloaded_packages’
Old packages: 'bslib', 'cli', 'curl', 'evaluate', 'httr2', 'jsonlite',
  'openssl', 'pillar', 'pkgbuild', 'processx', 'ps', 'purrr', 'R6', 'Rcpp',
  'rlang', 'sessioninfo', 'systemfonts', 'testthat', 'textshaping', 'tinytex',
  'xfun', 'zip', 'class', 'foreign', 'KernSmooth', 'MASS', 'Matrix', 'nlme',
  'nnet', 'rpart', 'spatial'

real	3m24.323s
user	2m6.282s
sys	0m17.831s
