'getOption("repos")' replaces Bioconductor standard repositories, see
'help("repositories", package = "BiocManager")' for details.
Replacement repositories:
    CRAN: https://p3m.dev/cran/__linux__/noble/latest
Bioconductor version 3.20 (BiocManager 1.30.25), R 4.4.2 (2024-10-31)
Installing package(s) 'cancerclass'
also installing the dependencies ‘binom’, ‘cancerdata’

trying URL 'https://p3m.dev/cran/__linux__/noble/latest/src/contrib/binom_1.1-1.1.tar.gz'
Content type 'binary/octet-stream' length 382970 bytes (373 KB)
==================================================
downloaded 373 KB

trying URL 'https://bioconductor.org/packages/3.20/data/experiment/src/contrib/cancerdata_1.44.0.tar.gz'
Content type 'application/x-gzip' length 27989249 bytes (26.7 MB)
==================================================
downloaded 26.7 MB

trying URL 'https://bioconductor.org/packages/3.20/bioc/src/contrib/cancerclass_1.50.0.tar.gz'
Content type 'application/x-gzip' length 1600289 bytes (1.5 MB)
==================================================
downloaded 1.5 MB

* installing *binary* package ‘binom’ ...
* ‘binom’ was already a binary package and will not be rebuilt
* creating tarball
packaged installation of ‘binom’ as ‘binom_1.1-1.1_R_x86_64-pc-linux-gnu.tar.gz’
* DONE (binom)
* installing *source* package ‘cancerdata’ ...
** using staged installation
** R
** data
** byte-compile and prepare package for lazy loading
** help
*** installing help indices
** building package indices
** testing if installed package can be loaded from temporary location
** testing if installed package can be loaded from final location
** testing if installed package keeps a record of temporary installation path
* creating tarball
packaged installation of ‘cancerdata’ as ‘cancerdata_1.44.0_R_x86_64-pc-linux-gnu.tar.gz’
* DONE (cancerdata)
* installing *source* package ‘cancerclass’ ...
** package ‘cancerclass’ successfully unpacked and MD5 sums checked
** using staged installation
** libs
using C compiler: ‘gcc (Ubuntu 13.3.0-6ubuntu2~24.04) 13.3.0’
gcc -I"/usr/local/lib/R/include" -DNDEBUG   -I/usr/local/include    -fpic  -g -O2 -fstack-protector-strong -Wformat -Wformat-security -Wdate-time -D_FORTIFY_SOURCE=2 -g  -c copa.c -o copa.o
gcc -I"/usr/local/lib/R/include" -DNDEBUG   -I/usr/local/include    -fpic  -g -O2 -fstack-protector-strong -Wformat -Wformat-security -Wdate-time -D_FORTIFY_SOURCE=2 -g  -c cor.c -o cor.o
gcc -I"/usr/local/lib/R/include" -DNDEBUG   -I/usr/local/include    -fpic  -g -O2 -fstack-protector-strong -Wformat -Wformat-security -Wdate-time -D_FORTIFY_SOURCE=2 -g  -c fc.c -o fc.o
gcc -I"/usr/local/lib/R/include" -DNDEBUG   -I/usr/local/include    -fpic  -g -O2 -fstack-protector-strong -Wformat -Wformat-security -Wdate-time -D_FORTIFY_SOURCE=2 -g  -c help.c -o help.o
gcc -I"/usr/local/lib/R/include" -DNDEBUG   -I/usr/local/include    -fpic  -g -O2 -fstack-protector-strong -Wformat -Wformat-security -Wdate-time -D_FORTIFY_SOURCE=2 -g  -c ort.c -o ort.o
gcc -I"/usr/local/lib/R/include" -DNDEBUG   -I/usr/local/include    -fpic  -g -O2 -fstack-protector-strong -Wformat -Wformat-security -Wdate-time -D_FORTIFY_SOURCE=2 -g  -c os.c -o os.o
gcc -I"/usr/local/lib/R/include" -DNDEBUG   -I/usr/local/include    -fpic  -g -O2 -fstack-protector-strong -Wformat -Wformat-security -Wdate-time -D_FORTIFY_SOURCE=2 -g  -c shift.c -o shift.o
gcc -I"/usr/local/lib/R/include" -DNDEBUG   -I/usr/local/include    -fpic  -g -O2 -fstack-protector-strong -Wformat -Wformat-security -Wdate-time -D_FORTIFY_SOURCE=2 -g  -c statistics.c -o statistics.o
gcc -I"/usr/local/lib/R/include" -DNDEBUG   -I/usr/local/include    -fpic  -g -O2 -fstack-protector-strong -Wformat -Wformat-security -Wdate-time -D_FORTIFY_SOURCE=2 -g  -c student.c -o student.o
gcc -I"/usr/local/lib/R/include" -DNDEBUG   -I/usr/local/include    -fpic  -g -O2 -fstack-protector-strong -Wformat -Wformat-security -Wdate-time -D_FORTIFY_SOURCE=2 -g  -c throw.c -o throw.o
gcc -I"/usr/local/lib/R/include" -DNDEBUG   -I/usr/local/include    -fpic  -g -O2 -fstack-protector-strong -Wformat -Wformat-security -Wdate-time -D_FORTIFY_SOURCE=2 -g  -c welch.c -o welch.o
gcc -I"/usr/local/lib/R/include" -DNDEBUG   -I/usr/local/include    -fpic  -g -O2 -fstack-protector-strong -Wformat -Wformat-security -Wdate-time -D_FORTIFY_SOURCE=2 -g  -c wilcox.c -o wilcox.o
gcc -shared -L/usr/local/lib/R/lib -L/usr/local/lib -o cancerclass.so copa.o cor.o fc.o help.o ort.o os.o shift.o statistics.o student.o throw.o welch.o wilcox.o -L/usr/local/lib/R/lib -lR
installing to /mnt/library/00LOCK-cancerclass/00new/cancerclass/libs
** R
** data
** inst
** byte-compile and prepare package for lazy loading
** help
*** installing help indices
** building package indices
** installing vignettes
** testing if installed package can be loaded from temporary location
** checking absolute paths in shared objects and dynamic libraries
** testing if installed package can be loaded from final location
** testing if installed package keeps a record of temporary installation path
* creating tarball
packaged installation of ‘cancerclass’ as ‘cancerclass_1.50.0_R_x86_64-pc-linux-gnu.tar.gz’
* DONE (cancerclass)

The downloaded source packages are in
	‘/tmp/RtmpL1vaRX/downloaded_packages’
Old packages: 'bslib', 'cli', 'curl', 'evaluate', 'httr2', 'jsonlite',
  'openssl', 'pillar', 'pkgbuild', 'processx', 'ps', 'purrr', 'R6', 'Rcpp',
  'rlang', 'sessioninfo', 'systemfonts', 'testthat', 'textshaping', 'tinytex',
  'xfun', 'zip', 'class', 'foreign', 'KernSmooth', 'MASS', 'Matrix', 'nlme',
  'nnet', 'rpart', 'spatial'

real	0m47.617s
user	0m12.410s
sys	0m4.115s
