'getOption("repos")' replaces Bioconductor standard repositories, see
'help("repositories", package = "BiocManager")' for details.
Replacement repositories:
    CRAN: https://p3m.dev/cran/__linux__/noble/latest
Bioconductor version 3.20 (BiocManager 1.30.25), R 4.4.2 (2024-10-31)
Installing package(s) 'BaseSpaceR'
also installing the dependencies ‘httr’, ‘lambda.r’, ‘UCSC.utils’, ‘GenomeInfoDbData’, ‘futile.logger’, ‘snow’, ‘BH’, ‘bitops’, ‘BiocGenerics’, ‘S4Vectors’, ‘GenomeInfoDb’, ‘GenomicRanges’, ‘Biostrings’, ‘XVector’, ‘zlibbioc’, ‘BiocParallel’, ‘Rhtslib’, ‘RCurl’, ‘RJSONIO’, ‘IRanges’, ‘Rsamtools’

trying URL 'https://p3m.dev/cran/__linux__/noble/latest/src/contrib/httr_1.4.7.tar.gz'
Content type 'binary/octet-stream' length 484006 bytes (472 KB)
==================================================
downloaded 472 KB

trying URL 'https://p3m.dev/cran/__linux__/noble/latest/src/contrib/lambda.r_1.2.4.tar.gz'
Content type 'binary/octet-stream' length 110485 bytes (107 KB)
==================================================
downloaded 107 KB

trying URL 'https://bioconductor.org/packages/3.20/bioc/src/contrib/UCSC.utils_1.2.0.tar.gz'
Content type 'application/x-gzip' length 236888 bytes (231 KB)
==================================================
downloaded 231 KB

trying URL 'https://bioconductor.org/packages/3.20/data/annotation/src/contrib/GenomeInfoDbData_1.2.13.tar.gz'
Content type 'application/x-gzip' length 12924272 bytes (12.3 MB)
==================================================
downloaded 12.3 MB

trying URL 'https://p3m.dev/cran/__linux__/noble/latest/src/contrib/futile.logger_1.4.3.tar.gz'
Content type 'binary/octet-stream' length 97342 bytes (95 KB)
==================================================
downloaded 95 KB

trying URL 'https://p3m.dev/cran/__linux__/noble/latest/src/contrib/snow_0.4-4.tar.gz'
Content type 'binary/octet-stream' length 96930 bytes (94 KB)
==================================================
downloaded 94 KB

trying URL 'https://p3m.dev/cran/__linux__/noble/latest/src/contrib/BH_1.87.0-1.tar.gz'
Content type 'binary/octet-stream' length 13349384 bytes (12.7 MB)
==================================================
downloaded 12.7 MB

trying URL 'https://p3m.dev/cran/__linux__/noble/latest/src/contrib/bitops_1.0-9.tar.gz'
Content type 'binary/octet-stream' length 25879 bytes (25 KB)
==================================================
downloaded 25 KB

trying URL 'https://bioconductor.org/packages/3.20/bioc/src/contrib/BiocGenerics_0.52.0.tar.gz'
Content type 'application/x-gzip' length 57066 bytes (55 KB)
==================================================
downloaded 55 KB

trying URL 'https://bioconductor.org/packages/3.20/bioc/src/contrib/S4Vectors_0.44.0.tar.gz'
Content type 'application/x-gzip' length 1076666 bytes (1.0 MB)
==================================================
downloaded 1.0 MB

trying URL 'https://bioconductor.org/packages/3.20/bioc/src/contrib/GenomeInfoDb_1.42.3.tar.gz'
Content type 'application/x-gzip' length 3592070 bytes (3.4 MB)
==================================================
downloaded 3.4 MB

trying URL 'https://bioconductor.org/packages/3.20/bioc/src/contrib/GenomicRanges_1.58.0.tar.gz'
Content type 'application/x-gzip' length 1374658 bytes (1.3 MB)
==================================================
downloaded 1.3 MB

trying URL 'https://bioconductor.org/packages/3.20/bioc/src/contrib/Biostrings_2.74.1.tar.gz'
Content type 'application/x-gzip' length 12823307 bytes (12.2 MB)
==================================================
downloaded 12.2 MB

trying URL 'https://bioconductor.org/packages/3.20/bioc/src/contrib/XVector_0.46.0.tar.gz'
Content type 'application/x-gzip' length 70185 bytes (68 KB)
==================================================
downloaded 68 KB

trying URL 'https://bioconductor.org/packages/3.20/bioc/src/contrib/zlibbioc_1.52.0.tar.gz'
Content type 'application/x-gzip' length 384828 bytes (375 KB)
==================================================
downloaded 375 KB

trying URL 'https://bioconductor.org/packages/3.20/bioc/src/contrib/BiocParallel_1.40.0.tar.gz'
Content type 'application/x-gzip' length 1000414 bytes (976 KB)
==================================================
downloaded 976 KB

trying URL 'https://bioconductor.org/packages/3.20/bioc/src/contrib/Rhtslib_3.2.0.tar.gz'
Content type 'application/x-gzip' length 5174604 bytes (4.9 MB)
==================================================
downloaded 4.9 MB

trying URL 'https://p3m.dev/cran/__linux__/noble/latest/src/contrib/RCurl_1.98-1.16.tar.gz'
Content type 'binary/octet-stream' length 1078371 bytes (1.0 MB)
==================================================
downloaded 1.0 MB

trying URL 'https://p3m.dev/cran/__linux__/noble/latest/src/contrib/RJSONIO_1.3-1.9.tar.gz'
Content type 'binary/octet-stream' length 1043888 bytes (1019 KB)
==================================================
downloaded 1019 KB

trying URL 'https://bioconductor.org/packages/3.20/bioc/src/contrib/IRanges_2.40.1.tar.gz'
Content type 'application/x-gzip' length 486989 bytes (475 KB)
==================================================
downloaded 475 KB

trying URL 'https://bioconductor.org/packages/3.20/bioc/src/contrib/Rsamtools_2.22.0.tar.gz'
Content type 'application/x-gzip' length 2925866 bytes (2.8 MB)
==================================================
downloaded 2.8 MB

trying URL 'https://bioconductor.org/packages/3.20/bioc/src/contrib/BaseSpaceR_1.50.0.tar.gz'
Content type 'application/x-gzip' length 596582 bytes (582 KB)
==================================================
downloaded 582 KB

ERROR: failed to lock directory ‘/mnt/library’ for modifying
Try removing ‘/mnt/library/00LOCK-httr’
* installing *binary* package ‘lambda.r’ ...
* ‘lambda.r’ was already a binary package and will not be rebuilt
* creating tarball
packaged installation of ‘lambda.r’ as ‘lambda.r_1.2.4_R_x86_64-pc-linux-gnu.tar.gz’
* DONE (lambda.r)
* installing *source* package ‘GenomeInfoDbData’ ...
** using staged installation
** data
** inst
** help
*** installing help indices
** building package indices
** testing if installed package can be loaded from temporary location
** testing if installed package can be loaded from final location
** testing if installed package keeps a record of temporary installation path
* creating tarball
packaged installation of ‘GenomeInfoDbData’ as ‘GenomeInfoDbData_1.2.13_R_x86_64-pc-linux-gnu.tar.gz’
* DONE (GenomeInfoDbData)
* installing *binary* package ‘snow’ ...
* ‘snow’ was already a binary package and will not be rebuilt
* creating tarball
packaged installation of ‘snow’ as ‘snow_0.4-4_R_x86_64-pc-linux-gnu.tar.gz’
* DONE (snow)
* installing *binary* package ‘BH’ ...
* ‘BH’ was already a binary package and will not be rebuilt
* creating tarball
packaged installation of ‘BH’ as ‘BH_1.87.0-1_R_x86_64-pc-linux-gnu.tar.gz’
* DONE (BH)
* installing *binary* package ‘bitops’ ...
* ‘bitops’ was already a binary package and will not be rebuilt
* creating tarball
packaged installation of ‘bitops’ as ‘bitops_1.0-9_R_x86_64-pc-linux-gnu.tar.gz’
* DONE (bitops)
* installing *source* package ‘BiocGenerics’ ...
** package ‘BiocGenerics’ successfully unpacked and MD5 sums checked
** using staged installation
** R
** inst
** byte-compile and prepare package for lazy loading
Creating a new generic function for ‘aperm’ in package ‘BiocGenerics’
Creating a new generic function for ‘append’ in package ‘BiocGenerics’
Creating a new generic function for ‘as.data.frame’ in package ‘BiocGenerics’
Creating a new generic function for ‘cbind’ in package ‘BiocGenerics’
Creating a new generic function for ‘rbind’ in package ‘BiocGenerics’
Creating a new generic function for ‘do.call’ in package ‘BiocGenerics’
Creating a new generic function for ‘duplicated’ in package ‘BiocGenerics’
Creating a new generic function for ‘anyDuplicated’ in package ‘BiocGenerics’
Creating a new generic function for ‘eval’ in package ‘BiocGenerics’
Creating a new generic function for ‘pmax’ in package ‘BiocGenerics’
Creating a new generic function for ‘pmin’ in package ‘BiocGenerics’
Creating a new generic function for ‘pmax.int’ in package ‘BiocGenerics’
Creating a new generic function for ‘pmin.int’ in package ‘BiocGenerics’
Creating a new generic function for ‘Reduce’ in package ‘BiocGenerics’
Creating a new generic function for ‘Filter’ in package ‘BiocGenerics’
Creating a new generic function for ‘Find’ in package ‘BiocGenerics’
Creating a new generic function for ‘Map’ in package ‘BiocGenerics’
Creating a new generic function for ‘Position’ in package ‘BiocGenerics’
Creating a new generic function for ‘get’ in package ‘BiocGenerics’
Creating a new generic function for ‘mget’ in package ‘BiocGenerics’
Creating a new generic function for ‘grep’ in package ‘BiocGenerics’
Creating a new generic function for ‘grepl’ in package ‘BiocGenerics’
Creating a new generic function for ‘is.unsorted’ in package ‘BiocGenerics’
Creating a new generic function for ‘lapply’ in package ‘BiocGenerics’
Creating a new generic function for ‘sapply’ in package ‘BiocGenerics’
Creating a new generic function for ‘mapply’ in package ‘BiocGenerics’
Creating a new generic function for ‘match’ in package ‘BiocGenerics’
Creating a new generic function for ‘order’ in package ‘BiocGenerics’
Creating a new generic function for ‘paste’ in package ‘BiocGenerics’
Creating a new generic function for ‘rank’ in package ‘BiocGenerics’
Creating a new generic function for ‘rownames’ in package ‘BiocGenerics’
Creating a new generic function for ‘colnames’ in package ‘BiocGenerics’
Creating a new generic function for ‘saveRDS’ in package ‘BiocGenerics’
Creating a new generic function for ‘union’ in package ‘BiocGenerics’
Creating a new generic function for ‘intersect’ in package ‘BiocGenerics’
Creating a new generic function for ‘setdiff’ in package ‘BiocGenerics’
Creating a new generic function for ‘table’ in package ‘BiocGenerics’
Creating a new generic function for ‘tapply’ in package ‘BiocGenerics’
Creating a new generic function for ‘unique’ in package ‘BiocGenerics’
Creating a new generic function for ‘unsplit’ in package ‘BiocGenerics’
Creating a new generic function for ‘var’ in package ‘BiocGenerics’
Creating a new generic function for ‘sd’ in package ‘BiocGenerics’
Creating a new generic function for ‘which.min’ in package ‘BiocGenerics’
Creating a new generic function for ‘which.max’ in package ‘BiocGenerics’
Creating a new generic function for ‘IQR’ in package ‘BiocGenerics’
Creating a new generic function for ‘mad’ in package ‘BiocGenerics’
Creating a new generic function for ‘xtabs’ in package ‘BiocGenerics’
Creating a new generic function for ‘basename’ in package ‘BiocGenerics’
Creating a new generic function for ‘dirname’ in package ‘BiocGenerics’
** help
*** installing help indices
** building package indices
** testing if installed package can be loaded from temporary location
** testing if installed package can be loaded from final location
** testing if installed package keeps a record of temporary installation path
* creating tarball
packaged installation of ‘BiocGenerics’ as ‘BiocGenerics_0.52.0_R_x86_64-pc-linux-gnu.tar.gz’
* DONE (BiocGenerics)
* installing *source* package ‘zlibbioc’ ...
** package ‘zlibbioc’ successfully unpacked and MD5 sums checked
** using staged installation
configure: creating ./config.status
config.status: creating src/Makevars
** libs
using C compiler: ‘gcc (Ubuntu 13.3.0-6ubuntu2~24.04) 13.3.0’
mkdir -p "/mnt/library/00LOCK-zlibbioc/00new/zlibbioc/include"
gcc -I"/usr/local/lib/R/include" -DNDEBUG   -I/usr/local/include    -fpic  -g -O2 -fstack-protector-strong -Wformat -Wformat-security -Wdate-time -D_FORTIFY_SOURCE=2 -g  -c R_init_zlibbioc.c -o R_init_zlibbioc.o
gcc -shared -L/usr/local/lib/R/lib -L/usr/local/lib -o zlibbioc.so R_init_zlibbioc.o -L/usr/local/lib/R/lib -lR
installing to /mnt/library/00LOCK-zlibbioc/00new/zlibbioc/libs
** R
** inst
** byte-compile and prepare package for lazy loading
** help
*** installing help indices
** building package indices
** installing vignettes
** testing if installed package can be loaded from temporary location
Warning in fun(libname, pkgname) :
  Package 'zlibbioc' is deprecated and will be removed from Bioconductor
  version 3.22
** checking absolute paths in shared objects and dynamic libraries
** testing if installed package can be loaded from final location
Warning in fun(libname, pkgname) :
  Package 'zlibbioc' is deprecated and will be removed from Bioconductor
  version 3.22
** testing if installed package keeps a record of temporary installation path
* creating tarball
packaged installation of ‘zlibbioc’ as ‘zlibbioc_1.52.0_R_x86_64-pc-linux-gnu.tar.gz’
* DONE (zlibbioc)
* installing *binary* package ‘RJSONIO’ ...
* ‘RJSONIO’ was already a binary package and will not be rebuilt
* creating tarball
packaged installation of ‘RJSONIO’ as ‘RJSONIO_1.3-1.9_R_x86_64-pc-linux-gnu.tar.gz’
* DONE (RJSONIO)
* installing *binary* package ‘futile.logger’ ...
* ‘futile.logger’ was already a binary package and will not be rebuilt
* creating tarball
packaged installation of ‘futile.logger’ as ‘futile.logger_1.4.3_R_x86_64-pc-linux-gnu.tar.gz’
* DONE (futile.logger)
ERROR: failed to lock directory ‘/mnt/library’ for modifying
Try removing ‘/mnt/library/00LOCK-S4Vectors’
ERROR: failed to lock directory ‘/mnt/library’ for modifying
Try removing ‘/mnt/library/00LOCK-Rhtslib’
* installing *binary* package ‘RCurl’ ...
* ‘RCurl’ was already a binary package and will not be rebuilt
* creating tarball
packaged installation of ‘RCurl’ as ‘RCurl_1.98-1.16_R_x86_64-pc-linux-gnu.tar.gz’
* DONE (RCurl)
ERROR: dependency ‘S4Vectors’ is not available for package ‘UCSC.utils’
* removing ‘/mnt/library/UCSC.utils’
* installing *source* package ‘BiocParallel’ ...
** package ‘BiocParallel’ successfully unpacked and MD5 sums checked
** using staged installation
checking whether the C++ compiler works... yes
checking for C++ compiler default output file name... a.out
checking for suffix of executables... 
checking whether we are cross compiling... no
checking for suffix of object files... o
checking whether the compiler supports GNU C++... yes
checking whether g++ -std=gnu++17 accepts -g... yes
checking for g++ -std=gnu++17 option to enable C++11 features... none needed
checking for library containing shm_open... none required
checking for stdio.h... yes
checking for stdlib.h... yes
checking for string.h... yes
checking for inttypes.h... yes
checking for stdint.h... yes
checking for strings.h... yes
checking for sys/stat.h... yes
checking for sys/types.h... yes
checking for unistd.h... yes
checking for sys/mman.h... yes
configure: creating ./config.status
config.status: creating src/Makevars
** libs
using C++ compiler: ‘g++ (Ubuntu 13.3.0-6ubuntu2~24.04) 13.3.0’
using C++11
g++ -std=gnu++11 -I"/usr/local/lib/R/include" -DNDEBUG  -I'/mnt/library/BH/include' -I'/usr/local/lib/R/site-library/cpp11/include' -I/usr/local/include    -fpic  -g -O2 -fstack-protector-strong -Wformat -Wformat-security -Wdate-time -D_FORTIFY_SOURCE=2 -g  -DR_NO_REMAP -c cpp11.cpp -o cpp11.o
g++ -std=gnu++11 -I"/usr/local/lib/R/include" -DNDEBUG  -I'/mnt/library/BH/include' -I'/usr/local/lib/R/site-library/cpp11/include' -I/usr/local/include    -fpic  -g -O2 -fstack-protector-strong -Wformat -Wformat-security -Wdate-time -D_FORTIFY_SOURCE=2 -g  -DR_NO_REMAP -c ipcmutex.cpp -o ipcmutex.o
g++ -std=gnu++11 -shared -L/usr/local/lib/R/lib -L/usr/local/lib -o BiocParallel.so cpp11.o ipcmutex.o -L/usr/local/lib/R/lib -lR
installing to /mnt/library/00LOCK-BiocParallel/00new/BiocParallel/libs
** R
** inst
** byte-compile and prepare package for lazy loading
** help
*** installing help indices
** building package indices
** installing vignettes
** testing if installed package can be loaded from temporary location
** checking absolute paths in shared objects and dynamic libraries
** testing if installed package can be loaded from final location
** testing if installed package keeps a record of temporary installation path
* creating tarball
packaged installation of ‘BiocParallel’ as ‘BiocParallel_1.40.0_R_x86_64-pc-linux-gnu.tar.gz’
* DONE (BiocParallel)
ERROR: dependency ‘S4Vectors’ is not available for package ‘IRanges’
* removing ‘/mnt/library/IRanges’
* installing *source* package ‘BaseSpaceR’ ...
** package ‘BaseSpaceR’ successfully unpacked and MD5 sums checked
** using staged installation
** R
** data
** inst
** byte-compile and prepare package for lazy loading
** help
*** installing help indices
** building package indices
** installing vignettes
** testing if installed package can be loaded from temporary location
** testing if installed package can be loaded from final location
** testing if installed package keeps a record of temporary installation path
* creating tarball
packaged installation of ‘BaseSpaceR’ as ‘BaseSpaceR_1.50.0_R_x86_64-pc-linux-gnu.tar.gz’
* DONE (BaseSpaceR)
ERROR: dependencies ‘IRanges’, ‘UCSC.utils’ are not available for package ‘GenomeInfoDb’
* removing ‘/mnt/library/GenomeInfoDb’
ERROR: dependency ‘IRanges’ is not available for package ‘XVector’
* removing ‘/mnt/library/XVector’
ERROR: dependencies ‘IRanges’, ‘GenomeInfoDb’, ‘XVector’ are not available for package ‘GenomicRanges’
* removing ‘/mnt/library/GenomicRanges’
ERROR: dependencies ‘IRanges’, ‘XVector’, ‘GenomeInfoDb’ are not available for package ‘Biostrings’
* removing ‘/mnt/library/Biostrings’
ERROR: dependencies ‘GenomeInfoDb’, ‘GenomicRanges’, ‘Biostrings’, ‘IRanges’, ‘XVector’ are not available for package ‘Rsamtools’
* removing ‘/mnt/library/Rsamtools’

The downloaded source packages are in
	‘/tmp/Rtmp79Zjwb/downloaded_packages’
Old packages: 'bslib', 'cli', 'curl', 'evaluate', 'httr2', 'jsonlite',
  'openssl', 'pillar', 'pkgbuild', 'processx', 'ps', 'purrr', 'R6', 'Rcpp',
  'rlang', 'sessioninfo', 'systemfonts', 'testthat', 'textshaping', 'tinytex',
  'xfun', 'zip', 'class', 'foreign', 'KernSmooth', 'MASS', 'Matrix', 'nlme',
  'nnet', 'rpart', 'spatial'
Warning messages:
1: In install.packages(...) :
  installation of package ‘httr’ had non-zero exit status
2: In install.packages(...) :
  installation of package ‘S4Vectors’ had non-zero exit status
3: In install.packages(...) :
  installation of package ‘Rhtslib’ had non-zero exit status
4: In install.packages(...) :
  installation of package ‘UCSC.utils’ had non-zero exit status
5: In install.packages(...) :
  installation of package ‘IRanges’ had non-zero exit status
6: In install.packages(...) :
  installation of package ‘GenomeInfoDb’ had non-zero exit status
7: In install.packages(...) :
  installation of package ‘XVector’ had non-zero exit status
8: In install.packages(...) :
  installation of package ‘GenomicRanges’ had non-zero exit status
9: In install.packages(...) :
  installation of package ‘Biostrings’ had non-zero exit status
10: In install.packages(...) :
  installation of package ‘Rsamtools’ had non-zero exit status

real	27m27.480s
user	0m52.209s
sys	0m24.638s
