'getOption("repos")' replaces Bioconductor standard repositories, see
'help("repositories", package = "BiocManager")' for details.
Replacement repositories:
    CRAN: https://p3m.dev/cran/__linux__/noble/latest
Bioconductor version 3.20 (BiocManager 1.30.25), R 4.4.2 (2024-10-31)
Installing package(s) 'spqn'
also installing the dependency ‘spqnData’

trying URL 'https://bioconductor.org/packages/3.20/data/experiment/src/contrib/spqnData_1.18.0.tar.gz'
Content type 'application/x-gzip' length 10665305 bytes (10.2 MB)
==================================================
downloaded 10.2 MB

trying URL 'https://bioconductor.org/packages/3.20/bioc/src/contrib/spqn_1.18.0.tar.gz'
Content type 'application/x-gzip' length 3017968 bytes (2.9 MB)
==================================================
downloaded 2.9 MB

* installing *source* package ‘spqnData’ ...
** using staged installation
** data
** inst
** help
*** installing help indices
** building package indices
** testing if installed package can be loaded from temporary location
** testing if installed package can be loaded from final location
** testing if installed package keeps a record of temporary installation path
* creating tarball
packaged installation of ‘spqnData’ as ‘spqnData_1.18.0_R_x86_64-pc-linux-gnu.tar.gz’
* DONE (spqnData)
* installing *source* package ‘spqn’ ...
** package ‘spqn’ successfully unpacked and MD5 sums checked
** using staged installation
** R
** inst
** byte-compile and prepare package for lazy loading
** help
*** installing help indices
** building package indices
** installing vignettes
** testing if installed package can be loaded from temporary location
** testing if installed package can be loaded from final location
** testing if installed package keeps a record of temporary installation path
* creating tarball
packaged installation of ‘spqn’ as ‘spqn_1.18.0_R_x86_64-pc-linux-gnu.tar.gz’
* DONE (spqn)

The downloaded source packages are in
	‘/tmp/RtmpsgtgRA/downloaded_packages’
Old packages: 'bslib', 'cli', 'curl', 'evaluate', 'httr2', 'jsonlite',
  'openssl', 'pillar', 'pkgbuild', 'processx', 'ps', 'purrr', 'R6', 'Rcpp',
  'rlang', 'sessioninfo', 'systemfonts', 'testthat', 'textshaping', 'tinytex',
  'xfun', 'zip', 'class', 'foreign', 'KernSmooth', 'MASS', 'Matrix', 'nlme',
  'nnet', 'rpart', 'spatial'

real	58m46.120s
user	0m37.884s
sys	0m9.021s
