'getOption("repos")' replaces Bioconductor standard repositories, see
'help("repositories", package = "BiocManager")' for details.
Replacement repositories:
    CRAN: https://p3m.dev/cran/__linux__/noble/latest
Bioconductor version 3.20 (BiocManager 1.30.25), R 4.4.2 (2024-10-31)
Installing package(s) 'BSgenome'
also installing the dependencies ‘BSgenome.Hsapiens.UCSC.hg38.masked’, ‘BSgenome.Rnorvegicus.UCSC.rn5’, ‘BSgenome.Scerevisiae.UCSC.sacCer1’, ‘SNPlocs.Hsapiens.dbSNP144.GRCh38’, ‘XtraSNPlocs.Hsapiens.dbSNP144.GRCh38’, ‘BSgenomeForge’

trying URL 'https://bioconductor.org/packages/3.20/data/annotation/src/contrib/BSgenome.Hsapiens.UCSC.hg38.masked_1.4.5.tar.gz'
Content type 'application/x-gzip' length 23618742 bytes (22.5 MB)
==================================================
downloaded 22.5 MB

trying URL 'https://bioconductor.org/packages/3.20/data/annotation/src/contrib/BSgenome.Rnorvegicus.UCSC.rn5_1.4.0.tar.gz'
Content type 'application/x-gzip' length 614635033 bytes (586.2 MB)
==================================================
downloaded 586.2 MB

trying URL 'https://bioconductor.org/packages/3.20/data/annotation/src/contrib/BSgenome.Scerevisiae.UCSC.sacCer1_1.4.0.tar.gz'
Content type 'application/x-gzip' length 2967322 bytes (2.8 MB)
==================================================
downloaded 2.8 MB

trying URL 'https://bioconductor.org/packages/3.20/data/annotation/src/contrib/SNPlocs.Hsapiens.dbSNP144.GRCh38_0.99.20.tar.gz'
Content type 'application/x-gzip' length 898581361 bytes (857.0 MB)
==================================================
downloaded 857.0 MB

trying URL 'https://bioconductor.org/packages/3.20/data/annotation/src/contrib/XtraSNPlocs.Hsapiens.dbSNP144.GRCh38_0.99.12.tar.gz'
Content type 'application/x-gzip' length 112432850 bytes (107.2 MB)
==================================================
downloaded 107.2 MB

trying URL 'https://bioconductor.org/packages/3.20/bioc/src/contrib/BSgenomeForge_1.6.0.tar.gz'
Content type 'application/x-gzip' length 717245 bytes (700 KB)
==================================================
downloaded 700 KB

trying URL 'https://bioconductor.org/packages/3.20/bioc/src/contrib/BSgenome_1.74.0.tar.gz'
Content type 'application/x-gzip' length 5903543 bytes (5.6 MB)
==================================================
downloaded 5.6 MB

* installing *source* package ‘BSgenome’ ...
** package ‘BSgenome’ successfully unpacked and MD5 sums checked
** using staged installation
** R
** inst
** byte-compile and prepare package for lazy loading
** help
*** installing help indices
** building package indices
** installing vignettes
** testing if installed package can be loaded from temporary location
** testing if installed package can be loaded from final location
** testing if installed package keeps a record of temporary installation path
* creating tarball
packaged installation of ‘BSgenome’ as ‘BSgenome_1.74.0_R_x86_64-pc-linux-gnu.tar.gz’
* DONE (BSgenome)
* installing *source* package ‘BSgenome.Hsapiens.UCSC.hg38.masked’ ...
** using staged installation
** R
** inst
** byte-compile and prepare package for lazy loading
** help
*** installing help indices
** building package indices
** testing if installed package can be loaded from temporary location
** testing if installed package can be loaded from final location
** testing if installed package keeps a record of temporary installation path
* creating tarball
packaged installation of ‘BSgenome.Hsapiens.UCSC.hg38.masked’ as ‘BSgenome.Hsapiens.UCSC.hg38.masked_1.4.5_R_x86_64-pc-linux-gnu.tar.gz’
* DONE (BSgenome.Hsapiens.UCSC.hg38.masked)
* installing *source* package ‘BSgenome.Rnorvegicus.UCSC.rn5’ ...
** using staged installation
** R
** inst
** byte-compile and prepare package for lazy loading
** help
*** installing help indices
** building package indices
** testing if installed package can be loaded from temporary location
** testing if installed package can be loaded from final location
** testing if installed package keeps a record of temporary installation path
* creating tarball
packaged installation of ‘BSgenome.Rnorvegicus.UCSC.rn5’ as ‘BSgenome.Rnorvegicus.UCSC.rn5_1.4.0_R_x86_64-pc-linux-gnu.tar.gz’
* DONE (BSgenome.Rnorvegicus.UCSC.rn5)
* installing *source* package ‘BSgenome.Scerevisiae.UCSC.sacCer1’ ...
** using staged installation
** R
** inst
** byte-compile and prepare package for lazy loading
** help
*** installing help indices
** building package indices
** testing if installed package can be loaded from temporary location
** testing if installed package can be loaded from final location
** testing if installed package keeps a record of temporary installation path
* creating tarball
packaged installation of ‘BSgenome.Scerevisiae.UCSC.sacCer1’ as ‘BSgenome.Scerevisiae.UCSC.sacCer1_1.4.0_R_x86_64-pc-linux-gnu.tar.gz’
* DONE (BSgenome.Scerevisiae.UCSC.sacCer1)
* installing *source* package ‘SNPlocs.Hsapiens.dbSNP144.GRCh38’ ...
** using staged installation
** R
** inst
** byte-compile and prepare package for lazy loading
Warning: replacing previous import ‘utils::findMatches’ by ‘S4Vectors::findMatches’ when loading ‘SNPlocs.Hsapiens.dbSNP144.GRCh38’
** help
*** installing help indices
** building package indices
** testing if installed package can be loaded from temporary location
Warning: replacing previous import ‘utils::findMatches’ by ‘S4Vectors::findMatches’ when loading ‘SNPlocs.Hsapiens.dbSNP144.GRCh38’
** testing if installed package can be loaded from final location
Warning: replacing previous import ‘utils::findMatches’ by ‘S4Vectors::findMatches’ when loading ‘SNPlocs.Hsapiens.dbSNP144.GRCh38’
** testing if installed package keeps a record of temporary installation path
* creating tarball
packaged installation of ‘SNPlocs.Hsapiens.dbSNP144.GRCh38’ as ‘SNPlocs.Hsapiens.dbSNP144.GRCh38_0.99.20_R_x86_64-pc-linux-gnu.tar.gz’
* DONE (SNPlocs.Hsapiens.dbSNP144.GRCh38)
* installing *source* package ‘XtraSNPlocs.Hsapiens.dbSNP144.GRCh38’ ...
** using staged installation
** R
** inst
** byte-compile and prepare package for lazy loading
Warning: replacing previous import ‘utils::findMatches’ by ‘S4Vectors::findMatches’ when loading ‘XtraSNPlocs.Hsapiens.dbSNP144.GRCh38’
** help
*** installing help indices
** building package indices
** testing if installed package can be loaded from temporary location
Warning: replacing previous import ‘utils::findMatches’ by ‘S4Vectors::findMatches’ when loading ‘XtraSNPlocs.Hsapiens.dbSNP144.GRCh38’
** testing if installed package can be loaded from final location
Warning: replacing previous import ‘utils::findMatches’ by ‘S4Vectors::findMatches’ when loading ‘XtraSNPlocs.Hsapiens.dbSNP144.GRCh38’
** testing if installed package keeps a record of temporary installation path
* creating tarball
packaged installation of ‘XtraSNPlocs.Hsapiens.dbSNP144.GRCh38’ as ‘XtraSNPlocs.Hsapiens.dbSNP144.GRCh38_0.99.12_R_x86_64-pc-linux-gnu.tar.gz’
* DONE (XtraSNPlocs.Hsapiens.dbSNP144.GRCh38)
* installing *source* package ‘BSgenomeForge’ ...
** package ‘BSgenomeForge’ successfully unpacked and MD5 sums checked
** using staged installation
** R
** inst
** byte-compile and prepare package for lazy loading
Creating a new generic function for ‘forgeBSgenomeDataPkg’ in package ‘BSgenomeForge’
Creating a new generic function for ‘forgeMaskedBSgenomeDataPkg’ in package ‘BSgenomeForge’
** help
*** installing help indices
** building package indices
** installing vignettes
** testing if installed package can be loaded from temporary location
** testing if installed package can be loaded from final location
** testing if installed package keeps a record of temporary installation path
* creating tarball
packaged installation of ‘BSgenomeForge’ as ‘BSgenomeForge_1.6.0_R_x86_64-pc-linux-gnu.tar.gz’
* DONE (BSgenomeForge)

The downloaded source packages are in
	‘/tmp/RtmpxHGxKy/downloaded_packages’
Old packages: 'bslib', 'cli', 'curl', 'evaluate', 'httr2', 'jsonlite',
  'openssl', 'pillar', 'pkgbuild', 'processx', 'ps', 'purrr', 'R6', 'Rcpp',
  'rlang', 'sessioninfo', 'systemfonts', 'testthat', 'textshaping', 'tinytex',
  'xfun', 'zip', 'class', 'foreign', 'KernSmooth', 'MASS', 'Matrix', 'nlme',
  'nnet', 'rpart', 'spatial'

real	9m54.595s
user	5m1.145s
sys	0m41.340s
