'getOption("repos")' replaces Bioconductor standard repositories, see
'help("repositories", package = "BiocManager")' for details.
Replacement repositories:
    CRAN: https://p3m.dev/cran/__linux__/noble/latest
Bioconductor version 3.20 (BiocManager 1.30.25), R 4.4.2 (2024-10-31)
Installing package(s) 'MWASTools'
also installing the dependency ‘glm2’

trying URL 'https://p3m.dev/cran/__linux__/noble/latest/src/contrib/glm2_1.2.1.tar.gz'
Content type 'binary/octet-stream' length 48818 bytes (47 KB)
==================================================
downloaded 47 KB

trying URL 'https://bioconductor.org/packages/3.20/bioc/src/contrib/MWASTools_1.30.0.tar.gz'
Content type 'application/x-gzip' length 2782540 bytes (2.7 MB)
==================================================
downloaded 2.7 MB

* installing *binary* package ‘glm2’ ...
* ‘glm2’ was already a binary package and will not be rebuilt
* creating tarball
packaged installation of ‘glm2’ as ‘glm2_1.2.1_R_x86_64-pc-linux-gnu.tar.gz’
* DONE (glm2)
* installing *source* package ‘MWASTools’ ...
** package ‘MWASTools’ successfully unpacked and MD5 sums checked
** using staged installation
** R
** data
*** moving datasets to lazyload DB
** inst
** byte-compile and prepare package for lazy loading
** help
*** installing help indices
** building package indices
** installing vignettes
** testing if installed package can be loaded from temporary location
** testing if installed package can be loaded from final location
** testing if installed package keeps a record of temporary installation path
* creating tarball
packaged installation of ‘MWASTools’ as ‘MWASTools_1.30.0_R_x86_64-pc-linux-gnu.tar.gz’
* DONE (MWASTools)

The downloaded source packages are in
	‘/tmp/RtmpbsSiWV/downloaded_packages’
Old packages: 'bslib', 'cli', 'curl', 'evaluate', 'httr2', 'jsonlite',
  'openssl', 'pillar', 'pkgbuild', 'processx', 'ps', 'purrr', 'R6', 'Rcpp',
  'rlang', 'sessioninfo', 'systemfonts', 'testthat', 'textshaping', 'tinytex',
  'xfun', 'zip', 'class', 'foreign', 'KernSmooth', 'MASS', 'Matrix', 'nlme',
  'nnet', 'rpart', 'spatial'

real	36m48.157s
user	0m33.831s
sys	0m5.652s
