'getOption("repos")' replaces Bioconductor standard repositories, see
'help("repositories", package = "BiocManager")' for details.
Replacement repositories:
    CRAN: https://p3m.dev/cran/__linux__/noble/latest
Bioconductor version 3.20 (BiocManager 1.30.25), R 4.4.2 (2024-10-31)
Installing package(s) 'chipseq'
also installing the dependency ‘TxDb.Mmusculus.UCSC.mm9.knownGene’

trying URL 'https://bioconductor.org/packages/3.20/data/annotation/src/contrib/TxDb.Mmusculus.UCSC.mm9.knownGene_3.2.2.tar.gz'
Content type 'application/x-gzip' length 13520331 bytes (12.9 MB)
==================================================
downloaded 12.9 MB

trying URL 'https://bioconductor.org/packages/3.20/bioc/src/contrib/chipseq_1.56.0.tar.gz'
Content type 'application/x-gzip' length 2577757 bytes (2.5 MB)
==================================================
downloaded 2.5 MB

* installing *source* package ‘TxDb.Mmusculus.UCSC.mm9.knownGene’ ...
** using staged installation
** R
** inst
** byte-compile and prepare package for lazy loading
** help
*** installing help indices
** building package indices
** testing if installed package can be loaded from temporary location
** testing if installed package can be loaded from final location
** testing if installed package keeps a record of temporary installation path
* creating tarball
packaged installation of ‘TxDb.Mmusculus.UCSC.mm9.knownGene’ as ‘TxDb.Mmusculus.UCSC.mm9.knownGene_3.2.2_R_x86_64-pc-linux-gnu.tar.gz’
* DONE (TxDb.Mmusculus.UCSC.mm9.knownGene)
* installing *source* package ‘chipseq’ ...
** package ‘chipseq’ successfully unpacked and MD5 sums checked
** using staged installation
** libs
using C compiler: ‘gcc (Ubuntu 13.3.0-6ubuntu2~24.04) 13.3.0’
gcc -I"/usr/local/lib/R/include" -DNDEBUG   -I/usr/local/include    -fpic  -g -O2 -fstack-protector-strong -Wformat -Wformat-security -Wdate-time -D_FORTIFY_SOURCE=2 -g  -c rlesumprod.c -o rlesumprod.o
gcc -shared -L/usr/local/lib/R/lib -L/usr/local/lib -o chipseq.so rlesumprod.o -L/usr/local/lib/R/lib -lR
installing to /mnt/library/00LOCK-chipseq/00new/chipseq/libs
** R
** data
** inst
** byte-compile and prepare package for lazy loading
** help
*** installing help indices
** building package indices
** installing vignettes
** testing if installed package can be loaded from temporary location
** checking absolute paths in shared objects and dynamic libraries
** testing if installed package can be loaded from final location
** testing if installed package keeps a record of temporary installation path
* creating tarball
packaged installation of ‘chipseq’ as ‘chipseq_1.56.0_R_x86_64-pc-linux-gnu.tar.gz’
* DONE (chipseq)

The downloaded source packages are in
	‘/tmp/RtmpA6T2vz/downloaded_packages’
Old packages: 'bslib', 'cli', 'curl', 'evaluate', 'httr2', 'jsonlite',
  'openssl', 'pillar', 'pkgbuild', 'processx', 'ps', 'purrr', 'R6', 'Rcpp',
  'rlang', 'sessioninfo', 'systemfonts', 'testthat', 'textshaping', 'tinytex',
  'xfun', 'zip', 'class', 'foreign', 'KernSmooth', 'MASS', 'Matrix', 'nlme',
  'nnet', 'rpart', 'spatial'

real	3m6.719s
user	1m5.164s
sys	0m10.033s
