'getOption("repos")' replaces Bioconductor standard repositories, see
'help("repositories", package = "BiocManager")' for details.
Replacement repositories:
    CRAN: https://p3m.dev/cran/__linux__/noble/latest
Bioconductor version 3.20 (BiocManager 1.30.25), R 4.4.2 (2024-10-31)
Installing package(s) 'TurboNorm'
also installing the dependency ‘affydata’

trying URL 'https://bioconductor.org/packages/3.20/data/experiment/src/contrib/affydata_1.54.0.tar.gz'
Content type 'application/x-gzip' length 12807698 bytes (12.2 MB)
==================================================
downloaded 12.2 MB

trying URL 'https://bioconductor.org/packages/3.20/bioc/src/contrib/TurboNorm_1.54.0.tar.gz'
Content type 'application/x-gzip' length 2120287 bytes (2.0 MB)
==================================================
downloaded 2.0 MB

* installing *source* package ‘affydata’ ...
** using staged installation
** R
** data
** inst
** byte-compile and prepare package for lazy loading
** help
*** installing help indices
** building package indices
** installing vignettes
** testing if installed package can be loaded from temporary location
     Package    LibPath                              Item      
[1,] "affydata" "/mnt/library/00LOCK-affydata/00new" "Dilution"
     Title                        
[1,] "AffyBatch instance Dilution"
** testing if installed package can be loaded from final location
     Package    LibPath        Item       Title                        
[1,] "affydata" "/mnt/library" "Dilution" "AffyBatch instance Dilution"
** testing if installed package keeps a record of temporary installation path
* creating tarball
packaged installation of ‘affydata’ as ‘affydata_1.54.0_R_x86_64-pc-linux-gnu.tar.gz’
* DONE (affydata)
* installing *source* package ‘TurboNorm’ ...
** package ‘TurboNorm’ successfully unpacked and MD5 sums checked
** using staged installation
** libs
using C compiler: ‘gcc (Ubuntu 13.3.0-6ubuntu2~24.04) 13.3.0’
gcc -I"/usr/local/lib/R/include" -DNDEBUG   -I/usr/local/include    -fpic  -g -O2 -fstack-protector-strong -Wformat -Wformat-security -Wdate-time -D_FORTIFY_SOURCE=2 -g  -c Rinit.c -o Rinit.o
gcc -I"/usr/local/lib/R/include" -DNDEBUG   -I/usr/local/include    -fpic  -g -O2 -fstack-protector-strong -Wformat -Wformat-security -Wdate-time -D_FORTIFY_SOURCE=2 -g  -c binners.c -o binners.o
gcc -shared -L/usr/local/lib/R/lib -L/usr/local/lib -o TurboNorm.so Rinit.o binners.o -L/usr/local/lib/R/lib -lR
installing to /mnt/library/00LOCK-TurboNorm/00new/TurboNorm/libs
** R
** data
** inst
** byte-compile and prepare package for lazy loading
** help
*** installing help indices
** building package indices
** installing vignettes
** testing if installed package can be loaded from temporary location
** checking absolute paths in shared objects and dynamic libraries
** testing if installed package can be loaded from final location
** testing if installed package keeps a record of temporary installation path
* creating tarball
packaged installation of ‘TurboNorm’ as ‘TurboNorm_1.54.0_R_x86_64-pc-linux-gnu.tar.gz’
* DONE (TurboNorm)

The downloaded source packages are in
	‘/tmp/RtmpU4qgXy/downloaded_packages’
Old packages: 'bslib', 'cli', 'curl', 'evaluate', 'httr2', 'jsonlite',
  'openssl', 'pillar', 'pkgbuild', 'processx', 'ps', 'purrr', 'R6', 'Rcpp',
  'rlang', 'sessioninfo', 'systemfonts', 'testthat', 'textshaping', 'tinytex',
  'xfun', 'zip', 'class', 'foreign', 'KernSmooth', 'MASS', 'Matrix', 'nlme',
  'nnet', 'rpart', 'spatial'

real	0m47.326s
user	0m16.772s
sys	0m4.635s
