'getOption("repos")' replaces Bioconductor standard repositories, see
'help("repositories", package = "BiocManager")' for details.
Replacement repositories:
    CRAN: https://p3m.dev/cran/__linux__/noble/latest
Bioconductor version 3.20 (BiocManager 1.30.25), R 4.4.2 (2024-10-31)
Installing package(s) 'illuminaio'
also installing the dependency ‘IlluminaDataTestFiles’

trying URL 'https://bioconductor.org/packages/3.20/data/experiment/src/contrib/IlluminaDataTestFiles_1.44.0.tar.gz'
Content type 'application/x-gzip' length 24845427 bytes (23.7 MB)
==================================================
downloaded 23.7 MB

trying URL 'https://bioconductor.org/packages/3.20/bioc/src/contrib/illuminaio_0.48.0.tar.gz'
Content type 'application/x-gzip' length 490599 bytes (479 KB)
==================================================
downloaded 479 KB

* installing *source* package ‘IlluminaDataTestFiles’ ...
** using staged installation
** inst
** help
*** installing help indices
** building package indices
** testing if installed package can be loaded from temporary location
** testing if installed package can be loaded from final location
** testing if installed package keeps a record of temporary installation path
* creating tarball
packaged installation of ‘IlluminaDataTestFiles’ as ‘IlluminaDataTestFiles_1.44.0_R_x86_64-pc-linux-gnu.tar.gz’
* DONE (IlluminaDataTestFiles)
* installing *source* package ‘illuminaio’ ...
** package ‘illuminaio’ successfully unpacked and MD5 sums checked
** using staged installation
** libs
using C compiler: ‘gcc (Ubuntu 13.3.0-6ubuntu2~24.04) 13.3.0’
gcc -I"/usr/local/lib/R/include" -DNDEBUG   -I/usr/local/include    -fpic  -g -O2 -fstack-protector-strong -Wformat -Wformat-security -Wdate-time -D_FORTIFY_SOURCE=2 -g  -c 000.init.c -o 000.init.o
gcc -I"/usr/local/lib/R/include" -DNDEBUG   -I/usr/local/include    -fpic  -g -O2 -fstack-protector-strong -Wformat -Wformat-security -Wdate-time -D_FORTIFY_SOURCE=2 -g  -c des.c -o des.o
gcc -I"/usr/local/lib/R/include" -DNDEBUG   -I/usr/local/include    -fpic  -g -O2 -fstack-protector-strong -Wformat -Wformat-security -Wdate-time -D_FORTIFY_SOURCE=2 -g  -c local_des.c -o local_des.o
gcc -shared -L/usr/local/lib/R/lib -L/usr/local/lib -o illuminaio.so 000.init.o des.o local_des.o -L/usr/local/lib/R/lib -lR
installing to /mnt/library/00LOCK-illuminaio/00new/illuminaio/libs
** R
** inst
** byte-compile and prepare package for lazy loading
** help
*** installing help indices
** building package indices
** installing vignettes
** testing if installed package can be loaded from temporary location
** checking absolute paths in shared objects and dynamic libraries
** testing if installed package can be loaded from final location
** testing if installed package keeps a record of temporary installation path
* creating tarball
packaged installation of ‘illuminaio’ as ‘illuminaio_0.48.0_R_x86_64-pc-linux-gnu.tar.gz’
* DONE (illuminaio)

The downloaded source packages are in
	‘/tmp/Rtmp8OUqn9/downloaded_packages’
Old packages: 'bslib', 'cli', 'curl', 'evaluate', 'httr2', 'jsonlite',
  'openssl', 'pillar', 'pkgbuild', 'processx', 'ps', 'purrr', 'R6', 'Rcpp',
  'rlang', 'sessioninfo', 'systemfonts', 'testthat', 'textshaping', 'tinytex',
  'xfun', 'zip', 'class', 'foreign', 'KernSmooth', 'MASS', 'Matrix', 'nlme',
  'nnet', 'rpart', 'spatial'

real	12m26.274s
user	0m9.003s
sys	0m5.068s
