'getOption("repos")' replaces Bioconductor standard repositories, see
'help("repositories", package = "BiocManager")' for details.
Replacement repositories:
    CRAN: https://p3m.dev/cran/__linux__/noble/latest
Bioconductor version 3.20 (BiocManager 1.30.25), R 4.4.2 (2024-10-31)
Installing package(s) 'evaluomeR'
also installing the dependencies ‘RSKC’, ‘sparcl’

trying URL 'https://p3m.dev/cran/__linux__/noble/latest/src/contrib/RSKC_2.4.2.tar.gz'
Content type 'binary/octet-stream' length 628342 bytes (613 KB)
==================================================
downloaded 613 KB

trying URL 'https://p3m.dev/cran/__linux__/noble/latest/src/contrib/sparcl_1.0.4.tar.gz'
Content type 'binary/octet-stream' length 82288 bytes (80 KB)
==================================================
downloaded 80 KB

trying URL 'https://bioconductor.org/packages/3.20/bioc/src/contrib/evaluomeR_1.22.0.tar.gz'
Content type 'application/x-gzip' length 1167305 bytes (1.1 MB)
==================================================
downloaded 1.1 MB

* installing *binary* package ‘RSKC’ ...
* ‘RSKC’ was already a binary package and will not be rebuilt
* creating tarball
packaged installation of ‘RSKC’ as ‘RSKC_2.4.2_R_x86_64-pc-linux-gnu.tar.gz’
* DONE (RSKC)
* installing *binary* package ‘sparcl’ ...
* ‘sparcl’ was already a binary package and will not be rebuilt
* creating tarball
packaged installation of ‘sparcl’ as ‘sparcl_1.0.4_R_x86_64-pc-linux-gnu.tar.gz’
* DONE (sparcl)
* installing *source* package ‘evaluomeR’ ...
** package ‘evaluomeR’ successfully unpacked and MD5 sums checked
** using staged installation
** R
** data
*** moving datasets to lazyload DB
** inst
** byte-compile and prepare package for lazy loading
** help
*** installing help indices
** building package indices
** installing vignettes
** testing if installed package can be loaded from temporary location
** testing if installed package can be loaded from final location
** testing if installed package keeps a record of temporary installation path
* creating tarball
packaged installation of ‘evaluomeR’ as ‘evaluomeR_1.22.0_R_x86_64-pc-linux-gnu.tar.gz’
* DONE (evaluomeR)

The downloaded source packages are in
	‘/tmp/RtmpFvDdKE/downloaded_packages’
Old packages: 'bslib', 'cli', 'curl', 'evaluate', 'httr2', 'jsonlite',
  'openssl', 'pillar', 'pkgbuild', 'processx', 'ps', 'purrr', 'R6', 'Rcpp',
  'rlang', 'sessioninfo', 'systemfonts', 'testthat', 'textshaping', 'tinytex',
  'xfun', 'zip', 'class', 'foreign', 'KernSmooth', 'MASS', 'Matrix', 'nlme',
  'nnet', 'rpart', 'spatial'

real	30m46.137s
user	0m33.719s
sys	0m7.673s
