'getOption("repos")' replaces Bioconductor standard repositories, see
'help("repositories", package = "BiocManager")' for details.
Replacement repositories:
    CRAN: https://p3m.dev/cran/__linux__/noble/latest
Bioconductor version 3.20 (BiocManager 1.30.25), R 4.4.2 (2024-10-31)
Installing package(s) 'fmrs'
trying URL 'https://bioconductor.org/packages/3.20/bioc/src/contrib/fmrs_1.16.0.tar.gz'
Content type 'application/x-gzip' length 49461 bytes (48 KB)
==================================================
downloaded 48 KB

* installing *source* package ‘fmrs’ ...
** package ‘fmrs’ successfully unpacked and MD5 sums checked
** using staged installation
** libs
using C compiler: ‘gcc (Ubuntu 13.3.0-6ubuntu2~24.04) 13.3.0’
gcc -I"/usr/local/lib/R/include" -DNDEBUG   -I/usr/local/include    -fpic  -g -O2 -fstack-protector-strong -Wformat -Wformat-security -Wdate-time -D_FORTIFY_SOURCE=2 -g  -c fmrs.c -o fmrs.o
gcc -shared -L/usr/local/lib/R/lib -L/usr/local/lib -o fmrs.so fmrs.o -L/usr/local/lib/R/lib -lR
installing to /mnt/library/00LOCK-fmrs/00new/fmrs/libs
** R
** inst
** byte-compile and prepare package for lazy loading
** help
*** installing help indices
** building package indices
** installing vignettes
** testing if installed package can be loaded from temporary location
** checking absolute paths in shared objects and dynamic libraries
** testing if installed package can be loaded from final location
** testing if installed package keeps a record of temporary installation path
* creating tarball
packaged installation of ‘fmrs’ as ‘fmrs_1.16.0_R_x86_64-pc-linux-gnu.tar.gz’
* DONE (fmrs)

The downloaded source packages are in
	‘/tmp/RtmpfR6ve7/downloaded_packages’
Old packages: 'bslib', 'cli', 'curl', 'evaluate', 'httr2', 'jsonlite',
  'openssl', 'pillar', 'pkgbuild', 'processx', 'ps', 'purrr', 'R6', 'Rcpp',
  'rlang', 'sessioninfo', 'systemfonts', 'testthat', 'textshaping', 'tinytex',
  'xfun', 'zip', 'class', 'foreign', 'KernSmooth', 'MASS', 'Matrix', 'nlme',
  'nnet', 'rpart', 'spatial'

real	4m34.269s
user	0m13.548s
sys	0m2.757s
