'getOption("repos")' replaces Bioconductor standard repositories, see
'help("repositories", package = "BiocManager")' for details.
Replacement repositories:
    CRAN: https://p3m.dev/cran/__linux__/noble/latest
Bioconductor version 3.20 (BiocManager 1.30.25), R 4.4.2 (2024-10-31)
Installing package(s) 'protGear'
also installing the dependency ‘Kendall’

trying URL 'https://p3m.dev/cran/__linux__/noble/latest/src/contrib/Kendall_2.2.1.tar.gz'
Content type 'binary/octet-stream' length 40399 bytes (39 KB)
==================================================
downloaded 39 KB

trying URL 'https://bioconductor.org/packages/3.20/bioc/src/contrib/protGear_1.10.0.tar.gz'
Content type 'application/x-gzip' length 4983416 bytes (4.8 MB)
==================================================
downloaded 4.8 MB

* installing *binary* package ‘Kendall’ ...
* ‘Kendall’ was already a binary package and will not be rebuilt
* creating tarball
packaged installation of ‘Kendall’ as ‘Kendall_2.2.1_R_x86_64-pc-linux-gnu.tar.gz’
* DONE (Kendall)
* installing *source* package ‘protGear’ ...
** package ‘protGear’ successfully unpacked and MD5 sums checked
** using staged installation
** R
** inst
** byte-compile and prepare package for lazy loading
** help
*** installing help indices
*** copying figures
** building package indices
** installing vignettes
** testing if installed package can be loaded from temporary location
** testing if installed package can be loaded from final location
** testing if installed package keeps a record of temporary installation path
* creating tarball
packaged installation of ‘protGear’ as ‘protGear_1.10.0_R_x86_64-pc-linux-gnu.tar.gz’
* DONE (protGear)

The downloaded source packages are in
	‘/tmp/RtmpIiQdyN/downloaded_packages’
Old packages: 'bslib', 'cli', 'curl', 'evaluate', 'httr2', 'jsonlite',
  'openssl', 'pillar', 'pkgbuild', 'processx', 'ps', 'purrr', 'R6', 'Rcpp',
  'rlang', 'sessioninfo', 'systemfonts', 'testthat', 'textshaping', 'tinytex',
  'xfun', 'zip', 'class', 'foreign', 'KernSmooth', 'MASS', 'Matrix', 'nlme',
  'nnet', 'rpart', 'spatial'

real	2m35.717s
user	0m28.802s
sys	0m7.020s
