'getOption("repos")' replaces Bioconductor standard repositories, see
'help("repositories", package = "BiocManager")' for details.
Replacement repositories:
    CRAN: https://p3m.dev/cran/__linux__/noble/latest
Bioconductor version 3.20 (BiocManager 1.30.25), R 4.4.2 (2024-10-31)
Installing package(s) 'biobroom'
also installing the dependency ‘airway’

trying URL 'https://bioconductor.org/packages/3.20/data/experiment/src/contrib/airway_1.26.0.tar.gz'
Content type 'application/x-gzip' length 24755667 bytes (23.6 MB)
==================================================
downloaded 23.6 MB

trying URL 'https://bioconductor.org/packages/3.20/bioc/src/contrib/biobroom_1.38.0.tar.gz'
Content type 'application/x-gzip' length 529970 bytes (517 KB)
==================================================
downloaded 517 KB

* installing *source* package ‘airway’ ...
** using staged installation
** data
** inst
** help
*** installing help indices
** building package indices
** installing vignettes
** testing if installed package can be loaded from temporary location
** testing if installed package can be loaded from final location
** testing if installed package keeps a record of temporary installation path
* creating tarball
packaged installation of ‘airway’ as ‘airway_1.26.0_R_x86_64-pc-linux-gnu.tar.gz’
* DONE (airway)
* installing *source* package ‘biobroom’ ...
** package ‘biobroom’ successfully unpacked and MD5 sums checked
** using staged installation
** R
** data
*** moving datasets to lazyload DB
** inst
** byte-compile and prepare package for lazy loading
** help
*** installing help indices
** building package indices
** installing vignettes
** testing if installed package can be loaded from temporary location
** testing if installed package can be loaded from final location
** testing if installed package keeps a record of temporary installation path
* creating tarball
packaged installation of ‘biobroom’ as ‘biobroom_1.38.0_R_x86_64-pc-linux-gnu.tar.gz’
* DONE (biobroom)

The downloaded source packages are in
	‘/tmp/RtmpD8ZitE/downloaded_packages’
Old packages: 'bslib', 'cli', 'curl', 'evaluate', 'httr2', 'jsonlite',
  'openssl', 'pillar', 'pkgbuild', 'processx', 'ps', 'purrr', 'R6', 'Rcpp',
  'rlang', 'sessioninfo', 'systemfonts', 'testthat', 'textshaping', 'tinytex',
  'xfun', 'zip', 'class', 'foreign', 'KernSmooth', 'MASS', 'Matrix', 'nlme',
  'nnet', 'rpart', 'spatial'

real	0m55.773s
user	0m19.372s
sys	0m4.268s
