'getOption("repos")' replaces Bioconductor standard repositories, see
'help("repositories", package = "BiocManager")' for details.
Replacement repositories:
    CRAN: https://p3m.dev/cran/__linux__/noble/latest
Bioconductor version 3.20 (BiocManager 1.30.25), R 4.4.2 (2024-10-31)
Installing package(s) 'viper'
also installing the dependency ‘bcellViper’

trying URL 'https://bioconductor.org/packages/3.20/data/experiment/src/contrib/bcellViper_1.42.0.tar.gz'
Content type 'application/x-gzip' length 11892843 bytes (11.3 MB)
==================================================
downloaded 11.3 MB

trying URL 'https://bioconductor.org/packages/3.20/bioc/src/contrib/viper_1.40.0.tar.gz'
Content type 'application/x-gzip' length 517405 bytes (505 KB)
==================================================
downloaded 505 KB

* installing *source* package ‘bcellViper’ ...
** using staged installation
** data
** inst
** help
*** installing help indices
** building package indices
** installing vignettes
** testing if installed package can be loaded from temporary location
** testing if installed package can be loaded from final location
** testing if installed package keeps a record of temporary installation path
* creating tarball
packaged installation of ‘bcellViper’ as ‘bcellViper_1.42.0_R_x86_64-pc-linux-gnu.tar.gz’
* DONE (bcellViper)
* installing *source* package ‘viper’ ...
** package ‘viper’ successfully unpacked and MD5 sums checked
** using staged installation
** R
** inst
** byte-compile and prepare package for lazy loading
** help
*** installing help indices
** building package indices
** installing vignettes
** testing if installed package can be loaded from temporary location
** testing if installed package can be loaded from final location
** testing if installed package keeps a record of temporary installation path
* creating tarball
packaged installation of ‘viper’ as ‘viper_1.40.0_R_x86_64-pc-linux-gnu.tar.gz’
* DONE (viper)

The downloaded source packages are in
	‘/tmp/Rtmp4j5wXN/downloaded_packages’
Old packages: 'bslib', 'cli', 'curl', 'evaluate', 'httr2', 'jsonlite',
  'openssl', 'pillar', 'pkgbuild', 'processx', 'ps', 'purrr', 'R6', 'Rcpp',
  'rlang', 'sessioninfo', 'systemfonts', 'testthat', 'textshaping', 'tinytex',
  'xfun', 'zip', 'class', 'foreign', 'KernSmooth', 'MASS', 'Matrix', 'nlme',
  'nnet', 'rpart', 'spatial'

real	0m43.438s
user	0m15.982s
sys	0m4.437s
