'getOption("repos")' replaces Bioconductor standard repositories, see
'help("repositories", package = "BiocManager")' for details.
Replacement repositories:
    CRAN: https://p3m.dev/cran/__linux__/noble/latest
Bioconductor version 3.20 (BiocManager 1.30.25), R 4.4.2 (2024-10-31)
Installing package(s) 'cisPath'
trying URL 'https://bioconductor.org/packages/3.20/bioc/src/contrib/cisPath_1.46.0.tar.gz'
Content type 'application/x-gzip' length 1085543 bytes (1.0 MB)
==================================================
downloaded 1.0 MB

* installing *source* package ‘cisPath’ ...
** package ‘cisPath’ successfully unpacked and MD5 sums checked
** using staged installation
** libs
using C++ compiler: ‘g++ (Ubuntu 13.3.0-6ubuntu2~24.04) 13.3.0’
g++ -std=gnu++17 -I"/usr/local/lib/R/include" -DNDEBUG   -I/usr/local/include    -fpic  -g -O2 -fstack-protector-strong -Wformat -Wformat-security -Wdate-time -D_FORTIFY_SOURCE=2 -g  -DR_NO_REMAP -c cisPath.cpp -o cisPath.o
cisPath.cpp: In function ‘bool processWebInput(const char*, bool, bool)’:
cisPath.cpp:3555:27: warning: format not a string literal and no format arguments [-Wformat-security]
 3555 |             PRINTFUNCTION(buffer);
      |                           ^~~~~~
g++ -std=gnu++17 -shared -L/usr/local/lib/R/lib -L/usr/local/lib -o cisPath.so cisPath.o -L/usr/local/lib/R/lib -lR
installing to /mnt/library/00LOCK-cisPath/00new/cisPath/libs
** R
** inst
** byte-compile and prepare package for lazy loading
** help
*** installing help indices
** building package indices
** installing vignettes
** testing if installed package can be loaded from temporary location
** checking absolute paths in shared objects and dynamic libraries
** testing if installed package can be loaded from final location
** testing if installed package keeps a record of temporary installation path
* creating tarball
packaged installation of ‘cisPath’ as ‘cisPath_1.46.0_R_x86_64-pc-linux-gnu.tar.gz’
* DONE (cisPath)

The downloaded source packages are in
	‘/tmp/Rtmp3cstuJ/downloaded_packages’
Old packages: 'bslib', 'cli', 'curl', 'evaluate', 'httr2', 'jsonlite',
  'openssl', 'pillar', 'pkgbuild', 'processx', 'ps', 'purrr', 'R6', 'Rcpp',
  'rlang', 'sessioninfo', 'systemfonts', 'testthat', 'textshaping', 'tinytex',
  'xfun', 'zip', 'class', 'foreign', 'KernSmooth', 'MASS', 'Matrix', 'nlme',
  'nnet', 'rpart', 'spatial'

real	2m11.174s
user	0m14.615s
sys	0m2.699s
