'getOption("repos")' replaces Bioconductor standard repositories, see
'help("repositories", package = "BiocManager")' for details.
Replacement repositories:
    CRAN: https://p3m.dev/cran/__linux__/noble/latest
Bioconductor version 3.20 (BiocManager 1.30.25), R 4.4.2 (2024-10-31)
Installing package(s) 'SomaticSignatures'
also installing the dependency ‘SomaticCancerAlterations’

trying URL 'https://bioconductor.org/packages/3.20/data/experiment/src/contrib/SomaticCancerAlterations_1.42.0.tar.gz'
Content type 'application/x-gzip' length 4658006 bytes (4.4 MB)
==================================================
downloaded 4.4 MB

trying URL 'https://bioconductor.org/packages/3.20/bioc/src/contrib/SomaticSignatures_2.42.0.tar.gz'
Content type 'application/x-gzip' length 2287646 bytes (2.2 MB)
==================================================
downloaded 2.2 MB

* installing *source* package ‘SomaticCancerAlterations’ ...
** using staged installation
** R
** data
** inst
** byte-compile and prepare package for lazy loading
** help
*** installing help indices
** building package indices
** installing vignettes
** testing if installed package can be loaded from temporary location
** testing if installed package can be loaded from final location
** testing if installed package keeps a record of temporary installation path
* creating tarball
packaged installation of ‘SomaticCancerAlterations’ as ‘SomaticCancerAlterations_1.42.0_R_x86_64-pc-linux-gnu.tar.gz’
* DONE (SomaticCancerAlterations)
* installing *source* package ‘SomaticSignatures’ ...
** package ‘SomaticSignatures’ successfully unpacked and MD5 sums checked
** using staged installation
** R
** data
** inst
** byte-compile and prepare package for lazy loading
** help
*** installing help indices
** building package indices
** installing vignettes
** testing if installed package can be loaded from temporary location
** testing if installed package can be loaded from final location
** testing if installed package keeps a record of temporary installation path
* creating tarball
packaged installation of ‘SomaticSignatures’ as ‘SomaticSignatures_2.42.0_R_x86_64-pc-linux-gnu.tar.gz’
* DONE (SomaticSignatures)

The downloaded source packages are in
	‘/tmp/RtmpqI5RpQ/downloaded_packages’
Old packages: 'bslib', 'cli', 'curl', 'evaluate', 'httr2', 'jsonlite',
  'openssl', 'pillar', 'pkgbuild', 'processx', 'ps', 'purrr', 'R6', 'Rcpp',
  'rlang', 'sessioninfo', 'systemfonts', 'testthat', 'textshaping', 'tinytex',
  'xfun', 'zip', 'class', 'foreign', 'KernSmooth', 'MASS', 'Matrix', 'nlme',
  'nnet', 'rpart', 'spatial'

real	1m59.278s
user	1m2.188s
sys	0m11.325s
