'getOption("repos")' replaces Bioconductor standard repositories, see
'help("repositories", package = "BiocManager")' for details.
Replacement repositories:
    CRAN: https://p3m.dev/cran/__linux__/noble/latest
Bioconductor version 3.20 (BiocManager 1.30.25), R 4.4.2 (2024-10-31)
Installing package(s) 'GOfuncR'
also installing the dependency ‘mapplots’

trying URL 'https://p3m.dev/cran/__linux__/noble/latest/src/contrib/mapplots_1.5.2.tar.gz'
Content type 'binary/octet-stream' length 355084 bytes (346 KB)
==================================================
downloaded 346 KB

trying URL 'https://bioconductor.org/packages/3.20/bioc/src/contrib/GOfuncR_1.26.0.tar.gz'
Content type 'application/x-gzip' length 5444813 bytes (5.2 MB)
==================================================
downloaded 5.2 MB

* installing *binary* package ‘mapplots’ ...
* ‘mapplots’ was already a binary package and will not be rebuilt
* creating tarball
packaged installation of ‘mapplots’ as ‘mapplots_1.5.2_R_x86_64-pc-linux-gnu.tar.gz’
* DONE (mapplots)
* installing *source* package ‘GOfuncR’ ...
** package ‘GOfuncR’ successfully unpacked and MD5 sums checked
** using staged installation
** libs
using C compiler: ‘gcc (Ubuntu 13.3.0-6ubuntu2~24.04) 13.3.0’
using C++ compiler: ‘g++ (Ubuntu 13.3.0-6ubuntu2~24.04) 13.3.0’
g++ -std=gnu++17 -I"/usr/local/lib/R/include" -DNDEBUG  -I'/usr/local/lib/R/site-library/Rcpp/include' -I/usr/local/include    -fpic  -g -O2 -fstack-protector-strong -Wformat -Wformat-security -Wdate-time -D_FORTIFY_SOURCE=2 -g  -DR_NO_REMAP -c RcppExports.cpp -o RcppExports.o
g++ -std=gnu++17 -I"/usr/local/lib/R/include" -DNDEBUG  -I'/usr/local/lib/R/site-library/Rcpp/include' -I/usr/local/include    -fpic  -g -O2 -fstack-protector-strong -Wformat -Wformat-security -Wdate-time -D_FORTIFY_SOURCE=2 -g  -DR_NO_REMAP -c binom_categorytest.cc -o binom_categorytest.o
g++ -std=gnu++17 -I"/usr/local/lib/R/include" -DNDEBUG  -I'/usr/local/lib/R/site-library/Rcpp/include' -I/usr/local/include    -fpic  -g -O2 -fstack-protector-strong -Wformat -Wformat-security -Wdate-time -D_FORTIFY_SOURCE=2 -g  -DR_NO_REMAP -c binom_randset.cc -o binom_randset.o
g++ -std=gnu++17 -I"/usr/local/lib/R/include" -DNDEBUG  -I'/usr/local/lib/R/site-library/Rcpp/include' -I/usr/local/include    -fpic  -g -O2 -fstack-protector-strong -Wformat -Wformat-security -Wdate-time -D_FORTIFY_SOURCE=2 -g  -DR_NO_REMAP -c blocks.cpp -o blocks.o
g++ -std=gnu++17 -I"/usr/local/lib/R/include" -DNDEBUG  -I'/usr/local/lib/R/site-library/Rcpp/include' -I/usr/local/include    -fpic  -g -O2 -fstack-protector-strong -Wformat -Wformat-security -Wdate-time -D_FORTIFY_SOURCE=2 -g  -DR_NO_REMAP -c conti_categorytest.cc -o conti_categorytest.o
g++ -std=gnu++17 -I"/usr/local/lib/R/include" -DNDEBUG  -I'/usr/local/lib/R/site-library/Rcpp/include' -I/usr/local/include    -fpic  -g -O2 -fstack-protector-strong -Wformat -Wformat-security -Wdate-time -D_FORTIFY_SOURCE=2 -g  -DR_NO_REMAP -c conti_randset.cc -o conti_randset.o
g++ -std=gnu++17 -I"/usr/local/lib/R/include" -DNDEBUG  -I'/usr/local/lib/R/site-library/Rcpp/include' -I/usr/local/include    -fpic  -g -O2 -fstack-protector-strong -Wformat -Wformat-security -Wdate-time -D_FORTIFY_SOURCE=2 -g  -DR_NO_REMAP -c gene.cc -o gene.o
g++ -std=gnu++17 -I"/usr/local/lib/R/include" -DNDEBUG  -I'/usr/local/lib/R/site-library/Rcpp/include' -I/usr/local/include    -fpic  -g -O2 -fstack-protector-strong -Wformat -Wformat-security -Wdate-time -D_FORTIFY_SOURCE=2 -g  -DR_NO_REMAP -c gene_binom.cc -o gene_binom.o
g++ -std=gnu++17 -I"/usr/local/lib/R/include" -DNDEBUG  -I'/usr/local/lib/R/site-library/Rcpp/include' -I/usr/local/include    -fpic  -g -O2 -fstack-protector-strong -Wformat -Wformat-security -Wdate-time -D_FORTIFY_SOURCE=2 -g  -DR_NO_REMAP -c gene_conti.cc -o gene_conti.o
g++ -std=gnu++17 -I"/usr/local/lib/R/include" -DNDEBUG  -I'/usr/local/lib/R/site-library/Rcpp/include' -I/usr/local/include    -fpic  -g -O2 -fstack-protector-strong -Wformat -Wformat-security -Wdate-time -D_FORTIFY_SOURCE=2 -g  -DR_NO_REMAP -c genes.cc -o genes.o
g++ -std=gnu++17 -I"/usr/local/lib/R/include" -DNDEBUG  -I'/usr/local/lib/R/site-library/Rcpp/include' -I/usr/local/include    -fpic  -g -O2 -fstack-protector-strong -Wformat -Wformat-security -Wdate-time -D_FORTIFY_SOURCE=2 -g  -DR_NO_REMAP -c genes_binom.cc -o genes_binom.o
g++ -std=gnu++17 -I"/usr/local/lib/R/include" -DNDEBUG  -I'/usr/local/lib/R/site-library/Rcpp/include' -I/usr/local/include    -fpic  -g -O2 -fstack-protector-strong -Wformat -Wformat-security -Wdate-time -D_FORTIFY_SOURCE=2 -g  -DR_NO_REMAP -c genes_conti.cc -o genes_conti.o
g++ -std=gnu++17 -I"/usr/local/lib/R/include" -DNDEBUG  -I'/usr/local/lib/R/site-library/Rcpp/include' -I/usr/local/include    -fpic  -g -O2 -fstack-protector-strong -Wformat -Wformat-security -Wdate-time -D_FORTIFY_SOURCE=2 -g  -DR_NO_REMAP -c go.cc -o go.o
g++ -std=gnu++17 -I"/usr/local/lib/R/include" -DNDEBUG  -I'/usr/local/lib/R/site-library/Rcpp/include' -I/usr/local/include    -fpic  -g -O2 -fstack-protector-strong -Wformat -Wformat-security -Wdate-time -D_FORTIFY_SOURCE=2 -g  -DR_NO_REMAP -c go_graph.cc -o go_graph.o
g++ -std=gnu++17 -I"/usr/local/lib/R/include" -DNDEBUG  -I'/usr/local/lib/R/site-library/Rcpp/include' -I/usr/local/include    -fpic  -g -O2 -fstack-protector-strong -Wformat -Wformat-security -Wdate-time -D_FORTIFY_SOURCE=2 -g  -DR_NO_REMAP -c go_graph_binom.cc -o go_graph_binom.o
g++ -std=gnu++17 -I"/usr/local/lib/R/include" -DNDEBUG  -I'/usr/local/lib/R/site-library/Rcpp/include' -I/usr/local/include    -fpic  -g -O2 -fstack-protector-strong -Wformat -Wformat-security -Wdate-time -D_FORTIFY_SOURCE=2 -g  -DR_NO_REMAP -c go_graph_conti.cc -o go_graph_conti.o
g++ -std=gnu++17 -I"/usr/local/lib/R/include" -DNDEBUG  -I'/usr/local/lib/R/site-library/Rcpp/include' -I/usr/local/include    -fpic  -g -O2 -fstack-protector-strong -Wformat -Wformat-security -Wdate-time -D_FORTIFY_SOURCE=2 -g  -DR_NO_REMAP -c go_graph_hyper.cc -o go_graph_hyper.o
g++ -std=gnu++17 -I"/usr/local/lib/R/include" -DNDEBUG  -I'/usr/local/lib/R/site-library/Rcpp/include' -I/usr/local/include    -fpic  -g -O2 -fstack-protector-strong -Wformat -Wformat-security -Wdate-time -D_FORTIFY_SOURCE=2 -g  -DR_NO_REMAP -c go_groups.cc -o go_groups.o
g++ -std=gnu++17 -I"/usr/local/lib/R/include" -DNDEBUG  -I'/usr/local/lib/R/site-library/Rcpp/include' -I/usr/local/include    -fpic  -g -O2 -fstack-protector-strong -Wformat -Wformat-security -Wdate-time -D_FORTIFY_SOURCE=2 -g  -DR_NO_REMAP -c go_groups_binom.cc -o go_groups_binom.o
g++ -std=gnu++17 -I"/usr/local/lib/R/include" -DNDEBUG  -I'/usr/local/lib/R/site-library/Rcpp/include' -I/usr/local/include    -fpic  -g -O2 -fstack-protector-strong -Wformat -Wformat-security -Wdate-time -D_FORTIFY_SOURCE=2 -g  -DR_NO_REMAP -c go_groups_conti.cc -o go_groups_conti.o
g++ -std=gnu++17 -I"/usr/local/lib/R/include" -DNDEBUG  -I'/usr/local/lib/R/site-library/Rcpp/include' -I/usr/local/include    -fpic  -g -O2 -fstack-protector-strong -Wformat -Wformat-security -Wdate-time -D_FORTIFY_SOURCE=2 -g  -DR_NO_REMAP -c go_groups_hyper.cc -o go_groups_hyper.o
g++ -std=gnu++17 -I"/usr/local/lib/R/include" -DNDEBUG  -I'/usr/local/lib/R/site-library/Rcpp/include' -I/usr/local/include    -fpic  -g -O2 -fstack-protector-strong -Wformat -Wformat-security -Wdate-time -D_FORTIFY_SOURCE=2 -g  -DR_NO_REMAP -c go_obj.cc -o go_obj.o
g++ -std=gnu++17 -I"/usr/local/lib/R/include" -DNDEBUG  -I'/usr/local/lib/R/site-library/Rcpp/include' -I/usr/local/include    -fpic  -g -O2 -fstack-protector-strong -Wformat -Wformat-security -Wdate-time -D_FORTIFY_SOURCE=2 -g  -DR_NO_REMAP -c go_obj_binom.cc -o go_obj_binom.o
g++ -std=gnu++17 -I"/usr/local/lib/R/include" -DNDEBUG  -I'/usr/local/lib/R/site-library/Rcpp/include' -I/usr/local/include    -fpic  -g -O2 -fstack-protector-strong -Wformat -Wformat-security -Wdate-time -D_FORTIFY_SOURCE=2 -g  -DR_NO_REMAP -c go_obj_conti.cc -o go_obj_conti.o
g++ -std=gnu++17 -I"/usr/local/lib/R/include" -DNDEBUG  -I'/usr/local/lib/R/site-library/Rcpp/include' -I/usr/local/include    -fpic  -g -O2 -fstack-protector-strong -Wformat -Wformat-security -Wdate-time -D_FORTIFY_SOURCE=2 -g  -DR_NO_REMAP -c go_obj_hyper.cc -o go_obj_hyper.o
g++ -std=gnu++17 -I"/usr/local/lib/R/include" -DNDEBUG  -I'/usr/local/lib/R/site-library/Rcpp/include' -I/usr/local/include    -fpic  -g -O2 -fstack-protector-strong -Wformat -Wformat-security -Wdate-time -D_FORTIFY_SOURCE=2 -g  -DR_NO_REMAP -c hyper_categorytest.cc -o hyper_categorytest.o
g++ -std=gnu++17 -I"/usr/local/lib/R/include" -DNDEBUG  -I'/usr/local/lib/R/site-library/Rcpp/include' -I/usr/local/include    -fpic  -g -O2 -fstack-protector-strong -Wformat -Wformat-security -Wdate-time -D_FORTIFY_SOURCE=2 -g  -DR_NO_REMAP -c hyper_randset.cc -o hyper_randset.o
g++ -std=gnu++17 -I"/usr/local/lib/R/include" -DNDEBUG  -I'/usr/local/lib/R/site-library/Rcpp/include' -I/usr/local/include    -fpic  -g -O2 -fstack-protector-strong -Wformat -Wformat-security -Wdate-time -D_FORTIFY_SOURCE=2 -g  -DR_NO_REMAP -c idmap.cc -o idmap.o
gcc -I"/usr/local/lib/R/include" -DNDEBUG  -I'/usr/local/lib/R/site-library/Rcpp/include' -I/usr/local/include    -fpic  -g -O2 -fstack-protector-strong -Wformat -Wformat-security -Wdate-time -D_FORTIFY_SOURCE=2 -g  -c init.c -o init.o
g++ -std=gnu++17 -I"/usr/local/lib/R/include" -DNDEBUG  -I'/usr/local/lib/R/site-library/Rcpp/include' -I/usr/local/include    -fpic  -g -O2 -fstack-protector-strong -Wformat -Wformat-security -Wdate-time -D_FORTIFY_SOURCE=2 -g  -DR_NO_REMAP -c ran_genelen.cpp -o ran_genelen.o
g++ -std=gnu++17 -I"/usr/local/lib/R/include" -DNDEBUG  -I'/usr/local/lib/R/site-library/Rcpp/include' -I/usr/local/include    -fpic  -g -O2 -fstack-protector-strong -Wformat -Wformat-security -Wdate-time -D_FORTIFY_SOURCE=2 -g  -DR_NO_REMAP -c read_bed.cpp -o read_bed.o
g++ -std=gnu++17 -I"/usr/local/lib/R/include" -DNDEBUG  -I'/usr/local/lib/R/site-library/Rcpp/include' -I/usr/local/include    -fpic  -g -O2 -fstack-protector-strong -Wformat -Wformat-security -Wdate-time -D_FORTIFY_SOURCE=2 -g  -DR_NO_REMAP -c roll.cpp -o roll.o
g++ -std=gnu++17 -I"/usr/local/lib/R/include" -DNDEBUG  -I'/usr/local/lib/R/site-library/Rcpp/include' -I/usr/local/include    -fpic  -g -O2 -fstack-protector-strong -Wformat -Wformat-security -Wdate-time -D_FORTIFY_SOURCE=2 -g  -DR_NO_REMAP -c transitions.cc -o transitions.o
g++ -std=gnu++17 -I"/usr/local/lib/R/include" -DNDEBUG  -I'/usr/local/lib/R/site-library/Rcpp/include' -I/usr/local/include    -fpic  -g -O2 -fstack-protector-strong -Wformat -Wformat-security -Wdate-time -D_FORTIFY_SOURCE=2 -g  -DR_NO_REMAP -c unlock_environment.cc -o unlock_environment.o
g++ -std=gnu++17 -I"/usr/local/lib/R/include" -DNDEBUG  -I'/usr/local/lib/R/site-library/Rcpp/include' -I/usr/local/include    -fpic  -g -O2 -fstack-protector-strong -Wformat -Wformat-security -Wdate-time -D_FORTIFY_SOURCE=2 -g  -DR_NO_REMAP -c wilcox_categorytest.cc -o wilcox_categorytest.o
g++ -std=gnu++17 -I"/usr/local/lib/R/include" -DNDEBUG  -I'/usr/local/lib/R/site-library/Rcpp/include' -I/usr/local/include    -fpic  -g -O2 -fstack-protector-strong -Wformat -Wformat-security -Wdate-time -D_FORTIFY_SOURCE=2 -g  -DR_NO_REMAP -c wilcox_randset.cc -o wilcox_randset.o
g++ -std=gnu++17 -shared -L/usr/local/lib/R/lib -L/usr/local/lib -o GOfuncR.so RcppExports.o binom_categorytest.o binom_randset.o blocks.o conti_categorytest.o conti_randset.o gene.o gene_binom.o gene_conti.o genes.o genes_binom.o genes_conti.o go.o go_graph.o go_graph_binom.o go_graph_conti.o go_graph_hyper.o go_groups.o go_groups_binom.o go_groups_conti.o go_groups_hyper.o go_obj.o go_obj_binom.o go_obj_conti.o go_obj_hyper.o hyper_categorytest.o hyper_randset.o idmap.o init.o ran_genelen.o read_bed.o roll.o transitions.o unlock_environment.o wilcox_categorytest.o wilcox_randset.o -L/usr/local/lib/R/lib -lR
installing to /mnt/library/00LOCK-GOfuncR/00new/GOfuncR/libs
** R
** inst
** byte-compile and prepare package for lazy loading
** help
*** installing help indices
** building package indices
** installing vignettes
** testing if installed package can be loaded from temporary location
** checking absolute paths in shared objects and dynamic libraries
** testing if installed package can be loaded from final location
** testing if installed package keeps a record of temporary installation path
* creating tarball
packaged installation of ‘GOfuncR’ as ‘GOfuncR_1.26.0_R_x86_64-pc-linux-gnu.tar.gz’
* DONE (GOfuncR)

The downloaded source packages are in
	‘/tmp/RtmpKUnotI/downloaded_packages’
Old packages: 'bslib', 'cli', 'curl', 'evaluate', 'httr2', 'jsonlite',
  'openssl', 'pillar', 'pkgbuild', 'processx', 'ps', 'purrr', 'R6', 'Rcpp',
  'rlang', 'sessioninfo', 'systemfonts', 'testthat', 'textshaping', 'tinytex',
  'xfun', 'zip', 'class', 'foreign', 'KernSmooth', 'MASS', 'Matrix', 'nlme',
  'nnet', 'rpart', 'spatial'

real	8m55.847s
user	1m18.420s
sys	0m12.445s
