'getOption("repos")' replaces Bioconductor standard repositories, see
'help("repositories", package = "BiocManager")' for details.
Replacement repositories:
    CRAN: https://p3m.dev/cran/__linux__/noble/latest
Bioconductor version 3.20 (BiocManager 1.30.25), R 4.4.2 (2024-10-31)
Installing package(s) 'skewr'
also installing the dependency ‘mixsmsn’

trying URL 'https://p3m.dev/cran/__linux__/noble/latest/src/contrib/mixsmsn_1.1-10.tar.gz'
Content type 'binary/octet-stream' length 210029 bytes (205 KB)
==================================================
downloaded 205 KB

trying URL 'https://bioconductor.org/packages/3.20/bioc/src/contrib/skewr_1.38.0.tar.gz'
Content type 'application/x-gzip' length 978333 bytes (955 KB)
==================================================
downloaded 955 KB

* installing *binary* package ‘mixsmsn’ ...
* ‘mixsmsn’ was already a binary package and will not be rebuilt
* creating tarball
packaged installation of ‘mixsmsn’ as ‘mixsmsn_1.1-10_R_x86_64-pc-linux-gnu.tar.gz’
* DONE (mixsmsn)
* installing *source* package ‘skewr’ ...
** package ‘skewr’ successfully unpacked and MD5 sums checked
** using staged installation
** R
** inst
** byte-compile and prepare package for lazy loading
No methods found in package ‘RSQLite’ for request: ‘dbListFields’ when loading ‘lumi’
** help
*** installing help indices
** building package indices
** installing vignettes
** testing if installed package can be loaded from temporary location
No methods found in package ‘RSQLite’ for request: ‘dbListFields’ when loading ‘lumi’
** testing if installed package can be loaded from final location
No methods found in package ‘RSQLite’ for request: ‘dbListFields’ when loading ‘lumi’
** testing if installed package keeps a record of temporary installation path
* creating tarball
packaged installation of ‘skewr’ as ‘skewr_1.38.0_R_x86_64-pc-linux-gnu.tar.gz’
* DONE (skewr)

The downloaded source packages are in
	‘/tmp/RtmpQWsEBa/downloaded_packages’
Old packages: 'bslib', 'cli', 'curl', 'evaluate', 'httr2', 'jsonlite',
  'openssl', 'pillar', 'pkgbuild', 'processx', 'ps', 'purrr', 'R6', 'Rcpp',
  'rlang', 'sessioninfo', 'systemfonts', 'testthat', 'textshaping', 'tinytex',
  'xfun', 'zip', 'class', 'foreign', 'KernSmooth', 'MASS', 'Matrix', 'nlme',
  'nnet', 'rpart', 'spatial'

real	1m17.402s
user	0m52.746s
sys	0m8.892s
