'getOption("repos")' replaces Bioconductor standard repositories, see
'help("repositories", package = "BiocManager")' for details.
Replacement repositories:
    CRAN: https://p3m.dev/cran/__linux__/noble/latest
Bioconductor version 3.20 (BiocManager 1.30.25), R 4.4.2 (2024-10-31)
Installing package(s) 'MethylAid'
also installing the dependency ‘MethylAidData’

trying URL 'https://bioconductor.org/packages/3.20/data/experiment/src/contrib/MethylAidData_1.38.0.tar.gz'
Content type 'application/x-gzip' length 21987500 bytes (21.0 MB)
==================================================
downloaded 21.0 MB

trying URL 'https://bioconductor.org/packages/3.20/bioc/src/contrib/MethylAid_1.40.0.tar.gz'
Content type 'application/x-gzip' length 3160903 bytes (3.0 MB)
==================================================
downloaded 3.0 MB

* installing *source* package ‘MethylAid’ ...
** package ‘MethylAid’ successfully unpacked and MD5 sums checked
** using staged installation
** R
** data
** inst
** byte-compile and prepare package for lazy loading
** help
*** installing help indices
** building package indices
** installing vignettes
** testing if installed package can be loaded from temporary location
** testing if installed package can be loaded from final location
** testing if installed package keeps a record of temporary installation path
* creating tarball
packaged installation of ‘MethylAid’ as ‘MethylAid_1.40.0_R_x86_64-pc-linux-gnu.tar.gz’
* DONE (MethylAid)
* installing *source* package ‘MethylAidData’ ...
** using staged installation
** data
** inst
** help
*** installing help indices
** building package indices
** installing vignettes
** testing if installed package can be loaded from temporary location
** testing if installed package can be loaded from final location
** testing if installed package keeps a record of temporary installation path
* creating tarball
packaged installation of ‘MethylAidData’ as ‘MethylAidData_1.38.0_R_x86_64-pc-linux-gnu.tar.gz’
* DONE (MethylAidData)

The downloaded source packages are in
	‘/tmp/RtmpbVvGZY/downloaded_packages’
Old packages: 'bslib', 'cli', 'curl', 'evaluate', 'httr2', 'jsonlite',
  'openssl', 'pillar', 'pkgbuild', 'processx', 'ps', 'purrr', 'R6', 'Rcpp',
  'rlang', 'sessioninfo', 'systemfonts', 'testthat', 'textshaping', 'tinytex',
  'xfun', 'zip', 'class', 'foreign', 'KernSmooth', 'MASS', 'Matrix', 'nlme',
  'nnet', 'rpart', 'spatial'

real	2m16.275s
user	1m12.353s
sys	0m10.696s
