'getOption("repos")' replaces Bioconductor standard repositories, see
'help("repositories", package = "BiocManager")' for details.
Replacement repositories:
    CRAN: https://p3m.dev/cran/__linux__/noble/latest
Bioconductor version 3.20 (BiocManager 1.30.25), R 4.4.2 (2024-10-31)
Installing package(s) 'epigraHMM'
also installing the dependency ‘BSgenome.Rnorvegicus.UCSC.rn4’

trying URL 'https://bioconductor.org/packages/3.20/data/annotation/src/contrib/BSgenome.Rnorvegicus.UCSC.rn4_1.4.0.tar.gz'
Content type 'application/x-gzip' length 610557403 bytes (582.3 MB)
==================================================
downloaded 582.3 MB

trying URL 'https://bioconductor.org/packages/3.20/bioc/src/contrib/epigraHMM_1.14.0.tar.gz'
Content type 'application/x-gzip' length 746548 bytes (729 KB)
==================================================
downloaded 729 KB

* installing *source* package ‘BSgenome.Rnorvegicus.UCSC.rn4’ ...
** using staged installation
** R
** inst
** byte-compile and prepare package for lazy loading
** help
*** installing help indices
** building package indices
** testing if installed package can be loaded from temporary location
** testing if installed package can be loaded from final location
** testing if installed package keeps a record of temporary installation path
* creating tarball
packaged installation of ‘BSgenome.Rnorvegicus.UCSC.rn4’ as ‘BSgenome.Rnorvegicus.UCSC.rn4_1.4.0_R_x86_64-pc-linux-gnu.tar.gz’
* DONE (BSgenome.Rnorvegicus.UCSC.rn4)
* installing *source* package ‘epigraHMM’ ...
** package ‘epigraHMM’ successfully unpacked and MD5 sums checked
** using staged installation
** libs
using C++ compiler: ‘g++ (Ubuntu 13.3.0-6ubuntu2~24.04) 13.3.0’
using C++11
g++ -std=gnu++11 -I"/usr/local/lib/R/include" -DNDEBUG  -I'/usr/local/lib/R/site-library/Rcpp/include' -I'/mnt/library/RcppArmadillo/include' -I'/mnt/library/Rhdf5lib/include' -I/usr/local/include   -fopenmp -DARMA_USE_HDF5 -fpic  -g -O2 -fstack-protector-strong -Wformat -Wformat-security -Wdate-time -D_FORTIFY_SOURCE=2 -g  -DR_NO_REMAP -c RcppExports.cpp -o RcppExports.o
g++ -std=gnu++11 -I"/usr/local/lib/R/include" -DNDEBUG  -I'/usr/local/lib/R/site-library/Rcpp/include' -I'/mnt/library/RcppArmadillo/include' -I'/mnt/library/Rhdf5lib/include' -I/usr/local/include   -fopenmp -DARMA_USE_HDF5 -fpic  -g -O2 -fstack-protector-strong -Wformat -Wformat-security -Wdate-time -D_FORTIFY_SOURCE=2 -g  -DR_NO_REMAP -c aggregate.cpp -o aggregate.o
g++ -std=gnu++11 -I"/usr/local/lib/R/include" -DNDEBUG  -I'/usr/local/lib/R/site-library/Rcpp/include' -I'/mnt/library/RcppArmadillo/include' -I'/mnt/library/Rhdf5lib/include' -I/usr/local/include   -fopenmp -DARMA_USE_HDF5 -fpic  -g -O2 -fstack-protector-strong -Wformat -Wformat-security -Wdate-time -D_FORTIFY_SOURCE=2 -g  -DR_NO_REMAP -c computeBIC.cpp -o computeBIC.o
g++ -std=gnu++11 -I"/usr/local/lib/R/include" -DNDEBUG  -I'/usr/local/lib/R/site-library/Rcpp/include' -I'/mnt/library/RcppArmadillo/include' -I'/mnt/library/Rhdf5lib/include' -I/usr/local/include   -fopenmp -DARMA_USE_HDF5 -fpic  -g -O2 -fstack-protector-strong -Wformat -Wformat-security -Wdate-time -D_FORTIFY_SOURCE=2 -g  -DR_NO_REMAP -c computeQFunction.cpp -o computeQFunction.o
g++ -std=gnu++11 -I"/usr/local/lib/R/include" -DNDEBUG  -I'/usr/local/lib/R/site-library/Rcpp/include' -I'/mnt/library/RcppArmadillo/include' -I'/mnt/library/Rhdf5lib/include' -I/usr/local/include   -fopenmp -DARMA_USE_HDF5 -fpic  -g -O2 -fstack-protector-strong -Wformat -Wformat-security -Wdate-time -D_FORTIFY_SOURCE=2 -g  -DR_NO_REMAP -c computeViterbiSequence.cpp -o computeViterbiSequence.o
g++ -std=gnu++11 -I"/usr/local/lib/R/include" -DNDEBUG  -I'/usr/local/lib/R/site-library/Rcpp/include' -I'/mnt/library/RcppArmadillo/include' -I'/mnt/library/Rhdf5lib/include' -I/usr/local/include   -fopenmp -DARMA_USE_HDF5 -fpic  -g -O2 -fstack-protector-strong -Wformat -Wformat-security -Wdate-time -D_FORTIFY_SOURCE=2 -g  -DR_NO_REMAP -c consensusRejectionControlled.cpp -o consensusRejectionControlled.o
g++ -std=gnu++11 -I"/usr/local/lib/R/include" -DNDEBUG  -I'/usr/local/lib/R/site-library/Rcpp/include' -I'/mnt/library/RcppArmadillo/include' -I'/mnt/library/Rhdf5lib/include' -I/usr/local/include   -fopenmp -DARMA_USE_HDF5 -fpic  -g -O2 -fstack-protector-strong -Wformat -Wformat-security -Wdate-time -D_FORTIFY_SOURCE=2 -g  -DR_NO_REMAP -c differentialRejectionControlled.cpp -o differentialRejectionControlled.o
g++ -std=gnu++11 -I"/usr/local/lib/R/include" -DNDEBUG  -I'/usr/local/lib/R/site-library/Rcpp/include' -I'/mnt/library/RcppArmadillo/include' -I'/mnt/library/Rhdf5lib/include' -I/usr/local/include   -fopenmp -DARMA_USE_HDF5 -fpic  -g -O2 -fstack-protector-strong -Wformat -Wformat-security -Wdate-time -D_FORTIFY_SOURCE=2 -g  -DR_NO_REMAP -c expStep.cpp -o expStep.o
g++ -std=gnu++11 -I"/usr/local/lib/R/include" -DNDEBUG  -I'/usr/local/lib/R/site-library/Rcpp/include' -I'/mnt/library/RcppArmadillo/include' -I'/mnt/library/Rhdf5lib/include' -I/usr/local/include   -fopenmp -DARMA_USE_HDF5 -fpic  -g -O2 -fstack-protector-strong -Wformat -Wformat-security -Wdate-time -D_FORTIFY_SOURCE=2 -g  -DR_NO_REMAP -c getMarginalProbability.cpp -o getMarginalProbability.o
g++ -std=gnu++11 -I"/usr/local/lib/R/include" -DNDEBUG  -I'/usr/local/lib/R/site-library/Rcpp/include' -I'/mnt/library/RcppArmadillo/include' -I'/mnt/library/Rhdf5lib/include' -I/usr/local/include   -fopenmp -DARMA_USE_HDF5 -fpic  -g -O2 -fstack-protector-strong -Wformat -Wformat-security -Wdate-time -D_FORTIFY_SOURCE=2 -g  -DR_NO_REMAP -c innerMaxStepProb.cpp -o innerMaxStepProb.o
g++ -std=gnu++11 -I"/usr/local/lib/R/include" -DNDEBUG  -I'/usr/local/lib/R/site-library/Rcpp/include' -I'/mnt/library/RcppArmadillo/include' -I'/mnt/library/Rhdf5lib/include' -I/usr/local/include   -fopenmp -DARMA_USE_HDF5 -fpic  -g -O2 -fstack-protector-strong -Wformat -Wformat-security -Wdate-time -D_FORTIFY_SOURCE=2 -g  -DR_NO_REMAP -c maxStepProb.cpp -o maxStepProb.o
g++ -std=gnu++11 -I"/usr/local/lib/R/include" -DNDEBUG  -I'/usr/local/lib/R/site-library/Rcpp/include' -I'/mnt/library/RcppArmadillo/include' -I'/mnt/library/Rhdf5lib/include' -I/usr/local/include   -fopenmp -DARMA_USE_HDF5 -fpic  -g -O2 -fstack-protector-strong -Wformat -Wformat-security -Wdate-time -D_FORTIFY_SOURCE=2 -g  -DR_NO_REMAP -c rbinomVectorized.cpp -o rbinomVectorized.o
g++ -std=gnu++11 -I"/usr/local/lib/R/include" -DNDEBUG  -I'/usr/local/lib/R/site-library/Rcpp/include' -I'/mnt/library/RcppArmadillo/include' -I'/mnt/library/Rhdf5lib/include' -I/usr/local/include   -fopenmp -DARMA_USE_HDF5 -fpic  -g -O2 -fstack-protector-strong -Wformat -Wformat-security -Wdate-time -D_FORTIFY_SOURCE=2 -g  -DR_NO_REMAP -c reweight.cpp -o reweight.o
g++ -std=gnu++11 -I"/usr/local/lib/R/include" -DNDEBUG  -I'/usr/local/lib/R/site-library/Rcpp/include' -I'/mnt/library/RcppArmadillo/include' -I'/mnt/library/Rhdf5lib/include' -I/usr/local/include   -fopenmp -DARMA_USE_HDF5 -fpic  -g -O2 -fstack-protector-strong -Wformat -Wformat-security -Wdate-time -D_FORTIFY_SOURCE=2 -g  -DR_NO_REMAP -c simulateMarkovChain.cpp -o simulateMarkovChain.o
g++ -std=gnu++11 -shared -L/usr/local/lib/R/lib -L/usr/local/lib -o epigraHMM.so RcppExports.o aggregate.o computeBIC.o computeQFunction.o computeViterbiSequence.o consensusRejectionControlled.o differentialRejectionControlled.o expStep.o getMarginalProbability.o innerMaxStepProb.o maxStepProb.o rbinomVectorized.o reweight.o simulateMarkovChain.o /mnt/library/Rhdf5lib/lib/libhdf5_cpp.a /mnt/library/Rhdf5lib/lib/libhdf5.a -lcrypto -lcurl -lsz -laec -lz -ldl -lm -fopenmp -llapack -lblas -lgfortran -lm -lquadmath -L/usr/local/lib/R/lib -lR
installing to /mnt/library/00LOCK-epigraHMM/00new/epigraHMM/libs
** R
** data
*** moving datasets to lazyload DB
** inst
** byte-compile and prepare package for lazy loading
** help
*** installing help indices
** building package indices
** installing vignettes
** testing if installed package can be loaded from temporary location
** checking absolute paths in shared objects and dynamic libraries
** testing if installed package can be loaded from final location
** testing if installed package keeps a record of temporary installation path
* creating tarball
packaged installation of ‘epigraHMM’ as ‘epigraHMM_1.14.0_R_x86_64-pc-linux-gnu.tar.gz’
* DONE (epigraHMM)

The downloaded source packages are in
	‘/tmp/RtmpgkLmB5/downloaded_packages’
Old packages: 'bslib', 'cli', 'curl', 'evaluate', 'httr2', 'jsonlite',
  'openssl', 'pillar', 'pkgbuild', 'processx', 'ps', 'purrr', 'R6', 'Rcpp',
  'rlang', 'sessioninfo', 'systemfonts', 'testthat', 'textshaping', 'tinytex',
  'xfun', 'zip', 'class', 'foreign', 'KernSmooth', 'MASS', 'Matrix', 'nlme',
  'nnet', 'rpart', 'spatial'

real	6m34.674s
user	3m8.856s
sys	0m24.336s
