'getOption("repos")' replaces Bioconductor standard repositories, see
'help("repositories", package = "BiocManager")' for details.
Replacement repositories:
    CRAN: https://p3m.dev/cran/__linux__/noble/latest
Bioconductor version 3.20 (BiocManager 1.30.25), R 4.4.2 (2024-10-31)
Installing package(s) 'scDesign3'
also installing the dependencies ‘rngWELL’, ‘randtoolbox’, ‘kde1d’, ‘wdm’, ‘rvinecopulib’

trying URL 'https://p3m.dev/cran/__linux__/noble/latest/src/contrib/rngWELL_0.10-10.tar.gz'
Content type 'binary/octet-stream' length 35883 bytes (35 KB)
==================================================
downloaded 35 KB

trying URL 'https://p3m.dev/cran/__linux__/noble/latest/src/contrib/randtoolbox_2.0.5.tar.gz'
Content type 'binary/octet-stream' length 1398868 bytes (1.3 MB)
==================================================
downloaded 1.3 MB

trying URL 'https://p3m.dev/cran/__linux__/noble/latest/src/contrib/kde1d_1.1.0.tar.gz'
Content type 'binary/octet-stream' length 161376 bytes (157 KB)
==================================================
downloaded 157 KB

trying URL 'https://p3m.dev/cran/__linux__/noble/latest/src/contrib/wdm_0.2.6.tar.gz'
Content type 'binary/octet-stream' length 114593 bytes (111 KB)
==================================================
downloaded 111 KB

trying URL 'https://p3m.dev/cran/__linux__/noble/latest/src/contrib/rvinecopulib_0.7.1.1.1.tar.gz'
Content type 'binary/octet-stream' length 2487397 bytes (2.4 MB)
==================================================
downloaded 2.4 MB

trying URL 'https://bioconductor.org/packages/3.20/bioc/src/contrib/scDesign3_1.4.0.tar.gz'
Content type 'application/x-gzip' length 925568 bytes (903 KB)
==================================================
downloaded 903 KB

* installing *binary* package ‘rngWELL’ ...
* ‘rngWELL’ was already a binary package and will not be rebuilt
* creating tarball
packaged installation of ‘rngWELL’ as ‘rngWELL_0.10-10_R_x86_64-pc-linux-gnu.tar.gz’
* DONE (rngWELL)
* installing *binary* package ‘wdm’ ...
* ‘wdm’ was already a binary package and will not be rebuilt
* creating tarball
packaged installation of ‘wdm’ as ‘wdm_0.2.6_R_x86_64-pc-linux-gnu.tar.gz’
* DONE (wdm)
* installing *binary* package ‘randtoolbox’ ...
* ‘randtoolbox’ was already a binary package and will not be rebuilt
* creating tarball
packaged installation of ‘randtoolbox’ as ‘randtoolbox_2.0.5_R_x86_64-pc-linux-gnu.tar.gz’
* DONE (randtoolbox)
* installing *binary* package ‘kde1d’ ...
* ‘kde1d’ was already a binary package and will not be rebuilt
* creating tarball
packaged installation of ‘kde1d’ as ‘kde1d_1.1.0_R_x86_64-pc-linux-gnu.tar.gz’
* DONE (kde1d)
* installing *binary* package ‘rvinecopulib’ ...
* ‘rvinecopulib’ was already a binary package and will not be rebuilt
* creating tarball
packaged installation of ‘rvinecopulib’ as ‘rvinecopulib_0.7.1.1.1_R_x86_64-pc-linux-gnu.tar.gz’
* DONE (rvinecopulib)
* installing *source* package ‘scDesign3’ ...
** package ‘scDesign3’ successfully unpacked and MD5 sums checked
** using staged installation
** R
** data
** inst
** byte-compile and prepare package for lazy loading
** help
*** installing help indices
*** copying figures
** building package indices
** installing vignettes
** testing if installed package can be loaded from temporary location
** testing if installed package can be loaded from final location
** testing if installed package keeps a record of temporary installation path
* creating tarball
packaged installation of ‘scDesign3’ as ‘scDesign3_1.4.0_R_x86_64-pc-linux-gnu.tar.gz’
* DONE (scDesign3)

The downloaded source packages are in
	‘/tmp/Rtmpf5LWG3/downloaded_packages’
Old packages: 'bslib', 'cli', 'curl', 'evaluate', 'httr2', 'jsonlite',
  'openssl', 'pillar', 'pkgbuild', 'processx', 'ps', 'purrr', 'R6', 'Rcpp',
  'rlang', 'sessioninfo', 'systemfonts', 'testthat', 'textshaping', 'tinytex',
  'xfun', 'zip', 'class', 'foreign', 'KernSmooth', 'MASS', 'Matrix', 'nlme',
  'nnet', 'rpart', 'spatial'

real	7m54.928s
user	0m22.085s
sys	0m5.144s
