'getOption("repos")' replaces Bioconductor standard repositories, see
'help("repositories", package = "BiocManager")' for details.
Replacement repositories:
    CRAN: https://p3m.dev/cran/__linux__/noble/latest
Bioconductor version 3.20 (BiocManager 1.30.25), R 4.4.2 (2024-10-31)
Installing package(s) 'sevenbridges'
also installing the dependencies ‘objectSignals’, ‘objectProperties’

trying URL 'https://p3m.dev/cran/__linux__/noble/latest/src/contrib/objectSignals_0.10.3.tar.gz'
Content type 'binary/octet-stream' length 146870 bytes (143 KB)
==================================================
downloaded 143 KB

trying URL 'https://p3m.dev/cran/__linux__/noble/latest/src/contrib/objectProperties_0.6.8.tar.gz'
Content type 'binary/octet-stream' length 292968 bytes (286 KB)
==================================================
downloaded 286 KB

trying URL 'https://bioconductor.org/packages/3.20/bioc/src/contrib/sevenbridges_1.36.0.tar.gz'
Content type 'application/x-gzip' length 4887360 bytes (4.7 MB)
==================================================
downloaded 4.7 MB

* installing *binary* package ‘objectSignals’ ...
* ‘objectSignals’ was already a binary package and will not be rebuilt
* creating tarball
packaged installation of ‘objectSignals’ as ‘objectSignals_0.10.3_R_x86_64-pc-linux-gnu.tar.gz’
* DONE (objectSignals)
* installing *binary* package ‘objectProperties’ ...
* ‘objectProperties’ was already a binary package and will not be rebuilt
* creating tarball
packaged installation of ‘objectProperties’ as ‘objectProperties_0.6.8_R_x86_64-pc-linux-gnu.tar.gz’
* DONE (objectProperties)
* installing *source* package ‘sevenbridges’ ...
** package ‘sevenbridges’ successfully unpacked and MD5 sums checked
** using staged installation
** R
** inst
** byte-compile and prepare package for lazy loading
** help
*** installing help indices
** building package indices
** installing vignettes
** testing if installed package can be loaded from temporary location
** testing if installed package can be loaded from final location
** testing if installed package keeps a record of temporary installation path
* creating tarball
packaged installation of ‘sevenbridges’ as ‘sevenbridges_1.36.0_R_x86_64-pc-linux-gnu.tar.gz’
* DONE (sevenbridges)

The downloaded source packages are in
	‘/tmp/RtmpgLhJCZ/downloaded_packages’
Old packages: 'bslib', 'cli', 'curl', 'evaluate', 'httr2', 'jsonlite',
  'openssl', 'pillar', 'pkgbuild', 'processx', 'ps', 'purrr', 'R6', 'Rcpp',
  'rlang', 'sessioninfo', 'systemfonts', 'testthat', 'textshaping', 'tinytex',
  'xfun', 'zip', 'class', 'foreign', 'KernSmooth', 'MASS', 'Matrix', 'nlme',
  'nnet', 'rpart', 'spatial'

real	1m1.258s
user	0m25.594s
sys	0m4.391s
