'getOption("repos")' replaces Bioconductor standard repositories, see
'help("repositories", package = "BiocManager")' for details.
Replacement repositories:
    CRAN: https://p3m.dev/cran/__linux__/noble/latest
Bioconductor version 3.20 (BiocManager 1.30.25), R 4.4.2 (2024-10-31)
Installing package(s) 'psichomics'
also installing the dependency ‘pairsD3’

trying URL 'https://p3m.dev/cran/__linux__/noble/latest/src/contrib/pairsD3_0.1.3.tar.gz'
Content type 'binary/octet-stream' length 88833 bytes (86 KB)
==================================================
downloaded 86 KB

trying URL 'https://bioconductor.org/packages/3.20/bioc/src/contrib/psichomics_1.32.0.tar.gz'
Content type 'application/x-gzip' length 6432915 bytes (6.1 MB)
==================================================
downloaded 6.1 MB

* installing *binary* package ‘pairsD3’ ...
* ‘pairsD3’ was already a binary package and will not be rebuilt
* creating tarball
packaged installation of ‘pairsD3’ as ‘pairsD3_0.1.3_R_x86_64-pc-linux-gnu.tar.gz’
* DONE (pairsD3)
* installing *source* package ‘psichomics’ ...
** package ‘psichomics’ successfully unpacked and MD5 sums checked
** using staged installation
** libs
using C++ compiler: ‘g++ (Ubuntu 13.3.0-6ubuntu2~24.04) 13.3.0’
g++ -std=gnu++17 -I"/usr/local/lib/R/include" -DNDEBUG  -I'/usr/local/lib/R/site-library/Rcpp/include' -I/usr/local/include    -fpic  -g -O2 -fstack-protector-strong -Wformat -Wformat-security -Wdate-time -D_FORTIFY_SOURCE=2 -g  -DR_NO_REMAP -c RcppExports.cpp -o RcppExports.o
g++ -std=gnu++17 -I"/usr/local/lib/R/include" -DNDEBUG  -I'/usr/local/lib/R/site-library/Rcpp/include' -I/usr/local/include    -fpic  -g -O2 -fstack-protector-strong -Wformat -Wformat-security -Wdate-time -D_FORTIFY_SOURCE=2 -g  -DR_NO_REMAP -c progressBar.cpp -o progressBar.o
g++ -std=gnu++17 -I"/usr/local/lib/R/include" -DNDEBUG  -I'/usr/local/lib/R/site-library/Rcpp/include' -I/usr/local/include    -fpic  -g -O2 -fstack-protector-strong -Wformat -Wformat-security -Wdate-time -D_FORTIFY_SOURCE=2 -g  -DR_NO_REMAP -c psiFastCalc.cpp -o psiFastCalc.o
g++ -std=gnu++17 -I"/usr/local/lib/R/include" -DNDEBUG  -I'/usr/local/lib/R/site-library/Rcpp/include' -I/usr/local/include    -fpic  -g -O2 -fstack-protector-strong -Wformat -Wformat-security -Wdate-time -D_FORTIFY_SOURCE=2 -g  -DR_NO_REMAP -c vastToolsParser.cpp -o vastToolsParser.o
g++ -std=gnu++17 -shared -L/usr/local/lib/R/lib -L/usr/local/lib -o psichomics.so RcppExports.o progressBar.o psiFastCalc.o vastToolsParser.o -L/usr/local/lib/R/lib -lR
installing to /mnt/library/00LOCK-psichomics/00new/psichomics/libs
** R
** inst
** byte-compile and prepare package for lazy loading
Creating a generic function for ‘colSums’ from package ‘base’ in package ‘psichomics’
** help
*** installing help indices
*** copying figures
** building package indices
** installing vignettes
** testing if installed package can be loaded from temporary location
** checking absolute paths in shared objects and dynamic libraries
** testing if installed package can be loaded from final location
** testing if installed package keeps a record of temporary installation path
* creating tarball
packaged installation of ‘psichomics’ as ‘psichomics_1.32.0_R_x86_64-pc-linux-gnu.tar.gz’
* DONE (psichomics)

The downloaded source packages are in
	‘/tmp/Rtmpx6MGcc/downloaded_packages’
Old packages: 'bslib', 'cli', 'curl', 'evaluate', 'httr2', 'jsonlite',
  'openssl', 'pillar', 'pkgbuild', 'processx', 'ps', 'purrr', 'R6', 'Rcpp',
  'rlang', 'sessioninfo', 'systemfonts', 'testthat', 'textshaping', 'tinytex',
  'xfun', 'zip', 'class', 'foreign', 'KernSmooth', 'MASS', 'Matrix', 'nlme',
  'nnet', 'rpart', 'spatial'

real	3m45.677s
user	1m9.979s
sys	0m10.294s
