'getOption("repos")' replaces Bioconductor standard repositories, see
'help("repositories", package = "BiocManager")' for details.
Replacement repositories:
    CRAN: https://p3m.dev/cran/__linux__/noble/latest
Bioconductor version 3.20 (BiocManager 1.30.25), R 4.4.2 (2024-10-31)
Installing package(s) 'bluster'
also installing the dependencies ‘alabaster.ranges’, ‘alabaster.se’, ‘alabaster.base’, ‘alabaster.matrix’, ‘alabaster.sce’, ‘beachmat’, ‘BiocSingular’, ‘IRanges’, ‘scRNAseq’, ‘scuttle’, ‘scater’, ‘scran’, ‘mbkmeans’, ‘DirichletMultinomial’

trying URL 'https://bioconductor.org/packages/3.20/bioc/src/contrib/alabaster.ranges_1.6.0.tar.gz'
Content type 'application/x-gzip' length 232042 bytes (226 KB)
==================================================
downloaded 226 KB

trying URL 'https://bioconductor.org/packages/3.20/bioc/src/contrib/alabaster.se_1.6.0.tar.gz'
Content type 'application/x-gzip' length 231152 bytes (225 KB)
==================================================
downloaded 225 KB

trying URL 'https://bioconductor.org/packages/3.20/bioc/src/contrib/alabaster.base_1.6.1.tar.gz'
Content type 'application/x-gzip' length 408713 bytes (399 KB)
==================================================
downloaded 399 KB

trying URL 'https://bioconductor.org/packages/3.20/bioc/src/contrib/alabaster.matrix_1.6.1.tar.gz'
Content type 'application/x-gzip' length 282200 bytes (275 KB)
==================================================
downloaded 275 KB

trying URL 'https://bioconductor.org/packages/3.20/bioc/src/contrib/alabaster.sce_1.6.0.tar.gz'
Content type 'application/x-gzip' length 226147 bytes (220 KB)
==================================================
downloaded 220 KB

trying URL 'https://bioconductor.org/packages/3.20/bioc/src/contrib/beachmat_2.22.0.tar.gz'
Content type 'application/x-gzip' length 378908 bytes (370 KB)
==================================================
downloaded 370 KB

trying URL 'https://bioconductor.org/packages/3.20/bioc/src/contrib/BiocSingular_1.22.0.tar.gz'
Content type 'application/x-gzip' length 617927 bytes (603 KB)
==================================================
downloaded 603 KB

trying URL 'https://bioconductor.org/packages/3.20/bioc/src/contrib/IRanges_2.40.1.tar.gz'
Content type 'application/x-gzip' length 486989 bytes (475 KB)
==================================================
downloaded 475 KB

trying URL 'https://bioconductor.org/packages/3.20/data/experiment/src/contrib/scRNAseq_2.20.0.tar.gz'
Content type 'application/x-gzip' length 309971 bytes (302 KB)
==================================================
downloaded 302 KB

trying URL 'https://bioconductor.org/packages/3.20/bioc/src/contrib/scuttle_1.16.0.tar.gz'
Content type 'application/x-gzip' length 1034711 bytes (1010 KB)
==================================================
downloaded 1010 KB

trying URL 'https://bioconductor.org/packages/3.20/bioc/src/contrib/scater_1.34.0.tar.gz'
Content type 'application/x-gzip' length 4638399 bytes (4.4 MB)
==================================================
downloaded 4.4 MB

trying URL 'https://bioconductor.org/packages/3.20/bioc/src/contrib/scran_1.34.0.tar.gz'
Content type 'application/x-gzip' length 1849559 bytes (1.8 MB)
==================================================
downloaded 1.8 MB

trying URL 'https://bioconductor.org/packages/3.20/bioc/src/contrib/mbkmeans_1.22.0.tar.gz'
Content type 'application/x-gzip' length 300828 bytes (293 KB)
==================================================
downloaded 293 KB

trying URL 'https://bioconductor.org/packages/3.20/bioc/src/contrib/DirichletMultinomial_1.48.0.tar.gz'
Content type 'application/x-gzip' length 1112440 bytes (1.1 MB)
==================================================
downloaded 1.1 MB

trying URL 'https://bioconductor.org/packages/3.20/bioc/src/contrib/bluster_1.16.0.tar.gz'
Content type 'application/x-gzip' length 3267938 bytes (3.1 MB)
==================================================
downloaded 3.1 MB

ERROR: failed to lock directory ‘/mnt/library’ for modifying
Try removing ‘/mnt/library/00LOCK-alabaster.base’
* installing *source* package ‘beachmat’ ...
** package ‘beachmat’ successfully unpacked and MD5 sums checked
** using staged installation
** libs
using C++ compiler: ‘g++ (Ubuntu 13.3.0-6ubuntu2~24.04) 13.3.0’
using C++17
g++ -std=gnu++17 -I"/usr/local/lib/R/include" -DNDEBUG -I../inst/include -I'/usr/local/lib/R/site-library/Rcpp/include' -I'/mnt/library/assorthead/include' -I/usr/local/include    -fpic  -g -O2 -fstack-protector-strong -Wformat -Wformat-security -Wdate-time -D_FORTIFY_SOURCE=2 -g  -DR_NO_REMAP -c RcppExports.cpp -o RcppExports.o
g++ -std=gnu++17 -I"/usr/local/lib/R/include" -DNDEBUG -I../inst/include -I'/usr/local/lib/R/site-library/Rcpp/include' -I'/mnt/library/assorthead/include' -I/usr/local/include    -fpic  -g -O2 -fstack-protector-strong -Wformat -Wformat-security -Wdate-time -D_FORTIFY_SOURCE=2 -g  -DR_NO_REMAP -c delayed_isometric_binary.cpp -o delayed_isometric_binary.o
g++ -std=gnu++17 -I"/usr/local/lib/R/include" -DNDEBUG -I../inst/include -I'/usr/local/lib/R/site-library/Rcpp/include' -I'/mnt/library/assorthead/include' -I/usr/local/include    -fpic  -g -O2 -fstack-protector-strong -Wformat -Wformat-security -Wdate-time -D_FORTIFY_SOURCE=2 -g  -DR_NO_REMAP -c delayed_isometric_math.cpp -o delayed_isometric_math.o
g++ -std=gnu++17 -I"/usr/local/lib/R/include" -DNDEBUG -I../inst/include -I'/usr/local/lib/R/site-library/Rcpp/include' -I'/mnt/library/assorthead/include' -I/usr/local/include    -fpic  -g -O2 -fstack-protector-strong -Wformat -Wformat-security -Wdate-time -D_FORTIFY_SOURCE=2 -g  -DR_NO_REMAP -c delayed_isometric_unary.cpp -o delayed_isometric_unary.o
g++ -std=gnu++17 -I"/usr/local/lib/R/include" -DNDEBUG -I../inst/include -I'/usr/local/lib/R/site-library/Rcpp/include' -I'/mnt/library/assorthead/include' -I/usr/local/include    -fpic  -g -O2 -fstack-protector-strong -Wformat -Wformat-security -Wdate-time -D_FORTIFY_SOURCE=2 -g  -DR_NO_REMAP -c delayed_other.cpp -o delayed_other.o
g++ -std=gnu++17 -I"/usr/local/lib/R/include" -DNDEBUG -I../inst/include -I'/usr/local/lib/R/site-library/Rcpp/include' -I'/mnt/library/assorthead/include' -I/usr/local/include    -fpic  -g -O2 -fstack-protector-strong -Wformat -Wformat-security -Wdate-time -D_FORTIFY_SOURCE=2 -g  -DR_NO_REMAP -c dense_matrix.cpp -o dense_matrix.o
g++ -std=gnu++17 -I"/usr/local/lib/R/include" -DNDEBUG -I../inst/include -I'/usr/local/lib/R/site-library/Rcpp/include' -I'/mnt/library/assorthead/include' -I/usr/local/include    -fpic  -g -O2 -fstack-protector-strong -Wformat -Wformat-security -Wdate-time -D_FORTIFY_SOURCE=2 -g  -DR_NO_REMAP -c fragment_sparse_rows.cpp -o fragment_sparse_rows.o
g++ -std=gnu++17 -I"/usr/local/lib/R/include" -DNDEBUG -I../inst/include -I'/usr/local/lib/R/site-library/Rcpp/include' -I'/mnt/library/assorthead/include' -I/usr/local/include    -fpic  -g -O2 -fstack-protector-strong -Wformat -Wformat-security -Wdate-time -D_FORTIFY_SOURCE=2 -g  -DR_NO_REMAP -c sparse_matrix.cpp -o sparse_matrix.o
g++ -std=gnu++17 -I"/usr/local/lib/R/include" -DNDEBUG -I../inst/include -I'/usr/local/lib/R/site-library/Rcpp/include' -I'/mnt/library/assorthead/include' -I/usr/local/include    -fpic  -g -O2 -fstack-protector-strong -Wformat -Wformat-security -Wdate-time -D_FORTIFY_SOURCE=2 -g  -DR_NO_REMAP -c tatami_utils.cpp -o tatami_utils.o
g++ -std=gnu++17 -I"/usr/local/lib/R/include" -DNDEBUG -I../inst/include -I'/usr/local/lib/R/site-library/Rcpp/include' -I'/mnt/library/assorthead/include' -I/usr/local/include    -fpic  -g -O2 -fstack-protector-strong -Wformat -Wformat-security -Wdate-time -D_FORTIFY_SOURCE=2 -g  -DR_NO_REMAP -c unknown_matrix.cpp -o unknown_matrix.o
g++ -std=gnu++17 -shared -L/usr/local/lib/R/lib -L/usr/local/lib -o beachmat.so RcppExports.o delayed_isometric_binary.o delayed_isometric_math.o delayed_isometric_unary.o delayed_other.o dense_matrix.o fragment_sparse_rows.o sparse_matrix.o tatami_utils.o unknown_matrix.o -L/usr/local/lib/R/lib -lR
installing to /mnt/library/00LOCK-beachmat/00new/beachmat/libs
** R
** inst
** byte-compile and prepare package for lazy loading
** help
*** installing help indices
** building package indices
** installing vignettes
** testing if installed package can be loaded from temporary location
** checking absolute paths in shared objects and dynamic libraries
** testing if installed package can be loaded from final location
** testing if installed package keeps a record of temporary installation path
* creating tarball
packaged installation of ‘beachmat’ as ‘beachmat_2.22.0_R_x86_64-pc-linux-gnu.tar.gz’
* DONE (beachmat)
* installing *source* package ‘IRanges’ ...
** package ‘IRanges’ successfully unpacked and MD5 sums checked
** using staged installation
** libs
using C compiler: ‘gcc (Ubuntu 13.3.0-6ubuntu2~24.04) 13.3.0’
gcc -I"/usr/local/lib/R/include" -DNDEBUG  -I'/mnt/library/S4Vectors/include' -I/usr/local/include    -fpic  -g -O2 -fstack-protector-strong -Wformat -Wformat-security -Wdate-time -D_FORTIFY_SOURCE=2 -g  -c CompressedAtomicList_utils.c -o CompressedAtomicList_utils.o
gcc -I"/usr/local/lib/R/include" -DNDEBUG  -I'/mnt/library/S4Vectors/include' -I/usr/local/include    -fpic  -g -O2 -fstack-protector-strong -Wformat -Wformat-security -Wdate-time -D_FORTIFY_SOURCE=2 -g  -c CompressedIRangesList_class.c -o CompressedIRangesList_class.o
gcc -I"/usr/local/lib/R/include" -DNDEBUG  -I'/mnt/library/S4Vectors/include' -I/usr/local/include    -fpic  -g -O2 -fstack-protector-strong -Wformat -Wformat-security -Wdate-time -D_FORTIFY_SOURCE=2 -g  -c CompressedList_class.c -o CompressedList_class.o
gcc -I"/usr/local/lib/R/include" -DNDEBUG  -I'/mnt/library/S4Vectors/include' -I/usr/local/include    -fpic  -g -O2 -fstack-protector-strong -Wformat -Wformat-security -Wdate-time -D_FORTIFY_SOURCE=2 -g  -c Grouping_class.c -o Grouping_class.o
gcc -I"/usr/local/lib/R/include" -DNDEBUG  -I'/mnt/library/S4Vectors/include' -I/usr/local/include    -fpic  -g -O2 -fstack-protector-strong -Wformat -Wformat-security -Wdate-time -D_FORTIFY_SOURCE=2 -g  -c IPosRanges_comparison.c -o IPosRanges_comparison.o
gcc -I"/usr/local/lib/R/include" -DNDEBUG  -I'/mnt/library/S4Vectors/include' -I/usr/local/include    -fpic  -g -O2 -fstack-protector-strong -Wformat -Wformat-security -Wdate-time -D_FORTIFY_SOURCE=2 -g  -c IRanges_class.c -o IRanges_class.o
gcc -I"/usr/local/lib/R/include" -DNDEBUG  -I'/mnt/library/S4Vectors/include' -I/usr/local/include    -fpic  -g -O2 -fstack-protector-strong -Wformat -Wformat-security -Wdate-time -D_FORTIFY_SOURCE=2 -g  -c IRanges_constructor.c -o IRanges_constructor.o
gcc -I"/usr/local/lib/R/include" -DNDEBUG  -I'/mnt/library/S4Vectors/include' -I/usr/local/include    -fpic  -g -O2 -fstack-protector-strong -Wformat -Wformat-security -Wdate-time -D_FORTIFY_SOURCE=2 -g  -c NCList.c -o NCList.o
gcc -I"/usr/local/lib/R/include" -DNDEBUG  -I'/mnt/library/S4Vectors/include' -I/usr/local/include    -fpic  -g -O2 -fstack-protector-strong -Wformat -Wformat-security -Wdate-time -D_FORTIFY_SOURCE=2 -g  -c R_init_IRanges.c -o R_init_IRanges.o
gcc -I"/usr/local/lib/R/include" -DNDEBUG  -I'/mnt/library/S4Vectors/include' -I/usr/local/include    -fpic  -g -O2 -fstack-protector-strong -Wformat -Wformat-security -Wdate-time -D_FORTIFY_SOURCE=2 -g  -c Ranges_class.c -o Ranges_class.o
gcc -I"/usr/local/lib/R/include" -DNDEBUG  -I'/mnt/library/S4Vectors/include' -I/usr/local/include    -fpic  -g -O2 -fstack-protector-strong -Wformat -Wformat-security -Wdate-time -D_FORTIFY_SOURCE=2 -g  -c RleViews_utils.c -o RleViews_utils.o
gcc -I"/usr/local/lib/R/include" -DNDEBUG  -I'/mnt/library/S4Vectors/include' -I/usr/local/include    -fpic  -g -O2 -fstack-protector-strong -Wformat -Wformat-security -Wdate-time -D_FORTIFY_SOURCE=2 -g  -c S4Vectors_stubs.c -o S4Vectors_stubs.o
gcc -I"/usr/local/lib/R/include" -DNDEBUG  -I'/mnt/library/S4Vectors/include' -I/usr/local/include    -fpic  -g -O2 -fstack-protector-strong -Wformat -Wformat-security -Wdate-time -D_FORTIFY_SOURCE=2 -g  -c SimpleIRangesList_class.c -o SimpleIRangesList_class.o
gcc -I"/usr/local/lib/R/include" -DNDEBUG  -I'/mnt/library/S4Vectors/include' -I/usr/local/include    -fpic  -g -O2 -fstack-protector-strong -Wformat -Wformat-security -Wdate-time -D_FORTIFY_SOURCE=2 -g  -c coverage_methods.c -o coverage_methods.o
gcc -I"/usr/local/lib/R/include" -DNDEBUG  -I'/mnt/library/S4Vectors/include' -I/usr/local/include    -fpic  -g -O2 -fstack-protector-strong -Wformat -Wformat-security -Wdate-time -D_FORTIFY_SOURCE=2 -g  -c extractListFragments.c -o extractListFragments.o
gcc -I"/usr/local/lib/R/include" -DNDEBUG  -I'/mnt/library/S4Vectors/include' -I/usr/local/include    -fpic  -g -O2 -fstack-protector-strong -Wformat -Wformat-security -Wdate-time -D_FORTIFY_SOURCE=2 -g  -c inter_range_methods.c -o inter_range_methods.o
gcc -shared -L/usr/local/lib/R/lib -L/usr/local/lib -o IRanges.so CompressedAtomicList_utils.o CompressedIRangesList_class.o CompressedList_class.o Grouping_class.o IPosRanges_comparison.o IRanges_class.o IRanges_constructor.o NCList.o R_init_IRanges.o Ranges_class.o RleViews_utils.o S4Vectors_stubs.o SimpleIRangesList_class.o coverage_methods.o extractListFragments.o inter_range_methods.o -L/usr/local/lib/R/lib -lR
installing to /mnt/library/00LOCK-IRanges/00new/IRanges/libs
** R
** inst
** byte-compile and prepare package for lazy loading
Creating a generic function for ‘drop’ from package ‘base’ in package ‘IRanges’
Creating a generic function for ‘runmed’ from package ‘stats’ in package ‘IRanges’
Creating a generic function for ‘chartr’ from package ‘base’ in package ‘IRanges’
Creating a generic function for ‘toupper’ from package ‘base’ in package ‘IRanges’
Creating a generic function for ‘tolower’ from package ‘base’ in package ‘IRanges’
Creating a generic function for ‘sub’ from package ‘base’ in package ‘IRanges’
Creating a generic function for ‘gsub’ from package ‘base’ in package ‘IRanges’
Creating a generic function for ‘startsWith’ from package ‘base’ in package ‘IRanges’
Creating a generic function for ‘endsWith’ from package ‘base’ in package ‘IRanges’
Creating a generic function for ‘smoothEnds’ from package ‘stats’ in package ‘IRanges’
** help
*** installing help indices
** building package indices
** installing vignettes
** testing if installed package can be loaded from temporary location
** checking absolute paths in shared objects and dynamic libraries
** testing if installed package can be loaded from final location
** testing if installed package keeps a record of temporary installation path
* creating tarball
packaged installation of ‘IRanges’ as ‘IRanges_2.40.1_R_x86_64-pc-linux-gnu.tar.gz’
* DONE (IRanges)
* installing *source* package ‘bluster’ ...
** package ‘bluster’ successfully unpacked and MD5 sums checked
** using staged installation
** libs
using C++ compiler: ‘g++ (Ubuntu 13.3.0-6ubuntu2~24.04) 13.3.0’
using C++17
g++ -std=gnu++17 -I"/usr/local/lib/R/include" -DNDEBUG  -I'/usr/local/lib/R/site-library/Rcpp/include' -I'/mnt/library/assorthead/include' -I/usr/local/include    -fpic  -g -O2 -fstack-protector-strong -Wformat -Wformat-security -Wdate-time -D_FORTIFY_SOURCE=2 -g  -DR_NO_REMAP -c RcppExports.cpp -o RcppExports.o
g++ -std=gnu++17 -I"/usr/local/lib/R/include" -DNDEBUG  -I'/usr/local/lib/R/site-library/Rcpp/include' -I'/mnt/library/assorthead/include' -I/usr/local/include    -fpic  -g -O2 -fstack-protector-strong -Wformat -Wformat-security -Wdate-time -D_FORTIFY_SOURCE=2 -g  -DR_NO_REMAP -c build_snn.cpp -o build_snn.o
g++ -std=gnu++17 -I"/usr/local/lib/R/include" -DNDEBUG  -I'/usr/local/lib/R/site-library/Rcpp/include' -I'/mnt/library/assorthead/include' -I/usr/local/include    -fpic  -g -O2 -fstack-protector-strong -Wformat -Wformat-security -Wdate-time -D_FORTIFY_SOURCE=2 -g  -DR_NO_REMAP -c sum_neighbor_weights.cpp -o sum_neighbor_weights.o
g++ -std=gnu++17 -shared -L/usr/local/lib/R/lib -L/usr/local/lib -o bluster.so RcppExports.o build_snn.o sum_neighbor_weights.o -L/usr/local/lib/R/lib -lR
installing to /mnt/library/00LOCK-bluster/00new/bluster/libs
** R
** inst
** byte-compile and prepare package for lazy loading
** help
*** installing help indices
** building package indices
** installing vignettes
** testing if installed package can be loaded from temporary location
** checking absolute paths in shared objects and dynamic libraries
** testing if installed package can be loaded from final location
** testing if installed package keeps a record of temporary installation path
* creating tarball
packaged installation of ‘bluster’ as ‘bluster_1.16.0_R_x86_64-pc-linux-gnu.tar.gz’
* DONE (bluster)
ERROR: dependency ‘GenomeInfoDb’ is not available for package ‘alabaster.ranges’
* removing ‘/mnt/library/alabaster.ranges’
ERROR: dependency ‘S4Arrays’ is not available for package ‘alabaster.matrix’
* removing ‘/mnt/library/alabaster.matrix’
* installing *source* package ‘BiocSingular’ ...
** package ‘BiocSingular’ successfully unpacked and MD5 sums checked
** using staged installation
** libs
using C++ compiler: ‘g++ (Ubuntu 13.3.0-6ubuntu2~24.04) 13.3.0’
using C++17
g++ -std=gnu++17 -I"/usr/local/lib/R/include" -DNDEBUG  -I'/usr/local/lib/R/site-library/Rcpp/include' -I'/mnt/library/beachmat/include' -I'/mnt/library/assorthead/include' -I/usr/local/include    -fpic  -g -O2 -fstack-protector-strong -Wformat -Wformat-security -Wdate-time -D_FORTIFY_SOURCE=2 -g  -DR_NO_REMAP -c RcppExports.cpp -o RcppExports.o
g++ -std=gnu++17 -I"/usr/local/lib/R/include" -DNDEBUG  -I'/usr/local/lib/R/site-library/Rcpp/include' -I'/mnt/library/beachmat/include' -I'/mnt/library/assorthead/include' -I/usr/local/include    -fpic  -g -O2 -fstack-protector-strong -Wformat -Wformat-security -Wdate-time -D_FORTIFY_SOURCE=2 -g  -DR_NO_REMAP -c compute_scale.cpp -o compute_scale.o
g++ -std=gnu++17 -shared -L/usr/local/lib/R/lib -L/usr/local/lib -o BiocSingular.so RcppExports.o compute_scale.o -L/usr/local/lib/R/lib -lR
installing to /mnt/library/00LOCK-BiocSingular/00new/BiocSingular/libs
** R
** inst
** byte-compile and prepare package for lazy loading
Error in loadNamespace(i, c(lib.loc, .libPaths()), versionCheck = vI[[i]]) : 
  there is no package called ‘S4Arrays’
Calls: <Anonymous> ... loadNamespace -> withRestarts -> withOneRestart -> doWithOneRestart
Execution halted
ERROR: lazy loading failed for package ‘BiocSingular’
* removing ‘/mnt/library/BiocSingular’
ERROR: dependency ‘S4Arrays’ is not available for package ‘scuttle’
* removing ‘/mnt/library/scuttle’
* installing *source* package ‘mbkmeans’ ...
** package ‘mbkmeans’ successfully unpacked and MD5 sums checked
** using staged installation
** libs
using C++ compiler: ‘g++ (Ubuntu 13.3.0-6ubuntu2~24.04) 13.3.0’
using C++11
g++ -std=gnu++11 -I"/usr/local/lib/R/include" -DNDEBUG  -I'/usr/local/lib/R/site-library/Rcpp/include' -I'/mnt/library/RcppArmadillo/include' -I'/mnt/library/Rhdf5lib/include' -I'/mnt/library/beachmat/include' -I'/mnt/library/ClusterR/include' -I/usr/local/include    -fpic  -g -O2 -fstack-protector-strong -Wformat -Wformat-security -Wdate-time -D_FORTIFY_SOURCE=2 -g  -DR_NO_REMAP -c RcppExports.cpp -o RcppExports.o
g++ -std=gnu++11 -I"/usr/local/lib/R/include" -DNDEBUG  -I'/usr/local/lib/R/site-library/Rcpp/include' -I'/mnt/library/RcppArmadillo/include' -I'/mnt/library/Rhdf5lib/include' -I'/mnt/library/beachmat/include' -I'/mnt/library/ClusterR/include' -I/usr/local/include    -fpic  -g -O2 -fstack-protector-strong -Wformat -Wformat-security -Wdate-time -D_FORTIFY_SOURCE=2 -g  -DR_NO_REMAP -c mini_batch.cpp -o mini_batch.o
g++ -std=gnu++11 -shared -L/usr/local/lib/R/lib -L/usr/local/lib -o mbkmeans.so RcppExports.o mini_batch.o -L/usr/local/lib/R/lib -lR
installing to /mnt/library/00LOCK-mbkmeans/00new/mbkmeans/libs
** R
** inst
** byte-compile and prepare package for lazy loading
Error in loadNamespace(i, c(lib.loc, .libPaths()), versionCheck = vI[[i]]) : 
  there is no package called ‘S4Arrays’
Calls: <Anonymous> ... loadNamespace -> withRestarts -> withOneRestart -> doWithOneRestart
Execution halted
ERROR: lazy loading failed for package ‘mbkmeans’
* removing ‘/mnt/library/mbkmeans’
* installing *source* package ‘DirichletMultinomial’ ...
** package ‘DirichletMultinomial’ successfully unpacked and MD5 sums checked
** using staged installation
** libs
using C compiler: ‘gcc (Ubuntu 13.3.0-6ubuntu2~24.04) 13.3.0’
gcc -I"/usr/local/lib/R/include" -DNDEBUG   -I/usr/local/include   `gsl-config --cflags` -DR_DIRICHLETMULTINOMIAL -fpic  -g -O2 -fstack-protector-strong -Wformat -Wformat-security -Wdate-time -D_FORTIFY_SOURCE=2 -g  -c R_init_DirichletMultinomial.c -o R_init_DirichletMultinomial.o
gcc -I"/usr/local/lib/R/include" -DNDEBUG   -I/usr/local/include   `gsl-config --cflags` -DR_DIRICHLETMULTINOMIAL -fpic  -g -O2 -fstack-protector-strong -Wformat -Wformat-security -Wdate-time -D_FORTIFY_SOURCE=2 -g  -c dirichlet_fit.c -o dirichlet_fit.o
gcc -I"/usr/local/lib/R/include" -DNDEBUG   -I/usr/local/include   `gsl-config --cflags` -DR_DIRICHLETMULTINOMIAL -fpic  -g -O2 -fstack-protector-strong -Wformat -Wformat-security -Wdate-time -D_FORTIFY_SOURCE=2 -g  -c dirichlet_fit_main.c -o dirichlet_fit_main.o
gcc -shared -L/usr/local/lib/R/lib -L/usr/local/lib -o DirichletMultinomial.so R_init_DirichletMultinomial.o dirichlet_fit.o dirichlet_fit_main.o -L/usr/lib/x86_64-linux-gnu -lgsl -lgslcblas -lm -L/usr/local/lib/R/lib -lR
installing to /mnt/library/00LOCK-DirichletMultinomial/00new/DirichletMultinomial/libs
** R
** data
** inst
** byte-compile and prepare package for lazy loading
** help
*** installing help indices
** building package indices
** installing vignettes
** testing if installed package can be loaded from temporary location
** checking absolute paths in shared objects and dynamic libraries
** testing if installed package can be loaded from final location
** testing if installed package keeps a record of temporary installation path
* creating tarball
packaged installation of ‘DirichletMultinomial’ as ‘DirichletMultinomial_1.48.0_R_x86_64-pc-linux-gnu.tar.gz’
* DONE (DirichletMultinomial)
ERROR: dependencies ‘alabaster.ranges’, ‘alabaster.matrix’ are not available for package ‘alabaster.se’
* removing ‘/mnt/library/alabaster.se’
ERROR: dependencies ‘scuttle’, ‘BiocSingular’ are not available for package ‘scater’
* removing ‘/mnt/library/scater’
ERROR: dependencies ‘scuttle’, ‘S4Arrays’, ‘BiocSingular’ are not available for package ‘scran’
* removing ‘/mnt/library/scran’
ERROR: dependency ‘alabaster.se’ is not available for package ‘alabaster.sce’
* removing ‘/mnt/library/alabaster.sce’
ERROR: dependencies ‘alabaster.matrix’, ‘alabaster.sce’ are not available for package ‘scRNAseq’
* removing ‘/mnt/library/scRNAseq’

The downloaded source packages are in
	‘/tmp/RtmpM5k5n1/downloaded_packages’
Old packages: 'bslib', 'cli', 'curl', 'evaluate', 'httr2', 'jsonlite',
  'openssl', 'pillar', 'pkgbuild', 'processx', 'ps', 'purrr', 'R6', 'Rcpp',
  'rlang', 'sessioninfo', 'systemfonts', 'testthat', 'textshaping', 'tinytex',
  'xfun', 'zip', 'class', 'foreign', 'KernSmooth', 'MASS', 'Matrix', 'nlme',
  'nnet', 'rpart', 'spatial'
There were 11 warnings (use warnings() to see them)

real	6m44.140s
user	5m9.818s
sys	0m30.624s
