'getOption("repos")' replaces Bioconductor standard repositories, see
'help("repositories", package = "BiocManager")' for details.
Replacement repositories:
    CRAN: https://p3m.dev/cran/__linux__/noble/latest
Bioconductor version 3.20 (BiocManager 1.30.25), R 4.4.2 (2024-10-31)
Installing package(s) 'RolDE'
also installing the dependency ‘printr’

trying URL 'https://p3m.dev/cran/__linux__/noble/latest/src/contrib/printr_0.3.tar.gz'
Content type 'binary/octet-stream' length 35705 bytes (34 KB)
==================================================
downloaded 34 KB

trying URL 'https://bioconductor.org/packages/3.20/bioc/src/contrib/RolDE_1.10.0.tar.gz'
Content type 'application/x-gzip' length 1321651 bytes (1.3 MB)
==================================================
downloaded 1.3 MB

* installing *binary* package ‘printr’ ...
* ‘printr’ was already a binary package and will not be rebuilt
* creating tarball
packaged installation of ‘printr’ as ‘printr_0.3_R_x86_64-pc-linux-gnu.tar.gz’
* DONE (printr)
* installing *source* package ‘RolDE’ ...
** package ‘RolDE’ successfully unpacked and MD5 sums checked
** using staged installation
** R
** data
** inst
** byte-compile and prepare package for lazy loading
** help
*** installing help indices
** building package indices
** installing vignettes
** testing if installed package can be loaded from temporary location
** testing if installed package can be loaded from final location
** testing if installed package keeps a record of temporary installation path
* creating tarball
packaged installation of ‘RolDE’ as ‘RolDE_1.10.0_R_x86_64-pc-linux-gnu.tar.gz’
* DONE (RolDE)

The downloaded source packages are in
	‘/tmp/Rtmp8a04P4/downloaded_packages’
Old packages: 'bslib', 'cli', 'curl', 'evaluate', 'httr2', 'jsonlite',
  'openssl', 'pillar', 'pkgbuild', 'processx', 'ps', 'purrr', 'R6', 'Rcpp',
  'rlang', 'sessioninfo', 'systemfonts', 'testthat', 'textshaping', 'tinytex',
  'xfun', 'zip', 'class', 'foreign', 'KernSmooth', 'MASS', 'Matrix', 'nlme',
  'nnet', 'rpart', 'spatial'

real	47m32.426s
user	0m25.935s
sys	0m5.502s
