'getOption("repos")' replaces Bioconductor standard repositories, see
'help("repositories", package = "BiocManager")' for details.
Replacement repositories:
    CRAN: https://p3m.dev/cran/__linux__/noble/latest
Bioconductor version 3.20 (BiocManager 1.30.25), R 4.4.2 (2024-10-31)
Installing package(s) 'geNetClassifier'
also installing the dependency ‘leukemiasEset’

trying URL 'https://bioconductor.org/packages/3.20/data/experiment/src/contrib/leukemiasEset_1.42.0.tar.gz'
Content type 'application/x-gzip' length 9140506 bytes (8.7 MB)
==================================================
downloaded 8.7 MB

trying URL 'https://bioconductor.org/packages/3.20/bioc/src/contrib/geNetClassifier_1.46.0.tar.gz'
Content type 'application/x-gzip' length 4130702 bytes (3.9 MB)
==================================================
downloaded 3.9 MB

* installing *source* package ‘leukemiasEset’ ...
** using staged installation
** data
** help
*** installing help indices
** building package indices
** testing if installed package can be loaded from temporary location
** testing if installed package can be loaded from final location
** testing if installed package keeps a record of temporary installation path
* creating tarball
packaged installation of ‘leukemiasEset’ as ‘leukemiasEset_1.42.0_R_x86_64-pc-linux-gnu.tar.gz’
* DONE (leukemiasEset)
* installing *source* package ‘geNetClassifier’ ...
** using staged installation
** R
** data
** inst
** byte-compile and prepare package for lazy loading
** help
*** installing help indices
** building package indices
** installing vignettes
** testing if installed package can be loaded from temporary location
** testing if installed package can be loaded from final location
** testing if installed package keeps a record of temporary installation path
* creating tarball
packaged installation of ‘geNetClassifier’ as ‘geNetClassifier_1.46.0_R_x86_64-pc-linux-gnu.tar.gz’
* DONE (geNetClassifier)

The downloaded source packages are in
	‘/tmp/RtmpbkCqMF/downloaded_packages’
Old packages: 'bslib', 'cli', 'curl', 'evaluate', 'httr2', 'jsonlite',
  'openssl', 'pillar', 'pkgbuild', 'processx', 'ps', 'purrr', 'R6', 'Rcpp',
  'rlang', 'sessioninfo', 'systemfonts', 'testthat', 'textshaping', 'tinytex',
  'xfun', 'zip', 'class', 'foreign', 'KernSmooth', 'MASS', 'Matrix', 'nlme',
  'nnet', 'rpart', 'spatial'

real	0m55.573s
user	0m13.872s
sys	0m3.660s
