'getOption("repos")' replaces Bioconductor standard repositories, see
'help("repositories", package = "BiocManager")' for details.
Replacement repositories:
    CRAN: https://p3m.dev/cran/__linux__/noble/latest
Bioconductor version 3.20 (BiocManager 1.30.25), R 4.4.2 (2024-10-31)
Installing package(s) 'DRIMSeq'
also installing the dependencies ‘PasillaTranscriptExpr’, ‘GeuvadisTranscriptExpr’

trying URL 'https://bioconductor.org/packages/3.20/data/experiment/src/contrib/PasillaTranscriptExpr_1.34.0.tar.gz'
Content type 'application/x-gzip' length 802865 bytes (784 KB)
==================================================
downloaded 784 KB

trying URL 'https://bioconductor.org/packages/3.20/data/experiment/src/contrib/GeuvadisTranscriptExpr_1.34.0.tar.gz'
Content type 'application/x-gzip' length 7552504 bytes (7.2 MB)
==================================================
downloaded 7.2 MB

trying URL 'https://bioconductor.org/packages/3.20/bioc/src/contrib/DRIMSeq_1.34.0.tar.gz'
Content type 'application/x-gzip' length 497033 bytes (485 KB)
==================================================
downloaded 485 KB

* installing *source* package ‘PasillaTranscriptExpr’ ...
** using staged installation
** inst
** help
No man pages found in package  ‘PasillaTranscriptExpr’ 
*** installing help indices
** building package indices
** installing vignettes
** testing if installed package can be loaded from temporary location
** testing if installed package can be loaded from final location
** testing if installed package keeps a record of temporary installation path
* creating tarball
packaged installation of ‘PasillaTranscriptExpr’ as ‘PasillaTranscriptExpr_1.34.0_R_x86_64-pc-linux-gnu.tar.gz’
* DONE (PasillaTranscriptExpr)
* installing *source* package ‘GeuvadisTranscriptExpr’ ...
** using staged installation
** R
** data
*** moving datasets to lazyload DB
** inst
** byte-compile and prepare package for lazy loading
** help
*** installing help indices
** building package indices
** installing vignettes
** testing if installed package can be loaded from temporary location
** testing if installed package can be loaded from final location
** testing if installed package keeps a record of temporary installation path
* creating tarball
packaged installation of ‘GeuvadisTranscriptExpr’ as ‘GeuvadisTranscriptExpr_1.34.0_R_x86_64-pc-linux-gnu.tar.gz’
* DONE (GeuvadisTranscriptExpr)
* installing *source* package ‘DRIMSeq’ ...
** package ‘DRIMSeq’ successfully unpacked and MD5 sums checked
** using staged installation
** R
** inst
** preparing package for lazy loading
Creating a new generic function for ‘proportions’ in package ‘DRIMSeq’
** help
*** installing help indices
** building package indices
** installing vignettes
** testing if installed package can be loaded from temporary location
** testing if installed package can be loaded from final location
** testing if installed package keeps a record of temporary installation path
* creating tarball
packaged installation of ‘DRIMSeq’ as ‘DRIMSeq_1.34.0_R_x86_64-pc-linux-gnu.tar.gz’
* DONE (DRIMSeq)

The downloaded source packages are in
	‘/tmp/RtmpXyNMQF/downloaded_packages’
Old packages: 'bslib', 'cli', 'curl', 'evaluate', 'httr2', 'jsonlite',
  'openssl', 'pillar', 'pkgbuild', 'processx', 'ps', 'purrr', 'R6', 'Rcpp',
  'rlang', 'sessioninfo', 'systemfonts', 'testthat', 'textshaping', 'tinytex',
  'xfun', 'zip', 'class', 'foreign', 'KernSmooth', 'MASS', 'Matrix', 'nlme',
  'nnet', 'rpart', 'spatial'

real	1m34.602s
user	0m31.593s
sys	0m5.849s
