'getOption("repos")' replaces Bioconductor standard repositories, see
'help("repositories", package = "BiocManager")' for details.
Replacement repositories:
    CRAN: https://p3m.dev/cran/__linux__/noble/latest
Bioconductor version 3.20 (BiocManager 1.30.25), R 4.4.2 (2024-10-31)
Installing package(s) 'GeoTcgaData'
also installing the dependencies ‘FDb.InfiniumMethylation.hg19’, ‘bsseq’, ‘methylumi’, ‘lumi’, ‘geneLenDataBase’, ‘IlluminaHumanMethylationEPICv2anno.20a1.hg38’, ‘IlluminaHumanMethylationEPICv2manifest’, ‘JADE’, ‘ChAMPdata’, ‘DMRcate’, ‘Illumina450ProbeVariants.db’, ‘IlluminaHumanMethylationEPICmanifest’, ‘globaltest’, ‘IlluminaHumanMethylation450kmanifest’, ‘IlluminaHumanMethylationEPICanno.ilm10b4.hg19’, ‘wateRmelon’, ‘goseq’, ‘missMethyl’, ‘kpmt’, ‘isva’, ‘bumphunter’, ‘TCGAbiolinksGUI.data’, ‘ChAMP’, ‘minfi’, ‘IlluminaHumanMethylation450kanno.ilmn12.hg19’, ‘dearseq’, ‘CATT’, ‘TCGAbiolinks’

trying URL 'https://bioconductor.org/packages/3.20/data/annotation/src/contrib/FDb.InfiniumMethylation.hg19_2.2.0.tar.gz'
Content type 'application/x-gzip' length 38996322 bytes (37.2 MB)
==================================================
downloaded 37.2 MB

trying URL 'https://bioconductor.org/packages/3.20/bioc/src/contrib/bsseq_1.42.0.tar.gz'
Content type 'application/x-gzip' length 3019153 bytes (2.9 MB)
==================================================
downloaded 2.9 MB

trying URL 'https://bioconductor.org/packages/3.20/bioc/src/contrib/methylumi_2.52.0.tar.gz'
Content type 'application/x-gzip' length 7698853 bytes (7.3 MB)
==================================================
downloaded 7.3 MB

trying URL 'https://bioconductor.org/packages/3.20/bioc/src/contrib/lumi_2.58.0.tar.gz'
Content type 'application/x-gzip' length 8426674 bytes (8.0 MB)
==================================================
downloaded 8.0 MB

trying URL 'https://bioconductor.org/packages/3.20/data/experiment/src/contrib/geneLenDataBase_1.42.0.tar.gz'
Content type 'application/x-gzip' length 100440796 bytes (95.8 MB)
==================================================
downloaded 95.8 MB

trying URL 'https://bioconductor.org/packages/3.20/data/annotation/src/contrib/IlluminaHumanMethylationEPICv2anno.20a1.hg38_1.0.0.tar.gz'
Content type 'application/x-gzip' length 156309587 bytes (149.1 MB)
==================================================
downloaded 149.1 MB

trying URL 'https://bioconductor.org/packages/3.20/data/annotation/src/contrib/IlluminaHumanMethylationEPICv2manifest_1.0.0.tar.gz'
Content type 'application/x-gzip' length 18294048 bytes (17.4 MB)
==================================================
downloaded 17.4 MB

trying URL 'https://p3m.dev/cran/__linux__/noble/latest/src/contrib/JADE_2.0-4.tar.gz'
Content type 'binary/octet-stream' length 2296313 bytes (2.2 MB)
==================================================
downloaded 2.2 MB

trying URL 'https://bioconductor.org/packages/3.20/data/experiment/src/contrib/ChAMPdata_2.38.0.tar.gz'
Content type 'application/x-gzip' length 699454968 bytes (667.1 MB)
==================================================
downloaded 667.1 MB

trying URL 'https://bioconductor.org/packages/3.20/bioc/src/contrib/DMRcate_3.2.1.tar.gz'
Content type 'application/x-gzip' length 838840 bytes (819 KB)
==================================================
downloaded 819 KB

trying URL 'https://bioconductor.org/packages/3.20/data/experiment/src/contrib/Illumina450ProbeVariants.db_1.42.0.tar.gz'
Content type 'application/x-gzip' length 6725614 bytes (6.4 MB)
==================================================
downloaded 6.4 MB

trying URL 'https://bioconductor.org/packages/3.20/data/annotation/src/contrib/IlluminaHumanMethylationEPICmanifest_0.3.0.tar.gz'
Content type 'application/x-gzip' length 17449851 bytes (16.6 MB)
==================================================
downloaded 16.6 MB

trying URL 'https://bioconductor.org/packages/3.20/bioc/src/contrib/globaltest_5.60.0.tar.gz'
Content type 'application/x-gzip' length 572852 bytes (559 KB)
==================================================
downloaded 559 KB

trying URL 'https://bioconductor.org/packages/3.20/data/annotation/src/contrib/IlluminaHumanMethylation450kmanifest_0.4.0.tar.gz'
Content type 'application/x-gzip' length 8726870 bytes (8.3 MB)
==================================================
downloaded 8.3 MB

trying URL 'https://bioconductor.org/packages/3.20/data/annotation/src/contrib/IlluminaHumanMethylationEPICanno.ilm10b4.hg19_0.6.0.tar.gz'
Content type 'application/x-gzip' length 158431882 bytes (151.1 MB)
==================================================
downloaded 151.1 MB

trying URL 'https://bioconductor.org/packages/3.20/bioc/src/contrib/wateRmelon_2.12.0.tar.gz'
Content type 'application/x-gzip' length 3494606 bytes (3.3 MB)
==================================================
downloaded 3.3 MB

trying URL 'https://bioconductor.org/packages/3.20/bioc/src/contrib/goseq_1.58.0.tar.gz'
Content type 'application/x-gzip' length 1932036 bytes (1.8 MB)
==================================================
downloaded 1.8 MB

trying URL 'https://bioconductor.org/packages/3.20/bioc/src/contrib/missMethyl_1.40.1.tar.gz'
Content type 'application/x-gzip' length 1502492 bytes (1.4 MB)
==================================================
downloaded 1.4 MB

trying URL 'https://p3m.dev/cran/__linux__/noble/latest/src/contrib/kpmt_0.1.0.tar.gz'
Content type 'binary/octet-stream' length 1183038 bytes (1.1 MB)
==================================================
downloaded 1.1 MB

trying URL 'https://p3m.dev/cran/__linux__/noble/latest/src/contrib/isva_1.9.tar.gz'
Content type 'application/x-tar' length 298411 bytes (291 KB)
==================================================
downloaded 291 KB

trying URL 'https://bioconductor.org/packages/3.20/bioc/src/contrib/bumphunter_1.48.0.tar.gz'
Content type 'application/x-gzip' length 2483243 bytes (2.4 MB)
==================================================
downloaded 2.4 MB

trying URL 'https://bioconductor.org/packages/3.20/data/experiment/src/contrib/TCGAbiolinksGUI.data_1.26.0.tar.gz'
Content type 'application/x-gzip' length 22921625 bytes (21.9 MB)
==================================================
downloaded 21.9 MB

trying URL 'https://bioconductor.org/packages/3.20/bioc/src/contrib/ChAMP_2.36.0.tar.gz'
Content type 'application/x-gzip' length 8338924 bytes (8.0 MB)
==================================================
downloaded 8.0 MB

trying URL 'https://bioconductor.org/packages/3.20/bioc/src/contrib/minfi_1.52.1.tar.gz'
Content type 'application/x-gzip' length 517515 bytes (505 KB)
==================================================
downloaded 505 KB

trying URL 'https://bioconductor.org/packages/3.20/data/annotation/src/contrib/IlluminaHumanMethylation450kanno.ilmn12.hg19_0.6.1.tar.gz'
Content type 'application/x-gzip' length 57892521 bytes (55.2 MB)
==================================================
downloaded 55.2 MB

trying URL 'https://bioconductor.org/packages/3.20/bioc/src/contrib/dearseq_1.18.0.tar.gz'
Content type 'application/x-gzip' length 759495 bytes (741 KB)
==================================================
downloaded 741 KB

trying URL 'https://p3m.dev/cran/__linux__/noble/latest/src/contrib/CATT_2.0.tar.gz'
Content type 'binary/octet-stream' length 10607 bytes (10 KB)
==================================================
downloaded 10 KB

trying URL 'https://bioconductor.org/packages/3.20/bioc/src/contrib/TCGAbiolinks_2.34.0.tar.gz'
Content type 'application/x-gzip' length 65681510 bytes (62.6 MB)
==================================================
downloaded 62.6 MB

trying URL 'https://bioconductor.org/packages/3.20/bioc/src/contrib/GeoTcgaData_2.6.0.tar.gz'
Content type 'application/x-gzip' length 3482212 bytes (3.3 MB)
==================================================
downloaded 3.3 MB

* installing *source* package ‘FDb.InfiniumMethylation.hg19’ ...
** using staged installation
** R
** data
** demo
** inst
** byte-compile and prepare package for lazy loading
Error: package or namespace load failed for ‘GenomicFeatures’ in loadNamespace(j <- imp[[1L]], c(lib.loc, .libPaths()), versionCheck = vI[[j]]):
 there is no package called ‘GenomicAlignments’
Execution halted
ERROR: lazy loading failed for package ‘FDb.InfiniumMethylation.hg19’
* removing ‘/mnt/library/FDb.InfiniumMethylation.hg19’
* installing *source* package ‘bsseq’ ...
** package ‘bsseq’ successfully unpacked and MD5 sums checked
** using staged installation
** libs
using C++ compiler: ‘g++ (Ubuntu 13.3.0-6ubuntu2~24.04) 13.3.0’
g++ -std=gnu++17 -I"/usr/local/lib/R/include" -DNDEBUG  -I'/usr/local/lib/R/site-library/Rcpp/include' -I'/mnt/library/beachmat/include' -I/usr/local/include    -fpic  -g -O2 -fstack-protector-strong -Wformat -Wformat-security -Wdate-time -D_FORTIFY_SOURCE=2 -g  -DR_NO_REMAP -c check_M_and_Cov.cpp -o check_M_and_Cov.o
g++ -std=gnu++17 -I"/usr/local/lib/R/include" -DNDEBUG  -I'/usr/local/lib/R/site-library/Rcpp/include' -I'/mnt/library/beachmat/include' -I/usr/local/include    -fpic  -g -O2 -fstack-protector-strong -Wformat -Wformat-security -Wdate-time -D_FORTIFY_SOURCE=2 -g  -DR_NO_REMAP -c init.cpp -o init.o
g++ -std=gnu++17 -I"/usr/local/lib/R/include" -DNDEBUG  -I'/usr/local/lib/R/site-library/Rcpp/include' -I'/mnt/library/beachmat/include' -I/usr/local/include    -fpic  -g -O2 -fstack-protector-strong -Wformat -Wformat-security -Wdate-time -D_FORTIFY_SOURCE=2 -g  -DR_NO_REMAP -c utils.cpp -o utils.o
g++ -std=gnu++17 -shared -L/usr/local/lib/R/lib -L/usr/local/lib -o bsseq.so check_M_and_Cov.o init.o utils.o -L/usr/local/lib/R/lib -lR
installing to /mnt/library/00LOCK-bsseq/00new/bsseq/libs
** R
** data
** inst
** byte-compile and prepare package for lazy loading
** help
*** installing help indices
** building package indices
** installing vignettes
** testing if installed package can be loaded from temporary location
** checking absolute paths in shared objects and dynamic libraries
** testing if installed package can be loaded from final location
** testing if installed package keeps a record of temporary installation path
* creating tarball
packaged installation of ‘bsseq’ as ‘bsseq_1.42.0_R_x86_64-pc-linux-gnu.tar.gz’
* DONE (bsseq)
* installing *source* package ‘geneLenDataBase’ ...
** using staged installation
** R
** data
** byte-compile and prepare package for lazy loading
** help
*** installing help indices
** building package indices
** testing if installed package can be loaded from temporary location
** testing if installed package can be loaded from final location
** testing if installed package keeps a record of temporary installation path
* creating tarball
packaged installation of ‘geneLenDataBase’ as ‘geneLenDataBase_1.42.0_R_x86_64-pc-linux-gnu.tar.gz’
* DONE (geneLenDataBase)
* installing *binary* package ‘JADE’ ...
* ‘JADE’ was already a binary package and will not be rebuilt
* creating tarball
packaged installation of ‘JADE’ as ‘JADE_2.0-4_R_x86_64-pc-linux-gnu.tar.gz’
* DONE (JADE)
* installing *source* package ‘ChAMPdata’ ...
** using staged installation
** data
** inst
** help
*** installing help indices
** building package indices
** testing if installed package can be loaded from temporary location
** testing if installed package can be loaded from final location
** testing if installed package keeps a record of temporary installation path
* creating tarball
packaged installation of ‘ChAMPdata’ as ‘ChAMPdata_2.38.0_R_x86_64-pc-linux-gnu.tar.gz’
* DONE (ChAMPdata)
* installing *source* package ‘Illumina450ProbeVariants.db’ ...
** using staged installation
** data
** help
*** installing help indices
** building package indices
** testing if installed package can be loaded from temporary location
** testing if installed package can be loaded from final location
** testing if installed package keeps a record of temporary installation path
* creating tarball
packaged installation of ‘Illumina450ProbeVariants.db’ as ‘Illumina450ProbeVariants.db_1.42.0_R_x86_64-pc-linux-gnu.tar.gz’
* DONE (Illumina450ProbeVariants.db)
* installing *source* package ‘globaltest’ ...
** package ‘globaltest’ successfully unpacked and MD5 sums checked
** using staged installation
** R
** inst
** byte-compile and prepare package for lazy loading
** help
*** installing help indices
** building package indices
** installing vignettes
** testing if installed package can be loaded from temporary location
** testing if installed package can be loaded from final location
** testing if installed package keeps a record of temporary installation path
* creating tarball
packaged installation of ‘globaltest’ as ‘globaltest_5.60.0_R_x86_64-pc-linux-gnu.tar.gz’
* DONE (globaltest)
* installing *binary* package ‘kpmt’ ...
* ‘kpmt’ was already a binary package and will not be rebuilt
* creating tarball
packaged installation of ‘kpmt’ as ‘kpmt_0.1.0_R_x86_64-pc-linux-gnu.tar.gz’
* DONE (kpmt)
* installing *source* package ‘bumphunter’ ...
** package ‘bumphunter’ successfully unpacked and MD5 sums checked
** using staged installation
** R
** data
*** moving datasets to lazyload DB
** inst
** byte-compile and prepare package for lazy loading
** help
*** installing help indices
** building package indices
** installing vignettes
** testing if installed package can be loaded from temporary location
** testing if installed package can be loaded from final location
** testing if installed package keeps a record of temporary installation path
* creating tarball
packaged installation of ‘bumphunter’ as ‘bumphunter_1.48.0_R_x86_64-pc-linux-gnu.tar.gz’
* DONE (bumphunter)
* installing *source* package ‘TCGAbiolinksGUI.data’ ...
** using staged installation
** R
** data
** inst
** byte-compile and prepare package for lazy loading
** help
*** installing help indices
** building package indices
** installing vignettes
** testing if installed package can be loaded from temporary location
** testing if installed package can be loaded from final location
** testing if installed package keeps a record of temporary installation path
* creating tarball
packaged installation of ‘TCGAbiolinksGUI.data’ as ‘TCGAbiolinksGUI.data_1.26.0_R_x86_64-pc-linux-gnu.tar.gz’
* DONE (TCGAbiolinksGUI.data)
* installing *source* package ‘dearseq’ ...
** package ‘dearseq’ successfully unpacked and MD5 sums checked
** using staged installation
** R
** data
** inst
** byte-compile and prepare package for lazy loading
** help
*** installing help indices
*** copying figures
** building package indices
** installing vignettes
** testing if installed package can be loaded from temporary location
** testing if installed package can be loaded from final location
** testing if installed package keeps a record of temporary installation path
* creating tarball
packaged installation of ‘dearseq’ as ‘dearseq_1.18.0_R_x86_64-pc-linux-gnu.tar.gz’
* DONE (dearseq)
* installing *binary* package ‘CATT’ ...
* ‘CATT’ was already a binary package and will not be rebuilt
* creating tarball
packaged installation of ‘CATT’ as ‘CATT_2.0_R_x86_64-pc-linux-gnu.tar.gz’
* DONE (CATT)
* installing *source* package ‘GeoTcgaData’ ...
** package ‘GeoTcgaData’ successfully unpacked and MD5 sums checked
** using staged installation
** R
** data
** inst
** byte-compile and prepare package for lazy loading
** help
*** installing help indices
** building package indices
** installing vignettes
** testing if installed package can be loaded from temporary location
** testing if installed package can be loaded from final location
** testing if installed package keeps a record of temporary installation path
* creating tarball
packaged installation of ‘GeoTcgaData’ as ‘GeoTcgaData_2.6.0_R_x86_64-pc-linux-gnu.tar.gz’
* DONE (GeoTcgaData)
* installing *source* package ‘goseq’ ...
** package ‘goseq’ successfully unpacked and MD5 sums checked
** using staged installation
** R
** data
** inst
** byte-compile and prepare package for lazy loading
** help
*** installing help indices
** building package indices
** installing vignettes
** testing if installed package can be loaded from temporary location
** testing if installed package can be loaded from final location
** testing if installed package keeps a record of temporary installation path
* creating tarball
packaged installation of ‘goseq’ as ‘goseq_1.58.0_R_x86_64-pc-linux-gnu.tar.gz’
* DONE (goseq)
* installing *source* package ‘isva’ ...
** package ‘isva’ successfully unpacked and MD5 sums checked
** using staged installation
** R
** data
** byte-compile and prepare package for lazy loading
** help
*** installing help indices
** building package indices
** testing if installed package can be loaded from temporary location
** testing if installed package can be loaded from final location
** testing if installed package keeps a record of temporary installation path
* creating tarball
packaged installation of ‘isva’ as ‘isva_1.9_R_x86_64-pc-linux-gnu.tar.gz’
* DONE (isva)
* installing *source* package ‘minfi’ ...
** using staged installation
** R
** inst
** byte-compile and prepare package for lazy loading
** help
*** installing help indices
** building package indices
** installing vignettes
** testing if installed package can be loaded from temporary location
** testing if installed package can be loaded from final location
Error: package or namespace load failed for ‘bumphunter’ in loadNamespace(j <- i[[1L]], c(lib.loc, .libPaths()), versionCheck = vI[[j]]):
 there is no package called ‘rtracklayer’
Error : package ‘bumphunter’ could not be loaded
Error: loading failed
Execution halted
ERROR: loading failed
* removing ‘/mnt/library/minfi’
* restoring previous ‘/mnt/library/minfi’
* installing *source* package ‘TCGAbiolinks’ ...
** package ‘TCGAbiolinks’ successfully unpacked and MD5 sums checked
** using staged installation
** R
** data
*** moving datasets to lazyload DB
** inst
** byte-compile and prepare package for lazy loading
** help
*** installing help indices
** building package indices
** installing vignettes
** testing if installed package can be loaded from temporary location
** testing if installed package can be loaded from final location
** testing if installed package keeps a record of temporary installation path
* creating tarball
packaged installation of ‘TCGAbiolinks’ as ‘TCGAbiolinks_2.34.0_R_x86_64-pc-linux-gnu.tar.gz’
* DONE (TCGAbiolinks)
* installing *source* package ‘methylumi’ ...
** package ‘methylumi’ successfully unpacked and MD5 sums checked
** using staged installation
** R
** data
** inst
** byte-compile and prepare package for lazy loading
** help
*** installing help indices
** building package indices
** installing vignettes
** testing if installed package can be loaded from temporary location
** testing if installed package can be loaded from final location
** testing if installed package keeps a record of temporary installation path
* creating tarball
packaged installation of ‘methylumi’ as ‘methylumi_2.52.0_R_x86_64-pc-linux-gnu.tar.gz’
* DONE (methylumi)
* installing *source* package ‘IlluminaHumanMethylationEPICv2anno.20a1.hg38’ ...
** using staged installation
** R
** data
*** moving datasets to lazyload DB
** inst
** byte-compile and prepare package for lazy loading
** help
*** installing help indices
** building package indices
** installing vignettes
** testing if installed package can be loaded from temporary location
** testing if installed package can be loaded from final location
** testing if installed package keeps a record of temporary installation path
* creating tarball
packaged installation of ‘IlluminaHumanMethylationEPICv2anno.20a1.hg38’ as ‘IlluminaHumanMethylationEPICv2anno.20a1.hg38_1.0.0_R_x86_64-pc-linux-gnu.tar.gz’
* DONE (IlluminaHumanMethylationEPICv2anno.20a1.hg38)
* installing *source* package ‘IlluminaHumanMethylationEPICv2manifest’ ...
** using staged installation
** data
*** moving datasets to lazyload DB
** inst
** help
*** installing help indices
** building package indices
** installing vignettes
** testing if installed package can be loaded from temporary location
** testing if installed package can be loaded from final location
** testing if installed package keeps a record of temporary installation path
* creating tarball
packaged installation of ‘IlluminaHumanMethylationEPICv2manifest’ as ‘IlluminaHumanMethylationEPICv2manifest_1.0.0_R_x86_64-pc-linux-gnu.tar.gz’
* DONE (IlluminaHumanMethylationEPICv2manifest)
* installing *source* package ‘IlluminaHumanMethylationEPICmanifest’ ...
** using staged installation
** data
*** moving datasets to lazyload DB
** inst
** help
*** installing help indices
** building package indices
** testing if installed package can be loaded from temporary location
** testing if installed package can be loaded from final location
** testing if installed package keeps a record of temporary installation path
* creating tarball
packaged installation of ‘IlluminaHumanMethylationEPICmanifest’ as ‘IlluminaHumanMethylationEPICmanifest_0.3.0_R_x86_64-pc-linux-gnu.tar.gz’
* DONE (IlluminaHumanMethylationEPICmanifest)
* installing *source* package ‘IlluminaHumanMethylation450kmanifest’ ...
** using staged installation
** data
*** moving datasets to lazyload DB
** inst
** help
*** installing help indices
** building package indices
** testing if installed package can be loaded from temporary location
** testing if installed package can be loaded from final location
** testing if installed package keeps a record of temporary installation path
* creating tarball
packaged installation of ‘IlluminaHumanMethylation450kmanifest’ as ‘IlluminaHumanMethylation450kmanifest_0.4.0_R_x86_64-pc-linux-gnu.tar.gz’
* DONE (IlluminaHumanMethylation450kmanifest)
* installing *source* package ‘IlluminaHumanMethylationEPICanno.ilm10b4.hg19’ ...
** using staged installation
** data
*** moving datasets to lazyload DB
** inst
** help
*** installing help indices
** building package indices
** testing if installed package can be loaded from temporary location
** testing if installed package can be loaded from final location
** testing if installed package keeps a record of temporary installation path
* creating tarball
packaged installation of ‘IlluminaHumanMethylationEPICanno.ilm10b4.hg19’ as ‘IlluminaHumanMethylationEPICanno.ilm10b4.hg19_0.6.0_R_x86_64-pc-linux-gnu.tar.gz’
* DONE (IlluminaHumanMethylationEPICanno.ilm10b4.hg19)
* installing *source* package ‘IlluminaHumanMethylation450kanno.ilmn12.hg19’ ...
** using staged installation
** data
*** moving datasets to lazyload DB
** inst
** help
*** installing help indices
** building package indices
** testing if installed package can be loaded from temporary location
** testing if installed package can be loaded from final location
** testing if installed package keeps a record of temporary installation path
* creating tarball
packaged installation of ‘IlluminaHumanMethylation450kanno.ilmn12.hg19’ as ‘IlluminaHumanMethylation450kanno.ilmn12.hg19_0.6.1_R_x86_64-pc-linux-gnu.tar.gz’
* DONE (IlluminaHumanMethylation450kanno.ilmn12.hg19)
* installing *source* package ‘lumi’ ...
** package ‘lumi’ successfully unpacked and MD5 sums checked
** using staged installation
** R
** data
** inst
** byte-compile and prepare package for lazy loading
No methods found in package ‘RSQLite’ for request: ‘dbListFields’ when loading ‘lumi’
** help
*** installing help indices
** building package indices
** installing vignettes
** testing if installed package can be loaded from temporary location
No methods found in package ‘RSQLite’ for request: ‘dbListFields’ when loading ‘lumi’
** testing if installed package can be loaded from final location
No methods found in package ‘RSQLite’ for request: ‘dbListFields’ when loading ‘lumi’
** testing if installed package keeps a record of temporary installation path
* creating tarball
packaged installation of ‘lumi’ as ‘lumi_2.58.0_R_x86_64-pc-linux-gnu.tar.gz’
* DONE (lumi)
* installing *source* package ‘missMethyl’ ...
** package ‘missMethyl’ successfully unpacked and MD5 sums checked
** using staged installation
** R
** inst
** byte-compile and prepare package for lazy loading
** help
*** installing help indices
** building package indices
** installing vignettes
** testing if installed package can be loaded from temporary location
** testing if installed package can be loaded from final location
** testing if installed package keeps a record of temporary installation path
* creating tarball
packaged installation of ‘missMethyl’ as ‘missMethyl_1.40.1_R_x86_64-pc-linux-gnu.tar.gz’
* DONE (missMethyl)
* installing *source* package ‘DMRcate’ ...
** package ‘DMRcate’ successfully unpacked and MD5 sums checked
** using staged installation
** R
** inst
** byte-compile and prepare package for lazy loading
** help
*** installing help indices
** building package indices
** installing vignettes
** testing if installed package can be loaded from temporary location
** testing if installed package can be loaded from final location
** testing if installed package keeps a record of temporary installation path
* creating tarball
packaged installation of ‘DMRcate’ as ‘DMRcate_3.2.1_R_x86_64-pc-linux-gnu.tar.gz’
* DONE (DMRcate)
* installing *source* package ‘wateRmelon’ ...
** package ‘wateRmelon’ successfully unpacked and MD5 sums checked
** using staged installation
** R
** data
** inst
** byte-compile and prepare package for lazy loading
No methods found in package ‘RSQLite’ for request: ‘dbListFields’ when loading ‘lumi’
Creating a generic function from function ‘as.methylumi’ in package ‘wateRmelon’
Creating a generic function from function ‘smokp’ in package ‘wateRmelon’
Creating a generic function from function ‘adjustedDasen’ in package ‘wateRmelon’
** help
*** installing help indices
** building package indices
** installing vignettes
** testing if installed package can be loaded from temporary location
No methods found in package ‘RSQLite’ for request: ‘dbListFields’ when loading ‘lumi’
** testing if installed package can be loaded from final location
No methods found in package ‘RSQLite’ for request: ‘dbListFields’ when loading ‘lumi’
** testing if installed package keeps a record of temporary installation path
* creating tarball
packaged installation of ‘wateRmelon’ as ‘wateRmelon_2.12.0_R_x86_64-pc-linux-gnu.tar.gz’
* DONE (wateRmelon)
* installing *source* package ‘ChAMP’ ...
** package ‘ChAMP’ successfully unpacked and MD5 sums checked
** using staged installation
** R
** inst
** byte-compile and prepare package for lazy loading
No methods found in package 'RSQLite' for request: 'dbListFields' when loading 'lumi'
Warning: replacing previous import 'plyr::mutate' by 'plotly::mutate' when loading 'ChAMP'
Warning: replacing previous import 'plyr::rename' by 'plotly::rename' when loading 'ChAMP'
Warning: replacing previous import 'plyr::arrange' by 'plotly::arrange' when loading 'ChAMP'
Warning: replacing previous import 'plyr::summarise' by 'plotly::summarise' when loading 'ChAMP'
Warning: replacing previous import 'plotly::subplot' by 'Hmisc::subplot' when loading 'ChAMP'
Warning: replacing previous import 'plyr::summarize' by 'Hmisc::summarize' when loading 'ChAMP'
Warning: replacing previous import 'plyr::is.discrete' by 'Hmisc::is.discrete' when loading 'ChAMP'
Warning: replacing previous import 'plotly::last_plot' by 'ggplot2::last_plot' when loading 'ChAMP'
Warning: replacing previous import 'globaltest::model.matrix' by 'stats::model.matrix' when loading 'ChAMP'
Warning: replacing previous import 'globaltest::p.adjust' by 'stats::p.adjust' when loading 'ChAMP'
Note: possible error in 'dmrcate(myannotation, ': unused argument (mc.cores = cores) 
** help
*** installing help indices
** building package indices
** installing vignettes
** testing if installed package can be loaded from temporary location
No methods found in package 'RSQLite' for request: 'dbListFields' when loading 'lumi'
Warning: replacing previous import 'plyr::mutate' by 'plotly::mutate' when loading 'ChAMP'
Warning: replacing previous import 'plyr::rename' by 'plotly::rename' when loading 'ChAMP'
Warning: replacing previous import 'plyr::arrange' by 'plotly::arrange' when loading 'ChAMP'
Warning: replacing previous import 'plyr::summarise' by 'plotly::summarise' when loading 'ChAMP'
Warning: replacing previous import 'plotly::subplot' by 'Hmisc::subplot' when loading 'ChAMP'
Warning: replacing previous import 'plyr::summarize' by 'Hmisc::summarize' when loading 'ChAMP'
Warning: replacing previous import 'plyr::is.discrete' by 'Hmisc::is.discrete' when loading 'ChAMP'
Warning: replacing previous import 'plotly::last_plot' by 'ggplot2::last_plot' when loading 'ChAMP'
Warning: replacing previous import 'globaltest::model.matrix' by 'stats::model.matrix' when loading 'ChAMP'
Warning: replacing previous import 'globaltest::p.adjust' by 'stats::p.adjust' when loading 'ChAMP'
** testing if installed package can be loaded from final location
No methods found in package 'RSQLite' for request: 'dbListFields' when loading 'lumi'
Warning: replacing previous import 'plyr::mutate' by 'plotly::mutate' when loading 'ChAMP'
Warning: replacing previous import 'plyr::rename' by 'plotly::rename' when loading 'ChAMP'
Warning: replacing previous import 'plyr::arrange' by 'plotly::arrange' when loading 'ChAMP'
Warning: replacing previous import 'plyr::summarise' by 'plotly::summarise' when loading 'ChAMP'
Warning: replacing previous import 'plotly::subplot' by 'Hmisc::subplot' when loading 'ChAMP'
Warning: replacing previous import 'plyr::summarize' by 'Hmisc::summarize' when loading 'ChAMP'
Warning: replacing previous import 'plyr::is.discrete' by 'Hmisc::is.discrete' when loading 'ChAMP'
Warning: replacing previous import 'plotly::last_plot' by 'ggplot2::last_plot' when loading 'ChAMP'
Warning: replacing previous import 'globaltest::model.matrix' by 'stats::model.matrix' when loading 'ChAMP'
Warning: replacing previous import 'globaltest::p.adjust' by 'stats::p.adjust' when loading 'ChAMP'
** testing if installed package keeps a record of temporary installation path
* creating tarball
packaged installation of ‘ChAMP’ as ‘ChAMP_2.36.0_R_x86_64-pc-linux-gnu.tar.gz’
* DONE (ChAMP)

The downloaded source packages are in
	‘/tmp/Rtmp0VW0xY/downloaded_packages’
Old packages: 'bslib', 'cli', 'curl', 'evaluate', 'httr2', 'jsonlite',
  'openssl', 'pillar', 'pkgbuild', 'processx', 'ps', 'purrr', 'R6', 'Rcpp',
  'rlang', 'sessioninfo', 'systemfonts', 'testthat', 'textshaping', 'tinytex',
  'xfun', 'zip', 'class', 'foreign', 'KernSmooth', 'MASS', 'Matrix', 'nlme',
  'nnet', 'rpart', 'spatial'
Warning messages:
1: In install.packages(...) :
  installation of package ‘FDb.InfiniumMethylation.hg19’ had non-zero exit status
2: In install.packages(...) :
  installation of package ‘minfi’ had non-zero exit status

real	124m29.327s
user	34m16.331s
sys	2m18.578s
