'getOption("repos")' replaces Bioconductor standard repositories, see
'help("repositories", package = "BiocManager")' for details.
Replacement repositories:
    CRAN: https://p3m.dev/cran/__linux__/noble/latest
Bioconductor version 3.20 (BiocManager 1.30.25), R 4.4.2 (2024-10-31)
Installing package(s) 'Pigengene'
also installing the dependencies ‘Cubist’, ‘C50’

trying URL 'https://p3m.dev/cran/__linux__/noble/latest/src/contrib/Cubist_0.4.4.tar.gz'
Content type 'binary/octet-stream' length 885649 bytes (864 KB)
==================================================
downloaded 864 KB

trying URL 'https://p3m.dev/cran/__linux__/noble/latest/src/contrib/C50_0.1.8.tar.gz'
Content type 'binary/octet-stream' length 336886 bytes (328 KB)
==================================================
downloaded 328 KB

trying URL 'https://bioconductor.org/packages/3.20/bioc/src/contrib/Pigengene_1.32.0.tar.gz'
Content type 'application/x-gzip' length 2833447 bytes (2.7 MB)
==================================================
downloaded 2.7 MB

* installing *binary* package ‘Cubist’ ...
* ‘Cubist’ was already a binary package and will not be rebuilt
* creating tarball
packaged installation of ‘Cubist’ as ‘Cubist_0.4.4_R_x86_64-pc-linux-gnu.tar.gz’
* DONE (Cubist)
* installing *binary* package ‘C50’ ...
* ‘C50’ was already a binary package and will not be rebuilt
* creating tarball
packaged installation of ‘C50’ as ‘C50_0.1.8_R_x86_64-pc-linux-gnu.tar.gz’
* DONE (C50)
* installing *source* package ‘Pigengene’ ...
** package ‘Pigengene’ successfully unpacked and MD5 sums checked
** using staged installation
** R
** data
** inst
** byte-compile and prepare package for lazy loading
** help
*** installing help indices
** building package indices
** installing vignettes
** testing if installed package can be loaded from temporary location
** testing if installed package can be loaded from final location
** testing if installed package keeps a record of temporary installation path
* creating tarball
packaged installation of ‘Pigengene’ as ‘Pigengene_1.32.0_R_x86_64-pc-linux-gnu.tar.gz’
* DONE (Pigengene)

The downloaded source packages are in
	‘/tmp/RtmpWFaw3t/downloaded_packages’
Old packages: 'bslib', 'cli', 'curl', 'evaluate', 'httr2', 'jsonlite',
  'openssl', 'pillar', 'pkgbuild', 'processx', 'ps', 'purrr', 'R6', 'Rcpp',
  'rlang', 'sessioninfo', 'systemfonts', 'testthat', 'textshaping', 'tinytex',
  'xfun', 'zip', 'class', 'foreign', 'KernSmooth', 'MASS', 'Matrix', 'nlme',
  'nnet', 'rpart', 'spatial'

real	2m3.433s
user	0m30.447s
sys	0m7.100s
