'getOption("repos")' replaces Bioconductor standard repositories, see
'help("repositories", package = "BiocManager")' for details.
Replacement repositories:
    CRAN: https://p3m.dev/cran/__linux__/noble/latest
Bioconductor version 3.20 (BiocManager 1.30.25), R 4.4.2 (2024-10-31)
Installing package(s) 'a4Base'
also installing the dependencies ‘threejs’, ‘MLInterfaces’, ‘nlcv’

trying URL 'https://p3m.dev/cran/__linux__/noble/latest/src/contrib/threejs_0.3.3.tar.gz'
Content type 'binary/octet-stream' length 945581 bytes (923 KB)
==================================================
downloaded 923 KB

trying URL 'https://bioconductor.org/packages/3.20/bioc/src/contrib/MLInterfaces_1.86.0.tar.gz'
Content type 'application/x-gzip' length 2938636 bytes (2.8 MB)
==================================================
downloaded 2.8 MB

trying URL 'https://p3m.dev/cran/__linux__/noble/latest/src/contrib/nlcv_0.3.5.tar.gz'
Content type 'application/x-tar' length 1430164 bytes (1.4 MB)
==================================================
downloaded 1.4 MB

trying URL 'https://bioconductor.org/packages/3.20/bioc/src/contrib/a4Base_1.54.0.tar.gz'
Content type 'application/x-gzip' length 376608 bytes (367 KB)
==================================================
downloaded 367 KB

* installing *binary* package ‘threejs’ ...
* ‘threejs’ was already a binary package and will not be rebuilt
* creating tarball
packaged installation of ‘threejs’ as ‘threejs_0.3.3_R_x86_64-pc-linux-gnu.tar.gz’
* DONE (threejs)
* installing *source* package ‘a4Base’ ...
** package ‘a4Base’ successfully unpacked and MD5 sums checked
** using staged installation
** R
** data
** inst
** byte-compile and prepare package for lazy loading
** help
*** installing help indices
** building package indices
** testing if installed package can be loaded from temporary location
** testing if installed package can be loaded from final location
** testing if installed package keeps a record of temporary installation path
* creating tarball
packaged installation of ‘a4Base’ as ‘a4Base_1.54.0_R_x86_64-pc-linux-gnu.tar.gz’
* DONE (a4Base)
* installing *source* package ‘MLInterfaces’ ...
** package ‘MLInterfaces’ successfully unpacked and MD5 sums checked
** using staged installation
** R
** data
** inst
** byte-compile and prepare package for lazy loading
** help
*** installing help indices
** building package indices
** installing vignettes
** testing if installed package can be loaded from temporary location
** testing if installed package can be loaded from final location
** testing if installed package keeps a record of temporary installation path
* creating tarball
packaged installation of ‘MLInterfaces’ as ‘MLInterfaces_1.86.0_R_x86_64-pc-linux-gnu.tar.gz’
* DONE (MLInterfaces)
* installing *source* package ‘nlcv’ ...
** package ‘nlcv’ successfully unpacked and MD5 sums checked
** using staged installation
** R
** data
** inst
** byte-compile and prepare package for lazy loading
** help
*** installing help indices
** building package indices
** installing vignettes
** testing if installed package can be loaded from temporary location
** testing if installed package can be loaded from final location
** testing if installed package keeps a record of temporary installation path
* creating tarball
packaged installation of ‘nlcv’ as ‘nlcv_0.3.5_R_x86_64-pc-linux-gnu.tar.gz’
* DONE (nlcv)

The downloaded source packages are in
	‘/tmp/RtmpLm8yZc/downloaded_packages’
Old packages: 'bslib', 'cli', 'curl', 'evaluate', 'httr2', 'jsonlite',
  'openssl', 'pillar', 'pkgbuild', 'processx', 'ps', 'purrr', 'R6', 'Rcpp',
  'rlang', 'sessioninfo', 'systemfonts', 'testthat', 'textshaping', 'tinytex',
  'xfun', 'zip', 'class', 'foreign', 'KernSmooth', 'MASS', 'Matrix', 'nlme',
  'nnet', 'rpart', 'spatial'

real	3m32.320s
user	1m12.439s
sys	0m13.323s
