'getOption("repos")' replaces Bioconductor standard repositories, see
'help("repositories", package = "BiocManager")' for details.
Replacement repositories:
    CRAN: https://p3m.dev/cran/__linux__/noble/latest
Bioconductor version 3.20 (BiocManager 1.30.25), R 4.4.2 (2024-10-31)
Installing package(s) 'SpotSweeper'
also installing the dependency ‘spatialEco’

trying URL 'https://p3m.dev/cran/__linux__/noble/latest/src/contrib/spatialEco_2.0-2.tar.gz'
Content type 'binary/octet-stream' length 2219493 bytes (2.1 MB)
==================================================
downloaded 2.1 MB

trying URL 'https://bioconductor.org/packages/3.20/bioc/src/contrib/SpotSweeper_1.2.0.tar.gz'
Content type 'application/x-gzip' length 3312763 bytes (3.2 MB)
==================================================
downloaded 3.2 MB

* installing *binary* package ‘spatialEco’ ...
* ‘spatialEco’ was already a binary package and will not be rebuilt
* creating tarball
packaged installation of ‘spatialEco’ as ‘spatialEco_2.0-2_R_x86_64-pc-linux-gnu.tar.gz’
* DONE (spatialEco)
* installing *source* package ‘SpotSweeper’ ...
** using staged installation
** R
** data
** inst
** byte-compile and prepare package for lazy loading
** help
*** installing help indices
*** copying figures
** building package indices
** installing vignettes
** testing if installed package can be loaded from temporary location
** testing if installed package can be loaded from final location
** testing if installed package keeps a record of temporary installation path
* creating tarball
packaged installation of ‘SpotSweeper’ as ‘SpotSweeper_1.2.0_R_x86_64-pc-linux-gnu.tar.gz’
* DONE (SpotSweeper)

The downloaded source packages are in
	‘/tmp/RtmpMUtFd1/downloaded_packages’
Old packages: 'bslib', 'cli', 'curl', 'evaluate', 'httr2', 'jsonlite',
  'openssl', 'pillar', 'pkgbuild', 'processx', 'ps', 'purrr', 'R6', 'Rcpp',
  'rlang', 'sessioninfo', 'systemfonts', 'testthat', 'textshaping', 'tinytex',
  'xfun', 'zip', 'class', 'foreign', 'KernSmooth', 'MASS', 'Matrix', 'nlme',
  'nnet', 'rpart', 'spatial'

real	1m35.796s
user	0m35.740s
sys	0m6.041s
