'getOption("repos")' replaces Bioconductor standard repositories, see
'help("repositories", package = "BiocManager")' for details.
Replacement repositories:
    CRAN: https://p3m.dev/cran/__linux__/noble/latest
Bioconductor version 3.20 (BiocManager 1.30.25), R 4.4.2 (2024-10-31)
Installing package(s) 'GENESIS'
also installing the dependencies ‘COMPoissonReg’, ‘SPAtest’

trying URL 'https://p3m.dev/cran/__linux__/noble/latest/src/contrib/COMPoissonReg_0.8.1.tar.gz'
Content type 'binary/octet-stream' length 626126 bytes (611 KB)
==================================================
downloaded 611 KB

trying URL 'https://p3m.dev/cran/__linux__/noble/latest/src/contrib/SPAtest_3.1.2.tar.gz'
Content type 'binary/octet-stream' length 119394 bytes (116 KB)
==================================================
downloaded 116 KB

trying URL 'https://bioconductor.org/packages/3.20/bioc/src/contrib/GENESIS_2.36.0.tar.gz'
Content type 'application/x-gzip' length 4003642 bytes (3.8 MB)
==================================================
downloaded 3.8 MB

* installing *binary* package ‘COMPoissonReg’ ...
* ‘COMPoissonReg’ was already a binary package and will not be rebuilt
* creating tarball
packaged installation of ‘COMPoissonReg’ as ‘COMPoissonReg_0.8.1_R_x86_64-pc-linux-gnu.tar.gz’
* DONE (COMPoissonReg)
* installing *binary* package ‘SPAtest’ ...
* ‘SPAtest’ was already a binary package and will not be rebuilt
* creating tarball
packaged installation of ‘SPAtest’ as ‘SPAtest_3.1.2_R_x86_64-pc-linux-gnu.tar.gz’
* DONE (SPAtest)
* installing *source* package ‘GENESIS’ ...
** package ‘GENESIS’ successfully unpacked and MD5 sums checked
** using staged installation
** libs
using C compiler: ‘gcc (Ubuntu 13.3.0-6ubuntu2~24.04) 13.3.0’
gcc -I"/usr/local/lib/R/include" -DNDEBUG   -I/usr/local/include    -fpic  -g -O2 -fstack-protector-strong -Wformat -Wformat-security -Wdate-time -D_FORTIFY_SOURCE=2 -g  -c fht.c -o fht.o
gcc -shared -L/usr/local/lib/R/lib -L/usr/local/lib -o GENESIS.so fht.o -L/usr/local/lib/R/lib -lR
installing to /mnt/library/00LOCK-GENESIS/00new/GENESIS/libs
** R
** data
** inst
** byte-compile and prepare package for lazy loading
** help
*** installing help indices
** building package indices
** installing vignettes
** testing if installed package can be loaded from temporary location
** checking absolute paths in shared objects and dynamic libraries
** testing if installed package can be loaded from final location
** testing if installed package keeps a record of temporary installation path
* creating tarball
packaged installation of ‘GENESIS’ as ‘GENESIS_2.36.0_R_x86_64-pc-linux-gnu.tar.gz’
* DONE (GENESIS)

The downloaded source packages are in
	‘/tmp/RtmpumGGCi/downloaded_packages’
Old packages: 'bslib', 'cli', 'curl', 'evaluate', 'httr2', 'jsonlite',
  'openssl', 'pillar', 'pkgbuild', 'processx', 'ps', 'purrr', 'R6', 'Rcpp',
  'rlang', 'sessioninfo', 'systemfonts', 'testthat', 'textshaping', 'tinytex',
  'xfun', 'zip', 'class', 'foreign', 'KernSmooth', 'MASS', 'Matrix', 'nlme',
  'nnet', 'rpart', 'spatial'

real	35m0.529s
user	0m36.659s
sys	0m11.607s
