'getOption("repos")' replaces Bioconductor standard repositories, see
'help("repositories", package = "BiocManager")' for details.
Replacement repositories:
    CRAN: https://p3m.dev/cran/__linux__/noble/latest
Bioconductor version 3.20 (BiocManager 1.30.25), R 4.4.2 (2024-10-31)
Installing package(s) 'kebabs'
also installing the dependency ‘LiblineaR’

trying URL 'https://p3m.dev/cran/__linux__/noble/latest/src/contrib/LiblineaR_2.10-24.tar.gz'
Content type 'binary/octet-stream' length 81059 bytes (79 KB)
==================================================
downloaded 79 KB

trying URL 'https://bioconductor.org/packages/3.20/bioc/src/contrib/kebabs_1.40.0.tar.gz'
Content type 'application/x-gzip' length 2378346 bytes (2.3 MB)
==================================================
downloaded 2.3 MB

* installing *binary* package ‘LiblineaR’ ...
* ‘LiblineaR’ was already a binary package and will not be rebuilt
* creating tarball
packaged installation of ‘LiblineaR’ as ‘LiblineaR_2.10-24_R_x86_64-pc-linux-gnu.tar.gz’
* DONE (LiblineaR)
* installing *source* package ‘kebabs’ ...
** package ‘kebabs’ successfully unpacked and MD5 sums checked
** using staged installation
** libs
using C compiler: ‘gcc (Ubuntu 13.3.0-6ubuntu2~24.04) 13.3.0’
using C++ compiler: ‘g++ (Ubuntu 13.3.0-6ubuntu2~24.04) 13.3.0’
gcc -I"/usr/local/lib/R/include" -DNDEBUG -DSTRICT_R_HEADERS -I'/mnt/library/IRanges/include' -I'/mnt/library/XVector/include' -I'/mnt/library/Biostrings/include' -I'/usr/local/lib/R/site-library/Rcpp/include' -I'/mnt/library/S4Vectors/include' -I/usr/local/include    -fpic  -g -O2 -fstack-protector-strong -Wformat -Wformat-security -Wdate-time -D_FORTIFY_SOURCE=2 -g  -c Biostrings_stubs.c -o Biostrings_stubs.o
gcc -I"/usr/local/lib/R/include" -DNDEBUG -DSTRICT_R_HEADERS -I'/mnt/library/IRanges/include' -I'/mnt/library/XVector/include' -I'/mnt/library/Biostrings/include' -I'/usr/local/lib/R/site-library/Rcpp/include' -I'/mnt/library/S4Vectors/include' -I/usr/local/include    -fpic  -g -O2 -fstack-protector-strong -Wformat -Wformat-security -Wdate-time -D_FORTIFY_SOURCE=2 -g  -c ByteStringVector.c -o ByteStringVector.o
g++ -std=gnu++17 -I"/usr/local/lib/R/include" -DNDEBUG -DSTRICT_R_HEADERS -I'/mnt/library/IRanges/include' -I'/mnt/library/XVector/include' -I'/mnt/library/Biostrings/include' -I'/usr/local/lib/R/site-library/Rcpp/include' -I'/mnt/library/S4Vectors/include' -I/usr/local/include    -fpic  -g -O2 -fstack-protector-strong -Wformat -Wformat-security -Wdate-time -D_FORTIFY_SOURCE=2 -g  -DR_NO_REMAP -c ExplicitRepC.cpp -o ExplicitRepC.o
g++ -std=gnu++17 -I"/usr/local/lib/R/include" -DNDEBUG -DSTRICT_R_HEADERS -I'/mnt/library/IRanges/include' -I'/mnt/library/XVector/include' -I'/mnt/library/Biostrings/include' -I'/usr/local/lib/R/site-library/Rcpp/include' -I'/mnt/library/S4Vectors/include' -I/usr/local/include    -fpic  -g -O2 -fstack-protector-strong -Wformat -Wformat-security -Wdate-time -D_FORTIFY_SOURCE=2 -g  -DR_NO_REMAP -c FeatureWeightsPosDepC.cpp -o FeatureWeightsPosDepC.o
g++ -std=gnu++17 -I"/usr/local/lib/R/include" -DNDEBUG -DSTRICT_R_HEADERS -I'/mnt/library/IRanges/include' -I'/mnt/library/XVector/include' -I'/mnt/library/Biostrings/include' -I'/usr/local/lib/R/site-library/Rcpp/include' -I'/mnt/library/S4Vectors/include' -I/usr/local/include    -fpic  -g -O2 -fstack-protector-strong -Wformat -Wformat-security -Wdate-time -D_FORTIFY_SOURCE=2 -g  -DR_NO_REMAP -c GappyPairC.cpp -o GappyPairC.o
gcc -I"/usr/local/lib/R/include" -DNDEBUG -DSTRICT_R_HEADERS -I'/mnt/library/IRanges/include' -I'/mnt/library/XVector/include' -I'/mnt/library/Biostrings/include' -I'/usr/local/lib/R/site-library/Rcpp/include' -I'/mnt/library/S4Vectors/include' -I/usr/local/include    -fpic  -g -O2 -fstack-protector-strong -Wformat -Wformat-security -Wdate-time -D_FORTIFY_SOURCE=2 -g  -c IRanges_stubs.c -o IRanges_stubs.o
g++ -std=gnu++17 -I"/usr/local/lib/R/include" -DNDEBUG -DSTRICT_R_HEADERS -I'/mnt/library/IRanges/include' -I'/mnt/library/XVector/include' -I'/mnt/library/Biostrings/include' -I'/usr/local/lib/R/site-library/Rcpp/include' -I'/mnt/library/S4Vectors/include' -I/usr/local/include    -fpic  -g -O2 -fstack-protector-strong -Wformat -Wformat-security -Wdate-time -D_FORTIFY_SOURCE=2 -g  -DR_NO_REMAP -c KernelUtils.cpp -o KernelUtils.o
g++ -std=gnu++17 -I"/usr/local/lib/R/include" -DNDEBUG -DSTRICT_R_HEADERS -I'/mnt/library/IRanges/include' -I'/mnt/library/XVector/include' -I'/mnt/library/Biostrings/include' -I'/usr/local/lib/R/site-library/Rcpp/include' -I'/mnt/library/S4Vectors/include' -I/usr/local/include    -fpic  -g -O2 -fstack-protector-strong -Wformat -Wformat-security -Wdate-time -D_FORTIFY_SOURCE=2 -g  -DR_NO_REMAP -c MismatchC.cpp -o MismatchC.o
g++ -std=gnu++17 -I"/usr/local/lib/R/include" -DNDEBUG -DSTRICT_R_HEADERS -I'/mnt/library/IRanges/include' -I'/mnt/library/XVector/include' -I'/mnt/library/Biostrings/include' -I'/usr/local/lib/R/site-library/Rcpp/include' -I'/mnt/library/S4Vectors/include' -I/usr/local/include    -fpic  -g -O2 -fstack-protector-strong -Wformat -Wformat-security -Wdate-time -D_FORTIFY_SOURCE=2 -g  -DR_NO_REMAP -c MotifC.cpp -o MotifC.o
g++ -std=gnu++17 -I"/usr/local/lib/R/include" -DNDEBUG -DSTRICT_R_HEADERS -I'/mnt/library/IRanges/include' -I'/mnt/library/XVector/include' -I'/mnt/library/Biostrings/include' -I'/usr/local/lib/R/site-library/Rcpp/include' -I'/mnt/library/S4Vectors/include' -I/usr/local/include    -fpic  -g -O2 -fstack-protector-strong -Wformat -Wformat-security -Wdate-time -D_FORTIFY_SOURCE=2 -g  -DR_NO_REMAP -c PredictionC.cpp -o PredictionC.o
g++ -std=gnu++17 -I"/usr/local/lib/R/include" -DNDEBUG -DSTRICT_R_HEADERS -I'/mnt/library/IRanges/include' -I'/mnt/library/XVector/include' -I'/mnt/library/Biostrings/include' -I'/usr/local/lib/R/site-library/Rcpp/include' -I'/mnt/library/S4Vectors/include' -I/usr/local/include    -fpic  -g -O2 -fstack-protector-strong -Wformat -Wformat-security -Wdate-time -D_FORTIFY_SOURCE=2 -g  -DR_NO_REMAP -c PredictionProfileC.cpp -o PredictionProfileC.o
g++ -std=gnu++17 -I"/usr/local/lib/R/include" -DNDEBUG -DSTRICT_R_HEADERS -I'/mnt/library/IRanges/include' -I'/mnt/library/XVector/include' -I'/mnt/library/Biostrings/include' -I'/usr/local/lib/R/site-library/Rcpp/include' -I'/mnt/library/S4Vectors/include' -I/usr/local/include    -fpic  -g -O2 -fstack-protector-strong -Wformat -Wformat-security -Wdate-time -D_FORTIFY_SOURCE=2 -g  -DR_NO_REMAP -c R_init_kebabs.cpp -o R_init_kebabs.o
gcc -I"/usr/local/lib/R/include" -DNDEBUG -DSTRICT_R_HEADERS -I'/mnt/library/IRanges/include' -I'/mnt/library/XVector/include' -I'/mnt/library/Biostrings/include' -I'/usr/local/lib/R/site-library/Rcpp/include' -I'/mnt/library/S4Vectors/include' -I/usr/local/include    -fpic  -g -O2 -fstack-protector-strong -Wformat -Wformat-security -Wdate-time -D_FORTIFY_SOURCE=2 -g  -c Rsvm.c -o Rsvm.o
g++ -std=gnu++17 -I"/usr/local/lib/R/include" -DNDEBUG -DSTRICT_R_HEADERS -I'/mnt/library/IRanges/include' -I'/mnt/library/XVector/include' -I'/mnt/library/Biostrings/include' -I'/usr/local/lib/R/site-library/Rcpp/include' -I'/mnt/library/S4Vectors/include' -I/usr/local/include    -fpic  -g -O2 -fstack-protector-strong -Wformat -Wformat-security -Wdate-time -D_FORTIFY_SOURCE=2 -g  -DR_NO_REMAP -c SparseMatrixHash.cpp -o SparseMatrixHash.o
g++ -std=gnu++17 -I"/usr/local/lib/R/include" -DNDEBUG -DSTRICT_R_HEADERS -I'/mnt/library/IRanges/include' -I'/mnt/library/XVector/include' -I'/mnt/library/Biostrings/include' -I'/usr/local/lib/R/site-library/Rcpp/include' -I'/mnt/library/S4Vectors/include' -I/usr/local/include    -fpic  -g -O2 -fstack-protector-strong -Wformat -Wformat-security -Wdate-time -D_FORTIFY_SOURCE=2 -g  -DR_NO_REMAP -c SpectrumC.cpp -o SpectrumC.o
g++ -std=gnu++17 -I"/usr/local/lib/R/include" -DNDEBUG -DSTRICT_R_HEADERS -I'/mnt/library/IRanges/include' -I'/mnt/library/XVector/include' -I'/mnt/library/Biostrings/include' -I'/usr/local/lib/R/site-library/Rcpp/include' -I'/mnt/library/S4Vectors/include' -I/usr/local/include    -fpic  -g -O2 -fstack-protector-strong -Wformat -Wformat-security -Wdate-time -D_FORTIFY_SOURCE=2 -g  -DR_NO_REMAP -c SymmetricPairC.cpp -o SymmetricPairC.o
g++ -std=gnu++17 -I"/usr/local/lib/R/include" -DNDEBUG -DSTRICT_R_HEADERS -I'/mnt/library/IRanges/include' -I'/mnt/library/XVector/include' -I'/mnt/library/Biostrings/include' -I'/usr/local/lib/R/site-library/Rcpp/include' -I'/mnt/library/S4Vectors/include' -I/usr/local/include    -fpic  -g -O2 -fstack-protector-strong -Wformat -Wformat-security -Wdate-time -D_FORTIFY_SOURCE=2 -g  -DR_NO_REMAP -c Utils.cpp -o Utils.o
gcc -I"/usr/local/lib/R/include" -DNDEBUG -DSTRICT_R_HEADERS -I'/mnt/library/IRanges/include' -I'/mnt/library/XVector/include' -I'/mnt/library/Biostrings/include' -I'/usr/local/lib/R/site-library/Rcpp/include' -I'/mnt/library/S4Vectors/include' -I/usr/local/include    -fpic  -g -O2 -fstack-protector-strong -Wformat -Wformat-security -Wdate-time -D_FORTIFY_SOURCE=2 -g  -c XVector_stubs.c -o XVector_stubs.o
g++ -std=gnu++17 -I"/usr/local/lib/R/include" -DNDEBUG -DSTRICT_R_HEADERS -I'/mnt/library/IRanges/include' -I'/mnt/library/XVector/include' -I'/mnt/library/Biostrings/include' -I'/usr/local/lib/R/site-library/Rcpp/include' -I'/mnt/library/S4Vectors/include' -I/usr/local/include    -fpic  -g -O2 -fstack-protector-strong -Wformat -Wformat-security -Wdate-time -D_FORTIFY_SOURCE=2 -g  -DR_NO_REMAP -c svm.cpp -o svm.o
g++ -std=gnu++17 -shared -L/usr/local/lib/R/lib -L/usr/local/lib -o kebabs.so Biostrings_stubs.o ByteStringVector.o ExplicitRepC.o FeatureWeightsPosDepC.o GappyPairC.o IRanges_stubs.o KernelUtils.o MismatchC.o MotifC.o PredictionC.o PredictionProfileC.o R_init_kebabs.o Rsvm.o SparseMatrixHash.o SpectrumC.o SymmetricPairC.o Utils.o XVector_stubs.o svm.o -L/usr/local/lib/R/lib -lR
installing to /mnt/library/00LOCK-kebabs/00new/kebabs/libs
** R
** data
** inst
** byte-compile and prepare package for lazy loading
** help
*** installing help indices
** building package indices
** installing vignettes
** testing if installed package can be loaded from temporary location
** checking absolute paths in shared objects and dynamic libraries
** testing if installed package can be loaded from final location
** testing if installed package keeps a record of temporary installation path
* creating tarball
packaged installation of ‘kebabs’ as ‘kebabs_1.40.0_R_x86_64-pc-linux-gnu.tar.gz’
* DONE (kebabs)

The downloaded source packages are in
	‘/tmp/Rtmpvf2oGQ/downloaded_packages’
Old packages: 'bslib', 'cli', 'curl', 'evaluate', 'httr2', 'jsonlite',
  'openssl', 'pillar', 'pkgbuild', 'processx', 'ps', 'purrr', 'R6', 'Rcpp',
  'rlang', 'sessioninfo', 'systemfonts', 'testthat', 'textshaping', 'tinytex',
  'xfun', 'zip', 'class', 'foreign', 'KernSmooth', 'MASS', 'Matrix', 'nlme',
  'nnet', 'rpart', 'spatial'

real	2m41.453s
user	1m16.917s
sys	0m9.455s
