'getOption("repos")' replaces Bioconductor standard repositories, see
'help("repositories", package = "BiocManager")' for details.
Replacement repositories:
    CRAN: https://p3m.dev/cran/__linux__/noble/latest
Bioconductor version 3.20 (BiocManager 1.30.25), R 4.4.2 (2024-10-31)
Installing package(s) 'MSstatsBig'
also installing the dependency ‘sparklyr’

trying URL 'https://p3m.dev/cran/__linux__/noble/latest/src/contrib/sparklyr_1.8.6.tar.gz'
Content type 'binary/octet-stream' length 4257098 bytes (4.1 MB)
==================================================
downloaded 4.1 MB

trying URL 'https://bioconductor.org/packages/3.20/bioc/src/contrib/MSstatsBig_1.4.0.tar.gz'
Content type 'application/x-gzip' length 72575 bytes (70 KB)
==================================================
downloaded 70 KB

* installing *binary* package ‘sparklyr’ ...
* ‘sparklyr’ was already a binary package and will not be rebuilt
* creating tarball
packaged installation of ‘sparklyr’ as ‘sparklyr_1.8.6_R_x86_64-pc-linux-gnu.tar.gz’
* DONE (sparklyr)
* installing *source* package ‘MSstatsBig’ ...
** package ‘MSstatsBig’ successfully unpacked and MD5 sums checked
** using staged installation
** R
** inst
** byte-compile and prepare package for lazy loading
** help
*** installing help indices
** building package indices
** installing vignettes
** testing if installed package can be loaded from temporary location
** testing if installed package can be loaded from final location
** testing if installed package keeps a record of temporary installation path
* creating tarball
packaged installation of ‘MSstatsBig’ as ‘MSstatsBig_1.4.0_R_x86_64-pc-linux-gnu.tar.gz’
* DONE (MSstatsBig)

The downloaded source packages are in
	‘/tmp/RtmpcFxacy/downloaded_packages’
Old packages: 'bslib', 'cli', 'curl', 'evaluate', 'httr2', 'jsonlite',
  'openssl', 'pillar', 'pkgbuild', 'processx', 'ps', 'purrr', 'R6', 'Rcpp',
  'rlang', 'sessioninfo', 'systemfonts', 'testthat', 'textshaping', 'tinytex',
  'xfun', 'zip', 'class', 'foreign', 'KernSmooth', 'MASS', 'Matrix', 'nlme',
  'nnet', 'rpart', 'spatial'

real	0m34.174s
user	0m11.814s
sys	0m4.218s
