'getOption("repos")' replaces Bioconductor standard repositories, see
'help("repositories", package = "BiocManager")' for details.
Replacement repositories:
    CRAN: https://p3m.dev/cran/__linux__/noble/latest
Bioconductor version 3.20 (BiocManager 1.30.25), R 4.4.2 (2024-10-31)
Installing package(s) 'enrichplot'
also installing the dependencies ‘europepmc’, ‘ggarchery’, ‘ggHoriPlot’

trying URL 'https://p3m.dev/cran/__linux__/noble/latest/src/contrib/europepmc_0.4.3.tar.gz'
Content type 'binary/octet-stream' length 455641 bytes (444 KB)
==================================================
downloaded 444 KB

trying URL 'https://p3m.dev/cran/__linux__/noble/latest/src/contrib/ggarchery_0.4.3.tar.gz'
Content type 'binary/octet-stream' length 858934 bytes (838 KB)
==================================================
downloaded 838 KB

trying URL 'https://p3m.dev/cran/__linux__/noble/latest/src/contrib/ggHoriPlot_1.0.1.tar.gz'
Content type 'binary/octet-stream' length 3683939 bytes (3.5 MB)
==================================================
downloaded 3.5 MB

trying URL 'https://bioconductor.org/packages/3.20/bioc/src/contrib/enrichplot_1.26.6.tar.gz'
Content type 'application/x-gzip' length 102899 bytes (100 KB)
==================================================
downloaded 100 KB

* installing *binary* package ‘europepmc’ ...
* ‘europepmc’ was already a binary package and will not be rebuilt
* creating tarball
packaged installation of ‘europepmc’ as ‘europepmc_0.4.3_R_x86_64-pc-linux-gnu.tar.gz’
* DONE (europepmc)
* installing *binary* package ‘ggarchery’ ...
* ‘ggarchery’ was already a binary package and will not be rebuilt
* creating tarball
packaged installation of ‘ggarchery’ as ‘ggarchery_0.4.3_R_x86_64-pc-linux-gnu.tar.gz’
* DONE (ggarchery)
* installing *binary* package ‘ggHoriPlot’ ...
* ‘ggHoriPlot’ was already a binary package and will not be rebuilt
* creating tarball
packaged installation of ‘ggHoriPlot’ as ‘ggHoriPlot_1.0.1_R_x86_64-pc-linux-gnu.tar.gz’
* DONE (ggHoriPlot)
* installing *source* package ‘enrichplot’ ...
** package ‘enrichplot’ successfully unpacked and MD5 sums checked
** using staged installation
** R
** inst
** byte-compile and prepare package for lazy loading
** help
*** installing help indices
** building package indices
** installing vignettes
** testing if installed package can be loaded from temporary location
** testing if installed package can be loaded from final location
** testing if installed package keeps a record of temporary installation path
* creating tarball
packaged installation of ‘enrichplot’ as ‘enrichplot_1.26.6_R_x86_64-pc-linux-gnu.tar.gz’
* DONE (enrichplot)

The downloaded source packages are in
	‘/tmp/RtmphPVulC/downloaded_packages’
Old packages: 'bslib', 'cli', 'curl', 'evaluate', 'httr2', 'jsonlite',
  'openssl', 'pillar', 'pkgbuild', 'processx', 'ps', 'purrr', 'R6', 'Rcpp',
  'rlang', 'sessioninfo', 'systemfonts', 'testthat', 'textshaping', 'tinytex',
  'xfun', 'zip', 'class', 'foreign', 'KernSmooth', 'MASS', 'Matrix', 'nlme',
  'nnet', 'rpart', 'spatial'

real	2m36.422s
user	0m27.953s
sys	0m7.400s
