'getOption("repos")' replaces Bioconductor standard repositories, see
'help("repositories", package = "BiocManager")' for details.
Replacement repositories:
    CRAN: https://p3m.dev/cran/__linux__/noble/latest
Bioconductor version 3.20 (BiocManager 1.30.25), R 4.4.2 (2024-10-31)
Installing package(s) 'pipeComp'
also installing the dependencies ‘yaImpute’, ‘intrinsicDimension’

trying URL 'https://p3m.dev/cran/__linux__/noble/latest/src/contrib/yaImpute_1.0-34.1.tar.gz'
Content type 'binary/octet-stream' length 534741 bytes (522 KB)
==================================================
downloaded 522 KB

trying URL 'https://p3m.dev/cran/__linux__/noble/latest/src/contrib/intrinsicDimension_1.2.0.tar.gz'
Content type 'binary/octet-stream' length 220176 bytes (215 KB)
==================================================
downloaded 215 KB

trying URL 'https://bioconductor.org/packages/3.20/bioc/src/contrib/pipeComp_1.16.0.tar.gz'
Content type 'application/x-gzip' length 4115738 bytes (3.9 MB)
==================================================
downloaded 3.9 MB

* installing *binary* package ‘yaImpute’ ...
* ‘yaImpute’ was already a binary package and will not be rebuilt
* creating tarball
packaged installation of ‘yaImpute’ as ‘yaImpute_1.0-34.1_R_x86_64-pc-linux-gnu.tar.gz’
* DONE (yaImpute)
* installing *binary* package ‘intrinsicDimension’ ...
* ‘intrinsicDimension’ was already a binary package and will not be rebuilt
* creating tarball
packaged installation of ‘intrinsicDimension’ as ‘intrinsicDimension_1.2.0_R_x86_64-pc-linux-gnu.tar.gz’
* DONE (intrinsicDimension)
* installing *source* package ‘pipeComp’ ...
** package ‘pipeComp’ successfully unpacked and MD5 sums checked
** using staged installation
** R
** data
** inst
** byte-compile and prepare package for lazy loading
** help
*** installing help indices
** building package indices
** installing vignettes
** testing if installed package can be loaded from temporary location
** testing if installed package can be loaded from final location
** testing if installed package keeps a record of temporary installation path
* creating tarball
packaged installation of ‘pipeComp’ as ‘pipeComp_1.16.0_R_x86_64-pc-linux-gnu.tar.gz’
* DONE (pipeComp)

The downloaded source packages are in
	‘/tmp/Rtmps8iTH3/downloaded_packages’
Old packages: 'bslib', 'cli', 'curl', 'evaluate', 'httr2', 'jsonlite',
  'openssl', 'pillar', 'pkgbuild', 'processx', 'ps', 'purrr', 'R6', 'Rcpp',
  'rlang', 'sessioninfo', 'systemfonts', 'testthat', 'textshaping', 'tinytex',
  'xfun', 'zip', 'class', 'foreign', 'KernSmooth', 'MASS', 'Matrix', 'nlme',
  'nnet', 'rpart', 'spatial'

real	3m28.967s
user	0m55.004s
sys	0m10.598s
