'getOption("repos")' replaces Bioconductor standard repositories, see
'help("repositories", package = "BiocManager")' for details.
Replacement repositories:
    CRAN: https://p3m.dev/cran/__linux__/noble/latest
Bioconductor version 3.20 (BiocManager 1.30.25), R 4.4.2 (2024-10-31)
Installing package(s) 'lumi'
also installing the dependencies ‘lumiBarnes’, ‘lumiHumanAll.db’, ‘lumiHumanIDMapping’

trying URL 'https://bioconductor.org/packages/3.20/data/experiment/src/contrib/lumiBarnes_1.46.0.tar.gz'
Content type 'application/x-gzip' length 5227578 bytes (5.0 MB)
==================================================
downloaded 5.0 MB

trying URL 'https://bioconductor.org/packages/3.20/data/annotation/src/contrib/lumiHumanAll.db_1.22.0.tar.gz'
Content type 'application/x-gzip' length 8549754 bytes (8.2 MB)
==================================================
downloaded 8.2 MB

trying URL 'https://bioconductor.org/packages/3.20/data/annotation/src/contrib/lumiHumanIDMapping_1.10.1.tar.gz'
Content type 'application/x-gzip' length 27559728 bytes (26.3 MB)
==================================================
downloaded 26.3 MB

trying URL 'https://bioconductor.org/packages/3.20/bioc/src/contrib/lumi_2.58.0.tar.gz'
Content type 'application/x-gzip' length 8426674 bytes (8.0 MB)
==================================================
downloaded 8.0 MB

* installing *source* package ‘lumiHumanAll.db’ ...
** using staged installation
** R
** inst
** byte-compile and prepare package for lazy loading
** help
*** installing help indices
** building package indices
** testing if installed package can be loaded from temporary location
** testing if installed package can be loaded from final location
** testing if installed package keeps a record of temporary installation path
* creating tarball
packaged installation of ‘lumiHumanAll.db’ as ‘lumiHumanAll.db_1.22.0_R_x86_64-pc-linux-gnu.tar.gz’
* DONE (lumiHumanAll.db)
* installing *source* package ‘lumi’ ...
** package ‘lumi’ successfully unpacked and MD5 sums checked
** using staged installation
** R
** data
** inst
** byte-compile and prepare package for lazy loading
No methods found in package ‘RSQLite’ for request: ‘dbListFields’ when loading ‘lumi’
** help
*** installing help indices
** building package indices
** installing vignettes
** testing if installed package can be loaded from temporary location
No methods found in package ‘RSQLite’ for request: ‘dbListFields’ when loading ‘lumi’
** testing if installed package can be loaded from final location
No methods found in package ‘RSQLite’ for request: ‘dbListFields’ when loading ‘lumi’
** testing if installed package keeps a record of temporary installation path
* creating tarball
packaged installation of ‘lumi’ as ‘lumi_2.58.0_R_x86_64-pc-linux-gnu.tar.gz’
* DONE (lumi)
* installing *source* package ‘lumiBarnes’ ...
** using staged installation
** data
** help
*** installing help indices
** building package indices
** testing if installed package can be loaded from temporary location
No methods found in package ‘RSQLite’ for request: ‘dbListFields’ when loading ‘lumi’
** testing if installed package can be loaded from final location
No methods found in package ‘RSQLite’ for request: ‘dbListFields’ when loading ‘lumi’
** testing if installed package keeps a record of temporary installation path
* creating tarball
packaged installation of ‘lumiBarnes’ as ‘lumiBarnes_1.46.0_R_x86_64-pc-linux-gnu.tar.gz’
* DONE (lumiBarnes)
* installing *source* package ‘lumiHumanIDMapping’ ...
** using staged installation
** R
** inst
** byte-compile and prepare package for lazy loading
No methods found in package ‘RSQLite’ for request: ‘dbListFields’ when loading ‘lumi’
** help
*** installing help indices
** building package indices
** testing if installed package can be loaded from temporary location
No methods found in package ‘RSQLite’ for request: ‘dbListFields’ when loading ‘lumi’
** testing if installed package can be loaded from final location
No methods found in package ‘RSQLite’ for request: ‘dbListFields’ when loading ‘lumi’
** testing if installed package keeps a record of temporary installation path
* creating tarball
packaged installation of ‘lumiHumanIDMapping’ as ‘lumiHumanIDMapping_1.10.1_R_x86_64-pc-linux-gnu.tar.gz’
* DONE (lumiHumanIDMapping)

The downloaded source packages are in
	‘/tmp/RtmpcDsPEc/downloaded_packages’
Old packages: 'bslib', 'cli', 'curl', 'evaluate', 'httr2', 'jsonlite',
  'openssl', 'pillar', 'pkgbuild', 'processx', 'ps', 'purrr', 'R6', 'Rcpp',
  'rlang', 'sessioninfo', 'systemfonts', 'testthat', 'textshaping', 'tinytex',
  'xfun', 'zip', 'class', 'foreign', 'KernSmooth', 'MASS', 'Matrix', 'nlme',
  'nnet', 'rpart', 'spatial'

real	4m17.609s
user	2m24.574s
sys	0m19.420s
