'getOption("repos")' replaces Bioconductor standard repositories, see
'help("repositories", package = "BiocManager")' for details.
Replacement repositories:
    CRAN: https://p3m.dev/cran/__linux__/noble/latest
Bioconductor version 3.20 (BiocManager 1.30.25), R 4.4.2 (2024-10-31)
Installing package(s) 'PWMEnrich'
also installing the dependencies ‘MotifDb’, ‘PWMEnrich.Dmelanogaster.background’, ‘PWMEnrich.Hsapiens.background’, ‘PWMEnrich.Mmusculus.background’

trying URL 'https://bioconductor.org/packages/3.20/bioc/src/contrib/MotifDb_1.48.0.tar.gz'
Content type 'application/x-gzip' length 3395546 bytes (3.2 MB)
==================================================
downloaded 3.2 MB

trying URL 'https://bioconductor.org/packages/3.20/data/experiment/src/contrib/PWMEnrich.Dmelanogaster.background_4.40.0.tar.gz'
Content type 'application/x-gzip' length 6857026 bytes (6.5 MB)
==================================================
downloaded 6.5 MB

trying URL 'https://bioconductor.org/packages/3.20/data/experiment/src/contrib/PWMEnrich.Hsapiens.background_4.40.0.tar.gz'
Content type 'application/x-gzip' length 12906151 bytes (12.3 MB)
==================================================
downloaded 12.3 MB

trying URL 'https://bioconductor.org/packages/3.20/data/experiment/src/contrib/PWMEnrich.Mmusculus.background_4.40.0.tar.gz'
Content type 'application/x-gzip' length 10846023 bytes (10.3 MB)
==================================================
downloaded 10.3 MB

trying URL 'https://bioconductor.org/packages/3.20/bioc/src/contrib/PWMEnrich_4.42.0.tar.gz'
Content type 'application/x-gzip' length 1651021 bytes (1.6 MB)
==================================================
downloaded 1.6 MB

* installing *source* package ‘MotifDb’ ...
** package ‘MotifDb’ successfully unpacked and MD5 sums checked
** using staged installation
** R
** inst
** byte-compile and prepare package for lazy loading
** help
*** installing help indices
** building package indices
** installing vignettes
** testing if installed package can be loaded from temporary location
See system.file("LICENSE", package="MotifDb") for use restrictions.
** testing if installed package can be loaded from final location
See system.file("LICENSE", package="MotifDb") for use restrictions.
** testing if installed package keeps a record of temporary installation path
* creating tarball
packaged installation of ‘MotifDb’ as ‘MotifDb_1.48.0_R_x86_64-pc-linux-gnu.tar.gz’
* DONE (MotifDb)
* installing *source* package ‘PWMEnrich’ ...
** package ‘PWMEnrich’ successfully unpacked and MD5 sums checked
** using staged installation
** R
** inst
** byte-compile and prepare package for lazy loading
** help
*** installing help indices
** building package indices
** installing vignettes
** testing if installed package can be loaded from temporary location
** testing if installed package can be loaded from final location
** testing if installed package keeps a record of temporary installation path
* creating tarball
packaged installation of ‘PWMEnrich’ as ‘PWMEnrich_4.42.0_R_x86_64-pc-linux-gnu.tar.gz’
* DONE (PWMEnrich)
* installing *source* package ‘PWMEnrich.Dmelanogaster.background’ ...
** using staged installation
** data
** inst
** help
*** installing help indices
** building package indices
** testing if installed package can be loaded from temporary location
** testing if installed package can be loaded from final location
** testing if installed package keeps a record of temporary installation path
* creating tarball
packaged installation of ‘PWMEnrich.Dmelanogaster.background’ as ‘PWMEnrich.Dmelanogaster.background_4.40.0_R_x86_64-pc-linux-gnu.tar.gz’
* DONE (PWMEnrich.Dmelanogaster.background)
* installing *source* package ‘PWMEnrich.Hsapiens.background’ ...
** using staged installation
** data
** inst
** help
*** installing help indices
** building package indices
** testing if installed package can be loaded from temporary location
** testing if installed package can be loaded from final location
** testing if installed package keeps a record of temporary installation path
* creating tarball
packaged installation of ‘PWMEnrich.Hsapiens.background’ as ‘PWMEnrich.Hsapiens.background_4.40.0_R_x86_64-pc-linux-gnu.tar.gz’
* DONE (PWMEnrich.Hsapiens.background)
* installing *source* package ‘PWMEnrich.Mmusculus.background’ ...
** using staged installation
** data
** inst
** help
*** installing help indices
** building package indices
** testing if installed package can be loaded from temporary location
** testing if installed package can be loaded from final location
** testing if installed package keeps a record of temporary installation path
* creating tarball
packaged installation of ‘PWMEnrich.Mmusculus.background’ as ‘PWMEnrich.Mmusculus.background_4.40.0_R_x86_64-pc-linux-gnu.tar.gz’
* DONE (PWMEnrich.Mmusculus.background)

The downloaded source packages are in
	‘/tmp/RtmpfmuQeW/downloaded_packages’
Old packages: 'bslib', 'cli', 'curl', 'evaluate', 'httr2', 'jsonlite',
  'openssl', 'pillar', 'pkgbuild', 'processx', 'ps', 'purrr', 'R6', 'Rcpp',
  'rlang', 'sessioninfo', 'systemfonts', 'testthat', 'textshaping', 'tinytex',
  'xfun', 'zip', 'class', 'foreign', 'KernSmooth', 'MASS', 'Matrix', 'nlme',
  'nnet', 'rpart', 'spatial'

real	2m48.166s
user	1m2.575s
sys	0m9.946s
