'getOption("repos")' replaces Bioconductor standard repositories, see
'help("repositories", package = "BiocManager")' for details.
Replacement repositories:
    CRAN: https://p3m.dev/cran/__linux__/noble/latest
Bioconductor version 3.20 (BiocManager 1.30.25), R 4.4.2 (2024-10-31)
Installing package(s) 'SigFuge'
also installing the dependencies ‘sigclust’, ‘prebsdata’, ‘TxDb.Hsapiens.UCSC.hg19.knownGene’

trying URL 'https://p3m.dev/cran/__linux__/noble/latest/src/contrib/sigclust_1.1.0.1.tar.gz'
Content type 'binary/octet-stream' length 43542 bytes (42 KB)
==================================================
downloaded 42 KB

trying URL 'https://bioconductor.org/packages/3.20/data/experiment/src/contrib/prebsdata_1.42.0.tar.gz'
Content type 'application/x-gzip' length 24682702 bytes (23.5 MB)
==================================================
downloaded 23.5 MB

trying URL 'https://bioconductor.org/packages/3.20/data/annotation/src/contrib/TxDb.Hsapiens.UCSC.hg19.knownGene_3.2.2.tar.gz'
Content type 'application/x-gzip' length 18669702 bytes (17.8 MB)
==================================================
downloaded 17.8 MB

trying URL 'https://bioconductor.org/packages/3.20/bioc/src/contrib/SigFuge_1.44.0.tar.gz'
Content type 'application/x-gzip' length 1529865 bytes (1.5 MB)
==================================================
downloaded 1.5 MB

* installing *binary* package ‘sigclust’ ...
* ‘sigclust’ was already a binary package and will not be rebuilt
* creating tarball
packaged installation of ‘sigclust’ as ‘sigclust_1.1.0.1_R_x86_64-pc-linux-gnu.tar.gz’
* DONE (sigclust)
* installing *source* package ‘prebsdata’ ...
** using staged installation
** inst
** help
No man pages found in package  ‘prebsdata’ 
*** installing help indices
** building package indices
** installing vignettes
** testing if installed package can be loaded from temporary location
** testing if installed package can be loaded from final location
** testing if installed package keeps a record of temporary installation path
* creating tarball
packaged installation of ‘prebsdata’ as ‘prebsdata_1.42.0_R_x86_64-pc-linux-gnu.tar.gz’
* DONE (prebsdata)
ERROR: failed to lock directory ‘/mnt/library’ for modifying
Try removing ‘/mnt/library/00LOCK-TxDb.Hsapiens.UCSC.hg19.knownGene’
* installing *source* package ‘SigFuge’ ...
** package ‘SigFuge’ successfully unpacked and MD5 sums checked
** using staged installation
** R
** data
** inst
** byte-compile and prepare package for lazy loading
** help
*** installing help indices
** building package indices
** installing vignettes
** testing if installed package can be loaded from temporary location
** testing if installed package can be loaded from final location
** testing if installed package keeps a record of temporary installation path
* creating tarball
packaged installation of ‘SigFuge’ as ‘SigFuge_1.44.0_R_x86_64-pc-linux-gnu.tar.gz’
* DONE (SigFuge)

The downloaded source packages are in
	‘/tmp/RtmpJp6SAw/downloaded_packages’
Old packages: 'bslib', 'cli', 'curl', 'evaluate', 'httr2', 'jsonlite',
  'openssl', 'pillar', 'pkgbuild', 'processx', 'ps', 'purrr', 'R6', 'Rcpp',
  'rlang', 'sessioninfo', 'systemfonts', 'testthat', 'textshaping', 'tinytex',
  'xfun', 'zip', 'class', 'foreign', 'KernSmooth', 'MASS', 'Matrix', 'nlme',
  'nnet', 'rpart', 'spatial'
Warning message:
In install.packages(...) :
  installation of package ‘TxDb.Hsapiens.UCSC.hg19.knownGene’ had non-zero exit status

real	2m39.341s
user	0m33.910s
sys	0m5.271s
