'getOption("repos")' replaces Bioconductor standard repositories, see
'help("repositories", package = "BiocManager")' for details.
Replacement repositories:
    CRAN: https://p3m.dev/cran/__linux__/noble/latest
Bioconductor version 3.20 (BiocManager 1.30.25), R 4.4.2 (2024-10-31)
Installing package(s) 'lute'
also installing the dependency ‘BisqueRNA’

trying URL 'https://p3m.dev/cran/__linux__/noble/latest/src/contrib/BisqueRNA_1.0.5.tar.gz'
Content type 'application/x-tar' length 34774 bytes (33 KB)
==================================================
downloaded 33 KB

trying URL 'https://bioconductor.org/packages/3.20/bioc/src/contrib/lute_1.2.0.tar.gz'
Content type 'application/x-gzip' length 2393747 bytes (2.3 MB)
==================================================
downloaded 2.3 MB

* installing *source* package ‘BisqueRNA’ ...
** package ‘BisqueRNA’ successfully unpacked and MD5 sums checked
** using staged installation
** R
** inst
** byte-compile and prepare package for lazy loading
** help
*** installing help indices
** building package indices
** installing vignettes
** testing if installed package can be loaded from temporary location
** testing if installed package can be loaded from final location
** testing if installed package keeps a record of temporary installation path
* creating tarball
packaged installation of ‘BisqueRNA’ as ‘BisqueRNA_1.0.5_R_x86_64-pc-linux-gnu.tar.gz’
* DONE (BisqueRNA)
* installing *source* package ‘lute’ ...
** package ‘lute’ successfully unpacked and MD5 sums checked
** using staged installation
** R
** inst
** byte-compile and prepare package for lazy loading
** help
*** installing help indices
** building package indices
** installing vignettes
** testing if installed package can be loaded from temporary location
** testing if installed package can be loaded from final location
** testing if installed package keeps a record of temporary installation path
* creating tarball
packaged installation of ‘lute’ as ‘lute_1.2.0_R_x86_64-pc-linux-gnu.tar.gz’
* DONE (lute)

The downloaded source packages are in
	‘/tmp/Rtmpmc4ntn/downloaded_packages’
Old packages: 'bslib', 'cli', 'curl', 'evaluate', 'httr2', 'jsonlite',
  'openssl', 'pillar', 'pkgbuild', 'processx', 'ps', 'purrr', 'R6', 'Rcpp',
  'rlang', 'sessioninfo', 'systemfonts', 'testthat', 'textshaping', 'tinytex',
  'xfun', 'zip', 'class', 'foreign', 'KernSmooth', 'MASS', 'Matrix', 'nlme',
  'nnet', 'rpart', 'spatial'

real	1m16.940s
user	0m37.399s
sys	0m6.818s
