'getOption("repos")' replaces Bioconductor standard repositories, see
'help("repositories", package = "BiocManager")' for details.
Replacement repositories:
    CRAN: https://p3m.dev/cran/__linux__/noble/latest
Bioconductor version 3.20 (BiocManager 1.30.25), R 4.4.2 (2024-10-31)
Installing package(s) 'MAGAR'
trying URL 'https://bioconductor.org/packages/3.20/bioc/src/contrib/MAGAR_1.14.0.tar.gz'
Content type 'application/x-gzip' length 1055079 bytes (1.0 MB)
==================================================
downloaded 1.0 MB

* installing *source* package ‘MAGAR’ ...
** package ‘MAGAR’ successfully unpacked and MD5 sums checked
** using staged installation
** R
** inst
** byte-compile and prepare package for lazy loading
No methods found in package ‘oligoClasses’ for request: ‘mean’ when loading ‘crlmm’
** help
*** installing help indices
** building package indices
** installing vignettes
** testing if installed package can be loaded from temporary location
No methods found in package ‘oligoClasses’ for request: ‘mean’ when loading ‘crlmm’
** testing if installed package can be loaded from final location
No methods found in package ‘oligoClasses’ for request: ‘mean’ when loading ‘crlmm’
** testing if installed package keeps a record of temporary installation path
* creating tarball
packaged installation of ‘MAGAR’ as ‘MAGAR_1.14.0_R_x86_64-pc-linux-gnu.tar.gz’
* DONE (MAGAR)

The downloaded source packages are in
	‘/tmp/RtmpaDkbss/downloaded_packages’
Old packages: 'bslib', 'cli', 'curl', 'evaluate', 'httr2', 'jsonlite',
  'openssl', 'pillar', 'pkgbuild', 'processx', 'ps', 'purrr', 'R6', 'Rcpp',
  'rlang', 'sessioninfo', 'systemfonts', 'testthat', 'textshaping', 'tinytex',
  'xfun', 'zip', 'class', 'foreign', 'KernSmooth', 'MASS', 'Matrix', 'nlme',
  'nnet', 'rpart', 'spatial'

real	2m14.896s
user	1m6.529s
sys	0m9.786s
