'getOption("repos")' replaces Bioconductor standard repositories, see
'help("repositories", package = "BiocManager")' for details.
Replacement repositories:
    CRAN: https://p3m.dev/cran/__linux__/noble/latest
Bioconductor version 3.20 (BiocManager 1.30.25), R 4.4.2 (2024-10-31)
Installing package(s) 'clusterExperiment'
trying URL 'https://bioconductor.org/packages/3.20/bioc/src/contrib/clusterExperiment_2.26.0.tar.gz'
Content type 'application/x-gzip' length 12605293 bytes (12.0 MB)
==================================================
downloaded 12.0 MB

* installing *source* package ‘clusterExperiment’ ...
** package ‘clusterExperiment’ successfully unpacked and MD5 sums checked
** using staged installation
** libs
using C++ compiler: ‘g++ (Ubuntu 13.3.0-6ubuntu2~24.04) 13.3.0’
using C++11
g++ -std=gnu++11 -I"/usr/local/lib/R/include" -DNDEBUG  -I'/usr/local/lib/R/site-library/Rcpp/include' -I/usr/local/include    -fpic  -g -O2 -fstack-protector-strong -Wformat -Wformat-security -Wdate-time -D_FORTIFY_SOURCE=2 -g  -DR_NO_REMAP -c RcppExports.cpp -o RcppExports.o
g++ -std=gnu++11 -I"/usr/local/lib/R/include" -DNDEBUG  -I'/usr/local/lib/R/site-library/Rcpp/include' -I/usr/local/include    -fpic  -g -O2 -fstack-protector-strong -Wformat -Wformat-security -Wdate-time -D_FORTIFY_SOURCE=2 -g  -DR_NO_REMAP -c search_pairs.cpp -o search_pairs.o
g++ -std=gnu++11 -I"/usr/local/lib/R/include" -DNDEBUG  -I'/usr/local/lib/R/site-library/Rcpp/include' -I/usr/local/include    -fpic  -g -O2 -fstack-protector-strong -Wformat -Wformat-security -Wdate-time -D_FORTIFY_SOURCE=2 -g  -DR_NO_REMAP -c subsampleLoop.cpp -o subsampleLoop.o
g++ -std=gnu++11 -shared -L/usr/local/lib/R/lib -L/usr/local/lib -o clusterExperiment.so RcppExports.o search_pairs.o subsampleLoop.o -llapack -lblas -lgfortran -lm -lquadmath -L/usr/local/lib/R/lib -lR
installing to /mnt/library/00LOCK-clusterExperiment/00new/clusterExperiment/libs
** R
** data
** inst
** byte-compile and prepare package for lazy loading
Found more than one class "Annotated" in cache; using the first, from namespace 'S4Vectors'
Also defined by ‘RNeXML’
Found more than one class "Annotated" in cache; using the first, from namespace 'S4Vectors'
Also defined by ‘RNeXML’
Found more than one class "Annotated" in cache; using the first, from namespace 'S4Vectors'
Also defined by ‘RNeXML’
Found more than one class "Annotated" in cache; using the first, from namespace 'S4Vectors'
Also defined by ‘RNeXML’
** help
*** installing help indices
** building package indices
** installing vignettes
** testing if installed package can be loaded from temporary location
** checking absolute paths in shared objects and dynamic libraries
** testing if installed package can be loaded from final location
** testing if installed package keeps a record of temporary installation path
* creating tarball
packaged installation of ‘clusterExperiment’ as ‘clusterExperiment_2.26.0_R_x86_64-pc-linux-gnu.tar.gz’
* DONE (clusterExperiment)

The downloaded source packages are in
	‘/tmp/RtmpHcwJ3m/downloaded_packages’
Old packages: 'AHMassBank', 'clusterProfiler', 'COTAN', 'flexclust', 'flexmix',
  'insight', 'missMethyl', 'nnSVG', 'omXplore', 'ORFik', 'pander',
  'rapportools', 'renv', 'segmented', 'smoothclust', 'bslib', 'cli', 'curl',
  'evaluate', 'httr2', 'jsonlite', 'openssl', 'pillar', 'pkgbuild', 'processx',
  'ps', 'purrr', 'R6', 'Rcpp', 'rlang', 'sessioninfo', 'systemfonts',
  'testthat', 'textshaping', 'tinytex', 'xfun', 'xml2', 'zip', 'class',
  'foreign', 'KernSmooth', 'MASS', 'Matrix', 'nlme', 'nnet', 'rpart', 'spatial'

real	1m20.187s
user	0m53.661s
sys	0m8.019s
