'getOption("repos")' replaces Bioconductor standard repositories, see
'help("repositories", package = "BiocManager")' for details.
Replacement repositories:
    CRAN: https://p3m.dev/cran/__linux__/noble/latest
Bioconductor version 3.20 (BiocManager 1.30.25), R 4.4.2 (2024-10-31)
Installing package(s) 'IsoCorrectoRGUI'
trying URL 'https://bioconductor.org/packages/3.20/bioc/src/contrib/IsoCorrectoRGUI_1.22.0.tar.gz'
Content type 'application/x-gzip' length 449578 bytes (439 KB)
==================================================
downloaded 439 KB

* installing *source* package ‘IsoCorrectoRGUI’ ...
** using staged installation
** R
** inst
** byte-compile and prepare package for lazy loading
Warning: no DISPLAY variable so Tk is not available
** help
*** installing help indices
** building package indices
** installing vignettes
** testing if installed package can be loaded from temporary location
Warning: no DISPLAY variable so Tk is not available
** testing if installed package can be loaded from final location
Warning: no DISPLAY variable so Tk is not available
** testing if installed package keeps a record of temporary installation path
* creating tarball
packaged installation of ‘IsoCorrectoRGUI’ as ‘IsoCorrectoRGUI_1.22.0_R_x86_64-pc-linux-gnu.tar.gz’
* DONE (IsoCorrectoRGUI)

The downloaded source packages are in
	‘/tmp/Rtmp2sLHTF/downloaded_packages’
Old packages: 'bslib', 'cli', 'curl', 'evaluate', 'httr2', 'jsonlite',
  'openssl', 'pillar', 'pkgbuild', 'processx', 'ps', 'purrr', 'R6', 'Rcpp',
  'rlang', 'sessioninfo', 'systemfonts', 'testthat', 'textshaping', 'tinytex',
  'xfun', 'zip', 'class', 'foreign', 'KernSmooth', 'MASS', 'Matrix', 'nlme',
  'nnet', 'rpart', 'spatial'

real	2m36.265s
user	0m7.769s
sys	0m4.051s
