'getOption("repos")' replaces Bioconductor standard repositories, see
'help("repositories", package = "BiocManager")' for details.
Replacement repositories:
    CRAN: https://p3m.dev/cran/__linux__/noble/latest
Bioconductor version 3.20 (BiocManager 1.30.25), R 4.4.2 (2024-10-31)
Installing package(s) 'cbpManager'
also installing the dependency ‘rintrojs’

trying URL 'https://p3m.dev/cran/__linux__/noble/latest/src/contrib/rintrojs_0.3.4.tar.gz'
Content type 'binary/octet-stream' length 56288 bytes (54 KB)
==================================================
downloaded 54 KB

trying URL 'https://bioconductor.org/packages/3.20/bioc/src/contrib/cbpManager_1.14.0.tar.gz'
Content type 'application/x-gzip' length 4769697 bytes (4.5 MB)
==================================================
downloaded 4.5 MB

* installing *binary* package ‘rintrojs’ ...
* ‘rintrojs’ was already a binary package and will not be rebuilt
* creating tarball
packaged installation of ‘rintrojs’ as ‘rintrojs_0.3.4_R_x86_64-pc-linux-gnu.tar.gz’
* DONE (rintrojs)
* installing *source* package ‘cbpManager’ ...
** package ‘cbpManager’ successfully unpacked and MD5 sums checked
** using non-staged installation via StagedInstall field
** R
** inst
** byte-compile and prepare package for lazy loading
** help
*** installing help indices
** building package indices
** installing vignettes
** testing if installed package can be loaded
* creating tarball
packaged installation of ‘cbpManager’ as ‘cbpManager_1.14.0_R_x86_64-pc-linux-gnu.tar.gz’
* DONE (cbpManager)

The downloaded source packages are in
	‘/tmp/RtmpOfUHpe/downloaded_packages’
Old packages: 'bslib', 'cli', 'curl', 'evaluate', 'httr2', 'jsonlite',
  'openssl', 'pillar', 'pkgbuild', 'processx', 'ps', 'purrr', 'R6', 'Rcpp',
  'rlang', 'sessioninfo', 'systemfonts', 'testthat', 'textshaping', 'tinytex',
  'xfun', 'zip', 'class', 'foreign', 'KernSmooth', 'MASS', 'Matrix', 'nlme',
  'nnet', 'rpart', 'spatial'

real	0m50.242s
user	0m11.563s
sys	0m4.601s
