'getOption("repos")' replaces Bioconductor standard repositories, see
'help("repositories", package = "BiocManager")' for details.
Replacement repositories:
    CRAN: https://p3m.dev/cran/__linux__/noble/latest
Bioconductor version 3.20 (BiocManager 1.30.25), R 4.4.2 (2024-10-31)
Installing package(s) 'biomaRt'
also installing the dependency ‘httptest2’

trying URL 'https://p3m.dev/cran/__linux__/noble/latest/src/contrib/httptest2_1.1.0.tar.gz'
Content type 'binary/octet-stream' length 148587 bytes (145 KB)
==================================================
downloaded 145 KB

trying URL 'https://bioconductor.org/packages/3.20/bioc/src/contrib/biomaRt_2.62.1.tar.gz'
Content type 'application/x-gzip' length 865748 bytes (845 KB)
==================================================
downloaded 845 KB

* installing *binary* package ‘httptest2’ ...
* ‘httptest2’ was already a binary package and will not be rebuilt
* creating tarball
packaged installation of ‘httptest2’ as ‘httptest2_1.1.0_R_x86_64-pc-linux-gnu.tar.gz’
* DONE (httptest2)
* installing *source* package ‘biomaRt’ ...
** package ‘biomaRt’ successfully unpacked and MD5 sums checked
** using staged installation
** R
** inst
** byte-compile and prepare package for lazy loading
** help
*** installing help indices
** building package indices
** installing vignettes
** testing if installed package can be loaded from temporary location
** testing if installed package can be loaded from final location
** testing if installed package keeps a record of temporary installation path
* creating tarball
packaged installation of ‘biomaRt’ as ‘biomaRt_2.62.1_R_x86_64-pc-linux-gnu.tar.gz’
* DONE (biomaRt)

The downloaded source packages are in
	‘/tmp/RtmpL16i00/downloaded_packages’
Old packages: 'bslib', 'cli', 'curl', 'evaluate', 'httr2', 'jsonlite',
  'openssl', 'pillar', 'pkgbuild', 'processx', 'ps', 'purrr', 'R6', 'Rcpp',
  'rlang', 'sessioninfo', 'systemfonts', 'testthat', 'textshaping', 'tinytex',
  'xfun', 'zip', 'class', 'foreign', 'KernSmooth', 'MASS', 'Matrix', 'nlme',
  'nnet', 'rpart', 'spatial'

real	56m27.841s
user	0m21.319s
sys	0m5.999s
