'getOption("repos")' replaces Bioconductor standard repositories, see
'help("repositories", package = "BiocManager")' for details.
Replacement repositories:
    CRAN: https://p3m.dev/cran/__linux__/noble/latest
Bioconductor version 3.20 (BiocManager 1.30.25), R 4.4.2 (2024-10-31)
Installing package(s) 'getDEE2'
also installing the dependency ‘htm2txt’

trying URL 'https://p3m.dev/cran/__linux__/noble/latest/src/contrib/htm2txt_2.2.2.tar.gz'
Content type 'binary/octet-stream' length 53802 bytes (52 KB)
==================================================
downloaded 52 KB

trying URL 'https://bioconductor.org/packages/3.20/bioc/src/contrib/getDEE2_1.16.2.tar.gz'
Content type 'application/x-gzip' length 23185 bytes (22 KB)
==================================================
downloaded 22 KB

* installing *binary* package ‘htm2txt’ ...
* ‘htm2txt’ was already a binary package and will not be rebuilt
* creating tarball
packaged installation of ‘htm2txt’ as ‘htm2txt_2.2.2_R_x86_64-pc-linux-gnu.tar.gz’
* DONE (htm2txt)
* installing *source* package ‘getDEE2’ ...
** package ‘getDEE2’ successfully unpacked and MD5 sums checked
** using staged installation
** R
** inst
** byte-compile and prepare package for lazy loading
** help
*** installing help indices
** building package indices
** installing vignettes
** testing if installed package can be loaded from temporary location
** testing if installed package can be loaded from final location
** testing if installed package keeps a record of temporary installation path
* creating tarball
packaged installation of ‘getDEE2’ as ‘getDEE2_1.16.2_R_x86_64-pc-linux-gnu.tar.gz’
* DONE (getDEE2)

The downloaded source packages are in
	‘/tmp/RtmpviKRQO/downloaded_packages’
Old packages: 'bslib', 'cli', 'curl', 'evaluate', 'httr2', 'jsonlite',
  'openssl', 'pillar', 'pkgbuild', 'processx', 'ps', 'purrr', 'R6', 'Rcpp',
  'rlang', 'sessioninfo', 'systemfonts', 'testthat', 'textshaping', 'tinytex',
  'xfun', 'zip', 'class', 'foreign', 'KernSmooth', 'MASS', 'Matrix', 'nlme',
  'nnet', 'rpart', 'spatial'
Error in gzfile(file, "rb") : cannot open the connection
In addition: Warning message:
In gzfile(file, "rb") :
  cannot open compressed file '/mnt/library/apeglm/Meta/package.rds', probable reason 'No such file or directory'

real	51m42.478s
user	0m26.607s
sys	0m6.486s
