'getOption("repos")' replaces Bioconductor standard repositories, see
'help("repositories", package = "BiocManager")' for details.
Replacement repositories:
    CRAN: https://p3m.dev/cran/__linux__/noble/latest
Bioconductor version 3.20 (BiocManager 1.30.25), R 4.4.2 (2024-10-31)
Installing package(s) 'VplotR'
also installing the dependency ‘TxDb.Scerevisiae.UCSC.sacCer3.sgdGene’

trying URL 'https://bioconductor.org/packages/3.20/data/annotation/src/contrib/TxDb.Scerevisiae.UCSC.sacCer3.sgdGene_3.2.2.tar.gz'
Content type 'application/x-gzip' length 447146 bytes (436 KB)
==================================================
downloaded 436 KB

trying URL 'https://bioconductor.org/packages/3.20/bioc/src/contrib/VplotR_1.16.0.tar.gz'
Content type 'application/x-gzip' length 5413366 bytes (5.2 MB)
==================================================
downloaded 5.2 MB

* installing *source* package ‘TxDb.Scerevisiae.UCSC.sacCer3.sgdGene’ ...
** using staged installation
** R
** inst
** byte-compile and prepare package for lazy loading
Error: package or namespace load failed for ‘GenomicFeatures’ in loadNamespace(j <- i[[1L]], c(lib.loc, .libPaths()), versionCheck = vI[[j]]):
 there is no package called ‘rtracklayer’
Execution halted
ERROR: lazy loading failed for package ‘TxDb.Scerevisiae.UCSC.sacCer3.sgdGene’
* removing ‘/mnt/library/TxDb.Scerevisiae.UCSC.sacCer3.sgdGene’
* installing *source* package ‘VplotR’ ...
** package ‘VplotR’ successfully unpacked and MD5 sums checked
** using staged installation
** R
** data
** inst
** byte-compile and prepare package for lazy loading
** help
*** installing help indices
** building package indices
** installing vignettes
** testing if installed package can be loaded from temporary location
** testing if installed package can be loaded from final location
** testing if installed package keeps a record of temporary installation path
* creating tarball
packaged installation of ‘VplotR’ as ‘VplotR_1.16.0_R_x86_64-pc-linux-gnu.tar.gz’
* DONE (VplotR)

The downloaded source packages are in
	‘/tmp/RtmpJIVvV7/downloaded_packages’
Old packages: 'bslib', 'cli', 'curl', 'evaluate', 'httr2', 'jsonlite',
  'openssl', 'pillar', 'pkgbuild', 'processx', 'ps', 'purrr', 'R6', 'Rcpp',
  'rlang', 'sessioninfo', 'systemfonts', 'testthat', 'textshaping', 'tinytex',
  'xfun', 'zip', 'class', 'foreign', 'KernSmooth', 'MASS', 'Matrix', 'nlme',
  'nnet', 'rpart', 'spatial'
Warning message:
In install.packages(...) :
  installation of package ‘TxDb.Scerevisiae.UCSC.sacCer3.sgdGene’ had non-zero exit status

real	32m6.599s
user	0m40.487s
sys	0m8.272s
