'getOption("repos")' replaces Bioconductor standard repositories, see
'help("repositories", package = "BiocManager")' for details.
Replacement repositories:
    CRAN: https://p3m.dev/cran/__linux__/noble/latest
Bioconductor version 3.20 (BiocManager 1.30.25), R 4.4.2 (2024-10-31)
Installing package(s) 'cogena'
also installing the dependencies ‘kohonen’, ‘biwt’

trying URL 'https://p3m.dev/cran/__linux__/noble/latest/src/contrib/kohonen_3.0.12.tar.gz'
Content type 'binary/octet-stream' length 2057874 bytes (2.0 MB)
==================================================
downloaded 2.0 MB

trying URL 'https://p3m.dev/cran/__linux__/noble/latest/src/contrib/biwt_1.0.1.tar.gz'
Content type 'binary/octet-stream' length 40709 bytes (39 KB)
==================================================
downloaded 39 KB

trying URL 'https://bioconductor.org/packages/3.20/bioc/src/contrib/cogena_1.40.0.tar.gz'
Content type 'application/x-gzip' length 7691028 bytes (7.3 MB)
==================================================
downloaded 7.3 MB

* installing *binary* package ‘kohonen’ ...
* ‘kohonen’ was already a binary package and will not be rebuilt
* creating tarball
packaged installation of ‘kohonen’ as ‘kohonen_3.0.12_R_x86_64-pc-linux-gnu.tar.gz’
* DONE (kohonen)
* installing *binary* package ‘biwt’ ...
* ‘biwt’ was already a binary package and will not be rebuilt
* creating tarball
packaged installation of ‘biwt’ as ‘biwt_1.0.1_R_x86_64-pc-linux-gnu.tar.gz’
* DONE (biwt)
* installing *source* package ‘cogena’ ...
** package ‘cogena’ successfully unpacked and MD5 sums checked
** using staged installation
** R
** data
*** moving datasets to lazyload DB
** inst
** byte-compile and prepare package for lazy loading
Warning: replacing previous import ‘class::somgrid’ by ‘kohonen::somgrid’ when loading ‘cogena’
** help
*** installing help indices
** building package indices
** installing vignettes
** testing if installed package can be loaded from temporary location
Warning: replacing previous import ‘class::somgrid’ by ‘kohonen::somgrid’ when loading ‘cogena’
** testing if installed package can be loaded from final location
Warning: replacing previous import ‘class::somgrid’ by ‘kohonen::somgrid’ when loading ‘cogena’
** testing if installed package keeps a record of temporary installation path
* creating tarball
packaged installation of ‘cogena’ as ‘cogena_1.40.0_R_x86_64-pc-linux-gnu.tar.gz’
* DONE (cogena)

The downloaded source packages are in
	‘/tmp/RtmpPZkd1L/downloaded_packages’
Old packages: 'bslib', 'cli', 'curl', 'evaluate', 'httr2', 'jsonlite',
  'openssl', 'pillar', 'pkgbuild', 'processx', 'ps', 'purrr', 'R6', 'Rcpp',
  'rlang', 'sessioninfo', 'systemfonts', 'testthat', 'textshaping', 'tinytex',
  'xfun', 'zip', 'class', 'foreign', 'KernSmooth', 'MASS', 'Matrix', 'nlme',
  'nnet', 'rpart', 'spatial'

real	0m55.998s
user	0m16.590s
sys	0m4.230s
