'getOption("repos")' replaces Bioconductor standard repositories, see
'help("repositories", package = "BiocManager")' for details.
Replacement repositories:
    CRAN: https://p3m.dev/cran/__linux__/noble/latest
Bioconductor version 3.20 (BiocManager 1.30.25), R 4.4.2 (2024-10-31)
Installing package(s) 'regionReport'
also installing the dependency ‘derfinderPlot’

trying URL 'https://bioconductor.org/packages/3.20/bioc/src/contrib/derfinderPlot_1.40.0.tar.gz'
Content type 'application/x-gzip' length 2507218 bytes (2.4 MB)
==================================================
downloaded 2.4 MB

trying URL 'https://bioconductor.org/packages/3.20/bioc/src/contrib/regionReport_1.40.0.tar.gz'
Content type 'application/x-gzip' length 660051 bytes (644 KB)
==================================================
downloaded 644 KB

ERROR: failed to lock directory ‘/mnt/library’ for modifying
Try removing ‘/mnt/library/00LOCK-derfinderPlot’
* installing *source* package ‘regionReport’ ...
** package ‘regionReport’ successfully unpacked and MD5 sums checked
** using staged installation
** R
** inst
** byte-compile and prepare package for lazy loading
** help
*** installing help indices
** building package indices
** installing vignettes
** testing if installed package can be loaded from temporary location
** testing if installed package can be loaded from final location
** testing if installed package keeps a record of temporary installation path
* creating tarball
packaged installation of ‘regionReport’ as ‘regionReport_1.40.0_R_x86_64-pc-linux-gnu.tar.gz’
* DONE (regionReport)

The downloaded source packages are in
	‘/tmp/RtmpEZ08Tr/downloaded_packages’
Old packages: 'bslib', 'cli', 'curl', 'evaluate', 'httr2', 'jsonlite',
  'openssl', 'pillar', 'pkgbuild', 'processx', 'ps', 'purrr', 'R6', 'Rcpp',
  'rlang', 'sessioninfo', 'systemfonts', 'testthat', 'textshaping', 'tinytex',
  'xfun', 'zip', 'class', 'foreign', 'KernSmooth', 'MASS', 'Matrix', 'nlme',
  'nnet', 'rpart', 'spatial'
Warning message:
In install.packages(...) :
  installation of package ‘derfinderPlot’ had non-zero exit status

real	3m32.889s
user	0m48.393s
sys	0m9.087s
