'getOption("repos")' replaces Bioconductor standard repositories, see
'help("repositories", package = "BiocManager")' for details.
Replacement repositories:
    CRAN: https://p3m.dev/cran/__linux__/noble/latest
Bioconductor version 3.20 (BiocManager 1.30.25), R 4.4.2 (2024-10-31)
Installing package(s) 'GSEAmining'
also installing the dependencies ‘UCSC.utils’, ‘XVector’, ‘GenomeInfoDb’, ‘gridGraphics’, ‘tweenr’, ‘Biostrings’, ‘fastmatch’, ‘ggplotify’, ‘ggforce’, ‘ape’, ‘tidytree’, ‘treeio’, ‘SnowballC’, ‘Biobase’, ‘IRanges’, ‘S4Vectors’, ‘KEGGREST’, ‘fgsea’, ‘aplot’, ‘ggfun’, ‘ggnewscale’, ‘ggrepel’, ‘ggtangle’, ‘scatterpie’, ‘ggtree’, ‘janeaustenr’, ‘tokenizers’, ‘gridtext’, ‘AnnotationDbi’, ‘DOSE’, ‘enrichplot’, ‘GO.db’, ‘GOSemSim’, ‘gson’, ‘qvalue’, ‘yulab.utils’, ‘NLP’, ‘tidytext’, ‘dendextend’, ‘ggwordcloud’, ‘clusterProfiler’, ‘tm’

trying URL 'https://bioconductor.org/packages/3.20/bioc/src/contrib/UCSC.utils_1.2.0.tar.gz'
Content type 'application/x-gzip' length 236888 bytes (231 KB)
==================================================
downloaded 231 KB

trying URL 'https://bioconductor.org/packages/3.20/bioc/src/contrib/XVector_0.46.0.tar.gz'
Content type 'application/x-gzip' length 70185 bytes (68 KB)
==================================================
downloaded 68 KB

trying URL 'https://bioconductor.org/packages/3.20/bioc/src/contrib/GenomeInfoDb_1.42.3.tar.gz'
Content type 'application/x-gzip' length 3592070 bytes (3.4 MB)
==================================================
downloaded 3.4 MB

trying URL 'https://p3m.dev/cran/__linux__/noble/latest/src/contrib/gridGraphics_0.5-1.tar.gz'
Content type 'binary/octet-stream' length 249372 bytes (243 KB)
==================================================
downloaded 243 KB

trying URL 'https://p3m.dev/cran/__linux__/noble/latest/src/contrib/tweenr_2.0.3.tar.gz'
Content type 'binary/octet-stream' length 461642 bytes (450 KB)
==================================================
downloaded 450 KB

trying URL 'https://bioconductor.org/packages/3.20/bioc/src/contrib/Biostrings_2.74.1.tar.gz'
Content type 'application/x-gzip' length 12823307 bytes (12.2 MB)
==================================================
downloaded 12.2 MB

trying URL 'https://p3m.dev/cran/__linux__/noble/latest/src/contrib/fastmatch_1.1-6.tar.gz'
Content type 'binary/octet-stream' length 35901 bytes (35 KB)
==================================================
downloaded 35 KB

trying URL 'https://p3m.dev/cran/__linux__/noble/latest/src/contrib/ggplotify_0.1.2.tar.gz'
Content type 'binary/octet-stream' length 140239 bytes (136 KB)
==================================================
downloaded 136 KB

trying URL 'https://p3m.dev/cran/__linux__/noble/latest/src/contrib/ggforce_0.4.2.tar.gz'
Content type 'binary/octet-stream' length 1860686 bytes (1.8 MB)
==================================================
downloaded 1.8 MB

trying URL 'https://p3m.dev/cran/__linux__/noble/latest/src/contrib/ape_5.8-1.tar.gz'
Content type 'binary/octet-stream' length 2968524 bytes (2.8 MB)
==================================================
downloaded 2.8 MB

trying URL 'https://p3m.dev/cran/__linux__/noble/latest/src/contrib/tidytree_0.4.6.tar.gz'
Content type 'binary/octet-stream' length 341867 bytes (333 KB)
==================================================
downloaded 333 KB

trying URL 'https://bioconductor.org/packages/3.20/bioc/src/contrib/treeio_1.30.0.tar.gz'
Content type 'application/x-gzip' length 701622 bytes (685 KB)
==================================================
downloaded 685 KB

trying URL 'https://p3m.dev/cran/__linux__/noble/latest/src/contrib/SnowballC_0.7.1.tar.gz'
Content type 'binary/octet-stream' length 372016 bytes (363 KB)
==================================================
downloaded 363 KB

trying URL 'https://bioconductor.org/packages/3.20/bioc/src/contrib/Biobase_2.66.0.tar.gz'
Content type 'application/x-gzip' length 1978998 bytes (1.9 MB)
==================================================
downloaded 1.9 MB

trying URL 'https://bioconductor.org/packages/3.20/bioc/src/contrib/IRanges_2.40.1.tar.gz'
Content type 'application/x-gzip' length 486989 bytes (475 KB)
==================================================
downloaded 475 KB

trying URL 'https://bioconductor.org/packages/3.20/bioc/src/contrib/S4Vectors_0.44.0.tar.gz'
Content type 'application/x-gzip' length 1076666 bytes (1.0 MB)
==================================================
downloaded 1.0 MB

trying URL 'https://bioconductor.org/packages/3.20/bioc/src/contrib/KEGGREST_1.46.0.tar.gz'
Content type 'application/x-gzip' length 239655 bytes (234 KB)
==================================================
downloaded 234 KB

trying URL 'https://bioconductor.org/packages/3.20/bioc/src/contrib/fgsea_1.32.2.tar.gz'
Content type 'application/x-gzip' length 4980260 bytes (4.7 MB)
==================================================
downloaded 4.7 MB

trying URL 'https://p3m.dev/cran/__linux__/noble/latest/src/contrib/aplot_0.2.5.tar.gz'
Content type 'binary/octet-stream' length 75498 bytes (73 KB)
==================================================
downloaded 73 KB

trying URL 'https://p3m.dev/cran/__linux__/noble/latest/src/contrib/ggfun_0.1.8.tar.gz'
Content type 'binary/octet-stream' length 223532 bytes (218 KB)
==================================================
downloaded 218 KB

trying URL 'https://p3m.dev/cran/__linux__/noble/latest/src/contrib/ggnewscale_0.5.1.tar.gz'
Content type 'binary/octet-stream' length 350186 bytes (341 KB)
==================================================
downloaded 341 KB

trying URL 'https://p3m.dev/cran/__linux__/noble/latest/src/contrib/ggrepel_0.9.6.tar.gz'
Content type 'binary/octet-stream' length 290115 bytes (283 KB)
==================================================
downloaded 283 KB

trying URL 'https://p3m.dev/cran/__linux__/noble/latest/src/contrib/ggtangle_0.0.6.tar.gz'
Content type 'binary/octet-stream' length 263278 bytes (257 KB)
==================================================
downloaded 257 KB

trying URL 'https://p3m.dev/cran/__linux__/noble/latest/src/contrib/scatterpie_0.2.4.tar.gz'
Content type 'binary/octet-stream' length 150284 bytes (146 KB)
==================================================
downloaded 146 KB

trying URL 'https://bioconductor.org/packages/3.20/bioc/src/contrib/ggtree_3.14.0.tar.gz'
Content type 'application/x-gzip' length 366978 bytes (358 KB)
==================================================
downloaded 358 KB

trying URL 'https://p3m.dev/cran/__linux__/noble/latest/src/contrib/janeaustenr_1.0.0.tar.gz'
Content type 'binary/octet-stream' length 1619204 bytes (1.5 MB)
==================================================
downloaded 1.5 MB

trying URL 'https://p3m.dev/cran/__linux__/noble/latest/src/contrib/tokenizers_0.3.0.tar.gz'
Content type 'binary/octet-stream' length 643805 bytes (628 KB)
==================================================
downloaded 628 KB

trying URL 'https://p3m.dev/cran/__linux__/noble/latest/src/contrib/gridtext_0.1.5.tar.gz'
Content type 'binary/octet-stream' length 362238 bytes (353 KB)
==================================================
downloaded 353 KB

trying URL 'https://bioconductor.org/packages/3.20/bioc/src/contrib/AnnotationDbi_1.68.0.tar.gz'
Content type 'application/x-gzip' length 4378038 bytes (4.2 MB)
==================================================
downloaded 4.2 MB

trying URL 'https://bioconductor.org/packages/3.20/bioc/src/contrib/DOSE_4.0.0.tar.gz'
Content type 'application/x-gzip' length 5747842 bytes (5.5 MB)
==================================================
downloaded 5.5 MB

trying URL 'https://bioconductor.org/packages/3.20/bioc/src/contrib/enrichplot_1.26.6.tar.gz'
Content type 'application/x-gzip' length 102899 bytes (100 KB)
==================================================
downloaded 100 KB

trying URL 'https://bioconductor.org/packages/3.20/data/annotation/src/contrib/GO.db_3.20.0.tar.gz'
Content type 'application/x-gzip' length 26341489 bytes (25.1 MB)
==================================================
downloaded 25.1 MB

trying URL 'https://bioconductor.org/packages/3.20/bioc/src/contrib/GOSemSim_2.32.0.tar.gz'
Content type 'application/x-gzip' length 610829 bytes (596 KB)
==================================================
downloaded 596 KB

trying URL 'https://p3m.dev/cran/__linux__/noble/latest/src/contrib/gson_0.1.0.tar.gz'
Content type 'binary/octet-stream' length 230339 bytes (224 KB)
==================================================
downloaded 224 KB

trying URL 'https://bioconductor.org/packages/3.20/bioc/src/contrib/qvalue_2.38.0.tar.gz'
Content type 'application/x-gzip' length 2775130 bytes (2.6 MB)
==================================================
downloaded 2.6 MB

trying URL 'https://p3m.dev/cran/__linux__/noble/latest/src/contrib/yulab.utils_0.2.0.tar.gz'
Content type 'binary/octet-stream' length 117174 bytes (114 KB)
==================================================
downloaded 114 KB

trying URL 'https://p3m.dev/cran/__linux__/noble/latest/src/contrib/NLP_0.3-2.tar.gz'
Content type 'binary/octet-stream' length 382054 bytes (373 KB)
==================================================
downloaded 373 KB

trying URL 'https://p3m.dev/cran/__linux__/noble/latest/src/contrib/tidytext_0.4.2.tar.gz'
Content type 'binary/octet-stream' length 3029491 bytes (2.9 MB)
==================================================
downloaded 2.9 MB

trying URL 'https://p3m.dev/cran/__linux__/noble/latest/src/contrib/dendextend_1.19.0.tar.gz'
Content type 'binary/octet-stream' length 5054209 bytes (4.8 MB)
==================================================
downloaded 4.8 MB

trying URL 'https://p3m.dev/cran/__linux__/noble/latest/src/contrib/ggwordcloud_0.6.2.tar.gz'
Content type 'binary/octet-stream' length 1882085 bytes (1.8 MB)
==================================================
downloaded 1.8 MB

trying URL 'https://bioconductor.org/packages/3.20/bioc/src/contrib/clusterProfiler_4.14.4.tar.gz'
Content type 'application/x-gzip' length 628044 bytes (613 KB)
==================================================
downloaded 613 KB

trying URL 'https://p3m.dev/cran/__linux__/noble/latest/src/contrib/tm_0.7-16.tar.gz'
Content type 'binary/octet-stream' length 638563 bytes (623 KB)
==================================================
downloaded 623 KB

trying URL 'https://bioconductor.org/packages/3.20/bioc/src/contrib/GSEAmining_1.16.0.tar.gz'
Content type 'application/x-gzip' length 2952936 bytes (2.8 MB)
==================================================
downloaded 2.8 MB

* installing *binary* package ‘gridGraphics’ ...
* ‘gridGraphics’ was already a binary package and will not be rebuilt
* creating tarball
packaged installation of ‘gridGraphics’ as ‘gridGraphics_0.5-1_R_x86_64-pc-linux-gnu.tar.gz’
* DONE (gridGraphics)
* installing *binary* package ‘tweenr’ ...
* ‘tweenr’ was already a binary package and will not be rebuilt
* creating tarball
packaged installation of ‘tweenr’ as ‘tweenr_2.0.3_R_x86_64-pc-linux-gnu.tar.gz’
* DONE (tweenr)
* installing *binary* package ‘fastmatch’ ...
* ‘fastmatch’ was already a binary package and will not be rebuilt
* creating tarball
packaged installation of ‘fastmatch’ as ‘fastmatch_1.1-6_R_x86_64-pc-linux-gnu.tar.gz’
* DONE (fastmatch)
* installing *binary* package ‘ape’ ...
* ‘ape’ was already a binary package and will not be rebuilt
* creating tarball
packaged installation of ‘ape’ as ‘ape_5.8-1_R_x86_64-pc-linux-gnu.tar.gz’
* DONE (ape)
* installing *binary* package ‘SnowballC’ ...
* ‘SnowballC’ was already a binary package and will not be rebuilt
* creating tarball
packaged installation of ‘SnowballC’ as ‘SnowballC_0.7.1_R_x86_64-pc-linux-gnu.tar.gz’
* DONE (SnowballC)
ERROR: failed to lock directory ‘/mnt/library’ for modifying
Try removing ‘/mnt/library/00LOCK-Biobase’
ERROR: failed to lock directory ‘/mnt/library’ for modifying
Try removing ‘/mnt/library/00LOCK-S4Vectors’
* installing *binary* package ‘ggnewscale’ ...
* ‘ggnewscale’ was already a binary package and will not be rebuilt
* creating tarball
packaged installation of ‘ggnewscale’ as ‘ggnewscale_0.5.1_R_x86_64-pc-linux-gnu.tar.gz’
* DONE (ggnewscale)
* installing *binary* package ‘ggrepel’ ...
* ‘ggrepel’ was already a binary package and will not be rebuilt
* creating tarball
packaged installation of ‘ggrepel’ as ‘ggrepel_0.9.6_R_x86_64-pc-linux-gnu.tar.gz’
* DONE (ggrepel)
* installing *binary* package ‘janeaustenr’ ...
* ‘janeaustenr’ was already a binary package and will not be rebuilt
* creating tarball
packaged installation of ‘janeaustenr’ as ‘janeaustenr_1.0.0_R_x86_64-pc-linux-gnu.tar.gz’
* DONE (janeaustenr)
* installing *binary* package ‘gridtext’ ...
* ‘gridtext’ was already a binary package and will not be rebuilt
* creating tarball
packaged installation of ‘gridtext’ as ‘gridtext_0.1.5_R_x86_64-pc-linux-gnu.tar.gz’
* DONE (gridtext)
* installing *binary* package ‘gson’ ...
* ‘gson’ was already a binary package and will not be rebuilt
* creating tarball
packaged installation of ‘gson’ as ‘gson_0.1.0_R_x86_64-pc-linux-gnu.tar.gz’
* DONE (gson)
* installing *source* package ‘qvalue’ ...
** package ‘qvalue’ successfully unpacked and MD5 sums checked
** using staged installation
** R
** data
** inst
** byte-compile and prepare package for lazy loading
** help
*** installing help indices
** building package indices
** installing vignettes
** testing if installed package can be loaded from temporary location
** testing if installed package can be loaded from final location
** testing if installed package keeps a record of temporary installation path
* creating tarball
packaged installation of ‘qvalue’ as ‘qvalue_2.38.0_R_x86_64-pc-linux-gnu.tar.gz’
* DONE (qvalue)
* installing *binary* package ‘yulab.utils’ ...
* ‘yulab.utils’ was already a binary package and will not be rebuilt
* creating tarball
packaged installation of ‘yulab.utils’ as ‘yulab.utils_0.2.0_R_x86_64-pc-linux-gnu.tar.gz’
* DONE (yulab.utils)
* installing *binary* package ‘NLP’ ...
* ‘NLP’ was already a binary package and will not be rebuilt
* creating tarball
packaged installation of ‘NLP’ as ‘NLP_0.3-2_R_x86_64-pc-linux-gnu.tar.gz’
* DONE (NLP)
* installing *binary* package ‘dendextend’ ...
* ‘dendextend’ was already a binary package and will not be rebuilt
* creating tarball
packaged installation of ‘dendextend’ as ‘dendextend_1.19.0_R_x86_64-pc-linux-gnu.tar.gz’
* DONE (dendextend)
ERROR: dependency ‘S4Vectors’ is not available for package ‘UCSC.utils’
* removing ‘/mnt/library/UCSC.utils’
* installing *binary* package ‘ggplotify’ ...
* ‘ggplotify’ was already a binary package and will not be rebuilt
* creating tarball
packaged installation of ‘ggplotify’ as ‘ggplotify_0.1.2_R_x86_64-pc-linux-gnu.tar.gz’
* DONE (ggplotify)
* installing *binary* package ‘ggforce’ ...
* ‘ggforce’ was already a binary package and will not be rebuilt
* creating tarball
packaged installation of ‘ggforce’ as ‘ggforce_0.4.2_R_x86_64-pc-linux-gnu.tar.gz’
* DONE (ggforce)
* installing *binary* package ‘tidytree’ ...
* ‘tidytree’ was already a binary package and will not be rebuilt
* creating tarball
packaged installation of ‘tidytree’ as ‘tidytree_0.4.6_R_x86_64-pc-linux-gnu.tar.gz’
* DONE (tidytree)
* installing *source* package ‘IRanges’ ...
** package ‘IRanges’ successfully unpacked and MD5 sums checked
** using staged installation
** libs
using C compiler: ‘gcc (Ubuntu 13.3.0-6ubuntu2~24.04) 13.3.0’
gcc -I"/usr/local/lib/R/include" -DNDEBUG  -I'/mnt/library/S4Vectors/include' -I/usr/local/include    -fpic  -g -O2 -fstack-protector-strong -Wformat -Wformat-security -Wdate-time -D_FORTIFY_SOURCE=2 -g  -c CompressedAtomicList_utils.c -o CompressedAtomicList_utils.o
gcc -I"/usr/local/lib/R/include" -DNDEBUG  -I'/mnt/library/S4Vectors/include' -I/usr/local/include    -fpic  -g -O2 -fstack-protector-strong -Wformat -Wformat-security -Wdate-time -D_FORTIFY_SOURCE=2 -g  -c CompressedIRangesList_class.c -o CompressedIRangesList_class.o
gcc -I"/usr/local/lib/R/include" -DNDEBUG  -I'/mnt/library/S4Vectors/include' -I/usr/local/include    -fpic  -g -O2 -fstack-protector-strong -Wformat -Wformat-security -Wdate-time -D_FORTIFY_SOURCE=2 -g  -c CompressedList_class.c -o CompressedList_class.o
gcc -I"/usr/local/lib/R/include" -DNDEBUG  -I'/mnt/library/S4Vectors/include' -I/usr/local/include    -fpic  -g -O2 -fstack-protector-strong -Wformat -Wformat-security -Wdate-time -D_FORTIFY_SOURCE=2 -g  -c Grouping_class.c -o Grouping_class.o
gcc -I"/usr/local/lib/R/include" -DNDEBUG  -I'/mnt/library/S4Vectors/include' -I/usr/local/include    -fpic  -g -O2 -fstack-protector-strong -Wformat -Wformat-security -Wdate-time -D_FORTIFY_SOURCE=2 -g  -c IPosRanges_comparison.c -o IPosRanges_comparison.o
gcc -I"/usr/local/lib/R/include" -DNDEBUG  -I'/mnt/library/S4Vectors/include' -I/usr/local/include    -fpic  -g -O2 -fstack-protector-strong -Wformat -Wformat-security -Wdate-time -D_FORTIFY_SOURCE=2 -g  -c IRanges_class.c -o IRanges_class.o
gcc -I"/usr/local/lib/R/include" -DNDEBUG  -I'/mnt/library/S4Vectors/include' -I/usr/local/include    -fpic  -g -O2 -fstack-protector-strong -Wformat -Wformat-security -Wdate-time -D_FORTIFY_SOURCE=2 -g  -c IRanges_constructor.c -o IRanges_constructor.o
gcc -I"/usr/local/lib/R/include" -DNDEBUG  -I'/mnt/library/S4Vectors/include' -I/usr/local/include    -fpic  -g -O2 -fstack-protector-strong -Wformat -Wformat-security -Wdate-time -D_FORTIFY_SOURCE=2 -g  -c NCList.c -o NCList.o
gcc -I"/usr/local/lib/R/include" -DNDEBUG  -I'/mnt/library/S4Vectors/include' -I/usr/local/include    -fpic  -g -O2 -fstack-protector-strong -Wformat -Wformat-security -Wdate-time -D_FORTIFY_SOURCE=2 -g  -c R_init_IRanges.c -o R_init_IRanges.o
gcc -I"/usr/local/lib/R/include" -DNDEBUG  -I'/mnt/library/S4Vectors/include' -I/usr/local/include    -fpic  -g -O2 -fstack-protector-strong -Wformat -Wformat-security -Wdate-time -D_FORTIFY_SOURCE=2 -g  -c Ranges_class.c -o Ranges_class.o
gcc -I"/usr/local/lib/R/include" -DNDEBUG  -I'/mnt/library/S4Vectors/include' -I/usr/local/include    -fpic  -g -O2 -fstack-protector-strong -Wformat -Wformat-security -Wdate-time -D_FORTIFY_SOURCE=2 -g  -c RleViews_utils.c -o RleViews_utils.o
gcc -I"/usr/local/lib/R/include" -DNDEBUG  -I'/mnt/library/S4Vectors/include' -I/usr/local/include    -fpic  -g -O2 -fstack-protector-strong -Wformat -Wformat-security -Wdate-time -D_FORTIFY_SOURCE=2 -g  -c S4Vectors_stubs.c -o S4Vectors_stubs.o
gcc -I"/usr/local/lib/R/include" -DNDEBUG  -I'/mnt/library/S4Vectors/include' -I/usr/local/include    -fpic  -g -O2 -fstack-protector-strong -Wformat -Wformat-security -Wdate-time -D_FORTIFY_SOURCE=2 -g  -c SimpleIRangesList_class.c -o SimpleIRangesList_class.o
gcc -I"/usr/local/lib/R/include" -DNDEBUG  -I'/mnt/library/S4Vectors/include' -I/usr/local/include    -fpic  -g -O2 -fstack-protector-strong -Wformat -Wformat-security -Wdate-time -D_FORTIFY_SOURCE=2 -g  -c coverage_methods.c -o coverage_methods.o
gcc -I"/usr/local/lib/R/include" -DNDEBUG  -I'/mnt/library/S4Vectors/include' -I/usr/local/include    -fpic  -g -O2 -fstack-protector-strong -Wformat -Wformat-security -Wdate-time -D_FORTIFY_SOURCE=2 -g  -c extractListFragments.c -o extractListFragments.o
gcc -I"/usr/local/lib/R/include" -DNDEBUG  -I'/mnt/library/S4Vectors/include' -I/usr/local/include    -fpic  -g -O2 -fstack-protector-strong -Wformat -Wformat-security -Wdate-time -D_FORTIFY_SOURCE=2 -g  -c inter_range_methods.c -o inter_range_methods.o
gcc -shared -L/usr/local/lib/R/lib -L/usr/local/lib -o IRanges.so CompressedAtomicList_utils.o CompressedIRangesList_class.o CompressedList_class.o Grouping_class.o IPosRanges_comparison.o IRanges_class.o IRanges_constructor.o NCList.o R_init_IRanges.o Ranges_class.o RleViews_utils.o S4Vectors_stubs.o SimpleIRangesList_class.o coverage_methods.o extractListFragments.o inter_range_methods.o -L/usr/local/lib/R/lib -lR
installing to /mnt/library/00LOCK-IRanges/00new/IRanges/libs
** R
** inst
** byte-compile and prepare package for lazy loading
Error: package ‘S4Vectors’ required by ‘IRanges’ could not be found
Execution halted
ERROR: lazy loading failed for package ‘IRanges’
* removing ‘/mnt/library/IRanges’
ERROR: dependency ‘BiocParallel’ is not available for package ‘fgsea’
* removing ‘/mnt/library/fgsea’
* installing *binary* package ‘ggfun’ ...
* ‘ggfun’ was already a binary package and will not be rebuilt
* creating tarball
packaged installation of ‘ggfun’ as ‘ggfun_0.1.8_R_x86_64-pc-linux-gnu.tar.gz’
* DONE (ggfun)
* installing *binary* package ‘tokenizers’ ...
* ‘tokenizers’ was already a binary package and will not be rebuilt
* creating tarball
packaged installation of ‘tokenizers’ as ‘tokenizers_0.3.0_R_x86_64-pc-linux-gnu.tar.gz’
* DONE (tokenizers)
* installing *binary* package ‘ggwordcloud’ ...
* ‘ggwordcloud’ was already a binary package and will not be rebuilt
* creating tarball
packaged installation of ‘ggwordcloud’ as ‘ggwordcloud_0.6.2_R_x86_64-pc-linux-gnu.tar.gz’
* DONE (ggwordcloud)
* installing *binary* package ‘tm’ ...
* ‘tm’ was already a binary package and will not be rebuilt
* creating tarball
packaged installation of ‘tm’ as ‘tm_0.7-16_R_x86_64-pc-linux-gnu.tar.gz’
* DONE (tm)
ERROR: dependencies ‘BiocGenerics’, ‘S4Vectors’, ‘IRanges’ are not available for package ‘XVector’
* removing ‘/mnt/library/XVector’
ERROR: dependencies ‘BiocGenerics’, ‘S4Vectors’, ‘IRanges’, ‘UCSC.utils’ are not available for package ‘GenomeInfoDb’
* removing ‘/mnt/library/GenomeInfoDb’
* installing *source* package ‘treeio’ ...
** package ‘treeio’ successfully unpacked and MD5 sums checked
** using staged installation
** R
** inst
** byte-compile and prepare package for lazy loading
** help
*** installing help indices
*** copying figures
** building package indices
** installing vignettes
** testing if installed package can be loaded from temporary location
** testing if installed package can be loaded from final location
** testing if installed package keeps a record of temporary installation path
* creating tarball
packaged installation of ‘treeio’ as ‘treeio_1.30.0_R_x86_64-pc-linux-gnu.tar.gz’
* DONE (treeio)
* installing *binary* package ‘aplot’ ...
* ‘aplot’ was already a binary package and will not be rebuilt
* creating tarball
packaged installation of ‘aplot’ as ‘aplot_0.2.5_R_x86_64-pc-linux-gnu.tar.gz’
* DONE (aplot)
* installing *binary* package ‘ggtangle’ ...
* ‘ggtangle’ was already a binary package and will not be rebuilt
* creating tarball
packaged installation of ‘ggtangle’ as ‘ggtangle_0.0.6_R_x86_64-pc-linux-gnu.tar.gz’
* DONE (ggtangle)
* installing *binary* package ‘scatterpie’ ...
* ‘scatterpie’ was already a binary package and will not be rebuilt
* creating tarball
packaged installation of ‘scatterpie’ as ‘scatterpie_0.2.4_R_x86_64-pc-linux-gnu.tar.gz’
* DONE (scatterpie)
* installing *binary* package ‘tidytext’ ...
* ‘tidytext’ was already a binary package and will not be rebuilt
* creating tarball
packaged installation of ‘tidytext’ as ‘tidytext_0.4.2_R_x86_64-pc-linux-gnu.tar.gz’
* DONE (tidytext)
ERROR: dependencies ‘S4Vectors’, ‘IRanges’, ‘XVector’, ‘GenomeInfoDb’ are not available for package ‘Biostrings’
* removing ‘/mnt/library/Biostrings’
* installing *source* package ‘ggtree’ ...
** package ‘ggtree’ successfully unpacked and MD5 sums checked
** using staged installation
** R
** inst
** byte-compile and prepare package for lazy loading
** help
*** installing help indices
** building package indices
** installing vignettes
** testing if installed package can be loaded from temporary location
** testing if installed package can be loaded from final location
** testing if installed package keeps a record of temporary installation path
* creating tarball
packaged installation of ‘ggtree’ as ‘ggtree_3.14.0_R_x86_64-pc-linux-gnu.tar.gz’
* DONE (ggtree)
* installing *source* package ‘GSEAmining’ ...
** package ‘GSEAmining’ successfully unpacked and MD5 sums checked
** using staged installation
** R
** data
*** moving datasets to lazyload DB
** inst
** byte-compile and prepare package for lazy loading
** help
*** installing help indices
** building package indices
** installing vignettes
** testing if installed package can be loaded from temporary location
** testing if installed package can be loaded from final location
** testing if installed package keeps a record of temporary installation path
* creating tarball
packaged installation of ‘GSEAmining’ as ‘GSEAmining_1.16.0_R_x86_64-pc-linux-gnu.tar.gz’
* DONE (GSEAmining)
ERROR: dependency ‘Biostrings’ is not available for package ‘KEGGREST’
* removing ‘/mnt/library/KEGGREST’
ERROR: dependencies ‘Biobase’, ‘IRanges’, ‘KEGGREST’ are not available for package ‘AnnotationDbi’
* removing ‘/mnt/library/AnnotationDbi’
ERROR: dependency ‘AnnotationDbi’ is not available for package ‘GO.db’
* removing ‘/mnt/library/GO.db’
ERROR: dependencies ‘AnnotationDbi’, ‘GO.db’ are not available for package ‘GOSemSim’
* removing ‘/mnt/library/GOSemSim’
ERROR: dependencies ‘AnnotationDbi’, ‘BiocParallel’, ‘fgsea’, ‘GOSemSim’ are not available for package ‘DOSE’
* removing ‘/mnt/library/DOSE’
ERROR: dependencies ‘DOSE’, ‘GOSemSim’ are not available for package ‘enrichplot’
* removing ‘/mnt/library/enrichplot’
ERROR: dependencies ‘AnnotationDbi’, ‘DOSE’, ‘enrichplot’, ‘GO.db’, ‘GOSemSim’ are not available for package ‘clusterProfiler’
* removing ‘/mnt/library/clusterProfiler’

The downloaded source packages are in
	‘/tmp/RtmpREqFQY/downloaded_packages’
Old packages: 'bslib', 'cli', 'curl', 'evaluate', 'httr2', 'jsonlite',
  'openssl', 'pillar', 'pkgbuild', 'processx', 'ps', 'purrr', 'R6', 'Rcpp',
  'rlang', 'sessioninfo', 'systemfonts', 'testthat', 'textshaping', 'tinytex',
  'xfun', 'zip', 'class', 'foreign', 'KernSmooth', 'MASS', 'Matrix', 'nlme',
  'nnet', 'rpart', 'spatial'
There were 15 warnings (use warnings() to see them)

real	7m54.510s
user	0m42.958s
sys	0m14.388s
