'getOption("repos")' replaces Bioconductor standard repositories, see
'help("repositories", package = "BiocManager")' for details.
Replacement repositories:
    CRAN: https://p3m.dev/cran/__linux__/noble/latest
Bioconductor version 3.20 (BiocManager 1.30.25), R 4.4.2 (2024-10-31)
Installing package(s) 'cytofQC'
also installing the dependencies ‘EZtune’, ‘ssc’

trying URL 'https://p3m.dev/cran/__linux__/noble/latest/src/contrib/EZtune_3.1.1.tar.gz'
Content type 'application/x-tar' length 1398059 bytes (1.3 MB)
==================================================
downloaded 1.3 MB

trying URL 'https://p3m.dev/cran/__linux__/noble/latest/src/contrib/ssc_2.1-0.tar.gz'
Content type 'binary/octet-stream' length 500635 bytes (488 KB)
==================================================
downloaded 488 KB

trying URL 'https://bioconductor.org/packages/3.20/bioc/src/contrib/cytofQC_1.6.0.tar.gz'
Content type 'application/x-gzip' length 1604679 bytes (1.5 MB)
==================================================
downloaded 1.5 MB

* installing *source* package ‘EZtune’ ...
** package ‘EZtune’ successfully unpacked and MD5 sums checked
** using staged installation
** R
** data
*** moving datasets to lazyload DB
** inst
** byte-compile and prepare package for lazy loading
** help
*** installing help indices
** building package indices
** installing vignettes
** testing if installed package can be loaded from temporary location
** testing if installed package can be loaded from final location
** testing if installed package keeps a record of temporary installation path
* creating tarball
packaged installation of ‘EZtune’ as ‘EZtune_3.1.1_R_x86_64-pc-linux-gnu.tar.gz’
* DONE (EZtune)
* installing *binary* package ‘ssc’ ...
* ‘ssc’ was already a binary package and will not be rebuilt
* creating tarball
packaged installation of ‘ssc’ as ‘ssc_2.1-0_R_x86_64-pc-linux-gnu.tar.gz’
* DONE (ssc)
* installing *source* package ‘cytofQC’ ...
** package ‘cytofQC’ successfully unpacked and MD5 sums checked
** using staged installation
** R
** inst
** byte-compile and prepare package for lazy loading
** help
*** installing help indices
** building package indices
** installing vignettes
** testing if installed package can be loaded from temporary location
** testing if installed package can be loaded from final location
** testing if installed package keeps a record of temporary installation path
* creating tarball
packaged installation of ‘cytofQC’ as ‘cytofQC_1.6.0_R_x86_64-pc-linux-gnu.tar.gz’
* DONE (cytofQC)

The downloaded source packages are in
	‘/tmp/Rtmp6vRSZV/downloaded_packages’
Old packages: 'bslib', 'cli', 'curl', 'evaluate', 'httr2', 'jsonlite',
  'openssl', 'pillar', 'pkgbuild', 'processx', 'ps', 'purrr', 'R6', 'Rcpp',
  'rlang', 'sessioninfo', 'systemfonts', 'testthat', 'textshaping', 'tinytex',
  'xfun', 'zip', 'class', 'foreign', 'KernSmooth', 'MASS', 'Matrix', 'nlme',
  'nnet', 'rpart', 'spatial'

real	2m30.772s
user	0m39.236s
sys	0m8.907s
