'getOption("repos")' replaces Bioconductor standard repositories, see
'help("repositories", package = "BiocManager")' for details.
Replacement repositories:
    CRAN: https://p3m.dev/cran/__linux__/noble/latest
Bioconductor version 3.20 (BiocManager 1.30.25), R 4.4.2 (2024-10-31)
Installing package(s) 'RedeR'
also installing the dependency ‘TreeAndLeaf’

trying URL 'https://bioconductor.org/packages/3.20/bioc/src/contrib/TreeAndLeaf_1.18.0.tar.gz'
Content type 'application/x-gzip' length 6168334 bytes (5.9 MB)
==================================================
downloaded 5.9 MB

trying URL 'https://bioconductor.org/packages/3.20/bioc/src/contrib/RedeR_3.2.0.tar.gz'
Content type 'application/x-gzip' length 4562353 bytes (4.4 MB)
==================================================
downloaded 4.4 MB

* installing *source* package ‘RedeR’ ...
** package ‘RedeR’ successfully unpacked and MD5 sums checked
** using staged installation
** R
** data
** inst
** byte-compile and prepare package for lazy loading
** help
*** installing help indices
** building package indices
** installing vignettes
** testing if installed package can be loaded from temporary location
** testing if installed package can be loaded from final location
** testing if installed package keeps a record of temporary installation path
* creating tarball
packaged installation of ‘RedeR’ as ‘RedeR_3.2.0_R_x86_64-pc-linux-gnu.tar.gz’
* DONE (RedeR)
* installing *source* package ‘TreeAndLeaf’ ...
** package ‘TreeAndLeaf’ successfully unpacked and MD5 sums checked
** using staged installation
** R
** data
** inst
** byte-compile and prepare package for lazy loading
** help
*** installing help indices
** building package indices
** installing vignettes
** testing if installed package can be loaded from temporary location
Warning in gzfile(file, "rb") :
  cannot open compressed file '/mnt/library/RedeR/Meta/features.rds', probable reason 'No such file or directory'
Error: package or namespace load failed for ‘TreeAndLeaf’ in gzfile(file, "rb"):
 cannot open the connection
Error: loading failed
Execution halted
ERROR: loading failed
* removing ‘/mnt/library/TreeAndLeaf’

The downloaded source packages are in
	‘/tmp/RtmpymU29W/downloaded_packages’
Old packages: 'bslib', 'cli', 'curl', 'evaluate', 'httr2', 'jsonlite',
  'openssl', 'pillar', 'pkgbuild', 'processx', 'ps', 'purrr', 'R6', 'Rcpp',
  'rlang', 'sessioninfo', 'systemfonts', 'testthat', 'textshaping', 'tinytex',
  'xfun', 'zip', 'class', 'foreign', 'KernSmooth', 'MASS', 'Matrix', 'nlme',
  'nnet', 'rpart', 'spatial'
Warning message:
In install.packages(...) :
  installation of package ‘TreeAndLeaf’ had non-zero exit status

real	10m30.700s
user	0m9.782s
sys	0m4.451s
