'getOption("repos")' replaces Bioconductor standard repositories, see
'help("repositories", package = "BiocManager")' for details.
Replacement repositories:
    CRAN: https://p3m.dev/cran/__linux__/noble/latest
Bioconductor version 3.20 (BiocManager 1.30.25), R 4.4.2 (2024-10-31)
Installing package(s) 'ASSIGN'
also installing the dependency ‘Rlab’

trying URL 'https://p3m.dev/cran/__linux__/noble/latest/src/contrib/Rlab_4.0.tar.gz'
Content type 'binary/octet-stream' length 270176 bytes (263 KB)
==================================================
downloaded 263 KB

trying URL 'https://bioconductor.org/packages/3.20/bioc/src/contrib/ASSIGN_1.42.0.tar.gz'
Content type 'application/x-gzip' length 1702419 bytes (1.6 MB)
==================================================
downloaded 1.6 MB

* installing *binary* package ‘Rlab’ ...
* ‘Rlab’ was already a binary package and will not be rebuilt
* creating tarball
packaged installation of ‘Rlab’ as ‘Rlab_4.0_R_x86_64-pc-linux-gnu.tar.gz’
* DONE (Rlab)
* installing *source* package ‘ASSIGN’ ...
** package ‘ASSIGN’ successfully unpacked and MD5 sums checked
** using staged installation
** R
** data
*** moving datasets to lazyload DB
** inst
** byte-compile and prepare package for lazy loading
** help
*** installing help indices
** building package indices
** installing vignettes
** testing if installed package can be loaded from temporary location
** testing if installed package can be loaded from final location
** testing if installed package keeps a record of temporary installation path
* creating tarball
packaged installation of ‘ASSIGN’ as ‘ASSIGN_1.42.0_R_x86_64-pc-linux-gnu.tar.gz’
* DONE (ASSIGN)

The downloaded source packages are in
	‘/tmp/Rtmp0Rb8lt/downloaded_packages’
Old packages: 'bslib', 'cli', 'curl', 'evaluate', 'httr2', 'jsonlite',
  'openssl', 'pillar', 'pkgbuild', 'processx', 'ps', 'purrr', 'R6', 'Rcpp',
  'rlang', 'sessioninfo', 'systemfonts', 'testthat', 'textshaping', 'tinytex',
  'xfun', 'zip', 'class', 'foreign', 'KernSmooth', 'MASS', 'Matrix', 'nlme',
  'nnet', 'rpart', 'spatial'

real	1m8.779s
user	0m10.904s
sys	0m3.980s
