'getOption("repos")' replaces Bioconductor standard repositories, see
'help("repositories", package = "BiocManager")' for details.
Replacement repositories:
    CRAN: https://p3m.dev/cran/__linux__/noble/latest
Bioconductor version 3.20 (BiocManager 1.30.25), R 4.4.2 (2024-10-31)
Installing package(s) 'BiocPkgTools'
also installing the dependencies ‘triebeard’, ‘urltools’, ‘httpcode’, ‘crul’, ‘fauxpas’, ‘getPass’, ‘rorcid’, ‘blastula’

trying URL 'https://p3m.dev/cran/__linux__/noble/latest/src/contrib/triebeard_0.4.1.tar.gz'
Content type 'binary/octet-stream' length 199308 bytes (194 KB)
==================================================
downloaded 194 KB

trying URL 'https://p3m.dev/cran/__linux__/noble/latest/src/contrib/urltools_1.7.3.tar.gz'
Content type 'binary/octet-stream' length 315040 bytes (307 KB)
==================================================
downloaded 307 KB

trying URL 'https://p3m.dev/cran/__linux__/noble/latest/src/contrib/httpcode_0.3.0.tar.gz'
Content type 'binary/octet-stream' length 32562 bytes (31 KB)
==================================================
downloaded 31 KB

trying URL 'https://p3m.dev/cran/__linux__/noble/latest/src/contrib/crul_1.5.0.tar.gz'
Content type 'binary/octet-stream' length 655730 bytes (640 KB)
==================================================
downloaded 640 KB

trying URL 'https://p3m.dev/cran/__linux__/noble/latest/src/contrib/fauxpas_0.5.2.tar.gz'
Content type 'binary/octet-stream' length 2764916 bytes (2.6 MB)
==================================================
downloaded 2.6 MB

trying URL 'https://p3m.dev/cran/__linux__/noble/latest/src/contrib/getPass_0.2-4.tar.gz'
Content type 'binary/octet-stream' length 226302 bytes (220 KB)
==================================================
downloaded 220 KB

trying URL 'https://p3m.dev/cran/__linux__/noble/latest/src/contrib/rorcid_0.7.0.tar.gz'
Content type 'binary/octet-stream' length 1322734 bytes (1.3 MB)
==================================================
downloaded 1.3 MB

trying URL 'https://p3m.dev/cran/__linux__/noble/latest/src/contrib/blastula_0.3.5.tar.gz'
Content type 'binary/octet-stream' length 1231349 bytes (1.2 MB)
==================================================
downloaded 1.2 MB

trying URL 'https://bioconductor.org/packages/3.20/bioc/src/contrib/BiocPkgTools_1.24.0.tar.gz'
Content type 'application/x-gzip' length 1498161 bytes (1.4 MB)
==================================================
downloaded 1.4 MB

* installing *binary* package ‘triebeard’ ...
* ‘triebeard’ was already a binary package and will not be rebuilt
* creating tarball
packaged installation of ‘triebeard’ as ‘triebeard_0.4.1_R_x86_64-pc-linux-gnu.tar.gz’
* DONE (triebeard)
* installing *binary* package ‘httpcode’ ...
* ‘httpcode’ was already a binary package and will not be rebuilt
* creating tarball
packaged installation of ‘httpcode’ as ‘httpcode_0.3.0_R_x86_64-pc-linux-gnu.tar.gz’
* DONE (httpcode)
* installing *binary* package ‘getPass’ ...
* ‘getPass’ was already a binary package and will not be rebuilt
* creating tarball
packaged installation of ‘getPass’ as ‘getPass_0.2-4_R_x86_64-pc-linux-gnu.tar.gz’
* DONE (getPass)
* installing *binary* package ‘urltools’ ...
* ‘urltools’ was already a binary package and will not be rebuilt
* creating tarball
packaged installation of ‘urltools’ as ‘urltools_1.7.3_R_x86_64-pc-linux-gnu.tar.gz’
* DONE (urltools)
* installing *binary* package ‘fauxpas’ ...
* ‘fauxpas’ was already a binary package and will not be rebuilt
* creating tarball
packaged installation of ‘fauxpas’ as ‘fauxpas_0.5.2_R_x86_64-pc-linux-gnu.tar.gz’
* DONE (fauxpas)
* installing *binary* package ‘blastula’ ...
* ‘blastula’ was already a binary package and will not be rebuilt
* creating tarball
packaged installation of ‘blastula’ as ‘blastula_0.3.5_R_x86_64-pc-linux-gnu.tar.gz’
* DONE (blastula)
* installing *binary* package ‘crul’ ...
* ‘crul’ was already a binary package and will not be rebuilt
* creating tarball
packaged installation of ‘crul’ as ‘crul_1.5.0_R_x86_64-pc-linux-gnu.tar.gz’
* DONE (crul)
* installing *binary* package ‘rorcid’ ...
* ‘rorcid’ was already a binary package and will not be rebuilt
* creating tarball
packaged installation of ‘rorcid’ as ‘rorcid_0.7.0_R_x86_64-pc-linux-gnu.tar.gz’
* DONE (rorcid)
* installing *source* package ‘BiocPkgTools’ ...
** package ‘BiocPkgTools’ successfully unpacked and MD5 sums checked
** using staged installation
** R
** inst
** byte-compile and prepare package for lazy loading
** help
*** installing help indices
** building package indices
** installing vignettes
** testing if installed package can be loaded from temporary location
** testing if installed package can be loaded from final location
** testing if installed package keeps a record of temporary installation path
* creating tarball
packaged installation of ‘BiocPkgTools’ as ‘BiocPkgTools_1.24.0_R_x86_64-pc-linux-gnu.tar.gz’
* DONE (BiocPkgTools)

The downloaded source packages are in
	‘/tmp/RtmpRMZI7n/downloaded_packages’
Old packages: 'bslib', 'cli', 'curl', 'evaluate', 'httr2', 'jsonlite',
  'openssl', 'pillar', 'pkgbuild', 'processx', 'ps', 'purrr', 'R6', 'Rcpp',
  'rlang', 'sessioninfo', 'systemfonts', 'testthat', 'textshaping', 'tinytex',
  'xfun', 'zip', 'class', 'foreign', 'KernSmooth', 'MASS', 'Matrix', 'nlme',
  'nnet', 'rpart', 'spatial'

real	0m40.884s
user	0m15.719s
sys	0m6.533s
