'getOption("repos")' replaces Bioconductor standard repositories, see
'help("repositories", package = "BiocManager")' for details.
Replacement repositories:
    CRAN: https://p3m.dev/cran/__linux__/noble/latest
Bioconductor version 3.20 (BiocManager 1.30.25), R 4.4.2 (2024-10-31)
Installing package(s) 'M3C'
also installing the dependencies ‘doSNOW’, ‘matrixcalc’, ‘umap’

trying URL 'https://p3m.dev/cran/__linux__/noble/latest/src/contrib/doSNOW_1.0.20.tar.gz'
Content type 'binary/octet-stream' length 26633 bytes (26 KB)
==================================================
downloaded 26 KB

trying URL 'https://p3m.dev/cran/__linux__/noble/latest/src/contrib/matrixcalc_1.0-6.tar.gz'
Content type 'binary/octet-stream' length 204944 bytes (200 KB)
==================================================
downloaded 200 KB

trying URL 'https://p3m.dev/cran/__linux__/noble/latest/src/contrib/umap_0.2.10.0.tar.gz'
Content type 'binary/octet-stream' length 187357 bytes (182 KB)
==================================================
downloaded 182 KB

trying URL 'https://bioconductor.org/packages/3.20/bioc/src/contrib/M3C_1.28.0.tar.gz'
Content type 'application/x-gzip' length 603837 bytes (589 KB)
==================================================
downloaded 589 KB

* installing *binary* package ‘doSNOW’ ...
* ‘doSNOW’ was already a binary package and will not be rebuilt
* creating tarball
packaged installation of ‘doSNOW’ as ‘doSNOW_1.0.20_R_x86_64-pc-linux-gnu.tar.gz’
* DONE (doSNOW)
* installing *binary* package ‘matrixcalc’ ...
* ‘matrixcalc’ was already a binary package and will not be rebuilt
* creating tarball
packaged installation of ‘matrixcalc’ as ‘matrixcalc_1.0-6_R_x86_64-pc-linux-gnu.tar.gz’
* DONE (matrixcalc)
* installing *binary* package ‘umap’ ...
* ‘umap’ was already a binary package and will not be rebuilt
* creating tarball
packaged installation of ‘umap’ as ‘umap_0.2.10.0_R_x86_64-pc-linux-gnu.tar.gz’
* DONE (umap)
* installing *source* package ‘M3C’ ...
** package ‘M3C’ successfully unpacked and MD5 sums checked
** using staged installation
** R
** data
*** moving datasets to lazyload DB
** inst
** byte-compile and prepare package for lazy loading
** help
*** installing help indices
** building package indices
** installing vignettes
** testing if installed package can be loaded from temporary location
** testing if installed package can be loaded from final location
** testing if installed package keeps a record of temporary installation path
* creating tarball
packaged installation of ‘M3C’ as ‘M3C_1.28.0_R_x86_64-pc-linux-gnu.tar.gz’
* DONE (M3C)

The downloaded source packages are in
	‘/tmp/Rtmptx7k31/downloaded_packages’
Old packages: 'bslib', 'cli', 'curl', 'evaluate', 'httr2', 'jsonlite',
  'openssl', 'pillar', 'pkgbuild', 'processx', 'ps', 'purrr', 'R6', 'Rcpp',
  'rlang', 'sessioninfo', 'systemfonts', 'testthat', 'textshaping', 'tinytex',
  'xfun', 'zip', 'class', 'foreign', 'KernSmooth', 'MASS', 'Matrix', 'nlme',
  'nnet', 'rpart', 'spatial'

real	3m25.026s
user	0m9.774s
sys	0m3.395s
