'getOption("repos")' replaces Bioconductor standard repositories, see
'help("repositories", package = "BiocManager")' for details.
Replacement repositories:
    CRAN: https://p3m.dev/cran/__linux__/noble/latest
Bioconductor version 3.20 (BiocManager 1.30.25), R 4.4.2 (2024-10-31)
Installing package(s) 'txcutr'
also installing the dependency ‘TxDb.Scerevisiae.UCSC.sacCer3.sgdGene’

trying URL 'https://bioconductor.org/packages/3.20/data/annotation/src/contrib/TxDb.Scerevisiae.UCSC.sacCer3.sgdGene_3.2.2.tar.gz'
Content type 'application/x-gzip' length 447146 bytes (436 KB)
==================================================
downloaded 436 KB

trying URL 'https://bioconductor.org/packages/3.20/bioc/src/contrib/txcutr_1.12.0.tar.gz'
Content type 'application/x-gzip' length 323246 bytes (315 KB)
==================================================
downloaded 315 KB

* installing *source* package ‘TxDb.Scerevisiae.UCSC.sacCer3.sgdGene’ ...
** using staged installation
** R
** inst
** byte-compile and prepare package for lazy loading
** help
*** installing help indices
** building package indices
** testing if installed package can be loaded from temporary location
** testing if installed package can be loaded from final location
** testing if installed package keeps a record of temporary installation path
* creating tarball
packaged installation of ‘TxDb.Scerevisiae.UCSC.sacCer3.sgdGene’ as ‘TxDb.Scerevisiae.UCSC.sacCer3.sgdGene_3.2.2_R_x86_64-pc-linux-gnu.tar.gz’
* DONE (TxDb.Scerevisiae.UCSC.sacCer3.sgdGene)
* installing *source* package ‘txcutr’ ...
** package ‘txcutr’ successfully unpacked and MD5 sums checked
** using staged installation
** R
** inst
** byte-compile and prepare package for lazy loading
** help
*** installing help indices
** building package indices
** installing vignettes
** testing if installed package can be loaded from temporary location
** testing if installed package can be loaded from final location
** testing if installed package keeps a record of temporary installation path
* creating tarball
packaged installation of ‘txcutr’ as ‘txcutr_1.12.0_R_x86_64-pc-linux-gnu.tar.gz’
* DONE (txcutr)

The downloaded source packages are in
	‘/tmp/RtmpvF93Vl/downloaded_packages’
Old packages: 'bslib', 'cli', 'curl', 'evaluate', 'httr2', 'jsonlite',
  'openssl', 'pillar', 'pkgbuild', 'processx', 'ps', 'purrr', 'R6', 'Rcpp',
  'rlang', 'sessioninfo', 'systemfonts', 'testthat', 'textshaping', 'tinytex',
  'xfun', 'zip', 'class', 'foreign', 'KernSmooth', 'MASS', 'Matrix', 'nlme',
  'nnet', 'rpart', 'spatial'

real	2m40.791s
user	1m3.196s
sys	0m9.682s
