'getOption("repos")' replaces Bioconductor standard repositories, see
'help("repositories", package = "BiocManager")' for details.
Replacement repositories:
    CRAN: https://p3m.dev/cran/__linux__/noble/latest
Bioconductor version 3.20 (BiocManager 1.30.25), R 4.4.2 (2024-10-31)
Installing package(s) 'zitools'
trying URL 'https://bioconductor.org/packages/3.20/bioc/src/contrib/zitools_1.0.0.tar.gz'
Content type 'application/x-gzip' length 250843 bytes (244 KB)
==================================================
downloaded 244 KB

* installing *source* package ‘zitools’ ...
** package ‘zitools’ successfully unpacked and MD5 sums checked
** using staged installation
** R
** data
** inst
** byte-compile and prepare package for lazy loading
Creating a new generic function for ‘weights’ in package ‘zitools’
Creating a new generic function for ‘weightedSd’ in package ‘zitools’
Creating a generic function for ‘cov’ from package ‘stats’ in package ‘zitools’
** help
*** installing help indices
** building package indices
** installing vignettes
** testing if installed package can be loaded from temporary location
** testing if installed package can be loaded from final location
** testing if installed package keeps a record of temporary installation path
* creating tarball
packaged installation of ‘zitools’ as ‘zitools_1.0.0_R_x86_64-pc-linux-gnu.tar.gz’
* DONE (zitools)

The downloaded source packages are in
	‘/tmp/RtmprqZpip/downloaded_packages’
Old packages: 'bslib', 'cli', 'curl', 'evaluate', 'httr2', 'jsonlite',
  'openssl', 'pillar', 'pkgbuild', 'processx', 'ps', 'purrr', 'R6', 'Rcpp',
  'rlang', 'sessioninfo', 'systemfonts', 'testthat', 'textshaping', 'tinytex',
  'xfun', 'zip', 'class', 'foreign', 'KernSmooth', 'MASS', 'Matrix', 'nlme',
  'nnet', 'rpart', 'spatial'

real	32m25.944s
user	0m38.428s
sys	0m7.439s
