'getOption("repos")' replaces Bioconductor standard repositories, see
'help("repositories", package = "BiocManager")' for details.
Replacement repositories:
    CRAN: https://p3m.dev/cran/__linux__/noble/latest
Bioconductor version 3.20 (BiocManager 1.30.25), R 4.4.2 (2024-10-31)
Installing package(s) 'RareVariantVis'
trying URL 'https://bioconductor.org/packages/3.20/bioc/src/contrib/RareVariantVis_2.34.0.tar.gz'
Content type 'application/x-gzip' length 2891023 bytes (2.8 MB)
==================================================
downloaded 2.8 MB

* installing *source* package ‘RareVariantVis’ ...
** package ‘RareVariantVis’ successfully unpacked and MD5 sums checked
** using staged installation
** R
** inst
** byte-compile and prepare package for lazy loading
Warning: replacing previous import ‘utils::findMatches’ by ‘S4Vectors::findMatches’ when loading ‘phastCons100way.UCSC.hg19’
** help
*** installing help indices
** building package indices
** installing vignettes
** testing if installed package can be loaded from temporary location
Warning: replacing previous import ‘utils::findMatches’ by ‘S4Vectors::findMatches’ when loading ‘phastCons100way.UCSC.hg19’
** testing if installed package can be loaded from final location
Warning: replacing previous import ‘utils::findMatches’ by ‘S4Vectors::findMatches’ when loading ‘phastCons100way.UCSC.hg19’
** testing if installed package keeps a record of temporary installation path
* creating tarball
packaged installation of ‘RareVariantVis’ as ‘RareVariantVis_2.34.0_R_x86_64-pc-linux-gnu.tar.gz’
* DONE (RareVariantVis)

The downloaded source packages are in
	‘/tmp/Rtmpg8eJCW/downloaded_packages’
Old packages: 'bslib', 'cli', 'curl', 'evaluate', 'httr2', 'jsonlite',
  'openssl', 'pillar', 'pkgbuild', 'processx', 'ps', 'purrr', 'R6', 'Rcpp',
  'rlang', 'sessioninfo', 'systemfonts', 'testthat', 'textshaping', 'tinytex',
  'xfun', 'zip', 'class', 'foreign', 'KernSmooth', 'MASS', 'Matrix', 'nlme',
  'nnet', 'rpart', 'spatial'

real	2m35.778s
user	0m46.350s
sys	0m9.383s
