'getOption("repos")' replaces Bioconductor standard repositories, see
'help("repositories", package = "BiocManager")' for details.
Replacement repositories:
    CRAN: https://p3m.dev/cran/__linux__/noble/latest
Bioconductor version 3.20 (BiocManager 1.30.25), R 4.4.2 (2024-10-31)
Installing package(s) 'Cepo'
also installing the dependencies ‘densEstBayes’, ‘reldist’, ‘M3Drop’, ‘batchelor’, ‘scMerge’, ‘escape’

trying URL 'https://p3m.dev/cran/__linux__/noble/latest/src/contrib/densEstBayes_1.0-2.2.tar.gz'
Content type 'binary/octet-stream' length 2627109 bytes (2.5 MB)
==================================================
downloaded 2.5 MB

trying URL 'https://p3m.dev/cran/__linux__/noble/latest/src/contrib/reldist_1.7-2.tar.gz'
Content type 'binary/octet-stream' length 180356 bytes (176 KB)
==================================================
downloaded 176 KB

trying URL 'https://bioconductor.org/packages/3.20/bioc/src/contrib/M3Drop_1.32.0.tar.gz'
Content type 'application/x-gzip' length 12841718 bytes (12.2 MB)
==================================================
downloaded 12.2 MB

trying URL 'https://bioconductor.org/packages/3.20/bioc/src/contrib/batchelor_1.22.0.tar.gz'
Content type 'application/x-gzip' length 2068258 bytes (2.0 MB)
==================================================
downloaded 2.0 MB

trying URL 'https://bioconductor.org/packages/3.20/bioc/src/contrib/scMerge_1.22.0.tar.gz'
Content type 'application/x-gzip' length 3079549 bytes (2.9 MB)
==================================================
downloaded 2.9 MB

trying URL 'https://bioconductor.org/packages/3.20/bioc/src/contrib/escape_2.2.3.tar.gz'
Content type 'application/x-gzip' length 4088542 bytes (3.9 MB)
==================================================
downloaded 3.9 MB

trying URL 'https://bioconductor.org/packages/3.20/bioc/src/contrib/Cepo_1.12.0.tar.gz'
Content type 'application/x-gzip' length 3402558 bytes (3.2 MB)
==================================================
downloaded 3.2 MB

* installing *binary* package ‘densEstBayes’ ...
* ‘densEstBayes’ was already a binary package and will not be rebuilt
* creating tarball
packaged installation of ‘densEstBayes’ as ‘densEstBayes_1.0-2.2_R_x86_64-pc-linux-gnu.tar.gz’
* DONE (densEstBayes)
* installing *source* package ‘batchelor’ ...
** package ‘batchelor’ successfully unpacked and MD5 sums checked
** using staged installation
** libs
using C++ compiler: ‘g++ (Ubuntu 13.3.0-6ubuntu2~24.04) 13.3.0’
using C++11
g++ -std=gnu++11 -I"/usr/local/lib/R/include" -DNDEBUG  -I'/usr/local/lib/R/site-library/Rcpp/include' -I/usr/local/include    -fpic  -g -O2 -fstack-protector-strong -Wformat -Wformat-security -Wdate-time -D_FORTIFY_SOURCE=2 -g  -DR_NO_REMAP -c RcppExports.cpp -o RcppExports.o
g++ -std=gnu++11 -I"/usr/local/lib/R/include" -DNDEBUG  -I'/usr/local/lib/R/site-library/Rcpp/include' -I/usr/local/include    -fpic  -g -O2 -fstack-protector-strong -Wformat -Wformat-security -Wdate-time -D_FORTIFY_SOURCE=2 -g  -DR_NO_REMAP -c adjust_shift_variance.cpp -o adjust_shift_variance.o
g++ -std=gnu++11 -I"/usr/local/lib/R/include" -DNDEBUG  -I'/usr/local/lib/R/site-library/Rcpp/include' -I/usr/local/include    -fpic  -g -O2 -fstack-protector-strong -Wformat -Wformat-security -Wdate-time -D_FORTIFY_SOURCE=2 -g  -DR_NO_REMAP -c find_mutual_nns.cpp -o find_mutual_nns.o
g++ -std=gnu++11 -I"/usr/local/lib/R/include" -DNDEBUG  -I'/usr/local/lib/R/site-library/Rcpp/include' -I/usr/local/include    -fpic  -g -O2 -fstack-protector-strong -Wformat -Wformat-security -Wdate-time -D_FORTIFY_SOURCE=2 -g  -DR_NO_REMAP -c smooth_gaussian_kernel.cpp -o smooth_gaussian_kernel.o
g++ -std=gnu++11 -I"/usr/local/lib/R/include" -DNDEBUG  -I'/usr/local/lib/R/site-library/Rcpp/include' -I/usr/local/include    -fpic  -g -O2 -fstack-protector-strong -Wformat -Wformat-security -Wdate-time -D_FORTIFY_SOURCE=2 -g  -DR_NO_REMAP -c utils.cpp -o utils.o
g++ -std=gnu++11 -shared -L/usr/local/lib/R/lib -L/usr/local/lib -o batchelor.so RcppExports.o adjust_shift_variance.o find_mutual_nns.o smooth_gaussian_kernel.o utils.o -L/usr/local/lib/R/lib -lR
installing to /mnt/library/00LOCK-batchelor/00new/batchelor/libs
** R
** inst
** byte-compile and prepare package for lazy loading
** help
*** installing help indices
** building package indices
** installing vignettes
** testing if installed package can be loaded from temporary location
** checking absolute paths in shared objects and dynamic libraries
** testing if installed package can be loaded from final location
** testing if installed package keeps a record of temporary installation path
* creating tarball
packaged installation of ‘batchelor’ as ‘batchelor_1.22.0_R_x86_64-pc-linux-gnu.tar.gz’
* DONE (batchelor)
* installing *source* package ‘escape’ ...
** package ‘escape’ successfully unpacked and MD5 sums checked
** using staged installation
** R
** data
** inst
** byte-compile and prepare package for lazy loading
** help
*** installing help indices
** building package indices
** installing vignettes
** testing if installed package can be loaded from temporary location
** testing if installed package can be loaded from final location
** testing if installed package keeps a record of temporary installation path
* creating tarball
packaged installation of ‘escape’ as ‘escape_2.2.3_R_x86_64-pc-linux-gnu.tar.gz’
* DONE (escape)
* installing *source* package ‘Cepo’ ...
** package ‘Cepo’ successfully unpacked and MD5 sums checked
** using staged installation
** R
** data
** inst
** byte-compile and prepare package for lazy loading
** help
*** installing help indices
*** copying figures
** building package indices
** installing vignettes
** testing if installed package can be loaded from temporary location
** testing if installed package can be loaded from final location
** testing if installed package keeps a record of temporary installation path
* creating tarball
packaged installation of ‘Cepo’ as ‘Cepo_1.12.0_R_x86_64-pc-linux-gnu.tar.gz’
* DONE (Cepo)
* installing *binary* package ‘reldist’ ...
* ‘reldist’ was already a binary package and will not be rebuilt
* creating tarball
packaged installation of ‘reldist’ as ‘reldist_1.7-2_R_x86_64-pc-linux-gnu.tar.gz’
* DONE (reldist)
* installing *source* package ‘M3Drop’ ...
** package ‘M3Drop’ successfully unpacked and MD5 sums checked
** using staged installation
** R
** inst
** byte-compile and prepare package for lazy loading
** help
*** installing help indices
** building package indices
** installing vignettes
** testing if installed package can be loaded from temporary location
** testing if installed package can be loaded from final location
** testing if installed package keeps a record of temporary installation path
* creating tarball
packaged installation of ‘M3Drop’ as ‘M3Drop_1.32.0_R_x86_64-pc-linux-gnu.tar.gz’
* DONE (M3Drop)
* installing *source* package ‘scMerge’ ...
** package ‘scMerge’ successfully unpacked and MD5 sums checked
** using staged installation
** R
** data
** inst
** byte-compile and prepare package for lazy loading
** help
*** installing help indices
** building package indices
** installing vignettes
** testing if installed package can be loaded from temporary location
** testing if installed package can be loaded from final location
** testing if installed package keeps a record of temporary installation path
* creating tarball
packaged installation of ‘scMerge’ as ‘scMerge_1.22.0_R_x86_64-pc-linux-gnu.tar.gz’
* DONE (scMerge)

The downloaded source packages are in
	‘/tmp/RtmpScslIh/downloaded_packages’
Old packages: 'bslib', 'cli', 'curl', 'evaluate', 'httr2', 'jsonlite',
  'openssl', 'pillar', 'pkgbuild', 'processx', 'ps', 'purrr', 'R6', 'Rcpp',
  'rlang', 'sessioninfo', 'systemfonts', 'testthat', 'textshaping', 'tinytex',
  'xfun', 'zip', 'class', 'foreign', 'KernSmooth', 'MASS', 'Matrix', 'nlme',
  'nnet', 'rpart', 'spatial'

real	4m3.177s
user	2m33.505s
sys	0m22.921s
