'getOption("repos")' replaces Bioconductor standard repositories, see
'help("repositories", package = "BiocManager")' for details.
Replacement repositories:
    CRAN: https://p3m.dev/cran/__linux__/noble/latest
Bioconductor version 3.20 (BiocManager 1.30.25), R 4.4.2 (2024-10-31)
Installing package(s) 'FindIT2'
also installing the dependency ‘TxDb.Athaliana.BioMart.plantsmart28’

trying URL 'https://bioconductor.org/packages/3.20/data/annotation/src/contrib/TxDb.Athaliana.BioMart.plantsmart28_3.2.2.tar.gz'
Content type 'application/x-gzip' length 8992983 bytes (8.6 MB)
==================================================
downloaded 8.6 MB

trying URL 'https://bioconductor.org/packages/3.20/bioc/src/contrib/FindIT2_1.12.0.tar.gz'
Content type 'application/x-gzip' length 2324154 bytes (2.2 MB)
==================================================
downloaded 2.2 MB

* installing *source* package ‘TxDb.Athaliana.BioMart.plantsmart28’ ...
** using staged installation
** R
** inst
** byte-compile and prepare package for lazy loading
** help
*** installing help indices
** building package indices
** testing if installed package can be loaded from temporary location
** testing if installed package can be loaded from final location
** testing if installed package keeps a record of temporary installation path
* creating tarball
packaged installation of ‘TxDb.Athaliana.BioMart.plantsmart28’ as ‘TxDb.Athaliana.BioMart.plantsmart28_3.2.2_R_x86_64-pc-linux-gnu.tar.gz’
* DONE (TxDb.Athaliana.BioMart.plantsmart28)
* installing *source* package ‘FindIT2’ ...
** package ‘FindIT2’ successfully unpacked and MD5 sums checked
** using staged installation
** R
** data
** inst
** byte-compile and prepare package for lazy loading
** help
*** installing help indices
** building package indices
** installing vignettes
** testing if installed package can be loaded from temporary location
** testing if installed package can be loaded from final location
** testing if installed package keeps a record of temporary installation path
* creating tarball
packaged installation of ‘FindIT2’ as ‘FindIT2_1.12.0_R_x86_64-pc-linux-gnu.tar.gz’
* DONE (FindIT2)

The downloaded source packages are in
	‘/tmp/RtmpqLhICA/downloaded_packages’
Old packages: 'bslib', 'cli', 'curl', 'evaluate', 'httr2', 'jsonlite',
  'openssl', 'pillar', 'pkgbuild', 'processx', 'ps', 'purrr', 'R6', 'Rcpp',
  'rlang', 'sessioninfo', 'systemfonts', 'testthat', 'textshaping', 'tinytex',
  'xfun', 'zip', 'class', 'foreign', 'KernSmooth', 'MASS', 'Matrix', 'nlme',
  'nnet', 'rpart', 'spatial'

real	2m12.139s
user	1m17.971s
sys	0m10.861s
