'getOption("repos")' replaces Bioconductor standard repositories, see
'help("repositories", package = "BiocManager")' for details.
Replacement repositories:
    CRAN: https://p3m.dev/cran/__linux__/noble/latest
Bioconductor version 3.20 (BiocManager 1.30.25), R 4.4.2 (2024-10-31)
Installing package(s) 'mistyR'
also installing the dependencies ‘plotmo’, ‘Metrics’, ‘distances’, ‘ridge’, ‘earth’, ‘iml’, ‘RSNNS’, ‘xgboost’

trying URL 'https://p3m.dev/cran/__linux__/noble/latest/src/contrib/plotmo_3.6.4.tar.gz'
Content type 'binary/octet-stream' length 1530875 bytes (1.5 MB)
==================================================
downloaded 1.5 MB

trying URL 'https://p3m.dev/cran/__linux__/noble/latest/src/contrib/Metrics_0.1.4.tar.gz'
Content type 'binary/octet-stream' length 83104 bytes (81 KB)
==================================================
downloaded 81 KB

trying URL 'https://p3m.dev/cran/__linux__/noble/latest/src/contrib/distances_0.1.11.tar.gz'
Content type 'binary/octet-stream' length 72840 bytes (71 KB)
==================================================
downloaded 71 KB

trying URL 'https://p3m.dev/cran/__linux__/noble/latest/src/contrib/ridge_3.3.tar.gz'
Content type 'binary/octet-stream' length 198741 bytes (194 KB)
==================================================
downloaded 194 KB

trying URL 'https://p3m.dev/cran/__linux__/noble/latest/src/contrib/earth_5.3.4.tar.gz'
Content type 'binary/octet-stream' length 2191763 bytes (2.1 MB)
==================================================
downloaded 2.1 MB

trying URL 'https://p3m.dev/cran/__linux__/noble/latest/src/contrib/iml_0.11.4.tar.gz'
Content type 'binary/octet-stream' length 725134 bytes (708 KB)
==================================================
downloaded 708 KB

trying URL 'https://p3m.dev/cran/__linux__/noble/latest/src/contrib/RSNNS_0.4-17.tar.gz'
Content type 'binary/octet-stream' length 1143645 bytes (1.1 MB)
==================================================
downloaded 1.1 MB

trying URL 'https://p3m.dev/cran/__linux__/noble/latest/src/contrib/xgboost_1.7.8.1.tar.gz'
Content type 'binary/octet-stream' length 2108771 bytes (2.0 MB)
==================================================
downloaded 2.0 MB

trying URL 'https://bioconductor.org/packages/3.20/bioc/src/contrib/mistyR_1.14.0.tar.gz'
Content type 'application/x-gzip' length 3127552 bytes (3.0 MB)
==================================================
downloaded 3.0 MB

* installing *binary* package ‘plotmo’ ...
* ‘plotmo’ was already a binary package and will not be rebuilt
* creating tarball
packaged installation of ‘plotmo’ as ‘plotmo_3.6.4_R_x86_64-pc-linux-gnu.tar.gz’
* DONE (plotmo)
* installing *binary* package ‘Metrics’ ...
* ‘Metrics’ was already a binary package and will not be rebuilt
* creating tarball
packaged installation of ‘Metrics’ as ‘Metrics_0.1.4_R_x86_64-pc-linux-gnu.tar.gz’
* DONE (Metrics)
* installing *binary* package ‘distances’ ...
* ‘distances’ was already a binary package and will not be rebuilt
* creating tarball
packaged installation of ‘distances’ as ‘distances_0.1.11_R_x86_64-pc-linux-gnu.tar.gz’
* DONE (distances)
* installing *binary* package ‘ridge’ ...
* ‘ridge’ was already a binary package and will not be rebuilt
* creating tarball
packaged installation of ‘ridge’ as ‘ridge_3.3_R_x86_64-pc-linux-gnu.tar.gz’
* DONE (ridge)
* installing *binary* package ‘RSNNS’ ...
* ‘RSNNS’ was already a binary package and will not be rebuilt
* creating tarball
packaged installation of ‘RSNNS’ as ‘RSNNS_0.4-17_R_x86_64-pc-linux-gnu.tar.gz’
* DONE (RSNNS)
* installing *binary* package ‘xgboost’ ...
* ‘xgboost’ was already a binary package and will not be rebuilt
* creating tarball
packaged installation of ‘xgboost’ as ‘xgboost_1.7.8.1_R_x86_64-pc-linux-gnu.tar.gz’
* DONE (xgboost)
* installing *binary* package ‘earth’ ...
* ‘earth’ was already a binary package and will not be rebuilt
* creating tarball
packaged installation of ‘earth’ as ‘earth_5.3.4_R_x86_64-pc-linux-gnu.tar.gz’
* DONE (earth)
* installing *binary* package ‘iml’ ...
* ‘iml’ was already a binary package and will not be rebuilt
* creating tarball
packaged installation of ‘iml’ as ‘iml_0.11.4_R_x86_64-pc-linux-gnu.tar.gz’
* DONE (iml)
* installing *source* package ‘mistyR’ ...
** package ‘mistyR’ successfully unpacked and MD5 sums checked
** using staged installation
** R
** data
** inst
** byte-compile and prepare package for lazy loading
** help
*** installing help indices
** building package indices
** installing vignettes
** testing if installed package can be loaded from temporary location
** testing if installed package can be loaded from final location
** testing if installed package keeps a record of temporary installation path
* creating tarball
packaged installation of ‘mistyR’ as ‘mistyR_1.14.0_R_x86_64-pc-linux-gnu.tar.gz’
* DONE (mistyR)

The downloaded source packages are in
	‘/tmp/Rtmpg7wUMW/downloaded_packages’
Old packages: 'bslib', 'cli', 'curl', 'evaluate', 'httr2', 'jsonlite',
  'openssl', 'pillar', 'pkgbuild', 'processx', 'ps', 'purrr', 'R6', 'Rcpp',
  'rlang', 'sessioninfo', 'systemfonts', 'testthat', 'textshaping', 'tinytex',
  'xfun', 'zip', 'class', 'foreign', 'KernSmooth', 'MASS', 'Matrix', 'nlme',
  'nnet', 'rpart', 'spatial'

real	7m51.840s
user	0m13.171s
sys	0m4.199s
