'getOption("repos")' replaces Bioconductor standard repositories, see
'help("repositories", package = "BiocManager")' for details.
Replacement repositories:
    CRAN: https://p3m.dev/cran/__linux__/noble/latest
Bioconductor version 3.20 (BiocManager 1.30.25), R 4.4.2 (2024-10-31)
Installing package(s) 'BERT'
also installing the dependency ‘comprehenr’

trying URL 'https://p3m.dev/cran/__linux__/noble/latest/src/contrib/comprehenr_0.6.10.tar.gz'
Content type 'binary/octet-stream' length 41395 bytes (40 KB)
==================================================
downloaded 40 KB

trying URL 'https://bioconductor.org/packages/3.20/bioc/src/contrib/BERT_1.2.0.tar.gz'
Content type 'application/x-gzip' length 265610 bytes (259 KB)
==================================================
downloaded 259 KB

* installing *binary* package ‘comprehenr’ ...
* ‘comprehenr’ was already a binary package and will not be rebuilt
* creating tarball
packaged installation of ‘comprehenr’ as ‘comprehenr_0.6.10_R_x86_64-pc-linux-gnu.tar.gz’
* DONE (comprehenr)
* installing *source* package ‘BERT’ ...
** package ‘BERT’ successfully unpacked and MD5 sums checked
** using staged installation
** R
** inst
** byte-compile and prepare package for lazy loading
** help
*** installing help indices
** building package indices
** installing vignettes
** testing if installed package can be loaded from temporary location
** testing if installed package can be loaded from final location
** testing if installed package keeps a record of temporary installation path
* creating tarball
packaged installation of ‘BERT’ as ‘BERT_1.2.0_R_x86_64-pc-linux-gnu.tar.gz’
* DONE (BERT)

The downloaded source packages are in
	‘/tmp/RtmpyD7vXv/downloaded_packages’
Old packages: 'bslib', 'cli', 'curl', 'evaluate', 'httr2', 'jsonlite',
  'openssl', 'pillar', 'pkgbuild', 'processx', 'ps', 'purrr', 'R6', 'Rcpp',
  'rlang', 'sessioninfo', 'systemfonts', 'testthat', 'textshaping', 'tinytex',
  'xfun', 'zip', 'class', 'foreign', 'KernSmooth', 'MASS', 'Matrix', 'nlme',
  'nnet', 'rpart', 'spatial'

real	0m52.427s
user	0m14.006s
sys	0m4.688s
