'getOption("repos")' replaces Bioconductor standard repositories, see
'help("repositories", package = "BiocManager")' for details.
Replacement repositories:
    CRAN: https://p3m.dev/cran/__linux__/noble/latest
Bioconductor version 3.20 (BiocManager 1.30.25), R 4.4.2 (2024-10-31)
Installing package(s) 'dyebias'
also installing the dependency ‘dyebiasexamples’

trying URL 'https://bioconductor.org/packages/3.20/data/experiment/src/contrib/dyebiasexamples_1.46.0.tar.gz'
Content type 'application/x-gzip' length 15939904 bytes (15.2 MB)
==================================================
downloaded 15.2 MB

trying URL 'https://bioconductor.org/packages/3.20/bioc/src/contrib/dyebias_1.66.0.tar.gz'
Content type 'application/x-gzip' length 2861763 bytes (2.7 MB)
==================================================
downloaded 2.7 MB

* installing *source* package ‘dyebiasexamples’ ...
** using staged installation
** R
** data
** inst
** byte-compile and prepare package for lazy loading
** help
Warning: dyebias.geo2marray.Rd:10-17: Section \synopsis is unrecognized and will be dropped
Warning: dyebias.umcu.proper.estimators.Rd:11-13: Section \synopsis is unrecognized and will be dropped
*** installing help indices
** building package indices
** installing vignettes
** testing if installed package can be loaded from temporary location
** testing if installed package can be loaded from final location
** testing if installed package keeps a record of temporary installation path
* creating tarball
packaged installation of ‘dyebiasexamples’ as ‘dyebiasexamples_1.46.0_R_x86_64-pc-linux-gnu.tar.gz’
* DONE (dyebiasexamples)
* installing *source* package ‘dyebias’ ...
** package ‘dyebias’ successfully unpacked and MD5 sums checked
** using staged installation
** R
** inst
** byte-compile and prepare package for lazy loading
** help
*** installing help indices
** building package indices
** installing vignettes
** testing if installed package can be loaded from temporary location
** testing if installed package can be loaded from final location
** testing if installed package keeps a record of temporary installation path
* creating tarball
packaged installation of ‘dyebias’ as ‘dyebias_1.66.0_R_x86_64-pc-linux-gnu.tar.gz’
* DONE (dyebias)

The downloaded source packages are in
	‘/tmp/Rtmp5B0nq7/downloaded_packages’
Old packages: 'bslib', 'cli', 'curl', 'evaluate', 'httr2', 'jsonlite',
  'openssl', 'pillar', 'pkgbuild', 'processx', 'ps', 'purrr', 'R6', 'Rcpp',
  'rlang', 'sessioninfo', 'systemfonts', 'testthat', 'textshaping', 'tinytex',
  'xfun', 'zip', 'class', 'foreign', 'KernSmooth', 'MASS', 'Matrix', 'nlme',
  'nnet', 'rpart', 'spatial'

real	1m16.867s
user	0m32.896s
sys	0m5.808s
