'getOption("repos")' replaces Bioconductor standard repositories, see
'help("repositories", package = "BiocManager")' for details.
Replacement repositories:
    CRAN: https://p3m.dev/cran/__linux__/noble/latest
Bioconductor version 3.20 (BiocManager 1.30.25), R 4.4.2 (2024-10-31)
Installing package(s) 'CBNplot'
also installing the dependencies ‘depmap’, ‘bnviewer’

trying URL 'https://bioconductor.org/packages/3.20/data/experiment/src/contrib/depmap_1.20.0.tar.gz'
Content type 'application/x-gzip' length 1633731 bytes (1.6 MB)
==================================================
downloaded 1.6 MB

trying URL 'https://p3m.dev/cran/__linux__/noble/latest/src/contrib/bnviewer_0.1.6.tar.gz'
Content type 'binary/octet-stream' length 64823 bytes (63 KB)
==================================================
downloaded 63 KB

trying URL 'https://bioconductor.org/packages/3.20/bioc/src/contrib/CBNplot_1.6.0.tar.gz'
Content type 'application/x-gzip' length 1027045 bytes (1002 KB)
==================================================
downloaded 1002 KB

* installing *source* package ‘depmap’ ...
** using staged installation
** R
** inst
** byte-compile and prepare package for lazy loading
** help
*** installing help indices
** building package indices
** installing vignettes
** testing if installed package can be loaded from temporary location
** testing if installed package can be loaded from final location
** testing if installed package keeps a record of temporary installation path
* creating tarball
packaged installation of ‘depmap’ as ‘depmap_1.20.0_R_x86_64-pc-linux-gnu.tar.gz’
* DONE (depmap)
* installing *binary* package ‘bnviewer’ ...
* ‘bnviewer’ was already a binary package and will not be rebuilt
* creating tarball
packaged installation of ‘bnviewer’ as ‘bnviewer_0.1.6_R_x86_64-pc-linux-gnu.tar.gz’
* DONE (bnviewer)
* installing *source* package ‘CBNplot’ ...
** package ‘CBNplot’ successfully unpacked and MD5 sums checked
** using staged installation
** R
** data
** inst
** byte-compile and prepare package for lazy loading
** help
*** installing help indices
** building package indices
** installing vignettes
** testing if installed package can be loaded from temporary location
** testing if installed package can be loaded from final location
** testing if installed package keeps a record of temporary installation path
* creating tarball
packaged installation of ‘CBNplot’ as ‘CBNplot_1.6.0_R_x86_64-pc-linux-gnu.tar.gz’
* DONE (CBNplot)

The downloaded source packages are in
	‘/tmp/RtmpXzMpZ5/downloaded_packages’
Old packages: 'bslib', 'cli', 'curl', 'evaluate', 'httr2', 'jsonlite',
  'openssl', 'pillar', 'pkgbuild', 'processx', 'ps', 'purrr', 'R6', 'Rcpp',
  'rlang', 'sessioninfo', 'systemfonts', 'testthat', 'textshaping', 'tinytex',
  'xfun', 'zip', 'class', 'foreign', 'KernSmooth', 'MASS', 'Matrix', 'nlme',
  'nnet', 'rpart', 'spatial'

real	2m59.827s
user	0m43.185s
sys	0m9.388s
