'getOption("repos")' replaces Bioconductor standard repositories, see
'help("repositories", package = "BiocManager")' for details.
Replacement repositories:
    CRAN: https://p3m.dev/cran/__linux__/noble/latest
Bioconductor version 3.20 (BiocManager 1.30.25), R 4.4.2 (2024-10-31)
Installing package(s) 'omXplore'
trying URL 'https://bioconductor.org/packages/3.20/bioc/src/contrib/omXplore_1.0.0.tar.gz'
Content type 'application/x-gzip' length 2106393 bytes (2.0 MB)
==================================================
downloaded 2.0 MB

* installing *source* package ‘omXplore’ ...
** package ‘omXplore’ successfully unpacked and MD5 sums checked
** using staged installation
** R
** data
** inst
** byte-compile and prepare package for lazy loading
Note: possible error in 'plots_tracking_server("tracker", ': unused argument (reset = reactive({
    input$reset
})) 
Note: possible error in 'omXplore_intensity_server("iplot", ': unused argument (reset = reactive({
    input$reset
})) 
** help
*** installing help indices
** building package indices
** installing vignettes
** testing if installed package can be loaded from temporary location
** testing if installed package can be loaded from final location
** testing if installed package keeps a record of temporary installation path
* creating tarball
packaged installation of ‘omXplore’ as ‘omXplore_1.0.0_R_x86_64-pc-linux-gnu.tar.gz’
* DONE (omXplore)

The downloaded source packages are in
	‘/tmp/RtmpOhJoQQ/downloaded_packages’
Old packages: 'bslib', 'cli', 'curl', 'evaluate', 'httr2', 'jsonlite',
  'openssl', 'pillar', 'pkgbuild', 'processx', 'ps', 'purrr', 'R6', 'Rcpp',
  'rlang', 'sessioninfo', 'systemfonts', 'testthat', 'textshaping', 'tinytex',
  'xfun', 'zip', 'class', 'foreign', 'KernSmooth', 'MASS', 'Matrix', 'nlme',
  'nnet', 'rpart', 'spatial'

real	2m36.271s
user	0m42.483s
sys	0m8.781s
