'getOption("repos")' replaces Bioconductor standard repositories, see
'help("repositories", package = "BiocManager")' for details.
Replacement repositories:
    CRAN: https://p3m.dev/cran/__linux__/noble/latest
Bioconductor version 3.20 (BiocManager 1.30.25), R 4.4.2 (2024-10-31)
Installing package(s) 'scider'
also installing the dependency ‘lwgeom’

trying URL 'https://p3m.dev/cran/__linux__/noble/latest/src/contrib/lwgeom_0.2-14.tar.gz'
Content type 'binary/octet-stream' length 485330 bytes (473 KB)
==================================================
downloaded 473 KB

trying URL 'https://bioconductor.org/packages/3.20/bioc/src/contrib/scider_1.4.0.tar.gz'
Content type 'application/x-gzip' length 2365327 bytes (2.3 MB)
==================================================
downloaded 2.3 MB

* installing *binary* package ‘lwgeom’ ...
* ‘lwgeom’ was already a binary package and will not be rebuilt
* creating tarball
packaged installation of ‘lwgeom’ as ‘lwgeom_0.2-14_R_x86_64-pc-linux-gnu.tar.gz’
* DONE (lwgeom)
* installing *source* package ‘scider’ ...
** package ‘scider’ successfully unpacked and MD5 sums checked
** using staged installation
** R
** data
** inst
** byte-compile and prepare package for lazy loading
** help
*** installing help indices
*** copying figures
** building package indices
** installing vignettes
** testing if installed package can be loaded from temporary location
** testing if installed package can be loaded from final location
** testing if installed package keeps a record of temporary installation path
* creating tarball
packaged installation of ‘scider’ as ‘scider_1.4.0_R_x86_64-pc-linux-gnu.tar.gz’
* DONE (scider)

The downloaded source packages are in
	‘/tmp/RtmpusGW4a/downloaded_packages’
Old packages: 'bslib', 'cli', 'curl', 'evaluate', 'httr2', 'jsonlite',
  'openssl', 'pillar', 'pkgbuild', 'processx', 'ps', 'purrr', 'R6', 'Rcpp',
  'rlang', 'sessioninfo', 'systemfonts', 'testthat', 'textshaping', 'tinytex',
  'xfun', 'zip', 'class', 'foreign', 'KernSmooth', 'MASS', 'Matrix', 'nlme',
  'nnet', 'rpart', 'spatial'

real	2m15.299s
user	0m29.834s
sys	0m6.767s
