'getOption("repos")' replaces Bioconductor standard repositories, see
'help("repositories", package = "BiocManager")' for details.
Replacement repositories:
    CRAN: https://p3m.dev/cran/__linux__/noble/latest
Bioconductor version 3.20 (BiocManager 1.30.25), R 4.4.2 (2024-10-31)
Installing package(s) 'roastgsa'
also installing the dependencies ‘KEGGandMetacoreDzPathwaysGEO’, ‘KEGGdzPathwaysGEO’, ‘KEGGgraph’, ‘SPIA’, ‘graphite’, ‘pathview’, ‘safe’, ‘GSEABenchmarkeR’, ‘EnrichmentBrowser’

trying URL 'https://bioconductor.org/packages/3.20/data/experiment/src/contrib/KEGGandMetacoreDzPathwaysGEO_1.26.0.tar.gz'
Content type 'application/x-gzip' length 103460581 bytes (98.7 MB)
==================================================
downloaded 98.7 MB

trying URL 'https://bioconductor.org/packages/3.20/data/experiment/src/contrib/KEGGdzPathwaysGEO_1.44.0.tar.gz'
Content type 'application/x-gzip' length 314643360 bytes (300.1 MB)
==================================================
downloaded 300.1 MB

trying URL 'https://bioconductor.org/packages/3.20/bioc/src/contrib/KEGGgraph_1.66.0.tar.gz'
Content type 'application/x-gzip' length 1381008 bytes (1.3 MB)
==================================================
downloaded 1.3 MB

trying URL 'https://bioconductor.org/packages/3.20/bioc/src/contrib/SPIA_2.58.0.tar.gz'
Content type 'application/x-gzip' length 2673581 bytes (2.5 MB)
==================================================
downloaded 2.5 MB

trying URL 'https://bioconductor.org/packages/3.20/bioc/src/contrib/graphite_1.52.0.tar.gz'
Content type 'application/x-gzip' length 785965 bytes (767 KB)
==================================================
downloaded 767 KB

trying URL 'https://bioconductor.org/packages/3.20/bioc/src/contrib/pathview_1.46.0.tar.gz'
Content type 'application/x-gzip' length 2656685 bytes (2.5 MB)
==================================================
downloaded 2.5 MB

trying URL 'https://bioconductor.org/packages/3.20/bioc/src/contrib/safe_3.46.0.tar.gz'
Content type 'application/x-gzip' length 732254 bytes (715 KB)
==================================================
downloaded 715 KB

trying URL 'https://bioconductor.org/packages/3.20/bioc/src/contrib/GSEABenchmarkeR_1.26.0.tar.gz'
Content type 'application/x-gzip' length 584311 bytes (570 KB)
==================================================
downloaded 570 KB

trying URL 'https://bioconductor.org/packages/3.20/bioc/src/contrib/EnrichmentBrowser_2.36.0.tar.gz'
Content type 'application/x-gzip' length 1379440 bytes (1.3 MB)
==================================================
downloaded 1.3 MB

trying URL 'https://bioconductor.org/packages/3.20/bioc/src/contrib/roastgsa_1.4.0.tar.gz'
Content type 'application/x-gzip' length 2126880 bytes (2.0 MB)
==================================================
downloaded 2.0 MB

* installing *source* package ‘KEGGandMetacoreDzPathwaysGEO’ ...
** using staged installation
** data
** inst
** help
*** installing help indices
** building package indices
** installing vignettes
** testing if installed package can be loaded from temporary location
** testing if installed package can be loaded from final location
** testing if installed package keeps a record of temporary installation path
* creating tarball
packaged installation of ‘KEGGandMetacoreDzPathwaysGEO’ as ‘KEGGandMetacoreDzPathwaysGEO_1.26.0_R_x86_64-pc-linux-gnu.tar.gz’
* DONE (KEGGandMetacoreDzPathwaysGEO)
* installing *source* package ‘KEGGdzPathwaysGEO’ ...
** using staged installation
** R
** data
** byte-compile and prepare package for lazy loading
** help
*** installing help indices
** building package indices
** testing if installed package can be loaded from temporary location
** testing if installed package can be loaded from final location
** testing if installed package keeps a record of temporary installation path
* creating tarball
packaged installation of ‘KEGGdzPathwaysGEO’ as ‘KEGGdzPathwaysGEO_1.44.0_R_x86_64-pc-linux-gnu.tar.gz’
* DONE (KEGGdzPathwaysGEO)
* installing *source* package ‘KEGGgraph’ ...
** package ‘KEGGgraph’ successfully unpacked and MD5 sums checked
** using staged installation
** R
** data
*** moving datasets to lazyload DB
** inst
** byte-compile and prepare package for lazy loading
** help
*** installing help indices
** building package indices
** installing vignettes
** testing if installed package can be loaded from temporary location
** testing if installed package can be loaded from final location
** testing if installed package keeps a record of temporary installation path
* creating tarball
packaged installation of ‘KEGGgraph’ as ‘KEGGgraph_1.66.0_R_x86_64-pc-linux-gnu.tar.gz’
* DONE (KEGGgraph)
* installing *source* package ‘graphite’ ...
** package ‘graphite’ successfully unpacked and MD5 sums checked
** using staged installation
** R
** inst
** byte-compile and prepare package for lazy loading
** help
*** installing help indices
** building package indices
** installing vignettes
** testing if installed package can be loaded from temporary location
** testing if installed package can be loaded from final location
** testing if installed package keeps a record of temporary installation path
* creating tarball
packaged installation of ‘graphite’ as ‘graphite_1.52.0_R_x86_64-pc-linux-gnu.tar.gz’
* DONE (graphite)
* installing *source* package ‘safe’ ...
** package ‘safe’ successfully unpacked and MD5 sums checked
** using staged installation
** R
** data
** inst
** byte-compile and prepare package for lazy loading
** help
*** installing help indices
** building package indices
** installing vignettes
** testing if installed package can be loaded from temporary location
** testing if installed package can be loaded from final location
Error: package or namespace load failed for ‘AnnotationDbi’ in loadNamespace(i, c(lib.loc, .libPaths()), versionCheck = vI[[i]]):
 there is no package called ‘UCSC.utils’
Error : package ‘AnnotationDbi’ could not be loaded
Error: loading failed
Execution halted
ERROR: loading failed
* removing ‘/mnt/library/safe’
* restoring previous ‘/mnt/library/safe’
* installing *source* package ‘roastgsa’ ...
** package ‘roastgsa’ successfully unpacked and MD5 sums checked
** using staged installation
** R
** data
** inst
** byte-compile and prepare package for lazy loading
** help
*** installing help indices
** building package indices
** installing vignettes
** testing if installed package can be loaded from temporary location
** testing if installed package can be loaded from final location
** testing if installed package keeps a record of temporary installation path
* creating tarball
packaged installation of ‘roastgsa’ as ‘roastgsa_1.4.0_R_x86_64-pc-linux-gnu.tar.gz’
* DONE (roastgsa)
* installing *source* package ‘SPIA’ ...
** package ‘SPIA’ successfully unpacked and MD5 sums checked
** using staged installation
** R
** data
** inst
** byte-compile and prepare package for lazy loading
** help
*** installing help indices
** building package indices
** installing vignettes
** testing if installed package can be loaded from temporary location
** testing if installed package can be loaded from final location
** testing if installed package keeps a record of temporary installation path
* creating tarball
packaged installation of ‘SPIA’ as ‘SPIA_2.58.0_R_x86_64-pc-linux-gnu.tar.gz’
* DONE (SPIA)
* installing *source* package ‘pathview’ ...
** package ‘pathview’ successfully unpacked and MD5 sums checked
** using staged installation
** R
** data
*** moving datasets to lazyload DB
** inst
** byte-compile and prepare package for lazy loading
Error in loadNamespace(i, c(lib.loc, .libPaths()), versionCheck = vI[[i]]) : 
  there is no package called ‘IRanges’
Calls: <Anonymous> ... loadNamespace -> withRestarts -> withOneRestart -> doWithOneRestart
Execution halted
ERROR: lazy loading failed for package ‘pathview’
* removing ‘/mnt/library/pathview’
ERROR: dependency ‘pathview’ is not available for package ‘EnrichmentBrowser’
* removing ‘/mnt/library/EnrichmentBrowser’
ERROR: dependency ‘EnrichmentBrowser’ is not available for package ‘GSEABenchmarkeR’
* removing ‘/mnt/library/GSEABenchmarkeR’

The downloaded source packages are in
	‘/tmp/RtmpyjjQDj/downloaded_packages’
Old packages: 'bslib', 'cli', 'curl', 'evaluate', 'httr2', 'jsonlite',
  'openssl', 'pillar', 'pkgbuild', 'processx', 'ps', 'purrr', 'R6', 'Rcpp',
  'rlang', 'sessioninfo', 'systemfonts', 'testthat', 'textshaping', 'tinytex',
  'xfun', 'zip', 'class', 'foreign', 'KernSmooth', 'MASS', 'Matrix', 'nlme',
  'nnet', 'rpart', 'spatial'
Warning messages:
1: In install.packages(...) :
  installation of package ‘safe’ had non-zero exit status
2: In install.packages(...) :
  installation of package ‘pathview’ had non-zero exit status
3: In install.packages(...) :
  installation of package ‘EnrichmentBrowser’ had non-zero exit status
4: In install.packages(...) :
  installation of package ‘GSEABenchmarkeR’ had non-zero exit status

real	2m24.781s
user	1m8.095s
sys	0m14.458s
