'getOption("repos")' replaces Bioconductor standard repositories, see
'help("repositories", package = "BiocManager")' for details.
Replacement repositories:
    CRAN: https://p3m.dev/cran/__linux__/noble/latest
Bioconductor version 3.20 (BiocManager 1.30.25), R 4.4.2 (2024-10-31)
Installing package(s) 'FamAgg'
also installing the dependencies ‘gap.datasets’, ‘kinship2’, ‘gap’

trying URL 'https://p3m.dev/cran/__linux__/noble/latest/src/contrib/gap.datasets_0.0.6.tar.gz'
Content type 'binary/octet-stream' length 3449000 bytes (3.3 MB)
==================================================
downloaded 3.3 MB

trying URL 'https://p3m.dev/cran/__linux__/noble/latest/src/contrib/kinship2_1.9.6.1.tar.gz'
Content type 'binary/octet-stream' length 544200 bytes (531 KB)
==================================================
downloaded 531 KB

trying URL 'https://p3m.dev/cran/__linux__/noble/latest/src/contrib/gap_1.6.tar.gz'
Content type 'binary/octet-stream' length 4713325 bytes (4.5 MB)
==================================================
downloaded 4.5 MB

trying URL 'https://bioconductor.org/packages/3.20/bioc/src/contrib/FamAgg_1.34.0.tar.gz'
Content type 'application/x-gzip' length 2047607 bytes (2.0 MB)
==================================================
downloaded 2.0 MB

* installing *binary* package ‘gap.datasets’ ...
* ‘gap.datasets’ was already a binary package and will not be rebuilt
* creating tarball
packaged installation of ‘gap.datasets’ as ‘gap.datasets_0.0.6_R_x86_64-pc-linux-gnu.tar.gz’
* DONE (gap.datasets)
* installing *binary* package ‘kinship2’ ...
* ‘kinship2’ was already a binary package and will not be rebuilt
* creating tarball
packaged installation of ‘kinship2’ as ‘kinship2_1.9.6.1_R_x86_64-pc-linux-gnu.tar.gz’
* DONE (kinship2)
* installing *binary* package ‘gap’ ...
* ‘gap’ was already a binary package and will not be rebuilt
* creating tarball
packaged installation of ‘gap’ as ‘gap_1.6_R_x86_64-pc-linux-gnu.tar.gz’
* DONE (gap)
* installing *source* package ‘FamAgg’ ...
** package ‘FamAgg’ successfully unpacked and MD5 sums checked
** using staged installation
** R
** inst
** byte-compile and prepare package for lazy loading
Creating a new generic function for ‘pedigree’ in package ‘FamAgg’
in method for ‘countGenerations’ with signature ‘"pedigreeList"’: no definition for class “pedigreeList”
in method for ‘countGenerations’ with signature ‘"pedigree"’: no definition for class “pedigree”
in method for ‘estimateGenerations’ with signature ‘"pedigree"’: no definition for class “pedigree”
in method for ‘estimateGenerations’ with signature ‘"pedigreeList"’: no definition for class “pedigreeList”
in method for ‘findFounders’ with signature ‘"pedigreeList"’: no definition for class “pedigreeList”
in method for ‘findFounders’ with signature ‘"pedigreeList"’: no definition for class “pedigreeList”
in method for ‘generationsFrom’ with signature ‘"pedigree"’: no definition for class “pedigree”
in method for ‘generationsFrom’ with signature ‘"pedigreeList"’: no definition for class “pedigreeList”
in method for ‘getAncestors’ with signature ‘"pedigreeList"’: no definition for class “pedigreeList”
in method for ‘getAncestors’ with signature ‘"pedigree"’: no definition for class “pedigree”
in method for ‘getChildren’ with signature ‘"pedigreeList"’: no definition for class “pedigreeList”
in method for ‘getChildren’ with signature ‘"pedigree"’: no definition for class “pedigree”
in method for ‘getCommonAncestor’ with signature ‘"pedigree"’: no definition for class “pedigree”
in method for ‘getCommonAncestor’ with signature ‘"pedigreeList"’: no definition for class “pedigreeList”
in method for ‘getMissingMate’ with signature ‘"pedigreeList"’: no definition for class “pedigreeList”
in method for ‘getMissingMate’ with signature ‘"pedigree"’: no definition for class “pedigree”
in method for ‘getSiblings’ with signature ‘"pedigreeList"’: no definition for class “pedigreeList”
in method for ‘getSiblings’ with signature ‘"pedigree"’: no definition for class “pedigree”
in method for ‘getAll’ with signature ‘"pedigreeList"’: no definition for class “pedigreeList”
in method for ‘getAll’ with signature ‘"pedigree"’: no definition for class “pedigree”
in method for ‘getExternalMatched’ with signature ‘"pedigreeList"’: no definition for class “pedigreeList”
in method for ‘getExternalMatched’ with signature ‘"pedigree"’: no definition for class “pedigree”
in method for ‘getGenerationMatched’ with signature ‘"pedigreeList"’: no definition for class “pedigreeList”
in method for ‘getGenerationMatched’ with signature ‘"pedigree"’: no definition for class “pedigree”
in method for ‘getGenerationSexMatched’ with signature ‘"pedigreeList"’: no definition for class “pedigreeList”
in method for ‘getGenerationSexMatched’ with signature ‘"pedigree"’: no definition for class “pedigree”
in method for ‘getSexMatched’ with signature ‘"pedigreeList"’: no definition for class “pedigreeList”
in method for ‘getSexMatched’ with signature ‘"pedigree"’: no definition for class “pedigree”
** help
*** installing help indices
** building package indices
** installing vignettes
** testing if installed package can be loaded from temporary location
** testing if installed package can be loaded from final location
** testing if installed package keeps a record of temporary installation path
* creating tarball
packaged installation of ‘FamAgg’ as ‘FamAgg_1.34.0_R_x86_64-pc-linux-gnu.tar.gz’
* DONE (FamAgg)

The downloaded source packages are in
	‘/tmp/RtmpxDxAth/downloaded_packages’
Old packages: 'bslib', 'cli', 'curl', 'evaluate', 'httr2', 'jsonlite',
  'openssl', 'pillar', 'pkgbuild', 'processx', 'ps', 'purrr', 'R6', 'Rcpp',
  'rlang', 'sessioninfo', 'systemfonts', 'testthat', 'textshaping', 'tinytex',
  'xfun', 'zip', 'class', 'foreign', 'KernSmooth', 'MASS', 'Matrix', 'nlme',
  'nnet', 'rpart', 'spatial'

real	0m32.868s
user	0m15.626s
sys	0m4.682s
