'getOption("repos")' replaces Bioconductor standard repositories, see
'help("repositories", package = "BiocManager")' for details.
Replacement repositories:
    CRAN: https://p3m.dev/cran/__linux__/noble/latest
Bioconductor version 3.20 (BiocManager 1.30.25), R 4.4.2 (2024-10-31)
Installing package(s) 'miRNAtap'
also installing the dependency ‘miRNAtap.db’

trying URL 'https://bioconductor.org/packages/3.20/data/annotation/src/contrib/miRNAtap.db_0.99.10.tar.gz'
Content type 'application/x-gzip' length 102787441 bytes (98.0 MB)
==================================================
downloaded 98.0 MB

trying URL 'https://bioconductor.org/packages/3.20/bioc/src/contrib/miRNAtap_1.40.0.tar.gz'
Content type 'application/x-gzip' length 229988 bytes (224 KB)
==================================================
downloaded 224 KB

* installing *source* package ‘miRNAtap’ ...
** package ‘miRNAtap’ successfully unpacked and MD5 sums checked
** using staged installation
** R
** inst
** byte-compile and prepare package for lazy loading
** help
*** installing help indices
** building package indices
** installing vignettes
** testing if installed package can be loaded from temporary location
** testing if installed package can be loaded from final location
** testing if installed package keeps a record of temporary installation path
* creating tarball
packaged installation of ‘miRNAtap’ as ‘miRNAtap_1.40.0_R_x86_64-pc-linux-gnu.tar.gz’
* DONE (miRNAtap)
* installing *source* package ‘miRNAtap.db’ ...
** using staged installation
** R
** inst
** byte-compile and prepare package for lazy loading
** help
*** installing help indices
** building package indices
** installing vignettes
** testing if installed package can be loaded from temporary location
** testing if installed package can be loaded from final location
** testing if installed package keeps a record of temporary installation path
* creating tarball
packaged installation of ‘miRNAtap.db’ as ‘miRNAtap.db_0.99.10_R_x86_64-pc-linux-gnu.tar.gz’
* DONE (miRNAtap.db)

The downloaded source packages are in
	‘/tmp/Rtmp14NFG7/downloaded_packages’
Old packages: 'bslib', 'cli', 'curl', 'evaluate', 'httr2', 'jsonlite',
  'openssl', 'pillar', 'pkgbuild', 'processx', 'ps', 'purrr', 'R6', 'Rcpp',
  'rlang', 'sessioninfo', 'systemfonts', 'testthat', 'textshaping', 'tinytex',
  'xfun', 'zip', 'class', 'foreign', 'KernSmooth', 'MASS', 'Matrix', 'nlme',
  'nnet', 'rpart', 'spatial'

real	54m10.263s
user	1m28.031s
sys	0m15.709s
