'getOption("repos")' replaces Bioconductor standard repositories, see
'help("repositories", package = "BiocManager")' for details.
Replacement repositories:
    CRAN: https://p3m.dev/cran/__linux__/noble/latest
Bioconductor version 3.20 (BiocManager 1.30.25), R 4.4.2 (2024-10-31)
Installing package(s) 'BgeeDB'
also installing the dependency ‘bread’

trying URL 'https://p3m.dev/cran/__linux__/noble/latest/src/contrib/bread_0.4.1.tar.gz'
Content type 'binary/octet-stream' length 70069 bytes (68 KB)
==================================================
downloaded 68 KB

trying URL 'https://bioconductor.org/packages/3.20/bioc/src/contrib/BgeeDB_2.32.0.tar.gz'
Content type 'application/x-gzip' length 110864 bytes (108 KB)
==================================================
downloaded 108 KB

* installing *binary* package ‘bread’ ...
* ‘bread’ was already a binary package and will not be rebuilt
* creating tarball
packaged installation of ‘bread’ as ‘bread_0.4.1_R_x86_64-pc-linux-gnu.tar.gz’
* DONE (bread)
* installing *source* package ‘BgeeDB’ ...
** package ‘BgeeDB’ successfully unpacked and MD5 sums checked
** using staged installation
** R
** data
** inst
** byte-compile and prepare package for lazy loading

groupGOTerms: 	GOBPTerm, GOMFTerm, GOCCTerm environments built.
** help
*** installing help indices
** building package indices
** installing vignettes
** testing if installed package can be loaded from temporary location

groupGOTerms: 	GOBPTerm, GOMFTerm, GOCCTerm environments built.
** testing if installed package can be loaded from final location

groupGOTerms: 	GOBPTerm, GOMFTerm, GOCCTerm environments built.
** testing if installed package keeps a record of temporary installation path
* creating tarball
packaged installation of ‘BgeeDB’ as ‘BgeeDB_2.32.0_R_x86_64-pc-linux-gnu.tar.gz’
* DONE (BgeeDB)

The downloaded source packages are in
	‘/tmp/Rtmp1CvvPY/downloaded_packages’
Old packages: 'bslib', 'cli', 'curl', 'evaluate', 'httr2', 'jsonlite',
  'openssl', 'pillar', 'pkgbuild', 'processx', 'ps', 'purrr', 'R6', 'Rcpp',
  'rlang', 'sessioninfo', 'systemfonts', 'testthat', 'textshaping', 'tinytex',
  'xfun', 'zip', 'class', 'foreign', 'KernSmooth', 'MASS', 'Matrix', 'nlme',
  'nnet', 'rpart', 'spatial'

real	1m36.365s
user	0m35.027s
sys	0m7.406s
