'getOption("repos")' replaces Bioconductor standard repositories, see
'help("repositories", package = "BiocManager")' for details.
Replacement repositories:
    CRAN: https://p3m.dev/cran/__linux__/noble/latest
Bioconductor version 3.20 (BiocManager 1.30.25), R 4.4.2 (2024-10-31)
Installing package(s) 'rpx'
also installing the dependencies ‘UCSC.utils’, ‘IRanges’, ‘XVector’, ‘GenomeInfoDb’, ‘Biostrings’

trying URL 'https://bioconductor.org/packages/3.20/bioc/src/contrib/UCSC.utils_1.2.0.tar.gz'
Content type 'application/x-gzip' length 236888 bytes (231 KB)
==================================================
downloaded 231 KB

trying URL 'https://bioconductor.org/packages/3.20/bioc/src/contrib/IRanges_2.40.1.tar.gz'
Content type 'application/x-gzip' length 486989 bytes (475 KB)
==================================================
downloaded 475 KB

trying URL 'https://bioconductor.org/packages/3.20/bioc/src/contrib/XVector_0.46.0.tar.gz'
Content type 'application/x-gzip' length 70185 bytes (68 KB)
==================================================
downloaded 68 KB

trying URL 'https://bioconductor.org/packages/3.20/bioc/src/contrib/GenomeInfoDb_1.42.3.tar.gz'
Content type 'application/x-gzip' length 3592070 bytes (3.4 MB)
==================================================
downloaded 3.4 MB

trying URL 'https://bioconductor.org/packages/3.20/bioc/src/contrib/Biostrings_2.74.1.tar.gz'
Content type 'application/x-gzip' length 12823307 bytes (12.2 MB)
==================================================
downloaded 12.2 MB

trying URL 'https://bioconductor.org/packages/3.20/bioc/src/contrib/rpx_2.14.1.tar.gz'
Content type 'application/x-gzip' length 325191 bytes (317 KB)
==================================================
downloaded 317 KB

* installing *source* package ‘UCSC.utils’ ...
** package ‘UCSC.utils’ successfully unpacked and MD5 sums checked
** using staged installation
** R
** inst
** byte-compile and prepare package for lazy loading
Error in loadNamespace(i, c(lib.loc, .libPaths()), versionCheck = vI[[i]]) : 
  there is no package called ‘BiocGenerics’
Calls: <Anonymous> ... loadNamespace -> withRestarts -> withOneRestart -> doWithOneRestart
Execution halted
ERROR: lazy loading failed for package ‘UCSC.utils’
* removing ‘/mnt/library/UCSC.utils’
* restoring previous ‘/mnt/library/UCSC.utils’
ERROR: failed to lock directory ‘/mnt/library’ for modifying
Try removing ‘/mnt/library/00LOCK-IRanges’
* installing *source* package ‘rpx’ ...
** package ‘rpx’ successfully unpacked and MD5 sums checked
** using staged installation
** R
** inst
** byte-compile and prepare package for lazy loading
** help
*** installing help indices
** building package indices
** installing vignettes
** testing if installed package can be loaded from temporary location
** testing if installed package can be loaded from final location
** testing if installed package keeps a record of temporary installation path
* creating tarball
packaged installation of ‘rpx’ as ‘rpx_2.14.1_R_x86_64-pc-linux-gnu.tar.gz’
* DONE (rpx)
ERROR: dependencies ‘BiocGenerics’, ‘S4Vectors’, ‘IRanges’ are not available for package ‘XVector’
* removing ‘/mnt/library/XVector’
ERROR: dependencies ‘BiocGenerics’, ‘S4Vectors’, ‘IRanges’, ‘UCSC.utils’ are not available for package ‘GenomeInfoDb’
* removing ‘/mnt/library/GenomeInfoDb’
ERROR: dependencies ‘BiocGenerics’, ‘S4Vectors’, ‘IRanges’, ‘XVector’, ‘GenomeInfoDb’ are not available for package ‘Biostrings’
* removing ‘/mnt/library/Biostrings’

The downloaded source packages are in
	‘/tmp/RtmpXXpUKA/downloaded_packages’
Old packages: 'bslib', 'cli', 'curl', 'evaluate', 'httr2', 'jsonlite',
  'openssl', 'pillar', 'pkgbuild', 'processx', 'ps', 'purrr', 'R6', 'Rcpp',
  'rlang', 'sessioninfo', 'systemfonts', 'testthat', 'textshaping', 'tinytex',
  'xfun', 'zip', 'class', 'foreign', 'KernSmooth', 'MASS', 'Matrix', 'nlme',
  'nnet', 'rpart', 'spatial'
Warning messages:
1: In install.packages(...) :
  installation of package ‘UCSC.utils’ had non-zero exit status
2: In install.packages(...) :
  installation of package ‘IRanges’ had non-zero exit status
3: In install.packages(...) :
  installation of package ‘XVector’ had non-zero exit status
4: In install.packages(...) :
  installation of package ‘GenomeInfoDb’ had non-zero exit status
5: In install.packages(...) :
  installation of package ‘Biostrings’ had non-zero exit status

real	6m42.188s
user	0m11.204s
sys	0m5.386s
