'getOption("repos")' replaces Bioconductor standard repositories, see
'help("repositories", package = "BiocManager")' for details.
Replacement repositories:
    CRAN: https://p3m.dev/cran/__linux__/noble/latest
Bioconductor version 3.20 (BiocManager 1.30.25), R 4.4.2 (2024-10-31)
Installing package(s) 'MassSpecWavelet'
also installing the dependencies ‘multitaper’, ‘pillar’, ‘profmem’, ‘signal’, ‘waveslim’, ‘bench’

trying URL 'https://p3m.dev/cran/__linux__/noble/latest/src/contrib/multitaper_1.0-17.tar.gz'
Content type 'binary/octet-stream' length 285317 bytes (278 KB)
==================================================
downloaded 278 KB

trying URL 'https://p3m.dev/cran/__linux__/noble/latest/src/contrib/pillar_1.10.1.tar.gz'
Content type 'binary/octet-stream' length 658259 bytes (642 KB)
==================================================
downloaded 642 KB

trying URL 'https://p3m.dev/cran/__linux__/noble/latest/src/contrib/profmem_0.6.0.tar.gz'
Content type 'binary/octet-stream' length 52326 bytes (51 KB)
==================================================
downloaded 51 KB

trying URL 'https://p3m.dev/cran/__linux__/noble/latest/src/contrib/signal_1.8-1.tar.gz'
Content type 'binary/octet-stream' length 338139 bytes (330 KB)
==================================================
downloaded 330 KB

trying URL 'https://p3m.dev/cran/__linux__/noble/latest/src/contrib/waveslim_1.8.5.tar.gz'
Content type 'binary/octet-stream' length 776738 bytes (758 KB)
==================================================
downloaded 758 KB

trying URL 'https://p3m.dev/cran/__linux__/noble/latest/src/contrib/bench_1.1.4.tar.gz'
Content type 'binary/octet-stream' length 398208 bytes (388 KB)
==================================================
downloaded 388 KB

trying URL 'https://bioconductor.org/packages/3.20/bioc/src/contrib/MassSpecWavelet_1.72.1.tar.gz'
Content type 'application/x-gzip' length 2275825 bytes (2.2 MB)
==================================================
downloaded 2.2 MB

* installing *binary* package ‘multitaper’ ...
* ‘multitaper’ was already a binary package and will not be rebuilt
* creating tarball
packaged installation of ‘multitaper’ as ‘multitaper_1.0-17_R_x86_64-pc-linux-gnu.tar.gz’
* DONE (multitaper)
* installing *binary* package ‘pillar’ ...
* ‘pillar’ was already a binary package and will not be rebuilt
* creating tarball
packaged installation of ‘pillar’ as ‘pillar_1.10.1_R_x86_64-pc-linux-gnu.tar.gz’
* DONE (pillar)
* installing *binary* package ‘profmem’ ...
* ‘profmem’ was already a binary package and will not be rebuilt
* creating tarball
packaged installation of ‘profmem’ as ‘profmem_0.6.0_R_x86_64-pc-linux-gnu.tar.gz’
* DONE (profmem)
* installing *binary* package ‘signal’ ...
* ‘signal’ was already a binary package and will not be rebuilt
* creating tarball
packaged installation of ‘signal’ as ‘signal_1.8-1_R_x86_64-pc-linux-gnu.tar.gz’
* DONE (signal)
* installing *source* package ‘MassSpecWavelet’ ...
** package ‘MassSpecWavelet’ successfully unpacked and MD5 sums checked
** using staged installation
** libs
using C compiler: ‘gcc (Ubuntu 13.3.0-6ubuntu2~24.04) 13.3.0’
gcc -I"/usr/local/lib/R/include" -DNDEBUG   -I/usr/local/include    -fpic  -g -O2 -fstack-protector-strong -Wformat -Wformat-security -Wdate-time -D_FORTIFY_SOURCE=2 -g  -c find_local_maximum.c -o find_local_maximum.o
gcc -I"/usr/local/lib/R/include" -DNDEBUG   -I/usr/local/include    -fpic  -g -O2 -fstack-protector-strong -Wformat -Wformat-security -Wdate-time -D_FORTIFY_SOURCE=2 -g  -c init.c -o init.o
gcc -shared -L/usr/local/lib/R/lib -L/usr/local/lib -o MassSpecWavelet.so find_local_maximum.o init.o -L/usr/local/lib/R/lib -lR
installing to /mnt/library/00LOCK-MassSpecWavelet/00new/MassSpecWavelet/libs
** R
** data
** inst
** byte-compile and prepare package for lazy loading
** help
*** installing help indices
** building package indices
** installing vignettes
** testing if installed package can be loaded from temporary location
** checking absolute paths in shared objects and dynamic libraries
** testing if installed package can be loaded from final location
** testing if installed package keeps a record of temporary installation path
* creating tarball
packaged installation of ‘MassSpecWavelet’ as ‘MassSpecWavelet_1.72.1_R_x86_64-pc-linux-gnu.tar.gz’
* DONE (MassSpecWavelet)
* installing *binary* package ‘waveslim’ ...
* ‘waveslim’ was already a binary package and will not be rebuilt
* creating tarball
packaged installation of ‘waveslim’ as ‘waveslim_1.8.5_R_x86_64-pc-linux-gnu.tar.gz’
* DONE (waveslim)
* installing *binary* package ‘bench’ ...
* ‘bench’ was already a binary package and will not be rebuilt
* creating tarball
packaged installation of ‘bench’ as ‘bench_1.1.4_R_x86_64-pc-linux-gnu.tar.gz’
* DONE (bench)

The downloaded source packages are in
	‘/tmp/RtmpUgHnqv/downloaded_packages’
Old packages: 'bslib', 'cli', 'curl', 'evaluate', 'httr2', 'jsonlite',
  'openssl', 'pillar', 'pkgbuild', 'processx', 'ps', 'purrr', 'R6', 'Rcpp',
  'rlang', 'sessioninfo', 'systemfonts', 'testthat', 'textshaping', 'tinytex',
  'xfun', 'zip', 'class', 'foreign', 'KernSmooth', 'MASS', 'Matrix', 'nlme',
  'nnet', 'rpart', 'spatial'

real	3m22.819s
user	0m6.905s
sys	0m3.489s
