'getOption("repos")' replaces Bioconductor standard repositories, see
'help("repositories", package = "BiocManager")' for details.
Replacement repositories:
    CRAN: https://p3m.dev/cran/__linux__/noble/latest
Bioconductor version 3.20 (BiocManager 1.30.25), R 4.4.2 (2024-10-31)
Installing package(s) 'BRAIN'
also installing the dependency ‘PolynomF’

trying URL 'https://p3m.dev/cran/__linux__/noble/latest/src/contrib/PolynomF_2.0-8.tar.gz'
Content type 'binary/octet-stream' length 615118 bytes (600 KB)
==================================================
downloaded 600 KB

trying URL 'https://bioconductor.org/packages/3.20/bioc/src/contrib/BRAIN_1.52.0.tar.gz'
Content type 'application/x-gzip' length 2107340 bytes (2.0 MB)
==================================================
downloaded 2.0 MB

* installing *binary* package ‘PolynomF’ ...
* ‘PolynomF’ was already a binary package and will not be rebuilt
* creating tarball
packaged installation of ‘PolynomF’ as ‘PolynomF_2.0-8_R_x86_64-pc-linux-gnu.tar.gz’
* DONE (PolynomF)
* installing *source* package ‘BRAIN’ ...
** package ‘BRAIN’ successfully unpacked and MD5 sums checked
** using staged installation
** R
** inst
** byte-compile and prepare package for lazy loading
** help
*** installing help indices
** building package indices
** installing vignettes
** testing if installed package can be loaded from temporary location
** testing if installed package can be loaded from final location
** testing if installed package keeps a record of temporary installation path
* creating tarball
packaged installation of ‘BRAIN’ as ‘BRAIN_1.52.0_R_x86_64-pc-linux-gnu.tar.gz’
* DONE (BRAIN)

The downloaded source packages are in
	‘/tmp/RtmpDj4Fvl/downloaded_packages’
Old packages: 'bslib', 'cli', 'curl', 'evaluate', 'httr2', 'jsonlite',
  'openssl', 'pillar', 'pkgbuild', 'processx', 'ps', 'purrr', 'R6', 'Rcpp',
  'rlang', 'sessioninfo', 'systemfonts', 'testthat', 'textshaping', 'tinytex',
  'xfun', 'zip', 'class', 'foreign', 'KernSmooth', 'MASS', 'Matrix', 'nlme',
  'nnet', 'rpart', 'spatial'

real	0m40.679s
user	0m14.218s
sys	0m3.778s
