'getOption("repos")' replaces Bioconductor standard repositories, see
'help("repositories", package = "BiocManager")' for details.
Replacement repositories:
    CRAN: https://p3m.dev/cran/__linux__/noble/latest
Bioconductor version 3.20 (BiocManager 1.30.25), R 4.4.2 (2024-10-31)
Installing package(s) 'CNORode'
also installing the dependency ‘genalg’

trying URL 'https://p3m.dev/cran/__linux__/noble/latest/src/contrib/genalg_0.2.1.tar.gz'
Content type 'binary/octet-stream' length 39981 bytes (39 KB)
==================================================
downloaded 39 KB

trying URL 'https://bioconductor.org/packages/3.20/bioc/src/contrib/CNORode_1.48.0.tar.gz'
Content type 'application/x-gzip' length 504495 bytes (492 KB)
==================================================
downloaded 492 KB

* installing *binary* package ‘genalg’ ...
* ‘genalg’ was already a binary package and will not be rebuilt
* creating tarball
packaged installation of ‘genalg’ as ‘genalg_0.2.1_R_x86_64-pc-linux-gnu.tar.gz’
* DONE (genalg)
* installing *source* package ‘CNORode’ ...
** package ‘CNORode’ successfully unpacked and MD5 sums checked
** using staged installation
** libs
using C compiler: ‘gcc (Ubuntu 13.3.0-6ubuntu2~24.04) 13.3.0’
gcc -I"/usr/local/lib/R/include" -DNDEBUG   -I/usr/local/include   -I./include  -fpic  -g -O2 -fstack-protector-strong -Wformat -Wformat-security -Wdate-time -D_FORTIFY_SOURCE=2 -g  -c FG_transfer_function.c -o FG_transfer_function.o
gcc -I"/usr/local/lib/R/include" -DNDEBUG   -I/usr/local/include   -I./include  -fpic  -g -O2 -fstack-protector-strong -Wformat -Wformat-security -Wdate-time -D_FORTIFY_SOURCE=2 -g  -c cvodea.c -o cvodea.o
gcc -I"/usr/local/lib/R/include" -DNDEBUG   -I/usr/local/include   -I./include  -fpic  -g -O2 -fstack-protector-strong -Wformat -Wformat-security -Wdate-time -D_FORTIFY_SOURCE=2 -g  -c cvodea_io.c -o cvodea_io.o
gcc -I"/usr/local/lib/R/include" -DNDEBUG   -I/usr/local/include   -I./include  -fpic  -g -O2 -fstack-protector-strong -Wformat -Wformat-security -Wdate-time -D_FORTIFY_SOURCE=2 -g  -c cvodes.c -o cvodes.o
gcc -I"/usr/local/lib/R/include" -DNDEBUG   -I/usr/local/include   -I./include  -fpic  -g -O2 -fstack-protector-strong -Wformat -Wformat-security -Wdate-time -D_FORTIFY_SOURCE=2 -g  -c cvodes_band.c -o cvodes_band.o
gcc -I"/usr/local/lib/R/include" -DNDEBUG   -I/usr/local/include   -I./include  -fpic  -g -O2 -fstack-protector-strong -Wformat -Wformat-security -Wdate-time -D_FORTIFY_SOURCE=2 -g  -c cvodes_bandpre.c -o cvodes_bandpre.o
gcc -I"/usr/local/lib/R/include" -DNDEBUG   -I/usr/local/include   -I./include  -fpic  -g -O2 -fstack-protector-strong -Wformat -Wformat-security -Wdate-time -D_FORTIFY_SOURCE=2 -g  -c cvodes_bbdpre.c -o cvodes_bbdpre.o
gcc -I"/usr/local/lib/R/include" -DNDEBUG   -I/usr/local/include   -I./include  -fpic  -g -O2 -fstack-protector-strong -Wformat -Wformat-security -Wdate-time -D_FORTIFY_SOURCE=2 -g  -c cvodes_dense.c -o cvodes_dense.o
gcc -I"/usr/local/lib/R/include" -DNDEBUG   -I/usr/local/include   -I./include  -fpic  -g -O2 -fstack-protector-strong -Wformat -Wformat-security -Wdate-time -D_FORTIFY_SOURCE=2 -g  -c cvodes_diag.c -o cvodes_diag.o
gcc -I"/usr/local/lib/R/include" -DNDEBUG   -I/usr/local/include   -I./include  -fpic  -g -O2 -fstack-protector-strong -Wformat -Wformat-security -Wdate-time -D_FORTIFY_SOURCE=2 -g  -c cvodes_direct.c -o cvodes_direct.o
gcc -I"/usr/local/lib/R/include" -DNDEBUG   -I/usr/local/include   -I./include  -fpic  -g -O2 -fstack-protector-strong -Wformat -Wformat-security -Wdate-time -D_FORTIFY_SOURCE=2 -g  -c cvodes_io.c -o cvodes_io.o
gcc -I"/usr/local/lib/R/include" -DNDEBUG   -I/usr/local/include   -I./include  -fpic  -g -O2 -fstack-protector-strong -Wformat -Wformat-security -Wdate-time -D_FORTIFY_SOURCE=2 -g  -c cvodes_spbcgs.c -o cvodes_spbcgs.o
gcc -I"/usr/local/lib/R/include" -DNDEBUG   -I/usr/local/include   -I./include  -fpic  -g -O2 -fstack-protector-strong -Wformat -Wformat-security -Wdate-time -D_FORTIFY_SOURCE=2 -g  -c cvodes_spgmr.c -o cvodes_spgmr.o
gcc -I"/usr/local/lib/R/include" -DNDEBUG   -I/usr/local/include   -I./include  -fpic  -g -O2 -fstack-protector-strong -Wformat -Wformat-security -Wdate-time -D_FORTIFY_SOURCE=2 -g  -c cvodes_spils.c -o cvodes_spils.o
gcc -I"/usr/local/lib/R/include" -DNDEBUG   -I/usr/local/include   -I./include  -fpic  -g -O2 -fstack-protector-strong -Wformat -Wformat-security -Wdate-time -D_FORTIFY_SOURCE=2 -g  -c cvodes_sptfqmr.c -o cvodes_sptfqmr.o
gcc -I"/usr/local/lib/R/include" -DNDEBUG   -I/usr/local/include   -I./include  -fpic  -g -O2 -fstack-protector-strong -Wformat -Wformat-security -Wdate-time -D_FORTIFY_SOURCE=2 -g  -c decimal2binary.c -o decimal2binary.o
gcc -I"/usr/local/lib/R/include" -DNDEBUG   -I/usr/local/include   -I./include  -fpic  -g -O2 -fstack-protector-strong -Wformat -Wformat-security -Wdate-time -D_FORTIFY_SOURCE=2 -g  -c findStates.c -o findStates.o
gcc -I"/usr/local/lib/R/include" -DNDEBUG   -I/usr/local/include   -I./include  -fpic  -g -O2 -fstack-protector-strong -Wformat -Wformat-security -Wdate-time -D_FORTIFY_SOURCE=2 -g  -c fnvector_serial.c -o fnvector_serial.o
gcc -I"/usr/local/lib/R/include" -DNDEBUG   -I/usr/local/include   -I./include  -fpic  -g -O2 -fstack-protector-strong -Wformat -Wformat-security -Wdate-time -D_FORTIFY_SOURCE=2 -g  -c getAdjacencyMatrix.c -o getAdjacencyMatrix.o
gcc -I"/usr/local/lib/R/include" -DNDEBUG   -I/usr/local/include   -I./include  -fpic  -g -O2 -fstack-protector-strong -Wformat -Wformat-security -Wdate-time -D_FORTIFY_SOURCE=2 -g  -c getNumBits.c -o getNumBits.o
gcc -I"/usr/local/lib/R/include" -DNDEBUG   -I/usr/local/include   -I./include  -fpic  -g -O2 -fstack-protector-strong -Wformat -Wformat-security -Wdate-time -D_FORTIFY_SOURCE=2 -g  -c getNumInputs.c -o getNumInputs.o
gcc -I"/usr/local/lib/R/include" -DNDEBUG   -I/usr/local/include   -I./include  -fpic  -g -O2 -fstack-protector-strong -Wformat -Wformat-security -Wdate-time -D_FORTIFY_SOURCE=2 -g  -c getStateIndex.c -o getStateIndex.o
gcc -I"/usr/local/lib/R/include" -DNDEBUG   -I/usr/local/include   -I./include  -fpic  -g -O2 -fstack-protector-strong -Wformat -Wformat-security -Wdate-time -D_FORTIFY_SOURCE=2 -g  -c getTruthTables.c -o getTruthTables.o
gcc -I"/usr/local/lib/R/include" -DNDEBUG   -I/usr/local/include   -I./include  -fpic  -g -O2 -fstack-protector-strong -Wformat -Wformat-security -Wdate-time -D_FORTIFY_SOURCE=2 -g  -c get_count_bits.c -o get_count_bits.o
gcc -I"/usr/local/lib/R/include" -DNDEBUG   -I/usr/local/include   -I./include  -fpic  -g -O2 -fstack-protector-strong -Wformat -Wformat-security -Wdate-time -D_FORTIFY_SOURCE=2 -g  -c get_input_index.c -o get_input_index.o
gcc -I"/usr/local/lib/R/include" -DNDEBUG   -I/usr/local/include   -I./include  -fpic  -g -O2 -fstack-protector-strong -Wformat -Wformat-security -Wdate-time -D_FORTIFY_SOURCE=2 -g  -c get_support_truth_tables.c -o get_support_truth_tables.o
gcc -I"/usr/local/lib/R/include" -DNDEBUG   -I/usr/local/include   -I./include  -fpic  -g -O2 -fstack-protector-strong -Wformat -Wformat-security -Wdate-time -D_FORTIFY_SOURCE=2 -g  -c get_truth_tables_index.c -o get_truth_tables_index.o
gcc -I"/usr/local/lib/R/include" -DNDEBUG   -I/usr/local/include   -I./include  -fpic  -g -O2 -fstack-protector-strong -Wformat -Wformat-security -Wdate-time -D_FORTIFY_SOURCE=2 -g  -c hill_function.c -o hill_function.o
gcc -I"/usr/local/lib/R/include" -DNDEBUG   -I/usr/local/include   -I./include  -fpic  -g -O2 -fstack-protector-strong -Wformat -Wformat-security -Wdate-time -D_FORTIFY_SOURCE=2 -g  -c linear_transfer_function.c -o linear_transfer_function.o
gcc -I"/usr/local/lib/R/include" -DNDEBUG   -I/usr/local/include   -I./include  -fpic  -g -O2 -fstack-protector-strong -Wformat -Wformat-security -Wdate-time -D_FORTIFY_SOURCE=2 -g  -c normHill.c -o normHill.o
gcc -I"/usr/local/lib/R/include" -DNDEBUG   -I/usr/local/include   -I./include  -fpic  -g -O2 -fstack-protector-strong -Wformat -Wformat-security -Wdate-time -D_FORTIFY_SOURCE=2 -g  -c normHill_mod.c -o normHill_mod.o
gcc -I"/usr/local/lib/R/include" -DNDEBUG   -I/usr/local/include   -I./include  -fpic  -g -O2 -fstack-protector-strong -Wformat -Wformat-security -Wdate-time -D_FORTIFY_SOURCE=2 -g  -c nvector_serial.c -o nvector_serial.o
gcc -I"/usr/local/lib/R/include" -DNDEBUG   -I/usr/local/include   -I./include  -fpic  -g -O2 -fstack-protector-strong -Wformat -Wformat-security -Wdate-time -D_FORTIFY_SOURCE=2 -g  -c printAdjMat.c -o printAdjMat.o
gcc -I"/usr/local/lib/R/include" -DNDEBUG   -I/usr/local/include   -I./include  -fpic  -g -O2 -fstack-protector-strong -Wformat -Wformat-security -Wdate-time -D_FORTIFY_SOURCE=2 -g  -c printInterMat.c -o printInterMat.o
gcc -I"/usr/local/lib/R/include" -DNDEBUG   -I/usr/local/include   -I./include  -fpic  -g -O2 -fstack-protector-strong -Wformat -Wformat-security -Wdate-time -D_FORTIFY_SOURCE=2 -g  -c printNminiTerms.c -o printNminiTerms.o
gcc -I"/usr/local/lib/R/include" -DNDEBUG   -I/usr/local/include   -I./include  -fpic  -g -O2 -fstack-protector-strong -Wformat -Wformat-security -Wdate-time -D_FORTIFY_SOURCE=2 -g  -c printTruthTables.c -o printTruthTables.o
gcc -I"/usr/local/lib/R/include" -DNDEBUG   -I/usr/local/include   -I./include  -fpic  -g -O2 -fstack-protector-strong -Wformat -Wformat-security -Wdate-time -D_FORTIFY_SOURCE=2 -g  -c rhsODE.c -o rhsODE.o
gcc -I"/usr/local/lib/R/include" -DNDEBUG   -I/usr/local/include   -I./include  -fpic  -g -O2 -fstack-protector-strong -Wformat -Wformat-security -Wdate-time -D_FORTIFY_SOURCE=2 -g  -c sim_logic_ode.c -o sim_logic_ode.o
gcc -I"/usr/local/lib/R/include" -DNDEBUG   -I/usr/local/include   -I./include  -fpic  -g -O2 -fstack-protector-strong -Wformat -Wformat-security -Wdate-time -D_FORTIFY_SOURCE=2 -g  -c simulateODE.c -o simulateODE.o
gcc -I"/usr/local/lib/R/include" -DNDEBUG   -I/usr/local/include   -I./include  -fpic  -g -O2 -fstack-protector-strong -Wformat -Wformat-security -Wdate-time -D_FORTIFY_SOURCE=2 -g  -c sundials_band.c -o sundials_band.o
gcc -I"/usr/local/lib/R/include" -DNDEBUG   -I/usr/local/include   -I./include  -fpic  -g -O2 -fstack-protector-strong -Wformat -Wformat-security -Wdate-time -D_FORTIFY_SOURCE=2 -g  -c sundials_dense.c -o sundials_dense.o
gcc -I"/usr/local/lib/R/include" -DNDEBUG   -I/usr/local/include   -I./include  -fpic  -g -O2 -fstack-protector-strong -Wformat -Wformat-security -Wdate-time -D_FORTIFY_SOURCE=2 -g  -c sundials_direct.c -o sundials_direct.o
gcc -I"/usr/local/lib/R/include" -DNDEBUG   -I/usr/local/include   -I./include  -fpic  -g -O2 -fstack-protector-strong -Wformat -Wformat-security -Wdate-time -D_FORTIFY_SOURCE=2 -g  -c sundials_iterative.c -o sundials_iterative.o
gcc -I"/usr/local/lib/R/include" -DNDEBUG   -I/usr/local/include   -I./include  -fpic  -g -O2 -fstack-protector-strong -Wformat -Wformat-security -Wdate-time -D_FORTIFY_SOURCE=2 -g  -c sundials_math.c -o sundials_math.o
gcc -I"/usr/local/lib/R/include" -DNDEBUG   -I/usr/local/include   -I./include  -fpic  -g -O2 -fstack-protector-strong -Wformat -Wformat-security -Wdate-time -D_FORTIFY_SOURCE=2 -g  -c sundials_nvector.c -o sundials_nvector.o
gcc -I"/usr/local/lib/R/include" -DNDEBUG   -I/usr/local/include   -I./include  -fpic  -g -O2 -fstack-protector-strong -Wformat -Wformat-security -Wdate-time -D_FORTIFY_SOURCE=2 -g  -c sundials_spbcgs.c -o sundials_spbcgs.o
gcc -I"/usr/local/lib/R/include" -DNDEBUG   -I/usr/local/include   -I./include  -fpic  -g -O2 -fstack-protector-strong -Wformat -Wformat-security -Wdate-time -D_FORTIFY_SOURCE=2 -g  -c sundials_spgmr.c -o sundials_spgmr.o
gcc -I"/usr/local/lib/R/include" -DNDEBUG   -I/usr/local/include   -I./include  -fpic  -g -O2 -fstack-protector-strong -Wformat -Wformat-security -Wdate-time -D_FORTIFY_SOURCE=2 -g  -c sundials_sptfqmr.c -o sundials_sptfqmr.o
gcc -shared -L/usr/local/lib/R/lib -L/usr/local/lib -o CNORode.so FG_transfer_function.o cvodea.o cvodea_io.o cvodes.o cvodes_band.o cvodes_bandpre.o cvodes_bbdpre.o cvodes_dense.o cvodes_diag.o cvodes_direct.o cvodes_io.o cvodes_spbcgs.o cvodes_spgmr.o cvodes_spils.o cvodes_sptfqmr.o decimal2binary.o findStates.o fnvector_serial.o getAdjacencyMatrix.o getNumBits.o getNumInputs.o getStateIndex.o getTruthTables.o get_count_bits.o get_input_index.o get_support_truth_tables.o get_truth_tables_index.o hill_function.o linear_transfer_function.o normHill.o normHill_mod.o nvector_serial.o printAdjMat.o printInterMat.o printNminiTerms.o printTruthTables.o rhsODE.o sim_logic_ode.o simulateODE.o sundials_band.o sundials_dense.o sundials_direct.o sundials_iterative.o sundials_math.o sundials_nvector.o sundials_spbcgs.o sundials_spgmr.o sundials_sptfqmr.o -L/usr/local/lib/R/lib -lR
installing to /mnt/library/00LOCK-CNORode/00new/CNORode/libs
** R
** data
** inst
** byte-compile and prepare package for lazy loading
** help
*** installing help indices
** building package indices
** installing vignettes
** testing if installed package can be loaded from temporary location
** checking absolute paths in shared objects and dynamic libraries
** testing if installed package can be loaded from final location
** testing if installed package keeps a record of temporary installation path
* creating tarball
packaged installation of ‘CNORode’ as ‘CNORode_1.48.0_R_x86_64-pc-linux-gnu.tar.gz’
* DONE (CNORode)

The downloaded source packages are in
	‘/tmp/Rtmpu0cCbh/downloaded_packages’
Old packages: 'bslib', 'cli', 'curl', 'evaluate', 'httr2', 'jsonlite',
  'openssl', 'pillar', 'pkgbuild', 'processx', 'ps', 'purrr', 'R6', 'Rcpp',
  'rlang', 'sessioninfo', 'systemfonts', 'testthat', 'textshaping', 'tinytex',
  'xfun', 'zip', 'class', 'foreign', 'KernSmooth', 'MASS', 'Matrix', 'nlme',
  'nnet', 'rpart', 'spatial'

real	0m42.643s
user	0m16.860s
sys	0m5.583s
