'getOption("repos")' replaces Bioconductor standard repositories, see
'help("repositories", package = "BiocManager")' for details.
Replacement repositories:
    CRAN: https://p3m.dev/cran/__linux__/noble/latest
Bioconductor version 3.20 (BiocManager 1.30.25), R 4.4.2 (2024-10-31)
Installing package(s) 'BiocWorkflowTools'
also installing the dependency ‘git2r’

trying URL 'https://p3m.dev/cran/__linux__/noble/latest/src/contrib/git2r_0.35.0.tar.gz'
Content type 'binary/octet-stream' length 430250 bytes (420 KB)
==================================================
downloaded 420 KB

trying URL 'https://bioconductor.org/packages/3.20/bioc/src/contrib/BiocWorkflowTools_1.32.0.tar.gz'
Content type 'application/x-gzip' length 998955 bytes (975 KB)
==================================================
downloaded 975 KB

* installing *binary* package ‘git2r’ ...
* ‘git2r’ was already a binary package and will not be rebuilt
* creating tarball
packaged installation of ‘git2r’ as ‘git2r_0.35.0_R_x86_64-pc-linux-gnu.tar.gz’
* DONE (git2r)
* installing *source* package ‘BiocWorkflowTools’ ...
** package ‘BiocWorkflowTools’ successfully unpacked and MD5 sums checked
** using staged installation
** R
** inst
** byte-compile and prepare package for lazy loading
** help
*** installing help indices
** building package indices
** installing vignettes
** testing if installed package can be loaded from temporary location
** testing if installed package can be loaded from final location
** testing if installed package keeps a record of temporary installation path
* creating tarball
packaged installation of ‘BiocWorkflowTools’ as ‘BiocWorkflowTools_1.32.0_R_x86_64-pc-linux-gnu.tar.gz’
* DONE (BiocWorkflowTools)

The downloaded source packages are in
	‘/tmp/Rtmp1BIdNG/downloaded_packages’
Old packages: 'bslib', 'cli', 'curl', 'evaluate', 'httr2', 'jsonlite',
  'openssl', 'pillar', 'pkgbuild', 'processx', 'ps', 'purrr', 'R6', 'Rcpp',
  'rlang', 'sessioninfo', 'systemfonts', 'testthat', 'textshaping', 'tinytex',
  'xfun', 'zip', 'class', 'foreign', 'KernSmooth', 'MASS', 'Matrix', 'nlme',
  'nnet', 'rpart', 'spatial'

real	9m54.913s
user	0m7.587s
sys	0m3.984s
