'getOption("repos")' replaces Bioconductor standard repositories, see
'help("repositories", package = "BiocManager")' for details.
Replacement repositories:
    CRAN: https://p3m.dev/cran/__linux__/noble/latest
Bioconductor version 3.20 (BiocManager 1.30.25), R 4.4.2 (2024-10-31)
Installing package(s) 'regionalpcs'
also installing the dependency ‘minfiData’

trying URL 'https://bioconductor.org/packages/3.20/data/experiment/src/contrib/minfiData_0.52.0.tar.gz'
Content type 'application/x-gzip' length 78181896 bytes (74.6 MB)
==================================================
downloaded 74.6 MB

trying URL 'https://bioconductor.org/packages/3.20/bioc/src/contrib/regionalpcs_1.4.0.tar.gz'
Content type 'application/x-gzip' length 481908 bytes (470 KB)
==================================================
downloaded 470 KB

* installing *source* package ‘minfiData’ ...
** using staged installation
** data
*** moving datasets to lazyload DB
** inst
** help
*** installing help indices
** building package indices
** testing if installed package can be loaded from temporary location
** testing if installed package can be loaded from final location
** testing if installed package keeps a record of temporary installation path
* creating tarball
packaged installation of ‘minfiData’ as ‘minfiData_0.52.0_R_x86_64-pc-linux-gnu.tar.gz’
* DONE (minfiData)
* installing *source* package ‘regionalpcs’ ...
** package ‘regionalpcs’ successfully unpacked and MD5 sums checked
** using staged installation
** R
** inst
** byte-compile and prepare package for lazy loading
** help
*** installing help indices
*** copying figures
** building package indices
** installing vignettes
** testing if installed package can be loaded from temporary location
** testing if installed package can be loaded from final location
** testing if installed package keeps a record of temporary installation path
* creating tarball
packaged installation of ‘regionalpcs’ as ‘regionalpcs_1.4.0_R_x86_64-pc-linux-gnu.tar.gz’
* DONE (regionalpcs)

The downloaded source packages are in
	‘/tmp/Rtmp98iFWQ/downloaded_packages’
Old packages: 'bslib', 'cli', 'curl', 'evaluate', 'httr2', 'jsonlite',
  'openssl', 'pillar', 'pkgbuild', 'processx', 'ps', 'purrr', 'R6', 'Rcpp',
  'rlang', 'sessioninfo', 'systemfonts', 'testthat', 'textshaping', 'tinytex',
  'xfun', 'zip', 'class', 'foreign', 'KernSmooth', 'MASS', 'Matrix', 'nlme',
  'nnet', 'rpart', 'spatial'

real	2m50.407s
user	0m56.610s
sys	0m9.158s
