'getOption("repos")' replaces Bioconductor standard repositories, see
'help("repositories", package = "BiocManager")' for details.
Replacement repositories:
    CRAN: https://p3m.dev/cran/__linux__/noble/latest
Bioconductor version 3.20 (BiocManager 1.30.25), R 4.4.2 (2024-10-31)
Installing package(s) 'BG2'
also installing the dependencies ‘listenv’, ‘parallelly’, ‘future’, ‘globals’, ‘shape’, ‘future.apply’, ‘progressr’, ‘SQUAREM’, ‘colorspace’, ‘diagram’, ‘lava’, ‘munsell’, ‘tzdb’, ‘prodlim’, ‘timechange’, ‘scales’, ‘proxy’, ‘dplyr’, ‘clock’, ‘gower’, ‘hardhat’, ‘ipred’, ‘lubridate’, ‘sparsevctrs’, ‘tidyr’, ‘tidyselect’, ‘timeDate’, ‘foreach’, ‘iterators’, ‘RcppArmadillo’, ‘ggplot2’, ‘e1071’, ‘ModelMetrics’, ‘pROC’, ‘recipes’, ‘reshape2’, ‘GA’, ‘caret’, ‘rrBLUP’

trying URL 'https://p3m.dev/cran/__linux__/noble/latest/src/contrib/listenv_0.9.1.tar.gz'
Content type 'binary/octet-stream' length 106085 bytes (103 KB)
==================================================
downloaded 103 KB

trying URL 'https://p3m.dev/cran/__linux__/noble/latest/src/contrib/parallelly_1.42.0.tar.gz'
Content type 'binary/octet-stream' length 537560 bytes (524 KB)
==================================================
downloaded 524 KB

trying URL 'https://p3m.dev/cran/__linux__/noble/latest/src/contrib/future_1.34.0.tar.gz'
Content type 'binary/octet-stream' length 656746 bytes (641 KB)
==================================================
downloaded 641 KB

trying URL 'https://p3m.dev/cran/__linux__/noble/latest/src/contrib/globals_0.16.3.tar.gz'
Content type 'binary/octet-stream' length 108280 bytes (105 KB)
==================================================
downloaded 105 KB

trying URL 'https://p3m.dev/cran/__linux__/noble/latest/src/contrib/shape_1.4.6.1.tar.gz'
Content type 'binary/octet-stream' length 750076 bytes (732 KB)
==================================================
downloaded 732 KB

trying URL 'https://p3m.dev/cran/__linux__/noble/latest/src/contrib/future.apply_1.11.3.tar.gz'
Content type 'binary/octet-stream' length 156815 bytes (153 KB)
==================================================
downloaded 153 KB

trying URL 'https://p3m.dev/cran/__linux__/noble/latest/src/contrib/progressr_0.15.1.tar.gz'
Content type 'binary/octet-stream' length 395067 bytes (385 KB)
==================================================
downloaded 385 KB

trying URL 'https://p3m.dev/cran/__linux__/noble/latest/src/contrib/SQUAREM_2021.1.tar.gz'
Content type 'binary/octet-stream' length 177955 bytes (173 KB)
==================================================
downloaded 173 KB

trying URL 'https://p3m.dev/cran/__linux__/noble/latest/src/contrib/colorspace_2.1-1.tar.gz'
Content type 'binary/octet-stream' length 2626614 bytes (2.5 MB)
==================================================
downloaded 2.5 MB

trying URL 'https://p3m.dev/cran/__linux__/noble/latest/src/contrib/diagram_1.6.5.tar.gz'
Content type 'binary/octet-stream' length 682418 bytes (666 KB)
==================================================
downloaded 666 KB

trying URL 'https://p3m.dev/cran/__linux__/noble/latest/src/contrib/lava_1.8.1.tar.gz'
Content type 'binary/octet-stream' length 2501684 bytes (2.4 MB)
==================================================
downloaded 2.4 MB

trying URL 'https://p3m.dev/cran/__linux__/noble/latest/src/contrib/munsell_0.5.1.tar.gz'
Content type 'binary/octet-stream' length 243099 bytes (237 KB)
==================================================
downloaded 237 KB

trying URL 'https://p3m.dev/cran/__linux__/noble/latest/src/contrib/tzdb_0.4.0.tar.gz'
Content type 'binary/octet-stream' length 645296 bytes (630 KB)
==================================================
downloaded 630 KB

trying URL 'https://p3m.dev/cran/__linux__/noble/latest/src/contrib/prodlim_2024.06.25.tar.gz'
Content type 'binary/octet-stream' length 418237 bytes (408 KB)
==================================================
downloaded 408 KB

trying URL 'https://p3m.dev/cran/__linux__/noble/latest/src/contrib/timechange_0.3.0.tar.gz'
Content type 'binary/octet-stream' length 174752 bytes (170 KB)
==================================================
downloaded 170 KB

trying URL 'https://p3m.dev/cran/__linux__/noble/latest/src/contrib/scales_1.3.0.tar.gz'
Content type 'binary/octet-stream' length 710365 bytes (693 KB)
==================================================
downloaded 693 KB

trying URL 'https://p3m.dev/cran/__linux__/noble/latest/src/contrib/proxy_0.4-27.tar.gz'
Content type 'binary/octet-stream' length 175588 bytes (171 KB)
==================================================
downloaded 171 KB

trying URL 'https://p3m.dev/cran/__linux__/noble/latest/src/contrib/dplyr_1.1.4.tar.gz'
Content type 'binary/octet-stream' length 1491332 bytes (1.4 MB)
==================================================
downloaded 1.4 MB

trying URL 'https://p3m.dev/cran/__linux__/noble/latest/src/contrib/clock_0.7.2.tar.gz'
Content type 'binary/octet-stream' length 1930635 bytes (1.8 MB)
==================================================
downloaded 1.8 MB

trying URL 'https://p3m.dev/cran/__linux__/noble/latest/src/contrib/gower_1.0.2.tar.gz'
Content type 'binary/octet-stream' length 207926 bytes (203 KB)
==================================================
downloaded 203 KB

trying URL 'https://p3m.dev/cran/__linux__/noble/latest/src/contrib/hardhat_1.4.1.tar.gz'
Content type 'binary/octet-stream' length 860568 bytes (840 KB)
==================================================
downloaded 840 KB

trying URL 'https://p3m.dev/cran/__linux__/noble/latest/src/contrib/ipred_0.9-15.tar.gz'
Content type 'binary/octet-stream' length 384421 bytes (375 KB)
==================================================
downloaded 375 KB

trying URL 'https://p3m.dev/cran/__linux__/noble/latest/src/contrib/lubridate_1.9.4.tar.gz'
Content type 'binary/octet-stream' length 983330 bytes (960 KB)
==================================================
downloaded 960 KB

trying URL 'https://p3m.dev/cran/__linux__/noble/latest/src/contrib/sparsevctrs_0.2.0.tar.gz'
Content type 'binary/octet-stream' length 165673 bytes (161 KB)
==================================================
downloaded 161 KB

trying URL 'https://p3m.dev/cran/__linux__/noble/latest/src/contrib/tidyr_1.3.1.tar.gz'
Content type 'binary/octet-stream' length 1177303 bytes (1.1 MB)
==================================================
downloaded 1.1 MB

trying URL 'https://p3m.dev/cran/__linux__/noble/latest/src/contrib/tidyselect_1.2.1.tar.gz'
Content type 'binary/octet-stream' length 225331 bytes (220 KB)
==================================================
downloaded 220 KB

trying URL 'https://p3m.dev/cran/__linux__/noble/latest/src/contrib/timeDate_4041.110.tar.gz'
Content type 'binary/octet-stream' length 1393504 bytes (1.3 MB)
==================================================
downloaded 1.3 MB

trying URL 'https://p3m.dev/cran/__linux__/noble/latest/src/contrib/foreach_1.5.2.tar.gz'
Content type 'binary/octet-stream' length 139753 bytes (136 KB)
==================================================
downloaded 136 KB

trying URL 'https://p3m.dev/cran/__linux__/noble/latest/src/contrib/iterators_1.0.14.tar.gz'
Content type 'binary/octet-stream' length 346510 bytes (338 KB)
==================================================
downloaded 338 KB

trying URL 'https://p3m.dev/cran/__linux__/noble/latest/src/contrib/RcppArmadillo_14.2.3-1.tar.gz'
Content type 'binary/octet-stream' length 1066881 bytes (1.0 MB)
==================================================
downloaded 1.0 MB

trying URL 'https://p3m.dev/cran/__linux__/noble/latest/src/contrib/ggplot2_3.5.1.tar.gz'
Content type 'binary/octet-stream' length 5005317 bytes (4.8 MB)
==================================================
downloaded 4.8 MB

trying URL 'https://p3m.dev/cran/__linux__/noble/latest/src/contrib/e1071_1.7-16.tar.gz'
Content type 'binary/octet-stream' length 596729 bytes (582 KB)
==================================================
downloaded 582 KB

trying URL 'https://p3m.dev/cran/__linux__/noble/latest/src/contrib/ModelMetrics_1.2.2.2.tar.gz'
Content type 'binary/octet-stream' length 162881 bytes (159 KB)
==================================================
downloaded 159 KB

trying URL 'https://p3m.dev/cran/__linux__/noble/latest/src/contrib/pROC_1.18.5.tar.gz'
Content type 'binary/octet-stream' length 849460 bytes (829 KB)
==================================================
downloaded 829 KB

trying URL 'https://p3m.dev/cran/__linux__/noble/latest/src/contrib/recipes_1.1.1.tar.gz'
Content type 'binary/octet-stream' length 1674311 bytes (1.6 MB)
==================================================
downloaded 1.6 MB

trying URL 'https://p3m.dev/cran/__linux__/noble/latest/src/contrib/reshape2_1.4.4.tar.gz'
Content type 'binary/octet-stream' length 123102 bytes (120 KB)
==================================================
downloaded 120 KB

trying URL 'https://p3m.dev/cran/__linux__/noble/latest/src/contrib/GA_3.2.4.tar.gz'
Content type 'binary/octet-stream' length 3578968 bytes (3.4 MB)
==================================================
downloaded 3.4 MB

trying URL 'https://p3m.dev/cran/__linux__/noble/latest/src/contrib/caret_7.0-1.tar.gz'
Content type 'binary/octet-stream' length 3595322 bytes (3.4 MB)
==================================================
downloaded 3.4 MB

trying URL 'https://p3m.dev/cran/__linux__/noble/latest/src/contrib/rrBLUP_4.6.3.tar.gz'
Content type 'binary/octet-stream' length 88706 bytes (86 KB)
==================================================
downloaded 86 KB

trying URL 'https://bioconductor.org/packages/3.20/bioc/src/contrib/BG2_1.6.0.tar.gz'
Content type 'application/x-gzip' length 1186267 bytes (1.1 MB)
==================================================
downloaded 1.1 MB

* installing *binary* package ‘listenv’ ...
* ‘listenv’ was already a binary package and will not be rebuilt
* creating tarball
packaged installation of ‘listenv’ as ‘listenv_0.9.1_R_x86_64-pc-linux-gnu.tar.gz’
* DONE (listenv)
* installing *binary* package ‘parallelly’ ...
* ‘parallelly’ was already a binary package and will not be rebuilt
* creating tarball
packaged installation of ‘parallelly’ as ‘parallelly_1.42.0_R_x86_64-pc-linux-gnu.tar.gz’
* DONE (parallelly)
* installing *binary* package ‘globals’ ...
* ‘globals’ was already a binary package and will not be rebuilt
* creating tarball
packaged installation of ‘globals’ as ‘globals_0.16.3_R_x86_64-pc-linux-gnu.tar.gz’
* DONE (globals)
* installing *binary* package ‘shape’ ...
* ‘shape’ was already a binary package and will not be rebuilt
* creating tarball
packaged installation of ‘shape’ as ‘shape_1.4.6.1_R_x86_64-pc-linux-gnu.tar.gz’
* DONE (shape)
* installing *binary* package ‘progressr’ ...
* ‘progressr’ was already a binary package and will not be rebuilt
* creating tarball
packaged installation of ‘progressr’ as ‘progressr_0.15.1_R_x86_64-pc-linux-gnu.tar.gz’
* DONE (progressr)
* installing *binary* package ‘SQUAREM’ ...
* ‘SQUAREM’ was already a binary package and will not be rebuilt
* creating tarball
packaged installation of ‘SQUAREM’ as ‘SQUAREM_2021.1_R_x86_64-pc-linux-gnu.tar.gz’
* DONE (SQUAREM)
* installing *binary* package ‘colorspace’ ...
* ‘colorspace’ was already a binary package and will not be rebuilt
* creating tarball
packaged installation of ‘colorspace’ as ‘colorspace_2.1-1_R_x86_64-pc-linux-gnu.tar.gz’
* DONE (colorspace)
* installing *binary* package ‘tzdb’ ...
* ‘tzdb’ was already a binary package and will not be rebuilt
* creating tarball
packaged installation of ‘tzdb’ as ‘tzdb_0.4.0_R_x86_64-pc-linux-gnu.tar.gz’
* DONE (tzdb)
* installing *binary* package ‘timechange’ ...
* ‘timechange’ was already a binary package and will not be rebuilt
* creating tarball
packaged installation of ‘timechange’ as ‘timechange_0.3.0_R_x86_64-pc-linux-gnu.tar.gz’
* DONE (timechange)
* installing *binary* package ‘proxy’ ...
* ‘proxy’ was already a binary package and will not be rebuilt
* creating tarball
packaged installation of ‘proxy’ as ‘proxy_0.4-27_R_x86_64-pc-linux-gnu.tar.gz’
* DONE (proxy)
* installing *binary* package ‘gower’ ...
* ‘gower’ was already a binary package and will not be rebuilt
* creating tarball
packaged installation of ‘gower’ as ‘gower_1.0.2_R_x86_64-pc-linux-gnu.tar.gz’
* DONE (gower)
* installing *binary* package ‘sparsevctrs’ ...
* ‘sparsevctrs’ was already a binary package and will not be rebuilt
* creating tarball
packaged installation of ‘sparsevctrs’ as ‘sparsevctrs_0.2.0_R_x86_64-pc-linux-gnu.tar.gz’
* DONE (sparsevctrs)
* installing *binary* package ‘tidyselect’ ...
* ‘tidyselect’ was already a binary package and will not be rebuilt
* creating tarball
packaged installation of ‘tidyselect’ as ‘tidyselect_1.2.1_R_x86_64-pc-linux-gnu.tar.gz’
* DONE (tidyselect)
* installing *binary* package ‘timeDate’ ...
* ‘timeDate’ was already a binary package and will not be rebuilt
* creating tarball
packaged installation of ‘timeDate’ as ‘timeDate_4041.110_R_x86_64-pc-linux-gnu.tar.gz’
* DONE (timeDate)
* installing *binary* package ‘iterators’ ...
* ‘iterators’ was already a binary package and will not be rebuilt
* creating tarball
packaged installation of ‘iterators’ as ‘iterators_1.0.14_R_x86_64-pc-linux-gnu.tar.gz’
* DONE (iterators)
* installing *binary* package ‘RcppArmadillo’ ...
* ‘RcppArmadillo’ was already a binary package and will not be rebuilt
* creating tarball
packaged installation of ‘RcppArmadillo’ as ‘RcppArmadillo_14.2.3-1_R_x86_64-pc-linux-gnu.tar.gz’
* DONE (RcppArmadillo)
* installing *binary* package ‘ModelMetrics’ ...
* ‘ModelMetrics’ was already a binary package and will not be rebuilt
* creating tarball
packaged installation of ‘ModelMetrics’ as ‘ModelMetrics_1.2.2.2_R_x86_64-pc-linux-gnu.tar.gz’
* DONE (ModelMetrics)
* installing *binary* package ‘pROC’ ...
* ‘pROC’ was already a binary package and will not be rebuilt
* creating tarball
packaged installation of ‘pROC’ as ‘pROC_1.18.5_R_x86_64-pc-linux-gnu.tar.gz’
* DONE (pROC)
* installing *binary* package ‘reshape2’ ...
* ‘reshape2’ was already a binary package and will not be rebuilt
* creating tarball
packaged installation of ‘reshape2’ as ‘reshape2_1.4.4_R_x86_64-pc-linux-gnu.tar.gz’
* DONE (reshape2)
* installing *binary* package ‘rrBLUP’ ...
* ‘rrBLUP’ was already a binary package and will not be rebuilt
* creating tarball
packaged installation of ‘rrBLUP’ as ‘rrBLUP_4.6.3_R_x86_64-pc-linux-gnu.tar.gz’
* DONE (rrBLUP)
* installing *binary* package ‘future’ ...
* ‘future’ was already a binary package and will not be rebuilt
* creating tarball
packaged installation of ‘future’ as ‘future_1.34.0_R_x86_64-pc-linux-gnu.tar.gz’
* DONE (future)
* installing *binary* package ‘diagram’ ...
* ‘diagram’ was already a binary package and will not be rebuilt
* creating tarball
packaged installation of ‘diagram’ as ‘diagram_1.6.5_R_x86_64-pc-linux-gnu.tar.gz’
* DONE (diagram)
* installing *binary* package ‘munsell’ ...
* ‘munsell’ was already a binary package and will not be rebuilt
* creating tarball
packaged installation of ‘munsell’ as ‘munsell_0.5.1_R_x86_64-pc-linux-gnu.tar.gz’
* DONE (munsell)
* installing *binary* package ‘dplyr’ ...
* ‘dplyr’ was already a binary package and will not be rebuilt
* creating tarball
packaged installation of ‘dplyr’ as ‘dplyr_1.1.4_R_x86_64-pc-linux-gnu.tar.gz’
* DONE (dplyr)
* installing *binary* package ‘clock’ ...
* ‘clock’ was already a binary package and will not be rebuilt
* creating tarball
packaged installation of ‘clock’ as ‘clock_0.7.2_R_x86_64-pc-linux-gnu.tar.gz’
* DONE (clock)
* installing *binary* package ‘hardhat’ ...
* ‘hardhat’ was already a binary package and will not be rebuilt
* creating tarball
packaged installation of ‘hardhat’ as ‘hardhat_1.4.1_R_x86_64-pc-linux-gnu.tar.gz’
* DONE (hardhat)
* installing *binary* package ‘lubridate’ ...
* ‘lubridate’ was already a binary package and will not be rebuilt
* creating tarball
packaged installation of ‘lubridate’ as ‘lubridate_1.9.4_R_x86_64-pc-linux-gnu.tar.gz’
* DONE (lubridate)
* installing *binary* package ‘foreach’ ...
* ‘foreach’ was already a binary package and will not be rebuilt
* creating tarball
packaged installation of ‘foreach’ as ‘foreach_1.5.2_R_x86_64-pc-linux-gnu.tar.gz’
* DONE (foreach)
* installing *binary* package ‘e1071’ ...
* ‘e1071’ was already a binary package and will not be rebuilt
* creating tarball
packaged installation of ‘e1071’ as ‘e1071_1.7-16_R_x86_64-pc-linux-gnu.tar.gz’
* DONE (e1071)
* installing *binary* package ‘future.apply’ ...
* ‘future.apply’ was already a binary package and will not be rebuilt
* creating tarball
packaged installation of ‘future.apply’ as ‘future.apply_1.11.3_R_x86_64-pc-linux-gnu.tar.gz’
* DONE (future.apply)
* installing *binary* package ‘scales’ ...
* ‘scales’ was already a binary package and will not be rebuilt
* creating tarball
packaged installation of ‘scales’ as ‘scales_1.3.0_R_x86_64-pc-linux-gnu.tar.gz’
* DONE (scales)
* installing *binary* package ‘tidyr’ ...
* ‘tidyr’ was already a binary package and will not be rebuilt
* creating tarball
packaged installation of ‘tidyr’ as ‘tidyr_1.3.1_R_x86_64-pc-linux-gnu.tar.gz’
* DONE (tidyr)
* installing *binary* package ‘GA’ ...
* ‘GA’ was already a binary package and will not be rebuilt
* creating tarball
packaged installation of ‘GA’ as ‘GA_3.2.4_R_x86_64-pc-linux-gnu.tar.gz’
* DONE (GA)
* installing *binary* package ‘lava’ ...
* ‘lava’ was already a binary package and will not be rebuilt
* creating tarball
packaged installation of ‘lava’ as ‘lava_1.8.1_R_x86_64-pc-linux-gnu.tar.gz’
* DONE (lava)
* installing *binary* package ‘ggplot2’ ...
* ‘ggplot2’ was already a binary package and will not be rebuilt
* creating tarball
packaged installation of ‘ggplot2’ as ‘ggplot2_3.5.1_R_x86_64-pc-linux-gnu.tar.gz’
* DONE (ggplot2)
* installing *binary* package ‘prodlim’ ...
* ‘prodlim’ was already a binary package and will not be rebuilt
* creating tarball
packaged installation of ‘prodlim’ as ‘prodlim_2024.06.25_R_x86_64-pc-linux-gnu.tar.gz’
* DONE (prodlim)
* installing *binary* package ‘ipred’ ...
* ‘ipred’ was already a binary package and will not be rebuilt
* creating tarball
packaged installation of ‘ipred’ as ‘ipred_0.9-15_R_x86_64-pc-linux-gnu.tar.gz’
* DONE (ipred)
* installing *binary* package ‘recipes’ ...
* ‘recipes’ was already a binary package and will not be rebuilt
* creating tarball
packaged installation of ‘recipes’ as ‘recipes_1.1.1_R_x86_64-pc-linux-gnu.tar.gz’
* DONE (recipes)
* installing *binary* package ‘caret’ ...
* ‘caret’ was already a binary package and will not be rebuilt
* creating tarball
packaged installation of ‘caret’ as ‘caret_7.0-1_R_x86_64-pc-linux-gnu.tar.gz’
* DONE (caret)
* installing *source* package ‘BG2’ ...
** package ‘BG2’ successfully unpacked and MD5 sums checked
** using staged installation
** R
** data
** inst
** byte-compile and prepare package for lazy loading
** help
*** installing help indices
** building package indices
** installing vignettes
** testing if installed package can be loaded from temporary location
** testing if installed package can be loaded from final location
** testing if installed package keeps a record of temporary installation path
* creating tarball
packaged installation of ‘BG2’ as ‘BG2_1.6.0_R_x86_64-pc-linux-gnu.tar.gz’
* DONE (BG2)

The downloaded source packages are in
	‘/tmp/RtmpmUWued/downloaded_packages’
Old packages: 'bslib', 'cli', 'curl', 'evaluate', 'httr2', 'jsonlite',
  'openssl', 'pillar', 'pkgbuild', 'processx', 'ps', 'purrr', 'R6', 'Rcpp',
  'rlang', 'sessioninfo', 'systemfonts', 'testthat', 'textshaping', 'tinytex',
  'xfun', 'zip', 'class', 'foreign', 'KernSmooth', 'MASS', 'Matrix', 'nlme',
  'nnet', 'rpart', 'spatial'

real	1m12.366s
user	0m21.445s
sys	0m11.841s
