'getOption("repos")' replaces Bioconductor standard repositories, see
'help("repositories", package = "BiocManager")' for details.
Replacement repositories:
    CRAN: https://p3m.dev/cran/__linux__/noble/latest
Bioconductor version 3.20 (BiocManager 1.30.25), R 4.4.2 (2024-10-31)
Installing package(s) 'affycoretools'
also installing the dependency ‘hgfocuscdf’

trying URL 'https://bioconductor.org/packages/3.20/data/annotation/src/contrib/hgfocuscdf_2.18.0.tar.gz'
Content type 'application/x-gzip' length 656785 bytes (641 KB)
==================================================
downloaded 641 KB

trying URL 'https://bioconductor.org/packages/3.20/bioc/src/contrib/affycoretools_1.78.0.tar.gz'
Content type 'application/x-gzip' length 6927899 bytes (6.6 MB)
==================================================
downloaded 6.6 MB

* installing *source* package ‘hgfocuscdf’ ...
** using staged installation
** R
** data
** byte-compile and prepare package for lazy loading
Warning: replacing previous import ‘AnnotationDbi::tail’ by ‘utils::tail’ when loading ‘hgfocuscdf’
Warning: replacing previous import ‘AnnotationDbi::head’ by ‘utils::head’ when loading ‘hgfocuscdf’
** help
*** installing help indices
** building package indices
** testing if installed package can be loaded from temporary location
Warning: replacing previous import ‘AnnotationDbi::tail’ by ‘utils::tail’ when loading ‘hgfocuscdf’
Warning: replacing previous import ‘AnnotationDbi::head’ by ‘utils::head’ when loading ‘hgfocuscdf’
** testing if installed package can be loaded from final location
Warning: replacing previous import ‘AnnotationDbi::tail’ by ‘utils::tail’ when loading ‘hgfocuscdf’
Warning: replacing previous import ‘AnnotationDbi::head’ by ‘utils::head’ when loading ‘hgfocuscdf’
** testing if installed package keeps a record of temporary installation path
* creating tarball
packaged installation of ‘hgfocuscdf’ as ‘hgfocuscdf_2.18.0_R_x86_64-pc-linux-gnu.tar.gz’
* DONE (hgfocuscdf)
* installing *source* package ‘affycoretools’ ...
** package ‘affycoretools’ successfully unpacked and MD5 sums checked
** using staged installation
** R
** inst
** byte-compile and prepare package for lazy loading
** help
*** installing help indices
** building package indices
** installing vignettes
** testing if installed package can be loaded from temporary location
** testing if installed package can be loaded from final location
** testing if installed package keeps a record of temporary installation path
* creating tarball
packaged installation of ‘affycoretools’ as ‘affycoretools_1.78.0_R_x86_64-pc-linux-gnu.tar.gz’
* DONE (affycoretools)

The downloaded source packages are in
	‘/tmp/Rtmp9cskZ0/downloaded_packages’
Old packages: 'bslib', 'cli', 'curl', 'evaluate', 'httr2', 'jsonlite',
  'openssl', 'pillar', 'pkgbuild', 'processx', 'ps', 'purrr', 'R6', 'Rcpp',
  'rlang', 'sessioninfo', 'systemfonts', 'testthat', 'textshaping', 'tinytex',
  'xfun', 'zip', 'class', 'foreign', 'KernSmooth', 'MASS', 'Matrix', 'nlme',
  'nnet', 'rpart', 'spatial'

real	2m25.377s
user	1m9.606s
sys	0m11.406s
