'getOption("repos")' replaces Bioconductor standard repositories, see
'help("repositories", package = "BiocManager")' for details.
Replacement repositories:
    CRAN: https://p3m.dev/cran/__linux__/noble/latest
Bioconductor version 3.20 (BiocManager 1.30.25), R 4.4.2 (2024-10-31)
Installing package(s) 'ChIPseqR'
also installing the dependency ‘timsac’

trying URL 'https://p3m.dev/cran/__linux__/noble/latest/src/contrib/timsac_1.3.8-4.tar.gz'
Content type 'binary/octet-stream' length 650157 bytes (634 KB)
==================================================
downloaded 634 KB

trying URL 'https://bioconductor.org/packages/3.20/bioc/src/contrib/ChIPseqR_1.60.0.tar.gz'
Content type 'application/x-gzip' length 748417 bytes (730 KB)
==================================================
downloaded 730 KB

* installing *binary* package ‘timsac’ ...
* ‘timsac’ was already a binary package and will not be rebuilt
* creating tarball
packaged installation of ‘timsac’ as ‘timsac_1.3.8-4_R_x86_64-pc-linux-gnu.tar.gz’
* DONE (timsac)
* installing *source* package ‘ChIPseqR’ ...
** package ‘ChIPseqR’ successfully unpacked and MD5 sums checked
** using staged installation
** libs
using C compiler: ‘gcc (Ubuntu 13.3.0-6ubuntu2~24.04) 13.3.0’
gcc -I"/usr/local/lib/R/include" -DNDEBUG   -I/usr/local/include    -fpic  -g -O2 -fstack-protector-strong -Wformat -Wformat-security -Wdate-time -D_FORTIFY_SOURCE=2 -g  -c startScore.c -o startScore.o
gcc -shared -L/usr/local/lib/R/lib -L/usr/local/lib -o ChIPseqR.so startScore.o -L/usr/local/lib/R/lib -lR
installing to /mnt/library/00LOCK-ChIPseqR/00new/ChIPseqR/libs
** R
** inst
** byte-compile and prepare package for lazy loading
** help
*** installing help indices
** building package indices
** installing vignettes
** testing if installed package can be loaded from temporary location
** checking absolute paths in shared objects and dynamic libraries
** testing if installed package can be loaded from final location
** testing if installed package keeps a record of temporary installation path
* creating tarball
packaged installation of ‘ChIPseqR’ as ‘ChIPseqR_1.60.0_R_x86_64-pc-linux-gnu.tar.gz’
* DONE (ChIPseqR)

The downloaded source packages are in
	‘/tmp/RtmpyQ745c/downloaded_packages’
Old packages: 'bslib', 'cli', 'curl', 'evaluate', 'httr2', 'jsonlite',
  'openssl', 'pillar', 'pkgbuild', 'processx', 'ps', 'purrr', 'R6', 'Rcpp',
  'rlang', 'sessioninfo', 'systemfonts', 'testthat', 'textshaping', 'tinytex',
  'xfun', 'zip', 'class', 'foreign', 'KernSmooth', 'MASS', 'Matrix', 'nlme',
  'nnet', 'rpart', 'spatial'

real	2m5.470s
user	0m36.430s
sys	0m6.570s
