'getOption("repos")' replaces Bioconductor standard repositories, see
'help("repositories", package = "BiocManager")' for details.
Replacement repositories:
    CRAN: https://p3m.dev/cran/__linux__/noble/latest
Bioconductor version 3.20 (BiocManager 1.30.25), R 4.4.2 (2024-10-31)
Installing package(s) 'biscuiteer'
also installing the dependency ‘biscuiteerData’

trying URL 'https://bioconductor.org/packages/3.20/data/experiment/src/contrib/biscuiteerData_1.20.0.tar.gz'
Content type 'application/x-gzip' length 192727 bytes (188 KB)
==================================================
downloaded 188 KB

trying URL 'https://bioconductor.org/packages/3.20/bioc/src/contrib/biscuiteer_1.20.0.tar.gz'
Content type 'application/x-gzip' length 4997072 bytes (4.8 MB)
==================================================
downloaded 4.8 MB

* installing *source* package ‘biscuiteerData’ ...
** using staged installation
** R
** inst
** byte-compile and prepare package for lazy loading
** help
*** installing help indices
** building package indices
** installing vignettes
** testing if installed package can be loaded from temporary location
** testing if installed package can be loaded from final location
** testing if installed package keeps a record of temporary installation path
* creating tarball
packaged installation of ‘biscuiteerData’ as ‘biscuiteerData_1.20.0_R_x86_64-pc-linux-gnu.tar.gz’
* DONE (biscuiteerData)
* installing *source* package ‘biscuiteer’ ...
** package ‘biscuiteer’ successfully unpacked and MD5 sums checked
** using staged installation
** R
** data
** inst
** byte-compile and prepare package for lazy loading
Warning: replacing previous import ‘BiocParallel::bpstart’ by ‘QDNAseq::bpstart’ when loading ‘biscuiteer’
** help
*** installing help indices
** building package indices
** installing vignettes
** testing if installed package can be loaded from temporary location
Warning: replacing previous import ‘BiocParallel::bpstart’ by ‘QDNAseq::bpstart’ when loading ‘biscuiteer’
** testing if installed package can be loaded from final location
Warning: replacing previous import ‘BiocParallel::bpstart’ by ‘QDNAseq::bpstart’ when loading ‘biscuiteer’
** testing if installed package keeps a record of temporary installation path
* creating tarball
packaged installation of ‘biscuiteer’ as ‘biscuiteer_1.20.0_R_x86_64-pc-linux-gnu.tar.gz’
* DONE (biscuiteer)

The downloaded source packages are in
	‘/tmp/RtmpDUpP5J/downloaded_packages’
Old packages: 'bslib', 'cli', 'curl', 'evaluate', 'httr2', 'jsonlite',
  'openssl', 'pillar', 'pkgbuild', 'processx', 'ps', 'purrr', 'R6', 'Rcpp',
  'rlang', 'sessioninfo', 'systemfonts', 'testthat', 'textshaping', 'tinytex',
  'xfun', 'zip', 'class', 'foreign', 'KernSmooth', 'MASS', 'Matrix', 'nlme',
  'nnet', 'rpart', 'spatial'

real	2m43.599s
user	1m24.076s
sys	0m12.207s
