'getOption("repos")' replaces Bioconductor standard repositories, see
'help("repositories", package = "BiocManager")' for details.
Replacement repositories:
    CRAN: https://p3m.dev/cran/__linux__/noble/latest
Bioconductor version 3.20 (BiocManager 1.30.25), R 4.4.2 (2024-10-31)
Installing package(s) 'gage'
also installing the dependencies ‘gageData’, ‘DESeq2’

trying URL 'https://bioconductor.org/packages/3.20/data/experiment/src/contrib/gageData_2.44.0.tar.gz'
Content type 'application/x-gzip' length 11099307 bytes (10.6 MB)
==================================================
downloaded 10.6 MB

trying URL 'https://bioconductor.org/packages/3.20/bioc/src/contrib/DESeq2_1.46.0.tar.gz'
Content type 'application/x-gzip' length 2516875 bytes (2.4 MB)
==================================================
downloaded 2.4 MB

trying URL 'https://bioconductor.org/packages/3.20/bioc/src/contrib/gage_2.56.0.tar.gz'
Content type 'application/x-gzip' length 4542996 bytes (4.3 MB)
==================================================
downloaded 4.3 MB

* installing *source* package ‘gageData’ ...
** using staged installation
** data
** help
*** installing help indices
** building package indices
** testing if installed package can be loaded from temporary location
** testing if installed package can be loaded from final location
** testing if installed package keeps a record of temporary installation path
* creating tarball
packaged installation of ‘gageData’ as ‘gageData_2.44.0_R_x86_64-pc-linux-gnu.tar.gz’
* DONE (gageData)
ERROR: failed to lock directory ‘/mnt/library’ for modifying
Try removing ‘/mnt/library/00LOCK-DESeq2’
* installing *source* package ‘gage’ ...
** package ‘gage’ successfully unpacked and MD5 sums checked
** using staged installation
** R
** data
** inst
** byte-compile and prepare package for lazy loading
** help
*** installing help indices
** building package indices
** installing vignettes
** testing if installed package can be loaded from temporary location
** testing if installed package can be loaded from final location
** testing if installed package keeps a record of temporary installation path
* creating tarball
packaged installation of ‘gage’ as ‘gage_2.56.0_R_x86_64-pc-linux-gnu.tar.gz’
* DONE (gage)

The downloaded source packages are in
	‘/tmp/Rtmpw51XEU/downloaded_packages’
Old packages: 'bslib', 'cli', 'curl', 'evaluate', 'httr2', 'jsonlite',
  'openssl', 'pillar', 'pkgbuild', 'processx', 'ps', 'purrr', 'R6', 'Rcpp',
  'rlang', 'sessioninfo', 'systemfonts', 'testthat', 'textshaping', 'tinytex',
  'xfun', 'zip', 'class', 'foreign', 'KernSmooth', 'MASS', 'Matrix', 'nlme',
  'nnet', 'rpart', 'spatial'
Error in gzfile(file, "rb") : cannot open the connection
In addition: Warning messages:
1: In install.packages(...) :
  installation of package ‘DESeq2’ had non-zero exit status
2: In gzfile(file, "rb") :
  cannot open compressed file '/mnt/library/apeglm/Meta/package.rds', probable reason 'No such file or directory'

real	51m50.133s
user	0m23.558s
sys	0m7.165s
