'getOption("repos")' replaces Bioconductor standard repositories, see
'help("repositories", package = "BiocManager")' for details.
Replacement repositories:
    CRAN: https://p3m.dev/cran/__linux__/noble/latest
Bioconductor version 3.20 (BiocManager 1.30.25), R 4.4.2 (2024-10-31)
Installing package(s) 'OSAT'
also installing the dependency ‘Biobase’

trying URL 'https://bioconductor.org/packages/3.20/bioc/src/contrib/Biobase_2.66.0.tar.gz'
Content type 'application/x-gzip' length 1978998 bytes (1.9 MB)
==================================================
downloaded 1.9 MB

trying URL 'https://bioconductor.org/packages/3.20/bioc/src/contrib/OSAT_1.54.0.tar.gz'
Content type 'application/x-gzip' length 984809 bytes (961 KB)
==================================================
downloaded 961 KB

ERROR: failed to lock directory ‘/mnt/library’ for modifying
Try removing ‘/mnt/library/00LOCK-Biobase’
* installing *source* package ‘OSAT’ ...
** package ‘OSAT’ successfully unpacked and MD5 sums checked
** using staged installation
** R
** data
** inst
** byte-compile and prepare package for lazy loading
** help
*** installing help indices
** building package indices
** installing vignettes
** testing if installed package can be loaded from temporary location
** testing if installed package can be loaded from final location
** testing if installed package keeps a record of temporary installation path
* creating tarball
packaged installation of ‘OSAT’ as ‘OSAT_1.54.0_R_x86_64-pc-linux-gnu.tar.gz’
* DONE (OSAT)

The downloaded source packages are in
	‘/tmp/RtmpehEqGp/downloaded_packages’
Old packages: 'bslib', 'cli', 'curl', 'evaluate', 'httr2', 'jsonlite',
  'openssl', 'pillar', 'pkgbuild', 'processx', 'ps', 'purrr', 'R6', 'Rcpp',
  'rlang', 'sessioninfo', 'systemfonts', 'testthat', 'textshaping', 'tinytex',
  'xfun', 'zip', 'class', 'foreign', 'KernSmooth', 'MASS', 'Matrix', 'nlme',
  'nnet', 'rpart', 'spatial'
Warning message:
In install.packages(...) :
  installation of package ‘Biobase’ had non-zero exit status

real	3m11.189s
user	0m5.903s
sys	0m2.442s
