'getOption("repos")' replaces Bioconductor standard repositories, see
'help("repositories", package = "BiocManager")' for details.
Replacement repositories:
    CRAN: https://p3m.dev/cran/__linux__/noble/latest
Bioconductor version 3.20 (BiocManager 1.30.25), R 4.4.2 (2024-10-31)
Installing package(s) 'yamss'
also installing the dependency ‘mtbls2’

trying URL 'https://bioconductor.org/packages/3.20/data/experiment/src/contrib/mtbls2_1.36.0.tar.gz'
Content type 'application/x-gzip' length 192024022 bytes (183.1 MB)
==================================================
downloaded 183.1 MB

trying URL 'https://bioconductor.org/packages/3.20/bioc/src/contrib/yamss_1.32.0.tar.gz'
Content type 'application/x-gzip' length 435342 bytes (425 KB)
==================================================
downloaded 425 KB

* installing *source* package ‘mtbls2’ ...
** using staged installation
** R
** data
** inst
** byte-compile and prepare package for lazy loading
Warning: namespace ‘xcms’ is not available and has been replaced
by .GlobalEnv when processing object ‘mtbls2Set’
** help
*** installing help indices
** building package indices
** installing vignettes
** testing if installed package can be loaded from temporary location
** testing if installed package can be loaded from final location
** testing if installed package keeps a record of temporary installation path
* creating tarball
packaged installation of ‘mtbls2’ as ‘mtbls2_1.36.0_R_x86_64-pc-linux-gnu.tar.gz’
* DONE (mtbls2)
* installing *source* package ‘yamss’ ...
** package ‘yamss’ successfully unpacked and MD5 sums checked
** using staged installation
** R
** data
** inst
** byte-compile and prepare package for lazy loading
** help
*** installing help indices
** building package indices
** installing vignettes
** testing if installed package can be loaded from temporary location
** testing if installed package can be loaded from final location
** testing if installed package keeps a record of temporary installation path
* creating tarball
packaged installation of ‘yamss’ as ‘yamss_1.32.0_R_x86_64-pc-linux-gnu.tar.gz’
* DONE (yamss)

The downloaded source packages are in
	‘/tmp/RtmpOI7mH0/downloaded_packages’
Old packages: 'bslib', 'cli', 'curl', 'evaluate', 'httr2', 'jsonlite',
  'openssl', 'pillar', 'pkgbuild', 'processx', 'ps', 'purrr', 'R6', 'Rcpp',
  'rlang', 'sessioninfo', 'systemfonts', 'testthat', 'textshaping', 'tinytex',
  'xfun', 'zip', 'class', 'foreign', 'KernSmooth', 'MASS', 'Matrix', 'nlme',
  'nnet', 'rpart', 'spatial'

real	48m56.396s
user	1m49.093s
sys	0m12.190s
