'getOption("repos")' replaces Bioconductor standard repositories, see
'help("repositories", package = "BiocManager")' for details.
Replacement repositories:
    CRAN: https://p3m.dev/cran/__linux__/noble/latest
Bioconductor version 3.20 (BiocManager 1.30.25), R 4.4.2 (2024-10-31)
Installing package(s) 'MSPrep'
also installing the dependency ‘crmn’

trying URL 'https://p3m.dev/cran/__linux__/noble/latest/src/contrib/crmn_0.0.21.tar.gz'
Content type 'application/x-tar' length 235235 bytes (229 KB)
==================================================
downloaded 229 KB

trying URL 'https://bioconductor.org/packages/3.20/bioc/src/contrib/MSPrep_1.16.0.tar.gz'
Content type 'application/x-gzip' length 1651383 bytes (1.6 MB)
==================================================
downloaded 1.6 MB

* installing *source* package ‘crmn’ ...
** package ‘crmn’ successfully unpacked and MD5 sums checked
** using staged installation
** R
** data
** inst
** byte-compile and prepare package for lazy loading
** help
*** installing help indices
** building package indices
** installing vignettes
** testing if installed package can be loaded from temporary location
** testing if installed package can be loaded from final location
** testing if installed package keeps a record of temporary installation path
* creating tarball
packaged installation of ‘crmn’ as ‘crmn_0.0.21_R_x86_64-pc-linux-gnu.tar.gz’
* DONE (crmn)
* installing *source* package ‘MSPrep’ ...
** package ‘MSPrep’ successfully unpacked and MD5 sums checked
** using staged installation
** R
** data
** inst
** byte-compile and prepare package for lazy loading
** help
*** installing help indices
** building package indices
** installing vignettes
** testing if installed package can be loaded from temporary location
** testing if installed package can be loaded from final location
** testing if installed package keeps a record of temporary installation path
* creating tarball
packaged installation of ‘MSPrep’ as ‘MSPrep_1.16.0_R_x86_64-pc-linux-gnu.tar.gz’
* DONE (MSPrep)

The downloaded source packages are in
	‘/tmp/RtmpcieOZp/downloaded_packages’
Old packages: 'bslib', 'cli', 'curl', 'evaluate', 'httr2', 'jsonlite',
  'openssl', 'pillar', 'pkgbuild', 'processx', 'ps', 'purrr', 'R6', 'Rcpp',
  'rlang', 'sessioninfo', 'systemfonts', 'testthat', 'textshaping', 'tinytex',
  'xfun', 'zip', 'class', 'foreign', 'KernSmooth', 'MASS', 'Matrix', 'nlme',
  'nnet', 'rpart', 'spatial'

real	1m56.560s
user	0m37.062s
sys	0m7.580s
