'getOption("repos")' replaces Bioconductor standard repositories, see
'help("repositories", package = "BiocManager")' for details.
Replacement repositories:
    CRAN: https://p3m.dev/cran/__linux__/noble/latest
Bioconductor version 3.20 (BiocManager 1.30.25), R 4.4.2 (2024-10-31)
Installing package(s) 'OncoScore'
trying URL 'https://bioconductor.org/packages/3.20/bioc/src/contrib/OncoScore_1.34.0.tar.gz'
Content type 'application/x-gzip' length 932852 bytes (910 KB)
==================================================
downloaded 910 KB

* installing *source* package ‘OncoScore’ ...
** package ‘OncoScore’ successfully unpacked and MD5 sums checked
** using staged installation
** R
** data
** inst
** byte-compile and prepare package for lazy loading
** help
*** installing help indices
** building package indices
** installing vignettes
** testing if installed package can be loaded from temporary location
** testing if installed package can be loaded from final location
** testing if installed package keeps a record of temporary installation path
* creating tarball
packaged installation of ‘OncoScore’ as ‘OncoScore_1.34.0_R_x86_64-pc-linux-gnu.tar.gz’
* DONE (OncoScore)

The downloaded source packages are in
	‘/tmp/RtmpAegEM9/downloaded_packages’
Old packages: 'bslib', 'cli', 'curl', 'evaluate', 'httr2', 'jsonlite',
  'openssl', 'pillar', 'pkgbuild', 'processx', 'ps', 'purrr', 'R6', 'Rcpp',
  'rlang', 'sessioninfo', 'systemfonts', 'testthat', 'textshaping', 'tinytex',
  'xfun', 'zip', 'class', 'foreign', 'KernSmooth', 'MASS', 'Matrix', 'nlme',
  'nnet', 'rpart', 'spatial'

real	33m33.678s
user	0m20.474s
sys	0m6.549s
