'getOption("repos")' replaces Bioconductor standard repositories, see
'help("repositories", package = "BiocManager")' for details.
Replacement repositories:
    CRAN: https://p3m.dev/cran/__linux__/noble/latest
Bioconductor version 3.20 (BiocManager 1.30.25), R 4.4.2 (2024-10-31)
Installing package(s) 'KEGGlincs'
also installing the dependency ‘KOdata’

trying URL 'https://bioconductor.org/packages/3.20/data/experiment/src/contrib/KOdata_1.32.0.tar.gz'
Content type 'application/x-gzip' length 33315266 bytes (31.8 MB)
==================================================
downloaded 31.8 MB

trying URL 'https://bioconductor.org/packages/3.20/bioc/src/contrib/KEGGlincs_1.32.0.tar.gz'
Content type 'application/x-gzip' length 4420915 bytes (4.2 MB)
==================================================
downloaded 4.2 MB

* installing *source* package ‘KOdata’ ...
** using staged installation
** data
*** moving datasets to lazyload DB
** help
*** installing help indices
** building package indices
** testing if installed package can be loaded from temporary location
** testing if installed package can be loaded from final location
** testing if installed package keeps a record of temporary installation path
* creating tarball
packaged installation of ‘KOdata’ as ‘KOdata_1.32.0_R_x86_64-pc-linux-gnu.tar.gz’
* DONE (KOdata)
* installing *source* package ‘KEGGlincs’ ...
** package ‘KEGGlincs’ successfully unpacked and MD5 sums checked
** using staged installation
** R
** inst
** byte-compile and prepare package for lazy loading
** help
*** installing help indices
** building package indices
** installing vignettes
** testing if installed package can be loaded from temporary location
** testing if installed package can be loaded from final location
** testing if installed package keeps a record of temporary installation path
* creating tarball
packaged installation of ‘KEGGlincs’ as ‘KEGGlincs_1.32.0_R_x86_64-pc-linux-gnu.tar.gz’
* DONE (KEGGlincs)

The downloaded source packages are in
	‘/tmp/RtmpX39MAm/downloaded_packages’
Old packages: 'bslib', 'cli', 'curl', 'evaluate', 'httr2', 'jsonlite',
  'openssl', 'pillar', 'pkgbuild', 'processx', 'ps', 'purrr', 'R6', 'Rcpp',
  'rlang', 'sessioninfo', 'systemfonts', 'testthat', 'textshaping', 'tinytex',
  'xfun', 'zip', 'class', 'foreign', 'KernSmooth', 'MASS', 'Matrix', 'nlme',
  'nnet', 'rpart', 'spatial'

real	3m2.464s
user	0m36.715s
sys	0m5.918s
