'getOption("repos")' replaces Bioconductor standard repositories, see
'help("repositories", package = "BiocManager")' for details.
Replacement repositories:
    CRAN: https://p3m.dev/cran/__linux__/noble/latest
Bioconductor version 3.20 (BiocManager 1.30.25), R 4.4.2 (2024-10-31)
Installing package(s) 'MSstatsShiny'
trying URL 'https://bioconductor.org/packages/3.20/bioc/src/contrib/MSstatsShiny_1.8.0.tar.gz'
Content type 'application/x-gzip' length 2266985 bytes (2.2 MB)
==================================================
downloaded 2.2 MB

* installing *source* package ‘MSstatsShiny’ ...
** package ‘MSstatsShiny’ successfully unpacked and MD5 sums checked
** using staged installation
** R
** data
** inst
** byte-compile and prepare package for lazy loading
Warning: replacing previous import ‘MSstats::DIAUmpiretoMSstatsFormat’ by ‘MSstatsConvert::DIAUmpiretoMSstatsFormat’ when loading ‘MSstatsShiny’
Warning: replacing previous import ‘MSstats::ProgenesistoMSstatsFormat’ by ‘MSstatsConvert::ProgenesistoMSstatsFormat’ when loading ‘MSstatsShiny’
Warning: replacing previous import ‘MSstats::OpenMStoMSstatsFormat’ by ‘MSstatsConvert::OpenMStoMSstatsFormat’ when loading ‘MSstatsShiny’
Warning: replacing previous import ‘MSstats::OpenSWATHtoMSstatsFormat’ by ‘MSstatsConvert::OpenSWATHtoMSstatsFormat’ when loading ‘MSstatsShiny’
Warning: replacing previous import ‘MSstats::FragPipetoMSstatsFormat’ by ‘MSstatsConvert::FragPipetoMSstatsFormat’ when loading ‘MSstatsShiny’
Warning: replacing previous import ‘MSstats::SpectronauttoMSstatsFormat’ by ‘MSstatsConvert::SpectronauttoMSstatsFormat’ when loading ‘MSstatsShiny’
Warning: replacing previous import ‘MSstats::MaxQtoMSstatsFormat’ by ‘MSstatsConvert::MaxQtoMSstatsFormat’ when loading ‘MSstatsShiny’
Warning: replacing previous import ‘MSstats::DIANNtoMSstatsFormat’ by ‘MSstatsConvert::DIANNtoMSstatsFormat’ when loading ‘MSstatsShiny’
Warning: replacing previous import ‘MSstats::SkylinetoMSstatsFormat’ by ‘MSstatsConvert::SkylinetoMSstatsFormat’ when loading ‘MSstatsShiny’
Warning: replacing previous import ‘MSstats::PDtoMSstatsFormat’ by ‘MSstatsConvert::PDtoMSstatsFormat’ when loading ‘MSstatsShiny’
** help
*** installing help indices
** building package indices
** installing vignettes
** testing if installed package can be loaded from temporary location
Warning: replacing previous import ‘MSstats::DIAUmpiretoMSstatsFormat’ by ‘MSstatsConvert::DIAUmpiretoMSstatsFormat’ when loading ‘MSstatsShiny’
Warning: replacing previous import ‘MSstats::ProgenesistoMSstatsFormat’ by ‘MSstatsConvert::ProgenesistoMSstatsFormat’ when loading ‘MSstatsShiny’
Warning: replacing previous import ‘MSstats::OpenMStoMSstatsFormat’ by ‘MSstatsConvert::OpenMStoMSstatsFormat’ when loading ‘MSstatsShiny’
Warning: replacing previous import ‘MSstats::OpenSWATHtoMSstatsFormat’ by ‘MSstatsConvert::OpenSWATHtoMSstatsFormat’ when loading ‘MSstatsShiny’
Warning: replacing previous import ‘MSstats::FragPipetoMSstatsFormat’ by ‘MSstatsConvert::FragPipetoMSstatsFormat’ when loading ‘MSstatsShiny’
Warning: replacing previous import ‘MSstats::SpectronauttoMSstatsFormat’ by ‘MSstatsConvert::SpectronauttoMSstatsFormat’ when loading ‘MSstatsShiny’
Warning: replacing previous import ‘MSstats::MaxQtoMSstatsFormat’ by ‘MSstatsConvert::MaxQtoMSstatsFormat’ when loading ‘MSstatsShiny’
Warning: replacing previous import ‘MSstats::DIANNtoMSstatsFormat’ by ‘MSstatsConvert::DIANNtoMSstatsFormat’ when loading ‘MSstatsShiny’
Warning: replacing previous import ‘MSstats::SkylinetoMSstatsFormat’ by ‘MSstatsConvert::SkylinetoMSstatsFormat’ when loading ‘MSstatsShiny’
Warning: replacing previous import ‘MSstats::PDtoMSstatsFormat’ by ‘MSstatsConvert::PDtoMSstatsFormat’ when loading ‘MSstatsShiny’
** testing if installed package can be loaded from final location
Warning: replacing previous import ‘MSstats::DIAUmpiretoMSstatsFormat’ by ‘MSstatsConvert::DIAUmpiretoMSstatsFormat’ when loading ‘MSstatsShiny’
Warning: replacing previous import ‘MSstats::ProgenesistoMSstatsFormat’ by ‘MSstatsConvert::ProgenesistoMSstatsFormat’ when loading ‘MSstatsShiny’
Warning: replacing previous import ‘MSstats::OpenMStoMSstatsFormat’ by ‘MSstatsConvert::OpenMStoMSstatsFormat’ when loading ‘MSstatsShiny’
Warning: replacing previous import ‘MSstats::OpenSWATHtoMSstatsFormat’ by ‘MSstatsConvert::OpenSWATHtoMSstatsFormat’ when loading ‘MSstatsShiny’
Warning: replacing previous import ‘MSstats::FragPipetoMSstatsFormat’ by ‘MSstatsConvert::FragPipetoMSstatsFormat’ when loading ‘MSstatsShiny’
Warning: replacing previous import ‘MSstats::SpectronauttoMSstatsFormat’ by ‘MSstatsConvert::SpectronauttoMSstatsFormat’ when loading ‘MSstatsShiny’
Warning: replacing previous import ‘MSstats::MaxQtoMSstatsFormat’ by ‘MSstatsConvert::MaxQtoMSstatsFormat’ when loading ‘MSstatsShiny’
Warning: replacing previous import ‘MSstats::DIANNtoMSstatsFormat’ by ‘MSstatsConvert::DIANNtoMSstatsFormat’ when loading ‘MSstatsShiny’
Warning: replacing previous import ‘MSstats::SkylinetoMSstatsFormat’ by ‘MSstatsConvert::SkylinetoMSstatsFormat’ when loading ‘MSstatsShiny’
Warning: replacing previous import ‘MSstats::PDtoMSstatsFormat’ by ‘MSstatsConvert::PDtoMSstatsFormat’ when loading ‘MSstatsShiny’
** testing if installed package keeps a record of temporary installation path
* creating tarball
packaged installation of ‘MSstatsShiny’ as ‘MSstatsShiny_1.8.0_R_x86_64-pc-linux-gnu.tar.gz’
* DONE (MSstatsShiny)

The downloaded source packages are in
	‘/tmp/Rtmp9wLPxO/downloaded_packages’
Old packages: 'bslib', 'cli', 'curl', 'evaluate', 'httr2', 'jsonlite',
  'openssl', 'pillar', 'pkgbuild', 'processx', 'ps', 'purrr', 'R6', 'Rcpp',
  'rlang', 'sessioninfo', 'systemfonts', 'testthat', 'textshaping', 'tinytex',
  'xfun', 'zip', 'class', 'foreign', 'KernSmooth', 'MASS', 'Matrix', 'nlme',
  'nnet', 'rpart', 'spatial'

real	1m3.098s
user	0m22.391s
sys	0m4.628s
