Error in gzfile(file, "rb") : cannot open the connection
In addition: Warning message:
In gzfile(file, "rb") :
  cannot open compressed file '/mnt/library/ggiraph/Meta/package.rds', probable reason 'No such file or directory'
'getOption("repos")' replaces Bioconductor standard repositories, see
'help("repositories", package = "BiocManager")' for details.
Replacement repositories:
    CRAN: https://p3m.dev/cran/__linux__/noble/latest
Bioconductor version 3.20 (BiocManager 1.30.25), R 4.4.2 (2024-10-31)
Installing package(s) 'netprioR'
also installing the dependency ‘sparseMVN’

trying URL 'https://p3m.dev/cran/__linux__/noble/latest/src/contrib/sparseMVN_0.2.2.tar.gz'
Content type 'binary/octet-stream' length 285136 bytes (278 KB)
==================================================
downloaded 278 KB

trying URL 'https://bioconductor.org/packages/3.20/bioc/src/contrib/netprioR_1.32.0.tar.gz'
Content type 'application/x-gzip' length 659454 bytes (643 KB)
==================================================
downloaded 643 KB

* installing *binary* package ‘sparseMVN’ ...
* ‘sparseMVN’ was already a binary package and will not be rebuilt
* creating tarball
packaged installation of ‘sparseMVN’ as ‘sparseMVN_0.2.2_R_x86_64-pc-linux-gnu.tar.gz’
* DONE (sparseMVN)
* installing *source* package ‘netprioR’ ...
** package ‘netprioR’ successfully unpacked and MD5 sums checked
** using staged installation
** R
** data
*** moving datasets to lazyload DB
** inst
** byte-compile and prepare package for lazy loading
** help
*** installing help indices
** building package indices
** installing vignettes
** testing if installed package can be loaded from temporary location
** testing if installed package can be loaded from final location
** testing if installed package keeps a record of temporary installation path
* creating tarball
packaged installation of ‘netprioR’ as ‘netprioR_1.32.0_R_x86_64-pc-linux-gnu.tar.gz’
* DONE (netprioR)

The downloaded source packages are in
	‘/tmp/RtmpibXkHb/downloaded_packages’
Old packages: 'bslib', 'cli', 'curl', 'evaluate', 'httr2', 'jsonlite',
  'openssl', 'pillar', 'pkgbuild', 'processx', 'ps', 'purrr', 'R6', 'Rcpp',
  'rlang', 'sessioninfo', 'systemfonts', 'testthat', 'textshaping', 'tinytex',
  'xfun', 'zip', 'class', 'foreign', 'KernSmooth', 'MASS', 'Matrix', 'nlme',
  'nnet', 'rpart', 'spatial'

real	13m1.681s
user	0m9.676s
sys	0m4.282s
