'getOption("repos")' replaces Bioconductor standard repositories, see
'help("repositories", package = "BiocManager")' for details.
Replacement repositories:
    CRAN: https://p3m.dev/cran/__linux__/noble/latest
Bioconductor version 3.20 (BiocManager 1.30.25), R 4.4.2 (2024-10-31)
Installing package(s) 'shinyMethyl'
also installing the dependency ‘shinyMethylData’

trying URL 'https://bioconductor.org/packages/3.20/data/experiment/src/contrib/shinyMethylData_1.26.0.tar.gz'
Content type 'application/x-gzip' length 37311991 bytes (35.6 MB)
==================================================
downloaded 35.6 MB

trying URL 'https://bioconductor.org/packages/3.20/bioc/src/contrib/shinyMethyl_1.42.0.tar.gz'
Content type 'application/x-gzip' length 7595535 bytes (7.2 MB)
==================================================
downloaded 7.2 MB

* installing *source* package ‘shinyMethylData’ ...
** using staged installation
** data
*** moving datasets to lazyload DB
** inst
** help
*** installing help indices
** building package indices
** testing if installed package can be loaded from temporary location
** testing if installed package can be loaded from final location
** testing if installed package keeps a record of temporary installation path
* creating tarball
packaged installation of ‘shinyMethylData’ as ‘shinyMethylData_1.26.0_R_x86_64-pc-linux-gnu.tar.gz’
* DONE (shinyMethylData)
* installing *source* package ‘shinyMethyl’ ...
** package ‘shinyMethyl’ successfully unpacked and MD5 sums checked
** using staged installation
** R
** inst
** byte-compile and prepare package for lazy loading
** help
*** installing help indices
** building package indices
** installing vignettes
** testing if installed package can be loaded from temporary location
** testing if installed package can be loaded from final location
** testing if installed package keeps a record of temporary installation path
* creating tarball
packaged installation of ‘shinyMethyl’ as ‘shinyMethyl_1.42.0_R_x86_64-pc-linux-gnu.tar.gz’
* DONE (shinyMethyl)

The downloaded source packages are in
	‘/tmp/RtmpUyxzgL/downloaded_packages’
Old packages: 'bslib', 'cli', 'curl', 'evaluate', 'httr2', 'jsonlite',
  'openssl', 'pillar', 'pkgbuild', 'processx', 'ps', 'purrr', 'R6', 'Rcpp',
  'rlang', 'sessioninfo', 'systemfonts', 'testthat', 'textshaping', 'tinytex',
  'xfun', 'zip', 'class', 'foreign', 'KernSmooth', 'MASS', 'Matrix', 'nlme',
  'nnet', 'rpart', 'spatial'

real	2m15.630s
user	1m5.499s
sys	0m10.155s
