'getOption("repos")' replaces Bioconductor standard repositories, see
'help("repositories", package = "BiocManager")' for details.
Replacement repositories:
    CRAN: https://p3m.dev/cran/__linux__/noble/latest
Bioconductor version 3.20 (BiocManager 1.30.25), R 4.4.2 (2024-10-31)
Installing package(s) 'FRGEpistasis'
also installing the dependencies ‘ash’, ‘kernlab’, ‘mclust’, ‘multicool’, ‘pcaPP’, ‘hdrcde’, ‘ks’, ‘rainbow’, ‘RCurl’, ‘fds’, ‘deSolve’, ‘fda’

trying URL 'https://p3m.dev/cran/__linux__/noble/latest/src/contrib/ash_1.0-15.tar.gz'
Content type 'binary/octet-stream' length 25739 bytes (25 KB)
==================================================
downloaded 25 KB

trying URL 'https://p3m.dev/cran/__linux__/noble/latest/src/contrib/kernlab_0.9-33.tar.gz'
Content type 'binary/octet-stream' length 2041697 bytes (1.9 MB)
==================================================
downloaded 1.9 MB

trying URL 'https://p3m.dev/cran/__linux__/noble/latest/src/contrib/mclust_6.1.1.tar.gz'
Content type 'binary/octet-stream' length 4132572 bytes (3.9 MB)
==================================================
downloaded 3.9 MB

trying URL 'https://p3m.dev/cran/__linux__/noble/latest/src/contrib/multicool_1.0.1.tar.gz'
Content type 'binary/octet-stream' length 116440 bytes (113 KB)
==================================================
downloaded 113 KB

trying URL 'https://p3m.dev/cran/__linux__/noble/latest/src/contrib/pcaPP_2.0-5.tar.gz'
Content type 'binary/octet-stream' length 372654 bytes (363 KB)
==================================================
downloaded 363 KB

trying URL 'https://p3m.dev/cran/__linux__/noble/latest/src/contrib/hdrcde_3.4.tar.gz'
Content type 'binary/octet-stream' length 217826 bytes (212 KB)
==================================================
downloaded 212 KB

trying URL 'https://p3m.dev/cran/__linux__/noble/latest/src/contrib/ks_1.14.3.tar.gz'
Content type 'binary/octet-stream' length 1919262 bytes (1.8 MB)
==================================================
downloaded 1.8 MB

trying URL 'https://p3m.dev/cran/__linux__/noble/latest/src/contrib/rainbow_3.8.tar.gz'
Content type 'binary/octet-stream' length 419243 bytes (409 KB)
==================================================
downloaded 409 KB

trying URL 'https://p3m.dev/cran/__linux__/noble/latest/src/contrib/RCurl_1.98-1.16.tar.gz'
Content type 'binary/octet-stream' length 1078371 bytes (1.0 MB)
==================================================
downloaded 1.0 MB

trying URL 'https://p3m.dev/cran/__linux__/noble/latest/src/contrib/fds_1.8.tar.gz'
Content type 'binary/octet-stream' length 4034050 bytes (3.8 MB)
==================================================
downloaded 3.8 MB

trying URL 'https://p3m.dev/cran/__linux__/noble/latest/src/contrib/deSolve_1.40.tar.gz'
Content type 'binary/octet-stream' length 2323999 bytes (2.2 MB)
==================================================
downloaded 2.2 MB

trying URL 'https://p3m.dev/cran/__linux__/noble/latest/src/contrib/fda_6.2.0.tar.gz'
Content type 'binary/octet-stream' length 3185421 bytes (3.0 MB)
==================================================
downloaded 3.0 MB

trying URL 'https://bioconductor.org/packages/3.20/bioc/src/contrib/FRGEpistasis_1.42.0.tar.gz'
Content type 'application/x-gzip' length 323450 bytes (315 KB)
==================================================
downloaded 315 KB

* installing *binary* package ‘ash’ ...
* ‘ash’ was already a binary package and will not be rebuilt
* creating tarball
packaged installation of ‘ash’ as ‘ash_1.0-15_R_x86_64-pc-linux-gnu.tar.gz’
* DONE (ash)
* installing *binary* package ‘kernlab’ ...
* ‘kernlab’ was already a binary package and will not be rebuilt
* creating tarball
packaged installation of ‘kernlab’ as ‘kernlab_0.9-33_R_x86_64-pc-linux-gnu.tar.gz’
* DONE (kernlab)
* installing *binary* package ‘mclust’ ...
* ‘mclust’ was already a binary package and will not be rebuilt
* creating tarball
packaged installation of ‘mclust’ as ‘mclust_6.1.1_R_x86_64-pc-linux-gnu.tar.gz’
* DONE (mclust)
* installing *binary* package ‘multicool’ ...
* ‘multicool’ was already a binary package and will not be rebuilt
* creating tarball
packaged installation of ‘multicool’ as ‘multicool_1.0.1_R_x86_64-pc-linux-gnu.tar.gz’
* DONE (multicool)
* installing *binary* package ‘pcaPP’ ...
* ‘pcaPP’ was already a binary package and will not be rebuilt
* creating tarball
packaged installation of ‘pcaPP’ as ‘pcaPP_2.0-5_R_x86_64-pc-linux-gnu.tar.gz’
* DONE (pcaPP)
* installing *binary* package ‘RCurl’ ...
* ‘RCurl’ was already a binary package and will not be rebuilt
* creating tarball
packaged installation of ‘RCurl’ as ‘RCurl_1.98-1.16_R_x86_64-pc-linux-gnu.tar.gz’
* DONE (RCurl)
* installing *binary* package ‘deSolve’ ...
* ‘deSolve’ was already a binary package and will not be rebuilt
* creating tarball
packaged installation of ‘deSolve’ as ‘deSolve_1.40_R_x86_64-pc-linux-gnu.tar.gz’
* DONE (deSolve)
* installing *binary* package ‘ks’ ...
* ‘ks’ was already a binary package and will not be rebuilt
* creating tarball
packaged installation of ‘ks’ as ‘ks_1.14.3_R_x86_64-pc-linux-gnu.tar.gz’
* DONE (ks)
* installing *binary* package ‘hdrcde’ ...
* ‘hdrcde’ was already a binary package and will not be rebuilt
* creating tarball
packaged installation of ‘hdrcde’ as ‘hdrcde_3.4_R_x86_64-pc-linux-gnu.tar.gz’
* DONE (hdrcde)
* installing *binary* package ‘rainbow’ ...
* ‘rainbow’ was already a binary package and will not be rebuilt
* creating tarball
packaged installation of ‘rainbow’ as ‘rainbow_3.8_R_x86_64-pc-linux-gnu.tar.gz’
* DONE (rainbow)
* installing *binary* package ‘fds’ ...
* ‘fds’ was already a binary package and will not be rebuilt
* creating tarball
packaged installation of ‘fds’ as ‘fds_1.8_R_x86_64-pc-linux-gnu.tar.gz’
* DONE (fds)
* installing *binary* package ‘fda’ ...
* ‘fda’ was already a binary package and will not be rebuilt
* creating tarball
packaged installation of ‘fda’ as ‘fda_6.2.0_R_x86_64-pc-linux-gnu.tar.gz’
* DONE (fda)
* installing *source* package ‘FRGEpistasis’ ...
** package ‘FRGEpistasis’ successfully unpacked and MD5 sums checked
** using staged installation
** R
** inst
** byte-compile and prepare package for lazy loading
** help
*** installing help indices
** building package indices
** installing vignettes
** testing if installed package can be loaded from temporary location
** testing if installed package can be loaded from final location
** testing if installed package keeps a record of temporary installation path
* creating tarball
packaged installation of ‘FRGEpistasis’ as ‘FRGEpistasis_1.42.0_R_x86_64-pc-linux-gnu.tar.gz’
* DONE (FRGEpistasis)

The downloaded source packages are in
	‘/tmp/Rtmp0DMQOB/downloaded_packages’
Old packages: 'bslib', 'cli', 'curl', 'evaluate', 'httr2', 'jsonlite',
  'openssl', 'pillar', 'pkgbuild', 'processx', 'ps', 'purrr', 'R6', 'Rcpp',
  'rlang', 'sessioninfo', 'systemfonts', 'testthat', 'textshaping', 'tinytex',
  'xfun', 'zip', 'class', 'foreign', 'KernSmooth', 'MASS', 'Matrix', 'nlme',
  'nnet', 'rpart', 'spatial'

real	0m42.693s
user	0m11.696s
sys	0m4.858s
