'getOption("repos")' replaces Bioconductor standard repositories, see
'help("repositories", package = "BiocManager")' for details.
Replacement repositories:
    CRAN: https://p3m.dev/cran/__linux__/noble/latest
Bioconductor version 3.20 (BiocManager 1.30.25), R 4.4.2 (2024-10-31)
Installing package(s) 'shiny.gosling'
also installing the dependencies ‘SparseArray’, ‘biomaRt’, ‘UCSC.utils’, ‘S4Arrays’, ‘DelayedArray’, ‘KEGGREST’, ‘BiocIO’, ‘restfulr’, ‘txdbmaker’, ‘xmlparsedata’, ‘S4Vectors’, ‘IRanges’, ‘GenomeInfoDb’, ‘XVector’, ‘SummarizedExperiment’, ‘Rsamtools’, ‘Biostrings’, ‘AnnotationDbi’, ‘rtracklayer’, ‘BSgenome’, ‘GenomicFeatures’, ‘pwalign’, ‘GenomicAlignments’, ‘ensembldb’, ‘AnnotationFilter’, ‘OrganismDbi’, ‘shiny.react’, ‘lintr’, ‘GenomicRanges’, ‘VariantAnnotation’, ‘StructuralVariantAnnotation’, ‘biovizBase’, ‘ggbio’

trying URL 'https://bioconductor.org/packages/3.20/bioc/src/contrib/SparseArray_1.6.2.tar.gz'
Content type 'application/x-gzip' length 468696 bytes (457 KB)
==================================================
downloaded 457 KB

trying URL 'https://bioconductor.org/packages/3.20/bioc/src/contrib/biomaRt_2.62.1.tar.gz'
Content type 'application/x-gzip' length 865748 bytes (845 KB)
==================================================
downloaded 845 KB

trying URL 'https://bioconductor.org/packages/3.20/bioc/src/contrib/UCSC.utils_1.2.0.tar.gz'
Content type 'application/x-gzip' length 236888 bytes (231 KB)
==================================================
downloaded 231 KB

trying URL 'https://bioconductor.org/packages/3.20/bioc/src/contrib/S4Arrays_1.6.0.tar.gz'
Content type 'application/x-gzip' length 288435 bytes (281 KB)
==================================================
downloaded 281 KB

trying URL 'https://bioconductor.org/packages/3.20/bioc/src/contrib/DelayedArray_0.32.0.tar.gz'
Content type 'application/x-gzip' length 825598 bytes (806 KB)
==================================================
downloaded 806 KB

trying URL 'https://bioconductor.org/packages/3.20/bioc/src/contrib/KEGGREST_1.46.0.tar.gz'
Content type 'application/x-gzip' length 239655 bytes (234 KB)
==================================================
downloaded 234 KB

trying URL 'https://bioconductor.org/packages/3.20/bioc/src/contrib/BiocIO_1.16.0.tar.gz'
Content type 'application/x-gzip' length 232338 bytes (226 KB)
==================================================
downloaded 226 KB

trying URL 'https://p3m.dev/cran/__linux__/noble/latest/src/contrib/restfulr_0.0.15.tar.gz'
Content type 'application/x-tar' length 15118 bytes (14 KB)
==================================================
downloaded 14 KB

trying URL 'https://bioconductor.org/packages/3.20/bioc/src/contrib/txdbmaker_1.2.1.tar.gz'
Content type 'application/x-gzip' length 1035549 bytes (1011 KB)
==================================================
downloaded 1011 KB

trying URL 'https://p3m.dev/cran/__linux__/noble/latest/src/contrib/xmlparsedata_1.0.5.tar.gz'
Content type 'binary/octet-stream' length 18820 bytes (18 KB)
==================================================
downloaded 18 KB

trying URL 'https://bioconductor.org/packages/3.20/bioc/src/contrib/S4Vectors_0.44.0.tar.gz'
Content type 'application/x-gzip' length 1076666 bytes (1.0 MB)
==================================================
downloaded 1.0 MB

trying URL 'https://bioconductor.org/packages/3.20/bioc/src/contrib/IRanges_2.40.1.tar.gz'
Content type 'application/x-gzip' length 486989 bytes (475 KB)
==================================================
downloaded 475 KB

trying URL 'https://bioconductor.org/packages/3.20/bioc/src/contrib/GenomeInfoDb_1.42.3.tar.gz'
Content type 'application/x-gzip' length 3592070 bytes (3.4 MB)
==================================================
downloaded 3.4 MB

trying URL 'https://bioconductor.org/packages/3.20/bioc/src/contrib/XVector_0.46.0.tar.gz'
Content type 'application/x-gzip' length 70185 bytes (68 KB)
==================================================
downloaded 68 KB

trying URL 'https://bioconductor.org/packages/3.20/bioc/src/contrib/SummarizedExperiment_1.36.0.tar.gz'
Content type 'application/x-gzip' length 690951 bytes (674 KB)
==================================================
downloaded 674 KB

trying URL 'https://bioconductor.org/packages/3.20/bioc/src/contrib/Rsamtools_2.22.0.tar.gz'
Content type 'application/x-gzip' length 2925866 bytes (2.8 MB)
==================================================
downloaded 2.8 MB

trying URL 'https://bioconductor.org/packages/3.20/bioc/src/contrib/Biostrings_2.74.1.tar.gz'
Content type 'application/x-gzip' length 12823307 bytes (12.2 MB)
==================================================
downloaded 12.2 MB

trying URL 'https://bioconductor.org/packages/3.20/bioc/src/contrib/AnnotationDbi_1.68.0.tar.gz'
Content type 'application/x-gzip' length 4378038 bytes (4.2 MB)
==================================================
downloaded 4.2 MB

trying URL 'https://bioconductor.org/packages/3.20/bioc/src/contrib/rtracklayer_1.66.0.tar.gz'
Content type 'application/x-gzip' length 4112666 bytes (3.9 MB)
==================================================
downloaded 3.9 MB

trying URL 'https://bioconductor.org/packages/3.20/bioc/src/contrib/BSgenome_1.74.0.tar.gz'
Content type 'application/x-gzip' length 5903543 bytes (5.6 MB)
==================================================
downloaded 5.6 MB

trying URL 'https://bioconductor.org/packages/3.20/bioc/src/contrib/GenomicFeatures_1.58.0.tar.gz'
Content type 'application/x-gzip' length 571678 bytes (558 KB)
==================================================
downloaded 558 KB

trying URL 'https://bioconductor.org/packages/3.20/bioc/src/contrib/pwalign_1.2.0.tar.gz'
Content type 'application/x-gzip' length 355962 bytes (347 KB)
==================================================
downloaded 347 KB

trying URL 'https://bioconductor.org/packages/3.20/bioc/src/contrib/GenomicAlignments_1.42.0.tar.gz'
Content type 'application/x-gzip' length 2273284 bytes (2.2 MB)
==================================================
downloaded 2.2 MB

trying URL 'https://bioconductor.org/packages/3.20/bioc/src/contrib/ensembldb_2.30.0.tar.gz'
Content type 'application/x-gzip' length 3540522 bytes (3.4 MB)
==================================================
downloaded 3.4 MB

trying URL 'https://bioconductor.org/packages/3.20/bioc/src/contrib/AnnotationFilter_1.30.0.tar.gz'
Content type 'application/x-gzip' length 325433 bytes (317 KB)
==================================================
downloaded 317 KB

trying URL 'https://bioconductor.org/packages/3.20/bioc/src/contrib/OrganismDbi_1.48.0.tar.gz'
Content type 'application/x-gzip' length 397994 bytes (388 KB)
==================================================
downloaded 388 KB

trying URL 'https://p3m.dev/cran/__linux__/noble/latest/src/contrib/shiny.react_0.4.0.tar.gz'
Content type 'binary/octet-stream' length 853571 bytes (833 KB)
==================================================
downloaded 833 KB

trying URL 'https://p3m.dev/cran/__linux__/noble/latest/src/contrib/lintr_3.2.0.tar.gz'
Content type 'binary/octet-stream' length 1380412 bytes (1.3 MB)
==================================================
downloaded 1.3 MB

trying URL 'https://bioconductor.org/packages/3.20/bioc/src/contrib/GenomicRanges_1.58.0.tar.gz'
Content type 'application/x-gzip' length 1374658 bytes (1.3 MB)
==================================================
downloaded 1.3 MB

trying URL 'https://bioconductor.org/packages/3.20/bioc/src/contrib/VariantAnnotation_1.52.0.tar.gz'
Content type 'application/x-gzip' length 2146415 bytes (2.0 MB)
==================================================
downloaded 2.0 MB

trying URL 'https://bioconductor.org/packages/3.20/bioc/src/contrib/StructuralVariantAnnotation_1.22.0.tar.gz'
Content type 'application/x-gzip' length 999668 bytes (976 KB)
==================================================
downloaded 976 KB

trying URL 'https://bioconductor.org/packages/3.20/bioc/src/contrib/biovizBase_1.54.0.tar.gz'
Content type 'application/x-gzip' length 2517547 bytes (2.4 MB)
==================================================
downloaded 2.4 MB

trying URL 'https://bioconductor.org/packages/3.20/bioc/src/contrib/ggbio_1.54.0.tar.gz'
Content type 'application/x-gzip' length 3251015 bytes (3.1 MB)
==================================================
downloaded 3.1 MB

trying URL 'https://bioconductor.org/packages/3.20/bioc/src/contrib/shiny.gosling_1.2.0.tar.gz'
Content type 'application/x-gzip' length 1801621 bytes (1.7 MB)
==================================================
downloaded 1.7 MB

* installing *binary* package ‘xmlparsedata’ ...
* ‘xmlparsedata’ was already a binary package and will not be rebuilt
* creating tarball
packaged installation of ‘xmlparsedata’ as ‘xmlparsedata_1.0.5_R_x86_64-pc-linux-gnu.tar.gz’
* DONE (xmlparsedata)
ERROR: failed to lock directory ‘/mnt/library’ for modifying
Try removing ‘/mnt/library/00LOCK-S4Vectors’
* installing *binary* package ‘shiny.react’ ...
* ‘shiny.react’ was already a binary package and will not be rebuilt
* creating tarball
packaged installation of ‘shiny.react’ as ‘shiny.react_0.4.0_R_x86_64-pc-linux-gnu.tar.gz’
* DONE (shiny.react)
ERROR: dependency ‘S4Vectors’ is not available for package ‘UCSC.utils’
* removing ‘/mnt/library/UCSC.utils’
ERROR: dependency ‘S4Vectors’ is not available for package ‘BiocIO’
* removing ‘/mnt/library/BiocIO’
ERROR: dependency ‘S4Vectors’ is not available for package ‘restfulr’
* removing ‘/mnt/library/restfulr’
ERROR: dependency ‘S4Vectors’ is not available for package ‘IRanges’
* removing ‘/mnt/library/IRanges’
* installing *binary* package ‘lintr’ ...
* ‘lintr’ was already a binary package and will not be rebuilt
* creating tarball
packaged installation of ‘lintr’ as ‘lintr_3.2.0_R_x86_64-pc-linux-gnu.tar.gz’
* DONE (lintr)
* installing *source* package ‘shiny.gosling’ ...
** package ‘shiny.gosling’ successfully unpacked and MD5 sums checked
** using staged installation
** R
** inst
** byte-compile and prepare package for lazy loading
** help
*** installing help indices
*** copying figures
** building package indices
** installing vignettes
** testing if installed package can be loaded from temporary location
** testing if installed package can be loaded from final location
** testing if installed package keeps a record of temporary installation path
* creating tarball
packaged installation of ‘shiny.gosling’ as ‘shiny.gosling_1.2.0_R_x86_64-pc-linux-gnu.tar.gz’
* DONE (shiny.gosling)
ERROR: dependencies ‘S4Vectors’, ‘IRanges’ are not available for package ‘S4Arrays’
* removing ‘/mnt/library/S4Arrays’
ERROR: dependencies ‘S4Vectors’, ‘IRanges’, ‘UCSC.utils’ are not available for package ‘GenomeInfoDb’
* removing ‘/mnt/library/GenomeInfoDb’
ERROR: dependencies ‘S4Vectors’, ‘IRanges’ are not available for package ‘XVector’
* removing ‘/mnt/library/XVector’
ERROR: dependencies ‘S4Vectors’, ‘S4Arrays’, ‘IRanges’, ‘XVector’ are not available for package ‘SparseArray’
* removing ‘/mnt/library/SparseArray’
ERROR: dependencies ‘S4Vectors’, ‘IRanges’, ‘XVector’, ‘GenomeInfoDb’ are not available for package ‘Biostrings’
* removing ‘/mnt/library/Biostrings’
ERROR: dependencies ‘S4Vectors’, ‘IRanges’, ‘GenomeInfoDb’, ‘XVector’ are not available for package ‘GenomicRanges’
* removing ‘/mnt/library/GenomicRanges’
ERROR: dependencies ‘S4Vectors’, ‘IRanges’, ‘S4Arrays’, ‘SparseArray’ are not available for package ‘DelayedArray’
* removing ‘/mnt/library/DelayedArray’
ERROR: dependency ‘Biostrings’ is not available for package ‘KEGGREST’
* removing ‘/mnt/library/KEGGREST’
ERROR: dependencies ‘GenomeInfoDb’, ‘GenomicRanges’, ‘Biostrings’, ‘S4Vectors’, ‘IRanges’, ‘XVector’ are not available for package ‘Rsamtools’
* removing ‘/mnt/library/Rsamtools’
ERROR: dependencies ‘S4Vectors’, ‘IRanges’, ‘Biostrings’, ‘XVector’ are not available for package ‘pwalign’
* removing ‘/mnt/library/pwalign’
ERROR: dependency ‘GenomicRanges’ is not available for package ‘AnnotationFilter’
* removing ‘/mnt/library/AnnotationFilter’
ERROR: dependencies ‘GenomicRanges’, ‘Biobase’, ‘S4Vectors’, ‘IRanges’, ‘GenomeInfoDb’, ‘S4Arrays’, ‘DelayedArray’ are not available for package ‘SummarizedExperiment’
* removing ‘/mnt/library/SummarizedExperiment’
ERROR: dependencies ‘Biobase’, ‘IRanges’, ‘S4Vectors’, ‘KEGGREST’ are not available for package ‘AnnotationDbi’
* removing ‘/mnt/library/AnnotationDbi’
ERROR: dependency ‘AnnotationDbi’ is not available for package ‘biomaRt’
* removing ‘/mnt/library/biomaRt’
ERROR: dependencies ‘S4Vectors’, ‘IRanges’, ‘GenomeInfoDb’, ‘GenomicRanges’, ‘SummarizedExperiment’, ‘Biostrings’, ‘Rsamtools’ are not available for package ‘GenomicAlignments’
* removing ‘/mnt/library/GenomicAlignments’
ERROR: dependencies ‘GenomicRanges’, ‘S4Vectors’, ‘IRanges’, ‘XVector’, ‘GenomeInfoDb’, ‘Biostrings’, ‘Rsamtools’, ‘GenomicAlignments’, ‘BiocIO’, ‘restfulr’ are not available for package ‘rtracklayer’
* removing ‘/mnt/library/rtracklayer’
ERROR: dependencies ‘S4Vectors’, ‘IRanges’, ‘GenomeInfoDb’, ‘GenomicRanges’, ‘Biostrings’, ‘BiocIO’, ‘rtracklayer’, ‘XVector’, ‘Rsamtools’ are not available for package ‘BSgenome’
* removing ‘/mnt/library/BSgenome’
ERROR: dependencies ‘S4Vectors’, ‘IRanges’, ‘GenomeInfoDb’, ‘GenomicRanges’, ‘AnnotationDbi’, ‘XVector’, ‘Biostrings’, ‘rtracklayer’ are not available for package ‘GenomicFeatures’
* removing ‘/mnt/library/GenomicFeatures’
ERROR: dependencies ‘S4Vectors’, ‘GenomeInfoDb’, ‘GenomicRanges’, ‘GenomicFeatures’, ‘IRanges’, ‘UCSC.utils’, ‘AnnotationDbi’, ‘Biobase’, ‘BiocIO’, ‘rtracklayer’, ‘biomaRt’ are not available for package ‘txdbmaker’
* removing ‘/mnt/library/txdbmaker’
ERROR: dependencies ‘GenomicRanges’, ‘GenomicFeatures’, ‘AnnotationFilter’, ‘Biobase’, ‘GenomeInfoDb’, ‘AnnotationDbi’, ‘rtracklayer’, ‘S4Vectors’, ‘Rsamtools’, ‘IRanges’, ‘Biostrings’ are not available for package ‘ensembldb’
* removing ‘/mnt/library/ensembldb’
ERROR: dependencies ‘GenomeInfoDb’, ‘GenomicRanges’, ‘SummarizedExperiment’, ‘Rsamtools’, ‘Biobase’, ‘S4Vectors’, ‘IRanges’, ‘XVector’, ‘Biostrings’, ‘AnnotationDbi’, ‘rtracklayer’, ‘BSgenome’, ‘GenomicFeatures’ are not available for package ‘VariantAnnotation’
* removing ‘/mnt/library/VariantAnnotation’
ERROR: dependencies ‘AnnotationDbi’, ‘GenomicFeatures’, ‘Biobase’, ‘S4Vectors’, ‘IRanges’, ‘GenomicRanges’, ‘txdbmaker’ are not available for package ‘OrganismDbi’
* removing ‘/mnt/library/OrganismDbi’
ERROR: dependencies ‘GenomicRanges’, ‘rtracklayer’, ‘VariantAnnotation’, ‘Biostrings’, ‘pwalign’, ‘GenomicFeatures’, ‘IRanges’, ‘S4Vectors’, ‘SummarizedExperiment’, ‘GenomeInfoDb’ are not available for package ‘StructuralVariantAnnotation’
* removing ‘/mnt/library/StructuralVariantAnnotation’
ERROR: dependencies ‘S4Vectors’, ‘IRanges’, ‘GenomeInfoDb’, ‘GenomicRanges’, ‘SummarizedExperiment’, ‘Biostrings’, ‘Rsamtools’, ‘GenomicAlignments’, ‘GenomicFeatures’, ‘AnnotationDbi’, ‘VariantAnnotation’, ‘ensembldb’, ‘AnnotationFilter’ are not available for package ‘biovizBase’
* removing ‘/mnt/library/biovizBase’
ERROR: dependencies ‘biovizBase’, ‘Biobase’, ‘S4Vectors’, ‘IRanges’, ‘GenomeInfoDb’, ‘GenomicRanges’, ‘SummarizedExperiment’, ‘Biostrings’, ‘Rsamtools’, ‘GenomicAlignments’, ‘BSgenome’, ‘VariantAnnotation’, ‘rtracklayer’, ‘GenomicFeatures’, ‘OrganismDbi’, ‘ensembldb’, ‘AnnotationDbi’, ‘AnnotationFilter’ are not available for package ‘ggbio’
* removing ‘/mnt/library/ggbio’

The downloaded source packages are in
	‘/tmp/Rtmp0MHzi4/downloaded_packages’
Old packages: 'bslib', 'cli', 'curl', 'evaluate', 'httr2', 'jsonlite',
  'openssl', 'pillar', 'pkgbuild', 'processx', 'ps', 'purrr', 'R6', 'Rcpp',
  'rlang', 'sessioninfo', 'systemfonts', 'testthat', 'textshaping', 'tinytex',
  'xfun', 'zip', 'class', 'foreign', 'KernSmooth', 'MASS', 'Matrix', 'nlme',
  'nnet', 'rpart', 'spatial'
There were 30 warnings (use warnings() to see them)

real	14m22.935s
user	0m18.008s
sys	0m10.436s
