'getOption("repos")' replaces Bioconductor standard repositories, see
'help("repositories", package = "BiocManager")' for details.
Replacement repositories:
    CRAN: https://p3m.dev/cran/__linux__/noble/latest
Bioconductor version 3.20 (BiocManager 1.30.25), R 4.4.2 (2024-10-31)
Installing package(s) 'mfa'
also installing the dependencies ‘ggmcmc’, ‘MCMCglmm’

trying URL 'https://p3m.dev/cran/__linux__/noble/latest/src/contrib/ggmcmc_1.5.1.1.tar.gz'
Content type 'binary/octet-stream' length 2945366 bytes (2.8 MB)
==================================================
downloaded 2.8 MB

trying URL 'https://p3m.dev/cran/__linux__/noble/latest/src/contrib/MCMCglmm_2.36.tar.gz'
Content type 'binary/octet-stream' length 527238 bytes (514 KB)
==================================================
downloaded 514 KB

trying URL 'https://bioconductor.org/packages/3.20/bioc/src/contrib/mfa_1.28.0.tar.gz'
Content type 'application/x-gzip' length 692739 bytes (676 KB)
==================================================
downloaded 676 KB

* installing *binary* package ‘ggmcmc’ ...
* ‘ggmcmc’ was already a binary package and will not be rebuilt
* creating tarball
packaged installation of ‘ggmcmc’ as ‘ggmcmc_1.5.1.1_R_x86_64-pc-linux-gnu.tar.gz’
* DONE (ggmcmc)
* installing *binary* package ‘MCMCglmm’ ...
* ‘MCMCglmm’ was already a binary package and will not be rebuilt
* creating tarball
packaged installation of ‘MCMCglmm’ as ‘MCMCglmm_2.36_R_x86_64-pc-linux-gnu.tar.gz’
* DONE (MCMCglmm)
* installing *source* package ‘mfa’ ...
** package ‘mfa’ successfully unpacked and MD5 sums checked
** using staged installation
** libs
using C++ compiler: ‘g++ (Ubuntu 13.3.0-6ubuntu2~24.04) 13.3.0’
g++ -std=gnu++17 -I"/usr/local/lib/R/include" -DNDEBUG  -I'/usr/local/lib/R/site-library/Rcpp/include' -I/usr/local/include    -fpic  -g -O2 -fstack-protector-strong -Wformat -Wformat-security -Wdate-time -D_FORTIFY_SOURCE=2 -g  -DR_NO_REMAP -c RcppExports.cpp -o RcppExports.o
g++ -std=gnu++17 -I"/usr/local/lib/R/include" -DNDEBUG  -I'/usr/local/lib/R/site-library/Rcpp/include' -I/usr/local/include    -fpic  -g -O2 -fstack-protector-strong -Wformat -Wformat-security -Wdate-time -D_FORTIFY_SOURCE=2 -g  -DR_NO_REMAP -c gibbs.cpp -o gibbs.o
g++ -std=gnu++17 -shared -L/usr/local/lib/R/lib -L/usr/local/lib -o mfa.so RcppExports.o gibbs.o -L/usr/local/lib/R/lib -lR
installing to /mnt/library/00LOCK-mfa/00new/mfa/libs
** R
** inst
** byte-compile and prepare package for lazy loading
** help
*** installing help indices
** building package indices
** installing vignettes
** testing if installed package can be loaded from temporary location
** checking absolute paths in shared objects and dynamic libraries
** testing if installed package can be loaded from final location
** testing if installed package keeps a record of temporary installation path
* creating tarball
packaged installation of ‘mfa’ as ‘mfa_1.28.0_R_x86_64-pc-linux-gnu.tar.gz’
* DONE (mfa)

The downloaded source packages are in
	‘/tmp/Rtmpv45o6b/downloaded_packages’
Old packages: 'bslib', 'cli', 'curl', 'evaluate', 'httr2', 'jsonlite',
  'openssl', 'pillar', 'pkgbuild', 'processx', 'ps', 'purrr', 'R6', 'Rcpp',
  'rlang', 'sessioninfo', 'systemfonts', 'testthat', 'textshaping', 'tinytex',
  'xfun', 'zip', 'class', 'foreign', 'KernSmooth', 'MASS', 'Matrix', 'nlme',
  'nnet', 'rpart', 'spatial'

real	0m54.492s
user	0m18.480s
sys	0m4.225s
