'getOption("repos")' replaces Bioconductor standard repositories, see
'help("repositories", package = "BiocManager")' for details.
Replacement repositories:
    CRAN: https://p3m.dev/cran/__linux__/noble/latest
Bioconductor version 3.20 (BiocManager 1.30.25), R 4.4.2 (2024-10-31)
Installing package(s) 'universalmotif'
also installing the dependencies ‘CNEr’, ‘RcppThread’, ‘TFBSTools’, ‘motifStack’, ‘ggseqlogo’, ‘ggbio’

trying URL 'https://bioconductor.org/packages/3.20/bioc/src/contrib/CNEr_1.42.0.tar.gz'
Content type 'application/x-gzip' length 10052461 bytes (9.6 MB)
==================================================
downloaded 9.6 MB

trying URL 'https://p3m.dev/cran/__linux__/noble/latest/src/contrib/RcppThread_2.2.0.tar.gz'
Content type 'binary/octet-stream' length 195902 bytes (191 KB)
==================================================
downloaded 191 KB

trying URL 'https://bioconductor.org/packages/3.20/bioc/src/contrib/TFBSTools_1.44.0.tar.gz'
Content type 'application/x-gzip' length 601197 bytes (587 KB)
==================================================
downloaded 587 KB

trying URL 'https://bioconductor.org/packages/3.20/bioc/src/contrib/motifStack_1.50.0.tar.gz'
Content type 'application/x-gzip' length 2069051 bytes (2.0 MB)
==================================================
downloaded 2.0 MB

trying URL 'https://p3m.dev/cran/__linux__/noble/latest/src/contrib/ggseqlogo_0.2.tar.gz'
Content type 'binary/octet-stream' length 780238 bytes (761 KB)
==================================================
downloaded 761 KB

trying URL 'https://bioconductor.org/packages/3.20/bioc/src/contrib/ggbio_1.54.0.tar.gz'
Content type 'application/x-gzip' length 3251015 bytes (3.1 MB)
==================================================
downloaded 3.1 MB

trying URL 'https://bioconductor.org/packages/3.20/bioc/src/contrib/universalmotif_1.24.2.tar.gz'
Content type 'application/x-gzip' length 3704208 bytes (3.5 MB)
==================================================
downloaded 3.5 MB

* installing *source* package ‘CNEr’ ...
** package ‘CNEr’ successfully unpacked and MD5 sums checked
** using staged installation
** libs
using C compiler: ‘gcc (Ubuntu 13.3.0-6ubuntu2~24.04) 13.3.0’
gcc -I"/usr/local/lib/R/include" -DNDEBUG -D_FILE_OFFSET_BITS=64 -I'/mnt/library/S4Vectors/include' -I'/mnt/library/IRanges/include' -I'/mnt/library/XVector/include' -I/usr/local/include   -g -fpic  -g -O2 -fstack-protector-strong -Wformat -Wformat-security -Wdate-time -D_FORTIFY_SOURCE=2 -g  -c S4Vectors_stubs.c -o S4Vectors_stubs.o
gcc -I"/usr/local/lib/R/include" -DNDEBUG -D_FILE_OFFSET_BITS=64 -I'/mnt/library/S4Vectors/include' -I'/mnt/library/IRanges/include' -I'/mnt/library/XVector/include' -I/usr/local/include   -g -fpic  -g -O2 -fstack-protector-strong -Wformat -Wformat-security -Wdate-time -D_FORTIFY_SOURCE=2 -g  -c IRanges_stubs.c -o IRanges_stubs.o
gcc -I"/usr/local/lib/R/include" -DNDEBUG -D_FILE_OFFSET_BITS=64 -I'/mnt/library/S4Vectors/include' -I'/mnt/library/IRanges/include' -I'/mnt/library/XVector/include' -I/usr/local/include   -g -fpic  -g -O2 -fstack-protector-strong -Wformat -Wformat-security -Wdate-time -D_FORTIFY_SOURCE=2 -g  -c XVector_stubs.c -o XVector_stubs.o
gcc -I"/usr/local/lib/R/include" -DNDEBUG -D_FILE_OFFSET_BITS=64 -I'/mnt/library/S4Vectors/include' -I'/mnt/library/IRanges/include' -I'/mnt/library/XVector/include' -I/usr/local/include   -g -fpic  -g -O2 -fstack-protector-strong -Wformat -Wformat-security -Wdate-time -D_FORTIFY_SOURCE=2 -g  -c R_init_CNEr.c -o R_init_CNEr.o
gcc -I"/usr/local/lib/R/include" -DNDEBUG -D_FILE_OFFSET_BITS=64 -I'/mnt/library/S4Vectors/include' -I'/mnt/library/IRanges/include' -I'/mnt/library/XVector/include' -I/usr/local/include   -g -fpic  -g -O2 -fstack-protector-strong -Wformat -Wformat-security -Wdate-time -D_FORTIFY_SOURCE=2 -g  -c utils.c -o utils.o
gcc -I"/usr/local/lib/R/include" -DNDEBUG -D_FILE_OFFSET_BITS=64 -I'/mnt/library/S4Vectors/include' -I'/mnt/library/IRanges/include' -I'/mnt/library/XVector/include' -I/usr/local/include   -g -fpic  -g -O2 -fstack-protector-strong -Wformat -Wformat-security -Wdate-time -D_FORTIFY_SOURCE=2 -g  -c io.c -o io.o
gcc -I"/usr/local/lib/R/include" -DNDEBUG -D_FILE_OFFSET_BITS=64 -I'/mnt/library/S4Vectors/include' -I'/mnt/library/IRanges/include' -I'/mnt/library/XVector/include' -I/usr/local/include   -g -fpic  -g -O2 -fstack-protector-strong -Wformat -Wformat-security -Wdate-time -D_FORTIFY_SOURCE=2 -g  -c ceScan.c -o ceScan.o
gcc -I"/usr/local/lib/R/include" -DNDEBUG -D_FILE_OFFSET_BITS=64 -I'/mnt/library/S4Vectors/include' -I'/mnt/library/IRanges/include' -I'/mnt/library/XVector/include' -I/usr/local/include   -g -fpic  -g -O2 -fstack-protector-strong -Wformat -Wformat-security -Wdate-time -D_FORTIFY_SOURCE=2 -g  -c ucsc/axt.c -o ucsc/axt.o
gcc -I"/usr/local/lib/R/include" -DNDEBUG -D_FILE_OFFSET_BITS=64 -I'/mnt/library/S4Vectors/include' -I'/mnt/library/IRanges/include' -I'/mnt/library/XVector/include' -I/usr/local/include   -g -fpic  -g -O2 -fstack-protector-strong -Wformat -Wformat-security -Wdate-time -D_FORTIFY_SOURCE=2 -g  -c ucsc/base64.c -o ucsc/base64.o
gcc -I"/usr/local/lib/R/include" -DNDEBUG -D_FILE_OFFSET_BITS=64 -I'/mnt/library/S4Vectors/include' -I'/mnt/library/IRanges/include' -I'/mnt/library/XVector/include' -I/usr/local/include   -g -fpic  -g -O2 -fstack-protector-strong -Wformat -Wformat-security -Wdate-time -D_FORTIFY_SOURCE=2 -g  -c ucsc/binRange.c -o ucsc/binRange.o
gcc -I"/usr/local/lib/R/include" -DNDEBUG -D_FILE_OFFSET_BITS=64 -I'/mnt/library/S4Vectors/include' -I'/mnt/library/IRanges/include' -I'/mnt/library/XVector/include' -I/usr/local/include   -g -fpic  -g -O2 -fstack-protector-strong -Wformat -Wformat-security -Wdate-time -D_FORTIFY_SOURCE=2 -g  -c ucsc/bits.c -o ucsc/bits.o
gcc -I"/usr/local/lib/R/include" -DNDEBUG -D_FILE_OFFSET_BITS=64 -I'/mnt/library/S4Vectors/include' -I'/mnt/library/IRanges/include' -I'/mnt/library/XVector/include' -I/usr/local/include   -g -fpic  -g -O2 -fstack-protector-strong -Wformat -Wformat-security -Wdate-time -D_FORTIFY_SOURCE=2 -g  -c ucsc/chain.c -o ucsc/chain.o
gcc -I"/usr/local/lib/R/include" -DNDEBUG -D_FILE_OFFSET_BITS=64 -I'/mnt/library/S4Vectors/include' -I'/mnt/library/IRanges/include' -I'/mnt/library/XVector/include' -I/usr/local/include   -g -fpic  -g -O2 -fstack-protector-strong -Wformat -Wformat-security -Wdate-time -D_FORTIFY_SOURCE=2 -g  -c ucsc/_cheapcgi.c -o ucsc/_cheapcgi.o
gcc -I"/usr/local/lib/R/include" -DNDEBUG -D_FILE_OFFSET_BITS=64 -I'/mnt/library/S4Vectors/include' -I'/mnt/library/IRanges/include' -I'/mnt/library/XVector/include' -I/usr/local/include   -g -fpic  -g -O2 -fstack-protector-strong -Wformat -Wformat-security -Wdate-time -D_FORTIFY_SOURCE=2 -g  -c ucsc/cirTree.c -o ucsc/cirTree.o
gcc -I"/usr/local/lib/R/include" -DNDEBUG -D_FILE_OFFSET_BITS=64 -I'/mnt/library/S4Vectors/include' -I'/mnt/library/IRanges/include' -I'/mnt/library/XVector/include' -I/usr/local/include   -g -fpic  -g -O2 -fstack-protector-strong -Wformat -Wformat-security -Wdate-time -D_FORTIFY_SOURCE=2 -g  -c ucsc/common.c -o ucsc/common.o
gcc -I"/usr/local/lib/R/include" -DNDEBUG -D_FILE_OFFSET_BITS=64 -I'/mnt/library/S4Vectors/include' -I'/mnt/library/IRanges/include' -I'/mnt/library/XVector/include' -I/usr/local/include   -g -fpic  -g -O2 -fstack-protector-strong -Wformat -Wformat-security -Wdate-time -D_FORTIFY_SOURCE=2 -g  -c ucsc/dlist.c -o ucsc/dlist.o
gcc -I"/usr/local/lib/R/include" -DNDEBUG -D_FILE_OFFSET_BITS=64 -I'/mnt/library/S4Vectors/include' -I'/mnt/library/IRanges/include' -I'/mnt/library/XVector/include' -I/usr/local/include   -g -fpic  -g -O2 -fstack-protector-strong -Wformat -Wformat-security -Wdate-time -D_FORTIFY_SOURCE=2 -g  -c ucsc/dnaseq.c -o ucsc/dnaseq.o
gcc -I"/usr/local/lib/R/include" -DNDEBUG -D_FILE_OFFSET_BITS=64 -I'/mnt/library/S4Vectors/include' -I'/mnt/library/IRanges/include' -I'/mnt/library/XVector/include' -I/usr/local/include   -g -fpic  -g -O2 -fstack-protector-strong -Wformat -Wformat-security -Wdate-time -D_FORTIFY_SOURCE=2 -g  -c ucsc/dnautil.c -o ucsc/dnautil.o
gcc -I"/usr/local/lib/R/include" -DNDEBUG -D_FILE_OFFSET_BITS=64 -I'/mnt/library/S4Vectors/include' -I'/mnt/library/IRanges/include' -I'/mnt/library/XVector/include' -I/usr/local/include   -g -fpic  -g -O2 -fstack-protector-strong -Wformat -Wformat-security -Wdate-time -D_FORTIFY_SOURCE=2 -g  -c ucsc/dystring.c -o ucsc/dystring.o
gcc -I"/usr/local/lib/R/include" -DNDEBUG -D_FILE_OFFSET_BITS=64 -I'/mnt/library/S4Vectors/include' -I'/mnt/library/IRanges/include' -I'/mnt/library/XVector/include' -I/usr/local/include   -g -fpic  -g -O2 -fstack-protector-strong -Wformat -Wformat-security -Wdate-time -D_FORTIFY_SOURCE=2 -g  -c ucsc/errabort.c -o ucsc/errabort.o
gcc -I"/usr/local/lib/R/include" -DNDEBUG -D_FILE_OFFSET_BITS=64 -I'/mnt/library/S4Vectors/include' -I'/mnt/library/IRanges/include' -I'/mnt/library/XVector/include' -I/usr/local/include   -g -fpic  -g -O2 -fstack-protector-strong -Wformat -Wformat-security -Wdate-time -D_FORTIFY_SOURCE=2 -g  -c ucsc/hash.c -o ucsc/hash.o
gcc -I"/usr/local/lib/R/include" -DNDEBUG -D_FILE_OFFSET_BITS=64 -I'/mnt/library/S4Vectors/include' -I'/mnt/library/IRanges/include' -I'/mnt/library/XVector/include' -I/usr/local/include   -g -fpic  -g -O2 -fstack-protector-strong -Wformat -Wformat-security -Wdate-time -D_FORTIFY_SOURCE=2 -g  -c ucsc/https.c -o ucsc/https.o
gcc -I"/usr/local/lib/R/include" -DNDEBUG -D_FILE_OFFSET_BITS=64 -I'/mnt/library/S4Vectors/include' -I'/mnt/library/IRanges/include' -I'/mnt/library/XVector/include' -I/usr/local/include   -g -fpic  -g -O2 -fstack-protector-strong -Wformat -Wformat-security -Wdate-time -D_FORTIFY_SOURCE=2 -g  -c ucsc/intExp.c -o ucsc/intExp.o
gcc -I"/usr/local/lib/R/include" -DNDEBUG -D_FILE_OFFSET_BITS=64 -I'/mnt/library/S4Vectors/include' -I'/mnt/library/IRanges/include' -I'/mnt/library/XVector/include' -I/usr/local/include   -g -fpic  -g -O2 -fstack-protector-strong -Wformat -Wformat-security -Wdate-time -D_FORTIFY_SOURCE=2 -g  -c ucsc/kxTok.c -o ucsc/kxTok.o
gcc -I"/usr/local/lib/R/include" -DNDEBUG -D_FILE_OFFSET_BITS=64 -I'/mnt/library/S4Vectors/include' -I'/mnt/library/IRanges/include' -I'/mnt/library/XVector/include' -I/usr/local/include   -g -fpic  -g -O2 -fstack-protector-strong -Wformat -Wformat-security -Wdate-time -D_FORTIFY_SOURCE=2 -g  -c ucsc/linefile.c -o ucsc/linefile.o
gcc -I"/usr/local/lib/R/include" -DNDEBUG -D_FILE_OFFSET_BITS=64 -I'/mnt/library/S4Vectors/include' -I'/mnt/library/IRanges/include' -I'/mnt/library/XVector/include' -I/usr/local/include   -g -fpic  -g -O2 -fstack-protector-strong -Wformat -Wformat-security -Wdate-time -D_FORTIFY_SOURCE=2 -g  -c ucsc/localmem.c -o ucsc/localmem.o
gcc -I"/usr/local/lib/R/include" -DNDEBUG -D_FILE_OFFSET_BITS=64 -I'/mnt/library/S4Vectors/include' -I'/mnt/library/IRanges/include' -I'/mnt/library/XVector/include' -I/usr/local/include   -g -fpic  -g -O2 -fstack-protector-strong -Wformat -Wformat-security -Wdate-time -D_FORTIFY_SOURCE=2 -g  -c ucsc/memalloc.c -o ucsc/memalloc.o
gcc -I"/usr/local/lib/R/include" -DNDEBUG -D_FILE_OFFSET_BITS=64 -I'/mnt/library/S4Vectors/include' -I'/mnt/library/IRanges/include' -I'/mnt/library/XVector/include' -I/usr/local/include   -g -fpic  -g -O2 -fstack-protector-strong -Wformat -Wformat-security -Wdate-time -D_FORTIFY_SOURCE=2 -g  -c ucsc/obscure.c -o ucsc/obscure.o
gcc -I"/usr/local/lib/R/include" -DNDEBUG -D_FILE_OFFSET_BITS=64 -I'/mnt/library/S4Vectors/include' -I'/mnt/library/IRanges/include' -I'/mnt/library/XVector/include' -I/usr/local/include   -g -fpic  -g -O2 -fstack-protector-strong -Wformat -Wformat-security -Wdate-time -D_FORTIFY_SOURCE=2 -g  -c ucsc/options.c -o ucsc/options.o
gcc -I"/usr/local/lib/R/include" -DNDEBUG -D_FILE_OFFSET_BITS=64 -I'/mnt/library/S4Vectors/include' -I'/mnt/library/IRanges/include' -I'/mnt/library/XVector/include' -I/usr/local/include   -g -fpic  -g -O2 -fstack-protector-strong -Wformat -Wformat-security -Wdate-time -D_FORTIFY_SOURCE=2 -g  -c ucsc/pipeline.c -o ucsc/pipeline.o
gcc -I"/usr/local/lib/R/include" -DNDEBUG -D_FILE_OFFSET_BITS=64 -I'/mnt/library/S4Vectors/include' -I'/mnt/library/IRanges/include' -I'/mnt/library/XVector/include' -I/usr/local/include   -g -fpic  -g -O2 -fstack-protector-strong -Wformat -Wformat-security -Wdate-time -D_FORTIFY_SOURCE=2 -g  -c ucsc/_portimpl.c -o ucsc/_portimpl.o
gcc -I"/usr/local/lib/R/include" -DNDEBUG -D_FILE_OFFSET_BITS=64 -I'/mnt/library/S4Vectors/include' -I'/mnt/library/IRanges/include' -I'/mnt/library/XVector/include' -I/usr/local/include   -g -fpic  -g -O2 -fstack-protector-strong -Wformat -Wformat-security -Wdate-time -D_FORTIFY_SOURCE=2 -g  -c ucsc/sqlList.c -o ucsc/sqlList.o
gcc -I"/usr/local/lib/R/include" -DNDEBUG -D_FILE_OFFSET_BITS=64 -I'/mnt/library/S4Vectors/include' -I'/mnt/library/IRanges/include' -I'/mnt/library/XVector/include' -I/usr/local/include   -g -fpic  -g -O2 -fstack-protector-strong -Wformat -Wformat-security -Wdate-time -D_FORTIFY_SOURCE=2 -g  -c ucsc/sqlNum.c -o ucsc/sqlNum.o
gcc -I"/usr/local/lib/R/include" -DNDEBUG -D_FILE_OFFSET_BITS=64 -I'/mnt/library/S4Vectors/include' -I'/mnt/library/IRanges/include' -I'/mnt/library/XVector/include' -I/usr/local/include   -g -fpic  -g -O2 -fstack-protector-strong -Wformat -Wformat-security -Wdate-time -D_FORTIFY_SOURCE=2 -g  -c ucsc/verbose.c -o ucsc/verbose.o
gcc -I"/usr/local/lib/R/include" -DNDEBUG -D_FILE_OFFSET_BITS=64 -I'/mnt/library/S4Vectors/include' -I'/mnt/library/IRanges/include' -I'/mnt/library/XVector/include' -I/usr/local/include   -g -fpic  -g -O2 -fstack-protector-strong -Wformat -Wformat-security -Wdate-time -D_FORTIFY_SOURCE=2 -g  -c ucsc/os.c -o ucsc/os.o
gcc -I"/usr/local/lib/R/include" -DNDEBUG -D_FILE_OFFSET_BITS=64 -I'/mnt/library/S4Vectors/include' -I'/mnt/library/IRanges/include' -I'/mnt/library/XVector/include' -I/usr/local/include   -g -fpic  -g -O2 -fstack-protector-strong -Wformat -Wformat-security -Wdate-time -D_FORTIFY_SOURCE=2 -g  -c ucsc/wildcmp.c -o ucsc/wildcmp.o
gcc -shared -L/usr/local/lib/R/lib -L/usr/local/lib -o CNEr.so S4Vectors_stubs.o IRanges_stubs.o XVector_stubs.o R_init_CNEr.o utils.o io.o ceScan.o ucsc/axt.o ucsc/base64.o ucsc/binRange.o ucsc/bits.o ucsc/chain.o ucsc/_cheapcgi.o ucsc/cirTree.o ucsc/common.o ucsc/dlist.o ucsc/dnaseq.o ucsc/dnautil.o ucsc/dystring.o ucsc/errabort.o ucsc/hash.o ucsc/https.o ucsc/intExp.o ucsc/kxTok.o ucsc/linefile.o ucsc/localmem.o ucsc/memalloc.o ucsc/obscure.o ucsc/options.o ucsc/pipeline.o ucsc/_portimpl.o ucsc/sqlList.o ucsc/sqlNum.o ucsc/verbose.o ucsc/os.o ucsc/wildcmp.o -lz -L/usr/local/lib/R/lib -lR
installing to /mnt/library/00LOCK-CNEr/00new/CNEr/libs
** R
** data
** inst
** byte-compile and prepare package for lazy loading
Error in loadNamespace(j <- imp[[1L]], c(lib.loc, .libPaths()), versionCheck = vI[[j]]) : 
  there is no package called ‘pwalign’
Calls: <Anonymous> ... loadNamespace -> withRestarts -> withOneRestart -> doWithOneRestart
Execution halted
ERROR: lazy loading failed for package ‘CNEr’
* removing ‘/mnt/library/CNEr’
* installing *binary* package ‘RcppThread’ ...
* ‘RcppThread’ was already a binary package and will not be rebuilt
* creating tarball
packaged installation of ‘RcppThread’ as ‘RcppThread_2.2.0_R_x86_64-pc-linux-gnu.tar.gz’
* DONE (RcppThread)
* installing *binary* package ‘ggseqlogo’ ...
* ‘ggseqlogo’ was already a binary package and will not be rebuilt
* creating tarball
packaged installation of ‘ggseqlogo’ as ‘ggseqlogo_0.2_R_x86_64-pc-linux-gnu.tar.gz’
* DONE (ggseqlogo)
* installing *source* package ‘ggbio’ ...
** package ‘ggbio’ successfully unpacked and MD5 sums checked
** using staged installation
** R
** inst
** byte-compile and prepare package for lazy loading
Creating a new generic function for 'rescale' in package 'ggbio'
Creating a new generic function for 'xlim' in package 'ggbio'
Creating a new generic function for 'geom_rect' in package 'ggbio'
Creating a new generic function for 'geom_segment' in package 'ggbio'
Creating a new generic function for 'geom_bar' in package 'ggbio'
Creating a new generic function for 'stat_identity' in package 'ggbio'
Creating a new generic function for 'stat_bin' in package 'ggbio'
** help
*** installing help indices
** building package indices
** installing vignettes
** testing if installed package can be loaded from temporary location
** testing if installed package can be loaded from final location
** testing if installed package keeps a record of temporary installation path
* creating tarball
packaged installation of ‘ggbio’ as ‘ggbio_1.54.0_R_x86_64-pc-linux-gnu.tar.gz’
* DONE (ggbio)
ERROR: dependency ‘CNEr’ is not available for package ‘TFBSTools’
* removing ‘/mnt/library/TFBSTools’
* installing *source* package ‘universalmotif’ ...
** using staged installation
** libs
using C++ compiler: ‘g++ (Ubuntu 13.3.0-6ubuntu2~24.04) 13.3.0’
using C++11
g++ -std=gnu++11 -I"/usr/local/lib/R/include" -DNDEBUG  -I'/usr/local/lib/R/site-library/Rcpp/include' -I'/mnt/library/RcppThread/include' -I/usr/local/include    -fpic  -g -O2 -fstack-protector-strong -Wformat -Wformat-security -Wdate-time -D_FORTIFY_SOURCE=2 -g  -DR_NO_REMAP -c RcppExports.cpp -o RcppExports.o
g++ -std=gnu++11 -I"/usr/local/lib/R/include" -DNDEBUG  -I'/usr/local/lib/R/site-library/Rcpp/include' -I'/mnt/library/RcppThread/include' -I/usr/local/include    -fpic  -g -O2 -fstack-protector-strong -Wformat -Wformat-security -Wdate-time -D_FORTIFY_SOURCE=2 -g  -DR_NO_REMAP -c add_multifreq.cpp -o add_multifreq.o
g++ -std=gnu++11 -I"/usr/local/lib/R/include" -DNDEBUG  -I'/usr/local/lib/R/site-library/Rcpp/include' -I'/mnt/library/RcppThread/include' -I/usr/local/include    -fpic  -g -O2 -fstack-protector-strong -Wformat -Wformat-security -Wdate-time -D_FORTIFY_SOURCE=2 -g  -DR_NO_REMAP -c calc_complexity.cpp -o calc_complexity.o
g++ -std=gnu++11 -I"/usr/local/lib/R/include" -DNDEBUG  -I'/usr/local/lib/R/site-library/Rcpp/include' -I'/mnt/library/RcppThread/include' -I/usr/local/include    -fpic  -g -O2 -fstack-protector-strong -Wformat -Wformat-security -Wdate-time -D_FORTIFY_SOURCE=2 -g  -DR_NO_REMAP -c compare_motifs.cpp -o compare_motifs.o
g++ -std=gnu++11 -I"/usr/local/lib/R/include" -DNDEBUG  -I'/usr/local/lib/R/site-library/Rcpp/include' -I'/mnt/library/RcppThread/include' -I/usr/local/include    -fpic  -g -O2 -fstack-protector-strong -Wformat -Wformat-security -Wdate-time -D_FORTIFY_SOURCE=2 -g  -DR_NO_REMAP -c get_bkg.cpp -o get_bkg.o
g++ -std=gnu++11 -I"/usr/local/lib/R/include" -DNDEBUG  -I'/usr/local/lib/R/site-library/Rcpp/include' -I'/mnt/library/RcppThread/include' -I/usr/local/include    -fpic  -g -O2 -fstack-protector-strong -Wformat -Wformat-security -Wdate-time -D_FORTIFY_SOURCE=2 -g  -DR_NO_REMAP -c motif_finder.cpp -o motif_finder.o
g++ -std=gnu++11 -I"/usr/local/lib/R/include" -DNDEBUG  -I'/usr/local/lib/R/site-library/Rcpp/include' -I'/mnt/library/RcppThread/include' -I/usr/local/include    -fpic  -g -O2 -fstack-protector-strong -Wformat -Wformat-security -Wdate-time -D_FORTIFY_SOURCE=2 -g  -DR_NO_REMAP -c motif_peaks.cpp -o motif_peaks.o
g++ -std=gnu++11 -I"/usr/local/lib/R/include" -DNDEBUG  -I'/usr/local/lib/R/site-library/Rcpp/include' -I'/mnt/library/RcppThread/include' -I/usr/local/include    -fpic  -g -O2 -fstack-protector-strong -Wformat -Wformat-security -Wdate-time -D_FORTIFY_SOURCE=2 -g  -DR_NO_REMAP -c motif_pvalue.cpp -o motif_pvalue.o
g++ -std=gnu++11 -I"/usr/local/lib/R/include" -DNDEBUG  -I'/usr/local/lib/R/site-library/Rcpp/include' -I'/mnt/library/RcppThread/include' -I/usr/local/include    -fpic  -g -O2 -fstack-protector-strong -Wformat -Wformat-security -Wdate-time -D_FORTIFY_SOURCE=2 -g  -DR_NO_REMAP -c scan_sequences.cpp -o scan_sequences.o
g++ -std=gnu++11 -I"/usr/local/lib/R/include" -DNDEBUG  -I'/usr/local/lib/R/site-library/Rcpp/include' -I'/mnt/library/RcppThread/include' -I/usr/local/include    -fpic  -g -O2 -fstack-protector-strong -Wformat -Wformat-security -Wdate-time -D_FORTIFY_SOURCE=2 -g  -DR_NO_REMAP -c shuffle_sequences.cpp -o shuffle_sequences.o
g++ -std=gnu++11 -I"/usr/local/lib/R/include" -DNDEBUG  -I'/usr/local/lib/R/site-library/Rcpp/include' -I'/mnt/library/RcppThread/include' -I/usr/local/include    -fpic  -g -O2 -fstack-protector-strong -Wformat -Wformat-security -Wdate-time -D_FORTIFY_SOURCE=2 -g  -DR_NO_REMAP -c trim_motifs.cpp -o trim_motifs.o
g++ -std=gnu++11 -I"/usr/local/lib/R/include" -DNDEBUG  -I'/usr/local/lib/R/site-library/Rcpp/include' -I'/mnt/library/RcppThread/include' -I/usr/local/include    -fpic  -g -O2 -fstack-protector-strong -Wformat -Wformat-security -Wdate-time -D_FORTIFY_SOURCE=2 -g  -DR_NO_REMAP -c universalmotif-class.cpp -o universalmotif-class.o
g++ -std=gnu++11 -I"/usr/local/lib/R/include" -DNDEBUG  -I'/usr/local/lib/R/site-library/Rcpp/include' -I'/mnt/library/RcppThread/include' -I/usr/local/include    -fpic  -g -O2 -fstack-protector-strong -Wformat -Wformat-security -Wdate-time -D_FORTIFY_SOURCE=2 -g  -DR_NO_REMAP -c utils-exported.cpp -o utils-exported.o
g++ -std=gnu++11 -I"/usr/local/lib/R/include" -DNDEBUG  -I'/usr/local/lib/R/site-library/Rcpp/include' -I'/mnt/library/RcppThread/include' -I/usr/local/include    -fpic  -g -O2 -fstack-protector-strong -Wformat -Wformat-security -Wdate-time -D_FORTIFY_SOURCE=2 -g  -DR_NO_REMAP -c utils-internal.cpp -o utils-internal.o
g++ -std=gnu++11 -shared -L/usr/local/lib/R/lib -L/usr/local/lib -o universalmotif.so RcppExports.o add_multifreq.o calc_complexity.o compare_motifs.o get_bkg.o motif_finder.o motif_peaks.o motif_pvalue.o scan_sequences.o shuffle_sequences.o trim_motifs.o universalmotif-class.o utils-exported.o utils-internal.o -latomic -lpthread -L/usr/local/lib/R/lib -lR
if test -e "/usr/bin/strip" & test -e "/bin/uname" & [[ `uname` == "Linux" ]] ; then /usr/bin/strip --strip-debug universalmotif.so; fi
installing to /mnt/library/00LOCK-universalmotif/00new/universalmotif/libs
** R
** data
** inst
** byte-compile and prepare package for lazy loading
in method for ‘convert_motifs’ with signature ‘motifs="MotifList"’: no definition for class “MotifList”
in method for ‘convert_motifs’ with signature ‘motifs="TFFMFirst"’: no definition for class “TFFMFirst”
in method for ‘convert_motifs’ with signature ‘motifs="PFMatrix"’: no definition for class “PFMatrix”
in method for ‘convert_motifs’ with signature ‘motifs="PWMatrix"’: no definition for class “PWMatrix”
in method for ‘convert_motifs’ with signature ‘motifs="ICMatrix"’: no definition for class “ICMatrix”
in method for ‘convert_motifs’ with signature ‘motifs="XMatrixList"’: no definition for class “XMatrixList”
in method for ‘convert_motifs’ with signature ‘motifs="pwm"’: no definition for class “pwm”
in method for ‘convert_motifs’ with signature ‘motifs="pcm"’: no definition for class “pcm”
in method for ‘convert_motifs’ with signature ‘motifs="pfm"’: no definition for class “pfm”
in method for ‘convert_motifs’ with signature ‘motifs="PWM"’: no definition for class “PWM”
in method for ‘convert_motifs’ with signature ‘motifs="Motif"’: no definition for class “Motif”
** help
*** installing help indices
** building package indices
** installing vignettes
** testing if installed package can be loaded from temporary location
** checking absolute paths in shared objects and dynamic libraries
** testing if installed package can be loaded from final location
** testing if installed package keeps a record of temporary installation path
* creating tarball
packaged installation of ‘universalmotif’ as ‘universalmotif_1.24.2_R_x86_64-pc-linux-gnu.tar.gz’
* DONE (universalmotif)
ERROR: dependency ‘TFBSTools’ is not available for package ‘motifStack’
* removing ‘/mnt/library/motifStack’

The downloaded source packages are in
	‘/tmp/RtmpSw7ySG/downloaded_packages’
Old packages: 'bslib', 'cli', 'curl', 'evaluate', 'httr2', 'jsonlite',
  'openssl', 'pillar', 'pkgbuild', 'processx', 'ps', 'purrr', 'R6', 'Rcpp',
  'rlang', 'sessioninfo', 'systemfonts', 'testthat', 'textshaping', 'tinytex',
  'xfun', 'zip', 'class', 'foreign', 'KernSmooth', 'MASS', 'Matrix', 'nlme',
  'nnet', 'rpart', 'spatial'
Warning messages:
1: In install.packages(...) :
  installation of package ‘CNEr’ had non-zero exit status
2: In install.packages(...) :
  installation of package ‘TFBSTools’ had non-zero exit status
3: In install.packages(...) :
  installation of package ‘motifStack’ had non-zero exit status

real	5m28.396s
user	2m25.857s
sys	0m18.940s
