'getOption("repos")' replaces Bioconductor standard repositories, see
'help("repositories", package = "BiocManager")' for details.
Replacement repositories:
    CRAN: https://p3m.dev/cran/__linux__/noble/latest
Bioconductor version 3.20 (BiocManager 1.30.25), R 4.4.2 (2024-10-31)
Installing package(s) 'GAprediction'
also installing the dependency ‘glmnet’

trying URL 'https://p3m.dev/cran/__linux__/noble/latest/src/contrib/glmnet_4.1-8.tar.gz'
Content type 'binary/octet-stream' length 2011793 bytes (1.9 MB)
==================================================
downloaded 1.9 MB

trying URL 'https://bioconductor.org/packages/3.20/bioc/src/contrib/GAprediction_1.32.0.tar.gz'
Content type 'application/x-gzip' length 1894389 bytes (1.8 MB)
==================================================
downloaded 1.8 MB

* installing *binary* package ‘glmnet’ ...
* ‘glmnet’ was already a binary package and will not be rebuilt
* creating tarball
packaged installation of ‘glmnet’ as ‘glmnet_4.1-8_R_x86_64-pc-linux-gnu.tar.gz’
* DONE (glmnet)
* installing *source* package ‘GAprediction’ ...
** package ‘GAprediction’ successfully unpacked and MD5 sums checked
** using staged installation
** R
** inst
** byte-compile and prepare package for lazy loading
** help
*** installing help indices
** building package indices
** installing vignettes
** testing if installed package can be loaded from temporary location
** testing if installed package can be loaded from final location
** testing if installed package keeps a record of temporary installation path
* creating tarball
packaged installation of ‘GAprediction’ as ‘GAprediction_1.32.0_R_x86_64-pc-linux-gnu.tar.gz’
* DONE (GAprediction)

The downloaded source packages are in
	‘/tmp/RtmpELkmvX/downloaded_packages’
Old packages: 'bslib', 'cli', 'curl', 'evaluate', 'httr2', 'jsonlite',
  'openssl', 'pillar', 'pkgbuild', 'processx', 'ps', 'purrr', 'R6', 'Rcpp',
  'rlang', 'sessioninfo', 'systemfonts', 'testthat', 'textshaping', 'tinytex',
  'xfun', 'zip', 'class', 'foreign', 'KernSmooth', 'MASS', 'Matrix', 'nlme',
  'nnet', 'rpart', 'spatial'

real	0m25.570s
user	0m9.174s
sys	0m2.628s
