'getOption("repos")' replaces Bioconductor standard repositories, see
'help("repositories", package = "BiocManager")' for details.
Replacement repositories:
    CRAN: https://p3m.dev/cran/__linux__/noble/latest
Bioconductor version 3.20 (BiocManager 1.30.25), R 4.4.2 (2024-10-31)
Installing package(s) 'RImmPort'
also installing the dependencies ‘gsubfn’, ‘proto’, ‘chron’, ‘sqldf’

trying URL 'https://p3m.dev/cran/__linux__/noble/latest/src/contrib/gsubfn_0.7.tar.gz'
Content type 'binary/octet-stream' length 355746 bytes (347 KB)
==================================================
downloaded 347 KB

trying URL 'https://p3m.dev/cran/__linux__/noble/latest/src/contrib/proto_1.0.0.tar.gz'
Content type 'binary/octet-stream' length 470499 bytes (459 KB)
==================================================
downloaded 459 KB

trying URL 'https://p3m.dev/cran/__linux__/noble/latest/src/contrib/chron_2.3-62.tar.gz'
Content type 'binary/octet-stream' length 189139 bytes (184 KB)
==================================================
downloaded 184 KB

trying URL 'https://p3m.dev/cran/__linux__/noble/latest/src/contrib/sqldf_0.4-11.tar.gz'
Content type 'binary/octet-stream' length 77638 bytes (75 KB)
==================================================
downloaded 75 KB

trying URL 'https://bioconductor.org/packages/3.20/bioc/src/contrib/RImmPort_1.34.0.tar.gz'
Content type 'application/x-gzip' length 2965243 bytes (2.8 MB)
==================================================
downloaded 2.8 MB

* installing *binary* package ‘proto’ ...
* ‘proto’ was already a binary package and will not be rebuilt
* creating tarball
packaged installation of ‘proto’ as ‘proto_1.0.0_R_x86_64-pc-linux-gnu.tar.gz’
* DONE (proto)
* installing *binary* package ‘chron’ ...
* ‘chron’ was already a binary package and will not be rebuilt
* creating tarball
packaged installation of ‘chron’ as ‘chron_2.3-62_R_x86_64-pc-linux-gnu.tar.gz’
* DONE (chron)
* installing *binary* package ‘gsubfn’ ...
* ‘gsubfn’ was already a binary package and will not be rebuilt
* creating tarball
packaged installation of ‘gsubfn’ as ‘gsubfn_0.7_R_x86_64-pc-linux-gnu.tar.gz’
* DONE (gsubfn)
* installing *binary* package ‘sqldf’ ...
* ‘sqldf’ was already a binary package and will not be rebuilt
* creating tarball
packaged installation of ‘sqldf’ as ‘sqldf_0.4-11_R_x86_64-pc-linux-gnu.tar.gz’
* DONE (sqldf)
* installing *source* package ‘RImmPort’ ...
** package ‘RImmPort’ successfully unpacked and MD5 sums checked
** using staged installation
** R
** inst
** byte-compile and prepare package for lazy loading
Warning: S3 methods ‘[<-.result’, ‘as.function.formula’, ‘$.fn’ were declared in NAMESPACE but not found
** help
*** installing help indices
** building package indices
** installing vignettes
** testing if installed package can be loaded from temporary location
** testing if installed package can be loaded from final location
** testing if installed package keeps a record of temporary installation path
* creating tarball
packaged installation of ‘RImmPort’ as ‘RImmPort_1.34.0_R_x86_64-pc-linux-gnu.tar.gz’
* DONE (RImmPort)

The downloaded source packages are in
	‘/tmp/Rtmp8dTVho/downloaded_packages’
Old packages: 'bslib', 'cli', 'curl', 'evaluate', 'httr2', 'jsonlite',
  'openssl', 'pillar', 'pkgbuild', 'processx', 'ps', 'purrr', 'R6', 'Rcpp',
  'rlang', 'sessioninfo', 'systemfonts', 'testthat', 'textshaping', 'tinytex',
  'xfun', 'zip', 'class', 'foreign', 'KernSmooth', 'MASS', 'Matrix', 'nlme',
  'nnet', 'rpart', 'spatial'

real	13m0.699s
user	0m11.327s
sys	0m4.664s
