'getOption("repos")' replaces Bioconductor standard repositories, see
'help("repositories", package = "BiocManager")' for details.
Replacement repositories:
    CRAN: https://p3m.dev/cran/__linux__/noble/latest
Bioconductor version 3.20 (BiocManager 1.30.25), R 4.4.2 (2024-10-31)
Installing package(s) 'hypeR'
also installing the dependencies ‘babelgene’, ‘msigdbr’

trying URL 'https://p3m.dev/cran/__linux__/noble/latest/src/contrib/babelgene_22.9.tar.gz'
Content type 'binary/octet-stream' length 3651837 bytes (3.5 MB)
==================================================
downloaded 3.5 MB

trying URL 'https://p3m.dev/cran/__linux__/noble/latest/src/contrib/msigdbr_7.5.1.tar.gz'
Content type 'binary/octet-stream' length 6152511 bytes (5.9 MB)
==================================================
downloaded 5.9 MB

trying URL 'https://bioconductor.org/packages/3.20/bioc/src/contrib/hypeR_2.4.0.tar.gz'
Content type 'application/x-gzip' length 326621 bytes (318 KB)
==================================================
downloaded 318 KB

* installing *binary* package ‘babelgene’ ...
* ‘babelgene’ was already a binary package and will not be rebuilt
* creating tarball
packaged installation of ‘babelgene’ as ‘babelgene_22.9_R_x86_64-pc-linux-gnu.tar.gz’
* DONE (babelgene)
* installing *binary* package ‘msigdbr’ ...
* ‘msigdbr’ was already a binary package and will not be rebuilt
* creating tarball
packaged installation of ‘msigdbr’ as ‘msigdbr_7.5.1_R_x86_64-pc-linux-gnu.tar.gz’
* DONE (msigdbr)
* installing *source* package ‘hypeR’ ...
** package ‘hypeR’ successfully unpacked and MD5 sums checked
** using staged installation
** R
** inst
** byte-compile and prepare package for lazy loading
** help
*** installing help indices
** building package indices
** installing vignettes
** testing if installed package can be loaded from temporary location
** testing if installed package can be loaded from final location
** testing if installed package keeps a record of temporary installation path
* creating tarball
packaged installation of ‘hypeR’ as ‘hypeR_2.4.0_R_x86_64-pc-linux-gnu.tar.gz’
* DONE (hypeR)

The downloaded source packages are in
	‘/tmp/Rtmp7f0W08/downloaded_packages’
Old packages: 'bslib', 'cli', 'curl', 'evaluate', 'httr2', 'jsonlite',
  'openssl', 'pillar', 'pkgbuild', 'processx', 'ps', 'purrr', 'R6', 'Rcpp',
  'rlang', 'sessioninfo', 'systemfonts', 'testthat', 'textshaping', 'tinytex',
  'xfun', 'zip', 'class', 'foreign', 'KernSmooth', 'MASS', 'Matrix', 'nlme',
  'nnet', 'rpart', 'spatial'

real	8m45.871s
user	0m14.305s
sys	0m3.866s
