'getOption("repos")' replaces Bioconductor standard repositories, see
'help("repositories", package = "BiocManager")' for details.
Replacement repositories:
    CRAN: https://p3m.dev/cran/__linux__/noble/latest
Bioconductor version 3.20 (BiocManager 1.30.25), R 4.4.2 (2024-10-31)
Installing package(s) 'scPipe'
also installing the dependencies ‘bigsparser’, ‘bigreadr’, ‘bigutilsr’, ‘runonce’, ‘bigsnpr’, ‘locStra’

trying URL 'https://p3m.dev/cran/__linux__/noble/latest/src/contrib/bigsparser_0.7.3.tar.gz'
Content type 'binary/octet-stream' length 315884 bytes (308 KB)
==================================================
downloaded 308 KB

trying URL 'https://p3m.dev/cran/__linux__/noble/latest/src/contrib/bigreadr_0.2.5.tar.gz'
Content type 'binary/octet-stream' length 182016 bytes (177 KB)
==================================================
downloaded 177 KB

trying URL 'https://p3m.dev/cran/__linux__/noble/latest/src/contrib/bigutilsr_0.3.4.tar.gz'
Content type 'binary/octet-stream' length 1005620 bytes (982 KB)
==================================================
downloaded 982 KB

trying URL 'https://p3m.dev/cran/__linux__/noble/latest/src/contrib/runonce_0.2.3.tar.gz'
Content type 'binary/octet-stream' length 20299 bytes (19 KB)
==================================================
downloaded 19 KB

trying URL 'https://p3m.dev/cran/__linux__/noble/latest/src/contrib/bigsnpr_1.12.18.tar.gz'
Content type 'binary/octet-stream' length 1328967 bytes (1.3 MB)
==================================================
downloaded 1.3 MB

trying URL 'https://p3m.dev/cran/__linux__/noble/latest/src/contrib/locStra_1.9.tar.gz'
Content type 'binary/octet-stream' length 260510 bytes (254 KB)
==================================================
downloaded 254 KB

trying URL 'https://bioconductor.org/packages/3.20/bioc/src/contrib/scPipe_2.6.0.tar.gz'
Content type 'application/x-gzip' length 13262607 bytes (12.6 MB)
==================================================
downloaded 12.6 MB

* installing *binary* package ‘bigsparser’ ...
* ‘bigsparser’ was already a binary package and will not be rebuilt
* creating tarball
packaged installation of ‘bigsparser’ as ‘bigsparser_0.7.3_R_x86_64-pc-linux-gnu.tar.gz’
* DONE (bigsparser)
* installing *binary* package ‘bigreadr’ ...
* ‘bigreadr’ was already a binary package and will not be rebuilt
* creating tarball
packaged installation of ‘bigreadr’ as ‘bigreadr_0.2.5_R_x86_64-pc-linux-gnu.tar.gz’
* DONE (bigreadr)
* installing *binary* package ‘bigutilsr’ ...
* ‘bigutilsr’ was already a binary package and will not be rebuilt
* creating tarball
packaged installation of ‘bigutilsr’ as ‘bigutilsr_0.3.4_R_x86_64-pc-linux-gnu.tar.gz’
* DONE (bigutilsr)
* installing *binary* package ‘runonce’ ...
* ‘runonce’ was already a binary package and will not be rebuilt
* creating tarball
packaged installation of ‘runonce’ as ‘runonce_0.2.3_R_x86_64-pc-linux-gnu.tar.gz’
* DONE (runonce)
* installing *source* package ‘scPipe’ ...
** package ‘scPipe’ successfully unpacked and MD5 sums checked
** using staged installation
** libs
using C compiler: ‘gcc (Ubuntu 13.3.0-6ubuntu2~24.04) 13.3.0’
using C++ compiler: ‘g++ (Ubuntu 13.3.0-6ubuntu2~24.04) 13.3.0’
using C++11
g++ -std=gnu++11 -I"/usr/local/lib/R/include" -DNDEBUG -D_FILE_OFFSET_BITS=64 -I'/usr/local/lib/R/site-library/Rcpp/include' -I'/mnt/library/Rhtslib/include' -I'/mnt/library/zlibbioc/include' -I'/usr/local/lib/R/site-library/testthat/include' -I/usr/local/include    -fpic  -g -O2 -fstack-protector-strong -Wformat -Wformat-security -Wdate-time -D_FORTIFY_SOURCE=2 -g  -DR_NO_REMAP -c FragmentThread.cpp -o FragmentThread.o
g++ -std=gnu++11 -I"/usr/local/lib/R/include" -DNDEBUG -D_FILE_OFFSET_BITS=64 -I'/usr/local/lib/R/site-library/Rcpp/include' -I'/mnt/library/Rhtslib/include' -I'/mnt/library/zlibbioc/include' -I'/usr/local/lib/R/site-library/testthat/include' -I/usr/local/include    -fpic  -g -O2 -fstack-protector-strong -Wformat -Wformat-security -Wdate-time -D_FORTIFY_SOURCE=2 -g  -DR_NO_REMAP -c FragmentUtils.cpp -o FragmentUtils.o
g++ -std=gnu++11 -I"/usr/local/lib/R/include" -DNDEBUG -D_FILE_OFFSET_BITS=64 -I'/usr/local/lib/R/site-library/Rcpp/include' -I'/mnt/library/Rhtslib/include' -I'/mnt/library/zlibbioc/include' -I'/usr/local/lib/R/site-library/testthat/include' -I/usr/local/include    -fpic  -g -O2 -fstack-protector-strong -Wformat -Wformat-security -Wdate-time -D_FORTIFY_SOURCE=2 -g  -DR_NO_REMAP -c Gene.cpp -o Gene.o
g++ -std=gnu++11 -I"/usr/local/lib/R/include" -DNDEBUG -D_FILE_OFFSET_BITS=64 -I'/usr/local/lib/R/site-library/Rcpp/include' -I'/mnt/library/Rhtslib/include' -I'/mnt/library/zlibbioc/include' -I'/usr/local/lib/R/site-library/testthat/include' -I/usr/local/include    -fpic  -g -O2 -fstack-protector-strong -Wformat -Wformat-security -Wdate-time -D_FORTIFY_SOURCE=2 -g  -DR_NO_REMAP -c Interval.cpp -o Interval.o
g++ -std=gnu++11 -I"/usr/local/lib/R/include" -DNDEBUG -D_FILE_OFFSET_BITS=64 -I'/usr/local/lib/R/site-library/Rcpp/include' -I'/mnt/library/Rhtslib/include' -I'/mnt/library/zlibbioc/include' -I'/usr/local/lib/R/site-library/testthat/include' -I/usr/local/include    -fpic  -g -O2 -fstack-protector-strong -Wformat -Wformat-security -Wdate-time -D_FORTIFY_SOURCE=2 -g  -DR_NO_REMAP -c RcppExports.cpp -o RcppExports.o
g++ -std=gnu++11 -I"/usr/local/lib/R/include" -DNDEBUG -D_FILE_OFFSET_BITS=64 -I'/usr/local/lib/R/site-library/Rcpp/include' -I'/mnt/library/Rhtslib/include' -I'/mnt/library/zlibbioc/include' -I'/usr/local/lib/R/site-library/testthat/include' -I/usr/local/include    -fpic  -g -O2 -fstack-protector-strong -Wformat -Wformat-security -Wdate-time -D_FORTIFY_SOURCE=2 -g  -DR_NO_REMAP -c ResizeArray.cpp -o ResizeArray.o
g++ -std=gnu++11 -I"/usr/local/lib/R/include" -DNDEBUG -D_FILE_OFFSET_BITS=64 -I'/usr/local/lib/R/site-library/Rcpp/include' -I'/mnt/library/Rhtslib/include' -I'/mnt/library/zlibbioc/include' -I'/usr/local/lib/R/site-library/testthat/include' -I/usr/local/include    -fpic  -g -O2 -fstack-protector-strong -Wformat -Wformat-security -Wdate-time -D_FORTIFY_SOURCE=2 -g  -DR_NO_REMAP -c ThreadOutputFile.cpp -o ThreadOutputFile.o
g++ -std=gnu++11 -I"/usr/local/lib/R/include" -DNDEBUG -D_FILE_OFFSET_BITS=64 -I'/usr/local/lib/R/site-library/Rcpp/include' -I'/mnt/library/Rhtslib/include' -I'/mnt/library/zlibbioc/include' -I'/usr/local/lib/R/site-library/testthat/include' -I/usr/local/include    -fpic  -g -O2 -fstack-protector-strong -Wformat -Wformat-security -Wdate-time -D_FORTIFY_SOURCE=2 -g  -DR_NO_REMAP -c Trie.cpp -o Trie.o
gcc -I"/usr/local/lib/R/include" -DNDEBUG -D_FILE_OFFSET_BITS=64 -I'/usr/local/lib/R/site-library/Rcpp/include' -I'/mnt/library/Rhtslib/include' -I'/mnt/library/zlibbioc/include' -I'/usr/local/lib/R/site-library/testthat/include' -I/usr/local/include    -fpic  -g -O2 -fstack-protector-strong -Wformat -Wformat-security -Wdate-time -D_FORTIFY_SOURCE=2 -g  -c bam.c -o bam.o
g++ -std=gnu++11 -I"/usr/local/lib/R/include" -DNDEBUG -D_FILE_OFFSET_BITS=64 -I'/usr/local/lib/R/site-library/Rcpp/include' -I'/mnt/library/Rhtslib/include' -I'/mnt/library/zlibbioc/include' -I'/usr/local/lib/R/site-library/testthat/include' -I/usr/local/include    -fpic  -g -O2 -fstack-protector-strong -Wformat -Wformat-security -Wdate-time -D_FORTIFY_SOURCE=2 -g  -DR_NO_REMAP -c cellbarcode.cpp -o cellbarcode.o
g++ -std=gnu++11 -I"/usr/local/lib/R/include" -DNDEBUG -D_FILE_OFFSET_BITS=64 -I'/usr/local/lib/R/site-library/Rcpp/include' -I'/mnt/library/Rhtslib/include' -I'/mnt/library/zlibbioc/include' -I'/usr/local/lib/R/site-library/testthat/include' -I/usr/local/include    -fpic  -g -O2 -fstack-protector-strong -Wformat -Wformat-security -Wdate-time -D_FORTIFY_SOURCE=2 -g  -DR_NO_REMAP -c check_barcode_reads.cpp -o check_barcode_reads.o
g++ -std=gnu++11 -I"/usr/local/lib/R/include" -DNDEBUG -D_FILE_OFFSET_BITS=64 -I'/usr/local/lib/R/site-library/Rcpp/include' -I'/mnt/library/Rhtslib/include' -I'/mnt/library/zlibbioc/include' -I'/usr/local/lib/R/site-library/testthat/include' -I/usr/local/include    -fpic  -g -O2 -fstack-protector-strong -Wformat -Wformat-security -Wdate-time -D_FORTIFY_SOURCE=2 -g  -DR_NO_REMAP -c detect_barcode.cpp -o detect_barcode.o
g++ -std=gnu++11 -I"/usr/local/lib/R/include" -DNDEBUG -D_FILE_OFFSET_BITS=64 -I'/usr/local/lib/R/site-library/Rcpp/include' -I'/mnt/library/Rhtslib/include' -I'/mnt/library/zlibbioc/include' -I'/usr/local/lib/R/site-library/testthat/include' -I/usr/local/include    -fpic  -g -O2 -fstack-protector-strong -Wformat -Wformat-security -Wdate-time -D_FORTIFY_SOURCE=2 -g  -DR_NO_REMAP -c parsebam.cpp -o parsebam.o
g++ -std=gnu++11 -I"/usr/local/lib/R/include" -DNDEBUG -D_FILE_OFFSET_BITS=64 -I'/usr/local/lib/R/site-library/Rcpp/include' -I'/mnt/library/Rhtslib/include' -I'/mnt/library/zlibbioc/include' -I'/usr/local/lib/R/site-library/testthat/include' -I/usr/local/include    -fpic  -g -O2 -fstack-protector-strong -Wformat -Wformat-security -Wdate-time -D_FORTIFY_SOURCE=2 -g  -DR_NO_REMAP -c parsecount.cpp -o parsecount.o
g++ -std=gnu++11 -I"/usr/local/lib/R/include" -DNDEBUG -D_FILE_OFFSET_BITS=64 -I'/usr/local/lib/R/site-library/Rcpp/include' -I'/mnt/library/Rhtslib/include' -I'/mnt/library/zlibbioc/include' -I'/usr/local/lib/R/site-library/testthat/include' -I/usr/local/include    -fpic  -g -O2 -fstack-protector-strong -Wformat -Wformat-security -Wdate-time -D_FORTIFY_SOURCE=2 -g  -DR_NO_REMAP -c qc_per_bc_file_helper.cpp -o qc_per_bc_file_helper.o
g++ -std=gnu++11 -I"/usr/local/lib/R/include" -DNDEBUG -D_FILE_OFFSET_BITS=64 -I'/usr/local/lib/R/site-library/Rcpp/include' -I'/mnt/library/Rhtslib/include' -I'/mnt/library/zlibbioc/include' -I'/usr/local/lib/R/site-library/testthat/include' -I/usr/local/include    -fpic  -g -O2 -fstack-protector-strong -Wformat -Wformat-security -Wdate-time -D_FORTIFY_SOURCE=2 -g  -DR_NO_REMAP -c rcpp_scPipe_func.cpp -o rcpp_scPipe_func.o
g++ -std=gnu++11 -I"/usr/local/lib/R/include" -DNDEBUG -D_FILE_OFFSET_BITS=64 -I'/usr/local/lib/R/site-library/Rcpp/include' -I'/mnt/library/Rhtslib/include' -I'/mnt/library/zlibbioc/include' -I'/usr/local/lib/R/site-library/testthat/include' -I/usr/local/include    -fpic  -g -O2 -fstack-protector-strong -Wformat -Wformat-security -Wdate-time -D_FORTIFY_SOURCE=2 -g  -DR_NO_REMAP -c sc_atac_create_fragments.cpp -o sc_atac_create_fragments.o
g++ -std=gnu++11 -I"/usr/local/lib/R/include" -DNDEBUG -D_FILE_OFFSET_BITS=64 -I'/usr/local/lib/R/site-library/Rcpp/include' -I'/mnt/library/Rhtslib/include' -I'/mnt/library/zlibbioc/include' -I'/usr/local/lib/R/site-library/testthat/include' -I/usr/local/include    -fpic  -g -O2 -fstack-protector-strong -Wformat -Wformat-security -Wdate-time -D_FORTIFY_SOURCE=2 -g  -DR_NO_REMAP -c test-cpp.cpp -o test-cpp.o
g++ -std=gnu++11 -I"/usr/local/lib/R/include" -DNDEBUG -D_FILE_OFFSET_BITS=64 -I'/usr/local/lib/R/site-library/Rcpp/include' -I'/mnt/library/Rhtslib/include' -I'/mnt/library/zlibbioc/include' -I'/usr/local/lib/R/site-library/testthat/include' -I/usr/local/include    -fpic  -g -O2 -fstack-protector-strong -Wformat -Wformat-security -Wdate-time -D_FORTIFY_SOURCE=2 -g  -DR_NO_REMAP -c test-example.cpp -o test-example.o
g++ -std=gnu++11 -I"/usr/local/lib/R/include" -DNDEBUG -D_FILE_OFFSET_BITS=64 -I'/usr/local/lib/R/site-library/Rcpp/include' -I'/mnt/library/Rhtslib/include' -I'/mnt/library/zlibbioc/include' -I'/usr/local/lib/R/site-library/testthat/include' -I/usr/local/include    -fpic  -g -O2 -fstack-protector-strong -Wformat -Wformat-security -Wdate-time -D_FORTIFY_SOURCE=2 -g  -DR_NO_REMAP -c test-fragmentThread.cpp -o test-fragmentThread.o
g++ -std=gnu++11 -I"/usr/local/lib/R/include" -DNDEBUG -D_FILE_OFFSET_BITS=64 -I'/usr/local/lib/R/site-library/Rcpp/include' -I'/mnt/library/Rhtslib/include' -I'/mnt/library/zlibbioc/include' -I'/usr/local/lib/R/site-library/testthat/include' -I/usr/local/include    -fpic  -g -O2 -fstack-protector-strong -Wformat -Wformat-security -Wdate-time -D_FORTIFY_SOURCE=2 -g  -DR_NO_REMAP -c test-resizearray.cpp -o test-resizearray.o
g++ -std=gnu++11 -I"/usr/local/lib/R/include" -DNDEBUG -D_FILE_OFFSET_BITS=64 -I'/usr/local/lib/R/site-library/Rcpp/include' -I'/mnt/library/Rhtslib/include' -I'/mnt/library/zlibbioc/include' -I'/usr/local/lib/R/site-library/testthat/include' -I/usr/local/include    -fpic  -g -O2 -fstack-protector-strong -Wformat -Wformat-security -Wdate-time -D_FORTIFY_SOURCE=2 -g  -DR_NO_REMAP -c test-runner.cpp -o test-runner.o
g++ -std=gnu++11 -I"/usr/local/lib/R/include" -DNDEBUG -D_FILE_OFFSET_BITS=64 -I'/usr/local/lib/R/site-library/Rcpp/include' -I'/mnt/library/Rhtslib/include' -I'/mnt/library/zlibbioc/include' -I'/usr/local/lib/R/site-library/testthat/include' -I/usr/local/include    -fpic  -g -O2 -fstack-protector-strong -Wformat -Wformat-security -Wdate-time -D_FORTIFY_SOURCE=2 -g  -DR_NO_REMAP -c test-str_utils.cpp -o test-str_utils.o
g++ -std=gnu++11 -I"/usr/local/lib/R/include" -DNDEBUG -D_FILE_OFFSET_BITS=64 -I'/usr/local/lib/R/site-library/Rcpp/include' -I'/mnt/library/Rhtslib/include' -I'/mnt/library/zlibbioc/include' -I'/usr/local/lib/R/site-library/testthat/include' -I/usr/local/include    -fpic  -g -O2 -fstack-protector-strong -Wformat -Wformat-security -Wdate-time -D_FORTIFY_SOURCE=2 -g  -DR_NO_REMAP -c test-trie_matching.cpp -o test-trie_matching.o
g++ -std=gnu++11 -I"/usr/local/lib/R/include" -DNDEBUG -D_FILE_OFFSET_BITS=64 -I'/usr/local/lib/R/site-library/Rcpp/include' -I'/mnt/library/Rhtslib/include' -I'/mnt/library/zlibbioc/include' -I'/usr/local/lib/R/site-library/testthat/include' -I/usr/local/include    -fpic  -g -O2 -fstack-protector-strong -Wformat -Wformat-security -Wdate-time -D_FORTIFY_SOURCE=2 -g  -DR_NO_REMAP -c transcriptmapping.cpp -o transcriptmapping.o
g++ -std=gnu++11 -I"/usr/local/lib/R/include" -DNDEBUG -D_FILE_OFFSET_BITS=64 -I'/usr/local/lib/R/site-library/Rcpp/include' -I'/mnt/library/Rhtslib/include' -I'/mnt/library/zlibbioc/include' -I'/usr/local/lib/R/site-library/testthat/include' -I/usr/local/include    -fpic  -g -O2 -fstack-protector-strong -Wformat -Wformat-security -Wdate-time -D_FORTIFY_SOURCE=2 -g  -DR_NO_REMAP -c trimbarcode.cpp -o trimbarcode.o
g++ -std=gnu++11 -I"/usr/local/lib/R/include" -DNDEBUG -D_FILE_OFFSET_BITS=64 -I'/usr/local/lib/R/site-library/Rcpp/include' -I'/mnt/library/Rhtslib/include' -I'/mnt/library/zlibbioc/include' -I'/usr/local/lib/R/site-library/testthat/include' -I/usr/local/include    -fpic  -g -O2 -fstack-protector-strong -Wformat -Wformat-security -Wdate-time -D_FORTIFY_SOURCE=2 -g  -DR_NO_REMAP -c tsscreatebins.cpp -o tsscreatebins.o
g++ -std=gnu++11 -I"/usr/local/lib/R/include" -DNDEBUG -D_FILE_OFFSET_BITS=64 -I'/usr/local/lib/R/site-library/Rcpp/include' -I'/mnt/library/Rhtslib/include' -I'/mnt/library/zlibbioc/include' -I'/usr/local/lib/R/site-library/testthat/include' -I/usr/local/include    -fpic  -g -O2 -fstack-protector-strong -Wformat -Wformat-security -Wdate-time -D_FORTIFY_SOURCE=2 -g  -DR_NO_REMAP -c utils.cpp -o utils.o
g++ -std=gnu++11 -shared -L/usr/local/lib/R/lib -L/usr/local/lib -o scPipe.so FragmentThread.o FragmentUtils.o Gene.o Interval.o RcppExports.o ResizeArray.o ThreadOutputFile.o Trie.o bam.o cellbarcode.o check_barcode_reads.o detect_barcode.o parsebam.o parsecount.o qc_per_bc_file_helper.o rcpp_scPipe_func.o sc_atac_create_fragments.o test-cpp.o test-example.o test-fragmentThread.o test-resizearray.o test-runner.o test-str_utils.o test-trie_matching.o transcriptmapping.o trimbarcode.o tsscreatebins.o utils.o /mnt/library/Rhtslib/usrlib/libhts.a -lcurl -lbz2 -llzma -lz -L/usr/local/lib/R/lib -lR
installing to /mnt/library/00LOCK-scPipe/00new/scPipe/libs
** R
** data
** inst
** byte-compile and prepare package for lazy loading
** help
*** installing help indices
** building package indices
** installing vignettes
** testing if installed package can be loaded from temporary location
** checking absolute paths in shared objects and dynamic libraries
** testing if installed package can be loaded from final location
** testing if installed package keeps a record of temporary installation path
* creating tarball
packaged installation of ‘scPipe’ as ‘scPipe_2.6.0_R_x86_64-pc-linux-gnu.tar.gz’
* DONE (scPipe)
* installing *binary* package ‘bigsnpr’ ...
* ‘bigsnpr’ was already a binary package and will not be rebuilt
* creating tarball
packaged installation of ‘bigsnpr’ as ‘bigsnpr_1.12.18_R_x86_64-pc-linux-gnu.tar.gz’
* DONE (bigsnpr)
* installing *binary* package ‘locStra’ ...
* ‘locStra’ was already a binary package and will not be rebuilt
* creating tarball
packaged installation of ‘locStra’ as ‘locStra_1.9_R_x86_64-pc-linux-gnu.tar.gz’
* DONE (locStra)

The downloaded source packages are in
	‘/tmp/RtmpKVlGqU/downloaded_packages’
Old packages: 'bslib', 'cli', 'curl', 'evaluate', 'httr2', 'jsonlite',
  'openssl', 'pillar', 'pkgbuild', 'processx', 'ps', 'purrr', 'R6', 'Rcpp',
  'rlang', 'sessioninfo', 'systemfonts', 'testthat', 'textshaping', 'tinytex',
  'xfun', 'zip', 'class', 'foreign', 'KernSmooth', 'MASS', 'Matrix', 'nlme',
  'nnet', 'rpart', 'spatial'

real	4m15.604s
user	1m53.062s
sys	0m22.564s
