'getOption("repos")' replaces Bioconductor standard repositories, see
'help("repositories", package = "BiocManager")' for details.
Replacement repositories:
    CRAN: https://p3m.dev/cran/__linux__/noble/latest
Bioconductor version 3.20 (BiocManager 1.30.25), R 4.4.2 (2024-10-31)
Installing package(s) 'scry'
also installing the dependency ‘DuoClustering2018’

trying URL 'https://bioconductor.org/packages/3.20/data/experiment/src/contrib/DuoClustering2018_1.24.0.tar.gz'
Content type 'application/x-gzip' length 2316878 bytes (2.2 MB)
==================================================
downloaded 2.2 MB

trying URL 'https://bioconductor.org/packages/3.20/bioc/src/contrib/scry_1.18.0.tar.gz'
Content type 'application/x-gzip' length 4713931 bytes (4.5 MB)
==================================================
downloaded 4.5 MB

* installing *source* package ‘DuoClustering2018’ ...
** using staged installation
** R
** inst
** byte-compile and prepare package for lazy loading
** help
*** installing help indices
** building package indices
** installing vignettes
** testing if installed package can be loaded from temporary location
** testing if installed package can be loaded from final location
** testing if installed package keeps a record of temporary installation path
* creating tarball
packaged installation of ‘DuoClustering2018’ as ‘DuoClustering2018_1.24.0_R_x86_64-pc-linux-gnu.tar.gz’
* DONE (DuoClustering2018)
* installing *source* package ‘scry’ ...
** package ‘scry’ successfully unpacked and MD5 sums checked
** using staged installation
** R
** inst
** byte-compile and prepare package for lazy loading
** help
*** installing help indices
** building package indices
** installing vignettes
** testing if installed package can be loaded from temporary location
** testing if installed package can be loaded from final location
** testing if installed package keeps a record of temporary installation path
* creating tarball
packaged installation of ‘scry’ as ‘scry_1.18.0_R_x86_64-pc-linux-gnu.tar.gz’
* DONE (scry)

The downloaded source packages are in
	‘/tmp/Rtmp3DLasV/downloaded_packages’
Old packages: 'bslib', 'cli', 'curl', 'evaluate', 'httr2', 'jsonlite',
  'openssl', 'pillar', 'pkgbuild', 'processx', 'ps', 'purrr', 'R6', 'Rcpp',
  'rlang', 'sessioninfo', 'systemfonts', 'testthat', 'textshaping', 'tinytex',
  'xfun', 'zip', 'class', 'foreign', 'KernSmooth', 'MASS', 'Matrix', 'nlme',
  'nnet', 'rpart', 'spatial'

real	10m58.041s
user	0m40.514s
sys	0m7.722s
