'getOption("repos")' replaces Bioconductor standard repositories, see
'help("repositories", package = "BiocManager")' for details.
Replacement repositories:
    CRAN: https://p3m.dev/cran/__linux__/noble/latest
Bioconductor version 3.20 (BiocManager 1.30.25), R 4.4.2 (2024-10-31)
Installing package(s) 'MEB'
also installing the dependency ‘wrswoR’

trying URL 'https://p3m.dev/cran/__linux__/noble/latest/src/contrib/wrswoR_1.1.1.tar.gz'
Content type 'binary/octet-stream' length 62768 bytes (61 KB)
==================================================
downloaded 61 KB

trying URL 'https://bioconductor.org/packages/3.20/bioc/src/contrib/MEB_1.20.0.tar.gz'
Content type 'application/x-gzip' length 1236766 bytes (1.2 MB)
==================================================
downloaded 1.2 MB

* installing *binary* package ‘wrswoR’ ...
* ‘wrswoR’ was already a binary package and will not be rebuilt
* creating tarball
packaged installation of ‘wrswoR’ as ‘wrswoR_1.1.1_R_x86_64-pc-linux-gnu.tar.gz’
* DONE (wrswoR)
* installing *source* package ‘MEB’ ...
** package ‘MEB’ successfully unpacked and MD5 sums checked
** using staged installation
** R
** data
*** moving datasets to lazyload DB
** inst
** byte-compile and prepare package for lazy loading
** help
*** installing help indices
** building package indices
** installing vignettes
** testing if installed package can be loaded from temporary location
** testing if installed package can be loaded from final location
** testing if installed package keeps a record of temporary installation path
* creating tarball
packaged installation of ‘MEB’ as ‘MEB_1.20.0_R_x86_64-pc-linux-gnu.tar.gz’
* DONE (MEB)

The downloaded source packages are in
	‘/tmp/RtmpiyTfS0/downloaded_packages’
Old packages: 'bslib', 'cli', 'curl', 'evaluate', 'httr2', 'jsonlite',
  'openssl', 'pillar', 'pkgbuild', 'processx', 'ps', 'purrr', 'R6', 'Rcpp',
  'rlang', 'sessioninfo', 'systemfonts', 'testthat', 'textshaping', 'tinytex',
  'xfun', 'zip', 'class', 'foreign', 'KernSmooth', 'MASS', 'Matrix', 'nlme',
  'nnet', 'rpart', 'spatial'

real	2m3.688s
user	0m31.319s
sys	0m7.779s
