'getOption("repos")' replaces Bioconductor standard repositories, see
'help("repositories", package = "BiocManager")' for details.
Replacement repositories:
    CRAN: https://p3m.dev/cran/__linux__/noble/latest
Bioconductor version 3.20 (BiocManager 1.30.25), R 4.4.2 (2024-10-31)
Installing package(s) 'ggmanh'
also installing the dependency ‘paletteer’

trying URL 'https://p3m.dev/cran/__linux__/noble/latest/src/contrib/paletteer_1.6.0.tar.gz'
Content type 'binary/octet-stream' length 436089 bytes (425 KB)
==================================================
downloaded 425 KB

trying URL 'https://bioconductor.org/packages/3.20/bioc/src/contrib/ggmanh_1.10.0.tar.gz'
Content type 'application/x-gzip' length 4442390 bytes (4.2 MB)
==================================================
downloaded 4.2 MB

* installing *binary* package ‘paletteer’ ...
* ‘paletteer’ was already a binary package and will not be rebuilt
* creating tarball
packaged installation of ‘paletteer’ as ‘paletteer_1.6.0_R_x86_64-pc-linux-gnu.tar.gz’
* DONE (paletteer)
* installing *source* package ‘ggmanh’ ...
** package ‘ggmanh’ successfully unpacked and MD5 sums checked
** using staged installation
** R
** inst
** byte-compile and prepare package for lazy loading
in method for ‘binned_manhattan_plot’ with signature ‘"GRanges"’: no definition for class “GRanges”
in method for ‘binned_manhattan_preprocess’ with signature ‘"GRanges"’: no definition for class “GRanges”
in method for ‘manhattan_plot’ with signature ‘"GRanges"’: no definition for class “GRanges”
in method for ‘manhattan_data_preprocess’ with signature ‘"GRanges"’: no definition for class “GRanges”
** help
*** installing help indices
** building package indices
** installing vignettes
** testing if installed package can be loaded from temporary location
** testing if installed package can be loaded from final location
** testing if installed package keeps a record of temporary installation path
* creating tarball
packaged installation of ‘ggmanh’ as ‘ggmanh_1.10.0_R_x86_64-pc-linux-gnu.tar.gz’
* DONE (ggmanh)

The downloaded source packages are in
	‘/tmp/RtmpHrIJTt/downloaded_packages’
Old packages: 'bslib', 'cli', 'curl', 'evaluate', 'httr2', 'jsonlite',
  'openssl', 'pillar', 'pkgbuild', 'processx', 'ps', 'purrr', 'R6', 'Rcpp',
  'rlang', 'sessioninfo', 'systemfonts', 'testthat', 'textshaping', 'tinytex',
  'xfun', 'zip', 'class', 'foreign', 'KernSmooth', 'MASS', 'Matrix', 'nlme',
  'nnet', 'rpart', 'spatial'

real	54m37.392s
user	0m13.279s
sys	0m5.710s
