'getOption("repos")' replaces Bioconductor standard repositories, see
'help("repositories", package = "BiocManager")' for details.
Replacement repositories:
    CRAN: https://p3m.dev/cran/__linux__/noble/latest
Bioconductor version 3.20 (BiocManager 1.30.25), R 4.4.2 (2024-10-31)
Installing package(s) 'GWASTools'
also installing the dependencies ‘rtracklayer’, ‘BSgenome’, ‘GenomicFeatures’, ‘GWASExactHW’, ‘logistf’, ‘GWASdata’, ‘VariantAnnotation’

trying URL 'https://bioconductor.org/packages/3.20/bioc/src/contrib/rtracklayer_1.66.0.tar.gz'
Content type 'application/x-gzip' length 4112666 bytes (3.9 MB)
==================================================
downloaded 3.9 MB

trying URL 'https://bioconductor.org/packages/3.20/bioc/src/contrib/BSgenome_1.74.0.tar.gz'
Content type 'application/x-gzip' length 5903543 bytes (5.6 MB)
==================================================
downloaded 5.6 MB

trying URL 'https://bioconductor.org/packages/3.20/bioc/src/contrib/GenomicFeatures_1.58.0.tar.gz'
Content type 'application/x-gzip' length 571678 bytes (558 KB)
==================================================
downloaded 558 KB

trying URL 'https://p3m.dev/cran/__linux__/noble/latest/src/contrib/GWASExactHW_1.2.tar.gz'
Content type 'binary/octet-stream' length 13465 bytes (13 KB)
==================================================
downloaded 13 KB

trying URL 'https://p3m.dev/cran/__linux__/noble/latest/src/contrib/logistf_1.26.0.tar.gz'
Content type 'binary/octet-stream' length 266636 bytes (260 KB)
==================================================
downloaded 260 KB

trying URL 'https://bioconductor.org/packages/3.20/data/experiment/src/contrib/GWASdata_1.44.0.tar.gz'
Content type 'application/x-gzip' length 8649276 bytes (8.2 MB)
==================================================
downloaded 8.2 MB

trying URL 'https://bioconductor.org/packages/3.20/bioc/src/contrib/VariantAnnotation_1.52.0.tar.gz'
Content type 'application/x-gzip' length 2146415 bytes (2.0 MB)
==================================================
downloaded 2.0 MB

trying URL 'https://bioconductor.org/packages/3.20/bioc/src/contrib/GWASTools_1.52.0.tar.gz'
Content type 'application/x-gzip' length 2037571 bytes (1.9 MB)
==================================================
downloaded 1.9 MB

ERROR: failed to lock directory ‘/mnt/library’ for modifying
Try removing ‘/mnt/library/00LOCK-rtracklayer’
* installing *binary* package ‘GWASExactHW’ ...
* ‘GWASExactHW’ was already a binary package and will not be rebuilt
* creating tarball
packaged installation of ‘GWASExactHW’ as ‘GWASExactHW_1.2_R_x86_64-pc-linux-gnu.tar.gz’
* DONE (GWASExactHW)
* installing *binary* package ‘logistf’ ...
* ‘logistf’ was already a binary package and will not be rebuilt
* creating tarball
packaged installation of ‘logistf’ as ‘logistf_1.26.0_R_x86_64-pc-linux-gnu.tar.gz’
* DONE (logistf)
ERROR: dependency ‘rtracklayer’ is not available for package ‘BSgenome’
* removing ‘/mnt/library/BSgenome’
ERROR: dependency ‘rtracklayer’ is not available for package ‘GenomicFeatures’
* removing ‘/mnt/library/GenomicFeatures’
* installing *source* package ‘GWASTools’ ...
** package ‘GWASTools’ successfully unpacked and MD5 sums checked
** using staged installation
** R
** data
*** moving datasets to lazyload DB
** inst
** byte-compile and prepare package for lazy loading
** help
*** installing help indices
** building package indices
** installing vignettes
** testing if installed package can be loaded from temporary location
** testing if installed package can be loaded from final location
** testing if installed package keeps a record of temporary installation path
* creating tarball
packaged installation of ‘GWASTools’ as ‘GWASTools_1.52.0_R_x86_64-pc-linux-gnu.tar.gz’
* DONE (GWASTools)
* installing *source* package ‘GWASdata’ ...
** using staged installation
** data
** inst
** help
*** installing help indices
** building package indices
** testing if installed package can be loaded from temporary location
** testing if installed package can be loaded from final location
** testing if installed package keeps a record of temporary installation path
* creating tarball
Warning in utils::tar(filepath, curPkg, compression = "gzip", compression_level = 9L,  :
  storing paths of more than 100 bytes is not portable:
  ‘GWASdata/extdata/affy_raw_data/GIGAS_g_GAINmixHapMapAffy2_GenomeWideEx_6_A03_31250.BIRDSEED.ALLELE_SUMMARY.TXT’
Warning in utils::tar(filepath, curPkg, compression = "gzip", compression_level = 9L,  :
  storing paths of more than 100 bytes is not portable:
  ‘GWASdata/extdata/affy_raw_data/GIGAS_g_GAINmixHapMapAffy2_GenomeWideEx_6_A05_31282.BIRDSEED.ALLELE_SUMMARY.TXT’
Warning in utils::tar(filepath, curPkg, compression = "gzip", compression_level = 9L,  :
  storing paths of more than 100 bytes is not portable:
  ‘GWASdata/extdata/affy_raw_data/GIGAS_g_GAINmixHapMapAffy2_GenomeWideEx_6_B02_31236.BIRDSEED.ALLELE_SUMMARY.TXT’
packaged installation of ‘GWASdata’ as ‘GWASdata_1.44.0_R_x86_64-pc-linux-gnu.tar.gz’
* DONE (GWASdata)
ERROR: dependencies ‘BSgenome’, ‘GenomicFeatures’ are not available for package ‘VariantAnnotation’
* removing ‘/mnt/library/VariantAnnotation’

The downloaded source packages are in
	‘/tmp/RtmpYtj8rB/downloaded_packages’
Old packages: 'bslib', 'cli', 'curl', 'evaluate', 'httr2', 'jsonlite',
  'openssl', 'pillar', 'pkgbuild', 'processx', 'ps', 'purrr', 'R6', 'Rcpp',
  'rlang', 'sessioninfo', 'systemfonts', 'testthat', 'textshaping', 'tinytex',
  'xfun', 'zip', 'class', 'foreign', 'KernSmooth', 'MASS', 'Matrix', 'nlme',
  'nnet', 'rpart', 'spatial'
Warning messages:
1: In install.packages(...) :
  installation of package ‘rtracklayer’ had non-zero exit status
2: In install.packages(...) :
  installation of package ‘BSgenome’ had non-zero exit status
3: In install.packages(...) :
  installation of package ‘GenomicFeatures’ had non-zero exit status
4: In install.packages(...) :
  installation of package ‘VariantAnnotation’ had non-zero exit status

real	1m6.955s
user	0m34.468s
sys	0m7.448s
