'getOption("repos")' replaces Bioconductor standard repositories, see
'help("repositories", package = "BiocManager")' for details.
Replacement repositories:
    CRAN: https://p3m.dev/cran/__linux__/noble/latest
Bioconductor version 3.20 (BiocManager 1.30.25), R 4.4.2 (2024-10-31)
Installing package(s) 'CeTF'
also installing the dependency ‘GenomicTools.fileHandler’

trying URL 'https://p3m.dev/cran/__linux__/noble/latest/src/contrib/GenomicTools.fileHandler_0.1.5.9.tar.gz'
Content type 'application/x-tar' length 555403 bytes (542 KB)
==================================================
downloaded 542 KB

trying URL 'https://bioconductor.org/packages/3.20/bioc/src/contrib/CeTF_1.18.0.tar.gz'
Content type 'application/x-gzip' length 3981445 bytes (3.8 MB)
==================================================
downloaded 3.8 MB

* installing *source* package ‘GenomicTools.fileHandler’ ...
** package ‘GenomicTools.fileHandler’ successfully unpacked and MD5 sums checked
** using staged installation
** R
** inst
** byte-compile and prepare package for lazy loading
** help
*** installing help indices
** building package indices
** installing vignettes
** testing if installed package can be loaded from temporary location
** testing if installed package can be loaded from final location
** testing if installed package keeps a record of temporary installation path
* creating tarball
packaged installation of ‘GenomicTools.fileHandler’ as ‘GenomicTools.fileHandler_0.1.5.9_R_x86_64-pc-linux-gnu.tar.gz’
* DONE (GenomicTools.fileHandler)
* installing *source* package ‘CeTF’ ...
** package ‘CeTF’ successfully unpacked and MD5 sums checked
** using staged installation
** libs
using C++ compiler: ‘g++ (Ubuntu 13.3.0-6ubuntu2~24.04) 13.3.0’
g++ -std=gnu++17 -I"/usr/local/lib/R/include" -DNDEBUG  -I'/usr/local/lib/R/site-library/Rcpp/include' -I'/mnt/library/RcppArmadillo/include' -I/usr/local/include    -fpic  -g -O2 -fstack-protector-strong -Wformat -Wformat-security -Wdate-time -D_FORTIFY_SOURCE=2 -g  -DR_NO_REMAP -c PCIT.cpp -o PCIT.o
g++ -std=gnu++17 -I"/usr/local/lib/R/include" -DNDEBUG  -I'/usr/local/lib/R/site-library/Rcpp/include' -I'/mnt/library/RcppArmadillo/include' -I/usr/local/include    -fpic  -g -O2 -fstack-protector-strong -Wformat -Wformat-security -Wdate-time -D_FORTIFY_SOURCE=2 -g  -DR_NO_REMAP -c RcppExports.cpp -o RcppExports.o
g++ -std=gnu++17 -shared -L/usr/local/lib/R/lib -L/usr/local/lib -o CeTF.so PCIT.o RcppExports.o -L/usr/local/lib/R/lib -lR
installing to /mnt/library/00LOCK-CeTF/00new/CeTF/libs
** R
** data
*** moving datasets to lazyload DB
** inst
** byte-compile and prepare package for lazy loading
** help
*** installing help indices
** building package indices
** installing vignettes
** testing if installed package can be loaded from temporary location
** checking absolute paths in shared objects and dynamic libraries
** testing if installed package can be loaded from final location
** testing if installed package keeps a record of temporary installation path
* creating tarball
packaged installation of ‘CeTF’ as ‘CeTF_1.18.0_R_x86_64-pc-linux-gnu.tar.gz’
* DONE (CeTF)

The downloaded source packages are in
	‘/tmp/RtmpGPr1PZ/downloaded_packages’
Old packages: 'bslib', 'cli', 'curl', 'evaluate', 'httr2', 'jsonlite',
  'openssl', 'pillar', 'pkgbuild', 'processx', 'ps', 'purrr', 'R6', 'Rcpp',
  'rlang', 'sessioninfo', 'systemfonts', 'testthat', 'textshaping', 'tinytex',
  'xfun', 'zip', 'class', 'foreign', 'KernSmooth', 'MASS', 'Matrix', 'nlme',
  'nnet', 'rpart', 'spatial'

real	3m25.218s
user	1m1.524s
sys	0m10.701s
