'getOption("repos")' replaces Bioconductor standard repositories, see
'help("repositories", package = "BiocManager")' for details.
Replacement repositories:
    CRAN: https://p3m.dev/cran/__linux__/noble/latest
Bioconductor version 3.20 (BiocManager 1.30.25), R 4.4.2 (2024-10-31)
Installing package(s) 'quantiseqr'
also installing the dependency ‘macrophage’

trying URL 'https://bioconductor.org/packages/3.20/data/experiment/src/contrib/macrophage_1.22.0.tar.gz'
Content type 'application/x-gzip' length 536197117 bytes (511.4 MB)
==================================================
downloaded 511.4 MB

trying URL 'https://bioconductor.org/packages/3.20/bioc/src/contrib/quantiseqr_1.14.0.tar.gz'
Content type 'application/x-gzip' length 3780297 bytes (3.6 MB)
==================================================
downloaded 3.6 MB

* installing *source* package ‘macrophage’ ...
** using staged installation
** data
** inst
** help
*** installing help indices
** building package indices
** installing vignettes
** testing if installed package can be loaded from temporary location
** testing if installed package can be loaded from final location
** testing if installed package keeps a record of temporary installation path
* creating tarball
packaged installation of ‘macrophage’ as ‘macrophage_1.22.0_R_x86_64-pc-linux-gnu.tar.gz’
* DONE (macrophage)
* installing *source* package ‘quantiseqr’ ...
** package ‘quantiseqr’ successfully unpacked and MD5 sums checked
** using staged installation
** R
** data
** inst
** byte-compile and prepare package for lazy loading
** help
*** installing help indices
** building package indices
** installing vignettes
** testing if installed package can be loaded from temporary location
** testing if installed package can be loaded from final location
** testing if installed package keeps a record of temporary installation path
* creating tarball
packaged installation of ‘quantiseqr’ as ‘quantiseqr_1.14.0_R_x86_64-pc-linux-gnu.tar.gz’
* DONE (quantiseqr)

The downloaded source packages are in
	‘/tmp/RtmpKMYz6y/downloaded_packages’
Old packages: 'bslib', 'cli', 'curl', 'evaluate', 'httr2', 'jsonlite',
  'openssl', 'pillar', 'pkgbuild', 'processx', 'ps', 'purrr', 'R6', 'Rcpp',
  'rlang', 'sessioninfo', 'systemfonts', 'testthat', 'textshaping', 'tinytex',
  'xfun', 'zip', 'class', 'foreign', 'KernSmooth', 'MASS', 'Matrix', 'nlme',
  'nnet', 'rpart', 'spatial'

real	57m43.818s
user	1m18.141s
sys	0m16.509s
