'getOption("repos")' replaces Bioconductor standard repositories, see
'help("repositories", package = "BiocManager")' for details.
Replacement repositories:
    CRAN: https://p3m.dev/cran/__linux__/noble/latest
Bioconductor version 3.20 (BiocManager 1.30.25), R 4.4.2 (2024-10-31)
Installing package(s) 'mina'
also installing the dependencies ‘bigmemory.sri’, ‘biglm’, ‘apcluster’, ‘bigmemory’, ‘parallelDist’, ‘biganalytics’

trying URL 'https://p3m.dev/cran/__linux__/noble/latest/src/contrib/bigmemory.sri_0.1.8.tar.gz'
Content type 'binary/octet-stream' length 11304 bytes (11 KB)
==================================================
downloaded 11 KB

trying URL 'https://p3m.dev/cran/__linux__/noble/latest/src/contrib/biglm_0.9-3.tar.gz'
Content type 'binary/octet-stream' length 66989 bytes (65 KB)
==================================================
downloaded 65 KB

trying URL 'https://p3m.dev/cran/__linux__/noble/latest/src/contrib/apcluster_1.4.13.tar.gz'
Content type 'binary/octet-stream' length 1505894 bytes (1.4 MB)
==================================================
downloaded 1.4 MB

trying URL 'https://p3m.dev/cran/__linux__/noble/latest/src/contrib/bigmemory_4.6.4.tar.gz'
Content type 'binary/octet-stream' length 524542 bytes (512 KB)
==================================================
downloaded 512 KB

trying URL 'https://p3m.dev/cran/__linux__/noble/latest/src/contrib/parallelDist_0.2.6.tar.gz'
Content type 'binary/octet-stream' length 334782 bytes (326 KB)
==================================================
downloaded 326 KB

trying URL 'https://p3m.dev/cran/__linux__/noble/latest/src/contrib/biganalytics_1.1.22.tar.gz'
Content type 'binary/octet-stream' length 142817 bytes (139 KB)
==================================================
downloaded 139 KB

trying URL 'https://bioconductor.org/packages/3.20/bioc/src/contrib/mina_1.14.0.tar.gz'
Content type 'application/x-gzip' length 4216729 bytes (4.0 MB)
==================================================
downloaded 4.0 MB

* installing *binary* package ‘bigmemory.sri’ ...
* ‘bigmemory.sri’ was already a binary package and will not be rebuilt
* creating tarball
packaged installation of ‘bigmemory.sri’ as ‘bigmemory.sri_0.1.8_R_x86_64-pc-linux-gnu.tar.gz’
* DONE (bigmemory.sri)
* installing *binary* package ‘biglm’ ...
* ‘biglm’ was already a binary package and will not be rebuilt
* creating tarball
packaged installation of ‘biglm’ as ‘biglm_0.9-3_R_x86_64-pc-linux-gnu.tar.gz’
* DONE (biglm)
* installing *binary* package ‘apcluster’ ...
* ‘apcluster’ was already a binary package and will not be rebuilt
* creating tarball
packaged installation of ‘apcluster’ as ‘apcluster_1.4.13_R_x86_64-pc-linux-gnu.tar.gz’
* DONE (apcluster)
* installing *binary* package ‘parallelDist’ ...
* ‘parallelDist’ was already a binary package and will not be rebuilt
* creating tarball
packaged installation of ‘parallelDist’ as ‘parallelDist_0.2.6_R_x86_64-pc-linux-gnu.tar.gz’
* DONE (parallelDist)
* installing *binary* package ‘bigmemory’ ...
* ‘bigmemory’ was already a binary package and will not be rebuilt
* creating tarball
packaged installation of ‘bigmemory’ as ‘bigmemory_4.6.4_R_x86_64-pc-linux-gnu.tar.gz’
* DONE (bigmemory)
* installing *binary* package ‘biganalytics’ ...
* ‘biganalytics’ was already a binary package and will not be rebuilt
* creating tarball
packaged installation of ‘biganalytics’ as ‘biganalytics_1.1.22_R_x86_64-pc-linux-gnu.tar.gz’
* DONE (biganalytics)
* installing *source* package ‘mina’ ...
** package ‘mina’ successfully unpacked and MD5 sums checked
** using staged installation
** libs
using C++ compiler: ‘g++ (Ubuntu 13.3.0-6ubuntu2~24.04) 13.3.0’
g++ -std=gnu++17 -I"/usr/local/lib/R/include" -DNDEBUG  -I'/usr/local/lib/R/site-library/Rcpp/include' -I'/mnt/library/RcppParallel/include' -I'/mnt/library/RcppArmadillo/include' -I/usr/local/include    -fpic  -g -O2 -fstack-protector-strong -Wformat -Wformat-security -Wdate-time -D_FORTIFY_SOURCE=2 -g  -DR_NO_REMAP -c RcppExports.cpp -o RcppExports.o
In file included from /mnt/library/RcppArmadillo/include/RcppArmadillo/interface/RcppArmadilloForward.h:58,
                 from /mnt/library/RcppArmadillo/include/RcppArmadillo.h:29,
                 from RcppExports.cpp:4:
/mnt/library/RcppArmadillo/include/armadillo:634:12: fatal error: armadillo_bits/mtSpReduceOp_meat.hpp: No such file or directory
compilation terminated.
make: *** [/usr/local/lib/R/etc/Makeconf:204: RcppExports.o] Error 1
ERROR: compilation failed for package ‘mina’
* removing ‘/mnt/library/mina’

The downloaded source packages are in
	‘/tmp/Rtmpk8EB0k/downloaded_packages’
Old packages: 'bslib', 'cli', 'curl', 'evaluate', 'httr2', 'jsonlite',
  'openssl', 'pillar', 'pkgbuild', 'processx', 'ps', 'purrr', 'R6', 'Rcpp',
  'rlang', 'sessioninfo', 'systemfonts', 'testthat', 'textshaping', 'tinytex',
  'xfun', 'zip', 'class', 'foreign', 'KernSmooth', 'MASS', 'Matrix', 'nlme',
  'nnet', 'rpart', 'spatial'
Warning message:
In install.packages(...) :
  installation of package ‘mina’ had non-zero exit status
Error: unexpected 'else' in "  else"
Execution halted

real	5m43.820s
user	0m7.158s
sys	0m2.655s
