'getOption("repos")' replaces Bioconductor standard repositories, see
'help("repositories", package = "BiocManager")' for details.
Replacement repositories:
    CRAN: https://p3m.dev/cran/__linux__/noble/latest
Bioconductor version 3.20 (BiocManager 1.30.25), R 4.4.2 (2024-10-31)
Installing package(s) 'synapter'
also installing the dependency ‘synapterdata’

trying URL 'https://bioconductor.org/packages/3.20/data/experiment/src/contrib/synapterdata_1.44.0.tar.gz'
Content type 'application/x-gzip' length 438678695 bytes (418.4 MB)
==================================================
downloaded 418.4 MB

trying URL 'https://bioconductor.org/packages/3.20/bioc/src/contrib/synapter_2.30.0.tar.gz'
Content type 'application/x-gzip' length 4802698 bytes (4.6 MB)
==================================================
downloaded 4.6 MB

* installing *source* package ‘synapter’ ...
** package ‘synapter’ successfully unpacked and MD5 sums checked
** using staged installation
** R
** data
** inst
** byte-compile and prepare package for lazy loading
** help
*** installing help indices
** building package indices
** installing vignettes
** testing if installed package can be loaded from temporary location
** testing if installed package can be loaded from final location
** testing if installed package keeps a record of temporary installation path
* creating tarball
packaged installation of ‘synapter’ as ‘synapter_2.30.0_R_x86_64-pc-linux-gnu.tar.gz’
* DONE (synapter)
* installing *source* package ‘synapterdata’ ...
** using staged installation
** R
** data
** inst
** byte-compile and prepare package for lazy loading
** help
*** installing help indices
** building package indices
** testing if installed package can be loaded from temporary location
** testing if installed package can be loaded from final location
** testing if installed package keeps a record of temporary installation path
* creating tarball
packaged installation of ‘synapterdata’ as ‘synapterdata_1.44.0_R_x86_64-pc-linux-gnu.tar.gz’
* DONE (synapterdata)

The downloaded source packages are in
	‘/tmp/RtmpldjiRK/downloaded_packages’
Old packages: 'bslib', 'cli', 'curl', 'evaluate', 'httr2', 'jsonlite',
  'openssl', 'pillar', 'pkgbuild', 'processx', 'ps', 'purrr', 'R6', 'Rcpp',
  'rlang', 'sessioninfo', 'systemfonts', 'testthat', 'textshaping', 'tinytex',
  'xfun', 'zip', 'class', 'foreign', 'KernSmooth', 'MASS', 'Matrix', 'nlme',
  'nnet', 'rpart', 'spatial'

real	4m1.971s
user	1m55.110s
sys	0m15.270s
