'getOption("repos")' replaces Bioconductor standard repositories, see
'help("repositories", package = "BiocManager")' for details.
Replacement repositories:
    CRAN: https://p3m.dev/cran/__linux__/noble/latest
Bioconductor version 3.20 (BiocManager 1.30.25), R 4.4.2 (2024-10-31)
Installing package(s) 'syntenet'
also installing the dependencies ‘ggnetwork’, ‘labdsv’

trying URL 'https://p3m.dev/cran/__linux__/noble/latest/src/contrib/ggnetwork_0.5.13.tar.gz'
Content type 'binary/octet-stream' length 2346160 bytes (2.2 MB)
==================================================
downloaded 2.2 MB

trying URL 'https://p3m.dev/cran/__linux__/noble/latest/src/contrib/labdsv_2.1-0.tar.gz'
Content type 'binary/octet-stream' length 350744 bytes (342 KB)
==================================================
downloaded 342 KB

trying URL 'https://bioconductor.org/packages/3.20/bioc/src/contrib/syntenet_1.8.1.tar.gz'
Content type 'application/x-gzip' length 2885674 bytes (2.8 MB)
==================================================
downloaded 2.8 MB

* installing *binary* package ‘ggnetwork’ ...
* ‘ggnetwork’ was already a binary package and will not be rebuilt
* creating tarball
packaged installation of ‘ggnetwork’ as ‘ggnetwork_0.5.13_R_x86_64-pc-linux-gnu.tar.gz’
* DONE (ggnetwork)
* installing *binary* package ‘labdsv’ ...
* ‘labdsv’ was already a binary package and will not be rebuilt
* creating tarball
packaged installation of ‘labdsv’ as ‘labdsv_2.1-0_R_x86_64-pc-linux-gnu.tar.gz’
* DONE (labdsv)
* installing *source* package ‘syntenet’ ...
** package ‘syntenet’ successfully unpacked and MD5 sums checked
** using staged installation
** libs
using C++ compiler: ‘g++ (Ubuntu 13.3.0-6ubuntu2~24.04) 13.3.0’
g++ -std=gnu++17 -I"/usr/local/lib/R/include" -DNDEBUG  -I'/usr/local/lib/R/site-library/Rcpp/include' -I'/usr/local/lib/R/site-library/testthat/include' -I/usr/local/include    -fpic  -g -O2 -fstack-protector-strong -Wformat -Wformat-security -Wdate-time -D_FORTIFY_SOURCE=2 -g  -DR_NO_REMAP -c RcppExports.cpp -o RcppExports.o
g++ -std=gnu++17 -I"/usr/local/lib/R/include" -DNDEBUG  -I'/usr/local/lib/R/site-library/Rcpp/include' -I'/usr/local/lib/R/site-library/testthat/include' -I/usr/local/include    -fpic  -g -O2 -fstack-protector-strong -Wformat -Wformat-security -Wdate-time -D_FORTIFY_SOURCE=2 -g  -DR_NO_REMAP -c mcscanxr.cpp -o mcscanxr.o
g++ -std=gnu++17 -I"/usr/local/lib/R/include" -DNDEBUG  -I'/usr/local/lib/R/site-library/Rcpp/include' -I'/usr/local/lib/R/site-library/testthat/include' -I/usr/local/include    -fpic  -g -O2 -fstack-protector-strong -Wformat -Wformat-security -Wdate-time -D_FORTIFY_SOURCE=2 -g  -DR_NO_REMAP -c test-runner.cpp -o test-runner.o
g++ -std=gnu++17 -shared -L/usr/local/lib/R/lib -L/usr/local/lib -o syntenet.so RcppExports.o mcscanxr.o test-runner.o -L/usr/local/lib/R/lib -lR
installing to /mnt/library/00LOCK-syntenet/00new/syntenet/libs
** R
** data
** inst
** byte-compile and prepare package for lazy loading
** help
*** installing help indices
*** copying figures
** building package indices
** installing vignettes
** testing if installed package can be loaded from temporary location
** checking absolute paths in shared objects and dynamic libraries
** testing if installed package can be loaded from final location
** testing if installed package keeps a record of temporary installation path
* creating tarball
packaged installation of ‘syntenet’ as ‘syntenet_1.8.1_R_x86_64-pc-linux-gnu.tar.gz’
* DONE (syntenet)

The downloaded source packages are in
	‘/tmp/RtmpqogMNr/downloaded_packages’
Old packages: 'bslib', 'cli', 'curl', 'evaluate', 'httr2', 'jsonlite',
  'openssl', 'pillar', 'pkgbuild', 'processx', 'ps', 'purrr', 'R6', 'Rcpp',
  'rlang', 'sessioninfo', 'systemfonts', 'testthat', 'textshaping', 'tinytex',
  'xfun', 'zip', 'class', 'foreign', 'KernSmooth', 'MASS', 'Matrix', 'nlme',
  'nnet', 'rpart', 'spatial'

real	1m41.440s
user	1m0.443s
sys	0m8.498s
