'getOption("repos")' replaces Bioconductor standard repositories, see
'help("repositories", package = "BiocManager")' for details.
Replacement repositories:
    CRAN: https://p3m.dev/cran/__linux__/noble/latest
Bioconductor version 3.20 (BiocManager 1.30.25), R 4.4.2 (2024-10-31)
Installing package(s) 'EMDomics'
also installing the dependencies ‘emdist’, ‘CDFt’

trying URL 'https://p3m.dev/cran/__linux__/noble/latest/src/contrib/emdist_0.3-3.tar.gz'
Content type 'binary/octet-stream' length 24997 bytes (24 KB)
==================================================
downloaded 24 KB

trying URL 'https://p3m.dev/cran/__linux__/noble/latest/src/contrib/CDFt_1.2.tar.gz'
Content type 'binary/octet-stream' length 21904 bytes (21 KB)
==================================================
downloaded 21 KB

trying URL 'https://bioconductor.org/packages/3.20/bioc/src/contrib/EMDomics_2.36.0.tar.gz'
Content type 'application/x-gzip' length 291120 bytes (284 KB)
==================================================
downloaded 284 KB

* installing *binary* package ‘emdist’ ...
* ‘emdist’ was already a binary package and will not be rebuilt
* creating tarball
packaged installation of ‘emdist’ as ‘emdist_0.3-3_R_x86_64-pc-linux-gnu.tar.gz’
* DONE (emdist)
* installing *binary* package ‘CDFt’ ...
* ‘CDFt’ was already a binary package and will not be rebuilt
* creating tarball
packaged installation of ‘CDFt’ as ‘CDFt_1.2_R_x86_64-pc-linux-gnu.tar.gz’
* DONE (CDFt)
* installing *source* package ‘EMDomics’ ...
** package ‘EMDomics’ successfully unpacked and MD5 sums checked
** using staged installation
** R
** inst
** byte-compile and prepare package for lazy loading
** help
*** installing help indices
** building package indices
** installing vignettes
** testing if installed package can be loaded from temporary location
** testing if installed package can be loaded from final location
** testing if installed package keeps a record of temporary installation path
* creating tarball
packaged installation of ‘EMDomics’ as ‘EMDomics_2.36.0_R_x86_64-pc-linux-gnu.tar.gz’
* DONE (EMDomics)

The downloaded source packages are in
	‘/tmp/Rtmp1sOxZ2/downloaded_packages’
Old packages: 'bslib', 'cli', 'curl', 'evaluate', 'httr2', 'jsonlite',
  'openssl', 'pillar', 'pkgbuild', 'processx', 'ps', 'purrr', 'R6', 'Rcpp',
  'rlang', 'sessioninfo', 'systemfonts', 'testthat', 'textshaping', 'tinytex',
  'xfun', 'zip', 'class', 'foreign', 'KernSmooth', 'MASS', 'Matrix', 'nlme',
  'nnet', 'rpart', 'spatial'

real	1m45.546s
user	0m8.611s
sys	0m4.092s
