'getOption("repos")' replaces Bioconductor standard repositories, see
'help("repositories", package = "BiocManager")' for details.
Replacement repositories:
    CRAN: https://p3m.dev/cran/__linux__/noble/latest
Bioconductor version 3.20 (BiocManager 1.30.25), R 4.4.2 (2024-10-31)
Installing package(s) 'EnhancedVolcano'
also installing the dependencies ‘UCSC.utils’, ‘SparseArray’, ‘BiocFileCache’, ‘Biostrings’, ‘annotate’, ‘extrafontdb’, ‘Rttf2pt1’, ‘GenomeInfoDb’, ‘XVector’, ‘S4Arrays’, ‘DelayedArray’, ‘biomaRt’, ‘Rsamtools’, ‘geneplotter’, ‘genefilter’, ‘KEGGREST’, ‘proj4’, ‘ash’, ‘extrafont’, ‘ggbeeswarm’, ‘S4Vectors’, ‘IRanges’, ‘GenomicRanges’, ‘SummarizedExperiment’, ‘BiocParallel’, ‘MatrixGenerics’, ‘DEXSeq’, ‘AnnotationDbi’, ‘ggrepel’, ‘ggalt’, ‘ggrastr’, ‘DESeq2’, ‘pasilla’, ‘airway’, ‘org.Hs.eg.db’

trying URL 'https://bioconductor.org/packages/3.20/bioc/src/contrib/UCSC.utils_1.2.0.tar.gz'
Content type 'application/x-gzip' length 236888 bytes (231 KB)
==================================================
downloaded 231 KB

trying URL 'https://bioconductor.org/packages/3.20/bioc/src/contrib/SparseArray_1.6.2.tar.gz'
Content type 'application/x-gzip' length 468696 bytes (457 KB)
==================================================
downloaded 457 KB

trying URL 'https://bioconductor.org/packages/3.20/bioc/src/contrib/BiocFileCache_2.14.0.tar.gz'
Content type 'application/x-gzip' length 740925 bytes (723 KB)
==================================================
downloaded 723 KB

trying URL 'https://bioconductor.org/packages/3.20/bioc/src/contrib/Biostrings_2.74.1.tar.gz'
Content type 'application/x-gzip' length 12823307 bytes (12.2 MB)
==================================================
downloaded 12.2 MB

trying URL 'https://bioconductor.org/packages/3.20/bioc/src/contrib/annotate_1.84.0.tar.gz'
Content type 'application/x-gzip' length 1877068 bytes (1.8 MB)
==================================================
downloaded 1.8 MB

trying URL 'https://p3m.dev/cran/__linux__/noble/latest/src/contrib/extrafontdb_1.0.tar.gz'
Content type 'binary/octet-stream' length 7010 bytes
==================================================
downloaded 7010 bytes

trying URL 'https://p3m.dev/cran/__linux__/noble/latest/src/contrib/Rttf2pt1_1.3.12.tar.gz'
Content type 'binary/octet-stream' length 273846 bytes (267 KB)
==================================================
downloaded 267 KB

trying URL 'https://bioconductor.org/packages/3.20/bioc/src/contrib/GenomeInfoDb_1.42.3.tar.gz'
Content type 'application/x-gzip' length 3592070 bytes (3.4 MB)
==================================================
downloaded 3.4 MB

trying URL 'https://bioconductor.org/packages/3.20/bioc/src/contrib/XVector_0.46.0.tar.gz'
Content type 'application/x-gzip' length 70185 bytes (68 KB)
==================================================
downloaded 68 KB

trying URL 'https://bioconductor.org/packages/3.20/bioc/src/contrib/S4Arrays_1.6.0.tar.gz'
Content type 'application/x-gzip' length 288435 bytes (281 KB)
==================================================
downloaded 281 KB

trying URL 'https://bioconductor.org/packages/3.20/bioc/src/contrib/DelayedArray_0.32.0.tar.gz'
Content type 'application/x-gzip' length 825598 bytes (806 KB)
==================================================
downloaded 806 KB

trying URL 'https://bioconductor.org/packages/3.20/bioc/src/contrib/biomaRt_2.62.1.tar.gz'
Content type 'application/x-gzip' length 865748 bytes (845 KB)
==================================================
downloaded 845 KB

trying URL 'https://bioconductor.org/packages/3.20/bioc/src/contrib/Rsamtools_2.22.0.tar.gz'
Content type 'application/x-gzip' length 2925866 bytes (2.8 MB)
==================================================
downloaded 2.8 MB

trying URL 'https://bioconductor.org/packages/3.20/bioc/src/contrib/geneplotter_1.84.0.tar.gz'
Content type 'application/x-gzip' length 1716740 bytes (1.6 MB)
==================================================
downloaded 1.6 MB

trying URL 'https://bioconductor.org/packages/3.20/bioc/src/contrib/genefilter_1.88.0.tar.gz'
Content type 'application/x-gzip' length 1122416 bytes (1.1 MB)
==================================================
downloaded 1.1 MB

trying URL 'https://bioconductor.org/packages/3.20/bioc/src/contrib/KEGGREST_1.46.0.tar.gz'
Content type 'application/x-gzip' length 239655 bytes (234 KB)
==================================================
downloaded 234 KB

trying URL 'https://p3m.dev/cran/__linux__/noble/latest/src/contrib/proj4_1.0-14.tar.gz'
Content type 'binary/octet-stream' length 25377 bytes (24 KB)
==================================================
downloaded 24 KB

trying URL 'https://p3m.dev/cran/__linux__/noble/latest/src/contrib/ash_1.0-15.tar.gz'
Content type 'binary/octet-stream' length 25739 bytes (25 KB)
==================================================
downloaded 25 KB

trying URL 'https://p3m.dev/cran/__linux__/noble/latest/src/contrib/extrafont_0.19.tar.gz'
Content type 'binary/octet-stream' length 54897 bytes (53 KB)
==================================================
downloaded 53 KB

trying URL 'https://p3m.dev/cran/__linux__/noble/latest/src/contrib/ggbeeswarm_0.7.2.tar.gz'
Content type 'binary/octet-stream' length 1756358 bytes (1.7 MB)
==================================================
downloaded 1.7 MB

trying URL 'https://bioconductor.org/packages/3.20/bioc/src/contrib/S4Vectors_0.44.0.tar.gz'
Content type 'application/x-gzip' length 1076666 bytes (1.0 MB)
==================================================
downloaded 1.0 MB

trying URL 'https://bioconductor.org/packages/3.20/bioc/src/contrib/IRanges_2.40.1.tar.gz'
Content type 'application/x-gzip' length 486989 bytes (475 KB)
==================================================
downloaded 475 KB

trying URL 'https://bioconductor.org/packages/3.20/bioc/src/contrib/GenomicRanges_1.58.0.tar.gz'
Content type 'application/x-gzip' length 1374658 bytes (1.3 MB)
==================================================
downloaded 1.3 MB

trying URL 'https://bioconductor.org/packages/3.20/bioc/src/contrib/SummarizedExperiment_1.36.0.tar.gz'
Content type 'application/x-gzip' length 690951 bytes (674 KB)
==================================================
downloaded 674 KB

trying URL 'https://bioconductor.org/packages/3.20/bioc/src/contrib/BiocParallel_1.40.0.tar.gz'
Content type 'application/x-gzip' length 1000414 bytes (976 KB)
==================================================
downloaded 976 KB

trying URL 'https://bioconductor.org/packages/3.20/bioc/src/contrib/MatrixGenerics_1.18.1.tar.gz'
Content type 'application/x-gzip' length 34631 bytes (33 KB)
==================================================
downloaded 33 KB

trying URL 'https://bioconductor.org/packages/3.20/bioc/src/contrib/DEXSeq_1.52.0.tar.gz'
Content type 'application/x-gzip' length 1723262 bytes (1.6 MB)
==================================================
downloaded 1.6 MB

trying URL 'https://bioconductor.org/packages/3.20/bioc/src/contrib/AnnotationDbi_1.68.0.tar.gz'
Content type 'application/x-gzip' length 4378038 bytes (4.2 MB)
==================================================
downloaded 4.2 MB

trying URL 'https://p3m.dev/cran/__linux__/noble/latest/src/contrib/ggrepel_0.9.6.tar.gz'
Content type 'binary/octet-stream' length 290115 bytes (283 KB)
==================================================
downloaded 283 KB

trying URL 'https://p3m.dev/cran/__linux__/noble/latest/src/contrib/ggalt_0.4.0.tar.gz'
Content type 'binary/octet-stream' length 2364215 bytes (2.3 MB)
==================================================
downloaded 2.3 MB

trying URL 'https://p3m.dev/cran/__linux__/noble/latest/src/contrib/ggrastr_1.0.2.tar.gz'
Content type 'binary/octet-stream' length 2675180 bytes (2.6 MB)
==================================================
downloaded 2.6 MB

trying URL 'https://bioconductor.org/packages/3.20/bioc/src/contrib/DESeq2_1.46.0.tar.gz'
Content type 'application/x-gzip' length 2516875 bytes (2.4 MB)
==================================================
downloaded 2.4 MB

trying URL 'https://bioconductor.org/packages/3.20/data/experiment/src/contrib/pasilla_1.34.0.tar.gz'
Content type 'application/x-gzip' length 3303801 bytes (3.2 MB)
==================================================
downloaded 3.2 MB

trying URL 'https://bioconductor.org/packages/3.20/data/experiment/src/contrib/airway_1.26.0.tar.gz'
Content type 'application/x-gzip' length 24755667 bytes (23.6 MB)
==================================================
downloaded 23.6 MB

trying URL 'https://bioconductor.org/packages/3.20/data/annotation/src/contrib/org.Hs.eg.db_3.20.0.tar.gz'
Content type 'application/x-gzip' length 98233708 bytes (93.7 MB)
==================================================
downloaded 93.7 MB

trying URL 'https://bioconductor.org/packages/3.20/bioc/src/contrib/EnhancedVolcano_1.24.0.tar.gz'
Content type 'application/x-gzip' length 10092762 bytes (9.6 MB)
==================================================
downloaded 9.6 MB

* installing *source* package ‘BiocFileCache’ ...
** package ‘BiocFileCache’ successfully unpacked and MD5 sums checked
** using staged installation
** R
** inst
** byte-compile and prepare package for lazy loading
** help
*** installing help indices
** building package indices
** installing vignettes
** testing if installed package can be loaded from temporary location
** testing if installed package can be loaded from final location
** testing if installed package keeps a record of temporary installation path
* creating tarball
packaged installation of ‘BiocFileCache’ as ‘BiocFileCache_2.14.0_R_x86_64-pc-linux-gnu.tar.gz’
* DONE (BiocFileCache)
* installing *binary* package ‘extrafontdb’ ...
* ‘extrafontdb’ was already a binary package and will not be rebuilt
* creating tarball
packaged installation of ‘extrafontdb’ as ‘extrafontdb_1.0_R_x86_64-pc-linux-gnu.tar.gz’
* DONE (extrafontdb)
* installing *binary* package ‘Rttf2pt1’ ...
* ‘Rttf2pt1’ was already a binary package and will not be rebuilt
* creating tarball
packaged installation of ‘Rttf2pt1’ as ‘Rttf2pt1_1.3.12_R_x86_64-pc-linux-gnu.tar.gz’
* DONE (Rttf2pt1)
* installing *binary* package ‘proj4’ ...
* ‘proj4’ was already a binary package and will not be rebuilt
* creating tarball
packaged installation of ‘proj4’ as ‘proj4_1.0-14_R_x86_64-pc-linux-gnu.tar.gz’
* DONE (proj4)
* installing *binary* package ‘ash’ ...
* ‘ash’ was already a binary package and will not be rebuilt
* creating tarball
packaged installation of ‘ash’ as ‘ash_1.0-15_R_x86_64-pc-linux-gnu.tar.gz’
* DONE (ash)
* installing *binary* package ‘ggbeeswarm’ ...
* ‘ggbeeswarm’ was already a binary package and will not be rebuilt
* creating tarball
packaged installation of ‘ggbeeswarm’ as ‘ggbeeswarm_0.7.2_R_x86_64-pc-linux-gnu.tar.gz’
* DONE (ggbeeswarm)
ERROR: failed to lock directory ‘/mnt/library’ for modifying
Try removing ‘/mnt/library/00LOCK-S4Vectors’
* installing *source* package ‘BiocParallel’ ...
** package ‘BiocParallel’ successfully unpacked and MD5 sums checked
** using staged installation
checking whether the C++ compiler works... yes
checking for C++ compiler default output file name... a.out
checking for suffix of executables... 
checking whether we are cross compiling... no
checking for suffix of object files... o
checking whether the compiler supports GNU C++... yes
checking whether g++ -std=gnu++17 accepts -g... yes
checking for g++ -std=gnu++17 option to enable C++11 features... none needed
checking for library containing shm_open... none required
checking for stdio.h... yes
checking for stdlib.h... yes
checking for string.h... yes
checking for inttypes.h... yes
checking for stdint.h... yes
checking for strings.h... yes
checking for sys/stat.h... yes
checking for sys/types.h... yes
checking for unistd.h... yes
checking for sys/mman.h... yes
configure: creating ./config.status
config.status: creating src/Makevars
** libs
using C++ compiler: ‘g++ (Ubuntu 13.3.0-6ubuntu2~24.04) 13.3.0’
using C++11
g++ -std=gnu++11 -I"/usr/local/lib/R/include" -DNDEBUG  -I'/mnt/library/BH/include' -I'/usr/local/lib/R/site-library/cpp11/include' -I/usr/local/include    -fpic  -g -O2 -fstack-protector-strong -Wformat -Wformat-security -Wdate-time -D_FORTIFY_SOURCE=2 -g  -DR_NO_REMAP -c cpp11.cpp -o cpp11.o
g++ -std=gnu++11 -I"/usr/local/lib/R/include" -DNDEBUG  -I'/mnt/library/BH/include' -I'/usr/local/lib/R/site-library/cpp11/include' -I/usr/local/include    -fpic  -g -O2 -fstack-protector-strong -Wformat -Wformat-security -Wdate-time -D_FORTIFY_SOURCE=2 -g  -DR_NO_REMAP -c ipcmutex.cpp -o ipcmutex.o
In file included from /mnt/library/BH/include/boost/interprocess/managed_shared_memory.hpp:26,
                 from ipcmutex.cpp:14:
/mnt/library/BH/include/boost/interprocess/detail/managed_open_or_create_impl.hpp:37:10: fatal error: boost/interprocess/timed_utils.hpp: No such file or directory
   37 | #include <boost/interprocess/timed_utils.hpp>
      |          ^~~~~~~~~~~~~~~~~~~~~~~~~~~~~~~~~~~~
compilation terminated.
make: *** [/usr/local/lib/R/etc/Makeconf:204: ipcmutex.o] Error 1
ERROR: compilation failed for package ‘BiocParallel’
* removing ‘/mnt/library/BiocParallel’
* restoring previous ‘/mnt/library/BiocParallel’
* installing *source* package ‘MatrixGenerics’ ...
** package ‘MatrixGenerics’ successfully unpacked and MD5 sums checked
** using staged installation
** R
** inst
** byte-compile and prepare package for lazy loading
Creating a new generic function for ‘rowAlls’ in package ‘MatrixGenerics’
Creating a new generic function for ‘colAlls’ in package ‘MatrixGenerics’
Creating a new generic function for ‘rowAnyNAs’ in package ‘MatrixGenerics’
Creating a new generic function for ‘colAnyNAs’ in package ‘MatrixGenerics’
Creating a new generic function for ‘rowAnys’ in package ‘MatrixGenerics’
Creating a new generic function for ‘colAnys’ in package ‘MatrixGenerics’
Creating a new generic function for ‘rowAvgsPerColSet’ in package ‘MatrixGenerics’
Creating a new generic function for ‘colAvgsPerRowSet’ in package ‘MatrixGenerics’
Creating a new generic function for ‘rowCollapse’ in package ‘MatrixGenerics’
Creating a new generic function for ‘colCollapse’ in package ‘MatrixGenerics’
Creating a new generic function for ‘rowCounts’ in package ‘MatrixGenerics’
Creating a new generic function for ‘colCounts’ in package ‘MatrixGenerics’
Creating a new generic function for ‘rowCummaxs’ in package ‘MatrixGenerics’
Creating a new generic function for ‘colCummaxs’ in package ‘MatrixGenerics’
Creating a new generic function for ‘rowCummins’ in package ‘MatrixGenerics’
Creating a new generic function for ‘colCummins’ in package ‘MatrixGenerics’
Creating a new generic function for ‘rowCumprods’ in package ‘MatrixGenerics’
Creating a new generic function for ‘colCumprods’ in package ‘MatrixGenerics’
Creating a new generic function for ‘rowCumsums’ in package ‘MatrixGenerics’
Creating a new generic function for ‘colCumsums’ in package ‘MatrixGenerics’
Creating a new generic function for ‘rowDiffs’ in package ‘MatrixGenerics’
Creating a new generic function for ‘colDiffs’ in package ‘MatrixGenerics’
Creating a new generic function for ‘rowIQRDiffs’ in package ‘MatrixGenerics’
Creating a new generic function for ‘colIQRDiffs’ in package ‘MatrixGenerics’
Creating a new generic function for ‘rowIQRs’ in package ‘MatrixGenerics’
Creating a new generic function for ‘colIQRs’ in package ‘MatrixGenerics’
Creating a new generic function for ‘rowLogSumExps’ in package ‘MatrixGenerics’
Creating a new generic function for ‘colLogSumExps’ in package ‘MatrixGenerics’
Creating a new generic function for ‘rowMadDiffs’ in package ‘MatrixGenerics’
Creating a new generic function for ‘colMadDiffs’ in package ‘MatrixGenerics’
Creating a new generic function for ‘rowMads’ in package ‘MatrixGenerics’
Creating a new generic function for ‘colMads’ in package ‘MatrixGenerics’
Creating a new generic function for ‘rowMaxs’ in package ‘MatrixGenerics’
Creating a new generic function for ‘colMaxs’ in package ‘MatrixGenerics’
Creating a new generic function for ‘rowMeans2’ in package ‘MatrixGenerics’
Creating a new generic function for ‘colMeans2’ in package ‘MatrixGenerics’
Creating a new generic function for ‘rowMedians’ in package ‘MatrixGenerics’
Creating a new generic function for ‘colMedians’ in package ‘MatrixGenerics’
Creating a new generic function for ‘rowMins’ in package ‘MatrixGenerics’
Creating a new generic function for ‘colMins’ in package ‘MatrixGenerics’
Creating a new generic function for ‘rowOrderStats’ in package ‘MatrixGenerics’
Creating a new generic function for ‘colOrderStats’ in package ‘MatrixGenerics’
Creating a new generic function for ‘rowProds’ in package ‘MatrixGenerics’
Creating a new generic function for ‘colProds’ in package ‘MatrixGenerics’
Creating a new generic function for ‘rowQuantiles’ in package ‘MatrixGenerics’
Creating a new generic function for ‘colQuantiles’ in package ‘MatrixGenerics’
Creating a new generic function for ‘rowRanges’ in package ‘MatrixGenerics’
Creating a new generic function for ‘colRanges’ in package ‘MatrixGenerics’
Creating a new generic function for ‘rowRanks’ in package ‘MatrixGenerics’
Creating a new generic function for ‘colRanks’ in package ‘MatrixGenerics’
Creating a new generic function for ‘rowSdDiffs’ in package ‘MatrixGenerics’
Creating a new generic function for ‘colSdDiffs’ in package ‘MatrixGenerics’
Creating a new generic function for ‘rowSds’ in package ‘MatrixGenerics’
Creating a new generic function for ‘colSds’ in package ‘MatrixGenerics’
Creating a new generic function for ‘rowSums2’ in package ‘MatrixGenerics’
Creating a new generic function for ‘colSums2’ in package ‘MatrixGenerics’
Creating a new generic function for ‘rowTabulates’ in package ‘MatrixGenerics’
Creating a new generic function for ‘colTabulates’ in package ‘MatrixGenerics’
Creating a new generic function for ‘rowVarDiffs’ in package ‘MatrixGenerics’
Creating a new generic function for ‘colVarDiffs’ in package ‘MatrixGenerics’
Creating a new generic function for ‘rowVars’ in package ‘MatrixGenerics’
Creating a new generic function for ‘colVars’ in package ‘MatrixGenerics’
Creating a new generic function for ‘rowWeightedMads’ in package ‘MatrixGenerics’
Creating a new generic function for ‘colWeightedMads’ in package ‘MatrixGenerics’
Creating a new generic function for ‘rowWeightedMeans’ in package ‘MatrixGenerics’
Creating a new generic function for ‘colWeightedMeans’ in package ‘MatrixGenerics’
Creating a new generic function for ‘rowWeightedMedians’ in package ‘MatrixGenerics’
Creating a new generic function for ‘colWeightedMedians’ in package ‘MatrixGenerics’
Creating a new generic function for ‘rowWeightedSds’ in package ‘MatrixGenerics’
Creating a new generic function for ‘colWeightedSds’ in package ‘MatrixGenerics’
Creating a new generic function for ‘rowWeightedVars’ in package ‘MatrixGenerics’
Creating a new generic function for ‘colWeightedVars’ in package ‘MatrixGenerics’
** help
*** installing help indices
** building package indices
** testing if installed package can be loaded from temporary location
** testing if installed package can be loaded from final location
** testing if installed package keeps a record of temporary installation path
* creating tarball
packaged installation of ‘MatrixGenerics’ as ‘MatrixGenerics_1.18.1_R_x86_64-pc-linux-gnu.tar.gz’
* DONE (MatrixGenerics)
* installing *binary* package ‘ggrepel’ ...
* ‘ggrepel’ was already a binary package and will not be rebuilt
* creating tarball
packaged installation of ‘ggrepel’ as ‘ggrepel_0.9.6_R_x86_64-pc-linux-gnu.tar.gz’
* DONE (ggrepel)
ERROR: dependency ‘S4Vectors’ is not available for package ‘UCSC.utils’
* removing ‘/mnt/library/UCSC.utils’
* installing *binary* package ‘extrafont’ ...
* ‘extrafont’ was already a binary package and will not be rebuilt
* creating tarball
packaged installation of ‘extrafont’ as ‘extrafont_0.19_R_x86_64-pc-linux-gnu.tar.gz’
* DONE (extrafont)
ERROR: dependency ‘S4Vectors’ is not available for package ‘IRanges’
* removing ‘/mnt/library/IRanges’
* installing *binary* package ‘ggrastr’ ...
* ‘ggrastr’ was already a binary package and will not be rebuilt
* creating tarball
packaged installation of ‘ggrastr’ as ‘ggrastr_1.0.2_R_x86_64-pc-linux-gnu.tar.gz’
* DONE (ggrastr)
* installing *source* package ‘EnhancedVolcano’ ...
** package ‘EnhancedVolcano’ successfully unpacked and MD5 sums checked
** using staged installation
** R
** inst
** byte-compile and prepare package for lazy loading
** help
*** installing help indices
** building package indices
** installing vignettes
** testing if installed package can be loaded from temporary location
** testing if installed package can be loaded from final location
** testing if installed package keeps a record of temporary installation path
* creating tarball
packaged installation of ‘EnhancedVolcano’ as ‘EnhancedVolcano_1.24.0_R_x86_64-pc-linux-gnu.tar.gz’
* DONE (EnhancedVolcano)
ERROR: dependencies ‘S4Vectors’, ‘IRanges’, ‘UCSC.utils’ are not available for package ‘GenomeInfoDb’
* removing ‘/mnt/library/GenomeInfoDb’
ERROR: dependencies ‘S4Vectors’, ‘IRanges’ are not available for package ‘XVector’
* removing ‘/mnt/library/XVector’
ERROR: dependencies ‘S4Vectors’, ‘IRanges’ are not available for package ‘S4Arrays’
* removing ‘/mnt/library/S4Arrays’
* installing *binary* package ‘ggalt’ ...
* ‘ggalt’ was already a binary package and will not be rebuilt
* creating tarball
packaged installation of ‘ggalt’ as ‘ggalt_0.4.0_R_x86_64-pc-linux-gnu.tar.gz’
* DONE (ggalt)
ERROR: dependencies ‘MatrixGenerics’, ‘S4Arrays’, ‘IRanges’, ‘XVector’ are not available for package ‘SparseArray’
* removing ‘/mnt/library/SparseArray’
ERROR: dependencies ‘IRanges’, ‘XVector’, ‘GenomeInfoDb’ are not available for package ‘Biostrings’
* removing ‘/mnt/library/Biostrings’
ERROR: dependencies ‘IRanges’, ‘GenomeInfoDb’, ‘XVector’ are not available for package ‘GenomicRanges’
* removing ‘/mnt/library/GenomicRanges’
ERROR: dependencies ‘MatrixGenerics’, ‘IRanges’, ‘S4Arrays’, ‘SparseArray’ are not available for package ‘DelayedArray’
* removing ‘/mnt/library/DelayedArray’
ERROR: dependencies ‘GenomeInfoDb’, ‘GenomicRanges’, ‘Biostrings’, ‘IRanges’, ‘XVector’, ‘BiocParallel’ are not available for package ‘Rsamtools’
* removing ‘/mnt/library/Rsamtools’
ERROR: dependency ‘Biostrings’ is not available for package ‘KEGGREST’
* removing ‘/mnt/library/KEGGREST’
ERROR: dependencies ‘GenomicRanges’, ‘Biobase’, ‘IRanges’, ‘GenomeInfoDb’, ‘S4Arrays’, ‘DelayedArray’ are not available for package ‘SummarizedExperiment’
* removing ‘/mnt/library/SummarizedExperiment’
ERROR: dependencies ‘Biobase’, ‘IRanges’, ‘KEGGREST’ are not available for package ‘AnnotationDbi’
* removing ‘/mnt/library/AnnotationDbi’
ERROR: dependencies ‘AnnotationDbi’, ‘Biobase’ are not available for package ‘annotate’
* removing ‘/mnt/library/annotate’
ERROR: dependency ‘AnnotationDbi’ is not available for package ‘biomaRt’
* removing ‘/mnt/library/biomaRt’
ERROR: dependencies ‘S4Vectors’, ‘IRanges’, ‘GenomicRanges’, ‘SummarizedExperiment’, ‘Biobase’, ‘BiocParallel’ are not available for package ‘DESeq2’
* removing ‘/mnt/library/DESeq2’
ERROR: dependency ‘SummarizedExperiment’ is not available for package ‘airway’
* removing ‘/mnt/library/airway’
ERROR: dependency ‘AnnotationDbi’ is not available for package ‘org.Hs.eg.db’
* removing ‘/mnt/library/org.Hs.eg.db’
ERROR: dependencies ‘BiocGenerics’, ‘annotate’, ‘AnnotationDbi’ are not available for package ‘geneplotter’
* removing ‘/mnt/library/geneplotter’
ERROR: dependencies ‘AnnotationDbi’, ‘annotate’ are not available for package ‘genefilter’
* removing ‘/mnt/library/genefilter’
ERROR: dependencies ‘BiocParallel’, ‘SummarizedExperiment’, ‘IRanges’, ‘GenomicRanges’, ‘DESeq2’, ‘AnnotationDbi’, ‘S4Vectors’, ‘BiocGenerics’, ‘biomaRt’, ‘Rsamtools’, ‘geneplotter’, ‘genefilter’ are not available for package ‘DEXSeq’
* removing ‘/mnt/library/DEXSeq’
ERROR: dependency ‘DEXSeq’ is not available for package ‘pasilla’
* removing ‘/mnt/library/pasilla’

The downloaded source packages are in
	‘/tmp/RtmpOfXOgy/downloaded_packages’
Old packages: 'bslib', 'cli', 'curl', 'evaluate', 'httr2', 'jsonlite',
  'openssl', 'pillar', 'pkgbuild', 'processx', 'ps', 'purrr', 'R6', 'Rcpp',
  'rlang', 'sessioninfo', 'systemfonts', 'testthat', 'textshaping', 'tinytex',
  'xfun', 'zip', 'class', 'foreign', 'KernSmooth', 'MASS', 'Matrix', 'nlme',
  'nnet', 'rpart', 'spatial'
There were 24 warnings (use warnings() to see them)

real	1m40.893s
user	0m38.150s
sys	0m11.809s
