'getOption("repos")' replaces Bioconductor standard repositories, see
'help("repositories", package = "BiocManager")' for details.
Replacement repositories:
    CRAN: https://p3m.dev/cran/__linux__/noble/latest
Bioconductor version 3.20 (BiocManager 1.30.25), R 4.4.2 (2024-10-31)
Installing package(s) 'BUSpaRse'
also installing the dependency ‘TENxBUSData’

trying URL 'https://bioconductor.org/packages/3.20/data/experiment/src/contrib/TENxBUSData_1.20.0.tar.gz'
Content type 'application/x-gzip' length 226564 bytes (221 KB)
==================================================
downloaded 221 KB

trying URL 'https://bioconductor.org/packages/3.20/bioc/src/contrib/BUSpaRse_1.20.0.tar.gz'
Content type 'application/x-gzip' length 646176 bytes (631 KB)
==================================================
downloaded 631 KB

* installing *source* package ‘TENxBUSData’ ...
** using staged installation
** R
** inst
** byte-compile and prepare package for lazy loading
** help
*** installing help indices
** building package indices
** installing vignettes
** testing if installed package can be loaded from temporary location
** testing if installed package can be loaded from final location
** testing if installed package keeps a record of temporary installation path
* creating tarball
packaged installation of ‘TENxBUSData’ as ‘TENxBUSData_1.20.0_R_x86_64-pc-linux-gnu.tar.gz’
* DONE (TENxBUSData)
* installing *source* package ‘BUSpaRse’ ...
** package ‘BUSpaRse’ successfully unpacked and MD5 sums checked
** using staged installation
** libs
using C++ compiler: ‘g++ (Ubuntu 13.3.0-6ubuntu2~24.04) 13.3.0’
using C++11
g++ -std=gnu++11 -I"/usr/local/lib/R/include" -DNDEBUG  -I'/usr/local/lib/R/site-library/Rcpp/include' -I'/mnt/library/RcppArmadillo/include' -I'/mnt/library/RcppProgress/include' -I'/mnt/library/BH/include' -I/usr/local/include    -fpic  -g -O2 -fstack-protector-strong -Wformat -Wformat-security -Wdate-time -D_FORTIFY_SOURCE=2 -g  -DR_NO_REMAP -c RcppExports.cpp -o RcppExports.o
g++ -std=gnu++11 -I"/usr/local/lib/R/include" -DNDEBUG  -I'/usr/local/lib/R/site-library/Rcpp/include' -I'/mnt/library/RcppArmadillo/include' -I'/mnt/library/RcppProgress/include' -I'/mnt/library/BH/include' -I/usr/local/include    -fpic  -g -O2 -fstack-protector-strong -Wformat -Wformat-security -Wdate-time -D_FORTIFY_SOURCE=2 -g  -DR_NO_REMAP -c fill_cell_gene.cpp -o fill_cell_gene.o
g++ -std=gnu++11 -shared -L/usr/local/lib/R/lib -L/usr/local/lib -o BUSpaRse.so RcppExports.o fill_cell_gene.o -llapack -lblas -lgfortran -lm -lquadmath -L/usr/local/lib/R/lib -lR
installing to /mnt/library/00LOCK-BUSpaRse/00new/BUSpaRse/libs
** R
** data
*** moving datasets to lazyload DB
** inst
** byte-compile and prepare package for lazy loading
** help
*** installing help indices
** building package indices
** installing vignettes
** testing if installed package can be loaded from temporary location
** checking absolute paths in shared objects and dynamic libraries
** testing if installed package can be loaded from final location
** testing if installed package keeps a record of temporary installation path
* creating tarball
packaged installation of ‘BUSpaRse’ as ‘BUSpaRse_1.20.0_R_x86_64-pc-linux-gnu.tar.gz’
* DONE (BUSpaRse)

The downloaded source packages are in
	‘/tmp/Rtmpvv42z2/downloaded_packages’
Old packages: 'bslib', 'cli', 'curl', 'evaluate', 'httr2', 'jsonlite',
  'openssl', 'pillar', 'pkgbuild', 'processx', 'ps', 'purrr', 'R6', 'Rcpp',
  'rlang', 'sessioninfo', 'systemfonts', 'testthat', 'textshaping', 'tinytex',
  'xfun', 'zip', 'class', 'foreign', 'KernSmooth', 'MASS', 'Matrix', 'nlme',
  'nnet', 'rpart', 'spatial'

real	1m52.202s
user	1m8.439s
sys	0m10.384s
