'getOption("repos")' replaces Bioconductor standard repositories, see
'help("repositories", package = "BiocManager")' for details.
Replacement repositories:
    CRAN: https://p3m.dev/cran/__linux__/noble/latest
Bioconductor version 3.20 (BiocManager 1.30.25), R 4.4.2 (2024-10-31)
Installing package(s) 'flowcatchR'
also installing the dependency ‘colorRamps’

trying URL 'https://p3m.dev/cran/__linux__/noble/latest/src/contrib/colorRamps_2.3.4.tar.gz'
Content type 'binary/octet-stream' length 27943 bytes (27 KB)
==================================================
downloaded 27 KB

trying URL 'https://bioconductor.org/packages/3.20/bioc/src/contrib/flowcatchR_1.40.0.tar.gz'
Content type 'application/x-gzip' length 7091101 bytes (6.8 MB)
==================================================
downloaded 6.8 MB

* installing *binary* package ‘colorRamps’ ...
* ‘colorRamps’ was already a binary package and will not be rebuilt
* creating tarball
packaged installation of ‘colorRamps’ as ‘colorRamps_2.3.4_R_x86_64-pc-linux-gnu.tar.gz’
* DONE (colorRamps)
* installing *source* package ‘flowcatchR’ ...
** package ‘flowcatchR’ successfully unpacked and MD5 sums checked
** using staged installation
** R
** data
*** moving datasets to lazyload DB
** inst
** byte-compile and prepare package for lazy loading
** help
*** installing help indices
** building package indices
** installing vignettes
** testing if installed package can be loaded from temporary location
** testing if installed package can be loaded from final location
** testing if installed package keeps a record of temporary installation path
* creating tarball
packaged installation of ‘flowcatchR’ as ‘flowcatchR_1.40.0_R_x86_64-pc-linux-gnu.tar.gz’
* DONE (flowcatchR)

The downloaded source packages are in
	‘/tmp/RtmpAOBdz8/downloaded_packages’
Old packages: 'bslib', 'cli', 'curl', 'evaluate', 'httr2', 'jsonlite',
  'openssl', 'pillar', 'pkgbuild', 'processx', 'ps', 'purrr', 'R6', 'Rcpp',
  'rlang', 'sessioninfo', 'systemfonts', 'testthat', 'textshaping', 'tinytex',
  'xfun', 'zip', 'class', 'foreign', 'KernSmooth', 'MASS', 'Matrix', 'nlme',
  'nnet', 'rpart', 'spatial'

real	0m57.283s
user	0m13.231s
sys	0m3.695s
