'getOption("repos")' replaces Bioconductor standard repositories, see
'help("repositories", package = "BiocManager")' for details.
Replacement repositories:
    CRAN: https://p3m.dev/cran/__linux__/noble/latest
Bioconductor version 3.20 (BiocManager 1.30.25), R 4.4.2 (2024-10-31)
Installing package(s) 'animalcules'
also installing the dependencies ‘dirmult’, ‘GUniFrac’, ‘ROCit’

trying URL 'https://p3m.dev/cran/__linux__/noble/latest/src/contrib/dirmult_0.1.3-5.tar.gz'
Content type 'binary/octet-stream' length 73826 bytes (72 KB)
==================================================
downloaded 72 KB

trying URL 'https://p3m.dev/cran/__linux__/noble/latest/src/contrib/GUniFrac_1.8.tar.gz'
Content type 'binary/octet-stream' length 1066982 bytes (1.0 MB)
==================================================
downloaded 1.0 MB

trying URL 'https://p3m.dev/cran/__linux__/noble/latest/src/contrib/ROCit_2.1.2.tar.gz'
Content type 'binary/octet-stream' length 294359 bytes (287 KB)
==================================================
downloaded 287 KB

trying URL 'https://bioconductor.org/packages/3.20/bioc/src/contrib/animalcules_1.22.0.tar.gz'
Content type 'application/x-gzip' length 3562380 bytes (3.4 MB)
==================================================
downloaded 3.4 MB

* installing *binary* package ‘dirmult’ ...
* ‘dirmult’ was already a binary package and will not be rebuilt
* creating tarball
packaged installation of ‘dirmult’ as ‘dirmult_0.1.3-5_R_x86_64-pc-linux-gnu.tar.gz’
* DONE (dirmult)
* installing *binary* package ‘ROCit’ ...
* ‘ROCit’ was already a binary package and will not be rebuilt
* creating tarball
packaged installation of ‘ROCit’ as ‘ROCit_2.1.2_R_x86_64-pc-linux-gnu.tar.gz’
* DONE (ROCit)
* installing *binary* package ‘GUniFrac’ ...
* ‘GUniFrac’ was already a binary package and will not be rebuilt
* creating tarball
packaged installation of ‘GUniFrac’ as ‘GUniFrac_1.8_R_x86_64-pc-linux-gnu.tar.gz’
* DONE (GUniFrac)
* installing *source* package ‘animalcules’ ...
** package ‘animalcules’ successfully unpacked and MD5 sums checked
** using staged installation
** R
** inst
** byte-compile and prepare package for lazy loading
** help
*** installing help indices
** building package indices
** installing vignettes
** testing if installed package can be loaded from temporary location
** testing if installed package can be loaded from final location
** testing if installed package keeps a record of temporary installation path
* creating tarball
packaged installation of ‘animalcules’ as ‘animalcules_1.22.0_R_x86_64-pc-linux-gnu.tar.gz’
* DONE (animalcules)

The downloaded source packages are in
	‘/tmp/Rtmpoejwbt/downloaded_packages’
Old packages: 'bslib', 'cli', 'curl', 'evaluate', 'httr2', 'jsonlite',
  'openssl', 'pillar', 'pkgbuild', 'processx', 'ps', 'purrr', 'R6', 'Rcpp',
  'rlang', 'sessioninfo', 'systemfonts', 'testthat', 'textshaping', 'tinytex',
  'xfun', 'zip', 'class', 'foreign', 'KernSmooth', 'MASS', 'Matrix', 'nlme',
  'nnet', 'rpart', 'spatial'

real	33m46.826s
user	0m42.099s
sys	0m10.588s
