'getOption("repos")' replaces Bioconductor standard repositories, see
'help("repositories", package = "BiocManager")' for details.
Replacement repositories:
    CRAN: https://p3m.dev/cran/__linux__/noble/latest
Bioconductor version 3.20 (BiocManager 1.30.25), R 4.4.2 (2024-10-31)
Installing package(s) 'MOFA2'
trying URL 'https://bioconductor.org/packages/3.20/bioc/src/contrib/MOFA2_1.16.0.tar.gz'
Content type 'application/x-gzip' length 4671460 bytes (4.5 MB)
==================================================
downloaded 4.5 MB

* installing *source* package ‘MOFA2’ ...
** package ‘MOFA2’ successfully unpacked and MD5 sums checked
** using non-staged installation via StagedInstall field
** R
** inst
** byte-compile and prepare package for lazy loading
Creating a generic function for ‘rownames’ from package ‘base’ in package ‘MOFA2’
Creating a generic function for ‘colnames’ from package ‘base’ in package ‘MOFA2’
Creating a generic function for ‘nrow’ from package ‘base’ in package ‘MOFA2’
Creating a generic function for ‘ncol’ from package ‘base’ in package ‘MOFA2’
Creating a generic function for ‘rownames<-’ from package ‘base’ in package ‘MOFA2’
Creating a generic function for ‘colnames<-’ from package ‘base’ in package ‘MOFA2’
** help
*** installing help indices
** building package indices
** installing vignettes
** testing if installed package can be loaded
* creating tarball
packaged installation of ‘MOFA2’ as ‘MOFA2_1.16.0_R_x86_64-pc-linux-gnu.tar.gz’
* DONE (MOFA2)

The downloaded source packages are in
	‘/tmp/RtmpyQT5BU/downloaded_packages’
Old packages: 'bslib', 'cli', 'curl', 'evaluate', 'httr2', 'jsonlite',
  'openssl', 'pillar', 'pkgbuild', 'processx', 'ps', 'purrr', 'R6', 'Rcpp',
  'rlang', 'sessioninfo', 'systemfonts', 'testthat', 'textshaping', 'tinytex',
  'xfun', 'zip', 'class', 'foreign', 'KernSmooth', 'MASS', 'Matrix', 'nlme',
  'nnet', 'rpart', 'spatial'

real	1m36.245s
user	0m23.638s
sys	0m4.222s
