'getOption("repos")' replaces Bioconductor standard repositories, see
'help("repositories", package = "BiocManager")' for details.
Replacement repositories:
    CRAN: https://p3m.dev/cran/__linux__/noble/latest
Bioconductor version 3.20 (BiocManager 1.30.25), R 4.4.2 (2024-10-31)
Installing package(s) 'R453Plus1Toolbox'
also installing the dependency ‘TeachingDemos’

trying URL 'https://p3m.dev/cran/__linux__/noble/latest/src/contrib/TeachingDemos_2.13.tar.gz'
Content type 'binary/octet-stream' length 1238571 bytes (1.2 MB)
==================================================
downloaded 1.2 MB

trying URL 'https://bioconductor.org/packages/3.20/bioc/src/contrib/R453Plus1Toolbox_1.56.0.tar.gz'
Content type 'application/x-gzip' length 866407 bytes (846 KB)
==================================================
downloaded 846 KB

* installing *binary* package ‘TeachingDemos’ ...
* ‘TeachingDemos’ was already a binary package and will not be rebuilt
* creating tarball
packaged installation of ‘TeachingDemos’ as ‘TeachingDemos_2.13_R_x86_64-pc-linux-gnu.tar.gz’
* DONE (TeachingDemos)
* installing *source* package ‘R453Plus1Toolbox’ ...
** package ‘R453Plus1Toolbox’ successfully unpacked and MD5 sums checked
** using staged installation
** libs
using C compiler: ‘gcc (Ubuntu 13.3.0-6ubuntu2~24.04) 13.3.0’
gcc -I"/usr/local/lib/R/include" -DNDEBUG   -I/usr/local/include    -fpic  -g -O2 -fstack-protector-strong -Wformat -Wformat-security -Wdate-time -D_FORTIFY_SOURCE=2 -g  -c readSFF.c -o readSFF.o
gcc -I"/usr/local/lib/R/include" -DNDEBUG   -I/usr/local/include    -fpic  -g -O2 -fstack-protector-strong -Wformat -Wformat-security -Wdate-time -D_FORTIFY_SOURCE=2 -g  -c writeSFF.c -o writeSFF.o
gcc -shared -L/usr/local/lib/R/lib -L/usr/local/lib -o R453Plus1Toolbox.so readSFF.o writeSFF.o -L/usr/local/lib/R/lib -lR
installing to /mnt/library/00LOCK-R453Plus1Toolbox/00new/R453Plus1Toolbox/libs
** R
** data
** inst
** byte-compile and prepare package for lazy loading
** help
*** installing help indices
** building package indices
** installing vignettes
** testing if installed package can be loaded from temporary location
** checking absolute paths in shared objects and dynamic libraries
** testing if installed package can be loaded from final location
** testing if installed package keeps a record of temporary installation path
* creating tarball
packaged installation of ‘R453Plus1Toolbox’ as ‘R453Plus1Toolbox_1.56.0_R_x86_64-pc-linux-gnu.tar.gz’
* DONE (R453Plus1Toolbox)

The downloaded source packages are in
	‘/tmp/RtmpXJvoXq/downloaded_packages’
Old packages: 'bslib', 'cli', 'curl', 'evaluate', 'httr2', 'jsonlite',
  'openssl', 'pillar', 'pkgbuild', 'processx', 'ps', 'purrr', 'R6', 'Rcpp',
  'rlang', 'sessioninfo', 'systemfonts', 'testthat', 'textshaping', 'tinytex',
  'xfun', 'zip', 'class', 'foreign', 'KernSmooth', 'MASS', 'Matrix', 'nlme',
  'nnet', 'rpart', 'spatial'

real	3m12.603s
user	1m8.976s
sys	0m8.792s
