'getOption("repos")' replaces Bioconductor standard repositories, see
'help("repositories", package = "BiocManager")' for details.
Replacement repositories:
    CRAN: https://p3m.dev/cran/__linux__/noble/latest
Bioconductor version 3.20 (BiocManager 1.30.25), R 4.4.2 (2024-10-31)
Installing package(s) 'BridgeDbR'
also installing the dependency ‘rJava’

trying URL 'https://p3m.dev/cran/__linux__/noble/latest/src/contrib/rJava_1.0-11.tar.gz'
Content type 'binary/octet-stream' length 939957 bytes (917 KB)
==================================================
downloaded 917 KB

trying URL 'https://bioconductor.org/packages/3.20/bioc/src/contrib/BridgeDbR_2.16.0.tar.gz'
Content type 'application/x-gzip' length 4840841 bytes (4.6 MB)
==================================================
downloaded 4.6 MB

* installing *binary* package ‘rJava’ ...
* ‘rJava’ was already a binary package and will not be rebuilt
* creating tarball
packaged installation of ‘rJava’ as ‘rJava_1.0-11_R_x86_64-pc-linux-gnu.tar.gz’
* DONE (rJava)
* installing *source* package ‘BridgeDbR’ ...
** package ‘BridgeDbR’ successfully unpacked and MD5 sums checked
** using staged installation
** R
** inst
** byte-compile and prepare package for lazy loading
** help
*** installing help indices
** building package indices
** installing vignettes
** testing if installed package can be loaded from temporary location
** testing if installed package can be loaded from final location
** testing if installed package keeps a record of temporary installation path
* creating tarball
packaged installation of ‘BridgeDbR’ as ‘BridgeDbR_2.16.0_R_x86_64-pc-linux-gnu.tar.gz’
* DONE (BridgeDbR)

The downloaded source packages are in
	‘/tmp/Rtmp44sBDV/downloaded_packages’
Old packages: 'bslib', 'cli', 'curl', 'evaluate', 'httr2', 'jsonlite',
  'openssl', 'pillar', 'pkgbuild', 'processx', 'ps', 'purrr', 'R6', 'Rcpp',
  'rlang', 'sessioninfo', 'systemfonts', 'testthat', 'textshaping', 'tinytex',
  'xfun', 'zip', 'class', 'foreign', 'KernSmooth', 'MASS', 'Matrix', 'nlme',
  'nnet', 'rpart', 'spatial'

real	0m9.310s
user	0m4.781s
sys	0m2.745s
