'getOption("repos")' replaces Bioconductor standard repositories, see
'help("repositories", package = "BiocManager")' for details.
Replacement repositories:
    CRAN: https://p3m.dev/cran/__linux__/noble/latest
Bioconductor version 3.20 (BiocManager 1.30.25), R 4.4.2 (2024-10-31)
Installing package(s) 'TitanCNA'
trying URL 'https://bioconductor.org/packages/3.20/bioc/src/contrib/TitanCNA_1.44.0.tar.gz'
Content type 'application/x-gzip' length 4012959 bytes (3.8 MB)
==================================================
downloaded 3.8 MB

* installing *source* package ‘TitanCNA’ ...
** package ‘TitanCNA’ successfully unpacked and MD5 sums checked
** using staged installation
** libs
using C compiler: ‘gcc (Ubuntu 13.3.0-6ubuntu2~24.04) 13.3.0’
gcc -I"/usr/local/lib/R/include" -DNDEBUG   -I/usr/local/include    -fpic  -g -O2 -fstack-protector-strong -Wformat -Wformat-security -Wdate-time -D_FORTIFY_SOURCE=2 -g  -c fwd_backC_clonalCN.c -o fwd_backC_clonalCN.o
gcc -I"/usr/local/lib/R/include" -DNDEBUG   -I/usr/local/include    -fpic  -g -O2 -fstack-protector-strong -Wformat -Wformat-security -Wdate-time -D_FORTIFY_SOURCE=2 -g  -c getPositionOverlapC.c -o getPositionOverlapC.o
gcc -I"/usr/local/lib/R/include" -DNDEBUG   -I/usr/local/include    -fpic  -g -O2 -fstack-protector-strong -Wformat -Wformat-security -Wdate-time -D_FORTIFY_SOURCE=2 -g  -c register.c -o register.o
gcc -I"/usr/local/lib/R/include" -DNDEBUG   -I/usr/local/include    -fpic  -g -O2 -fstack-protector-strong -Wformat -Wformat-security -Wdate-time -D_FORTIFY_SOURCE=2 -g  -c viterbiC_clonalCN.c -o viterbiC_clonalCN.o
gcc -shared -L/usr/local/lib/R/lib -L/usr/local/lib -o TitanCNA.so fwd_backC_clonalCN.o getPositionOverlapC.o register.o viterbiC_clonalCN.o -L/usr/local/lib/R/lib -lR
installing to /mnt/library/00LOCK-TitanCNA/00new/TitanCNA/libs
** R
** data
** inst
** byte-compile and prepare package for lazy loading
Warning: replacing previous import ‘GenomicRanges::shift’ by ‘data.table::shift’ when loading ‘TitanCNA’
Warning: replacing previous import ‘data.table::first’ by ‘dplyr::first’ when loading ‘TitanCNA’
Warning: replacing previous import ‘IRanges::desc’ by ‘dplyr::desc’ when loading ‘TitanCNA’
Warning: replacing previous import ‘IRanges::slice’ by ‘dplyr::slice’ when loading ‘TitanCNA’
Warning: replacing previous import ‘GenomeInfoDb::intersect’ by ‘dplyr::intersect’ when loading ‘TitanCNA’
Warning: replacing previous import ‘data.table::last’ by ‘dplyr::last’ when loading ‘TitanCNA’
Warning: replacing previous import ‘GenomicRanges::union’ by ‘dplyr::union’ when loading ‘TitanCNA’
Warning: replacing previous import ‘data.table::between’ by ‘dplyr::between’ when loading ‘TitanCNA’
Warning: replacing previous import ‘BiocGenerics::combine’ by ‘dplyr::combine’ when loading ‘TitanCNA’
Warning: replacing previous import ‘IRanges::collapse’ by ‘dplyr::collapse’ when loading ‘TitanCNA’
Warning: replacing previous import ‘GenomicRanges::setdiff’ by ‘dplyr::setdiff’ when loading ‘TitanCNA’
Warning: replacing previous import ‘dplyr::select’ by ‘VariantAnnotation::select’ when loading ‘TitanCNA’
** help
*** installing help indices
** building package indices
** installing vignettes
** testing if installed package can be loaded from temporary location
Warning: replacing previous import ‘GenomicRanges::shift’ by ‘data.table::shift’ when loading ‘TitanCNA’
Warning: replacing previous import ‘data.table::first’ by ‘dplyr::first’ when loading ‘TitanCNA’
Warning: replacing previous import ‘IRanges::desc’ by ‘dplyr::desc’ when loading ‘TitanCNA’
Warning: replacing previous import ‘IRanges::slice’ by ‘dplyr::slice’ when loading ‘TitanCNA’
Warning: replacing previous import ‘GenomeInfoDb::intersect’ by ‘dplyr::intersect’ when loading ‘TitanCNA’
Warning: replacing previous import ‘data.table::last’ by ‘dplyr::last’ when loading ‘TitanCNA’
Warning: replacing previous import ‘GenomicRanges::union’ by ‘dplyr::union’ when loading ‘TitanCNA’
Warning: replacing previous import ‘data.table::between’ by ‘dplyr::between’ when loading ‘TitanCNA’
Warning: replacing previous import ‘BiocGenerics::combine’ by ‘dplyr::combine’ when loading ‘TitanCNA’
Warning: replacing previous import ‘IRanges::collapse’ by ‘dplyr::collapse’ when loading ‘TitanCNA’
Warning: replacing previous import ‘GenomicRanges::setdiff’ by ‘dplyr::setdiff’ when loading ‘TitanCNA’
Warning: replacing previous import ‘dplyr::select’ by ‘VariantAnnotation::select’ when loading ‘TitanCNA’
** checking absolute paths in shared objects and dynamic libraries
** testing if installed package can be loaded from final location
Warning: replacing previous import ‘GenomicRanges::shift’ by ‘data.table::shift’ when loading ‘TitanCNA’
Warning: replacing previous import ‘data.table::first’ by ‘dplyr::first’ when loading ‘TitanCNA’
Warning: replacing previous import ‘IRanges::desc’ by ‘dplyr::desc’ when loading ‘TitanCNA’
Warning: replacing previous import ‘IRanges::slice’ by ‘dplyr::slice’ when loading ‘TitanCNA’
Warning: replacing previous import ‘GenomeInfoDb::intersect’ by ‘dplyr::intersect’ when loading ‘TitanCNA’
Warning: replacing previous import ‘data.table::last’ by ‘dplyr::last’ when loading ‘TitanCNA’
Warning: replacing previous import ‘GenomicRanges::union’ by ‘dplyr::union’ when loading ‘TitanCNA’
Warning: replacing previous import ‘data.table::between’ by ‘dplyr::between’ when loading ‘TitanCNA’
Warning: replacing previous import ‘BiocGenerics::combine’ by ‘dplyr::combine’ when loading ‘TitanCNA’
Warning: replacing previous import ‘IRanges::collapse’ by ‘dplyr::collapse’ when loading ‘TitanCNA’
Warning: replacing previous import ‘GenomicRanges::setdiff’ by ‘dplyr::setdiff’ when loading ‘TitanCNA’
Warning: replacing previous import ‘dplyr::select’ by ‘VariantAnnotation::select’ when loading ‘TitanCNA’
** testing if installed package keeps a record of temporary installation path
* creating tarball
packaged installation of ‘TitanCNA’ as ‘TitanCNA_1.44.0_R_x86_64-pc-linux-gnu.tar.gz’
* DONE (TitanCNA)

The downloaded source packages are in
	‘/tmp/Rtmpbgksdk/downloaded_packages’
Old packages: 'bslib', 'cli', 'curl', 'evaluate', 'httr2', 'jsonlite',
  'openssl', 'pillar', 'pkgbuild', 'processx', 'ps', 'purrr', 'R6', 'Rcpp',
  'rlang', 'sessioninfo', 'systemfonts', 'testthat', 'textshaping', 'tinytex',
  'xfun', 'zip', 'class', 'foreign', 'KernSmooth', 'MASS', 'Matrix', 'nlme',
  'nnet', 'rpart', 'spatial'

real	2m31.552s
user	0m45.842s
sys	0m8.523s
