'getOption("repos")' replaces Bioconductor standard repositories, see
'help("repositories", package = "BiocManager")' for details.
Replacement repositories:
    CRAN: https://p3m.dev/cran/__linux__/noble/latest
Bioconductor version 3.20 (BiocManager 1.30.25), R 4.4.2 (2024-10-31)
Installing package(s) 'mia'
also installing the dependencies ‘dada2’, ‘microbiomeDataSets’, ‘topicdoc’, ‘topicmodels’

trying URL 'https://bioconductor.org/packages/3.20/bioc/src/contrib/dada2_1.34.0.tar.gz'
Content type 'application/x-gzip' length 2885892 bytes (2.8 MB)
==================================================
downloaded 2.8 MB

trying URL 'https://bioconductor.org/packages/3.20/data/experiment/src/contrib/microbiomeDataSets_1.14.0.tar.gz'
Content type 'application/x-gzip' length 240601 bytes (234 KB)
==================================================
downloaded 234 KB

trying URL 'https://p3m.dev/cran/__linux__/noble/latest/src/contrib/topicdoc_0.1.1.tar.gz'
Content type 'binary/octet-stream' length 121458 bytes (118 KB)
==================================================
downloaded 118 KB

trying URL 'https://p3m.dev/cran/__linux__/noble/latest/src/contrib/topicmodels_0.2-17.tar.gz'
Content type 'binary/octet-stream' length 1000681 bytes (977 KB)
==================================================
downloaded 977 KB

trying URL 'https://bioconductor.org/packages/3.20/bioc/src/contrib/mia_1.14.0.tar.gz'
Content type 'application/x-gzip' length 3130972 bytes (3.0 MB)
==================================================
downloaded 3.0 MB

* installing *source* package ‘dada2’ ...
** package ‘dada2’ successfully unpacked and MD5 sums checked
** using staged installation
** libs
using C++ compiler: ‘g++ (Ubuntu 13.3.0-6ubuntu2~24.04) 13.3.0’
using C++11
g++ -std=gnu++11 -I"/usr/local/lib/R/include" -DNDEBUG  -I'/usr/local/lib/R/site-library/Rcpp/include' -I'/mnt/library/RcppParallel/include' -I/usr/local/include    -fpic  -g -O2 -fstack-protector-strong -Wformat -Wformat-security -Wdate-time -D_FORTIFY_SOURCE=2 -g  -DR_NO_REMAP -c RcppExports.cpp -o RcppExports.o
g++ -std=gnu++11 -I"/usr/local/lib/R/include" -DNDEBUG  -I'/usr/local/lib/R/site-library/Rcpp/include' -I'/mnt/library/RcppParallel/include' -I/usr/local/include    -fpic  -g -O2 -fstack-protector-strong -Wformat -Wformat-security -Wdate-time -D_FORTIFY_SOURCE=2 -g  -DR_NO_REMAP -c Rmain.cpp -o Rmain.o
g++ -std=gnu++11 -I"/usr/local/lib/R/include" -DNDEBUG  -I'/usr/local/lib/R/site-library/Rcpp/include' -I'/mnt/library/RcppParallel/include' -I/usr/local/include    -fpic  -g -O2 -fstack-protector-strong -Wformat -Wformat-security -Wdate-time -D_FORTIFY_SOURCE=2 -g  -DR_NO_REMAP -c chimera.cpp -o chimera.o
g++ -std=gnu++11 -I"/usr/local/lib/R/include" -DNDEBUG  -I'/usr/local/lib/R/site-library/Rcpp/include' -I'/mnt/library/RcppParallel/include' -I/usr/local/include    -fpic  -g -O2 -fstack-protector-strong -Wformat -Wformat-security -Wdate-time -D_FORTIFY_SOURCE=2 -g  -DR_NO_REMAP -c cluster.cpp -o cluster.o
g++ -std=gnu++11 -I"/usr/local/lib/R/include" -DNDEBUG  -I'/usr/local/lib/R/site-library/Rcpp/include' -I'/mnt/library/RcppParallel/include' -I/usr/local/include    -fpic  -g -O2 -fstack-protector-strong -Wformat -Wformat-security -Wdate-time -D_FORTIFY_SOURCE=2 -g  -DR_NO_REMAP -c containers.cpp -o containers.o
g++ -std=gnu++11 -I"/usr/local/lib/R/include" -DNDEBUG  -I'/usr/local/lib/R/site-library/Rcpp/include' -I'/mnt/library/RcppParallel/include' -I/usr/local/include    -fpic  -g -O2 -fstack-protector-strong -Wformat -Wformat-security -Wdate-time -D_FORTIFY_SOURCE=2 -g  -DR_NO_REMAP -c error.cpp -o error.o
g++ -std=gnu++11 -I"/usr/local/lib/R/include" -DNDEBUG  -I'/usr/local/lib/R/site-library/Rcpp/include' -I'/mnt/library/RcppParallel/include' -I/usr/local/include    -fpic  -g -O2 -fstack-protector-strong -Wformat -Wformat-security -Wdate-time -D_FORTIFY_SOURCE=2 -g  -DR_NO_REMAP -c evaluate.cpp -o evaluate.o
g++ -std=gnu++11 -I"/usr/local/lib/R/include" -DNDEBUG  -I'/usr/local/lib/R/site-library/Rcpp/include' -I'/mnt/library/RcppParallel/include' -I/usr/local/include    -fpic  -g -O2 -fstack-protector-strong -Wformat -Wformat-security -Wdate-time -D_FORTIFY_SOURCE=2 -g  -DR_NO_REMAP -c filter.cpp -o filter.o
g++ -std=gnu++11 -I"/usr/local/lib/R/include" -DNDEBUG  -I'/usr/local/lib/R/site-library/Rcpp/include' -I'/mnt/library/RcppParallel/include' -I/usr/local/include    -fpic  -g -O2 -fstack-protector-strong -Wformat -Wformat-security -Wdate-time -D_FORTIFY_SOURCE=2 -g  -DR_NO_REMAP -c kmers.cpp -o kmers.o
g++ -std=gnu++11 -I"/usr/local/lib/R/include" -DNDEBUG  -I'/usr/local/lib/R/site-library/Rcpp/include' -I'/mnt/library/RcppParallel/include' -I/usr/local/include    -fpic  -g -O2 -fstack-protector-strong -Wformat -Wformat-security -Wdate-time -D_FORTIFY_SOURCE=2 -g  -DR_NO_REMAP -c misc.cpp -o misc.o
g++ -std=gnu++11 -I"/usr/local/lib/R/include" -DNDEBUG  -I'/usr/local/lib/R/site-library/Rcpp/include' -I'/mnt/library/RcppParallel/include' -I/usr/local/include    -fpic  -g -O2 -fstack-protector-strong -Wformat -Wformat-security -Wdate-time -D_FORTIFY_SOURCE=2 -g  -DR_NO_REMAP -c nwalign_endsfree.cpp -o nwalign_endsfree.o
g++ -std=gnu++11 -I"/usr/local/lib/R/include" -DNDEBUG  -I'/usr/local/lib/R/site-library/Rcpp/include' -I'/mnt/library/RcppParallel/include' -I/usr/local/include    -fpic  -g -O2 -fstack-protector-strong -Wformat -Wformat-security -Wdate-time -D_FORTIFY_SOURCE=2 -g  -DR_NO_REMAP -c nwalign_vectorized.cpp -o nwalign_vectorized.o
nwalign_vectorized.cpp: In function ‘char** nwalign_vectorized2(const char*, size_t, const char*, size_t, int16_t, int16_t, int16_t, int16_t, int)’:
nwalign_vectorized.cpp:280:27: warning: format ‘%i’ expects argument of type ‘int’, but argument 2 has type ‘size_t’ {aka ‘long unsigned int’} [-Wformat=]
  280 |         Rprintf("len1/2=(%i, %i), nrow,ncol=(%i,%i), ij=(%i,%i), rc=(%i,%i), d[][]=%i, p[][]=%i\n", len1, len2, nrow, ncol, i,j,i+j,(2*start_col+j-i)/2, d[(i+j)*ncol + (2*start_col+j-i)/2], p[(i+j)*ncol + (2*start_col+j-i)/2]);
      |                          ~^                                                                         ~~~~
      |                           |                                                                         |
      |                           int                                                                       size_t {aka long unsigned int}
      |                          %li
nwalign_vectorized.cpp:280:31: warning: format ‘%i’ expects argument of type ‘int’, but argument 3 has type ‘size_t’ {aka ‘long unsigned int’} [-Wformat=]
  280 |         Rprintf("len1/2=(%i, %i), nrow,ncol=(%i,%i), ij=(%i,%i), rc=(%i,%i), d[][]=%i, p[][]=%i\n", len1, len2, nrow, ncol, i,j,i+j,(2*start_col+j-i)/2, d[(i+j)*ncol + (2*start_col+j-i)/2], p[(i+j)*ncol + (2*start_col+j-i)/2]);
      |                              ~^                                                                           ~~~~
      |                               |                                                                           |
      |                               int                                                                         size_t {aka long unsigned int}
      |                              %li
nwalign_vectorized.cpp:280:47: warning: format ‘%i’ expects argument of type ‘int’, but argument 4 has type ‘size_t’ {aka ‘long unsigned int’} [-Wformat=]
  280 |         Rprintf("len1/2=(%i, %i), nrow,ncol=(%i,%i), ij=(%i,%i), rc=(%i,%i), d[][]=%i, p[][]=%i\n", len1, len2, nrow, ncol, i,j,i+j,(2*start_col+j-i)/2, d[(i+j)*ncol + (2*start_col+j-i)/2], p[(i+j)*ncol + (2*start_col+j-i)/2]);
      |                                              ~^                                                                 ~~~~
      |                                               |                                                                 |
      |                                               int                                                               size_t {aka long unsigned int}
      |                                              %li
nwalign_vectorized.cpp:280:50: warning: format ‘%i’ expects argument of type ‘int’, but argument 5 has type ‘size_t’ {aka ‘long unsigned int’} [-Wformat=]
  280 |         Rprintf("len1/2=(%i, %i), nrow,ncol=(%i,%i), ij=(%i,%i), rc=(%i,%i), d[][]=%i, p[][]=%i\n", len1, len2, nrow, ncol, i,j,i+j,(2*start_col+j-i)/2, d[(i+j)*ncol + (2*start_col+j-i)/2], p[(i+j)*ncol + (2*start_col+j-i)/2]);
      |                                                 ~^                                                                    ~~~~
      |                                                  |                                                                    |
      |                                                  int                                                                  size_t {aka long unsigned int}
      |                                                 %li
nwalign_vectorized.cpp:280:59: warning: format ‘%i’ expects argument of type ‘int’, but argument 6 has type ‘size_t’ {aka ‘long unsigned int’} [-Wformat=]
  280 |         Rprintf("len1/2=(%i, %i), nrow,ncol=(%i,%i), ij=(%i,%i), rc=(%i,%i), d[][]=%i, p[][]=%i\n", len1, len2, nrow, ncol, i,j,i+j,(2*start_col+j-i)/2, d[(i+j)*ncol + (2*start_col+j-i)/2], p[(i+j)*ncol + (2*start_col+j-i)/2]);
      |                                                          ~^                                                                 ~
      |                                                           |                                                                 |
      |                                                           int                                                               size_t {aka long unsigned int}
      |                                                          %li
nwalign_vectorized.cpp:280:62: warning: format ‘%i’ expects argument of type ‘int’, but argument 7 has type ‘size_t’ {aka ‘long unsigned int’} [-Wformat=]
  280 |         Rprintf("len1/2=(%i, %i), nrow,ncol=(%i,%i), ij=(%i,%i), rc=(%i,%i), d[][]=%i, p[][]=%i\n", len1, len2, nrow, ncol, i,j,i+j,(2*start_col+j-i)/2, d[(i+j)*ncol + (2*start_col+j-i)/2], p[(i+j)*ncol + (2*start_col+j-i)/2]);
      |                                                             ~^                                                                ~
      |                                                              |                                                                |
      |                                                              int                                                              size_t {aka long unsigned int}
      |                                                             %li
nwalign_vectorized.cpp:280:71: warning: format ‘%i’ expects argument of type ‘int’, but argument 8 has type ‘size_t’ {aka ‘long unsigned int’} [-Wformat=]
  280 |         Rprintf("len1/2=(%i, %i), nrow,ncol=(%i,%i), ij=(%i,%i), rc=(%i,%i), d[][]=%i, p[][]=%i\n", len1, len2, nrow, ncol, i,j,i+j,(2*start_col+j-i)/2, d[(i+j)*ncol + (2*start_col+j-i)/2], p[(i+j)*ncol + (2*start_col+j-i)/2]);
      |                                                                      ~^                                                         ~~~
      |                                                                       |                                                          |
      |                                                                       int                                                        size_t {aka long unsigned int}
      |                                                                      %li
nwalign_vectorized.cpp:280:74: warning: format ‘%i’ expects argument of type ‘int’, but argument 9 has type ‘size_t’ {aka ‘long unsigned int’} [-Wformat=]
  280 |         Rprintf("len1/2=(%i, %i), nrow,ncol=(%i,%i), ij=(%i,%i), rc=(%i,%i), d[][]=%i, p[][]=%i\n", len1, len2, nrow, ncol, i,j,i+j,(2*start_col+j-i)/2, d[(i+j)*ncol + (2*start_col+j-i)/2], p[(i+j)*ncol + (2*start_col+j-i)/2]);
      |                                                                         ~^                                                          ~~~~~~~~~~~~~~~~~~~
      |                                                                          |                                                                           |
      |                                                                          int                                                                         size_t {aka long unsigned int}
      |                                                                         %li
g++ -std=gnu++11 -I"/usr/local/lib/R/include" -DNDEBUG  -I'/usr/local/lib/R/site-library/Rcpp/include' -I'/mnt/library/RcppParallel/include' -I/usr/local/include    -fpic  -g -O2 -fstack-protector-strong -Wformat -Wformat-security -Wdate-time -D_FORTIFY_SOURCE=2 -g  -DR_NO_REMAP -c pval.cpp -o pval.o
g++ -std=gnu++11 -I"/usr/local/lib/R/include" -DNDEBUG  -I'/usr/local/lib/R/site-library/Rcpp/include' -I'/mnt/library/RcppParallel/include' -I/usr/local/include    -fpic  -g -O2 -fstack-protector-strong -Wformat -Wformat-security -Wdate-time -D_FORTIFY_SOURCE=2 -g  -DR_NO_REMAP -c taxonomy.cpp -o taxonomy.o
g++ -std=gnu++11 -shared -L/usr/local/lib/R/lib -L/usr/local/lib -o dada2.so RcppExports.o Rmain.o chimera.o cluster.o containers.o error.o evaluate.o filter.o kmers.o misc.o nwalign_endsfree.o nwalign_vectorized.o pval.o taxonomy.o -L/usr/local/lib/R/lib -lR
installing to /mnt/library/00LOCK-dada2/00new/dada2/libs
** R
** data
*** moving datasets to lazyload DB
** inst
** byte-compile and prepare package for lazy loading
** help
*** installing help indices
** building package indices
** installing vignettes
** testing if installed package can be loaded from temporary location
** checking absolute paths in shared objects and dynamic libraries
** testing if installed package can be loaded from final location
** testing if installed package keeps a record of temporary installation path
* creating tarball
packaged installation of ‘dada2’ as ‘dada2_1.34.0_R_x86_64-pc-linux-gnu.tar.gz’
* DONE (dada2)
* installing *source* package ‘microbiomeDataSets’ ...
** using staged installation
** R
** inst
** byte-compile and prepare package for lazy loading
** help
*** installing help indices
** building package indices
** installing vignettes
** testing if installed package can be loaded from temporary location
** testing if installed package can be loaded from final location
** testing if installed package keeps a record of temporary installation path
* creating tarball
packaged installation of ‘microbiomeDataSets’ as ‘microbiomeDataSets_1.14.0_R_x86_64-pc-linux-gnu.tar.gz’
* DONE (microbiomeDataSets)
* installing *binary* package ‘topicmodels’ ...
* ‘topicmodels’ was already a binary package and will not be rebuilt
* creating tarball
packaged installation of ‘topicmodels’ as ‘topicmodels_0.2-17_R_x86_64-pc-linux-gnu.tar.gz’
* DONE (topicmodels)
* installing *source* package ‘mia’ ...
** package ‘mia’ successfully unpacked and MD5 sums checked
** using staged installation
** R
** data
** inst
** byte-compile and prepare package for lazy loading
** help
*** installing help indices
*** copying figures
** building package indices
** installing vignettes
** testing if installed package can be loaded from temporary location
** testing if installed package can be loaded from final location
** testing if installed package keeps a record of temporary installation path
* creating tarball
packaged installation of ‘mia’ as ‘mia_1.14.0_R_x86_64-pc-linux-gnu.tar.gz’
* DONE (mia)
* installing *binary* package ‘topicdoc’ ...
* ‘topicdoc’ was already a binary package and will not be rebuilt
* creating tarball
packaged installation of ‘topicdoc’ as ‘topicdoc_0.1.1_R_x86_64-pc-linux-gnu.tar.gz’
* DONE (topicdoc)

The downloaded source packages are in
	‘/tmp/Rtmpn8Perd/downloaded_packages’
Old packages: 'bslib', 'cli', 'curl', 'evaluate', 'httr2', 'jsonlite',
  'openssl', 'pillar', 'pkgbuild', 'processx', 'ps', 'purrr', 'R6', 'Rcpp',
  'rlang', 'sessioninfo', 'systemfonts', 'testthat', 'textshaping', 'tinytex',
  'xfun', 'zip', 'class', 'foreign', 'KernSmooth', 'MASS', 'Matrix', 'nlme',
  'nnet', 'rpart', 'spatial'

real	5m38.631s
user	2m11.986s
sys	0m20.870s
