'getOption("repos")' replaces Bioconductor standard repositories, see
'help("repositories", package = "BiocManager")' for details.
Replacement repositories:
    CRAN: https://p3m.dev/cran/__linux__/noble/latest
Bioconductor version 3.20 (BiocManager 1.30.25), R 4.4.2 (2024-10-31)
Installing package(s) 'ADAMgui'
also installing the dependency ‘varhandle’

trying URL 'https://p3m.dev/cran/__linux__/noble/latest/src/contrib/varhandle_2.0.6.tar.gz'
Content type 'binary/octet-stream' length 68534 bytes (66 KB)
==================================================
downloaded 66 KB

trying URL 'https://bioconductor.org/packages/3.20/bioc/src/contrib/ADAMgui_1.22.0.tar.gz'
Content type 'application/x-gzip' length 1831000 bytes (1.7 MB)
==================================================
downloaded 1.7 MB

* installing *binary* package ‘varhandle’ ...
* ‘varhandle’ was already a binary package and will not be rebuilt
* creating tarball
packaged installation of ‘varhandle’ as ‘varhandle_2.0.6_R_x86_64-pc-linux-gnu.tar.gz’
* DONE (varhandle)
* installing *source* package ‘ADAMgui’ ...
** package ‘ADAMgui’ successfully unpacked and MD5 sums checked
** using staged installation
** R
** data
** inst
** byte-compile and prepare package for lazy loading
** help
*** installing help indices
** building package indices
** installing vignettes
** testing if installed package can be loaded from temporary location
** testing if installed package can be loaded from final location
** testing if installed package keeps a record of temporary installation path
* creating tarball
packaged installation of ‘ADAMgui’ as ‘ADAMgui_1.22.0_R_x86_64-pc-linux-gnu.tar.gz’
* DONE (ADAMgui)

The downloaded source packages are in
	‘/tmp/RtmpiH46Gi/downloaded_packages’
Old packages: 'bslib', 'cli', 'curl', 'evaluate', 'httr2', 'jsonlite',
  'openssl', 'pillar', 'pkgbuild', 'processx', 'ps', 'purrr', 'R6', 'Rcpp',
  'rlang', 'sessioninfo', 'systemfonts', 'testthat', 'textshaping', 'tinytex',
  'xfun', 'zip', 'class', 'foreign', 'KernSmooth', 'MASS', 'Matrix', 'nlme',
  'nnet', 'rpart', 'spatial'

real	56m52.984s
user	0m31.766s
sys	0m8.121s
