'getOption("repos")' replaces Bioconductor standard repositories, see
'help("repositories", package = "BiocManager")' for details.
Replacement repositories:
    CRAN: https://p3m.dev/cran/__linux__/noble/latest
Bioconductor version 3.20 (BiocManager 1.30.25), R 4.4.2 (2024-10-31)
Installing package(s) 'altcdfenvs'
also installing the dependencies ‘plasmodiumanophelescdf’, ‘hgu95acdf’

trying URL 'https://bioconductor.org/packages/3.20/data/annotation/src/contrib/plasmodiumanophelescdf_2.18.0.tar.gz'
Content type 'application/x-gzip' length 1789327 bytes (1.7 MB)
==================================================
downloaded 1.7 MB

trying URL 'https://bioconductor.org/packages/3.20/data/annotation/src/contrib/hgu95acdf_2.18.0.tar.gz'
Content type 'application/x-gzip' length 1331364 bytes (1.3 MB)
==================================================
downloaded 1.3 MB

trying URL 'https://bioconductor.org/packages/3.20/bioc/src/contrib/altcdfenvs_2.68.0.tar.gz'
Content type 'application/x-gzip' length 686047 bytes (669 KB)
==================================================
downloaded 669 KB

* installing *source* package ‘plasmodiumanophelescdf’ ...
** using staged installation
** R
** data
** byte-compile and prepare package for lazy loading
Warning: replacing previous import ‘AnnotationDbi::tail’ by ‘utils::tail’ when loading ‘plasmodiumanophelescdf’
Warning: replacing previous import ‘AnnotationDbi::head’ by ‘utils::head’ when loading ‘plasmodiumanophelescdf’
** help
*** installing help indices
** building package indices
** testing if installed package can be loaded from temporary location
Warning: replacing previous import ‘AnnotationDbi::tail’ by ‘utils::tail’ when loading ‘plasmodiumanophelescdf’
Warning: replacing previous import ‘AnnotationDbi::head’ by ‘utils::head’ when loading ‘plasmodiumanophelescdf’
** testing if installed package can be loaded from final location
Warning: replacing previous import ‘AnnotationDbi::tail’ by ‘utils::tail’ when loading ‘plasmodiumanophelescdf’
Warning: replacing previous import ‘AnnotationDbi::head’ by ‘utils::head’ when loading ‘plasmodiumanophelescdf’
** testing if installed package keeps a record of temporary installation path
* creating tarball
packaged installation of ‘plasmodiumanophelescdf’ as ‘plasmodiumanophelescdf_2.18.0_R_x86_64-pc-linux-gnu.tar.gz’
* DONE (plasmodiumanophelescdf)
* installing *source* package ‘hgu95acdf’ ...
** using staged installation
** R
** data
** byte-compile and prepare package for lazy loading
Warning: replacing previous import ‘AnnotationDbi::tail’ by ‘utils::tail’ when loading ‘hgu95acdf’
Warning: replacing previous import ‘AnnotationDbi::head’ by ‘utils::head’ when loading ‘hgu95acdf’
** help
*** installing help indices
** building package indices
** testing if installed package can be loaded from temporary location
Warning: replacing previous import ‘AnnotationDbi::tail’ by ‘utils::tail’ when loading ‘hgu95acdf’
Warning: replacing previous import ‘AnnotationDbi::head’ by ‘utils::head’ when loading ‘hgu95acdf’
** testing if installed package can be loaded from final location
Warning: replacing previous import ‘AnnotationDbi::tail’ by ‘utils::tail’ when loading ‘hgu95acdf’
Warning: replacing previous import ‘AnnotationDbi::head’ by ‘utils::head’ when loading ‘hgu95acdf’
** testing if installed package keeps a record of temporary installation path
* creating tarball
packaged installation of ‘hgu95acdf’ as ‘hgu95acdf_2.18.0_R_x86_64-pc-linux-gnu.tar.gz’
* DONE (hgu95acdf)
* installing *source* package ‘altcdfenvs’ ...
** package ‘altcdfenvs’ successfully unpacked and MD5 sums checked
** using staged installation
** R
** data
** inst
** byte-compile and prepare package for lazy loading
NOTE: arguments in definition for validity method for class 'AffyProbesMatch' changed from (obj) to (object)
in method for ‘toHypergraph’ with signature ‘"CdfEnvAffy"’: no definition for class “CdfEnvAffy”
** help
*** installing help indices
** building package indices
** installing vignettes
** testing if installed package can be loaded from temporary location
** testing if installed package can be loaded from final location
** testing if installed package keeps a record of temporary installation path
* creating tarball
packaged installation of ‘altcdfenvs’ as ‘altcdfenvs_2.68.0_R_x86_64-pc-linux-gnu.tar.gz’
* DONE (altcdfenvs)

The downloaded source packages are in
	‘/tmp/RtmpJDlv73/downloaded_packages’
Old packages: 'bslib', 'cli', 'curl', 'evaluate', 'httr2', 'jsonlite',
  'openssl', 'pillar', 'pkgbuild', 'processx', 'ps', 'purrr', 'R6', 'Rcpp',
  'rlang', 'sessioninfo', 'systemfonts', 'testthat', 'textshaping', 'tinytex',
  'xfun', 'zip', 'class', 'foreign', 'KernSmooth', 'MASS', 'Matrix', 'nlme',
  'nnet', 'rpart', 'spatial'

real	2m3.199s
user	0m33.871s
sys	0m6.627s
