'getOption("repos")' replaces Bioconductor standard repositories, see
'help("repositories", package = "BiocManager")' for details.
Replacement repositories:
    CRAN: https://p3m.dev/cran/__linux__/noble/latest
Bioconductor version 3.20 (BiocManager 1.30.25), R 4.4.2 (2024-10-31)
Installing package(s) 'ChAMP'
trying URL 'https://bioconductor.org/packages/3.20/bioc/src/contrib/ChAMP_2.36.0.tar.gz'
Content type 'application/x-gzip' length 8338924 bytes (8.0 MB)
==================================================
downloaded 8.0 MB

* installing *source* package ‘ChAMP’ ...
** package ‘ChAMP’ successfully unpacked and MD5 sums checked
** using staged installation
** R
** inst
** byte-compile and prepare package for lazy loading
No methods found in package 'RSQLite' for request: 'dbListFields' when loading 'lumi'
Warning: replacing previous import 'plyr::mutate' by 'plotly::mutate' when loading 'ChAMP'
Warning: replacing previous import 'plyr::rename' by 'plotly::rename' when loading 'ChAMP'
Warning: replacing previous import 'plyr::arrange' by 'plotly::arrange' when loading 'ChAMP'
Warning: replacing previous import 'plyr::summarise' by 'plotly::summarise' when loading 'ChAMP'
Warning: replacing previous import 'plotly::subplot' by 'Hmisc::subplot' when loading 'ChAMP'
Warning: replacing previous import 'plyr::summarize' by 'Hmisc::summarize' when loading 'ChAMP'
Warning: replacing previous import 'plyr::is.discrete' by 'Hmisc::is.discrete' when loading 'ChAMP'
Warning: replacing previous import 'plotly::last_plot' by 'ggplot2::last_plot' when loading 'ChAMP'
Warning: replacing previous import 'globaltest::model.matrix' by 'stats::model.matrix' when loading 'ChAMP'
Warning: replacing previous import 'globaltest::p.adjust' by 'stats::p.adjust' when loading 'ChAMP'
Note: possible error in 'dmrcate(myannotation, ': unused argument (mc.cores = cores) 
** help
*** installing help indices
** building package indices
** installing vignettes
** testing if installed package can be loaded from temporary location
No methods found in package 'RSQLite' for request: 'dbListFields' when loading 'lumi'
Warning: replacing previous import 'plyr::mutate' by 'plotly::mutate' when loading 'ChAMP'
Warning: replacing previous import 'plyr::rename' by 'plotly::rename' when loading 'ChAMP'
Warning: replacing previous import 'plyr::arrange' by 'plotly::arrange' when loading 'ChAMP'
Warning: replacing previous import 'plyr::summarise' by 'plotly::summarise' when loading 'ChAMP'
Warning: replacing previous import 'plotly::subplot' by 'Hmisc::subplot' when loading 'ChAMP'
Warning: replacing previous import 'plyr::summarize' by 'Hmisc::summarize' when loading 'ChAMP'
Warning: replacing previous import 'plyr::is.discrete' by 'Hmisc::is.discrete' when loading 'ChAMP'
Warning: replacing previous import 'plotly::last_plot' by 'ggplot2::last_plot' when loading 'ChAMP'
Warning: replacing previous import 'globaltest::model.matrix' by 'stats::model.matrix' when loading 'ChAMP'
Warning: replacing previous import 'globaltest::p.adjust' by 'stats::p.adjust' when loading 'ChAMP'
** testing if installed package can be loaded from final location
No methods found in package 'RSQLite' for request: 'dbListFields' when loading 'lumi'
Warning: replacing previous import 'plyr::mutate' by 'plotly::mutate' when loading 'ChAMP'
Warning: replacing previous import 'plyr::rename' by 'plotly::rename' when loading 'ChAMP'
Warning: replacing previous import 'plyr::arrange' by 'plotly::arrange' when loading 'ChAMP'
Warning: replacing previous import 'plyr::summarise' by 'plotly::summarise' when loading 'ChAMP'
Warning: replacing previous import 'plotly::subplot' by 'Hmisc::subplot' when loading 'ChAMP'
Warning: replacing previous import 'plyr::summarize' by 'Hmisc::summarize' when loading 'ChAMP'
Warning: replacing previous import 'plyr::is.discrete' by 'Hmisc::is.discrete' when loading 'ChAMP'
Warning: replacing previous import 'plotly::last_plot' by 'ggplot2::last_plot' when loading 'ChAMP'
Warning: replacing previous import 'globaltest::model.matrix' by 'stats::model.matrix' when loading 'ChAMP'
Warning: replacing previous import 'globaltest::p.adjust' by 'stats::p.adjust' when loading 'ChAMP'
** testing if installed package keeps a record of temporary installation path
* creating tarball
packaged installation of ‘ChAMP’ as ‘ChAMP_2.36.0_R_x86_64-pc-linux-gnu.tar.gz’
* DONE (ChAMP)

The downloaded source packages are in
	‘/tmp/RtmpbXdwDG/downloaded_packages’
Old packages: 'bslib', 'cli', 'curl', 'evaluate', 'httr2', 'jsonlite',
  'openssl', 'pillar', 'pkgbuild', 'processx', 'ps', 'purrr', 'R6', 'Rcpp',
  'rlang', 'sessioninfo', 'systemfonts', 'testthat', 'textshaping', 'tinytex',
  'xfun', 'zip', 'class', 'foreign', 'KernSmooth', 'MASS', 'Matrix', 'nlme',
  'nnet', 'rpart', 'spatial'

real	1m38.199s
user	1m6.444s
sys	0m11.260s
