'getOption("repos")' replaces Bioconductor standard repositories, see
'help("repositories", package = "BiocManager")' for details.
Replacement repositories:
    CRAN: https://p3m.dev/cran/__linux__/noble/latest
Bioconductor version 3.20 (BiocManager 1.30.25), R 4.4.2 (2024-10-31)
Installing package(s) 'PIUMA'
trying URL 'https://bioconductor.org/packages/3.20/bioc/src/contrib/PIUMA_1.2.0.tar.gz'
Content type 'application/x-gzip' length 4370762 bytes (4.2 MB)
==================================================
downloaded 4.2 MB

* installing *source* package ‘PIUMA’ ...
** package ‘PIUMA’ successfully unpacked and MD5 sums checked
** using staged installation
** R
** data
** inst
** byte-compile and prepare package for lazy loading
in method for ‘getOrigData’ with signature ‘x="TDAobj"’: no definition for class “TDAobj”
in method for ‘setOrigData’ with signature ‘x="TDAobj"’: no definition for class “TDAobj”
in method for ‘getScaledData’ with signature ‘x="TDAobj"’: no definition for class “TDAobj”
in method for ‘setScaledData’ with signature ‘x="TDAobj"’: no definition for class “TDAobj”
in method for ‘getOutcomeFact’ with signature ‘x="TDAobj"’: no definition for class “TDAobj”
in method for ‘setOutcomeFact’ with signature ‘x="TDAobj"’: no definition for class “TDAobj”
in method for ‘getOutcome’ with signature ‘x="TDAobj"’: no definition for class “TDAobj”
in method for ‘setOutcome’ with signature ‘x="TDAobj"’: no definition for class “TDAobj”
in method for ‘getComp’ with signature ‘x="TDAobj"’: no definition for class “TDAobj”
in method for ‘setComp’ with signature ‘x="TDAobj"’: no definition for class “TDAobj”
in method for ‘getDistMat’ with signature ‘x="TDAobj"’: no definition for class “TDAobj”
in method for ‘setDistMat’ with signature ‘x="TDAobj"’: no definition for class “TDAobj”
in method for ‘getDfMapper’ with signature ‘x="TDAobj"’: no definition for class “TDAobj”
in method for ‘setDfMapper’ with signature ‘x="TDAobj"’: no definition for class “TDAobj”
in method for ‘getJacc’ with signature ‘x="TDAobj"’: no definition for class “TDAobj”
in method for ‘setJacc’ with signature ‘x="TDAobj"’: no definition for class “TDAobj”
in method for ‘getNodeDataMat’ with signature ‘x="TDAobj"’: no definition for class “TDAobj”
in method for ‘setNodeDataMat’ with signature ‘x="TDAobj"’: no definition for class “TDAobj”
** help
*** installing help indices
*** copying figures
** building package indices
** installing vignettes
** testing if installed package can be loaded from temporary location
** testing if installed package can be loaded from final location
** testing if installed package keeps a record of temporary installation path
* creating tarball
packaged installation of ‘PIUMA’ as ‘PIUMA_1.2.0_R_x86_64-pc-linux-gnu.tar.gz’
* DONE (PIUMA)

The downloaded source packages are in
	‘/tmp/RtmpRvPmEn/downloaded_packages’
Old packages: 'bslib', 'cli', 'curl', 'evaluate', 'httr2', 'jsonlite',
  'openssl', 'pillar', 'pkgbuild', 'processx', 'ps', 'purrr', 'R6', 'Rcpp',
  'rlang', 'sessioninfo', 'systemfonts', 'testthat', 'textshaping', 'tinytex',
  'xfun', 'zip', 'class', 'foreign', 'KernSmooth', 'MASS', 'Matrix', 'nlme',
  'nnet', 'rpart', 'spatial'

real	54m43.343s
user	0m31.712s
sys	0m6.179s
