'getOption("repos")' replaces Bioconductor standard repositories, see
'help("repositories", package = "BiocManager")' for details.
Replacement repositories:
    CRAN: https://p3m.dev/cran/__linux__/noble/latest
Bioconductor version 3.20 (BiocManager 1.30.25), R 4.4.2 (2024-10-31)
Installing package(s) 'gCrisprTools'
also installing the dependencies ‘RobustRankAggreg’, ‘sparrow’

trying URL 'https://p3m.dev/cran/__linux__/noble/latest/src/contrib/RobustRankAggreg_1.2.1.tar.gz'
Content type 'binary/octet-stream' length 48727 bytes (47 KB)
==================================================
downloaded 47 KB

trying URL 'https://bioconductor.org/packages/3.20/bioc/src/contrib/sparrow_1.12.0.tar.gz'
Content type 'application/x-gzip' length 4401388 bytes (4.2 MB)
==================================================
downloaded 4.2 MB

trying URL 'https://bioconductor.org/packages/3.20/bioc/src/contrib/gCrisprTools_2.12.0.tar.gz'
Content type 'application/x-gzip' length 4605843 bytes (4.4 MB)
==================================================
downloaded 4.4 MB

* installing *binary* package ‘RobustRankAggreg’ ...
* ‘RobustRankAggreg’ was already a binary package and will not be rebuilt
* creating tarball
packaged installation of ‘RobustRankAggreg’ as ‘RobustRankAggreg_1.2.1_R_x86_64-pc-linux-gnu.tar.gz’
* DONE (RobustRankAggreg)
* installing *source* package ‘sparrow’ ...
** package ‘sparrow’ successfully unpacked and MD5 sums checked
** using staged installation
** R
** inst
** byte-compile and prepare package for lazy loading
** help
*** installing help indices
*** copying figures
** building package indices
** installing vignettes
** testing if installed package can be loaded from temporary location
** testing if installed package can be loaded from final location
** testing if installed package keeps a record of temporary installation path
* creating tarball
packaged installation of ‘sparrow’ as ‘sparrow_1.12.0_R_x86_64-pc-linux-gnu.tar.gz’
* DONE (sparrow)
* installing *source* package ‘gCrisprTools’ ...
** package ‘gCrisprTools’ successfully unpacked and MD5 sums checked
** using staged installation
** R
** data
** inst
** byte-compile and prepare package for lazy loading
** help
*** installing help indices
** building package indices
** installing vignettes
** testing if installed package can be loaded from temporary location
** testing if installed package can be loaded from final location
** testing if installed package keeps a record of temporary installation path
* creating tarball
packaged installation of ‘gCrisprTools’ as ‘gCrisprTools_2.12.0_R_x86_64-pc-linux-gnu.tar.gz’
* DONE (gCrisprTools)

The downloaded source packages are in
	‘/tmp/RtmpKyPFte/downloaded_packages’
Old packages: 'bslib', 'cli', 'curl', 'evaluate', 'httr2', 'jsonlite',
  'openssl', 'pillar', 'pkgbuild', 'processx', 'ps', 'purrr', 'R6', 'Rcpp',
  'rlang', 'sessioninfo', 'systemfonts', 'testthat', 'textshaping', 'tinytex',
  'xfun', 'zip', 'class', 'foreign', 'KernSmooth', 'MASS', 'Matrix', 'nlme',
  'nnet', 'rpart', 'spatial'

real	55m0.559s
user	1m1.367s
sys	0m11.775s
