'getOption("repos")' replaces Bioconductor standard repositories, see
'help("repositories", package = "BiocManager")' for details.
Replacement repositories:
    CRAN: https://p3m.dev/cran/__linux__/noble/latest
Bioconductor version 3.20 (BiocManager 1.30.25), R 4.4.2 (2024-10-31)
Installing package(s) 'DEsingle'
also installing the dependencies ‘UCSC.utils’, ‘Biobase’, ‘IRanges’, ‘GenomeInfoDb’, ‘S4Arrays’, ‘XVector’, ‘SparseArray’, ‘gamlss.data’, ‘gamlss.dist’, ‘miscTools’, ‘SummarizedExperiment’, ‘S4Vectors’, ‘GenomicRanges’, ‘DelayedArray’, ‘gamlss’, ‘maxLik’, ‘SingleCellExperiment’

trying URL 'https://bioconductor.org/packages/3.20/bioc/src/contrib/UCSC.utils_1.2.0.tar.gz'
Content type 'application/x-gzip' length 236888 bytes (231 KB)
==================================================
downloaded 231 KB

trying URL 'https://bioconductor.org/packages/3.20/bioc/src/contrib/Biobase_2.66.0.tar.gz'
Content type 'application/x-gzip' length 1978998 bytes (1.9 MB)
==================================================
downloaded 1.9 MB

trying URL 'https://bioconductor.org/packages/3.20/bioc/src/contrib/IRanges_2.40.1.tar.gz'
Content type 'application/x-gzip' length 486989 bytes (475 KB)
==================================================
downloaded 475 KB

trying URL 'https://bioconductor.org/packages/3.20/bioc/src/contrib/GenomeInfoDb_1.42.3.tar.gz'
Content type 'application/x-gzip' length 3592070 bytes (3.4 MB)
==================================================
downloaded 3.4 MB

trying URL 'https://bioconductor.org/packages/3.20/bioc/src/contrib/S4Arrays_1.6.0.tar.gz'
Content type 'application/x-gzip' length 288435 bytes (281 KB)
==================================================
downloaded 281 KB

trying URL 'https://bioconductor.org/packages/3.20/bioc/src/contrib/XVector_0.46.0.tar.gz'
Content type 'application/x-gzip' length 70185 bytes (68 KB)
==================================================
downloaded 68 KB

trying URL 'https://bioconductor.org/packages/3.20/bioc/src/contrib/SparseArray_1.6.2.tar.gz'
Content type 'application/x-gzip' length 468696 bytes (457 KB)
==================================================
downloaded 457 KB

trying URL 'https://p3m.dev/cran/__linux__/noble/latest/src/contrib/gamlss.data_6.0-6.tar.gz'
Content type 'binary/octet-stream' length 1331673 bytes (1.3 MB)
==================================================
downloaded 1.3 MB

trying URL 'https://p3m.dev/cran/__linux__/noble/latest/src/contrib/gamlss.dist_6.1-1.tar.gz'
Content type 'binary/octet-stream' length 3464542 bytes (3.3 MB)
==================================================
downloaded 3.3 MB

trying URL 'https://p3m.dev/cran/__linux__/noble/latest/src/contrib/miscTools_0.6-28.tar.gz'
Content type 'binary/octet-stream' length 89327 bytes (87 KB)
==================================================
downloaded 87 KB

trying URL 'https://bioconductor.org/packages/3.20/bioc/src/contrib/SummarizedExperiment_1.36.0.tar.gz'
Content type 'application/x-gzip' length 690951 bytes (674 KB)
==================================================
downloaded 674 KB

trying URL 'https://bioconductor.org/packages/3.20/bioc/src/contrib/S4Vectors_0.44.0.tar.gz'
Content type 'application/x-gzip' length 1076666 bytes (1.0 MB)
==================================================
downloaded 1.0 MB

trying URL 'https://bioconductor.org/packages/3.20/bioc/src/contrib/GenomicRanges_1.58.0.tar.gz'
Content type 'application/x-gzip' length 1374658 bytes (1.3 MB)
==================================================
downloaded 1.3 MB

trying URL 'https://bioconductor.org/packages/3.20/bioc/src/contrib/DelayedArray_0.32.0.tar.gz'
Content type 'application/x-gzip' length 825598 bytes (806 KB)
==================================================
downloaded 806 KB

trying URL 'https://p3m.dev/cran/__linux__/noble/latest/src/contrib/gamlss_5.4-22.tar.gz'
Content type 'binary/octet-stream' length 1413369 bytes (1.3 MB)
==================================================
downloaded 1.3 MB

trying URL 'https://p3m.dev/cran/__linux__/noble/latest/src/contrib/maxLik_1.5-2.1.tar.gz'
Content type 'binary/octet-stream' length 1096334 bytes (1.0 MB)
==================================================
downloaded 1.0 MB

trying URL 'https://bioconductor.org/packages/3.20/bioc/src/contrib/SingleCellExperiment_1.28.1.tar.gz'
Content type 'application/x-gzip' length 985694 bytes (962 KB)
==================================================
downloaded 962 KB

trying URL 'https://bioconductor.org/packages/3.20/bioc/src/contrib/DEsingle_1.26.0.tar.gz'
Content type 'application/x-gzip' length 389675 bytes (380 KB)
==================================================
downloaded 380 KB

ERROR: failed to lock directory ‘/mnt/library’ for modifying
Try removing ‘/mnt/library/00LOCK-Biobase’
* installing *binary* package ‘gamlss.data’ ...
* ‘gamlss.data’ was already a binary package and will not be rebuilt
* creating tarball
packaged installation of ‘gamlss.data’ as ‘gamlss.data_6.0-6_R_x86_64-pc-linux-gnu.tar.gz’
* DONE (gamlss.data)
* installing *binary* package ‘gamlss.dist’ ...
* ‘gamlss.dist’ was already a binary package and will not be rebuilt
* creating tarball
packaged installation of ‘gamlss.dist’ as ‘gamlss.dist_6.1-1_R_x86_64-pc-linux-gnu.tar.gz’
* DONE (gamlss.dist)
* installing *binary* package ‘miscTools’ ...
* ‘miscTools’ was already a binary package and will not be rebuilt
* creating tarball
packaged installation of ‘miscTools’ as ‘miscTools_0.6-28_R_x86_64-pc-linux-gnu.tar.gz’
* DONE (miscTools)
ERROR: failed to lock directory ‘/mnt/library’ for modifying
Try removing ‘/mnt/library/00LOCK-S4Vectors’
ERROR: failed to lock directory ‘/mnt/library’ for modifying
Try removing ‘/mnt/library/00LOCK-UCSC.utils’
ERROR: dependency ‘S4Vectors’ is not available for package ‘IRanges’
* removing ‘/mnt/library/IRanges’
* installing *binary* package ‘gamlss’ ...
* ‘gamlss’ was already a binary package and will not be rebuilt
* creating tarball
packaged installation of ‘gamlss’ as ‘gamlss_5.4-22_R_x86_64-pc-linux-gnu.tar.gz’
* DONE (gamlss)
* installing *binary* package ‘maxLik’ ...
* ‘maxLik’ was already a binary package and will not be rebuilt
* creating tarball
packaged installation of ‘maxLik’ as ‘maxLik_1.5-2.1_R_x86_64-pc-linux-gnu.tar.gz’
* DONE (maxLik)
ERROR: dependencies ‘S4Vectors’, ‘IRanges’, ‘UCSC.utils’ are not available for package ‘GenomeInfoDb’
* removing ‘/mnt/library/GenomeInfoDb’
ERROR: dependencies ‘S4Vectors’, ‘IRanges’ are not available for package ‘S4Arrays’
* removing ‘/mnt/library/S4Arrays’
ERROR: dependencies ‘S4Vectors’, ‘IRanges’ are not available for package ‘XVector’
* removing ‘/mnt/library/XVector’
* installing *source* package ‘DEsingle’ ...
** package ‘DEsingle’ successfully unpacked and MD5 sums checked
** using staged installation
** R
** data
*** moving datasets to lazyload DB
** inst
** byte-compile and prepare package for lazy loading
** help
*** installing help indices
** building package indices
** installing vignettes
** testing if installed package can be loaded from temporary location
** testing if installed package can be loaded from final location
** testing if installed package keeps a record of temporary installation path
* creating tarball
packaged installation of ‘DEsingle’ as ‘DEsingle_1.26.0_R_x86_64-pc-linux-gnu.tar.gz’
* DONE (DEsingle)
ERROR: dependencies ‘S4Vectors’, ‘S4Arrays’, ‘IRanges’, ‘XVector’ are not available for package ‘SparseArray’
* removing ‘/mnt/library/SparseArray’
ERROR: dependencies ‘S4Vectors’, ‘IRanges’, ‘GenomeInfoDb’, ‘XVector’ are not available for package ‘GenomicRanges’
* removing ‘/mnt/library/GenomicRanges’
ERROR: dependencies ‘S4Vectors’, ‘IRanges’, ‘S4Arrays’, ‘SparseArray’ are not available for package ‘DelayedArray’
* removing ‘/mnt/library/DelayedArray’
ERROR: dependencies ‘GenomicRanges’, ‘Biobase’, ‘S4Vectors’, ‘IRanges’, ‘GenomeInfoDb’, ‘S4Arrays’, ‘DelayedArray’ are not available for package ‘SummarizedExperiment’
* removing ‘/mnt/library/SummarizedExperiment’
ERROR: dependencies ‘SummarizedExperiment’, ‘S4Vectors’, ‘GenomicRanges’, ‘DelayedArray’ are not available for package ‘SingleCellExperiment’
* removing ‘/mnt/library/SingleCellExperiment’

The downloaded source packages are in
	‘/tmp/Rtmpk9dhlU/downloaded_packages’
Old packages: 'bslib', 'cli', 'curl', 'evaluate', 'httr2', 'jsonlite',
  'openssl', 'pillar', 'pkgbuild', 'processx', 'ps', 'purrr', 'R6', 'Rcpp',
  'rlang', 'sessioninfo', 'systemfonts', 'testthat', 'textshaping', 'tinytex',
  'xfun', 'zip', 'class', 'foreign', 'KernSmooth', 'MASS', 'Matrix', 'nlme',
  'nnet', 'rpart', 'spatial'
There were 12 warnings (use warnings() to see them)

real	8m23.540s
user	0m17.699s
sys	0m6.302s
