'getOption("repos")' replaces Bioconductor standard repositories, see
'help("repositories", package = "BiocManager")' for details.
Replacement repositories:
    CRAN: https://p3m.dev/cran/__linux__/noble/latest
Bioconductor version 3.20 (BiocManager 1.30.25), R 4.4.2 (2024-10-31)
Installing package(s) 'smoothclust'
also installing the dependency ‘scran’

trying URL 'https://bioconductor.org/packages/3.20/bioc/src/contrib/scran_1.34.0.tar.gz'
Content type 'application/x-gzip' length 1849559 bytes (1.8 MB)
==================================================
downloaded 1.8 MB

trying URL 'https://bioconductor.org/packages/3.20/bioc/src/contrib/smoothclust_1.2.0.tar.gz'
Content type 'application/x-gzip' length 1063671 bytes (1.0 MB)
==================================================
downloaded 1.0 MB

ERROR: failed to lock directory ‘/mnt/library’ for modifying
Try removing ‘/mnt/library/00LOCK-scran’
* installing *source* package ‘smoothclust’ ...
** package ‘smoothclust’ successfully unpacked and MD5 sums checked
** using staged installation
** R
** inst
** byte-compile and prepare package for lazy loading
** help
*** installing help indices
** building package indices
** installing vignettes
** testing if installed package can be loaded from temporary location
** testing if installed package can be loaded from final location
** testing if installed package keeps a record of temporary installation path
* creating tarball
packaged installation of ‘smoothclust’ as ‘smoothclust_1.2.0_R_x86_64-pc-linux-gnu.tar.gz’
* DONE (smoothclust)

The downloaded source packages are in
	‘/tmp/Rtmp2ny69J/downloaded_packages’
Old packages: 'bslib', 'cli', 'curl', 'evaluate', 'httr2', 'jsonlite',
  'openssl', 'pillar', 'pkgbuild', 'processx', 'ps', 'purrr', 'R6', 'Rcpp',
  'rlang', 'sessioninfo', 'systemfonts', 'testthat', 'textshaping', 'tinytex',
  'xfun', 'zip', 'class', 'foreign', 'KernSmooth', 'MASS', 'Matrix', 'nlme',
  'nnet', 'rpart', 'spatial'
Warning message:
In install.packages(...) :
  installation of package ‘scran’ had non-zero exit status

real	1m59.713s
user	0m30.612s
sys	0m6.367s
