'getOption("repos")' replaces Bioconductor standard repositories, see
'help("repositories", package = "BiocManager")' for details.
Replacement repositories:
    CRAN: https://p3m.dev/cran/__linux__/noble/latest
Bioconductor version 3.20 (BiocManager 1.30.25), R 4.4.2 (2024-10-31)
Installing package(s) 'TREG'
also installing the dependency ‘rafalib’

trying URL 'https://p3m.dev/cran/__linux__/noble/latest/src/contrib/rafalib_1.0.0.tar.gz'
Content type 'binary/octet-stream' length 55692 bytes (54 KB)
==================================================
downloaded 54 KB

trying URL 'https://bioconductor.org/packages/3.20/bioc/src/contrib/TREG_1.10.0.tar.gz'
Content type 'application/x-gzip' length 2519755 bytes (2.4 MB)
==================================================
downloaded 2.4 MB

* installing *binary* package ‘rafalib’ ...
* ‘rafalib’ was already a binary package and will not be rebuilt
* creating tarball
packaged installation of ‘rafalib’ as ‘rafalib_1.0.0_R_x86_64-pc-linux-gnu.tar.gz’
* DONE (rafalib)
* installing *source* package ‘TREG’ ...
** package ‘TREG’ successfully unpacked and MD5 sums checked
** using staged installation
** R
** data
*** moving datasets to lazyload DB
** inst
** byte-compile and prepare package for lazy loading
** help
*** installing help indices
*** copying figures
** building package indices
** installing vignettes
** testing if installed package can be loaded from temporary location
** testing if installed package can be loaded from final location
** testing if installed package keeps a record of temporary installation path
* creating tarball
packaged installation of ‘TREG’ as ‘TREG_1.10.0_R_x86_64-pc-linux-gnu.tar.gz’
* DONE (TREG)

The downloaded source packages are in
	‘/tmp/RtmpgzjDWt/downloaded_packages’
Old packages: 'bslib', 'cli', 'curl', 'evaluate', 'httr2', 'jsonlite',
  'openssl', 'pillar', 'pkgbuild', 'processx', 'ps', 'purrr', 'R6', 'Rcpp',
  'rlang', 'sessioninfo', 'systemfonts', 'testthat', 'textshaping', 'tinytex',
  'xfun', 'zip', 'class', 'foreign', 'KernSmooth', 'MASS', 'Matrix', 'nlme',
  'nnet', 'rpart', 'spatial'

real	55m44.458s
user	0m24.926s
sys	0m6.262s
