'getOption("repos")' replaces Bioconductor standard repositories, see
'help("repositories", package = "BiocManager")' for details.
Replacement repositories:
    CRAN: https://p3m.dev/cran/__linux__/noble/latest
Bioconductor version 3.20 (BiocManager 1.30.25), R 4.4.2 (2024-10-31)
Installing package(s) 'onlineFDR'
trying URL 'https://bioconductor.org/packages/3.20/bioc/src/contrib/onlineFDR_2.14.0.tar.gz'
Content type 'application/x-gzip' length 2014692 bytes (1.9 MB)
==================================================
downloaded 1.9 MB

* installing *source* package ‘onlineFDR’ ...
** package ‘onlineFDR’ successfully unpacked and MD5 sums checked
** using staged installation
** libs
using C++ compiler: ‘g++ (Ubuntu 13.3.0-6ubuntu2~24.04) 13.3.0’
g++ -std=gnu++17 -I"/usr/local/lib/R/include" -DNDEBUG  -I'/usr/local/lib/R/site-library/Rcpp/include' -I'/mnt/library/RcppProgress/include' -I/usr/local/include    -fpic  -g -O2 -fstack-protector-strong -Wformat -Wformat-security -Wdate-time -D_FORTIFY_SOURCE=2 -g  -DR_NO_REMAP -c RcppExports.cpp -o RcppExports.o
g++ -std=gnu++17 -I"/usr/local/lib/R/include" -DNDEBUG  -I'/usr/local/lib/R/site-library/Rcpp/include' -I'/mnt/library/RcppProgress/include' -I/usr/local/include    -fpic  -g -O2 -fstack-protector-strong -Wformat -Wformat-security -Wdate-time -D_FORTIFY_SOURCE=2 -g  -DR_NO_REMAP -c addis.cpp -o addis.o
g++ -std=gnu++17 -I"/usr/local/lib/R/include" -DNDEBUG  -I'/usr/local/lib/R/site-library/Rcpp/include' -I'/mnt/library/RcppProgress/include' -I/usr/local/include    -fpic  -g -O2 -fstack-protector-strong -Wformat -Wformat-security -Wdate-time -D_FORTIFY_SOURCE=2 -g  -DR_NO_REMAP -c addis_spending.cpp -o addis_spending.o
g++ -std=gnu++17 -I"/usr/local/lib/R/include" -DNDEBUG  -I'/usr/local/lib/R/site-library/Rcpp/include' -I'/mnt/library/RcppProgress/include' -I/usr/local/include    -fpic  -g -O2 -fstack-protector-strong -Wformat -Wformat-security -Wdate-time -D_FORTIFY_SOURCE=2 -g  -DR_NO_REMAP -c alphainvesting.cpp -o alphainvesting.o
g++ -std=gnu++17 -I"/usr/local/lib/R/include" -DNDEBUG  -I'/usr/local/lib/R/site-library/Rcpp/include' -I'/mnt/library/RcppProgress/include' -I/usr/local/include    -fpic  -g -O2 -fstack-protector-strong -Wformat -Wformat-security -Wdate-time -D_FORTIFY_SOURCE=2 -g  -DR_NO_REMAP -c lond.cpp -o lond.o
g++ -std=gnu++17 -I"/usr/local/lib/R/include" -DNDEBUG  -I'/usr/local/lib/R/site-library/Rcpp/include' -I'/mnt/library/RcppProgress/include' -I/usr/local/include    -fpic  -g -O2 -fstack-protector-strong -Wformat -Wformat-security -Wdate-time -D_FORTIFY_SOURCE=2 -g  -DR_NO_REMAP -c londstar.cpp -o londstar.o
g++ -std=gnu++17 -I"/usr/local/lib/R/include" -DNDEBUG  -I'/usr/local/lib/R/site-library/Rcpp/include' -I'/mnt/library/RcppProgress/include' -I/usr/local/include    -fpic  -g -O2 -fstack-protector-strong -Wformat -Wformat-security -Wdate-time -D_FORTIFY_SOURCE=2 -g  -DR_NO_REMAP -c lord.cpp -o lord.o
g++ -std=gnu++17 -I"/usr/local/lib/R/include" -DNDEBUG  -I'/usr/local/lib/R/site-library/Rcpp/include' -I'/mnt/library/RcppProgress/include' -I/usr/local/include    -fpic  -g -O2 -fstack-protector-strong -Wformat -Wformat-security -Wdate-time -D_FORTIFY_SOURCE=2 -g  -DR_NO_REMAP -c lordstar.cpp -o lordstar.o
g++ -std=gnu++17 -I"/usr/local/lib/R/include" -DNDEBUG  -I'/usr/local/lib/R/site-library/Rcpp/include' -I'/mnt/library/RcppProgress/include' -I/usr/local/include    -fpic  -g -O2 -fstack-protector-strong -Wformat -Wformat-security -Wdate-time -D_FORTIFY_SOURCE=2 -g  -DR_NO_REMAP -c online_fallback.cpp -o online_fallback.o
g++ -std=gnu++17 -I"/usr/local/lib/R/include" -DNDEBUG  -I'/usr/local/lib/R/site-library/Rcpp/include' -I'/mnt/library/RcppProgress/include' -I/usr/local/include    -fpic  -g -O2 -fstack-protector-strong -Wformat -Wformat-security -Wdate-time -D_FORTIFY_SOURCE=2 -g  -DR_NO_REMAP -c saffron.cpp -o saffron.o
g++ -std=gnu++17 -I"/usr/local/lib/R/include" -DNDEBUG  -I'/usr/local/lib/R/site-library/Rcpp/include' -I'/mnt/library/RcppProgress/include' -I/usr/local/include    -fpic  -g -O2 -fstack-protector-strong -Wformat -Wformat-security -Wdate-time -D_FORTIFY_SOURCE=2 -g  -DR_NO_REMAP -c saffronstar.cpp -o saffronstar.o
g++ -std=gnu++17 -shared -L/usr/local/lib/R/lib -L/usr/local/lib -o onlineFDR.so RcppExports.o addis.o addis_spending.o alphainvesting.o lond.o londstar.o lord.o lordstar.o online_fallback.o saffron.o saffronstar.o -L/usr/local/lib/R/lib -lR
installing to /mnt/library/00LOCK-onlineFDR/00new/onlineFDR/libs
** R
** inst
** byte-compile and prepare package for lazy loading
** help
*** installing help indices
*** copying figures
** building package indices
** installing vignettes
** testing if installed package can be loaded from temporary location
** checking absolute paths in shared objects and dynamic libraries
** testing if installed package can be loaded from final location
** testing if installed package keeps a record of temporary installation path
* creating tarball
packaged installation of ‘onlineFDR’ as ‘onlineFDR_2.14.0_R_x86_64-pc-linux-gnu.tar.gz’
* DONE (onlineFDR)

The downloaded source packages are in
	‘/tmp/Rtmp9DUPCM/downloaded_packages’
Old packages: 'bslib', 'cli', 'curl', 'evaluate', 'httr2', 'jsonlite',
  'openssl', 'pillar', 'pkgbuild', 'processx', 'ps', 'purrr', 'R6', 'Rcpp',
  'rlang', 'sessioninfo', 'systemfonts', 'testthat', 'textshaping', 'tinytex',
  'xfun', 'zip', 'class', 'foreign', 'KernSmooth', 'MASS', 'Matrix', 'nlme',
  'nnet', 'rpart', 'spatial'

real	7m6.164s
user	0m44.391s
sys	0m7.770s
