'getOption("repos")' replaces Bioconductor standard repositories, see
'help("repositories", package = "BiocManager")' for details.
Replacement repositories:
    CRAN: https://p3m.dev/cran/__linux__/noble/latest
Bioconductor version 3.20 (BiocManager 1.30.25), R 4.4.2 (2024-10-31)
Installing package(s) 'sccomp'
also installing the dependencies ‘instantiate’, ‘tidyseurat’, ‘bayesplot’

trying URL 'https://p3m.dev/cran/__linux__/noble/latest/src/contrib/instantiate_0.2.3.tar.gz'
Content type 'binary/octet-stream' length 70548 bytes (68 KB)
==================================================
downloaded 68 KB

trying URL 'https://p3m.dev/cran/__linux__/noble/latest/src/contrib/tidyseurat_0.8.0.tar.gz'
Content type 'binary/octet-stream' length 1431030 bytes (1.4 MB)
==================================================
downloaded 1.4 MB

trying URL 'https://p3m.dev/cran/__linux__/noble/latest/src/contrib/bayesplot_1.11.1.tar.gz'
Content type 'binary/octet-stream' length 5353845 bytes (5.1 MB)
==================================================
downloaded 5.1 MB

trying URL 'https://bioconductor.org/packages/3.20/bioc/src/contrib/sccomp_1.10.0.tar.gz'
Content type 'application/x-gzip' length 2613081 bytes (2.5 MB)
==================================================
downloaded 2.5 MB

* installing *binary* package ‘instantiate’ ...
* ‘instantiate’ was already a binary package and will not be rebuilt
* creating tarball
packaged installation of ‘instantiate’ as ‘instantiate_0.2.3_R_x86_64-pc-linux-gnu.tar.gz’
* DONE (instantiate)
* installing *binary* package ‘tidyseurat’ ...
* ‘tidyseurat’ was already a binary package and will not be rebuilt
* creating tarball
packaged installation of ‘tidyseurat’ as ‘tidyseurat_0.8.0_R_x86_64-pc-linux-gnu.tar.gz’
* DONE (tidyseurat)
* installing *binary* package ‘bayesplot’ ...
* ‘bayesplot’ was already a binary package and will not be rebuilt
* creating tarball
packaged installation of ‘bayesplot’ as ‘bayesplot_1.11.1_R_x86_64-pc-linux-gnu.tar.gz’
* DONE (bayesplot)
* installing *source* package ‘sccomp’ ...
** package ‘sccomp’ successfully unpacked and MD5 sums checked
** using staged installation
** R
** data
*** moving datasets to lazyload DB
** inst
** byte-compile and prepare package for lazy loading
** help
*** installing help indices
** building package indices
** installing vignettes
** testing if installed package can be loaded from temporary location
** testing if installed package can be loaded from final location
** testing if installed package keeps a record of temporary installation path
* creating tarball
packaged installation of ‘sccomp’ as ‘sccomp_1.10.0_R_x86_64-pc-linux-gnu.tar.gz’
* DONE (sccomp)

The downloaded source packages are in
	‘/tmp/RtmpeCc7rC/downloaded_packages’
Old packages: 'bslib', 'cli', 'curl', 'evaluate', 'httr2', 'jsonlite',
  'openssl', 'pillar', 'pkgbuild', 'processx', 'ps', 'purrr', 'R6', 'Rcpp',
  'rlang', 'sessioninfo', 'systemfonts', 'testthat', 'textshaping', 'tinytex',
  'xfun', 'zip', 'class', 'foreign', 'KernSmooth', 'MASS', 'Matrix', 'nlme',
  'nnet', 'rpart', 'spatial'

real	10m43.375s
user	0m37.566s
sys	0m7.505s
