'getOption("repos")' replaces Bioconductor standard repositories, see
'help("repositories", package = "BiocManager")' for details.
Replacement repositories:
    CRAN: https://p3m.dev/cran/__linux__/noble/latest
Bioconductor version 3.20 (BiocManager 1.30.25), R 4.4.2 (2024-10-31)
Installing package(s) 'banocc'
also installing the dependencies ‘tensorA’, ‘distributional’, ‘posterior’, ‘StanHeaders’, ‘inline’, ‘loo’, ‘QuickJSR’, ‘rstan’

trying URL 'https://p3m.dev/cran/__linux__/noble/latest/src/contrib/tensorA_0.36.2.1.tar.gz'
Content type 'binary/octet-stream' length 221284 bytes (216 KB)
==================================================
downloaded 216 KB

trying URL 'https://p3m.dev/cran/__linux__/noble/latest/src/contrib/distributional_0.5.0.tar.gz'
Content type 'binary/octet-stream' length 475845 bytes (464 KB)
==================================================
downloaded 464 KB

trying URL 'https://p3m.dev/cran/__linux__/noble/latest/src/contrib/posterior_1.6.1.tar.gz'
Content type 'binary/octet-stream' length 1032178 bytes (1007 KB)
==================================================
downloaded 1007 KB

trying URL 'https://p3m.dev/cran/__linux__/noble/latest/src/contrib/StanHeaders_2.32.10.tar.gz'
Content type 'binary/octet-stream' length 3122367 bytes (3.0 MB)
==================================================
downloaded 3.0 MB

trying URL 'https://p3m.dev/cran/__linux__/noble/latest/src/contrib/inline_0.3.21.tar.gz'
Content type 'binary/octet-stream' length 130817 bytes (127 KB)
==================================================
downloaded 127 KB

trying URL 'https://p3m.dev/cran/__linux__/noble/latest/src/contrib/loo_2.8.0.tar.gz'
Content type 'binary/octet-stream' length 1861913 bytes (1.8 MB)
==================================================
downloaded 1.8 MB

trying URL 'https://p3m.dev/cran/__linux__/noble/latest/src/contrib/QuickJSR_1.6.0.tar.gz'
Content type 'binary/octet-stream' length 2690862 bytes (2.6 MB)
==================================================
downloaded 2.6 MB

trying URL 'https://p3m.dev/cran/__linux__/noble/latest/src/contrib/rstan_2.32.6.tar.gz'
Content type 'binary/octet-stream' length 13177381 bytes (12.6 MB)
==================================================
downloaded 12.6 MB

trying URL 'https://bioconductor.org/packages/3.20/bioc/src/contrib/banocc_1.30.0.tar.gz'
Content type 'application/x-gzip' length 27282878 bytes (26.0 MB)
==================================================
downloaded 26.0 MB

* installing *binary* package ‘tensorA’ ...
* ‘tensorA’ was already a binary package and will not be rebuilt
* creating tarball
packaged installation of ‘tensorA’ as ‘tensorA_0.36.2.1_R_x86_64-pc-linux-gnu.tar.gz’
* DONE (tensorA)
* installing *binary* package ‘distributional’ ...
* ‘distributional’ was already a binary package and will not be rebuilt
* creating tarball
packaged installation of ‘distributional’ as ‘distributional_0.5.0_R_x86_64-pc-linux-gnu.tar.gz’
* DONE (distributional)
* installing *binary* package ‘StanHeaders’ ...
* ‘StanHeaders’ was already a binary package and will not be rebuilt
* creating tarball
packaged installation of ‘StanHeaders’ as ‘StanHeaders_2.32.10_R_x86_64-pc-linux-gnu.tar.gz’
* DONE (StanHeaders)
* installing *binary* package ‘inline’ ...
* ‘inline’ was already a binary package and will not be rebuilt
* creating tarball
packaged installation of ‘inline’ as ‘inline_0.3.21_R_x86_64-pc-linux-gnu.tar.gz’
* DONE (inline)
* installing *binary* package ‘QuickJSR’ ...
* ‘QuickJSR’ was already a binary package and will not be rebuilt
* creating tarball
packaged installation of ‘QuickJSR’ as ‘QuickJSR_1.6.0_R_x86_64-pc-linux-gnu.tar.gz’
* DONE (QuickJSR)
* installing *binary* package ‘posterior’ ...
* ‘posterior’ was already a binary package and will not be rebuilt
* creating tarball
packaged installation of ‘posterior’ as ‘posterior_1.6.1_R_x86_64-pc-linux-gnu.tar.gz’
* DONE (posterior)
* installing *binary* package ‘loo’ ...
* ‘loo’ was already a binary package and will not be rebuilt
* creating tarball
packaged installation of ‘loo’ as ‘loo_2.8.0_R_x86_64-pc-linux-gnu.tar.gz’
* DONE (loo)
* installing *binary* package ‘rstan’ ...
* ‘rstan’ was already a binary package and will not be rebuilt
* creating tarball
packaged installation of ‘rstan’ as ‘rstan_2.32.6_R_x86_64-pc-linux-gnu.tar.gz’
* DONE (rstan)
* installing *source* package ‘banocc’ ...
** package ‘banocc’ successfully unpacked and MD5 sums checked
** using staged installation
** R
** data
** inst
** byte-compile and prepare package for lazy loading
** help
*** installing help indices
** building package indices
** installing vignettes
** testing if installed package can be loaded from temporary location
** testing if installed package can be loaded from final location
** testing if installed package keeps a record of temporary installation path
* creating tarball
packaged installation of ‘banocc’ as ‘banocc_1.30.0_R_x86_64-pc-linux-gnu.tar.gz’
* DONE (banocc)

The downloaded source packages are in
	‘/tmp/RtmpK3PQ7z/downloaded_packages’
Old packages: 'bslib', 'cli', 'curl', 'evaluate', 'httr2', 'jsonlite',
  'openssl', 'pillar', 'pkgbuild', 'processx', 'ps', 'purrr', 'R6', 'Rcpp',
  'rlang', 'sessioninfo', 'systemfonts', 'testthat', 'textshaping', 'tinytex',
  'xfun', 'zip', 'class', 'foreign', 'KernSmooth', 'MASS', 'Matrix', 'nlme',
  'nnet', 'rpart', 'spatial'

real	18m28.527s
user	0m44.508s
sys	0m8.125s
