'getOption("repos")' replaces Bioconductor standard repositories, see
'help("repositories", package = "BiocManager")' for details.
Replacement repositories:
    CRAN: https://p3m.dev/cran/__linux__/noble/latest
Bioconductor version 3.20 (BiocManager 1.30.25), R 4.4.2 (2024-10-31)
Installing package(s) 'LymphoSeq'
also installing the dependencies ‘LymphoSeqDB’, ‘msa’

trying URL 'https://bioconductor.org/packages/3.20/data/annotation/src/contrib/LymphoSeqDB_0.99.2.tar.gz'
Content type 'application/x-gzip' length 46278996 bytes (44.1 MB)
==================================================
downloaded 44.1 MB

trying URL 'https://bioconductor.org/packages/3.20/bioc/src/contrib/msa_1.38.0.tar.gz'
Content type 'application/x-gzip' length 4107247 bytes (3.9 MB)
==================================================
downloaded 3.9 MB

trying URL 'https://bioconductor.org/packages/3.20/bioc/src/contrib/LymphoSeq_1.34.0.tar.gz'
Content type 'application/x-gzip' length 2364992 bytes (2.3 MB)
==================================================
downloaded 2.3 MB

* installing *source* package ‘LymphoSeqDB’ ...
** using staged installation
** R
** data
*** moving datasets to lazyload DB
** byte-compile and prepare package for lazy loading
** help
*** installing help indices
** building package indices
** testing if installed package can be loaded from temporary location
** testing if installed package can be loaded from final location
** testing if installed package keeps a record of temporary installation path
* creating tarball
packaged installation of ‘LymphoSeqDB’ as ‘LymphoSeqDB_0.99.2_R_x86_64-pc-linux-gnu.tar.gz’
* DONE (LymphoSeqDB)
ERROR: failed to lock directory ‘/mnt/library’ for modifying
Try removing ‘/mnt/library/00LOCK-msa’
ERROR: dependency ‘msa’ is not available for package ‘LymphoSeq’
* removing ‘/mnt/library/LymphoSeq’

The downloaded source packages are in
	‘/tmp/RtmpfaFexr/downloaded_packages’
Old packages: 'bslib', 'cli', 'curl', 'evaluate', 'httr2', 'jsonlite',
  'openssl', 'pillar', 'pkgbuild', 'processx', 'ps', 'purrr', 'R6', 'Rcpp',
  'rlang', 'sessioninfo', 'systemfonts', 'testthat', 'textshaping', 'tinytex',
  'xfun', 'zip', 'class', 'foreign', 'KernSmooth', 'MASS', 'Matrix', 'nlme',
  'nnet', 'rpart', 'spatial'
Warning messages:
1: In install.packages(...) :
  installation of package ‘msa’ had non-zero exit status
2: In install.packages(...) :
  installation of package ‘LymphoSeq’ had non-zero exit status
Error: unexpected 'else' in "  else"
Execution halted

real	2m2.636s
user	1m4.863s
sys	0m6.819s
