'getOption("repos")' replaces Bioconductor standard repositories, see
'help("repositories", package = "BiocManager")' for details.
Replacement repositories:
    CRAN: https://p3m.dev/cran/__linux__/noble/latest
Bioconductor version 3.20 (BiocManager 1.30.25), R 4.4.2 (2024-10-31)
Installing package(s) 'miRNAmeConverter'
also installing the dependency ‘miRBaseVersions.db’

trying URL 'https://bioconductor.org/packages/3.20/data/annotation/src/contrib/miRBaseVersions.db_1.1.0.tar.gz'
Content type 'application/x-gzip' length 21148003 bytes (20.2 MB)
==================================================
downloaded 20.2 MB

trying URL 'https://bioconductor.org/packages/3.20/bioc/src/contrib/miRNAmeConverter_1.34.0.tar.gz'
Content type 'application/x-gzip' length 322926 bytes (315 KB)
==================================================
downloaded 315 KB

* installing *source* package ‘miRBaseVersions.db’ ...
** using staged installation
** R
** inst
** byte-compile and prepare package for lazy loading
** help
*** installing help indices
** building package indices
** testing if installed package can be loaded from temporary location
** testing if installed package can be loaded from final location
** testing if installed package keeps a record of temporary installation path
* creating tarball
packaged installation of ‘miRBaseVersions.db’ as ‘miRBaseVersions.db_1.1.0_R_x86_64-pc-linux-gnu.tar.gz’
* DONE (miRBaseVersions.db)
* installing *source* package ‘miRNAmeConverter’ ...
** package ‘miRNAmeConverter’ successfully unpacked and MD5 sums checked
** using staged installation
Warning in person1(given = given[[i]], family = family[[i]], middle = middle[[i]],  :
  It is recommended to use ‘given’ instead of ‘middle’.
** R
** data
*** moving datasets to lazyload DB
** inst
** byte-compile and prepare package for lazy loading
Creating a generic function from function ‘MiRNANameConverter’ in package ‘miRNAmeConverter’
** help
*** installing help indices
** building package indices
** testing if installed package can be loaded from temporary location
** testing if installed package can be loaded from final location
** testing if installed package keeps a record of temporary installation path
* creating tarball
packaged installation of ‘miRNAmeConverter’ as ‘miRNAmeConverter_1.34.0_R_x86_64-pc-linux-gnu.tar.gz’
* DONE (miRNAmeConverter)

The downloaded source packages are in
	‘/tmp/RtmpjK0PBu/downloaded_packages’
Old packages: 'bslib', 'cli', 'curl', 'evaluate', 'httr2', 'jsonlite',
  'openssl', 'pillar', 'pkgbuild', 'processx', 'ps', 'purrr', 'R6', 'Rcpp',
  'rlang', 'sessioninfo', 'systemfonts', 'testthat', 'textshaping', 'tinytex',
  'xfun', 'zip', 'class', 'foreign', 'KernSmooth', 'MASS', 'Matrix', 'nlme',
  'nnet', 'rpart', 'spatial'

real	54m12.650s
user	0m54.188s
sys	0m10.875s
