'getOption("repos")' replaces Bioconductor standard repositories, see
'help("repositories", package = "BiocManager")' for details.
Replacement repositories:
    CRAN: https://p3m.dev/cran/__linux__/noble/latest
Bioconductor version 3.20 (BiocManager 1.30.25), R 4.4.2 (2024-10-31)
Installing package(s) 'diggit'
also installing the dependency ‘diggitdata’

trying URL 'https://bioconductor.org/packages/3.20/data/experiment/src/contrib/diggitdata_1.38.0.tar.gz'
Content type 'application/x-gzip' length 49688118 bytes (47.4 MB)
==================================================
downloaded 47.4 MB

trying URL 'https://bioconductor.org/packages/3.20/bioc/src/contrib/diggit_1.38.0.tar.gz'
Content type 'application/x-gzip' length 358241 bytes (349 KB)
==================================================
downloaded 349 KB

* installing *source* package ‘diggitdata’ ...
** using staged installation
** data
** inst
** help
*** installing help indices
** building package indices
** installing vignettes
** testing if installed package can be loaded from temporary location
** testing if installed package can be loaded from final location
** testing if installed package keeps a record of temporary installation path
* creating tarball
packaged installation of ‘diggitdata’ as ‘diggitdata_1.38.0_R_x86_64-pc-linux-gnu.tar.gz’
* DONE (diggitdata)
* installing *source* package ‘diggit’ ...
** package ‘diggit’ successfully unpacked and MD5 sums checked
** using staged installation
** R
** inst
** byte-compile and prepare package for lazy loading
** help
*** installing help indices
** building package indices
** installing vignettes
** testing if installed package can be loaded from temporary location
** testing if installed package can be loaded from final location
** testing if installed package keeps a record of temporary installation path
* creating tarball
packaged installation of ‘diggit’ as ‘diggit_1.38.0_R_x86_64-pc-linux-gnu.tar.gz’
* DONE (diggit)

The downloaded source packages are in
	‘/tmp/Rtmp43zg5w/downloaded_packages’
Old packages: 'bslib', 'cli', 'curl', 'evaluate', 'httr2', 'jsonlite',
  'openssl', 'pillar', 'pkgbuild', 'processx', 'ps', 'purrr', 'R6', 'Rcpp',
  'rlang', 'sessioninfo', 'systemfonts', 'testthat', 'textshaping', 'tinytex',
  'xfun', 'zip', 'class', 'foreign', 'KernSmooth', 'MASS', 'Matrix', 'nlme',
  'nnet', 'rpart', 'spatial'

real	1m1.322s
user	0m23.057s
sys	0m4.990s
