'getOption("repos")' replaces Bioconductor standard repositories, see
'help("repositories", package = "BiocManager")' for details.
Replacement repositories:
    CRAN: https://p3m.dev/cran/__linux__/noble/latest
Bioconductor version 3.20 (BiocManager 1.30.25), R 4.4.2 (2024-10-31)
Installing package(s) 'pwalign'
trying URL 'https://bioconductor.org/packages/3.20/bioc/src/contrib/pwalign_1.2.0.tar.gz'
Content type 'application/x-gzip' length 355962 bytes (347 KB)
==================================================
downloaded 347 KB

* installing *source* package ‘pwalign’ ...
** package ‘pwalign’ successfully unpacked and MD5 sums checked
** using staged installation
** libs
using C compiler: ‘gcc (Ubuntu 13.3.0-6ubuntu2~24.04) 13.3.0’
gcc -I"/usr/local/lib/R/include" -DNDEBUG  -I'/mnt/library/S4Vectors/include' -I'/mnt/library/IRanges/include' -I'/mnt/library/XVector/include' -I'/mnt/library/Biostrings/include' -I/usr/local/include    -fpic  -g -O2 -fstack-protector-strong -Wformat -Wformat-security -Wdate-time -D_FORTIFY_SOURCE=2 -g  -c Biostrings_stubs.c -o Biostrings_stubs.o
gcc -I"/usr/local/lib/R/include" -DNDEBUG  -I'/mnt/library/S4Vectors/include' -I'/mnt/library/IRanges/include' -I'/mnt/library/XVector/include' -I'/mnt/library/Biostrings/include' -I/usr/local/include    -fpic  -g -O2 -fstack-protector-strong -Wformat -Wformat-security -Wdate-time -D_FORTIFY_SOURCE=2 -g  -c IRanges_stubs.c -o IRanges_stubs.o
gcc -I"/usr/local/lib/R/include" -DNDEBUG  -I'/mnt/library/S4Vectors/include' -I'/mnt/library/IRanges/include' -I'/mnt/library/XVector/include' -I'/mnt/library/Biostrings/include' -I/usr/local/include    -fpic  -g -O2 -fstack-protector-strong -Wformat -Wformat-security -Wdate-time -D_FORTIFY_SOURCE=2 -g  -c R_init_pairwiseAlignment.c -o R_init_pairwiseAlignment.o
gcc -I"/usr/local/lib/R/include" -DNDEBUG  -I'/mnt/library/S4Vectors/include' -I'/mnt/library/IRanges/include' -I'/mnt/library/XVector/include' -I'/mnt/library/Biostrings/include' -I/usr/local/include    -fpic  -g -O2 -fstack-protector-strong -Wformat -Wformat-security -Wdate-time -D_FORTIFY_SOURCE=2 -g  -c S4Vectors_stubs.c -o S4Vectors_stubs.o
gcc -I"/usr/local/lib/R/include" -DNDEBUG  -I'/mnt/library/S4Vectors/include' -I'/mnt/library/IRanges/include' -I'/mnt/library/XVector/include' -I'/mnt/library/Biostrings/include' -I/usr/local/include    -fpic  -g -O2 -fstack-protector-strong -Wformat -Wformat-security -Wdate-time -D_FORTIFY_SOURCE=2 -g  -c XVector_stubs.c -o XVector_stubs.o
gcc -I"/usr/local/lib/R/include" -DNDEBUG  -I'/mnt/library/S4Vectors/include' -I'/mnt/library/IRanges/include' -I'/mnt/library/XVector/include' -I'/mnt/library/Biostrings/include' -I/usr/local/include    -fpic  -g -O2 -fstack-protector-strong -Wformat -Wformat-security -Wdate-time -D_FORTIFY_SOURCE=2 -g  -c align_pairwiseAlignment.c -o align_pairwiseAlignment.o
gcc -I"/usr/local/lib/R/include" -DNDEBUG  -I'/mnt/library/S4Vectors/include' -I'/mnt/library/IRanges/include' -I'/mnt/library/XVector/include' -I'/mnt/library/Biostrings/include' -I/usr/local/include    -fpic  -g -O2 -fstack-protector-strong -Wformat -Wformat-security -Wdate-time -D_FORTIFY_SOURCE=2 -g  -c align_utils.c -o align_utils.o
gcc -shared -L/usr/local/lib/R/lib -L/usr/local/lib -o pwalign.so Biostrings_stubs.o IRanges_stubs.o R_init_pairwiseAlignment.o S4Vectors_stubs.o XVector_stubs.o align_pairwiseAlignment.o align_utils.o -L/usr/local/lib/R/lib -lR
installing to /mnt/library/00LOCK-pwalign/00new/pwalign/libs
** R
** data
** inst
** byte-compile and prepare package for lazy loading
Creating a new generic function for ‘insertion’ in package ‘pwalign’
Creating a new generic function for ‘deletion’ in package ‘pwalign’
Creating a new generic function for ‘unaligned’ in package ‘pwalign’
Creating a new generic function for ‘aligned’ in package ‘pwalign’
Creating a new generic function for ‘indel’ in package ‘pwalign’
Creating a new generic function for ‘nindel’ in package ‘pwalign’
Creating a new generic function for ‘PairwiseAlignments’ in package ‘pwalign’
Creating a new generic function for ‘alignedPattern’ in package ‘pwalign’
Creating a new generic function for ‘alignedSubject’ in package ‘pwalign’
Creating a new generic function for ‘PairwiseAlignmentsSingleSubject’ in package ‘pwalign’
Creating a new generic function for ‘nedit’ in package ‘pwalign’
Creating a new generic function for ‘mismatchTable’ in package ‘pwalign’
Creating a new generic function for ‘mismatchSummary’ in package ‘pwalign’
Creating a new generic function for ‘compareStrings’ in package ‘pwalign’
Creating a new generic function for ‘pid’ in package ‘pwalign’
Creating a new generic function for ‘pairwiseAlignment’ in package ‘pwalign’
Creating a new generic function for ‘stringDist’ in package ‘pwalign’
** help
*** installing help indices
** building package indices
** installing vignettes
** testing if installed package can be loaded from temporary location
** checking absolute paths in shared objects and dynamic libraries
** testing if installed package can be loaded from final location
** testing if installed package keeps a record of temporary installation path
* creating tarball
packaged installation of ‘pwalign’ as ‘pwalign_1.2.0_R_x86_64-pc-linux-gnu.tar.gz’
* DONE (pwalign)

The downloaded source packages are in
	‘/tmp/RtmpbJmnqc/downloaded_packages’
Old packages: 'bslib', 'cli', 'curl', 'evaluate', 'httr2', 'jsonlite',
  'openssl', 'pillar', 'pkgbuild', 'processx', 'ps', 'purrr', 'R6', 'Rcpp',
  'rlang', 'sessioninfo', 'systemfonts', 'testthat', 'textshaping', 'tinytex',
  'xfun', 'zip', 'class', 'foreign', 'KernSmooth', 'MASS', 'Matrix', 'nlme',
  'nnet', 'rpart', 'spatial'

real	1m48.117s
user	0m17.916s
sys	0m3.947s
