'getOption("repos")' replaces Bioconductor standard repositories, see
'help("repositories", package = "BiocManager")' for details.
Replacement repositories:
    CRAN: https://p3m.dev/cran/__linux__/noble/latest
Bioconductor version 3.20 (BiocManager 1.30.25), R 4.4.2 (2024-10-31)
Installing package(s) 'gDNAx'
also installing the dependency ‘gDNAinRNAseqData’

trying URL 'https://bioconductor.org/packages/3.20/data/experiment/src/contrib/gDNAinRNAseqData_1.6.0.tar.gz'
Content type 'application/x-gzip' length 303375 bytes (296 KB)
==================================================
downloaded 296 KB

trying URL 'https://bioconductor.org/packages/3.20/bioc/src/contrib/gDNAx_1.4.1.tar.gz'
Content type 'application/x-gzip' length 752585 bytes (734 KB)
==================================================
downloaded 734 KB

* installing *source* package ‘gDNAinRNAseqData’ ...
** using staged installation
** R
** inst
** byte-compile and prepare package for lazy loading
** help
*** installing help indices
** building package indices
** installing vignettes
** testing if installed package can be loaded from temporary location
** testing if installed package can be loaded from final location
** testing if installed package keeps a record of temporary installation path
* creating tarball
packaged installation of ‘gDNAinRNAseqData’ as ‘gDNAinRNAseqData_1.6.0_R_x86_64-pc-linux-gnu.tar.gz’
* DONE (gDNAinRNAseqData)
* installing *source* package ‘gDNAx’ ...
** package ‘gDNAx’ successfully unpacked and MD5 sums checked
** using staged installation
** R
** inst
** byte-compile and prepare package for lazy loading
** help
*** installing help indices
** building package indices
** installing vignettes
** testing if installed package can be loaded from temporary location
** testing if installed package can be loaded from final location
** testing if installed package keeps a record of temporary installation path
* creating tarball
packaged installation of ‘gDNAx’ as ‘gDNAx_1.4.1_R_x86_64-pc-linux-gnu.tar.gz’
* DONE (gDNAx)

The downloaded source packages are in
	‘/tmp/RtmpBWmAB0/downloaded_packages’
Old packages: 'bslib', 'cli', 'curl', 'evaluate', 'httr2', 'jsonlite',
  'openssl', 'pillar', 'pkgbuild', 'processx', 'ps', 'purrr', 'R6', 'Rcpp',
  'rlang', 'sessioninfo', 'systemfonts', 'testthat', 'textshaping', 'tinytex',
  'xfun', 'zip', 'class', 'foreign', 'KernSmooth', 'MASS', 'Matrix', 'nlme',
  'nnet', 'rpart', 'spatial'

real	1m53.243s
user	1m2.562s
sys	0m9.282s
