'getOption("repos")' replaces Bioconductor standard repositories, see
'help("repositories", package = "BiocManager")' for details.
Replacement repositories:
    CRAN: https://p3m.dev/cran/__linux__/noble/latest
Bioconductor version 3.20 (BiocManager 1.30.25), R 4.4.2 (2024-10-31)
Installing package(s) 'CellTrails'
also installing the dependencies ‘dtw’, ‘maptree’, ‘destiny’

trying URL 'https://p3m.dev/cran/__linux__/noble/latest/src/contrib/dtw_1.23-1.tar.gz'
Content type 'binary/octet-stream' length 593537 bytes (579 KB)
==================================================
downloaded 579 KB

trying URL 'https://p3m.dev/cran/__linux__/noble/latest/src/contrib/maptree_1.4-8.tar.gz'
Content type 'binary/octet-stream' length 148619 bytes (145 KB)
==================================================
downloaded 145 KB

trying URL 'https://bioconductor.org/packages/3.20/bioc/src/contrib/destiny_3.20.0.tar.gz'
Content type 'application/x-gzip' length 891589 bytes (870 KB)
==================================================
downloaded 870 KB

trying URL 'https://bioconductor.org/packages/3.20/bioc/src/contrib/CellTrails_1.24.0.tar.gz'
Content type 'application/x-gzip' length 2761470 bytes (2.6 MB)
==================================================
downloaded 2.6 MB

* installing *binary* package ‘dtw’ ...
* ‘dtw’ was already a binary package and will not be rebuilt
* creating tarball
packaged installation of ‘dtw’ as ‘dtw_1.23-1_R_x86_64-pc-linux-gnu.tar.gz’
* DONE (dtw)
* installing *binary* package ‘maptree’ ...
* ‘maptree’ was already a binary package and will not be rebuilt
* creating tarball
packaged installation of ‘maptree’ as ‘maptree_1.4-8_R_x86_64-pc-linux-gnu.tar.gz’
* DONE (maptree)
ERROR: failed to lock directory ‘/mnt/library’ for modifying
Try removing ‘/mnt/library/00LOCK-destiny’
* installing *source* package ‘CellTrails’ ...
** package ‘CellTrails’ successfully unpacked and MD5 sums checked
** using staged installation
** R
** data
** inst
** byte-compile and prepare package for lazy loading
** help
*** installing help indices
** building package indices
** installing vignettes
** testing if installed package can be loaded from temporary location
** testing if installed package can be loaded from final location
** testing if installed package keeps a record of temporary installation path
* creating tarball
packaged installation of ‘CellTrails’ as ‘CellTrails_1.24.0_R_x86_64-pc-linux-gnu.tar.gz’
* DONE (CellTrails)

The downloaded source packages are in
	‘/tmp/Rtmptib74o/downloaded_packages’
Old packages: 'bslib', 'cli', 'curl', 'evaluate', 'httr2', 'jsonlite',
  'openssl', 'pillar', 'pkgbuild', 'processx', 'ps', 'purrr', 'R6', 'Rcpp',
  'rlang', 'sessioninfo', 'systemfonts', 'testthat', 'textshaping', 'tinytex',
  'xfun', 'zip', 'class', 'foreign', 'KernSmooth', 'MASS', 'Matrix', 'nlme',
  'nnet', 'rpart', 'spatial'
Warning message:
In install.packages(...) :
  installation of package ‘destiny’ had non-zero exit status

real	30m59.631s
user	0m32.232s
sys	0m7.780s
