'getOption("repos")' replaces Bioconductor standard repositories, see
'help("repositories", package = "BiocManager")' for details.
Replacement repositories:
    CRAN: https://p3m.dev/cran/__linux__/noble/latest
Bioconductor version 3.20 (BiocManager 1.30.25), R 4.4.2 (2024-10-31)
Installing package(s) 'DCATS'
also installing the dependencies ‘caTools’, ‘tensor’, ‘SparseM’, ‘MatrixModels’, ‘zoo’, ‘RcppTOML’, ‘here’, ‘gplots’, ‘spatstat.data’, ‘spatstat.univar’, ‘spatstat.random’, ‘spatstat.utils’, ‘spatstat.sparse’, ‘goftest’, ‘polyclip’, ‘dqrng’, ‘uuid’, ‘ids’, ‘rematch2’, ‘selectr’, ‘coda’, ‘mcmc’, ‘quantreg’, ‘cowplot’, ‘fastDummies’, ‘fitdistrplus’, ‘ggrepel’, ‘ggridges’, ‘ica’, ‘leidenbase’, ‘lmtest’, ‘patchwork’, ‘RANN’, ‘RcppHNSW’, ‘reticulate’, ‘ROCR’, ‘RSpectra’, ‘scattermore’, ‘sctransform’, ‘spatstat.explore’, ‘spatstat.geom’, ‘uwot’, ‘sp’, ‘spam’, ‘broom’, ‘conflicted’, ‘dbplyr’, ‘dtplyr’, ‘googledrive’, ‘googlesheets4’, ‘modelr’, ‘reprex’, ‘rvest’, ‘MCMCpack’, ‘robustbase’, ‘aod’, ‘Seurat’, ‘SeuratObject’, ‘tidyverse’

trying URL 'https://p3m.dev/cran/__linux__/noble/latest/src/contrib/caTools_1.18.3.tar.gz'
Content type 'binary/octet-stream' length 205153 bytes (200 KB)
==================================================
downloaded 200 KB

trying URL 'https://p3m.dev/cran/__linux__/noble/latest/src/contrib/tensor_1.5.tar.gz'
Content type 'binary/octet-stream' length 13774 bytes (13 KB)
==================================================
downloaded 13 KB

trying URL 'https://p3m.dev/cran/__linux__/noble/latest/src/contrib/SparseM_1.84-2.tar.gz'
Content type 'binary/octet-stream' length 885701 bytes (864 KB)
==================================================
downloaded 864 KB

trying URL 'https://p3m.dev/cran/__linux__/noble/latest/src/contrib/MatrixModels_0.5-3.tar.gz'
Content type 'binary/octet-stream' length 420377 bytes (410 KB)
==================================================
downloaded 410 KB

trying URL 'https://p3m.dev/cran/__linux__/noble/latest/src/contrib/zoo_1.8-13.tar.gz'
Content type 'binary/octet-stream' length 1029051 bytes (1004 KB)
==================================================
downloaded 1004 KB

trying URL 'https://p3m.dev/cran/__linux__/noble/latest/src/contrib/RcppTOML_0.2.2.tar.gz'
Content type 'binary/octet-stream' length 243629 bytes (237 KB)
==================================================
downloaded 237 KB

trying URL 'https://p3m.dev/cran/__linux__/noble/latest/src/contrib/here_1.0.1.tar.gz'
Content type 'binary/octet-stream' length 53422 bytes (52 KB)
==================================================
downloaded 52 KB

trying URL 'https://p3m.dev/cran/__linux__/noble/latest/src/contrib/gplots_3.2.0.tar.gz'
Content type 'binary/octet-stream' length 496973 bytes (485 KB)
==================================================
downloaded 485 KB

trying URL 'https://p3m.dev/cran/__linux__/noble/latest/src/contrib/spatstat.data_3.1-4.tar.gz'
Content type 'binary/octet-stream' length 4061761 bytes (3.9 MB)
==================================================
downloaded 3.9 MB

trying URL 'https://p3m.dev/cran/__linux__/noble/latest/src/contrib/spatstat.univar_3.1-1.tar.gz'
Content type 'binary/octet-stream' length 311181 bytes (303 KB)
==================================================
downloaded 303 KB

trying URL 'https://p3m.dev/cran/__linux__/noble/latest/src/contrib/spatstat.random_3.3-2.tar.gz'
Content type 'binary/octet-stream' length 1175402 bytes (1.1 MB)
==================================================
downloaded 1.1 MB

trying URL 'https://p3m.dev/cran/__linux__/noble/latest/src/contrib/spatstat.utils_3.1-2.tar.gz'
Content type 'binary/octet-stream' length 388593 bytes (379 KB)
==================================================
downloaded 379 KB

trying URL 'https://p3m.dev/cran/__linux__/noble/latest/src/contrib/spatstat.sparse_3.1-0.tar.gz'
Content type 'binary/octet-stream' length 213378 bytes (208 KB)
==================================================
downloaded 208 KB

trying URL 'https://p3m.dev/cran/__linux__/noble/latest/src/contrib/goftest_1.2-3.tar.gz'
Content type 'binary/octet-stream' length 58583 bytes (57 KB)
==================================================
downloaded 57 KB

trying URL 'https://p3m.dev/cran/__linux__/noble/latest/src/contrib/polyclip_1.10-7.tar.gz'
Content type 'binary/octet-stream' length 119913 bytes (117 KB)
==================================================
downloaded 117 KB

trying URL 'https://p3m.dev/cran/__linux__/noble/latest/src/contrib/dqrng_0.4.1.tar.gz'
Content type 'binary/octet-stream' length 215564 bytes (210 KB)
==================================================
downloaded 210 KB

trying URL 'https://p3m.dev/cran/__linux__/noble/latest/src/contrib/uuid_1.2-1.tar.gz'
Content type 'binary/octet-stream' length 48860 bytes (47 KB)
==================================================
downloaded 47 KB

trying URL 'https://p3m.dev/cran/__linux__/noble/latest/src/contrib/ids_1.0.1.tar.gz'
Content type 'binary/octet-stream' length 122444 bytes (119 KB)
==================================================
downloaded 119 KB

trying URL 'https://p3m.dev/cran/__linux__/noble/latest/src/contrib/rematch2_2.1.2.tar.gz'
Content type 'binary/octet-stream' length 46036 bytes (44 KB)
==================================================
downloaded 44 KB

trying URL 'https://p3m.dev/cran/__linux__/noble/latest/src/contrib/selectr_0.4-2.tar.gz'
Content type 'binary/octet-stream' length 499149 bytes (487 KB)
==================================================
downloaded 487 KB

trying URL 'https://p3m.dev/cran/__linux__/noble/latest/src/contrib/coda_0.19-4.1.tar.gz'
Content type 'binary/octet-stream' length 328552 bytes (320 KB)
==================================================
downloaded 320 KB

trying URL 'https://p3m.dev/cran/__linux__/noble/latest/src/contrib/mcmc_0.9-8.tar.gz'
Content type 'binary/octet-stream' length 1379654 bytes (1.3 MB)
==================================================
downloaded 1.3 MB

trying URL 'https://p3m.dev/cran/__linux__/noble/latest/src/contrib/quantreg_6.00.tar.gz'
Content type 'binary/octet-stream' length 1456918 bytes (1.4 MB)
==================================================
downloaded 1.4 MB

trying URL 'https://p3m.dev/cran/__linux__/noble/latest/src/contrib/cowplot_1.1.3.tar.gz'
Content type 'binary/octet-stream' length 1380686 bytes (1.3 MB)
==================================================
downloaded 1.3 MB

trying URL 'https://p3m.dev/cran/__linux__/noble/latest/src/contrib/fastDummies_1.7.5.tar.gz'
Content type 'binary/octet-stream' length 41902 bytes (40 KB)
==================================================
downloaded 40 KB

trying URL 'https://p3m.dev/cran/__linux__/noble/latest/src/contrib/fitdistrplus_1.2-2.tar.gz'
Content type 'binary/octet-stream' length 2494733 bytes (2.4 MB)
==================================================
downloaded 2.4 MB

trying URL 'https://p3m.dev/cran/__linux__/noble/latest/src/contrib/ggrepel_0.9.6.tar.gz'
Content type 'binary/octet-stream' length 290115 bytes (283 KB)
==================================================
downloaded 283 KB

trying URL 'https://p3m.dev/cran/__linux__/noble/latest/src/contrib/ggridges_0.5.6.tar.gz'
Content type 'binary/octet-stream' length 2262599 bytes (2.2 MB)
==================================================
downloaded 2.2 MB

trying URL 'https://p3m.dev/cran/__linux__/noble/latest/src/contrib/ica_1.0-3.tar.gz'
Content type 'binary/octet-stream' length 85648 bytes (83 KB)
==================================================
downloaded 83 KB

trying URL 'https://p3m.dev/cran/__linux__/noble/latest/src/contrib/leidenbase_0.1.32.tar.gz'
Content type 'binary/octet-stream' length 1335582 bytes (1.3 MB)
==================================================
downloaded 1.3 MB

trying URL 'https://p3m.dev/cran/__linux__/noble/latest/src/contrib/lmtest_0.9-40.tar.gz'
Content type 'binary/octet-stream' length 403559 bytes (394 KB)
==================================================
downloaded 394 KB

trying URL 'https://p3m.dev/cran/__linux__/noble/latest/src/contrib/patchwork_1.3.0.tar.gz'
Content type 'binary/octet-stream' length 3345779 bytes (3.2 MB)
==================================================
downloaded 3.2 MB

trying URL 'https://p3m.dev/cran/__linux__/noble/latest/src/contrib/RANN_2.6.2.tar.gz'
Content type 'binary/octet-stream' length 43790 bytes (42 KB)
==================================================
downloaded 42 KB

trying URL 'https://p3m.dev/cran/__linux__/noble/latest/src/contrib/RcppHNSW_0.6.0.tar.gz'
Content type 'binary/octet-stream' length 217304 bytes (212 KB)
==================================================
downloaded 212 KB

trying URL 'https://p3m.dev/cran/__linux__/noble/latest/src/contrib/reticulate_1.41.0.tar.gz'
Content type 'binary/octet-stream' length 1949080 bytes (1.9 MB)
==================================================
downloaded 1.9 MB

trying URL 'https://p3m.dev/cran/__linux__/noble/latest/src/contrib/ROCR_1.0-11.tar.gz'
Content type 'binary/octet-stream' length 462126 bytes (451 KB)
==================================================
downloaded 451 KB

trying URL 'https://p3m.dev/cran/__linux__/noble/latest/src/contrib/RSpectra_0.16-2.tar.gz'
Content type 'binary/octet-stream' length 529212 bytes (516 KB)
==================================================
downloaded 516 KB

trying URL 'https://p3m.dev/cran/__linux__/noble/latest/src/contrib/scattermore_1.2.tar.gz'
Content type 'binary/octet-stream' length 339184 bytes (331 KB)
==================================================
downloaded 331 KB

trying URL 'https://p3m.dev/cran/__linux__/noble/latest/src/contrib/sctransform_0.4.1.tar.gz'
Content type 'binary/octet-stream' length 562599 bytes (549 KB)
==================================================
downloaded 549 KB

trying URL 'https://p3m.dev/cran/__linux__/noble/latest/src/contrib/spatstat.explore_3.3-4.tar.gz'
Content type 'binary/octet-stream' length 3326483 bytes (3.2 MB)
==================================================
downloaded 3.2 MB

trying URL 'https://p3m.dev/cran/__linux__/noble/latest/src/contrib/spatstat.geom_3.3-5.tar.gz'
Content type 'binary/octet-stream' length 4046746 bytes (3.9 MB)
==================================================
downloaded 3.9 MB

trying URL 'https://p3m.dev/cran/__linux__/noble/latest/src/contrib/uwot_0.2.3.tar.gz'
Content type 'binary/octet-stream' length 1027571 bytes (1003 KB)
==================================================
downloaded 1003 KB

trying URL 'https://p3m.dev/cran/__linux__/noble/latest/src/contrib/sp_2.2-0.tar.gz'
Content type 'binary/octet-stream' length 5308015 bytes (5.1 MB)
==================================================
downloaded 5.1 MB

trying URL 'https://p3m.dev/cran/__linux__/noble/latest/src/contrib/spam_2.11-1.tar.gz'
Content type 'binary/octet-stream' length 2745557 bytes (2.6 MB)
==================================================
downloaded 2.6 MB

trying URL 'https://p3m.dev/cran/__linux__/noble/latest/src/contrib/broom_1.0.7.tar.gz'
Content type 'binary/octet-stream' length 1918600 bytes (1.8 MB)
==================================================
downloaded 1.8 MB

trying URL 'https://p3m.dev/cran/__linux__/noble/latest/src/contrib/conflicted_1.2.0.tar.gz'
Content type 'binary/octet-stream' length 55058 bytes (53 KB)
==================================================
downloaded 53 KB

trying URL 'https://p3m.dev/cran/__linux__/noble/latest/src/contrib/dbplyr_2.5.0.tar.gz'
Content type 'binary/octet-stream' length 1236167 bytes (1.2 MB)
==================================================
downloaded 1.2 MB

trying URL 'https://p3m.dev/cran/__linux__/noble/latest/src/contrib/dtplyr_1.3.1.tar.gz'
Content type 'binary/octet-stream' length 357381 bytes (349 KB)
==================================================
downloaded 349 KB

trying URL 'https://p3m.dev/cran/__linux__/noble/latest/src/contrib/googledrive_2.1.1.tar.gz'
Content type 'binary/octet-stream' length 1899448 bytes (1.8 MB)
==================================================
downloaded 1.8 MB

trying URL 'https://p3m.dev/cran/__linux__/noble/latest/src/contrib/googlesheets4_1.1.1.tar.gz'
Content type 'binary/octet-stream' length 516263 bytes (504 KB)
==================================================
downloaded 504 KB

trying URL 'https://p3m.dev/cran/__linux__/noble/latest/src/contrib/modelr_0.1.11.tar.gz'
Content type 'binary/octet-stream' length 200698 bytes (195 KB)
==================================================
downloaded 195 KB

trying URL 'https://p3m.dev/cran/__linux__/noble/latest/src/contrib/reprex_2.1.1.tar.gz'
Content type 'binary/octet-stream' length 495217 bytes (483 KB)
==================================================
downloaded 483 KB

trying URL 'https://p3m.dev/cran/__linux__/noble/latest/src/contrib/rvest_1.0.4.tar.gz'
Content type 'binary/octet-stream' length 298442 bytes (291 KB)
==================================================
downloaded 291 KB

trying URL 'https://p3m.dev/cran/__linux__/noble/latest/src/contrib/MCMCpack_1.7-1.tar.gz'
Content type 'binary/octet-stream' length 2221696 bytes (2.1 MB)
==================================================
downloaded 2.1 MB

trying URL 'https://p3m.dev/cran/__linux__/noble/latest/src/contrib/robustbase_0.99-4-1.tar.gz'
Content type 'binary/octet-stream' length 3099872 bytes (3.0 MB)
==================================================
downloaded 3.0 MB

trying URL 'https://p3m.dev/cran/__linux__/noble/latest/src/contrib/aod_1.3.3.tar.gz'
Content type 'binary/octet-stream' length 395515 bytes (386 KB)
==================================================
downloaded 386 KB

trying URL 'https://p3m.dev/cran/__linux__/noble/latest/src/contrib/Seurat_5.2.1.tar.gz'
Content type 'binary/octet-stream' length 2642938 bytes (2.5 MB)
==================================================
downloaded 2.5 MB

trying URL 'https://p3m.dev/cran/__linux__/noble/latest/src/contrib/SeuratObject_5.0.2.tar.gz'
Content type 'binary/octet-stream' length 2065573 bytes (2.0 MB)
==================================================
downloaded 2.0 MB

trying URL 'https://p3m.dev/cran/__linux__/noble/latest/src/contrib/tidyverse_2.0.0.tar.gz'
Content type 'binary/octet-stream' length 425797 bytes (415 KB)
==================================================
downloaded 415 KB

trying URL 'https://bioconductor.org/packages/3.20/bioc/src/contrib/DCATS_1.4.0.tar.gz'
Content type 'application/x-gzip' length 2975278 bytes (2.8 MB)
==================================================
downloaded 2.8 MB

* installing *binary* package ‘caTools’ ...
* ‘caTools’ was already a binary package and will not be rebuilt
* creating tarball
packaged installation of ‘caTools’ as ‘caTools_1.18.3_R_x86_64-pc-linux-gnu.tar.gz’
* DONE (caTools)
* installing *binary* package ‘tensor’ ...
* ‘tensor’ was already a binary package and will not be rebuilt
* creating tarball
packaged installation of ‘tensor’ as ‘tensor_1.5_R_x86_64-pc-linux-gnu.tar.gz’
* DONE (tensor)
* installing *binary* package ‘SparseM’ ...
* ‘SparseM’ was already a binary package and will not be rebuilt
* creating tarball
packaged installation of ‘SparseM’ as ‘SparseM_1.84-2_R_x86_64-pc-linux-gnu.tar.gz’
* DONE (SparseM)
* installing *binary* package ‘MatrixModels’ ...
* ‘MatrixModels’ was already a binary package and will not be rebuilt
* creating tarball
packaged installation of ‘MatrixModels’ as ‘MatrixModels_0.5-3_R_x86_64-pc-linux-gnu.tar.gz’
* DONE (MatrixModels)
* installing *binary* package ‘zoo’ ...
* ‘zoo’ was already a binary package and will not be rebuilt
* creating tarball
packaged installation of ‘zoo’ as ‘zoo_1.8-13_R_x86_64-pc-linux-gnu.tar.gz’
* DONE (zoo)
* installing *binary* package ‘RcppTOML’ ...
* ‘RcppTOML’ was already a binary package and will not be rebuilt
* creating tarball
packaged installation of ‘RcppTOML’ as ‘RcppTOML_0.2.2_R_x86_64-pc-linux-gnu.tar.gz’
* DONE (RcppTOML)
* installing *binary* package ‘here’ ...
* ‘here’ was already a binary package and will not be rebuilt
* creating tarball
packaged installation of ‘here’ as ‘here_1.0.1_R_x86_64-pc-linux-gnu.tar.gz’
* DONE (here)
* installing *binary* package ‘spatstat.utils’ ...
* ‘spatstat.utils’ was already a binary package and will not be rebuilt
* creating tarball
packaged installation of ‘spatstat.utils’ as ‘spatstat.utils_3.1-2_R_x86_64-pc-linux-gnu.tar.gz’
* DONE (spatstat.utils)
* installing *binary* package ‘goftest’ ...
* ‘goftest’ was already a binary package and will not be rebuilt
* creating tarball
packaged installation of ‘goftest’ as ‘goftest_1.2-3_R_x86_64-pc-linux-gnu.tar.gz’
* DONE (goftest)
* installing *binary* package ‘polyclip’ ...
* ‘polyclip’ was already a binary package and will not be rebuilt
* creating tarball
packaged installation of ‘polyclip’ as ‘polyclip_1.10-7_R_x86_64-pc-linux-gnu.tar.gz’
* DONE (polyclip)
* installing *binary* package ‘dqrng’ ...
* ‘dqrng’ was already a binary package and will not be rebuilt
* creating tarball
packaged installation of ‘dqrng’ as ‘dqrng_0.4.1_R_x86_64-pc-linux-gnu.tar.gz’
* DONE (dqrng)
* installing *binary* package ‘uuid’ ...
* ‘uuid’ was already a binary package and will not be rebuilt
* creating tarball
packaged installation of ‘uuid’ as ‘uuid_1.2-1_R_x86_64-pc-linux-gnu.tar.gz’
* DONE (uuid)
* installing *binary* package ‘rematch2’ ...
* ‘rematch2’ was already a binary package and will not be rebuilt
* creating tarball
packaged installation of ‘rematch2’ as ‘rematch2_2.1.2_R_x86_64-pc-linux-gnu.tar.gz’
* DONE (rematch2)
* installing *binary* package ‘selectr’ ...
* ‘selectr’ was already a binary package and will not be rebuilt
* creating tarball
packaged installation of ‘selectr’ as ‘selectr_0.4-2_R_x86_64-pc-linux-gnu.tar.gz’
* DONE (selectr)
* installing *binary* package ‘coda’ ...
* ‘coda’ was already a binary package and will not be rebuilt
* creating tarball
packaged installation of ‘coda’ as ‘coda_0.19-4.1_R_x86_64-pc-linux-gnu.tar.gz’
* DONE (coda)
* installing *binary* package ‘mcmc’ ...
* ‘mcmc’ was already a binary package and will not be rebuilt
* creating tarball
packaged installation of ‘mcmc’ as ‘mcmc_0.9-8_R_x86_64-pc-linux-gnu.tar.gz’
* DONE (mcmc)
* installing *binary* package ‘cowplot’ ...
* ‘cowplot’ was already a binary package and will not be rebuilt
* creating tarball
packaged installation of ‘cowplot’ as ‘cowplot_1.1.3_R_x86_64-pc-linux-gnu.tar.gz’
* DONE (cowplot)
* installing *binary* package ‘fastDummies’ ...
* ‘fastDummies’ was already a binary package and will not be rebuilt
* creating tarball
packaged installation of ‘fastDummies’ as ‘fastDummies_1.7.5_R_x86_64-pc-linux-gnu.tar.gz’
* DONE (fastDummies)
* installing *binary* package ‘fitdistrplus’ ...
* ‘fitdistrplus’ was already a binary package and will not be rebuilt
* creating tarball
packaged installation of ‘fitdistrplus’ as ‘fitdistrplus_1.2-2_R_x86_64-pc-linux-gnu.tar.gz’
* DONE (fitdistrplus)
* installing *binary* package ‘ggrepel’ ...
* ‘ggrepel’ was already a binary package and will not be rebuilt
* creating tarball
packaged installation of ‘ggrepel’ as ‘ggrepel_0.9.6_R_x86_64-pc-linux-gnu.tar.gz’
* DONE (ggrepel)
* installing *binary* package ‘ggridges’ ...
* ‘ggridges’ was already a binary package and will not be rebuilt
* creating tarball
packaged installation of ‘ggridges’ as ‘ggridges_0.5.6_R_x86_64-pc-linux-gnu.tar.gz’
* DONE (ggridges)
* installing *binary* package ‘ica’ ...
* ‘ica’ was already a binary package and will not be rebuilt
* creating tarball
packaged installation of ‘ica’ as ‘ica_1.0-3_R_x86_64-pc-linux-gnu.tar.gz’
* DONE (ica)
* installing *binary* package ‘leidenbase’ ...
* ‘leidenbase’ was already a binary package and will not be rebuilt
* creating tarball
packaged installation of ‘leidenbase’ as ‘leidenbase_0.1.32_R_x86_64-pc-linux-gnu.tar.gz’
* DONE (leidenbase)
* installing *binary* package ‘patchwork’ ...
* ‘patchwork’ was already a binary package and will not be rebuilt
* creating tarball
packaged installation of ‘patchwork’ as ‘patchwork_1.3.0_R_x86_64-pc-linux-gnu.tar.gz’
* DONE (patchwork)
* installing *binary* package ‘RANN’ ...
* ‘RANN’ was already a binary package and will not be rebuilt
* creating tarball
packaged installation of ‘RANN’ as ‘RANN_2.6.2_R_x86_64-pc-linux-gnu.tar.gz’
* DONE (RANN)
* installing *binary* package ‘RcppHNSW’ ...
* ‘RcppHNSW’ was already a binary package and will not be rebuilt
* creating tarball
packaged installation of ‘RcppHNSW’ as ‘RcppHNSW_0.6.0_R_x86_64-pc-linux-gnu.tar.gz’
* DONE (RcppHNSW)
* installing *binary* package ‘RSpectra’ ...
* ‘RSpectra’ was already a binary package and will not be rebuilt
* creating tarball
packaged installation of ‘RSpectra’ as ‘RSpectra_0.16-2_R_x86_64-pc-linux-gnu.tar.gz’
* DONE (RSpectra)
* installing *binary* package ‘scattermore’ ...
* ‘scattermore’ was already a binary package and will not be rebuilt
* creating tarball
packaged installation of ‘scattermore’ as ‘scattermore_1.2_R_x86_64-pc-linux-gnu.tar.gz’
* DONE (scattermore)
* installing *binary* package ‘sctransform’ ...
* ‘sctransform’ was already a binary package and will not be rebuilt
* creating tarball
packaged installation of ‘sctransform’ as ‘sctransform_0.4.1_R_x86_64-pc-linux-gnu.tar.gz’
* DONE (sctransform)
* installing *binary* package ‘sp’ ...
* ‘sp’ was already a binary package and will not be rebuilt
* creating tarball
packaged installation of ‘sp’ as ‘sp_2.2-0_R_x86_64-pc-linux-gnu.tar.gz’
* DONE (sp)
* installing *binary* package ‘spam’ ...
* ‘spam’ was already a binary package and will not be rebuilt
* creating tarball
packaged installation of ‘spam’ as ‘spam_2.11-1_R_x86_64-pc-linux-gnu.tar.gz’
* DONE (spam)
* installing *binary* package ‘broom’ ...
* ‘broom’ was already a binary package and will not be rebuilt
* creating tarball
packaged installation of ‘broom’ as ‘broom_1.0.7_R_x86_64-pc-linux-gnu.tar.gz’
* DONE (broom)
* installing *binary* package ‘conflicted’ ...
* ‘conflicted’ was already a binary package and will not be rebuilt
* creating tarball
packaged installation of ‘conflicted’ as ‘conflicted_1.2.0_R_x86_64-pc-linux-gnu.tar.gz’
* DONE (conflicted)
* installing *binary* package ‘dbplyr’ ...
* ‘dbplyr’ was already a binary package and will not be rebuilt
* creating tarball
packaged installation of ‘dbplyr’ as ‘dbplyr_2.5.0_R_x86_64-pc-linux-gnu.tar.gz’
* DONE (dbplyr)
* installing *binary* package ‘dtplyr’ ...
* ‘dtplyr’ was already a binary package and will not be rebuilt
* creating tarball
packaged installation of ‘dtplyr’ as ‘dtplyr_1.3.1_R_x86_64-pc-linux-gnu.tar.gz’
* DONE (dtplyr)
* installing *binary* package ‘reprex’ ...
* ‘reprex’ was already a binary package and will not be rebuilt
* creating tarball
packaged installation of ‘reprex’ as ‘reprex_2.1.1_R_x86_64-pc-linux-gnu.tar.gz’
* DONE (reprex)
* installing *binary* package ‘robustbase’ ...
* ‘robustbase’ was already a binary package and will not be rebuilt
* creating tarball
packaged installation of ‘robustbase’ as ‘robustbase_0.99-4-1_R_x86_64-pc-linux-gnu.tar.gz’
* DONE (robustbase)
* installing *binary* package ‘aod’ ...
* ‘aod’ was already a binary package and will not be rebuilt
* creating tarball
packaged installation of ‘aod’ as ‘aod_1.3.3_R_x86_64-pc-linux-gnu.tar.gz’
* DONE (aod)
* installing *binary* package ‘gplots’ ...
* ‘gplots’ was already a binary package and will not be rebuilt
* creating tarball
packaged installation of ‘gplots’ as ‘gplots_3.2.0_R_x86_64-pc-linux-gnu.tar.gz’
* DONE (gplots)
* installing *binary* package ‘spatstat.data’ ...
* ‘spatstat.data’ was already a binary package and will not be rebuilt
* creating tarball
packaged installation of ‘spatstat.data’ as ‘spatstat.data_3.1-4_R_x86_64-pc-linux-gnu.tar.gz’
* DONE (spatstat.data)
* installing *binary* package ‘spatstat.univar’ ...
* ‘spatstat.univar’ was already a binary package and will not be rebuilt
* creating tarball
packaged installation of ‘spatstat.univar’ as ‘spatstat.univar_3.1-1_R_x86_64-pc-linux-gnu.tar.gz’
* DONE (spatstat.univar)
* installing *binary* package ‘spatstat.sparse’ ...
* ‘spatstat.sparse’ was already a binary package and will not be rebuilt
* creating tarball
packaged installation of ‘spatstat.sparse’ as ‘spatstat.sparse_3.1-0_R_x86_64-pc-linux-gnu.tar.gz’
* DONE (spatstat.sparse)
* installing *binary* package ‘ids’ ...
* ‘ids’ was already a binary package and will not be rebuilt
* creating tarball
packaged installation of ‘ids’ as ‘ids_1.0.1_R_x86_64-pc-linux-gnu.tar.gz’
* DONE (ids)
* installing *binary* package ‘quantreg’ ...
* ‘quantreg’ was already a binary package and will not be rebuilt
* creating tarball
packaged installation of ‘quantreg’ as ‘quantreg_6.00_R_x86_64-pc-linux-gnu.tar.gz’
* DONE (quantreg)
* installing *binary* package ‘lmtest’ ...
* ‘lmtest’ was already a binary package and will not be rebuilt
* creating tarball
packaged installation of ‘lmtest’ as ‘lmtest_0.9-40_R_x86_64-pc-linux-gnu.tar.gz’
* DONE (lmtest)
* installing *binary* package ‘reticulate’ ...
* ‘reticulate’ was already a binary package and will not be rebuilt
* creating tarball
packaged installation of ‘reticulate’ as ‘reticulate_1.41.0_R_x86_64-pc-linux-gnu.tar.gz’
* DONE (reticulate)
* installing *binary* package ‘uwot’ ...
* ‘uwot’ was already a binary package and will not be rebuilt
* creating tarball
packaged installation of ‘uwot’ as ‘uwot_0.2.3_R_x86_64-pc-linux-gnu.tar.gz’
* DONE (uwot)
* installing *binary* package ‘googledrive’ ...
* ‘googledrive’ was already a binary package and will not be rebuilt
* creating tarball
packaged installation of ‘googledrive’ as ‘googledrive_2.1.1_R_x86_64-pc-linux-gnu.tar.gz’
* DONE (googledrive)
* installing *binary* package ‘modelr’ ...
* ‘modelr’ was already a binary package and will not be rebuilt
* creating tarball
packaged installation of ‘modelr’ as ‘modelr_0.1.11_R_x86_64-pc-linux-gnu.tar.gz’
* DONE (modelr)
* installing *binary* package ‘rvest’ ...
* ‘rvest’ was already a binary package and will not be rebuilt
* creating tarball
packaged installation of ‘rvest’ as ‘rvest_1.0.4_R_x86_64-pc-linux-gnu.tar.gz’
* DONE (rvest)
* installing *binary* package ‘SeuratObject’ ...
* ‘SeuratObject’ was already a binary package and will not be rebuilt
* creating tarball
packaged installation of ‘SeuratObject’ as ‘SeuratObject_5.0.2_R_x86_64-pc-linux-gnu.tar.gz’
* DONE (SeuratObject)
* installing *binary* package ‘ROCR’ ...
* ‘ROCR’ was already a binary package and will not be rebuilt
* creating tarball
packaged installation of ‘ROCR’ as ‘ROCR_1.0-11_R_x86_64-pc-linux-gnu.tar.gz’
* DONE (ROCR)
* installing *binary* package ‘spatstat.geom’ ...
* ‘spatstat.geom’ was already a binary package and will not be rebuilt
* creating tarball
packaged installation of ‘spatstat.geom’ as ‘spatstat.geom_3.3-5_R_x86_64-pc-linux-gnu.tar.gz’
* DONE (spatstat.geom)
* installing *binary* package ‘googlesheets4’ ...
* ‘googlesheets4’ was already a binary package and will not be rebuilt
* creating tarball
packaged installation of ‘googlesheets4’ as ‘googlesheets4_1.1.1_R_x86_64-pc-linux-gnu.tar.gz’
* DONE (googlesheets4)
* installing *binary* package ‘MCMCpack’ ...
* ‘MCMCpack’ was already a binary package and will not be rebuilt
* creating tarball
packaged installation of ‘MCMCpack’ as ‘MCMCpack_1.7-1_R_x86_64-pc-linux-gnu.tar.gz’
* DONE (MCMCpack)
* installing *binary* package ‘spatstat.random’ ...
* ‘spatstat.random’ was already a binary package and will not be rebuilt
* creating tarball
packaged installation of ‘spatstat.random’ as ‘spatstat.random_3.3-2_R_x86_64-pc-linux-gnu.tar.gz’
* DONE (spatstat.random)
* installing *binary* package ‘tidyverse’ ...
* ‘tidyverse’ was already a binary package and will not be rebuilt
* creating tarball
packaged installation of ‘tidyverse’ as ‘tidyverse_2.0.0_R_x86_64-pc-linux-gnu.tar.gz’
* DONE (tidyverse)
* installing *source* package ‘DCATS’ ...
** package ‘DCATS’ successfully unpacked and MD5 sums checked
** using staged installation
** R
** data
** inst
** byte-compile and prepare package for lazy loading
** help
*** installing help indices
** building package indices
** installing vignettes
** testing if installed package can be loaded from temporary location
** testing if installed package can be loaded from final location
** testing if installed package keeps a record of temporary installation path
* creating tarball
packaged installation of ‘DCATS’ as ‘DCATS_1.4.0_R_x86_64-pc-linux-gnu.tar.gz’
* DONE (DCATS)
* installing *binary* package ‘spatstat.explore’ ...
* ‘spatstat.explore’ was already a binary package and will not be rebuilt
* creating tarball
packaged installation of ‘spatstat.explore’ as ‘spatstat.explore_3.3-4_R_x86_64-pc-linux-gnu.tar.gz’
* DONE (spatstat.explore)
* installing *binary* package ‘Seurat’ ...
* ‘Seurat’ was already a binary package and will not be rebuilt
* creating tarball
packaged installation of ‘Seurat’ as ‘Seurat_5.2.1_R_x86_64-pc-linux-gnu.tar.gz’
* DONE (Seurat)

The downloaded source packages are in
	‘/tmp/RtmptPJ7Mi/downloaded_packages’
Old packages: 'bslib', 'cli', 'curl', 'evaluate', 'httr2', 'jsonlite',
  'openssl', 'pillar', 'pkgbuild', 'processx', 'ps', 'purrr', 'R6', 'Rcpp',
  'rlang', 'sessioninfo', 'systemfonts', 'testthat', 'textshaping', 'tinytex',
  'xfun', 'zip', 'class', 'foreign', 'KernSmooth', 'MASS', 'Matrix', 'nlme',
  'nnet', 'rpart', 'spatial'

real	2m25.984s
user	0m29.563s
sys	0m14.000s
