'getOption("repos")' replaces Bioconductor standard repositories, see
'help("repositories", package = "BiocManager")' for details.
Replacement repositories:
    CRAN: https://p3m.dev/cran/__linux__/noble/latest
Bioconductor version 3.20 (BiocManager 1.30.25), R 4.4.2 (2024-10-31)
Installing package(s) 'flowGraph'
also installing the dependencies ‘effsize’, ‘ggiraph’

trying URL 'https://p3m.dev/cran/__linux__/noble/latest/src/contrib/effsize_0.8.1.tar.gz'
Content type 'binary/octet-stream' length 63967 bytes (62 KB)
==================================================
downloaded 62 KB

trying URL 'https://p3m.dev/cran/__linux__/noble/latest/src/contrib/ggiraph_0.8.12.tar.gz'
Content type 'binary/octet-stream' length 1426406 bytes (1.4 MB)
==================================================
downloaded 1.4 MB

trying URL 'https://bioconductor.org/packages/3.20/bioc/src/contrib/flowGraph_1.14.0.tar.gz'
Content type 'application/x-gzip' length 2107642 bytes (2.0 MB)
==================================================
downloaded 2.0 MB

* installing *binary* package ‘effsize’ ...
* ‘effsize’ was already a binary package and will not be rebuilt
* creating tarball
packaged installation of ‘effsize’ as ‘effsize_0.8.1_R_x86_64-pc-linux-gnu.tar.gz’
* DONE (effsize)
* installing *binary* package ‘ggiraph’ ...
* ‘ggiraph’ was already a binary package and will not be rebuilt
* creating tarball
packaged installation of ‘ggiraph’ as ‘ggiraph_0.8.12_R_x86_64-pc-linux-gnu.tar.gz’
* DONE (ggiraph)
* installing *source* package ‘flowGraph’ ...
** package ‘flowGraph’ successfully unpacked and MD5 sums checked
** using staged installation
** R
** data
** inst
** byte-compile and prepare package for lazy loading
** help
*** installing help indices
** building package indices
** installing vignettes
** testing if installed package can be loaded from temporary location
** testing if installed package can be loaded from final location
** testing if installed package keeps a record of temporary installation path
* creating tarball
packaged installation of ‘flowGraph’ as ‘flowGraph_1.14.0_R_x86_64-pc-linux-gnu.tar.gz’
* DONE (flowGraph)

The downloaded source packages are in
	‘/tmp/Rtmpkjhr3t/downloaded_packages’
Old packages: 'bslib', 'cli', 'curl', 'evaluate', 'httr2', 'jsonlite',
  'openssl', 'pillar', 'pkgbuild', 'processx', 'ps', 'purrr', 'R6', 'Rcpp',
  'rlang', 'sessioninfo', 'systemfonts', 'testthat', 'textshaping', 'tinytex',
  'xfun', 'zip', 'class', 'foreign', 'KernSmooth', 'MASS', 'Matrix', 'nlme',
  'nnet', 'rpart', 'spatial'

real	8m2.032s
user	0m15.068s
sys	0m3.590s
