'getOption("repos")' replaces Bioconductor standard repositories, see
'help("repositories", package = "BiocManager")' for details.
Replacement repositories:
    CRAN: https://p3m.dev/cran/__linux__/noble/latest
Bioconductor version 3.20 (BiocManager 1.30.25), R 4.4.2 (2024-10-31)
Installing package(s) 'MLP'
also installing the dependencies ‘org.Rn.eg.db’, ‘org.Cf.eg.db’, ‘org.Mmu.eg.db’, ‘mouse4302.db’

trying URL 'https://bioconductor.org/packages/3.20/data/annotation/src/contrib/org.Rn.eg.db_3.20.0.tar.gz'
Content type 'application/x-gzip' length 59117044 bytes (56.4 MB)
==================================================
downloaded 56.4 MB

trying URL 'https://bioconductor.org/packages/3.20/data/annotation/src/contrib/org.Cf.eg.db_3.20.0.tar.gz'
Content type 'application/x-gzip' length 27275067 bytes (26.0 MB)
==================================================
downloaded 26.0 MB

trying URL 'https://bioconductor.org/packages/3.20/data/annotation/src/contrib/org.Mmu.eg.db_3.20.0.tar.gz'
Content type 'application/x-gzip' length 19929293 bytes (19.0 MB)
==================================================
downloaded 19.0 MB

trying URL 'https://bioconductor.org/packages/3.20/data/annotation/src/contrib/mouse4302.db_3.13.0.tar.gz'
Content type 'application/x-gzip' length 1808369 bytes (1.7 MB)
==================================================
downloaded 1.7 MB

trying URL 'https://bioconductor.org/packages/3.20/bioc/src/contrib/MLP_1.54.0.tar.gz'
Content type 'application/x-gzip' length 4494097 bytes (4.3 MB)
==================================================
downloaded 4.3 MB

* installing *source* package ‘org.Rn.eg.db’ ...
** using staged installation
** R
** inst
** byte-compile and prepare package for lazy loading
** help
*** installing help indices
** building package indices
** testing if installed package can be loaded from temporary location
** testing if installed package can be loaded from final location
** testing if installed package keeps a record of temporary installation path
* creating tarball
packaged installation of ‘org.Rn.eg.db’ as ‘org.Rn.eg.db_3.20.0_R_x86_64-pc-linux-gnu.tar.gz’
* DONE (org.Rn.eg.db)
* installing *source* package ‘org.Cf.eg.db’ ...
** using staged installation
** R
** inst
** byte-compile and prepare package for lazy loading
** help
*** installing help indices
** building package indices
** testing if installed package can be loaded from temporary location
** testing if installed package can be loaded from final location
** testing if installed package keeps a record of temporary installation path
* creating tarball
packaged installation of ‘org.Cf.eg.db’ as ‘org.Cf.eg.db_3.20.0_R_x86_64-pc-linux-gnu.tar.gz’
* DONE (org.Cf.eg.db)
* installing *source* package ‘org.Mmu.eg.db’ ...
** using staged installation
** R
** inst
** byte-compile and prepare package for lazy loading
** help
*** installing help indices
** building package indices
** testing if installed package can be loaded from temporary location
** testing if installed package can be loaded from final location
** testing if installed package keeps a record of temporary installation path
* creating tarball
packaged installation of ‘org.Mmu.eg.db’ as ‘org.Mmu.eg.db_3.20.0_R_x86_64-pc-linux-gnu.tar.gz’
* DONE (org.Mmu.eg.db)
* installing *source* package ‘mouse4302.db’ ...
** using staged installation
** R
** inst
** byte-compile and prepare package for lazy loading
** help
*** installing help indices
** building package indices
** testing if installed package can be loaded from temporary location
** testing if installed package can be loaded from final location
** testing if installed package keeps a record of temporary installation path
* creating tarball
packaged installation of ‘mouse4302.db’ as ‘mouse4302.db_3.13.0_R_x86_64-pc-linux-gnu.tar.gz’
* DONE (mouse4302.db)
* installing *source* package ‘MLP’ ...
** package ‘MLP’ successfully unpacked and MD5 sums checked
** using staged installation
** R
** inst
** byte-compile and prepare package for lazy loading
** help
*** installing help indices
** building package indices
** installing vignettes
** testing if installed package can be loaded from temporary location
** testing if installed package can be loaded from final location
** testing if installed package keeps a record of temporary installation path
* creating tarball
packaged installation of ‘MLP’ as ‘MLP_1.54.0_R_x86_64-pc-linux-gnu.tar.gz’
* DONE (MLP)

The downloaded source packages are in
	‘/tmp/Rtmp5KF2Cc/downloaded_packages’
Old packages: 'bslib', 'cli', 'curl', 'evaluate', 'httr2', 'jsonlite',
  'openssl', 'pillar', 'pkgbuild', 'processx', 'ps', 'purrr', 'R6', 'Rcpp',
  'rlang', 'sessioninfo', 'systemfonts', 'testthat', 'textshaping', 'tinytex',
  'xfun', 'zip', 'class', 'foreign', 'KernSmooth', 'MASS', 'Matrix', 'nlme',
  'nnet', 'rpart', 'spatial'

real	56m14.688s
user	5m1.385s
sys	0m15.283s
