'getOption("repos")' replaces Bioconductor standard repositories, see
'help("repositories", package = "BiocManager")' for details.
Replacement repositories:
    CRAN: https://p3m.dev/cran/__linux__/noble/latest
Bioconductor version 3.20 (BiocManager 1.30.25), R 4.4.2 (2024-10-31)
Installing package(s) 'zellkonverter'
also installing the dependency ‘anndata’

trying URL 'https://p3m.dev/cran/__linux__/noble/latest/src/contrib/anndata_0.7.5.6.tar.gz'
Content type 'binary/octet-stream' length 223646 bytes (218 KB)
==================================================
downloaded 218 KB

trying URL 'https://bioconductor.org/packages/3.20/bioc/src/contrib/zellkonverter_1.16.0.tar.gz'
Content type 'application/x-gzip' length 1183512 bytes (1.1 MB)
==================================================
downloaded 1.1 MB

* installing *binary* package ‘anndata’ ...
* ‘anndata’ was already a binary package and will not be rebuilt
* creating tarball
packaged installation of ‘anndata’ as ‘anndata_0.7.5.6_R_x86_64-pc-linux-gnu.tar.gz’
* DONE (anndata)
* installing *source* package ‘zellkonverter’ ...
** package ‘zellkonverter’ successfully unpacked and MD5 sums checked
** using non-staged installation via StagedInstall field
** R
** inst
** byte-compile and prepare package for lazy loading
** help
*** installing help indices
*** copying figures
** building package indices
** installing vignettes
** testing if installed package can be loaded
* creating tarball
packaged installation of ‘zellkonverter’ as ‘zellkonverter_1.16.0_R_x86_64-pc-linux-gnu.tar.gz’
* DONE (zellkonverter)

The downloaded source packages are in
	‘/tmp/Rtmp10XM1l/downloaded_packages’
Old packages: 'bslib', 'cli', 'curl', 'evaluate', 'httr2', 'jsonlite',
  'openssl', 'pillar', 'pkgbuild', 'processx', 'ps', 'purrr', 'R6', 'Rcpp',
  'rlang', 'sessioninfo', 'systemfonts', 'testthat', 'textshaping', 'tinytex',
  'xfun', 'zip', 'class', 'foreign', 'KernSmooth', 'MASS', 'Matrix', 'nlme',
  'nnet', 'rpart', 'spatial'

real	10m51.530s
user	0m26.789s
sys	0m6.394s
