'getOption("repos")' replaces Bioconductor standard repositories, see
'help("repositories", package = "BiocManager")' for details.
Replacement repositories:
    CRAN: https://p3m.dev/cran/__linux__/noble/latest
Bioconductor version 3.20 (BiocManager 1.30.25), R 4.4.2 (2024-10-31)
Installing package(s) 'MiRaGE'
also installing the dependencies ‘beadarray’, ‘BSgenome.Mmusculus.UCSC.mm10’, ‘miRNATarget’, ‘humanStemCell’, ‘beadarrayExampleData’

trying URL 'https://bioconductor.org/packages/3.20/bioc/src/contrib/beadarray_2.56.0.tar.gz'
Content type 'application/x-gzip' length 3965883 bytes (3.8 MB)
==================================================
downloaded 3.8 MB

trying URL 'https://bioconductor.org/packages/3.20/data/annotation/src/contrib/BSgenome.Mmusculus.UCSC.mm10_1.4.3.tar.gz'
Content type 'application/x-gzip' length 649827309 bytes (619.7 MB)
==================================================
downloaded 619.7 MB

trying URL 'https://bioconductor.org/packages/3.20/data/experiment/src/contrib/miRNATarget_1.44.0.tar.gz'
Content type 'application/x-gzip' length 54379746 bytes (51.9 MB)
==================================================
downloaded 51.9 MB

trying URL 'https://bioconductor.org/packages/3.20/data/experiment/src/contrib/humanStemCell_0.46.0.tar.gz'
Content type 'application/x-gzip' length 32127012 bytes (30.6 MB)
==================================================
downloaded 30.6 MB

trying URL 'https://bioconductor.org/packages/3.20/data/experiment/src/contrib/beadarrayExampleData_1.44.0.tar.gz'
Content type 'application/x-gzip' length 31419296 bytes (30.0 MB)
==================================================
downloaded 30.0 MB

trying URL 'https://bioconductor.org/packages/3.20/bioc/src/contrib/MiRaGE_1.48.0.tar.gz'
Content type 'application/x-gzip' length 1377629 bytes (1.3 MB)
==================================================
downloaded 1.3 MB

* installing *source* package ‘beadarray’ ...
** package ‘beadarray’ successfully unpacked and MD5 sums checked
** using staged installation
** libs
using C compiler: ‘gcc (Ubuntu 13.3.0-6ubuntu2~24.04) 13.3.0’
gcc -I"/usr/local/lib/R/include" -DNDEBUG   -I/usr/local/include    -fpic  -g -O2 -fstack-protector-strong -Wformat -Wformat-security -Wdate-time -D_FORTIFY_SOURCE=2 -g  -c BASH.c -o BASH.o
gcc -I"/usr/local/lib/R/include" -DNDEBUG   -I/usr/local/include    -fpic  -g -O2 -fstack-protector-strong -Wformat -Wformat-security -Wdate-time -D_FORTIFY_SOURCE=2 -g  -c HULK.c -o HULK.o
gcc -I"/usr/local/lib/R/include" -DNDEBUG   -I/usr/local/include    -fpic  -g -O2 -fstack-protector-strong -Wformat -Wformat-security -Wdate-time -D_FORTIFY_SOURCE=2 -g  -c determiningGridPositions.c -o determiningGridPositions.o
gcc -I"/usr/local/lib/R/include" -DNDEBUG   -I/usr/local/include    -fpic  -g -O2 -fstack-protector-strong -Wformat -Wformat-security -Wdate-time -D_FORTIFY_SOURCE=2 -g  -c findAllOutliers.c -o findAllOutliers.o
gcc -I"/usr/local/lib/R/include" -DNDEBUG   -I/usr/local/include    -fpic  -g -O2 -fstack-protector-strong -Wformat -Wformat-security -Wdate-time -D_FORTIFY_SOURCE=2 -g  -c imageProcessing.c -o imageProcessing.o
gcc -shared -L/usr/local/lib/R/lib -L/usr/local/lib -o beadarray.so BASH.o HULK.o determiningGridPositions.o findAllOutliers.o imageProcessing.o -L/usr/local/lib/R/lib -lR
installing to /mnt/library/00LOCK-beadarray/00new/beadarray/libs
** R
** data
*** moving datasets to lazyload DB
** inst
** byte-compile and prepare package for lazy loading
** help
*** installing help indices
** building package indices
** installing vignettes
** testing if installed package can be loaded from temporary location
** checking absolute paths in shared objects and dynamic libraries
** testing if installed package can be loaded from final location
** testing if installed package keeps a record of temporary installation path
* creating tarball
packaged installation of ‘beadarray’ as ‘beadarray_2.56.0_R_x86_64-pc-linux-gnu.tar.gz’
* DONE (beadarray)
* installing *source* package ‘BSgenome.Mmusculus.UCSC.mm10’ ...
** using staged installation
** R
** inst
** byte-compile and prepare package for lazy loading
** help
*** installing help indices
** building package indices
** testing if installed package can be loaded from temporary location
** testing if installed package can be loaded from final location
** testing if installed package keeps a record of temporary installation path
* creating tarball
packaged installation of ‘BSgenome.Mmusculus.UCSC.mm10’ as ‘BSgenome.Mmusculus.UCSC.mm10_1.4.3_R_x86_64-pc-linux-gnu.tar.gz’
* DONE (BSgenome.Mmusculus.UCSC.mm10)
* installing *source* package ‘miRNATarget’ ...
** using staged installation
** data
** inst
** help
*** installing help indices
** building package indices
** installing vignettes
** testing if installed package can be loaded from temporary location
** testing if installed package can be loaded from final location
** testing if installed package keeps a record of temporary installation path
* creating tarball
packaged installation of ‘miRNATarget’ as ‘miRNATarget_1.44.0_R_x86_64-pc-linux-gnu.tar.gz’
* DONE (miRNATarget)
* installing *source* package ‘humanStemCell’ ...
** using staged installation
** data
** inst
** help
*** installing help indices
** building package indices
** testing if installed package can be loaded from temporary location
** testing if installed package can be loaded from final location
** testing if installed package keeps a record of temporary installation path
* creating tarball
packaged installation of ‘humanStemCell’ as ‘humanStemCell_0.46.0_R_x86_64-pc-linux-gnu.tar.gz’
* DONE (humanStemCell)
* installing *source* package ‘MiRaGE’ ...
** package ‘MiRaGE’ successfully unpacked and MD5 sums checked
** using staged installation
** R
** data
** inst
** byte-compile and prepare package for lazy loading
** help
*** installing help indices
** building package indices
** installing vignettes
** testing if installed package can be loaded from temporary location
** testing if installed package can be loaded from final location
** testing if installed package keeps a record of temporary installation path
* creating tarball
packaged installation of ‘MiRaGE’ as ‘MiRaGE_1.48.0_R_x86_64-pc-linux-gnu.tar.gz’
* DONE (MiRaGE)
* installing *source* package ‘beadarrayExampleData’ ...
** using staged installation
** data
** inst
** help
*** installing help indices
** building package indices
** installing vignettes
** testing if installed package can be loaded from temporary location
** testing if installed package can be loaded from final location
** testing if installed package keeps a record of temporary installation path
* creating tarball
packaged installation of ‘beadarrayExampleData’ as ‘beadarrayExampleData_1.44.0_R_x86_64-pc-linux-gnu.tar.gz’
* DONE (beadarrayExampleData)

The downloaded source packages are in
	‘/tmp/RtmpR4vqHn/downloaded_packages’
Old packages: 'bslib', 'cli', 'curl', 'evaluate', 'httr2', 'jsonlite',
  'openssl', 'pillar', 'pkgbuild', 'processx', 'ps', 'purrr', 'R6', 'Rcpp',
  'rlang', 'sessioninfo', 'systemfonts', 'testthat', 'textshaping', 'tinytex',
  'xfun', 'zip', 'class', 'foreign', 'KernSmooth', 'MASS', 'Matrix', 'nlme',
  'nnet', 'rpart', 'spatial'

real	58m34.146s
user	3m8.885s
sys	0m20.578s
