'getOption("repos")' replaces Bioconductor standard repositories, see
'help("repositories", package = "BiocManager")' for details.
Replacement repositories:
    CRAN: https://p3m.dev/cran/__linux__/noble/latest
Bioconductor version 3.20 (BiocManager 1.30.25), R 4.4.2 (2024-10-31)
Installing package(s) 'HiCool'
trying URL 'https://bioconductor.org/packages/3.20/bioc/src/contrib/HiCool_1.6.0.tar.gz'
Content type 'application/x-gzip' length 719670 bytes (702 KB)
==================================================
downloaded 702 KB

* installing *source* package ‘HiCool’ ...
** package ‘HiCool’ successfully unpacked and MD5 sums checked
** using non-staged installation via StagedInstall field
** R
** inst
** byte-compile and prepare package for lazy loading
** help
*** installing help indices
*** copying figures
** building package indices
** installing vignettes
** testing if installed package can be loaded
* creating tarball
packaged installation of ‘HiCool’ as ‘HiCool_1.6.0_R_x86_64-pc-linux-gnu.tar.gz’
* DONE (HiCool)

The downloaded source packages are in
	‘/tmp/Rtmph5TFdJ/downloaded_packages’
Old packages: 'bslib', 'cli', 'curl', 'evaluate', 'httr2', 'jsonlite',
  'openssl', 'pillar', 'pkgbuild', 'processx', 'ps', 'purrr', 'R6', 'Rcpp',
  'rlang', 'sessioninfo', 'systemfonts', 'testthat', 'textshaping', 'tinytex',
  'xfun', 'zip', 'class', 'foreign', 'KernSmooth', 'MASS', 'Matrix', 'nlme',
  'nnet', 'rpart', 'spatial'

real	1m3.232s
user	0m27.951s
sys	0m5.624s
