'getOption("repos")' replaces Bioconductor standard repositories, see
'help("repositories", package = "BiocManager")' for details.
Replacement repositories:
    CRAN: https://p3m.dev/cran/__linux__/noble/latest
Bioconductor version 3.20 (BiocManager 1.30.25), R 4.4.2 (2024-10-31)
Installing package(s) 'DECIPHER'
trying URL 'https://bioconductor.org/packages/3.20/bioc/src/contrib/DECIPHER_3.2.0.tar.gz'
Content type 'application/x-gzip' length 17612526 bytes (16.8 MB)
==================================================
downloaded 16.8 MB

* installing *source* package ‘DECIPHER’ ...
** package ‘DECIPHER’ successfully unpacked and MD5 sums checked
** using staged installation
** libs
using C compiler: ‘gcc (Ubuntu 13.3.0-6ubuntu2~24.04) 13.3.0’
gcc -I"/usr/local/lib/R/include" -DNDEBUG  -I'/mnt/library/Biostrings/include' -I'/mnt/library/S4Vectors/include' -I'/mnt/library/IRanges/include' -I'/mnt/library/XVector/include' -I/usr/local/include   -fopenmp -fpic  -g -O2 -fstack-protector-strong -Wformat -Wformat-security -Wdate-time -D_FORTIFY_SOURCE=2 -g  -c AlignProfiles.c -o AlignProfiles.o
gcc -I"/usr/local/lib/R/include" -DNDEBUG  -I'/mnt/library/Biostrings/include' -I'/mnt/library/S4Vectors/include' -I'/mnt/library/IRanges/include' -I'/mnt/library/XVector/include' -I/usr/local/include   -fopenmp -fpic  -g -O2 -fstack-protector-strong -Wformat -Wformat-security -Wdate-time -D_FORTIFY_SOURCE=2 -g  -c AssignIndels.c -o AssignIndels.o
gcc -I"/usr/local/lib/R/include" -DNDEBUG  -I'/mnt/library/Biostrings/include' -I'/mnt/library/S4Vectors/include' -I'/mnt/library/IRanges/include' -I'/mnt/library/XVector/include' -I/usr/local/include   -fopenmp -fpic  -g -O2 -fstack-protector-strong -Wformat -Wformat-security -Wdate-time -D_FORTIFY_SOURCE=2 -g  -c Biostrings_stubs.c -o Biostrings_stubs.o
gcc -I"/usr/local/lib/R/include" -DNDEBUG  -I'/mnt/library/Biostrings/include' -I'/mnt/library/S4Vectors/include' -I'/mnt/library/IRanges/include' -I'/mnt/library/XVector/include' -I/usr/local/include   -fopenmp -fpic  -g -O2 -fstack-protector-strong -Wformat -Wformat-security -Wdate-time -D_FORTIFY_SOURCE=2 -g  -c CalculateDeltaG.c -o CalculateDeltaG.o
gcc -I"/usr/local/lib/R/include" -DNDEBUG  -I'/mnt/library/Biostrings/include' -I'/mnt/library/S4Vectors/include' -I'/mnt/library/IRanges/include' -I'/mnt/library/XVector/include' -I/usr/local/include   -fopenmp -fpic  -g -O2 -fstack-protector-strong -Wformat -Wformat-security -Wdate-time -D_FORTIFY_SOURCE=2 -g  -c CalculateFISH.c -o CalculateFISH.o
gcc -I"/usr/local/lib/R/include" -DNDEBUG  -I'/mnt/library/Biostrings/include' -I'/mnt/library/S4Vectors/include' -I'/mnt/library/IRanges/include' -I'/mnt/library/XVector/include' -I/usr/local/include   -fopenmp -fpic  -g -O2 -fstack-protector-strong -Wformat -Wformat-security -Wdate-time -D_FORTIFY_SOURCE=2 -g  -c ChainSegments.c -o ChainSegments.o
gcc -I"/usr/local/lib/R/include" -DNDEBUG  -I'/mnt/library/Biostrings/include' -I'/mnt/library/S4Vectors/include' -I'/mnt/library/IRanges/include' -I'/mnt/library/XVector/include' -I/usr/local/include   -fopenmp -fpic  -g -O2 -fstack-protector-strong -Wformat -Wformat-security -Wdate-time -D_FORTIFY_SOURCE=2 -g  -c Cluster.c -o Cluster.o
gcc -I"/usr/local/lib/R/include" -DNDEBUG  -I'/mnt/library/Biostrings/include' -I'/mnt/library/S4Vectors/include' -I'/mnt/library/IRanges/include' -I'/mnt/library/XVector/include' -I/usr/local/include   -fopenmp -fpic  -g -O2 -fstack-protector-strong -Wformat -Wformat-security -Wdate-time -D_FORTIFY_SOURCE=2 -g  -c ClusterME.c -o ClusterME.o
gcc -I"/usr/local/lib/R/include" -DNDEBUG  -I'/mnt/library/Biostrings/include' -I'/mnt/library/S4Vectors/include' -I'/mnt/library/IRanges/include' -I'/mnt/library/XVector/include' -I/usr/local/include   -fopenmp -fpic  -g -O2 -fstack-protector-strong -Wformat -Wformat-security -Wdate-time -D_FORTIFY_SOURCE=2 -g  -c ClusterML.c -o ClusterML.o
gcc -I"/usr/local/lib/R/include" -DNDEBUG  -I'/mnt/library/Biostrings/include' -I'/mnt/library/S4Vectors/include' -I'/mnt/library/IRanges/include' -I'/mnt/library/XVector/include' -I/usr/local/include   -fopenmp -fpic  -g -O2 -fstack-protector-strong -Wformat -Wformat-security -Wdate-time -D_FORTIFY_SOURCE=2 -g  -c ClusterMP.c -o ClusterMP.o
gcc -I"/usr/local/lib/R/include" -DNDEBUG  -I'/mnt/library/Biostrings/include' -I'/mnt/library/S4Vectors/include' -I'/mnt/library/IRanges/include' -I'/mnt/library/XVector/include' -I/usr/local/include   -fopenmp -fpic  -g -O2 -fstack-protector-strong -Wformat -Wformat-security -Wdate-time -D_FORTIFY_SOURCE=2 -g  -c Compositions.c -o Compositions.o
gcc -I"/usr/local/lib/R/include" -DNDEBUG  -I'/mnt/library/Biostrings/include' -I'/mnt/library/S4Vectors/include' -I'/mnt/library/IRanges/include' -I'/mnt/library/XVector/include' -I/usr/local/include   -fopenmp -fpic  -g -O2 -fstack-protector-strong -Wformat -Wformat-security -Wdate-time -D_FORTIFY_SOURCE=2 -g  -c Compression.c -o Compression.o
gcc -I"/usr/local/lib/R/include" -DNDEBUG  -I'/mnt/library/Biostrings/include' -I'/mnt/library/S4Vectors/include' -I'/mnt/library/IRanges/include' -I'/mnt/library/XVector/include' -I/usr/local/include   -fopenmp -fpic  -g -O2 -fstack-protector-strong -Wformat -Wformat-security -Wdate-time -D_FORTIFY_SOURCE=2 -g  -c ConsensusSequence.c -o ConsensusSequence.o
gcc -I"/usr/local/lib/R/include" -DNDEBUG  -I'/mnt/library/Biostrings/include' -I'/mnt/library/S4Vectors/include' -I'/mnt/library/IRanges/include' -I'/mnt/library/XVector/include' -I/usr/local/include   -fopenmp -fpic  -g -O2 -fstack-protector-strong -Wformat -Wformat-security -Wdate-time -D_FORTIFY_SOURCE=2 -g  -c DesignProbes.c -o DesignProbes.o
gcc -I"/usr/local/lib/R/include" -DNDEBUG  -I'/mnt/library/Biostrings/include' -I'/mnt/library/S4Vectors/include' -I'/mnt/library/IRanges/include' -I'/mnt/library/XVector/include' -I/usr/local/include   -fopenmp -fpic  -g -O2 -fstack-protector-strong -Wformat -Wformat-security -Wdate-time -D_FORTIFY_SOURCE=2 -g  -c Diff.c -o Diff.o
gcc -I"/usr/local/lib/R/include" -DNDEBUG  -I'/mnt/library/Biostrings/include' -I'/mnt/library/S4Vectors/include' -I'/mnt/library/IRanges/include' -I'/mnt/library/XVector/include' -I/usr/local/include   -fopenmp -fpic  -g -O2 -fstack-protector-strong -Wformat -Wformat-security -Wdate-time -D_FORTIFY_SOURCE=2 -g  -c DistanceMatrix.c -o DistanceMatrix.o
gcc -I"/usr/local/lib/R/include" -DNDEBUG  -I'/mnt/library/Biostrings/include' -I'/mnt/library/S4Vectors/include' -I'/mnt/library/IRanges/include' -I'/mnt/library/XVector/include' -I/usr/local/include   -fopenmp -fpic  -g -O2 -fstack-protector-strong -Wformat -Wformat-security -Wdate-time -D_FORTIFY_SOURCE=2 -g  -c EnumerateSequence.c -o EnumerateSequence.o
gcc -I"/usr/local/lib/R/include" -DNDEBUG  -I'/mnt/library/Biostrings/include' -I'/mnt/library/S4Vectors/include' -I'/mnt/library/IRanges/include' -I'/mnt/library/XVector/include' -I/usr/local/include   -fopenmp -fpic  -g -O2 -fstack-protector-strong -Wformat -Wformat-security -Wdate-time -D_FORTIFY_SOURCE=2 -g  -c ExpandAmbiguities.c -o ExpandAmbiguities.o
gcc -I"/usr/local/lib/R/include" -DNDEBUG  -I'/mnt/library/Biostrings/include' -I'/mnt/library/S4Vectors/include' -I'/mnt/library/IRanges/include' -I'/mnt/library/XVector/include' -I/usr/local/include   -fopenmp -fpic  -g -O2 -fstack-protector-strong -Wformat -Wformat-security -Wdate-time -D_FORTIFY_SOURCE=2 -g  -c FindFrameshifts.c -o FindFrameshifts.o
gcc -I"/usr/local/lib/R/include" -DNDEBUG  -I'/mnt/library/Biostrings/include' -I'/mnt/library/S4Vectors/include' -I'/mnt/library/IRanges/include' -I'/mnt/library/XVector/include' -I/usr/local/include   -fopenmp -fpic  -g -O2 -fstack-protector-strong -Wformat -Wformat-security -Wdate-time -D_FORTIFY_SOURCE=2 -g  -c GeneFinding.c -o GeneFinding.o
gcc -I"/usr/local/lib/R/include" -DNDEBUG  -I'/mnt/library/Biostrings/include' -I'/mnt/library/S4Vectors/include' -I'/mnt/library/IRanges/include' -I'/mnt/library/XVector/include' -I/usr/local/include   -fopenmp -fpic  -g -O2 -fstack-protector-strong -Wformat -Wformat-security -Wdate-time -D_FORTIFY_SOURCE=2 -g  -c GetPools.c -o GetPools.o
gcc -I"/usr/local/lib/R/include" -DNDEBUG  -I'/mnt/library/Biostrings/include' -I'/mnt/library/S4Vectors/include' -I'/mnt/library/IRanges/include' -I'/mnt/library/XVector/include' -I/usr/local/include   -fopenmp -fpic  -g -O2 -fstack-protector-strong -Wformat -Wformat-security -Wdate-time -D_FORTIFY_SOURCE=2 -g  -c Import.c -o Import.o
gcc -I"/usr/local/lib/R/include" -DNDEBUG  -I'/mnt/library/Biostrings/include' -I'/mnt/library/S4Vectors/include' -I'/mnt/library/IRanges/include' -I'/mnt/library/XVector/include' -I/usr/local/include   -fopenmp -fpic  -g -O2 -fstack-protector-strong -Wformat -Wformat-security -Wdate-time -D_FORTIFY_SOURCE=2 -g  -c InformationContent.c -o InformationContent.o
gcc -I"/usr/local/lib/R/include" -DNDEBUG  -I'/mnt/library/Biostrings/include' -I'/mnt/library/S4Vectors/include' -I'/mnt/library/IRanges/include' -I'/mnt/library/XVector/include' -I/usr/local/include   -fopenmp -fpic  -g -O2 -fstack-protector-strong -Wformat -Wformat-security -Wdate-time -D_FORTIFY_SOURCE=2 -g  -c IntDist.c -o IntDist.o
gcc -I"/usr/local/lib/R/include" -DNDEBUG  -I'/mnt/library/Biostrings/include' -I'/mnt/library/S4Vectors/include' -I'/mnt/library/IRanges/include' -I'/mnt/library/XVector/include' -I/usr/local/include   -fopenmp -fpic  -g -O2 -fstack-protector-strong -Wformat -Wformat-security -Wdate-time -D_FORTIFY_SOURCE=2 -g  -c ManipulateXStringSet.c -o ManipulateXStringSet.o
gcc -I"/usr/local/lib/R/include" -DNDEBUG  -I'/mnt/library/Biostrings/include' -I'/mnt/library/S4Vectors/include' -I'/mnt/library/IRanges/include' -I'/mnt/library/XVector/include' -I/usr/local/include   -fopenmp -fpic  -g -O2 -fstack-protector-strong -Wformat -Wformat-security -Wdate-time -D_FORTIFY_SOURCE=2 -g  -c MeltPolymer.c -o MeltPolymer.o
gcc -I"/usr/local/lib/R/include" -DNDEBUG  -I'/mnt/library/Biostrings/include' -I'/mnt/library/S4Vectors/include' -I'/mnt/library/IRanges/include' -I'/mnt/library/XVector/include' -I/usr/local/include   -fopenmp -fpic  -g -O2 -fstack-protector-strong -Wformat -Wformat-security -Wdate-time -D_FORTIFY_SOURCE=2 -g  -c MovingAverage.c -o MovingAverage.o
gcc -I"/usr/local/lib/R/include" -DNDEBUG  -I'/mnt/library/Biostrings/include' -I'/mnt/library/S4Vectors/include' -I'/mnt/library/IRanges/include' -I'/mnt/library/XVector/include' -I/usr/local/include   -fopenmp -fpic  -g -O2 -fstack-protector-strong -Wformat -Wformat-security -Wdate-time -D_FORTIFY_SOURCE=2 -g  -c NNLS.c -o NNLS.o
gcc -I"/usr/local/lib/R/include" -DNDEBUG  -I'/mnt/library/Biostrings/include' -I'/mnt/library/S4Vectors/include' -I'/mnt/library/IRanges/include' -I'/mnt/library/XVector/include' -I/usr/local/include   -fopenmp -fpic  -g -O2 -fstack-protector-strong -Wformat -Wformat-security -Wdate-time -D_FORTIFY_SOURCE=2 -g  -c Order.c -o Order.o
gcc -I"/usr/local/lib/R/include" -DNDEBUG  -I'/mnt/library/Biostrings/include' -I'/mnt/library/S4Vectors/include' -I'/mnt/library/IRanges/include' -I'/mnt/library/XVector/include' -I/usr/local/include   -fopenmp -fpic  -g -O2 -fstack-protector-strong -Wformat -Wformat-security -Wdate-time -D_FORTIFY_SOURCE=2 -g  -c PairwiseAlignment.c -o PairwiseAlignment.o
gcc -I"/usr/local/lib/R/include" -DNDEBUG  -I'/mnt/library/Biostrings/include' -I'/mnt/library/S4Vectors/include' -I'/mnt/library/IRanges/include' -I'/mnt/library/XVector/include' -I/usr/local/include   -fopenmp -fpic  -g -O2 -fstack-protector-strong -Wformat -Wformat-security -Wdate-time -D_FORTIFY_SOURCE=2 -g  -c PredictDBN.c -o PredictDBN.o
gcc -I"/usr/local/lib/R/include" -DNDEBUG  -I'/mnt/library/Biostrings/include' -I'/mnt/library/S4Vectors/include' -I'/mnt/library/IRanges/include' -I'/mnt/library/XVector/include' -I/usr/local/include   -fopenmp -fpic  -g -O2 -fstack-protector-strong -Wformat -Wformat-security -Wdate-time -D_FORTIFY_SOURCE=2 -g  -c PredictHEC.c -o PredictHEC.o
gcc -I"/usr/local/lib/R/include" -DNDEBUG  -I'/mnt/library/Biostrings/include' -I'/mnt/library/S4Vectors/include' -I'/mnt/library/IRanges/include' -I'/mnt/library/XVector/include' -I/usr/local/include   -fopenmp -fpic  -g -O2 -fstack-protector-strong -Wformat -Wformat-security -Wdate-time -D_FORTIFY_SOURCE=2 -g  -c R_init_decipher.c -o R_init_decipher.o
gcc -I"/usr/local/lib/R/include" -DNDEBUG  -I'/mnt/library/Biostrings/include' -I'/mnt/library/S4Vectors/include' -I'/mnt/library/IRanges/include' -I'/mnt/library/XVector/include' -I/usr/local/include   -fopenmp -fpic  -g -O2 -fstack-protector-strong -Wformat -Wformat-security -Wdate-time -D_FORTIFY_SOURCE=2 -g  -c S4Vectors_stubs.c -o S4Vectors_stubs.o
gcc -I"/usr/local/lib/R/include" -DNDEBUG  -I'/mnt/library/Biostrings/include' -I'/mnt/library/S4Vectors/include' -I'/mnt/library/IRanges/include' -I'/mnt/library/XVector/include' -I/usr/local/include   -fopenmp -fpic  -g -O2 -fstack-protector-strong -Wformat -Wformat-security -Wdate-time -D_FORTIFY_SOURCE=2 -g  -c Search.c -o Search.o
gcc -I"/usr/local/lib/R/include" -DNDEBUG  -I'/mnt/library/Biostrings/include' -I'/mnt/library/S4Vectors/include' -I'/mnt/library/IRanges/include' -I'/mnt/library/XVector/include' -I/usr/local/include   -fopenmp -fpic  -g -O2 -fstack-protector-strong -Wformat -Wformat-security -Wdate-time -D_FORTIFY_SOURCE=2 -g  -c TerminalMismatch.c -o TerminalMismatch.o
gcc -I"/usr/local/lib/R/include" -DNDEBUG  -I'/mnt/library/Biostrings/include' -I'/mnt/library/S4Vectors/include' -I'/mnt/library/IRanges/include' -I'/mnt/library/XVector/include' -I/usr/local/include   -fopenmp -fpic  -g -O2 -fstack-protector-strong -Wformat -Wformat-security -Wdate-time -D_FORTIFY_SOURCE=2 -g  -c Translate.c -o Translate.o
gcc -I"/usr/local/lib/R/include" -DNDEBUG  -I'/mnt/library/Biostrings/include' -I'/mnt/library/S4Vectors/include' -I'/mnt/library/IRanges/include' -I'/mnt/library/XVector/include' -I/usr/local/include   -fopenmp -fpic  -g -O2 -fstack-protector-strong -Wformat -Wformat-security -Wdate-time -D_FORTIFY_SOURCE=2 -g  -c Utils.c -o Utils.o
gcc -I"/usr/local/lib/R/include" -DNDEBUG  -I'/mnt/library/Biostrings/include' -I'/mnt/library/S4Vectors/include' -I'/mnt/library/IRanges/include' -I'/mnt/library/XVector/include' -I/usr/local/include   -fopenmp -fpic  -g -O2 -fstack-protector-strong -Wformat -Wformat-security -Wdate-time -D_FORTIFY_SOURCE=2 -g  -c VectorSums.c -o VectorSums.o
gcc -I"/usr/local/lib/R/include" -DNDEBUG  -I'/mnt/library/Biostrings/include' -I'/mnt/library/S4Vectors/include' -I'/mnt/library/IRanges/include' -I'/mnt/library/XVector/include' -I/usr/local/include   -fopenmp -fpic  -g -O2 -fstack-protector-strong -Wformat -Wformat-security -Wdate-time -D_FORTIFY_SOURCE=2 -g  -c XVector_stubs.c -o XVector_stubs.o
gcc -shared -L/usr/local/lib/R/lib -L/usr/local/lib -o DECIPHER.so AlignProfiles.o AssignIndels.o Biostrings_stubs.o CalculateDeltaG.o CalculateFISH.o ChainSegments.o Cluster.o ClusterME.o ClusterML.o ClusterMP.o Compositions.o Compression.o ConsensusSequence.o DesignProbes.o Diff.o DistanceMatrix.o EnumerateSequence.o ExpandAmbiguities.o FindFrameshifts.o GeneFinding.o GetPools.o Import.o InformationContent.o IntDist.o ManipulateXStringSet.o MeltPolymer.o MovingAverage.o NNLS.o Order.o PairwiseAlignment.o PredictDBN.o PredictHEC.o R_init_decipher.o S4Vectors_stubs.o Search.o TerminalMismatch.o Translate.o Utils.o VectorSums.o XVector_stubs.o -fopenmp -L/usr/local/lib/R/lib -lR
installing to /mnt/library/00LOCK-DECIPHER/00new/DECIPHER/libs
** R
** data
** inst
** byte-compile and prepare package for lazy loading
** help
*** installing help indices
** building package indices
** installing vignettes
** testing if installed package can be loaded from temporary location
** checking absolute paths in shared objects and dynamic libraries
** testing if installed package can be loaded from final location
** testing if installed package keeps a record of temporary installation path
* creating tarball
packaged installation of ‘DECIPHER’ as ‘DECIPHER_3.2.0_R_x86_64-pc-linux-gnu.tar.gz’
* DONE (DECIPHER)

The downloaded source packages are in
	‘/tmp/RtmpJohHhz/downloaded_packages’
Old packages: 'bslib', 'cli', 'curl', 'evaluate', 'httr2', 'jsonlite',
  'openssl', 'pillar', 'pkgbuild', 'processx', 'ps', 'purrr', 'R6', 'Rcpp',
  'rlang', 'sessioninfo', 'systemfonts', 'testthat', 'textshaping', 'tinytex',
  'xfun', 'zip', 'class', 'foreign', 'KernSmooth', 'MASS', 'Matrix', 'nlme',
  'nnet', 'rpart', 'spatial'

real	2m0.053s
user	0m50.269s
sys	0m6.277s
