'getOption("repos")' replaces Bioconductor standard repositories, see
'help("repositories", package = "BiocManager")' for details.
Replacement repositories:
    CRAN: https://p3m.dev/cran/__linux__/noble/latest
Bioconductor version 3.20 (BiocManager 1.30.25), R 4.4.2 (2024-10-31)
Installing package(s) 'OMICsPCA'
also installing the dependencies ‘OMICsPCAdata’, ‘pdftools’

trying URL 'https://bioconductor.org/packages/3.20/data/experiment/src/contrib/OMICsPCAdata_1.24.0.tar.gz'
Content type 'application/x-gzip' length 44501025 bytes (42.4 MB)
==================================================
downloaded 42.4 MB

trying URL 'https://p3m.dev/cran/__linux__/noble/latest/src/contrib/pdftools_3.4.1.tar.gz'
Content type 'binary/octet-stream' length 107864 bytes (105 KB)
==================================================
downloaded 105 KB

trying URL 'https://bioconductor.org/packages/3.20/bioc/src/contrib/OMICsPCA_1.24.0.tar.gz'
Content type 'application/x-gzip' length 5286276 bytes (5.0 MB)
==================================================
downloaded 5.0 MB

* installing *source* package ‘OMICsPCAdata’ ...
** using staged installation
** data
*** moving datasets to lazyload DB
** inst
** help
*** installing help indices
** building package indices
** installing vignettes
** testing if installed package can be loaded from temporary location
** testing if installed package can be loaded from final location
** testing if installed package keeps a record of temporary installation path
* creating tarball
packaged installation of ‘OMICsPCAdata’ as ‘OMICsPCAdata_1.24.0_R_x86_64-pc-linux-gnu.tar.gz’
* DONE (OMICsPCAdata)
* installing *binary* package ‘pdftools’ ...
* ‘pdftools’ was already a binary package and will not be rebuilt
* creating tarball
packaged installation of ‘pdftools’ as ‘pdftools_3.4.1_R_x86_64-pc-linux-gnu.tar.gz’
* DONE (pdftools)
* installing *source* package ‘OMICsPCA’ ...
** package ‘OMICsPCA’ successfully unpacked and MD5 sums checked
** using staged installation
** R
** inst
** byte-compile and prepare package for lazy loading
Warning: 'rgl.init' failed, will use the null device.
See '?rgl.useNULL' for ways to avoid this warning.
** help
*** installing help indices
** building package indices
** installing vignettes
** testing if installed package can be loaded from temporary location
Warning: 'rgl.init' failed, will use the null device.
See '?rgl.useNULL' for ways to avoid this warning.
** testing if installed package can be loaded from final location
Warning: 'rgl.init' failed, will use the null device.
See '?rgl.useNULL' for ways to avoid this warning.
** testing if installed package keeps a record of temporary installation path
* creating tarball
packaged installation of ‘OMICsPCA’ as ‘OMICsPCA_1.24.0_R_x86_64-pc-linux-gnu.tar.gz’
* DONE (OMICsPCA)

The downloaded source packages are in
	‘/tmp/RtmpaNnp6W/downloaded_packages’
Old packages: 'bslib', 'cli', 'curl', 'evaluate', 'httr2', 'jsonlite',
  'openssl', 'pillar', 'pkgbuild', 'processx', 'ps', 'purrr', 'R6', 'Rcpp',
  'rlang', 'sessioninfo', 'systemfonts', 'testthat', 'textshaping', 'tinytex',
  'xfun', 'zip', 'class', 'foreign', 'KernSmooth', 'MASS', 'Matrix', 'nlme',
  'nnet', 'rpart', 'spatial'

real	4m56.304s
user	1m27.824s
sys	0m14.746s
