'getOption("repos")' replaces Bioconductor standard repositories, see
'help("repositories", package = "BiocManager")' for details.
Replacement repositories:
    CRAN: https://p3m.dev/cran/__linux__/noble/latest
Bioconductor version 3.20 (BiocManager 1.30.25), R 4.4.2 (2024-10-31)
Installing package(s) 'dearseq'
also installing the dependencies ‘Biostrings’, ‘XVector’, ‘SparseArray’, ‘mitools’, ‘BiocIO’, ‘AnnotationDbi’, ‘KEGGREST’, ‘ontologyIndex’, ‘IRanges’, ‘GenomicRanges’, ‘BiocParallel’, ‘GenomeInfoDb’, ‘S4Arrays’, ‘DelayedArray’, ‘CompQuadForm’, ‘survey’, ‘Biobase’, ‘BiocSet’, ‘DESeq2’, ‘GEOquery’, ‘GSA’, ‘SummarizedExperiment’

trying URL 'https://bioconductor.org/packages/3.20/bioc/src/contrib/Biostrings_2.74.1.tar.gz'
Content type 'application/x-gzip' length 12823307 bytes (12.2 MB)
==================================================
downloaded 12.2 MB

trying URL 'https://bioconductor.org/packages/3.20/bioc/src/contrib/XVector_0.46.0.tar.gz'
Content type 'application/x-gzip' length 70185 bytes (68 KB)
==================================================
downloaded 68 KB

trying URL 'https://bioconductor.org/packages/3.20/bioc/src/contrib/SparseArray_1.6.2.tar.gz'
Content type 'application/x-gzip' length 468696 bytes (457 KB)
==================================================
downloaded 457 KB

trying URL 'https://p3m.dev/cran/__linux__/noble/latest/src/contrib/mitools_2.4.tar.gz'
Content type 'binary/octet-stream' length 270792 bytes (264 KB)
==================================================
downloaded 264 KB

trying URL 'https://bioconductor.org/packages/3.20/bioc/src/contrib/BiocIO_1.16.0.tar.gz'
Content type 'application/x-gzip' length 232338 bytes (226 KB)
==================================================
downloaded 226 KB

trying URL 'https://bioconductor.org/packages/3.20/bioc/src/contrib/AnnotationDbi_1.68.0.tar.gz'
Content type 'application/x-gzip' length 4378038 bytes (4.2 MB)
==================================================
downloaded 4.2 MB

trying URL 'https://bioconductor.org/packages/3.20/bioc/src/contrib/KEGGREST_1.46.0.tar.gz'
Content type 'application/x-gzip' length 239655 bytes (234 KB)
==================================================
downloaded 234 KB

trying URL 'https://p3m.dev/cran/__linux__/noble/latest/src/contrib/ontologyIndex_2.12.tar.gz'
Content type 'binary/octet-stream' length 2117753 bytes (2.0 MB)
==================================================
downloaded 2.0 MB

trying URL 'https://bioconductor.org/packages/3.20/bioc/src/contrib/IRanges_2.40.1.tar.gz'
Content type 'application/x-gzip' length 486989 bytes (475 KB)
==================================================
downloaded 475 KB

trying URL 'https://bioconductor.org/packages/3.20/bioc/src/contrib/GenomicRanges_1.58.0.tar.gz'
Content type 'application/x-gzip' length 1374658 bytes (1.3 MB)
==================================================
downloaded 1.3 MB

trying URL 'https://bioconductor.org/packages/3.20/bioc/src/contrib/BiocParallel_1.40.0.tar.gz'
Content type 'application/x-gzip' length 1000414 bytes (976 KB)
==================================================
downloaded 976 KB

trying URL 'https://bioconductor.org/packages/3.20/bioc/src/contrib/GenomeInfoDb_1.42.3.tar.gz'
Content type 'application/x-gzip' length 3592070 bytes (3.4 MB)
==================================================
downloaded 3.4 MB

trying URL 'https://bioconductor.org/packages/3.20/bioc/src/contrib/S4Arrays_1.6.0.tar.gz'
Content type 'application/x-gzip' length 288435 bytes (281 KB)
==================================================
downloaded 281 KB

trying URL 'https://bioconductor.org/packages/3.20/bioc/src/contrib/DelayedArray_0.32.0.tar.gz'
Content type 'application/x-gzip' length 825598 bytes (806 KB)
==================================================
downloaded 806 KB

trying URL 'https://p3m.dev/cran/__linux__/noble/latest/src/contrib/CompQuadForm_1.4.3.tar.gz'
Content type 'binary/octet-stream' length 42451 bytes (41 KB)
==================================================
downloaded 41 KB

trying URL 'https://p3m.dev/cran/__linux__/noble/latest/src/contrib/survey_4.4-2.tar.gz'
Content type 'binary/octet-stream' length 3478381 bytes (3.3 MB)
==================================================
downloaded 3.3 MB

trying URL 'https://bioconductor.org/packages/3.20/bioc/src/contrib/Biobase_2.66.0.tar.gz'
Content type 'application/x-gzip' length 1978998 bytes (1.9 MB)
==================================================
downloaded 1.9 MB

trying URL 'https://bioconductor.org/packages/3.20/bioc/src/contrib/BiocSet_1.20.0.tar.gz'
Content type 'application/x-gzip' length 370671 bytes (361 KB)
==================================================
downloaded 361 KB

trying URL 'https://bioconductor.org/packages/3.20/bioc/src/contrib/DESeq2_1.46.0.tar.gz'
Content type 'application/x-gzip' length 2516875 bytes (2.4 MB)
==================================================
downloaded 2.4 MB

trying URL 'https://bioconductor.org/packages/3.20/bioc/src/contrib/GEOquery_2.74.0.tar.gz'
Content type 'application/x-gzip' length 13708435 bytes (13.1 MB)
==================================================
downloaded 13.1 MB

trying URL 'https://p3m.dev/cran/__linux__/noble/latest/src/contrib/GSA_1.03.3.tar.gz'
Content type 'binary/octet-stream' length 99988 bytes (97 KB)
==================================================
downloaded 97 KB

trying URL 'https://bioconductor.org/packages/3.20/bioc/src/contrib/SummarizedExperiment_1.36.0.tar.gz'
Content type 'application/x-gzip' length 690951 bytes (674 KB)
==================================================
downloaded 674 KB

trying URL 'https://bioconductor.org/packages/3.20/bioc/src/contrib/dearseq_1.18.0.tar.gz'
Content type 'application/x-gzip' length 759495 bytes (741 KB)
==================================================
downloaded 741 KB

* installing *binary* package ‘mitools’ ...
* ‘mitools’ was already a binary package and will not be rebuilt
* creating tarball
packaged installation of ‘mitools’ as ‘mitools_2.4_R_x86_64-pc-linux-gnu.tar.gz’
* DONE (mitools)
ERROR: dependency ‘S4Vectors’ is not available for package ‘BiocIO’
* removing ‘/mnt/library/BiocIO’
* installing *binary* package ‘ontologyIndex’ ...
* ‘ontologyIndex’ was already a binary package and will not be rebuilt
* creating tarball
packaged installation of ‘ontologyIndex’ as ‘ontologyIndex_2.12_R_x86_64-pc-linux-gnu.tar.gz’
* DONE (ontologyIndex)
ERROR: failed to lock directory ‘/mnt/library’ for modifying
Try removing ‘/mnt/library/00LOCK-IRanges’
ERROR: failed to lock directory ‘/mnt/library’ for modifying
Try removing ‘/mnt/library/00LOCK-BiocParallel’
* installing *binary* package ‘CompQuadForm’ ...
* ‘CompQuadForm’ was already a binary package and will not be rebuilt
* creating tarball
packaged installation of ‘CompQuadForm’ as ‘CompQuadForm_1.4.3_R_x86_64-pc-linux-gnu.tar.gz’
* DONE (CompQuadForm)
ERROR: failed to lock directory ‘/mnt/library’ for modifying
Try removing ‘/mnt/library/00LOCK-Biobase’
* installing *binary* package ‘GSA’ ...
* ‘GSA’ was already a binary package and will not be rebuilt
* creating tarball
packaged installation of ‘GSA’ as ‘GSA_1.03.3_R_x86_64-pc-linux-gnu.tar.gz’
* DONE (GSA)
ERROR: dependencies ‘S4Vectors’, ‘IRanges’ are not available for package ‘XVector’
* removing ‘/mnt/library/XVector’
ERROR: dependencies ‘S4Vectors’, ‘IRanges’ are not available for package ‘GenomeInfoDb’
* removing ‘/mnt/library/GenomeInfoDb’
ERROR: dependencies ‘S4Vectors’, ‘IRanges’ are not available for package ‘S4Arrays’
* removing ‘/mnt/library/S4Arrays’
* installing *binary* package ‘survey’ ...
* ‘survey’ was already a binary package and will not be rebuilt
* creating tarball
packaged installation of ‘survey’ as ‘survey_4.4-2_R_x86_64-pc-linux-gnu.tar.gz’
* DONE (survey)
ERROR: dependencies ‘S4Vectors’, ‘IRanges’, ‘XVector’, ‘GenomeInfoDb’ are not available for package ‘Biostrings’
* removing ‘/mnt/library/Biostrings’
ERROR: dependencies ‘S4Vectors’, ‘S4Arrays’, ‘IRanges’, ‘XVector’ are not available for package ‘SparseArray’
* removing ‘/mnt/library/SparseArray’
ERROR: dependencies ‘S4Vectors’, ‘IRanges’, ‘GenomeInfoDb’, ‘XVector’ are not available for package ‘GenomicRanges’
* removing ‘/mnt/library/GenomicRanges’
* installing *source* package ‘dearseq’ ...
** package ‘dearseq’ successfully unpacked and MD5 sums checked
** using staged installation
** R
** data
** inst
** byte-compile and prepare package for lazy loading
** help
*** installing help indices
*** copying figures
** building package indices
** installing vignettes
** testing if installed package can be loaded from temporary location
Error: package or namespace load failed for ‘dearseq’:
 package ‘viridisLite’ does not have a namespace
Error: loading failed
Execution halted
ERROR: loading failed
* removing ‘/mnt/library/dearseq’
ERROR: dependency ‘Biostrings’ is not available for package ‘KEGGREST’
* removing ‘/mnt/library/KEGGREST’
ERROR: dependencies ‘S4Vectors’, ‘IRanges’, ‘S4Arrays’, ‘SparseArray’ are not available for package ‘DelayedArray’
* removing ‘/mnt/library/DelayedArray’
ERROR: dependencies ‘Biobase’, ‘IRanges’, ‘S4Vectors’, ‘KEGGREST’ are not available for package ‘AnnotationDbi’
* removing ‘/mnt/library/AnnotationDbi’
ERROR: dependencies ‘GenomicRanges’, ‘Biobase’, ‘S4Vectors’, ‘IRanges’, ‘GenomeInfoDb’, ‘S4Arrays’, ‘DelayedArray’ are not available for package ‘SummarizedExperiment’
* removing ‘/mnt/library/SummarizedExperiment’
ERROR: dependencies ‘S4Vectors’, ‘BiocIO’, ‘AnnotationDbi’, ‘KEGGREST’ are not available for package ‘BiocSet’
* removing ‘/mnt/library/BiocSet’
ERROR: dependencies ‘S4Vectors’, ‘IRanges’, ‘GenomicRanges’, ‘SummarizedExperiment’, ‘Biobase’, ‘BiocParallel’ are not available for package ‘DESeq2’
* removing ‘/mnt/library/DESeq2’
ERROR: dependencies ‘Biobase’, ‘SummarizedExperiment’, ‘S4Vectors’ are not available for package ‘GEOquery’
* removing ‘/mnt/library/GEOquery’

The downloaded source packages are in
	‘/tmp/RtmpLohf2d/downloaded_packages’
Old packages: 'bslib', 'cli', 'curl', 'evaluate', 'httr2', 'jsonlite',
  'openssl', 'pillar', 'pkgbuild', 'processx', 'ps', 'purrr', 'R6', 'Rcpp',
  'rlang', 'sessioninfo', 'systemfonts', 'testthat', 'textshaping', 'tinytex',
  'xfun', 'zip', 'class', 'foreign', 'KernSmooth', 'MASS', 'Matrix', 'nlme',
  'nnet', 'rpart', 'spatial'
There were 18 warnings (use warnings() to see them)
Error: unexpected 'else' in "  else"
Execution halted

real	4m22.500s
user	0m16.704s
sys	0m6.590s
