'getOption("repos")' replaces Bioconductor standard repositories, see
'help("repositories", package = "BiocManager")' for details.
Replacement repositories:
    CRAN: https://p3m.dev/cran/__linux__/noble/latest
Bioconductor version 3.20 (BiocManager 1.30.25), R 4.4.2 (2024-10-31)
Installing package(s) 'rTRMui'
trying URL 'https://bioconductor.org/packages/3.20/bioc/src/contrib/rTRMui_1.44.0.tar.gz'
Content type 'application/x-gzip' length 1164676 bytes (1.1 MB)
==================================================
downloaded 1.1 MB

* installing *source* package ‘rTRMui’ ...
** package ‘rTRMui’ successfully unpacked and MD5 sums checked
** using staged installation
** R
** inst
** byte-compile and prepare package for lazy loading
See system.file("LICENSE", package="MotifDb") for use restrictions.
** help
*** installing help indices
** building package indices
** installing vignettes
** testing if installed package can be loaded from temporary location
See system.file("LICENSE", package="MotifDb") for use restrictions.
** testing if installed package can be loaded from final location
See system.file("LICENSE", package="MotifDb") for use restrictions.
** testing if installed package keeps a record of temporary installation path
* creating tarball
packaged installation of ‘rTRMui’ as ‘rTRMui_1.44.0_R_x86_64-pc-linux-gnu.tar.gz’
* DONE (rTRMui)

The downloaded source packages are in
	‘/tmp/RtmpM3PrSz/downloaded_packages’
Old packages: 'bslib', 'cli', 'curl', 'evaluate', 'httr2', 'jsonlite',
  'openssl', 'pillar', 'pkgbuild', 'processx', 'ps', 'purrr', 'R6', 'Rcpp',
  'rlang', 'sessioninfo', 'systemfonts', 'testthat', 'textshaping', 'tinytex',
  'xfun', 'zip', 'class', 'foreign', 'KernSmooth', 'MASS', 'Matrix', 'nlme',
  'nnet', 'rpart', 'spatial'

real	1m33.772s
user	0m50.326s
sys	0m7.511s
