'getOption("repos")' replaces Bioconductor standard repositories, see
'help("repositories", package = "BiocManager")' for details.
Replacement repositories:
    CRAN: https://p3m.dev/cran/__linux__/noble/latest
Bioconductor version 3.20 (BiocManager 1.30.25), R 4.4.2 (2024-10-31)
Installing package(s) 'BiGGR'
also installing the dependency ‘LIM’

trying URL 'https://p3m.dev/cran/__linux__/noble/latest/src/contrib/LIM_1.4.7.1.tar.gz'
Content type 'binary/octet-stream' length 1398928 bytes (1.3 MB)
==================================================
downloaded 1.3 MB

trying URL 'https://bioconductor.org/packages/3.20/bioc/src/contrib/BiGGR_1.42.0.tar.gz'
Content type 'application/x-gzip' length 4541284 bytes (4.3 MB)
==================================================
downloaded 4.3 MB

* installing *binary* package ‘LIM’ ...
* ‘LIM’ was already a binary package and will not be rebuilt
* creating tarball
packaged installation of ‘LIM’ as ‘LIM_1.4.7.1_R_x86_64-pc-linux-gnu.tar.gz’
* DONE (LIM)
* installing *source* package ‘BiGGR’ ...
** package ‘BiGGR’ successfully unpacked and MD5 sums checked
** using staged installation
** R
** data
** inst
** byte-compile and prepare package for lazy loading
** help
*** installing help indices
** building package indices
** installing vignettes
** testing if installed package can be loaded from temporary location
** testing if installed package can be loaded from final location
** testing if installed package keeps a record of temporary installation path
* creating tarball
packaged installation of ‘BiGGR’ as ‘BiGGR_1.42.0_R_x86_64-pc-linux-gnu.tar.gz’
* DONE (BiGGR)

The downloaded source packages are in
	‘/tmp/RtmpRSpCXN/downloaded_packages’
Old packages: 'bslib', 'cli', 'curl', 'evaluate', 'httr2', 'jsonlite',
  'openssl', 'pillar', 'pkgbuild', 'processx', 'ps', 'purrr', 'R6', 'Rcpp',
  'rlang', 'sessioninfo', 'systemfonts', 'testthat', 'textshaping', 'tinytex',
  'xfun', 'zip', 'class', 'foreign', 'KernSmooth', 'MASS', 'Matrix', 'nlme',
  'nnet', 'rpart', 'spatial'

real	0m27.021s
user	0m10.482s
sys	0m3.564s
