'getOption("repos")' replaces Bioconductor standard repositories, see
'help("repositories", package = "BiocManager")' for details.
Replacement repositories:
    CRAN: https://p3m.dev/cran/__linux__/noble/latest
Bioconductor version 3.20 (BiocManager 1.30.25), R 4.4.2 (2024-10-31)
Installing package(s) 'MMUPHin'
also installing the dependencies ‘BiocSingular’, ‘DirichletMultinomial’, ‘IRanges’, ‘scater’, ‘scuttle’, ‘metadat’, ‘mathjaxr’, ‘mia’, ‘metafor’, ‘phyloseq’, ‘curatedMetagenomicData’

trying URL 'https://bioconductor.org/packages/3.20/bioc/src/contrib/BiocSingular_1.22.0.tar.gz'
Content type 'application/x-gzip' length 617927 bytes (603 KB)
==================================================
downloaded 603 KB

trying URL 'https://bioconductor.org/packages/3.20/bioc/src/contrib/DirichletMultinomial_1.48.0.tar.gz'
Content type 'application/x-gzip' length 1112440 bytes (1.1 MB)
==================================================
downloaded 1.1 MB

trying URL 'https://bioconductor.org/packages/3.20/bioc/src/contrib/IRanges_2.40.1.tar.gz'
Content type 'application/x-gzip' length 486989 bytes (475 KB)
==================================================
downloaded 475 KB

trying URL 'https://bioconductor.org/packages/3.20/bioc/src/contrib/scater_1.34.0.tar.gz'
Content type 'application/x-gzip' length 4638399 bytes (4.4 MB)
==================================================
downloaded 4.4 MB

trying URL 'https://bioconductor.org/packages/3.20/bioc/src/contrib/scuttle_1.16.0.tar.gz'
Content type 'application/x-gzip' length 1034711 bytes (1010 KB)
==================================================
downloaded 1010 KB

trying URL 'https://p3m.dev/cran/__linux__/noble/latest/src/contrib/metadat_1.4-0.tar.gz'
Content type 'binary/octet-stream' length 919350 bytes (897 KB)
==================================================
downloaded 897 KB

trying URL 'https://p3m.dev/cran/__linux__/noble/latest/src/contrib/mathjaxr_1.6-0.tar.gz'
Content type 'binary/octet-stream' length 916226 bytes (894 KB)
==================================================
downloaded 894 KB

trying URL 'https://bioconductor.org/packages/3.20/bioc/src/contrib/mia_1.14.0.tar.gz'
Content type 'application/x-gzip' length 3130972 bytes (3.0 MB)
==================================================
downloaded 3.0 MB

trying URL 'https://p3m.dev/cran/__linux__/noble/latest/src/contrib/metafor_4.8-0.tar.gz'
Content type 'binary/octet-stream' length 5232171 bytes (5.0 MB)
==================================================
downloaded 5.0 MB

trying URL 'https://bioconductor.org/packages/3.20/bioc/src/contrib/phyloseq_1.50.0.tar.gz'
Content type 'application/x-gzip' length 6423044 bytes (6.1 MB)
==================================================
downloaded 6.1 MB

trying URL 'https://bioconductor.org/packages/3.20/data/experiment/src/contrib/curatedMetagenomicData_3.14.0.tar.gz'
Content type 'application/x-gzip' length 1941420 bytes (1.9 MB)
==================================================
downloaded 1.9 MB

trying URL 'https://bioconductor.org/packages/3.20/bioc/src/contrib/MMUPHin_1.20.0.tar.gz'
Content type 'application/x-gzip' length 3870496 bytes (3.7 MB)
==================================================
downloaded 3.7 MB

* installing *source* package ‘BiocSingular’ ...
** package ‘BiocSingular’ successfully unpacked and MD5 sums checked
** using staged installation
** libs
using C++ compiler: ‘g++ (Ubuntu 13.3.0-6ubuntu2~24.04) 13.3.0’
using C++17
g++ -std=gnu++17 -I"/usr/local/lib/R/include" -DNDEBUG  -I'/usr/local/lib/R/site-library/Rcpp/include' -I'/mnt/library/beachmat/include' -I'/mnt/library/assorthead/include' -I/usr/local/include    -fpic  -g -O2 -fstack-protector-strong -Wformat -Wformat-security -Wdate-time -D_FORTIFY_SOURCE=2 -g  -DR_NO_REMAP -c RcppExports.cpp -o RcppExports.o
g++ -std=gnu++17 -I"/usr/local/lib/R/include" -DNDEBUG  -I'/usr/local/lib/R/site-library/Rcpp/include' -I'/mnt/library/beachmat/include' -I'/mnt/library/assorthead/include' -I/usr/local/include    -fpic  -g -O2 -fstack-protector-strong -Wformat -Wformat-security -Wdate-time -D_FORTIFY_SOURCE=2 -g  -DR_NO_REMAP -c compute_scale.cpp -o compute_scale.o
g++ -std=gnu++17 -shared -L/usr/local/lib/R/lib -L/usr/local/lib -o BiocSingular.so RcppExports.o compute_scale.o -L/usr/local/lib/R/lib -lR
installing to /mnt/library/00LOCK-BiocSingular/00new/BiocSingular/libs
** R
** inst
** byte-compile and prepare package for lazy loading
Error in loadNamespace(i, c(lib.loc, .libPaths()), versionCheck = vI[[i]]) : 
  there is no package called ‘IRanges’
Calls: <Anonymous> ... loadNamespace -> withRestarts -> withOneRestart -> doWithOneRestart
Execution halted
ERROR: lazy loading failed for package ‘BiocSingular’
* removing ‘/mnt/library/BiocSingular’
ERROR: failed to lock directory ‘/mnt/library’ for modifying
Try removing ‘/mnt/library/00LOCK-IRanges’
ERROR: failed to lock directory ‘/mnt/library’ for modifying
Try removing ‘/mnt/library/00LOCK-scuttle’
* installing *binary* package ‘mathjaxr’ ...
* ‘mathjaxr’ was already a binary package and will not be rebuilt
* creating tarball
packaged installation of ‘mathjaxr’ as ‘mathjaxr_1.6-0_R_x86_64-pc-linux-gnu.tar.gz’
* DONE (mathjaxr)
* installing *source* package ‘phyloseq’ ...
** package ‘phyloseq’ successfully unpacked and MD5 sums checked
** using staged installation
** R
** data
** inst
** byte-compile and prepare package for lazy loading
Error in loadNamespace(i, c(lib.loc, .libPaths()), versionCheck = vI[[i]]) : 
  there is no package called ‘IRanges’
Calls: <Anonymous> ... loadNamespace -> withRestarts -> withOneRestart -> doWithOneRestart
Execution halted
ERROR: lazy loading failed for package ‘phyloseq’
* removing ‘/mnt/library/phyloseq’
ERROR: dependency ‘IRanges’ is not available for package ‘DirichletMultinomial’
* removing ‘/mnt/library/DirichletMultinomial’
ERROR: dependencies ‘scuttle’, ‘BiocSingular’ are not available for package ‘scater’
* removing ‘/mnt/library/scater’
* installing *binary* package ‘metadat’ ...
* ‘metadat’ was already a binary package and will not be rebuilt
* creating tarball
packaged installation of ‘metadat’ as ‘metadat_1.4-0_R_x86_64-pc-linux-gnu.tar.gz’
* DONE (metadat)
ERROR: dependencies ‘DirichletMultinomial’, ‘scater’, ‘scuttle’ are not available for package ‘mia’
* removing ‘/mnt/library/mia’
* installing *binary* package ‘metafor’ ...
* ‘metafor’ was already a binary package and will not be rebuilt
* creating tarball
packaged installation of ‘metafor’ as ‘metafor_4.8-0_R_x86_64-pc-linux-gnu.tar.gz’
* DONE (metafor)
ERROR: dependency ‘mia’ is not available for package ‘curatedMetagenomicData’
* removing ‘/mnt/library/curatedMetagenomicData’
* installing *source* package ‘MMUPHin’ ...
** package ‘MMUPHin’ successfully unpacked and MD5 sums checked
** using staged installation
** R
** data
** inst
** byte-compile and prepare package for lazy loading
** help
*** installing help indices
*** copying figures
** building package indices
** installing vignettes
** testing if installed package can be loaded from temporary location
** testing if installed package can be loaded from final location
** testing if installed package keeps a record of temporary installation path
* creating tarball
packaged installation of ‘MMUPHin’ as ‘MMUPHin_1.20.0_R_x86_64-pc-linux-gnu.tar.gz’
* DONE (MMUPHin)

The downloaded source packages are in
	‘/tmp/Rtmpjr47y8/downloaded_packages’
Old packages: 'bslib', 'cli', 'curl', 'evaluate', 'httr2', 'jsonlite',
  'openssl', 'pillar', 'pkgbuild', 'processx', 'ps', 'purrr', 'R6', 'Rcpp',
  'rlang', 'sessioninfo', 'systemfonts', 'testthat', 'textshaping', 'tinytex',
  'xfun', 'zip', 'class', 'foreign', 'KernSmooth', 'MASS', 'Matrix', 'nlme',
  'nnet', 'rpart', 'spatial'
Warning messages:
1: In install.packages(...) :
  installation of package ‘BiocSingular’ had non-zero exit status
2: In install.packages(...) :
  installation of package ‘IRanges’ had non-zero exit status
3: In install.packages(...) :
  installation of package ‘scuttle’ had non-zero exit status
4: In install.packages(...) :
  installation of package ‘phyloseq’ had non-zero exit status
5: In install.packages(...) :
  installation of package ‘DirichletMultinomial’ had non-zero exit status
6: In install.packages(...) :
  installation of package ‘scater’ had non-zero exit status
7: In install.packages(...) :
  installation of package ‘mia’ had non-zero exit status
8: In install.packages(...) :
  installation of package ‘curatedMetagenomicData’ had non-zero exit status

real	0m59.781s
user	0m24.323s
sys	0m7.656s
