'getOption("repos")' replaces Bioconductor standard repositories, see
'help("repositories", package = "BiocManager")' for details.
Replacement repositories:
    CRAN: https://p3m.dev/cran/__linux__/noble/latest
Bioconductor version 3.20 (BiocManager 1.30.25), R 4.4.2 (2024-10-31)
Installing package(s) 'netSmooth'
trying URL 'https://bioconductor.org/packages/3.20/bioc/src/contrib/netSmooth_1.26.0.tar.gz'
Content type 'application/x-gzip' length 3166280 bytes (3.0 MB)
==================================================
downloaded 3.0 MB

* installing *source* package ‘netSmooth’ ...
** package ‘netSmooth’ successfully unpacked and MD5 sums checked
** using staged installation
** R
** data
*** moving datasets to lazyload DB
** inst
** byte-compile and prepare package for lazy loading
** help
*** installing help indices
** building package indices
** installing vignettes
** testing if installed package can be loaded from temporary location
** testing if installed package can be loaded from final location
** testing if installed package keeps a record of temporary installation path
* creating tarball
packaged installation of ‘netSmooth’ as ‘netSmooth_1.26.0_R_x86_64-pc-linux-gnu.tar.gz’
* DONE (netSmooth)

The downloaded source packages are in
	‘/tmp/Rtmp76CCys/downloaded_packages’
Old packages: 'AHMassBank', 'clusterProfiler', 'COTAN', 'flexclust', 'flexmix',
  'insight', 'missMethyl', 'nnSVG', 'omXplore', 'ORFik', 'pander',
  'rapportools', 'renv', 'segmented', 'smoothclust', 'bslib', 'cli', 'curl',
  'evaluate', 'httr2', 'jsonlite', 'openssl', 'pillar', 'pkgbuild', 'processx',
  'ps', 'purrr', 'R6', 'Rcpp', 'rlang', 'sessioninfo', 'systemfonts',
  'testthat', 'textshaping', 'tinytex', 'xfun', 'xml2', 'zip', 'class',
  'foreign', 'KernSmooth', 'MASS', 'Matrix', 'nlme', 'nnet', 'rpart', 'spatial'

real	1m0.743s
user	0m42.020s
sys	0m7.053s
