'getOption("repos")' replaces Bioconductor standard repositories, see
'help("repositories", package = "BiocManager")' for details.
Replacement repositories:
    CRAN: https://p3m.dev/cran/__linux__/noble/latest
Bioconductor version 3.20 (BiocManager 1.30.25), R 4.4.2 (2024-10-31)
Installing package(s) 'makecdfenv'
trying URL 'https://bioconductor.org/packages/3.20/bioc/src/contrib/makecdfenv_1.82.0.tar.gz'
Content type 'application/x-gzip' length 3417621 bytes (3.3 MB)
==================================================
downloaded 3.3 MB

* installing *source* package ‘makecdfenv’ ...
** package ‘makecdfenv’ successfully unpacked and MD5 sums checked
** using staged installation
creating cache ./config.cache
checking how to run the C preprocessor... gcc -E
checking for main in -lz... yes
checking for zlib.h... yes
checking if zlib version >= 1.1.3... yes
updating cache ./config.cache
creating ./config.status
creating src/Makevars
** libs
using C compiler: ‘gcc (Ubuntu 13.3.0-6ubuntu2~24.04) 13.3.0’
gcc -I"/usr/local/lib/R/include" -DNDEBUG -DHAVE_ZLIB=1   -I/usr/local/include   -g -O2 -fstack-protector-strong -Wformat -Wformat-security -Wdate-time -D_FORTIFY_SOURCE=2 -g -fpic  -g -O2 -fstack-protector-strong -Wformat -Wformat-security -Wdate-time -D_FORTIFY_SOURCE=2 -g  -c read_cdffile.c -o read_cdffile.o
read_cdffile.c: In function ‘openCDFfile’:
read_cdffile.c:340:7: warning: ignoring return value of ‘fgets’ declared with attribute ‘warn_unused_result’ [-Wunused-result]
  340 |       fgets(buffy, SIZE_LINE, affyFile->stream);
      |       ^~~~~~~~~~~~~~~~~~~~~~~~~~~~~~~~~~~~~~~~~
gcc -shared -L/usr/local/lib/R/lib -L/usr/local/lib -o makecdfenv.so read_cdffile.o -lz -L/usr/local/lib/R/lib -lR
installing to /mnt/library/00LOCK-makecdfenv/00new/makecdfenv/libs
** R
** inst
** byte-compile and prepare package for lazy loading
** help
*** installing help indices
** building package indices
** installing vignettes
** testing if installed package can be loaded from temporary location
** checking absolute paths in shared objects and dynamic libraries
** testing if installed package can be loaded from final location
** testing if installed package keeps a record of temporary installation path
* creating tarball
packaged installation of ‘makecdfenv’ as ‘makecdfenv_1.82.0_R_x86_64-pc-linux-gnu.tar.gz’
* DONE (makecdfenv)

The downloaded source packages are in
	‘/tmp/RtmppeMapH/downloaded_packages’
Old packages: 'bslib', 'cli', 'curl', 'evaluate', 'httr2', 'jsonlite',
  'openssl', 'pillar', 'pkgbuild', 'processx', 'ps', 'purrr', 'R6', 'Rcpp',
  'rlang', 'sessioninfo', 'systemfonts', 'testthat', 'textshaping', 'tinytex',
  'xfun', 'zip', 'class', 'foreign', 'KernSmooth', 'MASS', 'Matrix', 'nlme',
  'nnet', 'rpart', 'spatial'

real	0m41.690s
user	0m9.704s
sys	0m3.625s
