'getOption("repos")' replaces Bioconductor standard repositories, see
'help("repositories", package = "BiocManager")' for details.
Replacement repositories:
    CRAN: https://p3m.dev/cran/__linux__/noble/latest
Bioconductor version 3.20 (BiocManager 1.30.25), R 4.4.2 (2024-10-31)
Installing package(s) 'UPDhmm'
also installing the dependency ‘HMM’

trying URL 'https://p3m.dev/cran/__linux__/noble/latest/src/contrib/HMM_1.0.1.tar.gz'
Content type 'binary/octet-stream' length 58261 bytes (56 KB)
==================================================
downloaded 56 KB

trying URL 'https://bioconductor.org/packages/3.20/bioc/src/contrib/UPDhmm_1.2.0.tar.gz'
Content type 'application/x-gzip' length 302985 bytes (295 KB)
==================================================
downloaded 295 KB

* installing *binary* package ‘HMM’ ...
* ‘HMM’ was already a binary package and will not be rebuilt
* creating tarball
packaged installation of ‘HMM’ as ‘HMM_1.0.1_R_x86_64-pc-linux-gnu.tar.gz’
* DONE (HMM)
* installing *source* package ‘UPDhmm’ ...
** package ‘UPDhmm’ successfully unpacked and MD5 sums checked
** using staged installation
** R
** data
** inst
** byte-compile and prepare package for lazy loading
** help
*** installing help indices
** building package indices
** installing vignettes
** testing if installed package can be loaded from temporary location
** testing if installed package can be loaded from final location
** testing if installed package keeps a record of temporary installation path
* creating tarball
packaged installation of ‘UPDhmm’ as ‘UPDhmm_1.2.0_R_x86_64-pc-linux-gnu.tar.gz’
* DONE (UPDhmm)

The downloaded source packages are in
	‘/tmp/Rtmpjp51Qo/downloaded_packages’
Old packages: 'bslib', 'cli', 'curl', 'evaluate', 'httr2', 'jsonlite',
  'openssl', 'pillar', 'pkgbuild', 'processx', 'ps', 'purrr', 'R6', 'Rcpp',
  'rlang', 'sessioninfo', 'systemfonts', 'testthat', 'textshaping', 'tinytex',
  'xfun', 'zip', 'class', 'foreign', 'KernSmooth', 'MASS', 'Matrix', 'nlme',
  'nnet', 'rpart', 'spatial'

real	0m37.483s
user	0m13.308s
sys	0m4.070s
