'getOption("repos")' replaces Bioconductor standard repositories, see
'help("repositories", package = "BiocManager")' for details.
Replacement repositories:
    CRAN: https://p3m.dev/cran/__linux__/noble/latest
Bioconductor version 3.20 (BiocManager 1.30.25), R 4.4.2 (2024-10-31)
Installing package(s) 'alabaster.schemas'
trying URL 'https://bioconductor.org/packages/3.20/bioc/src/contrib/alabaster.schemas_1.6.0.tar.gz'
Content type 'application/x-gzip' length 247498 bytes (241 KB)
==================================================
downloaded 241 KB

* installing *source* package ‘alabaster.schemas’ ...
** package ‘alabaster.schemas’ successfully unpacked and MD5 sums checked
** using staged installation
** inst
** help
No man pages found in package  ‘alabaster.schemas’ 
*** installing help indices
** building package indices
** installing vignettes
** testing if installed package can be loaded from temporary location
** testing if installed package can be loaded from final location
** testing if installed package keeps a record of temporary installation path
* creating tarball
packaged installation of ‘alabaster.schemas’ as ‘alabaster.schemas_1.6.0_R_x86_64-pc-linux-gnu.tar.gz’
* DONE (alabaster.schemas)

The downloaded source packages are in
	‘/tmp/Rtmp0ixXTn/downloaded_packages’
Old packages: 'bslib', 'cli', 'curl', 'evaluate', 'httr2', 'jsonlite',
  'openssl', 'pillar', 'pkgbuild', 'processx', 'ps', 'purrr', 'R6', 'Rcpp',
  'rlang', 'sessioninfo', 'systemfonts', 'testthat', 'textshaping', 'tinytex',
  'xfun', 'zip', 'class', 'foreign', 'KernSmooth', 'MASS', 'Matrix', 'nlme',
  'nnet', 'rpart', 'spatial'

real	11m14.845s
user	0m4.849s
sys	0m3.224s
