'getOption("repos")' replaces Bioconductor standard repositories, see
'help("repositories", package = "BiocManager")' for details.
Replacement repositories:
    CRAN: https://p3m.dev/cran/__linux__/noble/latest
Bioconductor version 3.20 (BiocManager 1.30.25), R 4.4.2 (2024-10-31)
Installing package(s) 'fabia'
trying URL 'https://bioconductor.org/packages/3.20/bioc/src/contrib/fabia_2.52.0.tar.gz'
Content type 'application/x-gzip' length 821386 bytes (802 KB)
==================================================
downloaded 802 KB

* installing *source* package ‘fabia’ ...
** package ‘fabia’ successfully unpacked and MD5 sums checked
** using staged installation
** libs
using C compiler: ‘gcc (Ubuntu 13.3.0-6ubuntu2~24.04) 13.3.0’
gcc -I"/usr/local/lib/R/include" -DNDEBUG   -I/usr/local/include    -fpic  -g -O2 -fstack-protector-strong -Wformat -Wformat-security -Wdate-time -D_FORTIFY_SOURCE=2 -g  -c fabiac.c -o fabiac.o
fabiac.c: In function ‘readSpfabicResult’:
fabiac.c:3588:17: warning: argument 1 null where non-null expected [-Wnonnull]
 3588 |                 fclose (pFile);
      |                 ^~~~~~~~~~~~~~
In file included from fabiac.c:2:
/usr/include/stdio.h:184:12: note: in a call to function ‘fclose’ declared ‘nonnull’
  184 | extern int fclose (FILE *__stream) __nonnull ((1));
      |            ^~~~~~
gcc -shared -L/usr/local/lib/R/lib -L/usr/local/lib -o fabia.so fabiac.o -L/usr/local/lib/R/lib -lR
installing to /mnt/library/00LOCK-fabia/00new/fabia/libs
** R
** demo
** inst
** byte-compile and prepare package for lazy loading
** help
*** installing help indices
** building package indices
** installing vignettes
** testing if installed package can be loaded from temporary location
** checking absolute paths in shared objects and dynamic libraries
** testing if installed package can be loaded from final location
** testing if installed package keeps a record of temporary installation path
* creating tarball
packaged installation of ‘fabia’ as ‘fabia_2.52.0_R_x86_64-pc-linux-gnu.tar.gz’
* DONE (fabia)

The downloaded source packages are in
	‘/tmp/Rtmpqc6WRK/downloaded_packages’
Old packages: 'bslib', 'cli', 'curl', 'evaluate', 'httr2', 'jsonlite',
  'openssl', 'pillar', 'pkgbuild', 'processx', 'ps', 'purrr', 'R6', 'Rcpp',
  'rlang', 'sessioninfo', 'systemfonts', 'testthat', 'textshaping', 'tinytex',
  'xfun', 'zip', 'class', 'foreign', 'KernSmooth', 'MASS', 'Matrix', 'nlme',
  'nnet', 'rpart', 'spatial'

real	0m53.527s
user	0m13.214s
sys	0m3.468s
