'getOption("repos")' replaces Bioconductor standard repositories, see
'help("repositories", package = "BiocManager")' for details.
Replacement repositories:
    CRAN: https://p3m.dev/cran/__linux__/noble/latest
Bioconductor version 3.20 (BiocManager 1.30.25), R 4.4.2 (2024-10-31)
Installing package(s) 'metahdep'
also installing the dependencies ‘UCSC.utils’, ‘S4Vectors’, ‘IRanges’, ‘GenomeInfoDb’, ‘XVector’, ‘Biostrings’, ‘affy’, ‘Biobase’, ‘gcrma’, ‘affyPLM’

trying URL 'https://bioconductor.org/packages/3.20/bioc/src/contrib/UCSC.utils_1.2.0.tar.gz'
Content type 'application/x-gzip' length 236888 bytes (231 KB)
==================================================
downloaded 231 KB

trying URL 'https://bioconductor.org/packages/3.20/bioc/src/contrib/S4Vectors_0.44.0.tar.gz'
Content type 'application/x-gzip' length 1076666 bytes (1.0 MB)
==================================================
downloaded 1.0 MB

trying URL 'https://bioconductor.org/packages/3.20/bioc/src/contrib/IRanges_2.40.1.tar.gz'
Content type 'application/x-gzip' length 486989 bytes (475 KB)
==================================================
downloaded 475 KB

trying URL 'https://bioconductor.org/packages/3.20/bioc/src/contrib/GenomeInfoDb_1.42.3.tar.gz'
Content type 'application/x-gzip' length 3592070 bytes (3.4 MB)
==================================================
downloaded 3.4 MB

trying URL 'https://bioconductor.org/packages/3.20/bioc/src/contrib/XVector_0.46.0.tar.gz'
Content type 'application/x-gzip' length 70185 bytes (68 KB)
==================================================
downloaded 68 KB

trying URL 'https://bioconductor.org/packages/3.20/bioc/src/contrib/Biostrings_2.74.1.tar.gz'
Content type 'application/x-gzip' length 12823307 bytes (12.2 MB)
==================================================
downloaded 12.2 MB

trying URL 'https://bioconductor.org/packages/3.20/bioc/src/contrib/affy_1.84.0.tar.gz'
Content type 'application/x-gzip' length 1770606 bytes (1.7 MB)
==================================================
downloaded 1.7 MB

trying URL 'https://bioconductor.org/packages/3.20/bioc/src/contrib/Biobase_2.66.0.tar.gz'
Content type 'application/x-gzip' length 1978998 bytes (1.9 MB)
==================================================
downloaded 1.9 MB

trying URL 'https://bioconductor.org/packages/3.20/bioc/src/contrib/gcrma_2.78.0.tar.gz'
Content type 'application/x-gzip' length 297437 bytes (290 KB)
==================================================
downloaded 290 KB

trying URL 'https://bioconductor.org/packages/3.20/bioc/src/contrib/affyPLM_1.82.0.tar.gz'
Content type 'application/x-gzip' length 7506932 bytes (7.2 MB)
==================================================
downloaded 7.2 MB

trying URL 'https://bioconductor.org/packages/3.20/bioc/src/contrib/metahdep_1.64.0.tar.gz'
Content type 'application/x-gzip' length 565050 bytes (551 KB)
==================================================
downloaded 551 KB

ERROR: failed to lock directory ‘/mnt/library’ for modifying
Try removing ‘/mnt/library/00LOCK-S4Vectors’
ERROR: failed to lock directory ‘/mnt/library’ for modifying
Try removing ‘/mnt/library/00LOCK-Biobase’
* installing *source* package ‘metahdep’ ...
** package ‘metahdep’ successfully unpacked and MD5 sums checked
** using staged installation
** libs
using C compiler: ‘gcc (Ubuntu 13.3.0-6ubuntu2~24.04) 13.3.0’
gcc -I"/usr/local/lib/R/include" -DNDEBUG   -I/usr/local/include    -fpic  -g -O2 -fstack-protector-strong -Wformat -Wformat-security -Wdate-time -D_FORTIFY_SOURCE=2 -g  -c metahdep.c -o metahdep.o
In file included from metahdep.c:3:
metahdep.c: In function ‘get_row_indices2’:
/usr/local/lib/R/include/Rinternals.h:200:17: warning: passing argument 5 of ‘metan_binary_search_unique’ makes integer from pointer without a cast [-Wint-conversion]
  200 | #define CHAR(x) R_CHAR(x)
      |                 ^~~~~~~~~
      |                 |
      |                 const char *
metahdep.c:471:107: note: in expansion of macro ‘CHAR’
  471 |                                 index = metan_binary_search_unique(name_list, sort_index, R_old_names, j, CHAR(STRING_ELT(R_old_chipsets, j)), i);
      |                                                                                                           ^~~~
metahdep.c:372:103: note: expected ‘char’ but argument is of type ‘const char *’
  372 | SEXP metan_binary_search_unique(SEXP name_list, SEXP sort_index, SEXP gene_name, int gene_index, char chipset_name, int study_num)
      |                                                                                                  ~~~~~^~~~~~~~~~~~
gcc -shared -L/usr/local/lib/R/lib -L/usr/local/lib -o metahdep.so metahdep.o -L/usr/local/lib/R/lib -lR
installing to /mnt/library/00LOCK-metahdep/00new/metahdep/libs
** R
** data
** inst
** byte-compile and prepare package for lazy loading
** help
*** installing help indices
** building package indices
** installing vignettes
** testing if installed package can be loaded from temporary location
** checking absolute paths in shared objects and dynamic libraries
** testing if installed package can be loaded from final location
** testing if installed package keeps a record of temporary installation path
* creating tarball
packaged installation of ‘metahdep’ as ‘metahdep_1.64.0_R_x86_64-pc-linux-gnu.tar.gz’
* DONE (metahdep)
ERROR: dependency ‘S4Vectors’ is not available for package ‘UCSC.utils’
* removing ‘/mnt/library/UCSC.utils’
ERROR: dependency ‘S4Vectors’ is not available for package ‘IRanges’
* removing ‘/mnt/library/IRanges’
ERROR: dependency ‘zlibbioc’ is not available for package ‘affy’
* removing ‘/mnt/library/affy’
ERROR: dependencies ‘S4Vectors’, ‘IRanges’, ‘UCSC.utils’ are not available for package ‘GenomeInfoDb’
* removing ‘/mnt/library/GenomeInfoDb’
ERROR: dependencies ‘S4Vectors’, ‘IRanges’, ‘zlibbioc’ are not available for package ‘XVector’
* removing ‘/mnt/library/XVector’
ERROR: dependencies ‘S4Vectors’, ‘IRanges’, ‘XVector’, ‘GenomeInfoDb’ are not available for package ‘Biostrings’
* removing ‘/mnt/library/Biostrings’
ERROR: dependencies ‘affy’, ‘XVector’, ‘Biostrings’ are not available for package ‘gcrma’
* removing ‘/mnt/library/gcrma’
ERROR: dependencies ‘affy’, ‘Biobase’, ‘gcrma’ are not available for package ‘affyPLM’
* removing ‘/mnt/library/affyPLM’

The downloaded source packages are in
	‘/tmp/RtmpTMAVil/downloaded_packages’
Old packages: 'bslib', 'cli', 'curl', 'evaluate', 'httr2', 'jsonlite',
  'openssl', 'pillar', 'pkgbuild', 'processx', 'ps', 'purrr', 'R6', 'Rcpp',
  'rlang', 'sessioninfo', 'systemfonts', 'testthat', 'textshaping', 'tinytex',
  'xfun', 'zip', 'class', 'foreign', 'KernSmooth', 'MASS', 'Matrix', 'nlme',
  'nnet', 'rpart', 'spatial'
Warning messages:
1: In install.packages(...) :
  installation of package ‘S4Vectors’ had non-zero exit status
2: In install.packages(...) :
  installation of package ‘Biobase’ had non-zero exit status
3: In install.packages(...) :
  installation of package ‘UCSC.utils’ had non-zero exit status
4: In install.packages(...) :
  installation of package ‘IRanges’ had non-zero exit status
5: In install.packages(...) :
  installation of package ‘affy’ had non-zero exit status
6: In install.packages(...) :
  installation of package ‘GenomeInfoDb’ had non-zero exit status
7: In install.packages(...) :
  installation of package ‘XVector’ had non-zero exit status
8: In install.packages(...) :
  installation of package ‘Biostrings’ had non-zero exit status
9: In install.packages(...) :
  installation of package ‘gcrma’ had non-zero exit status
10: In install.packages(...) :
  installation of package ‘affyPLM’ had non-zero exit status

real	6m31.979s
user	0m11.054s
sys	0m4.496s
