'getOption("repos")' replaces Bioconductor standard repositories, see
'help("repositories", package = "BiocManager")' for details.
Replacement repositories:
    CRAN: https://p3m.dev/cran/__linux__/noble/latest
Bioconductor version 3.20 (BiocManager 1.30.25), R 4.4.2 (2024-10-31)
Installing package(s) 'GladiaTOX'
also installing the dependencies ‘RMariaDB’, ‘RJSONIO’

trying URL 'https://p3m.dev/cran/__linux__/noble/latest/src/contrib/RMariaDB_1.3.4.tar.gz'
Content type 'binary/octet-stream' length 416877 bytes (407 KB)
==================================================
downloaded 407 KB

trying URL 'https://p3m.dev/cran/__linux__/noble/latest/src/contrib/RJSONIO_1.3-1.9.tar.gz'
Content type 'binary/octet-stream' length 1043888 bytes (1019 KB)
==================================================
downloaded 1019 KB

trying URL 'https://bioconductor.org/packages/3.20/bioc/src/contrib/GladiaTOX_1.22.0.tar.gz'
Content type 'application/x-gzip' length 4166779 bytes (4.0 MB)
==================================================
downloaded 4.0 MB

* installing *binary* package ‘RMariaDB’ ...
* ‘RMariaDB’ was already a binary package and will not be rebuilt
* creating tarball
packaged installation of ‘RMariaDB’ as ‘RMariaDB_1.3.4_R_x86_64-pc-linux-gnu.tar.gz’
* DONE (RMariaDB)
* installing *binary* package ‘RJSONIO’ ...
* ‘RJSONIO’ was already a binary package and will not be rebuilt
* creating tarball
packaged installation of ‘RJSONIO’ as ‘RJSONIO_1.3-1.9_R_x86_64-pc-linux-gnu.tar.gz’
* DONE (RJSONIO)
* installing *source* package ‘GladiaTOX’ ...
** package ‘GladiaTOX’ successfully unpacked and MD5 sums checked
** using staged installation
** R
** inst
** byte-compile and prepare package for lazy loading
** help
*** installing help indices
** building package indices
** installing vignettes
** testing if installed package can be loaded from temporary location
** testing if installed package can be loaded from final location
** testing if installed package keeps a record of temporary installation path
* creating tarball
packaged installation of ‘GladiaTOX’ as ‘GladiaTOX_1.22.0_R_x86_64-pc-linux-gnu.tar.gz’
* DONE (GladiaTOX)

The downloaded source packages are in
	‘/tmp/RtmpEbiKAq/downloaded_packages’
Old packages: 'bslib', 'cli', 'curl', 'evaluate', 'httr2', 'jsonlite',
  'openssl', 'pillar', 'pkgbuild', 'processx', 'ps', 'purrr', 'R6', 'Rcpp',
  'rlang', 'sessioninfo', 'systemfonts', 'testthat', 'textshaping', 'tinytex',
  'xfun', 'zip', 'class', 'foreign', 'KernSmooth', 'MASS', 'Matrix', 'nlme',
  'nnet', 'rpart', 'spatial'

real	0m55.615s
user	0m13.194s
sys	0m2.657s
