'getOption("repos")' replaces Bioconductor standard repositories, see
'help("repositories", package = "BiocManager")' for details.
Replacement repositories:
    CRAN: https://p3m.dev/cran/__linux__/noble/latest
Bioconductor version 3.20 (BiocManager 1.30.25), R 4.4.2 (2024-10-31)
Installing package(s) 'censcyt'
also installing the dependency ‘broom.mixed’

trying URL 'https://p3m.dev/cran/__linux__/noble/latest/src/contrib/broom.mixed_0.2.9.6.tar.gz'
Content type 'binary/octet-stream' length 5319178 bytes (5.1 MB)
==================================================
downloaded 5.1 MB

trying URL 'https://bioconductor.org/packages/3.20/bioc/src/contrib/censcyt_1.14.0.tar.gz'
Content type 'application/x-gzip' length 535503 bytes (522 KB)
==================================================
downloaded 522 KB

* installing *binary* package ‘broom.mixed’ ...
* ‘broom.mixed’ was already a binary package and will not be rebuilt
* creating tarball
packaged installation of ‘broom.mixed’ as ‘broom.mixed_0.2.9.6_R_x86_64-pc-linux-gnu.tar.gz’
* DONE (broom.mixed)
* installing *source* package ‘censcyt’ ...
** package ‘censcyt’ successfully unpacked and MD5 sums checked
** using staged installation
** R
** inst
** byte-compile and prepare package for lazy loading
** help
*** installing help indices
** building package indices
** installing vignettes
** testing if installed package can be loaded from temporary location
** testing if installed package can be loaded from final location
** testing if installed package keeps a record of temporary installation path
* creating tarball
packaged installation of ‘censcyt’ as ‘censcyt_1.14.0_R_x86_64-pc-linux-gnu.tar.gz’
* DONE (censcyt)

The downloaded source packages are in
	‘/tmp/RtmpHtbXkx/downloaded_packages’
Old packages: 'bslib', 'cli', 'curl', 'evaluate', 'httr2', 'jsonlite',
  'openssl', 'pillar', 'pkgbuild', 'processx', 'ps', 'purrr', 'R6', 'Rcpp',
  'rlang', 'sessioninfo', 'systemfonts', 'testthat', 'textshaping', 'tinytex',
  'xfun', 'zip', 'class', 'foreign', 'KernSmooth', 'MASS', 'Matrix', 'nlme',
  'nnet', 'rpart', 'spatial'

real	31m17.314s
user	0m41.537s
sys	0m8.403s
