'getOption("repos")' replaces Bioconductor standard repositories, see
'help("repositories", package = "BiocManager")' for details.
Replacement repositories:
    CRAN: https://p3m.dev/cran/__linux__/noble/latest
Bioconductor version 3.20 (BiocManager 1.30.25), R 4.4.2 (2024-10-31)
Installing package(s) 'qPLEXanalyzer'
also installing the dependency ‘qPLEXdata’

trying URL 'https://bioconductor.org/packages/3.20/data/experiment/src/contrib/qPLEXdata_1.24.0.tar.gz'
Content type 'application/x-gzip' length 12271368 bytes (11.7 MB)
==================================================
downloaded 11.7 MB

trying URL 'https://bioconductor.org/packages/3.20/bioc/src/contrib/qPLEXanalyzer_1.24.0.tar.gz'
Content type 'application/x-gzip' length 3709358 bytes (3.5 MB)
==================================================
downloaded 3.5 MB

* installing *source* package ‘qPLEXanalyzer’ ...
** package ‘qPLEXanalyzer’ successfully unpacked and MD5 sums checked
** using staged installation
** R
** data
** inst
** byte-compile and prepare package for lazy loading
Note: wrong number of arguments to '==' 
Note: wrong number of arguments to '==' 
** help
*** installing help indices
** building package indices
** installing vignettes
** testing if installed package can be loaded from temporary location
** testing if installed package can be loaded from final location
** testing if installed package keeps a record of temporary installation path
* creating tarball
packaged installation of ‘qPLEXanalyzer’ as ‘qPLEXanalyzer_1.24.0_R_x86_64-pc-linux-gnu.tar.gz’
* DONE (qPLEXanalyzer)
* installing *source* package ‘qPLEXdata’ ...
** using staged installation
** R
** data
** inst
** byte-compile and prepare package for lazy loading
Warning: replacing previous import ‘dplyr::combine’ by ‘MSnbase::combine’ when loading ‘qPLEXdata’
** help
*** installing help indices
** building package indices
** installing vignettes
** testing if installed package can be loaded from temporary location
Warning: replacing previous import ‘dplyr::combine’ by ‘MSnbase::combine’ when loading ‘qPLEXdata’
** testing if installed package can be loaded from final location
Warning: replacing previous import ‘dplyr::combine’ by ‘MSnbase::combine’ when loading ‘qPLEXdata’
** testing if installed package keeps a record of temporary installation path
* creating tarball
packaged installation of ‘qPLEXdata’ as ‘qPLEXdata_1.24.0_R_x86_64-pc-linux-gnu.tar.gz’
* DONE (qPLEXdata)

The downloaded source packages are in
	‘/tmp/Rtmp5iufv1/downloaded_packages’
Old packages: 'bslib', 'cli', 'curl', 'evaluate', 'httr2', 'jsonlite',
  'openssl', 'pillar', 'pkgbuild', 'processx', 'ps', 'purrr', 'R6', 'Rcpp',
  'rlang', 'sessioninfo', 'systemfonts', 'testthat', 'textshaping', 'tinytex',
  'xfun', 'zip', 'class', 'foreign', 'KernSmooth', 'MASS', 'Matrix', 'nlme',
  'nnet', 'rpart', 'spatial'

real	2m55.596s
user	1m6.801s
sys	0m10.629s
