'getOption("repos")' replaces Bioconductor standard repositories, see
'help("repositories", package = "BiocManager")' for details.
Replacement repositories:
    CRAN: https://p3m.dev/cran/__linux__/noble/latest
Bioconductor version 3.20 (BiocManager 1.30.25), R 4.4.2 (2024-10-31)
Installing package(s) 'RNAmodR.ML'
also installing the dependency ‘RNAmodR.AlkAnilineSeq’

trying URL 'https://bioconductor.org/packages/3.20/bioc/src/contrib/RNAmodR.AlkAnilineSeq_1.20.0.tar.gz'
Content type 'application/x-gzip' length 1101758 bytes (1.1 MB)
==================================================
downloaded 1.1 MB

trying URL 'https://bioconductor.org/packages/3.20/bioc/src/contrib/RNAmodR.ML_1.20.0.tar.gz'
Content type 'application/x-gzip' length 1736150 bytes (1.7 MB)
==================================================
downloaded 1.7 MB

ERROR: failed to lock directory ‘/mnt/library’ for modifying
Try removing ‘/mnt/library/00LOCK-RNAmodR.AlkAnilineSeq’
* installing *source* package ‘RNAmodR.ML’ ...
** package ‘RNAmodR.ML’ successfully unpacked and MD5 sums checked
** using staged installation
** R
** data
** inst
** byte-compile and prepare package for lazy loading
** help
*** installing help indices
** building package indices
** installing vignettes
** testing if installed package can be loaded from temporary location
** testing if installed package can be loaded from final location
** testing if installed package keeps a record of temporary installation path
* creating tarball
packaged installation of ‘RNAmodR.ML’ as ‘RNAmodR.ML_1.20.0_R_x86_64-pc-linux-gnu.tar.gz’
* DONE (RNAmodR.ML)

The downloaded source packages are in
	‘/tmp/Rtmpddb5DT/downloaded_packages’
Old packages: 'bslib', 'cli', 'curl', 'evaluate', 'httr2', 'jsonlite',
  'openssl', 'pillar', 'pkgbuild', 'processx', 'ps', 'purrr', 'R6', 'Rcpp',
  'rlang', 'sessioninfo', 'systemfonts', 'testthat', 'textshaping', 'tinytex',
  'xfun', 'zip', 'class', 'foreign', 'KernSmooth', 'MASS', 'Matrix', 'nlme',
  'nnet', 'rpart', 'spatial'
Warning message:
In install.packages(...) :
  installation of package ‘RNAmodR.AlkAnilineSeq’ had non-zero exit status

real	4m7.667s
user	0m57.586s
sys	0m10.568s
