'getOption("repos")' replaces Bioconductor standard repositories, see
'help("repositories", package = "BiocManager")' for details.
Replacement repositories:
    CRAN: https://p3m.dev/cran/__linux__/noble/latest
Bioconductor version 3.20 (BiocManager 1.30.25), R 4.4.2 (2024-10-31)
Installing package(s) 'SigCheck'
also installing the dependency ‘breastCancerNKI’

trying URL 'https://bioconductor.org/packages/3.20/data/experiment/src/contrib/breastCancerNKI_1.44.0.tar.gz'
Content type 'application/x-gzip' length 16301849 bytes (15.5 MB)
==================================================
downloaded 15.5 MB

trying URL 'https://bioconductor.org/packages/3.20/bioc/src/contrib/SigCheck_2.38.0.tar.gz'
Content type 'application/x-gzip' length 379716 bytes (370 KB)
==================================================
downloaded 370 KB

* installing *source* package ‘breastCancerNKI’ ...
** using staged installation
** data
** help
*** installing help indices
** building package indices
** testing if installed package can be loaded from temporary location
** testing if installed package can be loaded from final location
** testing if installed package keeps a record of temporary installation path
* creating tarball
packaged installation of ‘breastCancerNKI’ as ‘breastCancerNKI_1.44.0_R_x86_64-pc-linux-gnu.tar.gz’
* DONE (breastCancerNKI)
* installing *source* package ‘SigCheck’ ...
** package ‘SigCheck’ successfully unpacked and MD5 sums checked
** using staged installation
** R
** data
** inst
** byte-compile and prepare package for lazy loading
Creating a new generic function for ‘signature’ in package ‘SigCheck’
** help
*** installing help indices
** building package indices
** installing vignettes
** testing if installed package can be loaded from temporary location
** testing if installed package can be loaded from final location
** testing if installed package keeps a record of temporary installation path
* creating tarball
packaged installation of ‘SigCheck’ as ‘SigCheck_2.38.0_R_x86_64-pc-linux-gnu.tar.gz’
* DONE (SigCheck)

The downloaded source packages are in
	‘/tmp/Rtmp8rCjah/downloaded_packages’
Old packages: 'bslib', 'cli', 'curl', 'evaluate', 'httr2', 'jsonlite',
  'openssl', 'pillar', 'pkgbuild', 'processx', 'ps', 'purrr', 'R6', 'Rcpp',
  'rlang', 'sessioninfo', 'systemfonts', 'testthat', 'textshaping', 'tinytex',
  'xfun', 'zip', 'class', 'foreign', 'KernSmooth', 'MASS', 'Matrix', 'nlme',
  'nnet', 'rpart', 'spatial'

real	2m15.105s
user	0m33.968s
sys	0m7.543s
