'getOption("repos")' replaces Bioconductor standard repositories, see
'help("repositories", package = "BiocManager")' for details.
Replacement repositories:
    CRAN: https://p3m.dev/cran/__linux__/noble/latest
Bioconductor version 3.20 (BiocManager 1.30.25), R 4.4.2 (2024-10-31)
Installing package(s) 'sparrow'
also installing the dependency ‘PANTHER.db’

trying URL 'https://bioconductor.org/packages/3.20/data/annotation/src/contrib/PANTHER.db_1.0.12.tar.gz'
Content type 'application/x-gzip' length 325416 bytes (317 KB)
==================================================
downloaded 317 KB

trying URL 'https://bioconductor.org/packages/3.20/bioc/src/contrib/sparrow_1.12.0.tar.gz'
Content type 'application/x-gzip' length 4401388 bytes (4.2 MB)
==================================================
downloaded 4.2 MB

* installing *source* package ‘PANTHER.db’ ...
** using staged installation
** R
** inst
** byte-compile and prepare package for lazy loading
** help
*** installing help indices
** building package indices
** installing vignettes
** testing if installed package can be loaded from temporary location
** testing if installed package can be loaded from final location
** testing if installed package keeps a record of temporary installation path
* creating tarball
packaged installation of ‘PANTHER.db’ as ‘PANTHER.db_1.0.12_R_x86_64-pc-linux-gnu.tar.gz’
* DONE (PANTHER.db)
* installing *source* package ‘sparrow’ ...
** package ‘sparrow’ successfully unpacked and MD5 sums checked
** using staged installation
** R
** inst
** byte-compile and prepare package for lazy loading
** help
*** installing help indices
*** copying figures
** building package indices
** installing vignettes
** testing if installed package can be loaded from temporary location
** testing if installed package can be loaded from final location
** testing if installed package keeps a record of temporary installation path
* creating tarball
packaged installation of ‘sparrow’ as ‘sparrow_1.12.0_R_x86_64-pc-linux-gnu.tar.gz’
* DONE (sparrow)

The downloaded source packages are in
	‘/tmp/RtmpFfpziD/downloaded_packages’
Old packages: 'bslib', 'cli', 'curl', 'evaluate', 'httr2', 'jsonlite',
  'openssl', 'pillar', 'pkgbuild', 'processx', 'ps', 'purrr', 'R6', 'Rcpp',
  'rlang', 'sessioninfo', 'systemfonts', 'testthat', 'textshaping', 'tinytex',
  'xfun', 'zip', 'class', 'foreign', 'KernSmooth', 'MASS', 'Matrix', 'nlme',
  'nnet', 'rpart', 'spatial'

real	1m51.885s
user	0m53.037s
sys	0m10.887s
