'getOption("repos")' replaces Bioconductor standard repositories, see
'help("repositories", package = "BiocManager")' for details.
Replacement repositories:
    CRAN: https://p3m.dev/cran/__linux__/noble/latest
Bioconductor version 3.20 (BiocManager 1.30.25), R 4.4.2 (2024-10-31)
Installing package(s) 'CoGAPS'
trying URL 'https://bioconductor.org/packages/3.20/bioc/src/contrib/CoGAPS_3.26.0.tar.gz'
Content type 'application/x-gzip' length 20873879 bytes (19.9 MB)
==================================================
downloaded 19.9 MB

* installing *source* package ‘CoGAPS’ ...
** package ‘CoGAPS’ successfully unpacked and MD5 sums checked
** using staged installation
checking whether the C++ compiler works... yes
checking for C++ compiler default output file name... a.out
checking for suffix of executables... 
checking whether we are cross compiling... no
checking for suffix of object files... o
checking whether the compiler supports GNU C++... yes
checking whether g++ -std=gnu++17 accepts -g... yes
checking for g++ -std=gnu++17 option to enable C++11 features... none needed
checking how to run the C++ preprocessor... g++ -std=gnu++17 -E
checking whether the compiler supports GNU C++... (cached) yes
checking whether g++ -std=gnu++17 accepts -g... (cached) yes
checking for g++ -std=gnu++17 option to enable C++11 features... (cached) none needed
./configure: line 3246: AX_COMPILER_VENDOR: command not found
./configure: line 3247: AX_COMPILER_VERSION: command not found
./configure: line 3259: AX_OPENMP: command not found
building on  compiler version 
configure: creating ./config.status
config.status: creating src/Makevars
** libs
using C++ compiler: ‘g++ (Ubuntu 13.3.0-6ubuntu2~24.04) 13.3.0’
g++ -std=gnu++17 -I"/usr/local/lib/R/include" -DNDEBUG -DBOOST_MATH_PROMOTE_DOUBLE_POLICY=0 -DGAPS_DISABLE_CHECKPOINTS -D__GAPS_R_BUILD__ -I'/usr/local/lib/R/site-library/Rcpp/include' -I'/mnt/library/BH/include' -I/usr/local/include    -fpic  -g -O2 -fstack-protector-strong -Wformat -Wformat-security -Wdate-time -D_FORTIFY_SOURCE=2 -g  -DR_NO_REMAP -c Cogaps.cpp -o Cogaps.o
g++ -std=gnu++17 -I"/usr/local/lib/R/include" -DNDEBUG -DBOOST_MATH_PROMOTE_DOUBLE_POLICY=0 -DGAPS_DISABLE_CHECKPOINTS -D__GAPS_R_BUILD__ -I'/usr/local/lib/R/site-library/Rcpp/include' -I'/mnt/library/BH/include' -I/usr/local/include    -fpic  -g -O2 -fstack-protector-strong -Wformat -Wformat-security -Wdate-time -D_FORTIFY_SOURCE=2 -g  -DR_NO_REMAP -c GapsParameters.cpp -o GapsParameters.o
g++ -std=gnu++17 -I"/usr/local/lib/R/include" -DNDEBUG -DBOOST_MATH_PROMOTE_DOUBLE_POLICY=0 -DGAPS_DISABLE_CHECKPOINTS -D__GAPS_R_BUILD__ -I'/usr/local/lib/R/site-library/Rcpp/include' -I'/mnt/library/BH/include' -I/usr/local/include    -fpic  -g -O2 -fstack-protector-strong -Wformat -Wformat-security -Wdate-time -D_FORTIFY_SOURCE=2 -g  -DR_NO_REMAP -c GapsResult.cpp -o GapsResult.o
g++ -std=gnu++17 -I"/usr/local/lib/R/include" -DNDEBUG -DBOOST_MATH_PROMOTE_DOUBLE_POLICY=0 -DGAPS_DISABLE_CHECKPOINTS -D__GAPS_R_BUILD__ -I'/usr/local/lib/R/site-library/Rcpp/include' -I'/mnt/library/BH/include' -I/usr/local/include    -fpic  -g -O2 -fstack-protector-strong -Wformat -Wformat-security -Wdate-time -D_FORTIFY_SOURCE=2 -g  -DR_NO_REMAP -c GapsRunner.cpp -o GapsRunner.o
g++ -std=gnu++17 -I"/usr/local/lib/R/include" -DNDEBUG -DBOOST_MATH_PROMOTE_DOUBLE_POLICY=0 -DGAPS_DISABLE_CHECKPOINTS -D__GAPS_R_BUILD__ -I'/usr/local/lib/R/site-library/Rcpp/include' -I'/mnt/library/BH/include' -I/usr/local/include    -fpic  -g -O2 -fstack-protector-strong -Wformat -Wformat-security -Wdate-time -D_FORTIFY_SOURCE=2 -g  -DR_NO_REMAP -c GapsStatistics.cpp -o GapsStatistics.o
g++ -std=gnu++17 -I"/usr/local/lib/R/include" -DNDEBUG -DBOOST_MATH_PROMOTE_DOUBLE_POLICY=0 -DGAPS_DISABLE_CHECKPOINTS -D__GAPS_R_BUILD__ -I'/usr/local/lib/R/site-library/Rcpp/include' -I'/mnt/library/BH/include' -I/usr/local/include    -fpic  -g -O2 -fstack-protector-strong -Wformat -Wformat-security -Wdate-time -D_FORTIFY_SOURCE=2 -g  -DR_NO_REMAP -c RcppExports.cpp -o RcppExports.o
g++ -std=gnu++17 -I"/usr/local/lib/R/include" -DNDEBUG -DBOOST_MATH_PROMOTE_DOUBLE_POLICY=0 -DGAPS_DISABLE_CHECKPOINTS -D__GAPS_R_BUILD__ -I'/usr/local/lib/R/site-library/Rcpp/include' -I'/mnt/library/BH/include' -I/usr/local/include    -fpic  -g -O2 -fstack-protector-strong -Wformat -Wformat-security -Wdate-time -D_FORTIFY_SOURCE=2 -g  -DR_NO_REMAP -c test-runner.cpp -o test-runner.o
g++ -std=gnu++17 -I"/usr/local/lib/R/include" -DNDEBUG -DBOOST_MATH_PROMOTE_DOUBLE_POLICY=0 -DGAPS_DISABLE_CHECKPOINTS -D__GAPS_R_BUILD__ -I'/usr/local/lib/R/site-library/Rcpp/include' -I'/mnt/library/BH/include' -I/usr/local/include    -fpic  -g -O2 -fstack-protector-strong -Wformat -Wformat-security -Wdate-time -D_FORTIFY_SOURCE=2 -g  -DR_NO_REMAP -c atomic/Atom.cpp -o atomic/Atom.o
g++ -std=gnu++17 -I"/usr/local/lib/R/include" -DNDEBUG -DBOOST_MATH_PROMOTE_DOUBLE_POLICY=0 -DGAPS_DISABLE_CHECKPOINTS -D__GAPS_R_BUILD__ -I'/usr/local/lib/R/site-library/Rcpp/include' -I'/mnt/library/BH/include' -I/usr/local/include    -fpic  -g -O2 -fstack-protector-strong -Wformat -Wformat-security -Wdate-time -D_FORTIFY_SOURCE=2 -g  -DR_NO_REMAP -c atomic/ConcurrentAtom.cpp -o atomic/ConcurrentAtom.o
g++ -std=gnu++17 -I"/usr/local/lib/R/include" -DNDEBUG -DBOOST_MATH_PROMOTE_DOUBLE_POLICY=0 -DGAPS_DISABLE_CHECKPOINTS -D__GAPS_R_BUILD__ -I'/usr/local/lib/R/site-library/Rcpp/include' -I'/mnt/library/BH/include' -I/usr/local/include    -fpic  -g -O2 -fstack-protector-strong -Wformat -Wformat-security -Wdate-time -D_FORTIFY_SOURCE=2 -g  -DR_NO_REMAP -c atomic/AtomicDomain.cpp -o atomic/AtomicDomain.o
g++ -std=gnu++17 -I"/usr/local/lib/R/include" -DNDEBUG -DBOOST_MATH_PROMOTE_DOUBLE_POLICY=0 -DGAPS_DISABLE_CHECKPOINTS -D__GAPS_R_BUILD__ -I'/usr/local/lib/R/site-library/Rcpp/include' -I'/mnt/library/BH/include' -I/usr/local/include    -fpic  -g -O2 -fstack-protector-strong -Wformat -Wformat-security -Wdate-time -D_FORTIFY_SOURCE=2 -g  -DR_NO_REMAP -c atomic/ConcurrentAtomicDomain.cpp -o atomic/ConcurrentAtomicDomain.o
g++ -std=gnu++17 -I"/usr/local/lib/R/include" -DNDEBUG -DBOOST_MATH_PROMOTE_DOUBLE_POLICY=0 -DGAPS_DISABLE_CHECKPOINTS -D__GAPS_R_BUILD__ -I'/usr/local/lib/R/site-library/Rcpp/include' -I'/mnt/library/BH/include' -I/usr/local/include    -fpic  -g -O2 -fstack-protector-strong -Wformat -Wformat-security -Wdate-time -D_FORTIFY_SOURCE=2 -g  -DR_NO_REMAP -c atomic/ProposalQueue.cpp -o atomic/ProposalQueue.o
g++ -std=gnu++17 -I"/usr/local/lib/R/include" -DNDEBUG -DBOOST_MATH_PROMOTE_DOUBLE_POLICY=0 -DGAPS_DISABLE_CHECKPOINTS -D__GAPS_R_BUILD__ -I'/usr/local/lib/R/site-library/Rcpp/include' -I'/mnt/library/BH/include' -I/usr/local/include    -fpic  -g -O2 -fstack-protector-strong -Wformat -Wformat-security -Wdate-time -D_FORTIFY_SOURCE=2 -g  -DR_NO_REMAP -c data_structures/HashSets.cpp -o data_structures/HashSets.o
g++ -std=gnu++17 -I"/usr/local/lib/R/include" -DNDEBUG -DBOOST_MATH_PROMOTE_DOUBLE_POLICY=0 -DGAPS_DISABLE_CHECKPOINTS -D__GAPS_R_BUILD__ -I'/usr/local/lib/R/site-library/Rcpp/include' -I'/mnt/library/BH/include' -I/usr/local/include    -fpic  -g -O2 -fstack-protector-strong -Wformat -Wformat-security -Wdate-time -D_FORTIFY_SOURCE=2 -g  -DR_NO_REMAP -c data_structures/HybridMatrix.cpp -o data_structures/HybridMatrix.o
g++ -std=gnu++17 -I"/usr/local/lib/R/include" -DNDEBUG -DBOOST_MATH_PROMOTE_DOUBLE_POLICY=0 -DGAPS_DISABLE_CHECKPOINTS -D__GAPS_R_BUILD__ -I'/usr/local/lib/R/site-library/Rcpp/include' -I'/mnt/library/BH/include' -I/usr/local/include    -fpic  -g -O2 -fstack-protector-strong -Wformat -Wformat-security -Wdate-time -D_FORTIFY_SOURCE=2 -g  -DR_NO_REMAP -c data_structures/HybridVector.cpp -o data_structures/HybridVector.o
g++ -std=gnu++17 -I"/usr/local/lib/R/include" -DNDEBUG -DBOOST_MATH_PROMOTE_DOUBLE_POLICY=0 -DGAPS_DISABLE_CHECKPOINTS -D__GAPS_R_BUILD__ -I'/usr/local/lib/R/site-library/Rcpp/include' -I'/mnt/library/BH/include' -I/usr/local/include    -fpic  -g -O2 -fstack-protector-strong -Wformat -Wformat-security -Wdate-time -D_FORTIFY_SOURCE=2 -g  -DR_NO_REMAP -c data_structures/Matrix.cpp -o data_structures/Matrix.o
g++ -std=gnu++17 -I"/usr/local/lib/R/include" -DNDEBUG -DBOOST_MATH_PROMOTE_DOUBLE_POLICY=0 -DGAPS_DISABLE_CHECKPOINTS -D__GAPS_R_BUILD__ -I'/usr/local/lib/R/site-library/Rcpp/include' -I'/mnt/library/BH/include' -I/usr/local/include    -fpic  -g -O2 -fstack-protector-strong -Wformat -Wformat-security -Wdate-time -D_FORTIFY_SOURCE=2 -g  -DR_NO_REMAP -c data_structures/SparseIterator.cpp -o data_structures/SparseIterator.o
g++ -std=gnu++17 -I"/usr/local/lib/R/include" -DNDEBUG -DBOOST_MATH_PROMOTE_DOUBLE_POLICY=0 -DGAPS_DISABLE_CHECKPOINTS -D__GAPS_R_BUILD__ -I'/usr/local/lib/R/site-library/Rcpp/include' -I'/mnt/library/BH/include' -I/usr/local/include    -fpic  -g -O2 -fstack-protector-strong -Wformat -Wformat-security -Wdate-time -D_FORTIFY_SOURCE=2 -g  -DR_NO_REMAP -c data_structures/SparseMatrix.cpp -o data_structures/SparseMatrix.o
g++ -std=gnu++17 -I"/usr/local/lib/R/include" -DNDEBUG -DBOOST_MATH_PROMOTE_DOUBLE_POLICY=0 -DGAPS_DISABLE_CHECKPOINTS -D__GAPS_R_BUILD__ -I'/usr/local/lib/R/site-library/Rcpp/include' -I'/mnt/library/BH/include' -I/usr/local/include    -fpic  -g -O2 -fstack-protector-strong -Wformat -Wformat-security -Wdate-time -D_FORTIFY_SOURCE=2 -g  -DR_NO_REMAP -c data_structures/SparseVector.cpp -o data_structures/SparseVector.o
g++ -std=gnu++17 -I"/usr/local/lib/R/include" -DNDEBUG -DBOOST_MATH_PROMOTE_DOUBLE_POLICY=0 -DGAPS_DISABLE_CHECKPOINTS -D__GAPS_R_BUILD__ -I'/usr/local/lib/R/site-library/Rcpp/include' -I'/mnt/library/BH/include' -I/usr/local/include    -fpic  -g -O2 -fstack-protector-strong -Wformat -Wformat-security -Wdate-time -D_FORTIFY_SOURCE=2 -g  -DR_NO_REMAP -c data_structures/Vector.cpp -o data_structures/Vector.o
g++ -std=gnu++17 -I"/usr/local/lib/R/include" -DNDEBUG -DBOOST_MATH_PROMOTE_DOUBLE_POLICY=0 -DGAPS_DISABLE_CHECKPOINTS -D__GAPS_R_BUILD__ -I'/usr/local/lib/R/site-library/Rcpp/include' -I'/mnt/library/BH/include' -I/usr/local/include    -fpic  -g -O2 -fstack-protector-strong -Wformat -Wformat-security -Wdate-time -D_FORTIFY_SOURCE=2 -g  -DR_NO_REMAP -c file_parser/CharacterDelimitedParser.cpp -o file_parser/CharacterDelimitedParser.o
g++ -std=gnu++17 -I"/usr/local/lib/R/include" -DNDEBUG -DBOOST_MATH_PROMOTE_DOUBLE_POLICY=0 -DGAPS_DISABLE_CHECKPOINTS -D__GAPS_R_BUILD__ -I'/usr/local/lib/R/site-library/Rcpp/include' -I'/mnt/library/BH/include' -I/usr/local/include    -fpic  -g -O2 -fstack-protector-strong -Wformat -Wformat-security -Wdate-time -D_FORTIFY_SOURCE=2 -g  -DR_NO_REMAP -c file_parser/FileParser.cpp -o file_parser/FileParser.o
g++ -std=gnu++17 -I"/usr/local/lib/R/include" -DNDEBUG -DBOOST_MATH_PROMOTE_DOUBLE_POLICY=0 -DGAPS_DISABLE_CHECKPOINTS -D__GAPS_R_BUILD__ -I'/usr/local/lib/R/site-library/Rcpp/include' -I'/mnt/library/BH/include' -I/usr/local/include    -fpic  -g -O2 -fstack-protector-strong -Wformat -Wformat-security -Wdate-time -D_FORTIFY_SOURCE=2 -g  -DR_NO_REMAP -c file_parser/MatrixElement.cpp -o file_parser/MatrixElement.o
g++ -std=gnu++17 -I"/usr/local/lib/R/include" -DNDEBUG -DBOOST_MATH_PROMOTE_DOUBLE_POLICY=0 -DGAPS_DISABLE_CHECKPOINTS -D__GAPS_R_BUILD__ -I'/usr/local/lib/R/site-library/Rcpp/include' -I'/mnt/library/BH/include' -I/usr/local/include    -fpic  -g -O2 -fstack-protector-strong -Wformat -Wformat-security -Wdate-time -D_FORTIFY_SOURCE=2 -g  -DR_NO_REMAP -c file_parser/MtxParser.cpp -o file_parser/MtxParser.o
g++ -std=gnu++17 -I"/usr/local/lib/R/include" -DNDEBUG -DBOOST_MATH_PROMOTE_DOUBLE_POLICY=0 -DGAPS_DISABLE_CHECKPOINTS -D__GAPS_R_BUILD__ -I'/usr/local/lib/R/site-library/Rcpp/include' -I'/mnt/library/BH/include' -I/usr/local/include    -fpic  -g -O2 -fstack-protector-strong -Wformat -Wformat-security -Wdate-time -D_FORTIFY_SOURCE=2 -g  -DR_NO_REMAP -c gibbs_sampler/AlphaParameters.cpp -o gibbs_sampler/AlphaParameters.o
g++ -std=gnu++17 -I"/usr/local/lib/R/include" -DNDEBUG -DBOOST_MATH_PROMOTE_DOUBLE_POLICY=0 -DGAPS_DISABLE_CHECKPOINTS -D__GAPS_R_BUILD__ -I'/usr/local/lib/R/site-library/Rcpp/include' -I'/mnt/library/BH/include' -I/usr/local/include    -fpic  -g -O2 -fstack-protector-strong -Wformat -Wformat-security -Wdate-time -D_FORTIFY_SOURCE=2 -g  -DR_NO_REMAP -c gibbs_sampler/DenseNormalModel.cpp -o gibbs_sampler/DenseNormalModel.o
g++ -std=gnu++17 -I"/usr/local/lib/R/include" -DNDEBUG -DBOOST_MATH_PROMOTE_DOUBLE_POLICY=0 -DGAPS_DISABLE_CHECKPOINTS -D__GAPS_R_BUILD__ -I'/usr/local/lib/R/site-library/Rcpp/include' -I'/mnt/library/BH/include' -I/usr/local/include    -fpic  -g -O2 -fstack-protector-strong -Wformat -Wformat-security -Wdate-time -D_FORTIFY_SOURCE=2 -g  -DR_NO_REMAP -c gibbs_sampler/SparseNormalModel.cpp -o gibbs_sampler/SparseNormalModel.o
g++ -std=gnu++17 -I"/usr/local/lib/R/include" -DNDEBUG -DBOOST_MATH_PROMOTE_DOUBLE_POLICY=0 -DGAPS_DISABLE_CHECKPOINTS -D__GAPS_R_BUILD__ -I'/usr/local/lib/R/site-library/Rcpp/include' -I'/mnt/library/BH/include' -I/usr/local/include    -fpic  -g -O2 -fstack-protector-strong -Wformat -Wformat-security -Wdate-time -D_FORTIFY_SOURCE=2 -g  -DR_NO_REMAP -c math/Math.cpp -o math/Math.o
g++ -std=gnu++17 -I"/usr/local/lib/R/include" -DNDEBUG -DBOOST_MATH_PROMOTE_DOUBLE_POLICY=0 -DGAPS_DISABLE_CHECKPOINTS -D__GAPS_R_BUILD__ -I'/usr/local/lib/R/site-library/Rcpp/include' -I'/mnt/library/BH/include' -I/usr/local/include    -fpic  -g -O2 -fstack-protector-strong -Wformat -Wformat-security -Wdate-time -D_FORTIFY_SOURCE=2 -g  -DR_NO_REMAP -c math/MatrixMath.cpp -o math/MatrixMath.o
g++ -std=gnu++17 -I"/usr/local/lib/R/include" -DNDEBUG -DBOOST_MATH_PROMOTE_DOUBLE_POLICY=0 -DGAPS_DISABLE_CHECKPOINTS -D__GAPS_R_BUILD__ -I'/usr/local/lib/R/site-library/Rcpp/include' -I'/mnt/library/BH/include' -I/usr/local/include    -fpic  -g -O2 -fstack-protector-strong -Wformat -Wformat-security -Wdate-time -D_FORTIFY_SOURCE=2 -g  -DR_NO_REMAP -c math/Random.cpp -o math/Random.o
g++ -std=gnu++17 -I"/usr/local/lib/R/include" -DNDEBUG -DBOOST_MATH_PROMOTE_DOUBLE_POLICY=0 -DGAPS_DISABLE_CHECKPOINTS -D__GAPS_R_BUILD__ -I'/usr/local/lib/R/site-library/Rcpp/include' -I'/mnt/library/BH/include' -I/usr/local/include    -fpic  -g -O2 -fstack-protector-strong -Wformat -Wformat-security -Wdate-time -D_FORTIFY_SOURCE=2 -g  -DR_NO_REMAP -c math/VectorMath.cpp -o math/VectorMath.o
g++ -std=gnu++17 -shared -L/usr/local/lib/R/lib -L/usr/local/lib -o CoGAPS.so Cogaps.o GapsParameters.o GapsResult.o GapsRunner.o GapsStatistics.o RcppExports.o test-runner.o atomic/Atom.o atomic/ConcurrentAtom.o atomic/AtomicDomain.o atomic/ConcurrentAtomicDomain.o atomic/ProposalQueue.o data_structures/HashSets.o data_structures/HybridMatrix.o data_structures/HybridVector.o data_structures/Matrix.o data_structures/SparseIterator.o data_structures/SparseMatrix.o data_structures/SparseVector.o data_structures/Vector.o file_parser/CharacterDelimitedParser.o file_parser/FileParser.o file_parser/MatrixElement.o file_parser/MtxParser.o gibbs_sampler/AlphaParameters.o gibbs_sampler/DenseNormalModel.o gibbs_sampler/SparseNormalModel.o math/Math.o math/MatrixMath.o math/Random.o math/VectorMath.o -L/usr/local/lib/R/lib -lR
installing to /mnt/library/00LOCK-CoGAPS/00new/CoGAPS/libs
** R
** data
** inst
** byte-compile and prepare package for lazy loading
** help
*** installing help indices
** building package indices
** installing vignettes
** testing if installed package can be loaded from temporary location
** checking absolute paths in shared objects and dynamic libraries
** testing if installed package can be loaded from final location
** testing if installed package keeps a record of temporary installation path
* creating tarball
packaged installation of ‘CoGAPS’ as ‘CoGAPS_3.26.0_R_x86_64-pc-linux-gnu.tar.gz’
* DONE (CoGAPS)

The downloaded source packages are in
	‘/tmp/RtmpAiFuI4/downloaded_packages’
Old packages: 'bslib', 'cli', 'curl', 'evaluate', 'httr2', 'jsonlite',
  'openssl', 'pillar', 'pkgbuild', 'processx', 'ps', 'purrr', 'R6', 'Rcpp',
  'rlang', 'sessioninfo', 'systemfonts', 'testthat', 'textshaping', 'tinytex',
  'xfun', 'zip', 'class', 'foreign', 'KernSmooth', 'MASS', 'Matrix', 'nlme',
  'nnet', 'rpart', 'spatial'

real	32m9.984s
user	1m27.267s
sys	0m15.690s
