'getOption("repos")' replaces Bioconductor standard repositories, see
'help("repositories", package = "BiocManager")' for details.
Replacement repositories:
    CRAN: https://p3m.dev/cran/__linux__/noble/latest
Bioconductor version 3.20 (BiocManager 1.30.25), R 4.4.2 (2024-10-31)
Installing package(s) 'BiRewire'
also installing the dependencies ‘slam’, ‘Rtsne’, ‘BiocGenerics’

trying URL 'https://p3m.dev/cran/__linux__/noble/latest/src/contrib/slam_0.1-55.tar.gz'
Content type 'binary/octet-stream' length 188014 bytes (183 KB)
==================================================
downloaded 183 KB

trying URL 'https://p3m.dev/cran/__linux__/noble/latest/src/contrib/Rtsne_0.17.tar.gz'
Content type 'binary/octet-stream' length 118363 bytes (115 KB)
==================================================
downloaded 115 KB

trying URL 'https://bioconductor.org/packages/3.20/bioc/src/contrib/BiocGenerics_0.52.0.tar.gz'
Content type 'application/x-gzip' length 57066 bytes (55 KB)
==================================================
downloaded 55 KB

trying URL 'https://bioconductor.org/packages/3.20/bioc/src/contrib/BiRewire_3.38.0.tar.gz'
Content type 'application/x-gzip' length 745771 bytes (728 KB)
==================================================
downloaded 728 KB

* installing *binary* package ‘slam’ ...
* ‘slam’ was already a binary package and will not be rebuilt
* creating tarball
packaged installation of ‘slam’ as ‘slam_0.1-55_R_x86_64-pc-linux-gnu.tar.gz’
* DONE (slam)
* installing *binary* package ‘Rtsne’ ...
* ‘Rtsne’ was already a binary package and will not be rebuilt
* creating tarball
packaged installation of ‘Rtsne’ as ‘Rtsne_0.17_R_x86_64-pc-linux-gnu.tar.gz’
* DONE (Rtsne)
ERROR: failed to lock directory ‘/mnt/library’ for modifying
Try removing ‘/mnt/library/00LOCK-BiocGenerics’
* installing *source* package ‘BiRewire’ ...
** package ‘BiRewire’ successfully unpacked and MD5 sums checked
** using staged installation
** libs
using C compiler: ‘gcc (Ubuntu 13.3.0-6ubuntu2~24.04) 13.3.0’
gcc -I"/usr/local/lib/R/include" -DNDEBUG   -I/usr/local/include    -fpic  -g -O2 -fstack-protector-strong -Wformat -Wformat-security -Wdate-time -D_FORTIFY_SOURCE=2 -g  -c BiRewire.c -o BiRewire.o
BiRewire.c: In function ‘analysis’:
BiRewire.c:149:35: warning: format ‘%d’ expects argument of type ‘int’, but argument 2 has type ‘time_t’ {aka ‘long int’} [-Wformat=]
  149 |                 Rprintf("DONE in %d seconds \n",-(tin-tfin));
      |                                  ~^             ~~~~~~~~~~~
      |                                   |             |
      |                                   int           time_t {aka long int}
      |                                  %ld
BiRewire.c: In function ‘analysis_ex’:
BiRewire.c:221:51: warning: format ‘%d’ expects argument of type ‘int’, but argument 2 has type ‘time_t’ {aka ‘long int’} [-Wformat=]
  221 |                                 Rprintf("DONE in %d seconds \n",-(tin-tfin));
      |                                                  ~^             ~~~~~~~~~~~
      |                                                   |             |
      |                                                   int           time_t {aka long int}
      |                                                  %ld
BiRewire.c:229:35: warning: format ‘%d’ expects argument of type ‘int’, but argument 2 has type ‘time_t’ {aka ‘long int’} [-Wformat=]
  229 |                 Rprintf("DONE in %d seconds \n",-(tin-tfin));
      |                                  ~^             ~~~~~~~~~~~
      |                                   |             |
      |                                   int           time_t {aka long int}
      |                                  %ld
BiRewire.c: In function ‘rewire_bipartite’:
BiRewire.c:280:35: warning: format ‘%d’ expects argument of type ‘int’, but argument 2 has type ‘time_t’ {aka ‘long int’} [-Wformat=]
  280 |                 Rprintf("DONE in %d seconds \n",-(tin-tfin));
      |                                  ~^             ~~~~~~~~~~~
      |                                   |             |
      |                                   int           time_t {aka long int}
      |                                  %ld
BiRewire.c: In function ‘rewire_bipartite_ex’:
BiRewire.c:332:51: warning: format ‘%d’ expects argument of type ‘int’, but argument 2 has type ‘time_t’ {aka ‘long int’} [-Wformat=]
  332 |                                 Rprintf("DONE in %d seconds \n",-(tin-tfin));
      |                                                  ~^             ~~~~~~~~~~~
      |                                                   |             |
      |                                                   int           time_t {aka long int}
      |                                                  %ld
BiRewire.c:339:35: warning: format ‘%d’ expects argument of type ‘int’, but argument 2 has type ‘time_t’ {aka ‘long int’} [-Wformat=]
  339 |                 Rprintf("DONE in %d seconds \n",-(tin-tfin));
      |                                  ~^             ~~~~~~~~~~~
      |                                   |             |
      |                                   int           time_t {aka long int}
      |                                  %ld
BiRewire.c: In function ‘rewire_sparse_bipartite’:
BiRewire.c:402:35: warning: format ‘%d’ expects argument of type ‘int’, but argument 2 has type ‘time_t’ {aka ‘long int’} [-Wformat=]
  402 |                 Rprintf("DONE in %d seconds \n",-(tin-tfin));
      |                                  ~^             ~~~~~~~~~~~
      |                                   |             |
      |                                   int           time_t {aka long int}
      |                                  %ld
BiRewire.c: In function ‘rewire_sparse_bipartite_ex’:
BiRewire.c:454:51: warning: format ‘%d’ expects argument of type ‘int’, but argument 2 has type ‘time_t’ {aka ‘long int’} [-Wformat=]
  454 |                                 Rprintf("DONE in %d seconds \n",-(tin-tfin));
      |                                                  ~^             ~~~~~~~~~~~
      |                                                   |             |
      |                                                   int           time_t {aka long int}
      |                                                  %ld
BiRewire.c:461:35: warning: format ‘%d’ expects argument of type ‘int’, but argument 2 has type ‘time_t’ {aka ‘long int’} [-Wformat=]
  461 |                 Rprintf("DONE in %d seconds \n",-(tin-tfin));
      |                                  ~^             ~~~~~~~~~~~
      |                                   |             |
      |                                   int           time_t {aka long int}
      |                                  %ld
BiRewire.c: In function ‘analysis_undirected’:
BiRewire.c:588:35: warning: format ‘%d’ expects argument of type ‘int’, but argument 2 has type ‘time_t’ {aka ‘long int’} [-Wformat=]
  588 |                 Rprintf("DONE in %d seconds \n",-(tin-tfin));
      |                                  ~^             ~~~~~~~~~~~
      |                                   |             |
      |                                   int           time_t {aka long int}
      |                                  %ld
BiRewire.c: In function ‘analysis_undirected_ex’:
BiRewire.c:652:51: warning: format ‘%d’ expects argument of type ‘int’, but argument 2 has type ‘time_t’ {aka ‘long int’} [-Wformat=]
  652 |                                 Rprintf("DONE in %d seconds \n",-(tin-tfin));
      |                                                  ~^             ~~~~~~~~~~~
      |                                                   |             |
      |                                                   int           time_t {aka long int}
      |                                                  %ld
BiRewire.c:737:35: warning: format ‘%d’ expects argument of type ‘int’, but argument 2 has type ‘time_t’ {aka ‘long int’} [-Wformat=]
  737 |                 Rprintf("DONE in %d seconds \n",-(tin-tfin));
      |                                  ~^             ~~~~~~~~~~~
      |                                   |             |
      |                                   int           time_t {aka long int}
      |                                  %ld
BiRewire.c: In function ‘rewire’:
BiRewire.c:844:35: warning: format ‘%d’ expects argument of type ‘int’, but argument 2 has type ‘time_t’ {aka ‘long int’} [-Wformat=]
  844 |                 Rprintf("DONE in %d seconds \n",-(tin-tfin));
      |                                  ~^             ~~~~~~~~~~~
      |                                   |             |
      |                                   int           time_t {aka long int}
      |                                  %ld
BiRewire.c: In function ‘rewire_ex’:
BiRewire.c:893:51: warning: format ‘%d’ expects argument of type ‘int’, but argument 2 has type ‘time_t’ {aka ‘long int’} [-Wformat=]
  893 |                                 Rprintf("DONE in %d seconds \n",-(tin-tfin));
      |                                                  ~^             ~~~~~~~~~~~
      |                                                   |             |
      |                                                   int           time_t {aka long int}
      |                                                  %ld
BiRewire.c:962:35: warning: format ‘%d’ expects argument of type ‘int’, but argument 2 has type ‘time_t’ {aka ‘long int’} [-Wformat=]
  962 |                 Rprintf("DONE in %d seconds \n",-(tin-tfin));
      |                                  ~^             ~~~~~~~~~~~
      |                                   |             |
      |                                   int           time_t {aka long int}
      |                                  %ld
BiRewire.c: In function ‘rewire_sparse’:
BiRewire.c:1096:35: warning: format ‘%d’ expects argument of type ‘int’, but argument 2 has type ‘time_t’ {aka ‘long int’} [-Wformat=]
 1096 |                 Rprintf("DONE in %d seconds \n",-(tin-tfin));
      |                                  ~^             ~~~~~~~~~~~
      |                                   |             |
      |                                   int           time_t {aka long int}
      |                                  %ld
BiRewire.c: In function ‘rewire_sparse_ex’:
BiRewire.c:1144:51: warning: format ‘%d’ expects argument of type ‘int’, but argument 2 has type ‘time_t’ {aka ‘long int’} [-Wformat=]
 1144 |                                 Rprintf("DONE in %d seconds \n",-(tin-tfin));
      |                                                  ~^             ~~~~~~~~~~~
      |                                                   |             |
      |                                                   int           time_t {aka long int}
      |                                                  %ld
BiRewire.c:1183:35: warning: format ‘%d’ expects argument of type ‘int’, but argument 2 has type ‘time_t’ {aka ‘long int’} [-Wformat=]
 1183 |                 Rprintf("DONE in %d seconds \n",-(tin-tfin));
      |                                  ~^             ~~~~~~~~~~~
      |                                   |             |
      |                                   int           time_t {aka long int}
      |                                  %ld
gcc -I"/usr/local/lib/R/include" -DNDEBUG   -I/usr/local/include    -fpic  -g -O2 -fstack-protector-strong -Wformat -Wformat-security -Wdate-time -D_FORTIFY_SOURCE=2 -g  -c interface.c -o interface.o
interface.c: In function ‘R_rewire_bipartite’:
interface.c:105:25: warning: too many arguments for format [-Wformat-extra-args]
  105 |                 warning("Reached the maximum number admissible of iterations!\n",asInteger(MAXITER));
      |                         ^~~~~~~~~~~~~~~~~~~~~~~~~~~~~~~~~~~~~~~~~~~~~~~~~~~~~~~~
interface.c: In function ‘R_rewire_sparse_bipartite’:
interface.c:147:25: warning: too many arguments for format [-Wformat-extra-args]
  147 |                 warning("Reached the maximum number admissible of iterations!\n",asInteger(MAXITER));
      |                         ^~~~~~~~~~~~~~~~~~~~~~~~~~~~~~~~~~~~~~~~~~~~~~~~~~~~~~~~
interface.c: In function ‘R_rewire’:
interface.c:252:25: warning: too many arguments for format [-Wformat-extra-args]
  252 |                 warning("Reached the maximum number admissible of iterations!\n",asInteger(MAXITER));
      |                         ^~~~~~~~~~~~~~~~~~~~~~~~~~~~~~~~~~~~~~~~~~~~~~~~~~~~~~~~
interface.c: In function ‘R_rewire_sparse’:
interface.c:296:25: warning: too many arguments for format [-Wformat-extra-args]
  296 |                 warning("Reached the maximum number admissible of iterations!\n",asInteger(MAXITER));
      |                         ^~~~~~~~~~~~~~~~~~~~~~~~~~~~~~~~~~~~~~~~~~~~~~~~~~~~~~~~
gcc -shared -L/usr/local/lib/R/lib -L/usr/local/lib -o BiRewire.so BiRewire.o interface.o -L/usr/local/lib/R/lib -lR
installing to /mnt/library/00LOCK-BiRewire/00new/BiRewire/libs
** R
** data
** inst
** byte-compile and prepare package for lazy loading
** help
*** installing help indices
** building package indices
** installing vignettes
** testing if installed package can be loaded from temporary location
** checking absolute paths in shared objects and dynamic libraries
** testing if installed package can be loaded from final location
** testing if installed package keeps a record of temporary installation path
* creating tarball
packaged installation of ‘BiRewire’ as ‘BiRewire_3.38.0_R_x86_64-pc-linux-gnu.tar.gz’
* DONE (BiRewire)

The downloaded source packages are in
	‘/tmp/Rtmpt0y5wx/downloaded_packages’
Old packages: 'bslib', 'cli', 'curl', 'evaluate', 'httr2', 'jsonlite',
  'openssl', 'pillar', 'pkgbuild', 'processx', 'ps', 'purrr', 'R6', 'Rcpp',
  'rlang', 'sessioninfo', 'systemfonts', 'testthat', 'textshaping', 'tinytex',
  'xfun', 'zip', 'class', 'foreign', 'KernSmooth', 'MASS', 'Matrix', 'nlme',
  'nnet', 'rpart', 'spatial'
Warning message:
In install.packages(...) :
  installation of package ‘BiocGenerics’ had non-zero exit status

real	0m12.545s
user	0m7.789s
sys	0m3.737s
