'getOption("repos")' replaces Bioconductor standard repositories, see
'help("repositories", package = "BiocManager")' for details.
Replacement repositories:
    CRAN: https://p3m.dev/cran/__linux__/noble/latest
Bioconductor version 3.20 (BiocManager 1.30.25), R 4.4.2 (2024-10-31)
Installing package(s) 'plotGrouper'
also installing the dependencies ‘egg’, ‘shinythemes’, ‘colourpicker’

trying URL 'https://p3m.dev/cran/__linux__/noble/latest/src/contrib/egg_0.4.5.tar.gz'
Content type 'binary/octet-stream' length 874865 bytes (854 KB)
==================================================
downloaded 854 KB

trying URL 'https://p3m.dev/cran/__linux__/noble/latest/src/contrib/shinythemes_1.2.0.tar.gz'
Content type 'binary/octet-stream' length 964184 bytes (941 KB)
==================================================
downloaded 941 KB

trying URL 'https://p3m.dev/cran/__linux__/noble/latest/src/contrib/colourpicker_1.3.0.tar.gz'
Content type 'binary/octet-stream' length 1335858 bytes (1.3 MB)
==================================================
downloaded 1.3 MB

trying URL 'https://bioconductor.org/packages/3.20/bioc/src/contrib/plotGrouper_1.24.0.tar.gz'
Content type 'application/x-gzip' length 722151 bytes (705 KB)
==================================================
downloaded 705 KB

* installing *binary* package ‘egg’ ...
* ‘egg’ was already a binary package and will not be rebuilt
* creating tarball
packaged installation of ‘egg’ as ‘egg_0.4.5_R_x86_64-pc-linux-gnu.tar.gz’
* DONE (egg)
* installing *binary* package ‘shinythemes’ ...
* ‘shinythemes’ was already a binary package and will not be rebuilt
* creating tarball
packaged installation of ‘shinythemes’ as ‘shinythemes_1.2.0_R_x86_64-pc-linux-gnu.tar.gz’
* DONE (shinythemes)
* installing *binary* package ‘colourpicker’ ...
* ‘colourpicker’ was already a binary package and will not be rebuilt
* creating tarball
packaged installation of ‘colourpicker’ as ‘colourpicker_1.3.0_R_x86_64-pc-linux-gnu.tar.gz’
* DONE (colourpicker)
* installing *source* package ‘plotGrouper’ ...
** package ‘plotGrouper’ successfully unpacked and MD5 sums checked
** using staged installation
** R
** inst
** byte-compile and prepare package for lazy loading
** help
*** installing help indices
** building package indices
** installing vignettes
** testing if installed package can be loaded from temporary location
** testing if installed package can be loaded from final location
** testing if installed package keeps a record of temporary installation path
* creating tarball
packaged installation of ‘plotGrouper’ as ‘plotGrouper_1.24.0_R_x86_64-pc-linux-gnu.tar.gz’
* DONE (plotGrouper)

The downloaded source packages are in
	‘/tmp/RtmpMn11yZ/downloaded_packages’
Old packages: 'bslib', 'cli', 'curl', 'evaluate', 'httr2', 'jsonlite',
  'openssl', 'pillar', 'pkgbuild', 'processx', 'ps', 'purrr', 'R6', 'Rcpp',
  'rlang', 'sessioninfo', 'systemfonts', 'testthat', 'textshaping', 'tinytex',
  'xfun', 'zip', 'class', 'foreign', 'KernSmooth', 'MASS', 'Matrix', 'nlme',
  'nnet', 'rpart', 'spatial'

real	15m22.659s
user	0m10.158s
sys	0m4.939s
