'getOption("repos")' replaces Bioconductor standard repositories, see
'help("repositories", package = "BiocManager")' for details.
Replacement repositories:
    CRAN: https://p3m.dev/cran/__linux__/noble/latest
Bioconductor version 3.20 (BiocManager 1.30.25), R 4.4.2 (2024-10-31)
Installing package(s) 'GenomicRanges'
also installing the dependencies ‘biovizBase’, ‘txdbmaker’, ‘Gviz’, ‘hgu95av2probe’, ‘BSgenome.Scerevisiae.UCSC.sacCer2’, ‘BSgenome.Hsapiens.UCSC.hg38’, ‘BSgenome.Mmusculus.UCSC.mm10’, ‘TxDb.Athaliana.BioMart.plantsmart22’, ‘TxDb.Dmelanogaster.UCSC.dm3.ensGene’, ‘TxDb.Hsapiens.UCSC.hg38.knownGene’, ‘TxDb.Mmusculus.UCSC.mm10.knownGene’

trying URL 'https://bioconductor.org/packages/3.20/bioc/src/contrib/biovizBase_1.54.0.tar.gz'
Content type 'application/x-gzip' length 2517547 bytes (2.4 MB)
==================================================
downloaded 2.4 MB

trying URL 'https://bioconductor.org/packages/3.20/bioc/src/contrib/txdbmaker_1.2.1.tar.gz'
Content type 'application/x-gzip' length 1035549 bytes (1011 KB)
==================================================
downloaded 1011 KB

trying URL 'https://bioconductor.org/packages/3.20/bioc/src/contrib/Gviz_1.50.0.tar.gz'
Content type 'application/x-gzip' length 7677741 bytes (7.3 MB)
==================================================
downloaded 7.3 MB

trying URL 'https://bioconductor.org/packages/3.20/data/annotation/src/contrib/hgu95av2probe_2.18.0.tar.gz'
Content type 'application/x-gzip' length 2543313 bytes (2.4 MB)
==================================================
downloaded 2.4 MB

trying URL 'https://bioconductor.org/packages/3.20/data/annotation/src/contrib/BSgenome.Scerevisiae.UCSC.sacCer2_1.4.0.tar.gz'
Content type 'application/x-gzip' length 2967843 bytes (2.8 MB)
==================================================
downloaded 2.8 MB

trying URL 'https://bioconductor.org/packages/3.20/data/annotation/src/contrib/BSgenome.Hsapiens.UCSC.hg38_1.4.5.tar.gz'
Content type 'application/x-gzip' length 731245539 bytes (697.4 MB)
==================================================
downloaded 697.4 MB

trying URL 'https://bioconductor.org/packages/3.20/data/annotation/src/contrib/BSgenome.Mmusculus.UCSC.mm10_1.4.3.tar.gz'
Content type 'application/x-gzip' length 649827309 bytes (619.7 MB)
==================================================
downloaded 619.7 MB

trying URL 'https://bioconductor.org/packages/3.20/data/annotation/src/contrib/TxDb.Athaliana.BioMart.plantsmart22_3.0.1.tar.gz'
Content type 'application/x-gzip' length 8890860 bytes (8.5 MB)
==================================================
downloaded 8.5 MB

trying URL 'https://bioconductor.org/packages/3.20/data/annotation/src/contrib/TxDb.Dmelanogaster.UCSC.dm3.ensGene_3.2.2.tar.gz'
Content type 'application/x-gzip' length 4588884 bytes (4.4 MB)
==================================================
downloaded 4.4 MB

trying URL 'https://bioconductor.org/packages/3.20/data/annotation/src/contrib/TxDb.Hsapiens.UCSC.hg38.knownGene_3.20.0.tar.gz'
Content type 'application/x-gzip' length 47511144 bytes (45.3 MB)
==================================================
downloaded 45.3 MB

trying URL 'https://bioconductor.org/packages/3.20/data/annotation/src/contrib/TxDb.Mmusculus.UCSC.mm10.knownGene_3.10.0.tar.gz'
Content type 'application/x-gzip' length 24858207 bytes (23.7 MB)
==================================================
downloaded 23.7 MB

trying URL 'https://bioconductor.org/packages/3.20/bioc/src/contrib/GenomicRanges_1.58.0.tar.gz'
Content type 'application/x-gzip' length 1374658 bytes (1.3 MB)
==================================================
downloaded 1.3 MB

* installing *source* package ‘hgu95av2probe’ ...
** using staged installation
** R
** data
** byte-compile and prepare package for lazy loading
** help
*** installing help indices
** building package indices
** testing if installed package can be loaded from temporary location
** testing if installed package can be loaded from final location
** testing if installed package keeps a record of temporary installation path
* creating tarball
packaged installation of ‘hgu95av2probe’ as ‘hgu95av2probe_2.18.0_R_x86_64-pc-linux-gnu.tar.gz’
* DONE (hgu95av2probe)
* installing *source* package ‘BSgenome.Scerevisiae.UCSC.sacCer2’ ...
** using staged installation
** R
** inst
** byte-compile and prepare package for lazy loading
** help
*** installing help indices
** building package indices
** testing if installed package can be loaded from temporary location
** testing if installed package can be loaded from final location
** testing if installed package keeps a record of temporary installation path
* creating tarball
packaged installation of ‘BSgenome.Scerevisiae.UCSC.sacCer2’ as ‘BSgenome.Scerevisiae.UCSC.sacCer2_1.4.0_R_x86_64-pc-linux-gnu.tar.gz’
* DONE (BSgenome.Scerevisiae.UCSC.sacCer2)
* installing *source* package ‘BSgenome.Hsapiens.UCSC.hg38’ ...
** using staged installation
** R
** inst
** byte-compile and prepare package for lazy loading
Error: package or namespace load failed for ‘rtracklayer’ in loadNamespace(i, c(lib.loc, .libPaths()), versionCheck = vI[[i]]):
 there is no package called ‘DelayedArray’
Execution halted
ERROR: lazy loading failed for package ‘BSgenome.Hsapiens.UCSC.hg38’
* removing ‘/mnt/library/BSgenome.Hsapiens.UCSC.hg38’
* installing *source* package ‘BSgenome.Mmusculus.UCSC.mm10’ ...
** using staged installation
** R
** inst
** byte-compile and prepare package for lazy loading
Error: package or namespace load failed for ‘rtracklayer’ in loadNamespace(i, c(lib.loc, .libPaths()), versionCheck = vI[[i]]):
 there is no package called ‘DelayedArray’
Execution halted
ERROR: lazy loading failed for package ‘BSgenome.Mmusculus.UCSC.mm10’
* removing ‘/mnt/library/BSgenome.Mmusculus.UCSC.mm10’
* installing *source* package ‘TxDb.Athaliana.BioMart.plantsmart22’ ...
** using staged installation
** R
** inst
** byte-compile and prepare package for lazy loading
** help
*** installing help indices
** building package indices
** testing if installed package can be loaded from temporary location
** testing if installed package can be loaded from final location
** testing if installed package keeps a record of temporary installation path
* creating tarball
packaged installation of ‘TxDb.Athaliana.BioMart.plantsmart22’ as ‘TxDb.Athaliana.BioMart.plantsmart22_3.0.1_R_x86_64-pc-linux-gnu.tar.gz’
* DONE (TxDb.Athaliana.BioMart.plantsmart22)
* installing *source* package ‘TxDb.Dmelanogaster.UCSC.dm3.ensGene’ ...
** using staged installation
** R
** inst
** byte-compile and prepare package for lazy loading
Error: package or namespace load failed for ‘AnnotationDbi’ in loadNamespace(j <- i[[1L]], c(lib.loc, .libPaths()), versionCheck = vI[[j]]):
 there is no package called ‘Biostrings’
Execution halted
ERROR: lazy loading failed for package ‘TxDb.Dmelanogaster.UCSC.dm3.ensGene’
* removing ‘/mnt/library/TxDb.Dmelanogaster.UCSC.dm3.ensGene’
* installing *source* package ‘TxDb.Hsapiens.UCSC.hg38.knownGene’ ...
** using staged installation
** R
** inst
** byte-compile and prepare package for lazy loading
Error: package or namespace load failed for ‘AnnotationDbi’ in loadNamespace(j <- i[[1L]], c(lib.loc, .libPaths()), versionCheck = vI[[j]]):
 there is no package called ‘Biostrings’
Execution halted
ERROR: lazy loading failed for package ‘TxDb.Hsapiens.UCSC.hg38.knownGene’
* removing ‘/mnt/library/TxDb.Hsapiens.UCSC.hg38.knownGene’
* installing *source* package ‘TxDb.Mmusculus.UCSC.mm10.knownGene’ ...
** using staged installation
** R
** inst
** byte-compile and prepare package for lazy loading
Error: package or namespace load failed for ‘AnnotationDbi’ in loadNamespace(j <- i[[1L]], c(lib.loc, .libPaths()), versionCheck = vI[[j]]):
 there is no package called ‘Biostrings’
Execution halted
ERROR: lazy loading failed for package ‘TxDb.Mmusculus.UCSC.mm10.knownGene’
* removing ‘/mnt/library/TxDb.Mmusculus.UCSC.mm10.knownGene’
* installing *source* package ‘GenomicRanges’ ...
** package ‘GenomicRanges’ successfully unpacked and MD5 sums checked
** using staged installation
** libs
using C compiler: ‘gcc (Ubuntu 13.3.0-6ubuntu2~24.04) 13.3.0’
gcc -I"/usr/local/lib/R/include" -DNDEBUG  -I'/mnt/library/S4Vectors/include' -I'/mnt/library/IRanges/include' -I/usr/local/include    -fpic  -g -O2 -fstack-protector-strong -Wformat -Wformat-security -Wdate-time -D_FORTIFY_SOURCE=2 -g  -c IRanges_stubs.c -o IRanges_stubs.o
gcc -I"/usr/local/lib/R/include" -DNDEBUG  -I'/mnt/library/S4Vectors/include' -I'/mnt/library/IRanges/include' -I/usr/local/include    -fpic  -g -O2 -fstack-protector-strong -Wformat -Wformat-security -Wdate-time -D_FORTIFY_SOURCE=2 -g  -c R_init_GenomicRanges.c -o R_init_GenomicRanges.o
gcc -I"/usr/local/lib/R/include" -DNDEBUG  -I'/mnt/library/S4Vectors/include' -I'/mnt/library/IRanges/include' -I/usr/local/include    -fpic  -g -O2 -fstack-protector-strong -Wformat -Wformat-security -Wdate-time -D_FORTIFY_SOURCE=2 -g  -c S4Vectors_stubs.c -o S4Vectors_stubs.o
gcc -I"/usr/local/lib/R/include" -DNDEBUG  -I'/mnt/library/S4Vectors/include' -I'/mnt/library/IRanges/include' -I/usr/local/include    -fpic  -g -O2 -fstack-protector-strong -Wformat -Wformat-security -Wdate-time -D_FORTIFY_SOURCE=2 -g  -c transcript_utils.c -o transcript_utils.o
gcc -shared -L/usr/local/lib/R/lib -L/usr/local/lib -o GenomicRanges.so IRanges_stubs.o R_init_GenomicRanges.o S4Vectors_stubs.o transcript_utils.o -L/usr/local/lib/R/lib -lR
installing to /mnt/library/00LOCK-GenomicRanges/00new/GenomicRanges/libs
** R
** inst
** byte-compile and prepare package for lazy loading
** help
*** installing help indices
** building package indices
** installing vignettes
** testing if installed package can be loaded from temporary location
** checking absolute paths in shared objects and dynamic libraries
** testing if installed package can be loaded from final location
** testing if installed package keeps a record of temporary installation path
* creating tarball
packaged installation of ‘GenomicRanges’ as ‘GenomicRanges_1.58.0_R_x86_64-pc-linux-gnu.tar.gz’
* DONE (GenomicRanges)
* installing *source* package ‘biovizBase’ ...
** package ‘biovizBase’ successfully unpacked and MD5 sums checked
** using staged installation
** libs
using C compiler: ‘gcc (Ubuntu 13.3.0-6ubuntu2~24.04) 13.3.0’
gcc -I"/usr/local/lib/R/include" -DNDEBUG   -I/usr/local/include    -fpic  -g -O2 -fstack-protector-strong -Wformat -Wformat-security -Wdate-time -D_FORTIFY_SOURCE=2 -g  -c R_init_biovizBase.c -o R_init_biovizBase.o
gcc -I"/usr/local/lib/R/include" -DNDEBUG   -I/usr/local/include    -fpic  -g -O2 -fstack-protector-strong -Wformat -Wformat-security -Wdate-time -D_FORTIFY_SOURCE=2 -g  -c bin_offsets.c -o bin_offsets.o
gcc -shared -L/usr/local/lib/R/lib -L/usr/local/lib -o biovizBase.so R_init_biovizBase.o bin_offsets.o -L/usr/local/lib/R/lib -lR
installing to /mnt/library/00LOCK-biovizBase/00new/biovizBase/libs
** R
** data
*** moving datasets to lazyload DB
** inst
** byte-compile and prepare package for lazy loading
** help
*** installing help indices
** building package indices
** installing vignettes
** testing if installed package can be loaded from temporary location
** checking absolute paths in shared objects and dynamic libraries
** testing if installed package can be loaded from final location
** testing if installed package keeps a record of temporary installation path
* creating tarball
packaged installation of ‘biovizBase’ as ‘biovizBase_1.54.0_R_x86_64-pc-linux-gnu.tar.gz’
* DONE (biovizBase)
* installing *source* package ‘txdbmaker’ ...
** package ‘txdbmaker’ successfully unpacked and MD5 sums checked
** using staged installation
** R
** inst
** byte-compile and prepare package for lazy loading
** help
*** installing help indices
** building package indices
** installing vignettes
** testing if installed package can be loaded from temporary location
** testing if installed package can be loaded from final location
** testing if installed package keeps a record of temporary installation path
* creating tarball
packaged installation of ‘txdbmaker’ as ‘txdbmaker_1.2.1_R_x86_64-pc-linux-gnu.tar.gz’
* DONE (txdbmaker)
* installing *source* package ‘Gviz’ ...
** package ‘Gviz’ successfully unpacked and MD5 sums checked
** using staged installation
** R
** data
** inst
** byte-compile and prepare package for lazy loading
** help
*** installing help indices
** building package indices
** installing vignettes
** testing if installed package can be loaded from temporary location
** testing if installed package can be loaded from final location
** testing if installed package keeps a record of temporary installation path
* creating tarball
packaged installation of ‘Gviz’ as ‘Gviz_1.50.0_R_x86_64-pc-linux-gnu.tar.gz’
* DONE (Gviz)

The downloaded source packages are in
	‘/tmp/RtmpxiQJ9V/downloaded_packages’
Old packages: 'bslib', 'cli', 'curl', 'evaluate', 'httr2', 'jsonlite',
  'openssl', 'pillar', 'pkgbuild', 'processx', 'ps', 'purrr', 'R6', 'Rcpp',
  'rlang', 'sessioninfo', 'systemfonts', 'testthat', 'textshaping', 'tinytex',
  'xfun', 'zip', 'class', 'foreign', 'KernSmooth', 'MASS', 'Matrix', 'nlme',
  'nnet', 'rpart', 'spatial'
Warning messages:
1: In install.packages(...) :
  installation of package ‘BSgenome.Hsapiens.UCSC.hg38’ had non-zero exit status
2: In install.packages(...) :
  installation of package ‘BSgenome.Mmusculus.UCSC.mm10’ had non-zero exit status
3: In install.packages(...) :
  installation of package ‘TxDb.Dmelanogaster.UCSC.dm3.ensGene’ had non-zero exit status
4: In install.packages(...) :
  installation of package ‘TxDb.Hsapiens.UCSC.hg38.knownGene’ had non-zero exit status
5: In install.packages(...) :
  installation of package ‘TxDb.Mmusculus.UCSC.mm10.knownGene’ had non-zero exit status

real	7m6.621s
user	4m22.215s
sys	0m36.031s
