'getOption("repos")' replaces Bioconductor standard repositories, see
'help("repositories", package = "BiocManager")' for details.
Replacement repositories:
    CRAN: https://p3m.dev/cran/__linux__/noble/latest
Bioconductor version 3.20 (BiocManager 1.30.25), R 4.4.2 (2024-10-31)
Installing package(s) 'SpliceWiz'
also installing the dependencies ‘NxtIRFdata’, ‘DoubleExpSeq’

trying URL 'https://bioconductor.org/packages/3.20/data/experiment/src/contrib/NxtIRFdata_1.12.0.tar.gz'
Content type 'application/x-gzip' length 325569 bytes (317 KB)
==================================================
downloaded 317 KB

trying URL 'https://p3m.dev/cran/__linux__/noble/latest/src/contrib/DoubleExpSeq_1.1.tar.gz'
Content type 'binary/octet-stream' length 308457 bytes (301 KB)
==================================================
downloaded 301 KB

trying URL 'https://bioconductor.org/packages/3.20/bioc/src/contrib/SpliceWiz_1.8.0.tar.gz'
Content type 'application/x-gzip' length 5050960 bytes (4.8 MB)
==================================================
downloaded 4.8 MB

* installing *source* package ‘NxtIRFdata’ ...
** using staged installation
** R
** inst
** byte-compile and prepare package for lazy loading
** help
*** installing help indices
** building package indices
** installing vignettes
** testing if installed package can be loaded from temporary location
** testing if installed package can be loaded from final location
** testing if installed package keeps a record of temporary installation path
* creating tarball
packaged installation of ‘NxtIRFdata’ as ‘NxtIRFdata_1.12.0_R_x86_64-pc-linux-gnu.tar.gz’
* DONE (NxtIRFdata)
* installing *binary* package ‘DoubleExpSeq’ ...
* ‘DoubleExpSeq’ was already a binary package and will not be rebuilt
* creating tarball
packaged installation of ‘DoubleExpSeq’ as ‘DoubleExpSeq_1.1_R_x86_64-pc-linux-gnu.tar.gz’
* DONE (DoubleExpSeq)
* installing *source* package ‘SpliceWiz’ ...
** package ‘SpliceWiz’ successfully unpacked and MD5 sums checked
** using staged installation
** libs
using C++ compiler: ‘g++ (Ubuntu 13.3.0-6ubuntu2~24.04) 13.3.0’
using C++11
g++ -std=gnu++11 -I"/usr/local/lib/R/include" -DNDEBUG  -I'/mnt/library/ompBAM/include' -I'/usr/local/lib/R/site-library/Rcpp/include' -I'/mnt/library/RcppProgress/include' -I/usr/local/include   -fopenmp -DSPLICEWIZ -fpic  -g -O2 -fstack-protector-strong -Wformat -Wformat-security -Wdate-time -D_FORTIFY_SOURCE=2 -g  -DR_NO_REMAP -c BAM2blocks.cpp -o BAM2blocks.o
g++ -std=gnu++11 -I"/usr/local/lib/R/include" -DNDEBUG  -I'/mnt/library/ompBAM/include' -I'/usr/local/lib/R/site-library/Rcpp/include' -I'/mnt/library/RcppProgress/include' -I/usr/local/include   -fopenmp -DSPLICEWIZ -fpic  -g -O2 -fstack-protector-strong -Wformat -Wformat-security -Wdate-time -D_FORTIFY_SOURCE=2 -g  -DR_NO_REMAP -c FastaReader.cpp -o FastaReader.o
g++ -std=gnu++11 -I"/usr/local/lib/R/include" -DNDEBUG  -I'/mnt/library/ompBAM/include' -I'/usr/local/lib/R/site-library/Rcpp/include' -I'/mnt/library/RcppProgress/include' -I/usr/local/include   -fopenmp -DSPLICEWIZ -fpic  -g -O2 -fstack-protector-strong -Wformat -Wformat-security -Wdate-time -D_FORTIFY_SOURCE=2 -g  -DR_NO_REMAP -c FragmentBlocks.cpp -o FragmentBlocks.o
g++ -std=gnu++11 -I"/usr/local/lib/R/include" -DNDEBUG  -I'/mnt/library/ompBAM/include' -I'/usr/local/lib/R/site-library/Rcpp/include' -I'/mnt/library/RcppProgress/include' -I/usr/local/include   -fopenmp -DSPLICEWIZ -fpic  -g -O2 -fstack-protector-strong -Wformat -Wformat-security -Wdate-time -D_FORTIFY_SOURCE=2 -g  -DR_NO_REMAP -c GZTools.cpp -o GZTools.o
g++ -std=gnu++11 -I"/usr/local/lib/R/include" -DNDEBUG  -I'/mnt/library/ompBAM/include' -I'/usr/local/lib/R/site-library/Rcpp/include' -I'/mnt/library/RcppProgress/include' -I/usr/local/include   -fopenmp -DSPLICEWIZ -fpic  -g -O2 -fstack-protector-strong -Wformat -Wformat-security -Wdate-time -D_FORTIFY_SOURCE=2 -g  -DR_NO_REMAP -c RcppExports.cpp -o RcppExports.o
g++ -std=gnu++11 -I"/usr/local/lib/R/include" -DNDEBUG  -I'/mnt/library/ompBAM/include' -I'/usr/local/lib/R/site-library/Rcpp/include' -I'/mnt/library/RcppProgress/include' -I/usr/local/include   -fopenmp -DSPLICEWIZ -fpic  -g -O2 -fstack-protector-strong -Wformat -Wformat-security -Wdate-time -D_FORTIFY_SOURCE=2 -g  -DR_NO_REMAP -c ReadBlockProcessor.cpp -o ReadBlockProcessor.o
g++ -std=gnu++11 -I"/usr/local/lib/R/include" -DNDEBUG  -I'/mnt/library/ompBAM/include' -I'/usr/local/lib/R/site-library/Rcpp/include' -I'/mnt/library/RcppProgress/include' -I/usr/local/include   -fopenmp -DSPLICEWIZ -fpic  -g -O2 -fstack-protector-strong -Wformat -Wformat-security -Wdate-time -D_FORTIFY_SOURCE=2 -g  -DR_NO_REMAP -c ReadBlockProcessor_CoverageBlocks.cpp -o ReadBlockProcessor_CoverageBlocks.o
g++ -std=gnu++11 -I"/usr/local/lib/R/include" -DNDEBUG  -I'/mnt/library/ompBAM/include' -I'/usr/local/lib/R/site-library/Rcpp/include' -I'/mnt/library/RcppProgress/include' -I/usr/local/include   -fopenmp -DSPLICEWIZ -fpic  -g -O2 -fstack-protector-strong -Wformat -Wformat-security -Wdate-time -D_FORTIFY_SOURCE=2 -g  -DR_NO_REMAP -c ReadBlockProcessor_FragmentsMap.cpp -o ReadBlockProcessor_FragmentsMap.o
g++ -std=gnu++11 -I"/usr/local/lib/R/include" -DNDEBUG  -I'/mnt/library/ompBAM/include' -I'/usr/local/lib/R/site-library/Rcpp/include' -I'/mnt/library/RcppProgress/include' -I/usr/local/include   -fopenmp -DSPLICEWIZ -fpic  -g -O2 -fstack-protector-strong -Wformat -Wformat-security -Wdate-time -D_FORTIFY_SOURCE=2 -g  -DR_NO_REMAP -c ReadBlockProcessor_TandemJunctions.cpp -o ReadBlockProcessor_TandemJunctions.o
g++ -std=gnu++11 -I"/usr/local/lib/R/include" -DNDEBUG  -I'/mnt/library/ompBAM/include' -I'/usr/local/lib/R/site-library/Rcpp/include' -I'/mnt/library/RcppProgress/include' -I/usr/local/include   -fopenmp -DSPLICEWIZ -fpic  -g -O2 -fstack-protector-strong -Wformat -Wformat-security -Wdate-time -D_FORTIFY_SOURCE=2 -g  -DR_NO_REMAP -c covTools.cpp -o covTools.o
g++ -std=gnu++11 -I"/usr/local/lib/R/include" -DNDEBUG  -I'/mnt/library/ompBAM/include' -I'/usr/local/lib/R/site-library/Rcpp/include' -I'/mnt/library/RcppProgress/include' -I/usr/local/include   -fopenmp -DSPLICEWIZ -fpic  -g -O2 -fstack-protector-strong -Wformat -Wformat-security -Wdate-time -D_FORTIFY_SOURCE=2 -g  -DR_NO_REMAP -c main.cpp -o main.o
g++ -std=gnu++11 -I"/usr/local/lib/R/include" -DNDEBUG  -I'/mnt/library/ompBAM/include' -I'/usr/local/lib/R/site-library/Rcpp/include' -I'/mnt/library/RcppProgress/include' -I/usr/local/include   -fopenmp -DSPLICEWIZ -fpic  -g -O2 -fstack-protector-strong -Wformat -Wformat-security -Wdate-time -D_FORTIFY_SOURCE=2 -g  -DR_NO_REMAP -c swEngine.cpp -o swEngine.o
g++ -std=gnu++11 -I"/usr/local/lib/R/include" -DNDEBUG  -I'/mnt/library/ompBAM/include' -I'/usr/local/lib/R/site-library/Rcpp/include' -I'/mnt/library/RcppProgress/include' -I/usr/local/include   -fopenmp -DSPLICEWIZ -fpic  -g -O2 -fstack-protector-strong -Wformat -Wformat-security -Wdate-time -D_FORTIFY_SOURCE=2 -g  -DR_NO_REMAP -c synthReadGenerator.cpp -o synthReadGenerator.o
g++ -std=gnu++11 -shared -L/usr/local/lib/R/lib -L/usr/local/lib -o SpliceWiz.so BAM2blocks.o FastaReader.o FragmentBlocks.o GZTools.o RcppExports.o ReadBlockProcessor.o ReadBlockProcessor_CoverageBlocks.o ReadBlockProcessor_FragmentsMap.o ReadBlockProcessor_TandemJunctions.o covTools.o main.o swEngine.o synthReadGenerator.o -fopenmp -DSPLICEWIZ -L/usr/local/lib/R/lib -lR
installing to /mnt/library/00LOCK-SpliceWiz/00new/SpliceWiz/libs
** R
** inst
** byte-compile and prepare package for lazy loading
** help
*** installing help indices
** building package indices
** installing vignettes
** testing if installed package can be loaded from temporary location
** checking absolute paths in shared objects and dynamic libraries
** testing if installed package can be loaded from final location
** testing if installed package keeps a record of temporary installation path
* creating tarball
packaged installation of ‘SpliceWiz’ as ‘SpliceWiz_1.8.0_R_x86_64-pc-linux-gnu.tar.gz’
* DONE (SpliceWiz)

The downloaded source packages are in
	‘/tmp/RtmpHnHqOn/downloaded_packages’
Old packages: 'bslib', 'cli', 'curl', 'evaluate', 'httr2', 'jsonlite',
  'openssl', 'pillar', 'pkgbuild', 'processx', 'ps', 'purrr', 'R6', 'Rcpp',
  'rlang', 'sessioninfo', 'systemfonts', 'testthat', 'textshaping', 'tinytex',
  'xfun', 'zip', 'class', 'foreign', 'KernSmooth', 'MASS', 'Matrix', 'nlme',
  'nnet', 'rpart', 'spatial'

real	3m57.013s
user	1m33.004s
sys	0m13.883s
