'getOption("repos")' replaces Bioconductor standard repositories, see
'help("repositories", package = "BiocManager")' for details.
Replacement repositories:
    CRAN: https://p3m.dev/cran/__linux__/noble/latest
Bioconductor version 3.20 (BiocManager 1.30.25), R 4.4.2 (2024-10-31)
Installing package(s) 'ideal'
trying URL 'https://bioconductor.org/packages/3.20/bioc/src/contrib/ideal_2.0.0.tar.gz'
Content type 'application/x-gzip' length 5837409 bytes (5.6 MB)
==================================================
downloaded 5.6 MB

* installing *source* package ‘ideal’ ...
** package ‘ideal’ successfully unpacked and MD5 sums checked
** using staged installation
** R
** inst
** byte-compile and prepare package for lazy loading

groupGOTerms: 	GOBPTerm, GOMFTerm, GOCCTerm environments built.
** help
*** installing help indices
*** copying figures
** building package indices
** installing vignettes
** testing if installed package can be loaded from temporary location

groupGOTerms: 	GOBPTerm, GOMFTerm, GOCCTerm environments built.
** testing if installed package can be loaded from final location

groupGOTerms: 	GOBPTerm, GOMFTerm, GOCCTerm environments built.
** testing if installed package keeps a record of temporary installation path
* creating tarball
packaged installation of ‘ideal’ as ‘ideal_2.0.0_R_x86_64-pc-linux-gnu.tar.gz’
* DONE (ideal)

The downloaded source packages are in
	‘/tmp/RtmpCkZjF9/downloaded_packages’
Old packages: 'bslib', 'cli', 'curl', 'evaluate', 'httr2', 'jsonlite',
  'openssl', 'pillar', 'pkgbuild', 'processx', 'ps', 'purrr', 'R6', 'Rcpp',
  'rlang', 'sessioninfo', 'systemfonts', 'testthat', 'textshaping', 'tinytex',
  'xfun', 'zip', 'class', 'foreign', 'KernSmooth', 'MASS', 'Matrix', 'nlme',
  'nnet', 'rpart', 'spatial'

real	2m50.912s
user	0m56.629s
sys	0m10.426s
