'getOption("repos")' replaces Bioconductor standard repositories, see
'help("repositories", package = "BiocManager")' for details.
Replacement repositories:
    CRAN: https://p3m.dev/cran/__linux__/noble/latest
Bioconductor version 3.20 (BiocManager 1.30.25), R 4.4.2 (2024-10-31)
Installing package(s) 'affyContam'
also installing the dependency ‘affydata’

trying URL 'https://bioconductor.org/packages/3.20/data/experiment/src/contrib/affydata_1.54.0.tar.gz'
Content type 'application/x-gzip' length 12807698 bytes (12.2 MB)
==================================================
downloaded 12.2 MB

trying URL 'https://bioconductor.org/packages/3.20/bioc/src/contrib/affyContam_1.64.0.tar.gz'
Content type 'application/x-gzip' length 515506 bytes (503 KB)
==================================================
downloaded 503 KB

ERROR: failed to lock directory ‘/mnt/library’ for modifying
Try removing ‘/mnt/library/00LOCK-affydata’
* installing *source* package ‘affyContam’ ...
** package ‘affyContam’ successfully unpacked and MD5 sums checked
** using staged installation
** R
** inst
** byte-compile and prepare package for lazy loading
     Package    LibPath        Item       Title                        
[1,] "affydata" "/mnt/library" "Dilution" "AffyBatch instance Dilution"
** help
*** installing help indices
** building package indices
** installing vignettes
** testing if installed package can be loaded from temporary location
     Package    LibPath        Item       Title                        
[1,] "affydata" "/mnt/library" "Dilution" "AffyBatch instance Dilution"
** testing if installed package can be loaded from final location
     Package    LibPath        Item       Title                        
[1,] "affydata" "/mnt/library" "Dilution" "AffyBatch instance Dilution"
** testing if installed package keeps a record of temporary installation path
* creating tarball
packaged installation of ‘affyContam’ as ‘affyContam_1.64.0_R_x86_64-pc-linux-gnu.tar.gz’
* DONE (affyContam)

The downloaded source packages are in
	‘/tmp/RtmpC1A0b5/downloaded_packages’
Old packages: 'bslib', 'cli', 'curl', 'evaluate', 'httr2', 'jsonlite',
  'openssl', 'pillar', 'pkgbuild', 'processx', 'ps', 'purrr', 'R6', 'Rcpp',
  'rlang', 'sessioninfo', 'systemfonts', 'testthat', 'textshaping', 'tinytex',
  'xfun', 'zip', 'class', 'foreign', 'KernSmooth', 'MASS', 'Matrix', 'nlme',
  'nnet', 'rpart', 'spatial'
Warning message:
In install.packages(...) :
  installation of package ‘affydata’ had non-zero exit status

real	0m29.332s
user	0m8.738s
sys	0m2.763s
