'getOption("repos")' replaces Bioconductor standard repositories, see
'help("repositories", package = "BiocManager")' for details.
Replacement repositories:
    CRAN: https://p3m.dev/cran/__linux__/noble/latest
Bioconductor version 3.20 (BiocManager 1.30.25), R 4.4.2 (2024-10-31)
Installing package(s) 'PLSDAbatch'
also installing the dependency ‘performance’

trying URL 'https://p3m.dev/cran/__linux__/noble/latest/src/contrib/performance_0.13.0.tar.gz'
Content type 'binary/octet-stream' length 3147218 bytes (3.0 MB)
==================================================
downloaded 3.0 MB

trying URL 'https://bioconductor.org/packages/3.20/bioc/src/contrib/PLSDAbatch_1.2.0.tar.gz'
Content type 'application/x-gzip' length 1802118 bytes (1.7 MB)
==================================================
downloaded 1.7 MB

* installing *binary* package ‘performance’ ...
* ‘performance’ was already a binary package and will not be rebuilt
* creating tarball
packaged installation of ‘performance’ as ‘performance_0.13.0_R_x86_64-pc-linux-gnu.tar.gz’
* DONE (performance)
* installing *source* package ‘PLSDAbatch’ ...
** package ‘PLSDAbatch’ successfully unpacked and MD5 sums checked
** using staged installation
Warning in person1(given = given[[i]], family = family[[i]], middle = middle[[i]],  :
  It is recommended to use ‘given’ instead of ‘middle’.
** R
** data
** inst
** byte-compile and prepare package for lazy loading
** help
*** installing help indices
** building package indices
** installing vignettes
** testing if installed package can be loaded from temporary location
** testing if installed package can be loaded from final location
** testing if installed package keeps a record of temporary installation path
* creating tarball
packaged installation of ‘PLSDAbatch’ as ‘PLSDAbatch_1.2.0_R_x86_64-pc-linux-gnu.tar.gz’
* DONE (PLSDAbatch)

The downloaded source packages are in
	‘/tmp/Rtmp1CNY9i/downloaded_packages’
Old packages: 'bslib', 'cli', 'curl', 'evaluate', 'httr2', 'jsonlite',
  'openssl', 'pillar', 'pkgbuild', 'processx', 'ps', 'purrr', 'R6', 'Rcpp',
  'rlang', 'sessioninfo', 'systemfonts', 'testthat', 'textshaping', 'tinytex',
  'xfun', 'zip', 'class', 'foreign', 'KernSmooth', 'MASS', 'Matrix', 'nlme',
  'nnet', 'rpart', 'spatial'

real	1m12.147s
user	0m35.677s
sys	0m6.212s
