'getOption("repos")' replaces Bioconductor standard repositories, see
'help("repositories", package = "BiocManager")' for details.
Replacement repositories:
    CRAN: https://p3m.dev/cran/__linux__/noble/latest
Bioconductor version 3.20 (BiocManager 1.30.25), R 4.4.2 (2024-10-31)
Installing package(s) 'debCAM'
also installing the dependency ‘DMwR2’

trying URL 'https://p3m.dev/cran/__linux__/noble/latest/src/contrib/DMwR2_0.0.2.tar.gz'
Content type 'binary/octet-stream' length 3118547 bytes (3.0 MB)
==================================================
downloaded 3.0 MB

trying URL 'https://bioconductor.org/packages/3.20/bioc/src/contrib/debCAM_1.24.0.tar.gz'
Content type 'application/x-gzip' length 3890489 bytes (3.7 MB)
==================================================
downloaded 3.7 MB

* installing *binary* package ‘DMwR2’ ...
* ‘DMwR2’ was already a binary package and will not be rebuilt
* creating tarball
packaged installation of ‘DMwR2’ as ‘DMwR2_0.0.2_R_x86_64-pc-linux-gnu.tar.gz’
* DONE (DMwR2)
* installing *source* package ‘debCAM’ ...
** package ‘debCAM’ successfully unpacked and MD5 sums checked
** using staged installation
** R
** data
** inst
** byte-compile and prepare package for lazy loading
** help
*** installing help indices
** building package indices
** installing vignettes
** testing if installed package can be loaded from temporary location
** testing if installed package can be loaded from final location
** testing if installed package keeps a record of temporary installation path
* creating tarball
packaged installation of ‘debCAM’ as ‘debCAM_1.24.0_R_x86_64-pc-linux-gnu.tar.gz’
* DONE (debCAM)

The downloaded source packages are in
	‘/tmp/Rtmpm5hFPF/downloaded_packages’
Old packages: 'bslib', 'cli', 'curl', 'evaluate', 'httr2', 'jsonlite',
  'openssl', 'pillar', 'pkgbuild', 'processx', 'ps', 'purrr', 'R6', 'Rcpp',
  'rlang', 'sessioninfo', 'systemfonts', 'testthat', 'textshaping', 'tinytex',
  'xfun', 'zip', 'class', 'foreign', 'KernSmooth', 'MASS', 'Matrix', 'nlme',
  'nnet', 'rpart', 'spatial'

real	55m24.015s
user	0m16.141s
sys	0m5.820s
