'getOption("repos")' replaces Bioconductor standard repositories, see
'help("repositories", package = "BiocManager")' for details.
Replacement repositories:
    CRAN: https://p3m.dev/cran/__linux__/noble/latest
Bioconductor version 3.20 (BiocManager 1.30.25), R 4.4.2 (2024-10-31)
Installing package(s) 'TFEA.ChIP'
also installing the dependency ‘rcompanion’

trying URL 'https://p3m.dev/cran/__linux__/noble/latest/src/contrib/rcompanion_2.5.0.tar.gz'
Content type 'binary/octet-stream' length 675109 bytes (659 KB)
==================================================
downloaded 659 KB

trying URL 'https://bioconductor.org/packages/3.20/bioc/src/contrib/TFEA.ChIP_1.26.0.tar.gz'
Content type 'application/x-gzip' length 5512439 bytes (5.3 MB)
==================================================
downloaded 5.3 MB

* installing *binary* package ‘rcompanion’ ...
* ‘rcompanion’ was already a binary package and will not be rebuilt
* creating tarball
packaged installation of ‘rcompanion’ as ‘rcompanion_2.5.0_R_x86_64-pc-linux-gnu.tar.gz’
* DONE (rcompanion)
* installing *source* package ‘TFEA.ChIP’ ...
** package ‘TFEA.ChIP’ successfully unpacked and MD5 sums checked
** using staged installation
** R
** data
** inst
** byte-compile and prepare package for lazy loading
** help
*** installing help indices
** building package indices
** installing vignettes
** testing if installed package can be loaded from temporary location
** testing if installed package can be loaded from final location
** testing if installed package keeps a record of temporary installation path
* creating tarball
packaged installation of ‘TFEA.ChIP’ as ‘TFEA.ChIP_1.26.0_R_x86_64-pc-linux-gnu.tar.gz’
* DONE (TFEA.ChIP)

The downloaded source packages are in
	‘/tmp/RtmpNsPsc4/downloaded_packages’
Old packages: 'bslib', 'cli', 'curl', 'evaluate', 'httr2', 'jsonlite',
  'openssl', 'pillar', 'pkgbuild', 'processx', 'ps', 'purrr', 'R6', 'Rcpp',
  'rlang', 'sessioninfo', 'systemfonts', 'testthat', 'textshaping', 'tinytex',
  'xfun', 'zip', 'class', 'foreign', 'KernSmooth', 'MASS', 'Matrix', 'nlme',
  'nnet', 'rpart', 'spatial'

real	1m27.769s
user	0m45.680s
sys	0m6.972s
