'getOption("repos")' replaces Bioconductor standard repositories, see
'help("repositories", package = "BiocManager")' for details.
Replacement repositories:
    CRAN: https://p3m.dev/cran/__linux__/noble/latest
Bioconductor version 3.20 (BiocManager 1.30.25), R 4.4.2 (2024-10-31)
Installing package(s) 'scCB2'
trying URL 'https://bioconductor.org/packages/3.20/bioc/src/contrib/scCB2_1.16.0.tar.gz'
Content type 'application/x-gzip' length 868384 bytes (848 KB)
==================================================
downloaded 848 KB

* installing *source* package ‘scCB2’ ...
** package ‘scCB2’ successfully unpacked and MD5 sums checked
** using staged installation
** R
** data
** inst
** byte-compile and prepare package for lazy loading
** help
*** installing help indices
** building package indices
** installing vignettes
** testing if installed package can be loaded from temporary location
** testing if installed package can be loaded from final location
** testing if installed package keeps a record of temporary installation path
* creating tarball
packaged installation of ‘scCB2’ as ‘scCB2_1.16.0_R_x86_64-pc-linux-gnu.tar.gz’
* DONE (scCB2)

The downloaded source packages are in
	‘/tmp/RtmplaGSNy/downloaded_packages’
Old packages: 'bslib', 'cli', 'curl', 'evaluate', 'httr2', 'jsonlite',
  'openssl', 'pillar', 'pkgbuild', 'processx', 'ps', 'purrr', 'R6', 'Rcpp',
  'rlang', 'sessioninfo', 'systemfonts', 'testthat', 'textshaping', 'tinytex',
  'xfun', 'zip', 'class', 'foreign', 'KernSmooth', 'MASS', 'Matrix', 'nlme',
  'nnet', 'rpart', 'spatial'

real	2m35.562s
user	0m39.661s
sys	0m7.823s
