'getOption("repos")' replaces Bioconductor standard repositories, see
'help("repositories", package = "BiocManager")' for details.
Replacement repositories:
    CRAN: https://p3m.dev/cran/__linux__/noble/latest
Bioconductor version 3.20 (BiocManager 1.30.25), R 4.4.2 (2024-10-31)
Installing package(s) 'deltaGseg'
also installing the dependencies ‘xts’, ‘TTR’, ‘quantmod’, ‘timeSeries’, ‘gss’, ‘stabledist’, ‘changepoint’, ‘wavethresh’, ‘tseries’, ‘pvclust’, ‘fBasics’

trying URL 'https://p3m.dev/cran/__linux__/noble/latest/src/contrib/xts_0.14.1.tar.gz'
Content type 'binary/octet-stream' length 1222513 bytes (1.2 MB)
==================================================
downloaded 1.2 MB

trying URL 'https://p3m.dev/cran/__linux__/noble/latest/src/contrib/TTR_0.24.4.tar.gz'
Content type 'binary/octet-stream' length 524692 bytes (512 KB)
==================================================
downloaded 512 KB

trying URL 'https://p3m.dev/cran/__linux__/noble/latest/src/contrib/quantmod_0.4.26.tar.gz'
Content type 'binary/octet-stream' length 1055459 bytes (1.0 MB)
==================================================
downloaded 1.0 MB

trying URL 'https://p3m.dev/cran/__linux__/noble/latest/src/contrib/timeSeries_4041.111.tar.gz'
Content type 'binary/octet-stream' length 1938024 bytes (1.8 MB)
==================================================
downloaded 1.8 MB

trying URL 'https://p3m.dev/cran/__linux__/noble/latest/src/contrib/gss_2.2-8.tar.gz'
Content type 'binary/octet-stream' length 1686012 bytes (1.6 MB)
==================================================
downloaded 1.6 MB

trying URL 'https://p3m.dev/cran/__linux__/noble/latest/src/contrib/stabledist_0.7-2.tar.gz'
Content type 'binary/octet-stream' length 76333 bytes (74 KB)
==================================================
downloaded 74 KB

trying URL 'https://p3m.dev/cran/__linux__/noble/latest/src/contrib/changepoint_2.3.tar.gz'
Content type 'binary/octet-stream' length 766321 bytes (748 KB)
==================================================
downloaded 748 KB

trying URL 'https://p3m.dev/cran/__linux__/noble/latest/src/contrib/wavethresh_4.7.3.tar.gz'
Content type 'binary/octet-stream' length 1727771 bytes (1.6 MB)
==================================================
downloaded 1.6 MB

trying URL 'https://p3m.dev/cran/__linux__/noble/latest/src/contrib/tseries_0.10-58.tar.gz'
Content type 'binary/octet-stream' length 378305 bytes (369 KB)
==================================================
downloaded 369 KB

trying URL 'https://p3m.dev/cran/__linux__/noble/latest/src/contrib/pvclust_2.2-0.tar.gz'
Content type 'binary/octet-stream' length 184544 bytes (180 KB)
==================================================
downloaded 180 KB

trying URL 'https://p3m.dev/cran/__linux__/noble/latest/src/contrib/fBasics_4041.97.tar.gz'
Content type 'binary/octet-stream' length 2498635 bytes (2.4 MB)
==================================================
downloaded 2.4 MB

trying URL 'https://bioconductor.org/packages/3.20/bioc/src/contrib/deltaGseg_1.46.0.tar.gz'
Content type 'application/x-gzip' length 2585796 bytes (2.5 MB)
==================================================
downloaded 2.5 MB

* installing *binary* package ‘xts’ ...
* ‘xts’ was already a binary package and will not be rebuilt
* creating tarball
packaged installation of ‘xts’ as ‘xts_0.14.1_R_x86_64-pc-linux-gnu.tar.gz’
* DONE (xts)
* installing *binary* package ‘timeSeries’ ...
* ‘timeSeries’ was already a binary package and will not be rebuilt
* creating tarball
packaged installation of ‘timeSeries’ as ‘timeSeries_4041.111_R_x86_64-pc-linux-gnu.tar.gz’
* DONE (timeSeries)
* installing *binary* package ‘gss’ ...
* ‘gss’ was already a binary package and will not be rebuilt
* creating tarball
packaged installation of ‘gss’ as ‘gss_2.2-8_R_x86_64-pc-linux-gnu.tar.gz’
* DONE (gss)
* installing *binary* package ‘stabledist’ ...
* ‘stabledist’ was already a binary package and will not be rebuilt
* creating tarball
packaged installation of ‘stabledist’ as ‘stabledist_0.7-2_R_x86_64-pc-linux-gnu.tar.gz’
* DONE (stabledist)
* installing *binary* package ‘changepoint’ ...
* ‘changepoint’ was already a binary package and will not be rebuilt
* creating tarball
packaged installation of ‘changepoint’ as ‘changepoint_2.3_R_x86_64-pc-linux-gnu.tar.gz’
* DONE (changepoint)
* installing *binary* package ‘wavethresh’ ...
* ‘wavethresh’ was already a binary package and will not be rebuilt
* creating tarball
packaged installation of ‘wavethresh’ as ‘wavethresh_4.7.3_R_x86_64-pc-linux-gnu.tar.gz’
* DONE (wavethresh)
* installing *binary* package ‘pvclust’ ...
* ‘pvclust’ was already a binary package and will not be rebuilt
* creating tarball
packaged installation of ‘pvclust’ as ‘pvclust_2.2-0_R_x86_64-pc-linux-gnu.tar.gz’
* DONE (pvclust)
* installing *binary* package ‘TTR’ ...
* ‘TTR’ was already a binary package and will not be rebuilt
* creating tarball
packaged installation of ‘TTR’ as ‘TTR_0.24.4_R_x86_64-pc-linux-gnu.tar.gz’
* DONE (TTR)
* installing *binary* package ‘fBasics’ ...
* ‘fBasics’ was already a binary package and will not be rebuilt
* creating tarball
packaged installation of ‘fBasics’ as ‘fBasics_4041.97_R_x86_64-pc-linux-gnu.tar.gz’
* DONE (fBasics)
* installing *binary* package ‘quantmod’ ...
* ‘quantmod’ was already a binary package and will not be rebuilt
* creating tarball
packaged installation of ‘quantmod’ as ‘quantmod_0.4.26_R_x86_64-pc-linux-gnu.tar.gz’
* DONE (quantmod)
* installing *binary* package ‘tseries’ ...
* ‘tseries’ was already a binary package and will not be rebuilt
* creating tarball
packaged installation of ‘tseries’ as ‘tseries_0.10-58_R_x86_64-pc-linux-gnu.tar.gz’
* DONE (tseries)
* installing *source* package ‘deltaGseg’ ...
** package ‘deltaGseg’ successfully unpacked and MD5 sums checked
** using staged installation
** R
** data
** inst
** byte-compile and prepare package for lazy loading
** help
*** installing help indices
** building package indices
** installing vignettes
** testing if installed package can be loaded from temporary location
** testing if installed package can be loaded from final location
** testing if installed package keeps a record of temporary installation path
* creating tarball
packaged installation of ‘deltaGseg’ as ‘deltaGseg_1.46.0_R_x86_64-pc-linux-gnu.tar.gz’
* DONE (deltaGseg)

The downloaded source packages are in
	‘/tmp/Rtmptbrkrn/downloaded_packages’
Old packages: 'bslib', 'cli', 'curl', 'evaluate', 'httr2', 'jsonlite',
  'openssl', 'pillar', 'pkgbuild', 'processx', 'ps', 'purrr', 'R6', 'Rcpp',
  'rlang', 'sessioninfo', 'systemfonts', 'testthat', 'textshaping', 'tinytex',
  'xfun', 'zip', 'class', 'foreign', 'KernSmooth', 'MASS', 'Matrix', 'nlme',
  'nnet', 'rpart', 'spatial'

real	8m28.482s
user	0m18.049s
sys	0m5.674s
