'getOption("repos")' replaces Bioconductor standard repositories, see
'help("repositories", package = "BiocManager")' for details.
Replacement repositories:
    CRAN: https://p3m.dev/cran/__linux__/noble/latest
Bioconductor version 3.20 (BiocManager 1.30.25), R 4.4.2 (2024-10-31)
Installing package(s) 'biotmle'
also installing the dependencies ‘np’, ‘gam’, ‘cvAUC’, ‘superheat’, ‘drtmle’, ‘arm’, ‘SuperLearner’, ‘biotmleData’

trying URL 'https://p3m.dev/cran/__linux__/noble/latest/src/contrib/np_0.60-18.tar.gz'
Content type 'binary/octet-stream' length 2777526 bytes (2.6 MB)
==================================================
downloaded 2.6 MB

trying URL 'https://p3m.dev/cran/__linux__/noble/latest/src/contrib/gam_1.22-5.tar.gz'
Content type 'binary/octet-stream' length 319179 bytes (311 KB)
==================================================
downloaded 311 KB

trying URL 'https://p3m.dev/cran/__linux__/noble/latest/src/contrib/cvAUC_1.1.4.tar.gz'
Content type 'binary/octet-stream' length 121819 bytes (118 KB)
==================================================
downloaded 118 KB

trying URL 'https://p3m.dev/cran/__linux__/noble/latest/src/contrib/superheat_0.1.0.tar.gz'
Content type 'binary/octet-stream' length 118494 bytes (115 KB)
==================================================
downloaded 115 KB

trying URL 'https://p3m.dev/cran/__linux__/noble/latest/src/contrib/drtmle_1.1.2.tar.gz'
Content type 'binary/octet-stream' length 325565 bytes (317 KB)
==================================================
downloaded 317 KB

trying URL 'https://p3m.dev/cran/__linux__/noble/latest/src/contrib/arm_1.14-4.tar.gz'
Content type 'binary/octet-stream' length 423442 bytes (413 KB)
==================================================
downloaded 413 KB

trying URL 'https://p3m.dev/cran/__linux__/noble/latest/src/contrib/SuperLearner_2.0-29.tar.gz'
Content type 'binary/octet-stream' length 593307 bytes (579 KB)
==================================================
downloaded 579 KB

trying URL 'https://bioconductor.org/packages/3.20/data/experiment/src/contrib/biotmleData_1.30.0.tar.gz'
Content type 'application/x-gzip' length 32157010 bytes (30.7 MB)
==================================================
downloaded 30.7 MB

trying URL 'https://bioconductor.org/packages/3.20/bioc/src/contrib/biotmle_1.30.0.tar.gz'
Content type 'application/x-gzip' length 324830 bytes (317 KB)
==================================================
downloaded 317 KB

* installing *binary* package ‘np’ ...
* ‘np’ was already a binary package and will not be rebuilt
* creating tarball
packaged installation of ‘np’ as ‘np_0.60-18_R_x86_64-pc-linux-gnu.tar.gz’
* DONE (np)
* installing *binary* package ‘gam’ ...
* ‘gam’ was already a binary package and will not be rebuilt
* creating tarball
packaged installation of ‘gam’ as ‘gam_1.22-5_R_x86_64-pc-linux-gnu.tar.gz’
* DONE (gam)
* installing *binary* package ‘cvAUC’ ...
* ‘cvAUC’ was already a binary package and will not be rebuilt
* creating tarball
packaged installation of ‘cvAUC’ as ‘cvAUC_1.1.4_R_x86_64-pc-linux-gnu.tar.gz’
* DONE (cvAUC)
* installing *binary* package ‘superheat’ ...
* ‘superheat’ was already a binary package and will not be rebuilt
* creating tarball
packaged installation of ‘superheat’ as ‘superheat_0.1.0_R_x86_64-pc-linux-gnu.tar.gz’
* DONE (superheat)
* installing *binary* package ‘arm’ ...
* ‘arm’ was already a binary package and will not be rebuilt
* creating tarball
packaged installation of ‘arm’ as ‘arm_1.14-4_R_x86_64-pc-linux-gnu.tar.gz’
* DONE (arm)
* installing *source* package ‘biotmleData’ ...
** using staged installation
** R
** data
*** moving datasets to lazyload DB
** byte-compile and prepare package for lazy loading
** help
*** installing help indices
** building package indices
** testing if installed package can be loaded from temporary location
** testing if installed package can be loaded from final location
** testing if installed package keeps a record of temporary installation path
* creating tarball
packaged installation of ‘biotmleData’ as ‘biotmleData_1.30.0_R_x86_64-pc-linux-gnu.tar.gz’
* DONE (biotmleData)
* installing *binary* package ‘SuperLearner’ ...
* ‘SuperLearner’ was already a binary package and will not be rebuilt
* creating tarball
packaged installation of ‘SuperLearner’ as ‘SuperLearner_2.0-29_R_x86_64-pc-linux-gnu.tar.gz’
* DONE (SuperLearner)
* installing *binary* package ‘drtmle’ ...
* ‘drtmle’ was already a binary package and will not be rebuilt
* creating tarball
packaged installation of ‘drtmle’ as ‘drtmle_1.1.2_R_x86_64-pc-linux-gnu.tar.gz’
* DONE (drtmle)
* installing *source* package ‘biotmle’ ...
** package ‘biotmle’ successfully unpacked and MD5 sums checked
** using staged installation
** R
** inst
** byte-compile and prepare package for lazy loading
** help
*** installing help indices
** building package indices
** installing vignettes
** testing if installed package can be loaded from temporary location
** testing if installed package can be loaded from final location
** testing if installed package keeps a record of temporary installation path
* creating tarball
packaged installation of ‘biotmle’ as ‘biotmle_1.30.0_R_x86_64-pc-linux-gnu.tar.gz’
* DONE (biotmle)

The downloaded source packages are in
	‘/tmp/RtmpqA6xGC/downloaded_packages’
Old packages: 'bslib', 'cli', 'curl', 'evaluate', 'httr2', 'jsonlite',
  'openssl', 'pillar', 'pkgbuild', 'processx', 'ps', 'purrr', 'R6', 'Rcpp',
  'rlang', 'sessioninfo', 'systemfonts', 'testthat', 'textshaping', 'tinytex',
  'xfun', 'zip', 'class', 'foreign', 'KernSmooth', 'MASS', 'Matrix', 'nlme',
  'nnet', 'rpart', 'spatial'

real	58m7.155s
user	0m47.763s
sys	0m11.235s
