'getOption("repos")' replaces Bioconductor standard repositories, see
'help("repositories", package = "BiocManager")' for details.
Replacement repositories:
    CRAN: https://p3m.dev/cran/__linux__/noble/latest
Bioconductor version 3.20 (BiocManager 1.30.25), R 4.4.2 (2024-10-31)
Installing package(s) 'DMRScan'
also installing the dependency ‘RcppRoll’

trying URL 'https://p3m.dev/cran/__linux__/noble/latest/src/contrib/RcppRoll_0.3.1.tar.gz'
Content type 'binary/octet-stream' length 106411 bytes (103 KB)
==================================================
downloaded 103 KB

trying URL 'https://bioconductor.org/packages/3.20/bioc/src/contrib/DMRScan_1.28.0.tar.gz'
Content type 'application/x-gzip' length 3510999 bytes (3.3 MB)
==================================================
downloaded 3.3 MB

* installing *binary* package ‘RcppRoll’ ...
* ‘RcppRoll’ was already a binary package and will not be rebuilt
* creating tarball
packaged installation of ‘RcppRoll’ as ‘RcppRoll_0.3.1_R_x86_64-pc-linux-gnu.tar.gz’
* DONE (RcppRoll)
* installing *source* package ‘DMRScan’ ...
** package ‘DMRScan’ successfully unpacked and MD5 sums checked
** using staged installation
** R
** data
*** moving datasets to lazyload DB
** inst
** byte-compile and prepare package for lazy loading
** help
*** installing help indices
** building package indices
** installing vignettes
** testing if installed package can be loaded from temporary location
** testing if installed package can be loaded from final location
** testing if installed package keeps a record of temporary installation path
* creating tarball
packaged installation of ‘DMRScan’ as ‘DMRScan_1.28.0_R_x86_64-pc-linux-gnu.tar.gz’
* DONE (DMRScan)

The downloaded source packages are in
	‘/tmp/Rtmp0BYuNr/downloaded_packages’
Old packages: 'bslib', 'cli', 'curl', 'evaluate', 'httr2', 'jsonlite',
  'openssl', 'pillar', 'pkgbuild', 'processx', 'ps', 'purrr', 'R6', 'Rcpp',
  'rlang', 'sessioninfo', 'systemfonts', 'testthat', 'textshaping', 'tinytex',
  'xfun', 'zip', 'class', 'foreign', 'KernSmooth', 'MASS', 'Matrix', 'nlme',
  'nnet', 'rpart', 'spatial'

real	1m2.035s
user	0m17.012s
sys	0m3.918s
