'getOption("repos")' replaces Bioconductor standard repositories, see
'help("repositories", package = "BiocManager")' for details.
Replacement repositories:
    CRAN: https://p3m.dev/cran/__linux__/noble/latest
Bioconductor version 3.20 (BiocManager 1.30.25), R 4.4.2 (2024-10-31)
Installing package(s) 'GENIE3'
also installing the dependencies ‘XVector’, ‘UCSC.utils’, ‘SparseArray’, ‘rngtools’, ‘MatrixGenerics’, ‘GenomicRanges’, ‘S4Vectors’, ‘IRanges’, ‘GenomeInfoDb’, ‘S4Arrays’, ‘DelayedArray’, ‘doRNG’, ‘doParallel’, ‘Biobase’, ‘SummarizedExperiment’

trying URL 'https://bioconductor.org/packages/3.20/bioc/src/contrib/XVector_0.46.0.tar.gz'
Content type 'application/x-gzip' length 70185 bytes (68 KB)
==================================================
downloaded 68 KB

trying URL 'https://bioconductor.org/packages/3.20/bioc/src/contrib/UCSC.utils_1.2.0.tar.gz'
Content type 'application/x-gzip' length 236888 bytes (231 KB)
==================================================
downloaded 231 KB

trying URL 'https://bioconductor.org/packages/3.20/bioc/src/contrib/SparseArray_1.6.2.tar.gz'
Content type 'application/x-gzip' length 468696 bytes (457 KB)
==================================================
downloaded 457 KB

trying URL 'https://p3m.dev/cran/__linux__/noble/latest/src/contrib/rngtools_1.5.2.tar.gz'
Content type 'binary/octet-stream' length 77990 bytes (76 KB)
==================================================
downloaded 76 KB

trying URL 'https://bioconductor.org/packages/3.20/bioc/src/contrib/MatrixGenerics_1.18.1.tar.gz'
Content type 'application/x-gzip' length 34631 bytes (33 KB)
==================================================
downloaded 33 KB

trying URL 'https://bioconductor.org/packages/3.20/bioc/src/contrib/GenomicRanges_1.58.0.tar.gz'
Content type 'application/x-gzip' length 1374658 bytes (1.3 MB)
==================================================
downloaded 1.3 MB

trying URL 'https://bioconductor.org/packages/3.20/bioc/src/contrib/S4Vectors_0.44.0.tar.gz'
Content type 'application/x-gzip' length 1076666 bytes (1.0 MB)
==================================================
downloaded 1.0 MB

trying URL 'https://bioconductor.org/packages/3.20/bioc/src/contrib/IRanges_2.40.1.tar.gz'
Content type 'application/x-gzip' length 486989 bytes (475 KB)
==================================================
downloaded 475 KB

trying URL 'https://bioconductor.org/packages/3.20/bioc/src/contrib/GenomeInfoDb_1.42.3.tar.gz'
Content type 'application/x-gzip' length 3592070 bytes (3.4 MB)
==================================================
downloaded 3.4 MB

trying URL 'https://bioconductor.org/packages/3.20/bioc/src/contrib/S4Arrays_1.6.0.tar.gz'
Content type 'application/x-gzip' length 288435 bytes (281 KB)
==================================================
downloaded 281 KB

trying URL 'https://bioconductor.org/packages/3.20/bioc/src/contrib/DelayedArray_0.32.0.tar.gz'
Content type 'application/x-gzip' length 825598 bytes (806 KB)
==================================================
downloaded 806 KB

trying URL 'https://p3m.dev/cran/__linux__/noble/latest/src/contrib/doRNG_1.8.6.1.tar.gz'
Content type 'binary/octet-stream' length 169580 bytes (165 KB)
==================================================
downloaded 165 KB

trying URL 'https://p3m.dev/cran/__linux__/noble/latest/src/contrib/doParallel_1.0.17.tar.gz'
Content type 'binary/octet-stream' length 188136 bytes (183 KB)
==================================================
downloaded 183 KB

trying URL 'https://bioconductor.org/packages/3.20/bioc/src/contrib/Biobase_2.66.0.tar.gz'
Content type 'application/x-gzip' length 1978998 bytes (1.9 MB)
==================================================
downloaded 1.9 MB

trying URL 'https://bioconductor.org/packages/3.20/bioc/src/contrib/SummarizedExperiment_1.36.0.tar.gz'
Content type 'application/x-gzip' length 690951 bytes (674 KB)
==================================================
downloaded 674 KB

trying URL 'https://bioconductor.org/packages/3.20/bioc/src/contrib/GENIE3_1.28.0.tar.gz'
Content type 'application/x-gzip' length 247628 bytes (241 KB)
==================================================
downloaded 241 KB

* installing *binary* package ‘rngtools’ ...
* ‘rngtools’ was already a binary package and will not be rebuilt
* creating tarball
packaged installation of ‘rngtools’ as ‘rngtools_1.5.2_R_x86_64-pc-linux-gnu.tar.gz’
* DONE (rngtools)
ERROR: failed to lock directory ‘/mnt/library’ for modifying
Try removing ‘/mnt/library/00LOCK-MatrixGenerics’
ERROR: failed to lock directory ‘/mnt/library’ for modifying
Try removing ‘/mnt/library/00LOCK-S4Vectors’
* installing *binary* package ‘doParallel’ ...
* ‘doParallel’ was already a binary package and will not be rebuilt
* creating tarball
packaged installation of ‘doParallel’ as ‘doParallel_1.0.17_R_x86_64-pc-linux-gnu.tar.gz’
* DONE (doParallel)
* installing *source* package ‘Biobase’ ...
** package ‘Biobase’ successfully unpacked and MD5 sums checked
** using staged installation
** libs
using C compiler: ‘gcc (Ubuntu 13.3.0-6ubuntu2~24.04) 13.3.0’
gcc -I"/usr/local/lib/R/include" -DNDEBUG   -I/usr/local/include    -fpic  -g -O2 -fstack-protector-strong -Wformat -Wformat-security -Wdate-time -D_FORTIFY_SOURCE=2 -g  -c Rinit.c -o Rinit.o
gcc -I"/usr/local/lib/R/include" -DNDEBUG   -I/usr/local/include    -fpic  -g -O2 -fstack-protector-strong -Wformat -Wformat-security -Wdate-time -D_FORTIFY_SOURCE=2 -g  -c anyMissing.c -o anyMissing.o
gcc -I"/usr/local/lib/R/include" -DNDEBUG   -I/usr/local/include    -fpic  -g -O2 -fstack-protector-strong -Wformat -Wformat-security -Wdate-time -D_FORTIFY_SOURCE=2 -g  -c envir.c -o envir.o
gcc -I"/usr/local/lib/R/include" -DNDEBUG   -I/usr/local/include    -fpic  -g -O2 -fstack-protector-strong -Wformat -Wformat-security -Wdate-time -D_FORTIFY_SOURCE=2 -g  -c matchpt.c -o matchpt.o
gcc -I"/usr/local/lib/R/include" -DNDEBUG   -I/usr/local/include    -fpic  -g -O2 -fstack-protector-strong -Wformat -Wformat-security -Wdate-time -D_FORTIFY_SOURCE=2 -g  -c rowMedians.c -o rowMedians.o
gcc -I"/usr/local/lib/R/include" -DNDEBUG   -I/usr/local/include    -fpic  -g -O2 -fstack-protector-strong -Wformat -Wformat-security -Wdate-time -D_FORTIFY_SOURCE=2 -g  -c sublist_extract.c -o sublist_extract.o
gcc -shared -L/usr/local/lib/R/lib -L/usr/local/lib -o Biobase.so Rinit.o anyMissing.o envir.o matchpt.o rowMedians.o sublist_extract.o -L/usr/local/lib/R/lib -lR
installing to /mnt/library/00LOCK-Biobase/00new/Biobase/libs
** R
** data
** inst
** byte-compile and prepare package for lazy loading
** help
*** installing help indices
** building package indices
** installing vignettes
** testing if installed package can be loaded from temporary location
** checking absolute paths in shared objects and dynamic libraries
** testing if installed package can be loaded from final location
** testing if installed package keeps a record of temporary installation path
* creating tarball
packaged installation of ‘Biobase’ as ‘Biobase_2.66.0_R_x86_64-pc-linux-gnu.tar.gz’
* DONE (Biobase)
* installing *source* package ‘GENIE3’ ...
** package ‘GENIE3’ successfully unpacked and MD5 sums checked
** using staged installation
** libs
using C compiler: ‘gcc (Ubuntu 13.3.0-6ubuntu2~24.04) 13.3.0’
gcc -I"/usr/local/lib/R/include" -DNDEBUG   -I/usr/local/include    -fpic  -g -O2 -fstack-protector-strong -Wformat -Wformat-security -Wdate-time -D_FORTIFY_SOURCE=2 -g  -c GENIE3.c -o GENIE3.o
gcc -shared -L/usr/local/lib/R/lib -L/usr/local/lib -o GENIE3.so GENIE3.o -L/usr/local/lib/R/lib -lR
installing to /mnt/library/00LOCK-GENIE3/00new/GENIE3/libs
** R
** inst
** byte-compile and prepare package for lazy loading
in method for ‘GENIE3’ with signature ‘"SummarizedExperiment"’: no definition for class “SummarizedExperiment”
in method for ‘GENIE3’ with signature ‘"ExpressionSet"’: no definition for class “ExpressionSet”
** help
*** installing help indices
** building package indices
** installing vignettes
** testing if installed package can be loaded from temporary location
** checking absolute paths in shared objects and dynamic libraries
** testing if installed package can be loaded from final location
** testing if installed package keeps a record of temporary installation path
* creating tarball
packaged installation of ‘GENIE3’ as ‘GENIE3_1.28.0_R_x86_64-pc-linux-gnu.tar.gz’
* DONE (GENIE3)
ERROR: dependency ‘S4Vectors’ is not available for package ‘UCSC.utils’
* removing ‘/mnt/library/UCSC.utils’
ERROR: dependencies ‘BiocGenerics’, ‘S4Vectors’ are not available for package ‘IRanges’
* removing ‘/mnt/library/IRanges’
* installing *binary* package ‘doRNG’ ...
* ‘doRNG’ was already a binary package and will not be rebuilt
* creating tarball
packaged installation of ‘doRNG’ as ‘doRNG_1.8.6.1_R_x86_64-pc-linux-gnu.tar.gz’
* DONE (doRNG)
ERROR: dependencies ‘BiocGenerics’, ‘S4Vectors’, ‘IRanges’ are not available for package ‘XVector’
* removing ‘/mnt/library/XVector’
ERROR: dependencies ‘BiocGenerics’, ‘S4Vectors’, ‘IRanges’, ‘UCSC.utils’ are not available for package ‘GenomeInfoDb’
* removing ‘/mnt/library/GenomeInfoDb’
ERROR: dependencies ‘BiocGenerics’, ‘S4Vectors’, ‘IRanges’ are not available for package ‘S4Arrays’
* removing ‘/mnt/library/S4Arrays’
ERROR: dependencies ‘BiocGenerics’, ‘S4Vectors’, ‘S4Arrays’, ‘IRanges’, ‘XVector’ are not available for package ‘SparseArray’
* removing ‘/mnt/library/SparseArray’
ERROR: dependencies ‘BiocGenerics’, ‘S4Vectors’, ‘IRanges’, ‘GenomeInfoDb’, ‘XVector’ are not available for package ‘GenomicRanges’
* removing ‘/mnt/library/GenomicRanges’
ERROR: dependencies ‘BiocGenerics’, ‘S4Vectors’, ‘IRanges’, ‘S4Arrays’, ‘SparseArray’ are not available for package ‘DelayedArray’
* removing ‘/mnt/library/DelayedArray’
ERROR: dependencies ‘GenomicRanges’, ‘BiocGenerics’, ‘S4Vectors’, ‘IRanges’, ‘GenomeInfoDb’, ‘S4Arrays’, ‘DelayedArray’ are not available for package ‘SummarizedExperiment’
* removing ‘/mnt/library/SummarizedExperiment’

The downloaded source packages are in
	‘/tmp/Rtmp3ddcTs/downloaded_packages’
Old packages: 'bslib', 'cli', 'curl', 'evaluate', 'httr2', 'jsonlite',
  'openssl', 'pillar', 'pkgbuild', 'processx', 'ps', 'purrr', 'R6', 'Rcpp',
  'rlang', 'sessioninfo', 'systemfonts', 'testthat', 'textshaping', 'tinytex',
  'xfun', 'zip', 'class', 'foreign', 'KernSmooth', 'MASS', 'Matrix', 'nlme',
  'nnet', 'rpart', 'spatial'
There were 11 warnings (use warnings() to see them)

real	1m6.503s
user	0m15.849s
sys	0m5.326s
