'getOption("repos")' replaces Bioconductor standard repositories, see
'help("repositories", package = "BiocManager")' for details.
Replacement repositories:
    CRAN: https://p3m.dev/cran/__linux__/noble/latest
Bioconductor version 3.20 (BiocManager 1.30.25), R 4.4.2 (2024-10-31)
Installing package(s) 'omicsViewer'
also installing the dependencies ‘flatxml’, ‘unittest’

trying URL 'https://p3m.dev/cran/__linux__/noble/latest/src/contrib/flatxml_0.1.1.tar.gz'
Content type 'binary/octet-stream' length 115123 bytes (112 KB)
==================================================
downloaded 112 KB

trying URL 'https://p3m.dev/cran/__linux__/noble/latest/src/contrib/unittest_1.7-0.tar.gz'
Content type 'binary/octet-stream' length 711976 bytes (695 KB)
==================================================
downloaded 695 KB

trying URL 'https://bioconductor.org/packages/3.20/bioc/src/contrib/omicsViewer_1.10.0.tar.gz'
Content type 'application/x-gzip' length 4538180 bytes (4.3 MB)
==================================================
downloaded 4.3 MB

* installing *binary* package ‘flatxml’ ...
* ‘flatxml’ was already a binary package and will not be rebuilt
* creating tarball
packaged installation of ‘flatxml’ as ‘flatxml_0.1.1_R_x86_64-pc-linux-gnu.tar.gz’
* DONE (flatxml)
* installing *binary* package ‘unittest’ ...
* ‘unittest’ was already a binary package and will not be rebuilt
* creating tarball
packaged installation of ‘unittest’ as ‘unittest_1.7-0_R_x86_64-pc-linux-gnu.tar.gz’
* DONE (unittest)
* installing *source* package ‘omicsViewer’ ...
** package ‘omicsViewer’ successfully unpacked and MD5 sums checked
** using staged installation
** R
** inst
** byte-compile and prepare package for lazy loading
** help
*** installing help indices
** building package indices
** installing vignettes
** testing if installed package can be loaded from temporary location
** testing if installed package can be loaded from final location
** testing if installed package keeps a record of temporary installation path
* creating tarball
packaged installation of ‘omicsViewer’ as ‘omicsViewer_1.10.0_R_x86_64-pc-linux-gnu.tar.gz’
* DONE (omicsViewer)

The downloaded source packages are in
	‘/tmp/RtmpvC15Wr/downloaded_packages’
Old packages: 'bslib', 'cli', 'curl', 'evaluate', 'httr2', 'jsonlite',
  'openssl', 'pillar', 'pkgbuild', 'processx', 'ps', 'purrr', 'R6', 'Rcpp',
  'rlang', 'sessioninfo', 'systemfonts', 'testthat', 'textshaping', 'tinytex',
  'xfun', 'zip', 'class', 'foreign', 'KernSmooth', 'MASS', 'Matrix', 'nlme',
  'nnet', 'rpart', 'spatial'

real	51m59.995s
user	0m40.914s
sys	0m7.851s
