'getOption("repos")' replaces Bioconductor standard repositories, see
'help("repositories", package = "BiocManager")' for details.
Replacement repositories:
    CRAN: https://p3m.dev/cran/__linux__/noble/latest
Bioconductor version 3.20 (BiocManager 1.30.25), R 4.4.2 (2024-10-31)
Installing package(s) 'topGO'
trying URL 'https://bioconductor.org/packages/3.20/bioc/src/contrib/topGO_2.58.0.tar.gz'
Content type 'application/x-gzip' length 2002683 bytes (1.9 MB)
==================================================
downloaded 1.9 MB

* installing *source* package ‘topGO’ ...
** package ‘topGO’ successfully unpacked and MD5 sums checked
** using staged installation
** R
** data
** inst
** byte-compile and prepare package for lazy loading
** help
*** installing help indices
** building package indices
** installing vignettes
** testing if installed package can be loaded from temporary location

groupGOTerms: 	GOBPTerm, GOMFTerm, GOCCTerm environments built.
** testing if installed package can be loaded from final location

groupGOTerms: 	GOBPTerm, GOMFTerm, GOCCTerm environments built.
** testing if installed package keeps a record of temporary installation path
* creating tarball
packaged installation of ‘topGO’ as ‘topGO_2.58.0_R_x86_64-pc-linux-gnu.tar.gz’
* DONE (topGO)

The downloaded source packages are in
	‘/tmp/RtmpehrwSR/downloaded_packages’
Old packages: 'bslib', 'cli', 'curl', 'evaluate', 'httr2', 'jsonlite',
  'openssl', 'pillar', 'pkgbuild', 'processx', 'ps', 'purrr', 'R6', 'Rcpp',
  'rlang', 'sessioninfo', 'systemfonts', 'testthat', 'textshaping', 'tinytex',
  'xfun', 'zip', 'class', 'foreign', 'KernSmooth', 'MASS', 'Matrix', 'nlme',
  'nnet', 'rpart', 'spatial'

real	30m11.332s
user	0m23.882s
sys	0m6.876s
