'getOption("repos")' replaces Bioconductor standard repositories, see
'help("repositories", package = "BiocManager")' for details.
Replacement repositories:
    CRAN: https://p3m.dev/cran/__linux__/noble/latest
Bioconductor version 3.20 (BiocManager 1.30.25), R 4.4.2 (2024-10-31)
Installing package(s) 'GeneSelectMMD'
trying URL 'https://bioconductor.org/packages/3.20/bioc/src/contrib/GeneSelectMMD_2.50.0.tar.gz'
Content type 'application/x-gzip' length 467097 bytes (456 KB)
==================================================
downloaded 456 KB

* installing *source* package ‘GeneSelectMMD’ ...
** package ‘GeneSelectMMD’ successfully unpacked and MD5 sums checked
** using staged installation
** libs
using C compiler: ‘gcc (Ubuntu 13.3.0-6ubuntu2~24.04) 13.3.0’
using Fortran compiler: ‘GNU Fortran (Ubuntu 13.3.0-6ubuntu2~24.04) 13.3.0’
gcc -I"/usr/local/lib/R/include" -DNDEBUG   -I/usr/local/include    -fpic  -g -O2 -fstack-protector-strong -Wformat -Wformat-security -Wdate-time -D_FORTIFY_SOURCE=2 -g  -c GeneSelectMMD_init.c -o GeneSelectMMD_init.o
gfortran  -fpic  -g -O2  -c Qfunc.f -o Qfunc.o
gfortran  -fpic  -g -O2  -c blas.f -o blas.o
gcc -I"/usr/local/lib/R/include" -DNDEBUG   -I/usr/local/include    -fpic  -g -O2 -fstack-protector-strong -Wformat -Wformat-security -Wdate-time -D_FORTIFY_SOURCE=2 -g  -c isnan.c -o isnan.o
gfortran  -fpic  -g -O2  -c lbfgsb.f -o lbfgsb.o
gfortran  -fpic  -g -O2  -c lbfgsbDriver.f -o lbfgsbDriver.o
gfortran  -fpic  -g -O2  -c linpack.f -o linpack.o
gfortran  -fpic  -g -O2  -c llkhFun.f -o llkhFun.o
gfortran  -fpic  -g -O2  -c myTtest.f -o myTtest.o
gfortran  -fpic  -g -O2  -c paraEstLoop.f -o paraEstLoop.o
gcc -I"/usr/local/lib/R/include" -DNDEBUG   -I/usr/local/include    -fpic  -g -O2 -fstack-protector-strong -Wformat -Wformat-security -Wdate-time -D_FORTIFY_SOURCE=2 -g  -c pt.c -o pt.o
gfortran  -fpic  -g -O2  -c timer.f -o timer.o
gfortran  -fpic  -g -O2  -c wiFun.f -o wiFun.o
gcc -shared -L/usr/local/lib/R/lib -L/usr/local/lib -o GeneSelectMMD.so GeneSelectMMD_init.o Qfunc.o blas.o isnan.o lbfgsb.o lbfgsbDriver.o linpack.o llkhFun.o myTtest.o paraEstLoop.o pt.o timer.o wiFun.o -lgfortran -lm -lquadmath -L/usr/local/lib/R/lib -lR
installing to /mnt/library/00LOCK-GeneSelectMMD/00new/GeneSelectMMD/libs
** R
** inst
** byte-compile and prepare package for lazy loading
** help
*** installing help indices
** building package indices
** installing vignettes
** testing if installed package can be loaded from temporary location
** checking absolute paths in shared objects and dynamic libraries
** testing if installed package can be loaded from final location
** testing if installed package keeps a record of temporary installation path
* creating tarball
packaged installation of ‘GeneSelectMMD’ as ‘GeneSelectMMD_2.50.0_R_x86_64-pc-linux-gnu.tar.gz’
* DONE (GeneSelectMMD)

The downloaded source packages are in
	‘/tmp/RtmpU4IgcO/downloaded_packages’
Old packages: 'bslib', 'cli', 'curl', 'evaluate', 'httr2', 'jsonlite',
  'openssl', 'pillar', 'pkgbuild', 'processx', 'ps', 'purrr', 'R6', 'Rcpp',
  'rlang', 'sessioninfo', 'systemfonts', 'testthat', 'textshaping', 'tinytex',
  'xfun', 'zip', 'class', 'foreign', 'KernSmooth', 'MASS', 'Matrix', 'nlme',
  'nnet', 'rpart', 'spatial'

real	0m22.716s
user	0m9.539s
sys	0m3.243s
