'getOption("repos")' replaces Bioconductor standard repositories, see
'help("repositories", package = "BiocManager")' for details.
Replacement repositories:
    CRAN: https://p3m.dev/cran/__linux__/noble/latest
Bioconductor version 3.20 (BiocManager 1.30.25), R 4.4.2 (2024-10-31)
Installing package(s) 'fdrame'
trying URL 'https://bioconductor.org/packages/3.20/bioc/src/contrib/fdrame_1.78.0.tar.gz'
Content type 'application/x-gzip' length 995833 bytes (972 KB)
==================================================
downloaded 972 KB

* installing *source* package ‘fdrame’ ...
** using staged installation
** libs
using C compiler: ‘gcc (Ubuntu 13.3.0-6ubuntu2~24.04) 13.3.0’
gcc -I"/usr/local/lib/R/include" -DNDEBUG   -I/usr/local/include    -fpic  -g -O2 -fstack-protector-strong -Wformat -Wformat-security -Wdate-time -D_FORTIFY_SOURCE=2 -g  -c fdr.c -o fdr.o
gcc -shared -L/usr/local/lib/R/lib -L/usr/local/lib -o fdrame.so fdr.o -L/usr/local/lib/R/lib -lR
installing to /mnt/library/00LOCK-fdrame/00new/fdrame/libs
** R
** data
** inst
** byte-compile and prepare package for lazy loading
Warning: no DISPLAY variable so Tk is not available
** help
*** installing help indices
** building package indices
** installing vignettes
** testing if installed package can be loaded from temporary location
Warning: no DISPLAY variable so Tk is not available
** checking absolute paths in shared objects and dynamic libraries
** testing if installed package can be loaded from final location
Warning: no DISPLAY variable so Tk is not available
** testing if installed package keeps a record of temporary installation path
* creating tarball
packaged installation of ‘fdrame’ as ‘fdrame_1.78.0_R_x86_64-pc-linux-gnu.tar.gz’
* DONE (fdrame)

The downloaded source packages are in
	‘/tmp/Rtmp3QAZNX/downloaded_packages’
Old packages: 'bslib', 'cli', 'curl', 'evaluate', 'httr2', 'jsonlite',
  'openssl', 'pillar', 'pkgbuild', 'processx', 'ps', 'purrr', 'R6', 'Rcpp',
  'rlang', 'sessioninfo', 'systemfonts', 'testthat', 'textshaping', 'tinytex',
  'xfun', 'zip', 'class', 'foreign', 'KernSmooth', 'MASS', 'Matrix', 'nlme',
  'nnet', 'rpart', 'spatial'

real	11m11.870s
user	0m6.009s
sys	0m3.896s
