'getOption("repos")' replaces Bioconductor standard repositories, see
'help("repositories", package = "BiocManager")' for details.
Replacement repositories:
    CRAN: https://p3m.dev/cran/__linux__/noble/latest
Bioconductor version 3.20 (BiocManager 1.30.25), R 4.4.2 (2024-10-31)
Installing package(s) 'HIBAG'
also installing the dependencies ‘UCSC.utils’, ‘IRanges’, ‘GenomicRanges’, ‘GenomeInfoDb’, ‘Biostrings’, ‘S4Vectors’, ‘XVector’, ‘BiocParallel’, ‘RcppParallel’, ‘gdsfmt’, ‘SNPRelate’, ‘SeqArray’, ‘Rsamtools’

trying URL 'https://bioconductor.org/packages/3.20/bioc/src/contrib/UCSC.utils_1.2.0.tar.gz'
Content type 'application/x-gzip' length 236888 bytes (231 KB)
==================================================
downloaded 231 KB

trying URL 'https://bioconductor.org/packages/3.20/bioc/src/contrib/IRanges_2.40.1.tar.gz'
Content type 'application/x-gzip' length 486989 bytes (475 KB)
==================================================
downloaded 475 KB

trying URL 'https://bioconductor.org/packages/3.20/bioc/src/contrib/GenomicRanges_1.58.0.tar.gz'
Content type 'application/x-gzip' length 1374658 bytes (1.3 MB)
==================================================
downloaded 1.3 MB

trying URL 'https://bioconductor.org/packages/3.20/bioc/src/contrib/GenomeInfoDb_1.42.3.tar.gz'
Content type 'application/x-gzip' length 3592070 bytes (3.4 MB)
==================================================
downloaded 3.4 MB

trying URL 'https://bioconductor.org/packages/3.20/bioc/src/contrib/Biostrings_2.74.1.tar.gz'
Content type 'application/x-gzip' length 12823307 bytes (12.2 MB)
==================================================
downloaded 12.2 MB

trying URL 'https://bioconductor.org/packages/3.20/bioc/src/contrib/S4Vectors_0.44.0.tar.gz'
Content type 'application/x-gzip' length 1076666 bytes (1.0 MB)
==================================================
downloaded 1.0 MB

trying URL 'https://bioconductor.org/packages/3.20/bioc/src/contrib/XVector_0.46.0.tar.gz'
Content type 'application/x-gzip' length 70185 bytes (68 KB)
==================================================
downloaded 68 KB

trying URL 'https://bioconductor.org/packages/3.20/bioc/src/contrib/BiocParallel_1.40.0.tar.gz'
Content type 'application/x-gzip' length 1000414 bytes (976 KB)
==================================================
downloaded 976 KB

trying URL 'https://p3m.dev/cran/__linux__/noble/latest/src/contrib/RcppParallel_5.1.10.tar.gz'
Content type 'binary/octet-stream' length 1958739 bytes (1.9 MB)
==================================================
downloaded 1.9 MB

trying URL 'https://bioconductor.org/packages/3.20/bioc/src/contrib/gdsfmt_1.42.1.tar.gz'
Content type 'application/x-gzip' length 2934304 bytes (2.8 MB)
==================================================
downloaded 2.8 MB

trying URL 'https://bioconductor.org/packages/3.20/bioc/src/contrib/SNPRelate_1.40.0.tar.gz'
Content type 'application/x-gzip' length 3465635 bytes (3.3 MB)
==================================================
downloaded 3.3 MB

trying URL 'https://bioconductor.org/packages/3.20/bioc/src/contrib/SeqArray_1.46.3.tar.gz'
Content type 'application/x-gzip' length 3835177 bytes (3.7 MB)
==================================================
downloaded 3.7 MB

trying URL 'https://bioconductor.org/packages/3.20/bioc/src/contrib/Rsamtools_2.22.0.tar.gz'
Content type 'application/x-gzip' length 2925866 bytes (2.8 MB)
==================================================
downloaded 2.8 MB

trying URL 'https://bioconductor.org/packages/3.20/bioc/src/contrib/HIBAG_1.42.0.tar.gz'
Content type 'application/x-gzip' length 1876226 bytes (1.8 MB)
==================================================
downloaded 1.8 MB

ERROR: failed to lock directory ‘/mnt/library’ for modifying
Try removing ‘/mnt/library/00LOCK-S4Vectors’
ERROR: failed to lock directory ‘/mnt/library’ for modifying
Try removing ‘/mnt/library/00LOCK-BiocParallel’
* installing *binary* package ‘RcppParallel’ ...
* ‘RcppParallel’ was already a binary package and will not be rebuilt
* creating tarball
packaged installation of ‘RcppParallel’ as ‘RcppParallel_5.1.10_R_x86_64-pc-linux-gnu.tar.gz’
* DONE (RcppParallel)
* installing *source* package ‘gdsfmt’ ...
** package ‘gdsfmt’ successfully unpacked and MD5 sums checked
** using staged installation
** libs
using C++ compiler: ‘g++ (Ubuntu 13.3.0-6ubuntu2~24.04) 13.3.0’
g++ -std=gnu++17 -I"/usr/local/lib/R/include" -DNDEBUG -DUSING_R -D_FILE_OFFSET_BITS=64 -I../inst/include -ICoreArray  -I/usr/local/include    -fpic  -g -O2 -fstack-protector-strong -Wformat -Wformat-security -Wdate-time -D_FORTIFY_SOURCE=2 -g  -DR_NO_REMAP -c R_CoreArray.cpp -o R_CoreArray.o
g++ -std=gnu++17 -I"/usr/local/lib/R/include" -DNDEBUG -DUSING_R -D_FILE_OFFSET_BITS=64 -I../inst/include -ICoreArray  -I/usr/local/include    -fpic  -g -O2 -fstack-protector-strong -Wformat -Wformat-security -Wdate-time -D_FORTIFY_SOURCE=2 -g  -DR_NO_REMAP -c gdsfmt.cpp -o gdsfmt.o
g++ -std=gnu++17 -I"/usr/local/lib/R/include" -DNDEBUG -DUSING_R -D_FILE_OFFSET_BITS=64 -I../inst/include -ICoreArray  -I/usr/local/include    -fpic  -g -O2 -fstack-protector-strong -Wformat -Wformat-security -Wdate-time -D_FORTIFY_SOURCE=2 -g  -DR_NO_REMAP -c digest.cpp -o digest.o
g++ -std=gnu++17 -I"/usr/local/lib/R/include" -DNDEBUG -DUSING_R -D_FILE_OFFSET_BITS=64 -I../inst/include -ICoreArray  -I/usr/local/include    -fpic  -g -O2 -fstack-protector-strong -Wformat -Wformat-security -Wdate-time -D_FORTIFY_SOURCE=2 -g  -DR_NO_REMAP -c CoreArray/CoreArray.cpp -o CoreArray/CoreArray.o
g++ -std=gnu++17 -I"/usr/local/lib/R/include" -DNDEBUG -DUSING_R -D_FILE_OFFSET_BITS=64 -I../inst/include -ICoreArray  -I/usr/local/include    -fpic  -g -O2 -fstack-protector-strong -Wformat -Wformat-security -Wdate-time -D_FORTIFY_SOURCE=2 -g  -DR_NO_REMAP -c CoreArray/dAllocator.cpp -o CoreArray/dAllocator.o
g++ -std=gnu++17 -I"/usr/local/lib/R/include" -DNDEBUG -DUSING_R -D_FILE_OFFSET_BITS=64 -I../inst/include -ICoreArray  -I/usr/local/include    -fpic  -g -O2 -fstack-protector-strong -Wformat -Wformat-security -Wdate-time -D_FORTIFY_SOURCE=2 -g  -DR_NO_REMAP -c CoreArray/dAny.cpp -o CoreArray/dAny.o
g++ -std=gnu++17 -I"/usr/local/lib/R/include" -DNDEBUG -DUSING_R -D_FILE_OFFSET_BITS=64 -I../inst/include -ICoreArray  -I/usr/local/include    -fpic  -g -O2 -fstack-protector-strong -Wformat -Wformat-security -Wdate-time -D_FORTIFY_SOURCE=2 -g  -DR_NO_REMAP -c CoreArray/dBase.cpp -o CoreArray/dBase.o
g++ -std=gnu++17 -I"/usr/local/lib/R/include" -DNDEBUG -DUSING_R -D_FILE_OFFSET_BITS=64 -I../inst/include -ICoreArray  -I/usr/local/include    -fpic  -g -O2 -fstack-protector-strong -Wformat -Wformat-security -Wdate-time -D_FORTIFY_SOURCE=2 -g  -DR_NO_REMAP -c CoreArray/dBitGDS.cpp -o CoreArray/dBitGDS.o
g++ -std=gnu++17 -I"/usr/local/lib/R/include" -DNDEBUG -DUSING_R -D_FILE_OFFSET_BITS=64 -I../inst/include -ICoreArray  -I/usr/local/include    -fpic  -g -O2 -fstack-protector-strong -Wformat -Wformat-security -Wdate-time -D_FORTIFY_SOURCE=2 -g  -DR_NO_REMAP -c CoreArray/dEndian.cpp -o CoreArray/dEndian.o
g++ -std=gnu++17 -I"/usr/local/lib/R/include" -DNDEBUG -DUSING_R -D_FILE_OFFSET_BITS=64 -I../inst/include -ICoreArray  -I/usr/local/include    -fpic  -g -O2 -fstack-protector-strong -Wformat -Wformat-security -Wdate-time -D_FORTIFY_SOURCE=2 -g  -DR_NO_REMAP -c CoreArray/dFile.cpp -o CoreArray/dFile.o
g++ -std=gnu++17 -I"/usr/local/lib/R/include" -DNDEBUG -DUSING_R -D_FILE_OFFSET_BITS=64 -I../inst/include -ICoreArray  -I/usr/local/include    -fpic  -g -O2 -fstack-protector-strong -Wformat -Wformat-security -Wdate-time -D_FORTIFY_SOURCE=2 -g  -DR_NO_REMAP -c CoreArray/dParallel.cpp -o CoreArray/dParallel.o
gcc -I"/usr/local/lib/R/include" -DNDEBUG -DUSING_R -D_FILE_OFFSET_BITS=64 -I../inst/include -ICoreArray  -I/usr/local/include    -fpic  -g -O2 -fstack-protector-strong -Wformat -Wformat-security -Wdate-time -D_FORTIFY_SOURCE=2 -g  -c CoreArray/dParallel_Ext.c -o CoreArray/dParallel_Ext.o
g++ -std=gnu++17 -I"/usr/local/lib/R/include" -DNDEBUG -DUSING_R -D_FILE_OFFSET_BITS=64 -I../inst/include -ICoreArray  -I/usr/local/include    -fpic  -g -O2 -fstack-protector-strong -Wformat -Wformat-security -Wdate-time -D_FORTIFY_SOURCE=2 -g  -DR_NO_REMAP -c CoreArray/dPlatform.cpp -o CoreArray/dPlatform.o
g++ -std=gnu++17 -I"/usr/local/lib/R/include" -DNDEBUG -DUSING_R -D_FILE_OFFSET_BITS=64 -I../inst/include -ICoreArray  -I/usr/local/include    -fpic  -g -O2 -fstack-protector-strong -Wformat -Wformat-security -Wdate-time -D_FORTIFY_SOURCE=2 -g  -DR_NO_REMAP -c CoreArray/dRealGDS.cpp -o CoreArray/dRealGDS.o
g++ -std=gnu++17 -I"/usr/local/lib/R/include" -DNDEBUG -DUSING_R -D_FILE_OFFSET_BITS=64 -I../inst/include -ICoreArray  -I/usr/local/include    -fpic  -g -O2 -fstack-protector-strong -Wformat -Wformat-security -Wdate-time -D_FORTIFY_SOURCE=2 -g  -DR_NO_REMAP -c CoreArray/dSerial.cpp -o CoreArray/dSerial.o
g++ -std=gnu++17 -I"/usr/local/lib/R/include" -DNDEBUG -DUSING_R -D_FILE_OFFSET_BITS=64 -I../inst/include -ICoreArray  -I/usr/local/include    -fpic  -g -O2 -fstack-protector-strong -Wformat -Wformat-security -Wdate-time -D_FORTIFY_SOURCE=2 -g  -DR_NO_REMAP -c CoreArray/dStrGDS.cpp -o CoreArray/dStrGDS.o
g++ -std=gnu++17 -I"/usr/local/lib/R/include" -DNDEBUG -DUSING_R -D_FILE_OFFSET_BITS=64 -I../inst/include -ICoreArray  -I/usr/local/include    -fpic  -g -O2 -fstack-protector-strong -Wformat -Wformat-security -Wdate-time -D_FORTIFY_SOURCE=2 -g  -DR_NO_REMAP -c CoreArray/dStream.cpp -o CoreArray/dStream.o
g++ -std=gnu++17 -I"/usr/local/lib/R/include" -DNDEBUG -DUSING_R -D_FILE_OFFSET_BITS=64 -I../inst/include -ICoreArray  -I/usr/local/include    -fpic  -g -O2 -fstack-protector-strong -Wformat -Wformat-security -Wdate-time -D_FORTIFY_SOURCE=2 -g  -DR_NO_REMAP -c CoreArray/dStruct.cpp -o CoreArray/dStruct.o
g++ -std=gnu++17 -I"/usr/local/lib/R/include" -DNDEBUG -DUSING_R -D_FILE_OFFSET_BITS=64 -I../inst/include -ICoreArray  -I/usr/local/include    -fpic  -g -O2 -fstack-protector-strong -Wformat -Wformat-security -Wdate-time -D_FORTIFY_SOURCE=2 -g  -DR_NO_REMAP -c CoreArray/dSparse.cpp -o CoreArray/dSparse.o
g++ -std=gnu++17 -I"/usr/local/lib/R/include" -DNDEBUG -DUSING_R -D_FILE_OFFSET_BITS=64 -I../inst/include -ICoreArray  -I/usr/local/include    -fpic  -g -O2 -fstack-protector-strong -Wformat -Wformat-security -Wdate-time -D_FORTIFY_SOURCE=2 -g  -DR_NO_REMAP -c CoreArray/dVLIntGDS.cpp -o CoreArray/dVLIntGDS.o
gcc -I"/usr/local/lib/R/include" -DNDEBUG -DUSING_R -D_FILE_OFFSET_BITS=64 -I../inst/include -ICoreArray  -I/usr/local/include    -fpic  -g -O2 -fstack-protector-strong -Wformat -Wformat-security -Wdate-time -D_FORTIFY_SOURCE=2 -g  -c -g0 ZLIB/adler32.c -o ZLIB/adler32.o
gcc -I"/usr/local/lib/R/include" -DNDEBUG -DUSING_R -D_FILE_OFFSET_BITS=64 -I../inst/include -ICoreArray  -I/usr/local/include    -fpic  -g -O2 -fstack-protector-strong -Wformat -Wformat-security -Wdate-time -D_FORTIFY_SOURCE=2 -g  -c -g0 ZLIB/compress.c -o ZLIB/compress.o
gcc -I"/usr/local/lib/R/include" -DNDEBUG -DUSING_R -D_FILE_OFFSET_BITS=64 -I../inst/include -ICoreArray  -I/usr/local/include    -fpic  -g -O2 -fstack-protector-strong -Wformat -Wformat-security -Wdate-time -D_FORTIFY_SOURCE=2 -g  -c -g0 ZLIB/crc32.c -o ZLIB/crc32.o
gcc -I"/usr/local/lib/R/include" -DNDEBUG -DUSING_R -D_FILE_OFFSET_BITS=64 -I../inst/include -ICoreArray  -I/usr/local/include    -fpic  -g -O2 -fstack-protector-strong -Wformat -Wformat-security -Wdate-time -D_FORTIFY_SOURCE=2 -g  -c -g0 ZLIB/deflate.c -o ZLIB/deflate.o
gcc -I"/usr/local/lib/R/include" -DNDEBUG -DUSING_R -D_FILE_OFFSET_BITS=64 -I../inst/include -ICoreArray  -I/usr/local/include    -fpic  -g -O2 -fstack-protector-strong -Wformat -Wformat-security -Wdate-time -D_FORTIFY_SOURCE=2 -g  -c -g0 ZLIB/infback.c -o ZLIB/infback.o
gcc -I"/usr/local/lib/R/include" -DNDEBUG -DUSING_R -D_FILE_OFFSET_BITS=64 -I../inst/include -ICoreArray  -I/usr/local/include    -fpic  -g -O2 -fstack-protector-strong -Wformat -Wformat-security -Wdate-time -D_FORTIFY_SOURCE=2 -g  -c -g0 ZLIB/inffast.c -o ZLIB/inffast.o
gcc -I"/usr/local/lib/R/include" -DNDEBUG -DUSING_R -D_FILE_OFFSET_BITS=64 -I../inst/include -ICoreArray  -I/usr/local/include    -fpic  -g -O2 -fstack-protector-strong -Wformat -Wformat-security -Wdate-time -D_FORTIFY_SOURCE=2 -g  -c -g0 ZLIB/inflate.c -o ZLIB/inflate.o
gcc -I"/usr/local/lib/R/include" -DNDEBUG -DUSING_R -D_FILE_OFFSET_BITS=64 -I../inst/include -ICoreArray  -I/usr/local/include    -fpic  -g -O2 -fstack-protector-strong -Wformat -Wformat-security -Wdate-time -D_FORTIFY_SOURCE=2 -g  -c -g0 ZLIB/inftrees.c -o ZLIB/inftrees.o
gcc -I"/usr/local/lib/R/include" -DNDEBUG -DUSING_R -D_FILE_OFFSET_BITS=64 -I../inst/include -ICoreArray  -I/usr/local/include    -fpic  -g -O2 -fstack-protector-strong -Wformat -Wformat-security -Wdate-time -D_FORTIFY_SOURCE=2 -g  -c -g0 ZLIB/trees.c -o ZLIB/trees.o
gcc -I"/usr/local/lib/R/include" -DNDEBUG -DUSING_R -D_FILE_OFFSET_BITS=64 -I../inst/include -ICoreArray  -I/usr/local/include    -fpic  -g -O2 -fstack-protector-strong -Wformat -Wformat-security -Wdate-time -D_FORTIFY_SOURCE=2 -g  -c -g0 ZLIB/uncompr.c -o ZLIB/uncompr.o
gcc -I"/usr/local/lib/R/include" -DNDEBUG -DUSING_R -D_FILE_OFFSET_BITS=64 -I../inst/include -ICoreArray  -I/usr/local/include    -fpic  -g -O2 -fstack-protector-strong -Wformat -Wformat-security -Wdate-time -D_FORTIFY_SOURCE=2 -g  -c -g0 ZLIB/zutil.c -o ZLIB/zutil.o
gcc -I"/usr/local/lib/R/include" -DNDEBUG -DUSING_R -D_FILE_OFFSET_BITS=64 -I../inst/include -ICoreArray  -I/usr/local/include    -fpic  -g -O2 -fstack-protector-strong -Wformat -Wformat-security -Wdate-time -D_FORTIFY_SOURCE=2 -g  -c LZ4/lz4.c -o LZ4/lz4.o
gcc -I"/usr/local/lib/R/include" -DNDEBUG -DUSING_R -D_FILE_OFFSET_BITS=64 -I../inst/include -ICoreArray  -I/usr/local/include    -fpic  -g -O2 -fstack-protector-strong -Wformat -Wformat-security -Wdate-time -D_FORTIFY_SOURCE=2 -g  -c LZ4/lz4hc.c -o LZ4/lz4hc.o
gcc -I"/usr/local/lib/R/include" -DNDEBUG -DUSING_R -D_FILE_OFFSET_BITS=64 -I../inst/include -ICoreArray  -I/usr/local/include    -fpic  -g -O2 -fstack-protector-strong -Wformat -Wformat-security -Wdate-time -D_FORTIFY_SOURCE=2 -g  -c LZ4/lz4frame.c -o LZ4/lz4frame.o
gcc -I"/usr/local/lib/R/include" -DNDEBUG -DUSING_R -D_FILE_OFFSET_BITS=64 -I../inst/include -ICoreArray  -I/usr/local/include    -fpic  -g -O2 -fstack-protector-strong -Wformat -Wformat-security -Wdate-time -D_FORTIFY_SOURCE=2 -g  -c LZ4/xxhash.c -o LZ4/xxhash.o
cd XZ && tar -xzf xz-5.2.9.tar.gz
cd XZ/xz-5.2.9 && \
	./configure CC="gcc" CPP="gcc -E" CXX="g++ -std=gnu++17" CXXCPP="" --build="" \
	--with-pic --enable-silent-rules --quiet --disable-xz --disable-shared > /dev/null
cd XZ/xz-5.2.9/src/liblzma && make
make[1]: Entering directory '/tmp/RtmpoCWeNN/R.INSTALL6e229152c2/gdsfmt/src/XZ/xz-5.2.9/src/liblzma'
Making all in api
make[2]: Entering directory '/tmp/RtmpoCWeNN/R.INSTALL6e229152c2/gdsfmt/src/XZ/xz-5.2.9/src/liblzma/api'
make[2]: Nothing to be done for 'all'.
make[2]: Leaving directory '/tmp/RtmpoCWeNN/R.INSTALL6e229152c2/gdsfmt/src/XZ/xz-5.2.9/src/liblzma/api'
make[2]: Entering directory '/tmp/RtmpoCWeNN/R.INSTALL6e229152c2/gdsfmt/src/XZ/xz-5.2.9/src/liblzma'
  CC       liblzma_la-tuklib_physmem.lo
  CC       liblzma_la-tuklib_cpucores.lo
  CC       liblzma_la-common.lo
  CC       liblzma_la-block_util.lo
  CC       liblzma_la-easy_preset.lo
  CC       liblzma_la-filter_common.lo
  CC       liblzma_la-hardware_physmem.lo
  CC       liblzma_la-index.lo
  CC       liblzma_la-stream_flags_common.lo
  CC       liblzma_la-vli_size.lo
  CC       liblzma_la-hardware_cputhreads.lo
  CC       liblzma_la-alone_encoder.lo
  CC       liblzma_la-block_buffer_encoder.lo
  CC       liblzma_la-block_encoder.lo
  CC       liblzma_la-block_header_encoder.lo
  CC       liblzma_la-easy_buffer_encoder.lo
  CC       liblzma_la-easy_encoder.lo
  CC       liblzma_la-easy_encoder_memusage.lo
  CC       liblzma_la-filter_buffer_encoder.lo
  CC       liblzma_la-filter_encoder.lo
  CC       liblzma_la-filter_flags_encoder.lo
  CC       liblzma_la-index_encoder.lo
  CC       liblzma_la-stream_buffer_encoder.lo
  CC       liblzma_la-stream_encoder.lo
  CC       liblzma_la-stream_flags_encoder.lo
  CC       liblzma_la-vli_encoder.lo
  CC       liblzma_la-outqueue.lo
  CC       liblzma_la-stream_encoder_mt.lo
  CC       liblzma_la-alone_decoder.lo
  CC       liblzma_la-auto_decoder.lo
  CC       liblzma_la-block_buffer_decoder.lo
  CC       liblzma_la-block_decoder.lo
  CC       liblzma_la-block_header_decoder.lo
  CC       liblzma_la-easy_decoder_memusage.lo
  CC       liblzma_la-filter_buffer_decoder.lo
  CC       liblzma_la-filter_decoder.lo
  CC       liblzma_la-filter_flags_decoder.lo
  CC       liblzma_la-index_decoder.lo
  CC       liblzma_la-index_hash.lo
  CC       liblzma_la-stream_buffer_decoder.lo
  CC       liblzma_la-stream_decoder.lo
  CC       liblzma_la-stream_flags_decoder.lo
  CC       liblzma_la-vli_decoder.lo
  CC       liblzma_la-check.lo
  CC       liblzma_la-crc32_table.lo
  CC       liblzma_la-crc32_fast.lo
  CC       liblzma_la-crc64_table.lo
  CC       liblzma_la-crc64_fast.lo
  CC       liblzma_la-sha256.lo
  CC       liblzma_la-lz_encoder.lo
  CC       liblzma_la-lz_encoder_mf.lo
  CC       liblzma_la-lz_decoder.lo
  CC       liblzma_la-lzma_encoder_presets.lo
  CC       liblzma_la-lzma_encoder.lo
  CC       liblzma_la-lzma_encoder_optimum_fast.lo
  CC       liblzma_la-lzma_encoder_optimum_normal.lo
  CC       liblzma_la-fastpos_table.lo
  CC       liblzma_la-lzma_decoder.lo
  CC       liblzma_la-lzma2_encoder.lo
  CC       liblzma_la-lzma2_decoder.lo
  CC       liblzma_la-price_table.lo
  CC       liblzma_la-delta_common.lo
  CC       liblzma_la-delta_encoder.lo
  CC       liblzma_la-delta_decoder.lo
  CC       liblzma_la-simple_coder.lo
  CC       liblzma_la-simple_encoder.lo
  CC       liblzma_la-simple_decoder.lo
  CC       liblzma_la-x86.lo
  CC       liblzma_la-powerpc.lo
  CC       liblzma_la-ia64.lo
  CC       liblzma_la-arm.lo
  CC       liblzma_la-armthumb.lo
  CC       liblzma_la-sparc.lo
  CCLD     liblzma.la
  PC       liblzma.pc
make[2]: Leaving directory '/tmp/RtmpoCWeNN/R.INSTALL6e229152c2/gdsfmt/src/XZ/xz-5.2.9/src/liblzma'
make[1]: Leaving directory '/tmp/RtmpoCWeNN/R.INSTALL6e229152c2/gdsfmt/src/XZ/xz-5.2.9/src/liblzma'
cp XZ/xz-5.2.9/src/liblzma/.libs/liblzma.a  .
rm -rf XZ/xz-5.2.9/dos
rm -rf XZ/xz-5.2.9/po
g++ -std=gnu++17 -shared -L/usr/local/lib/R/lib -L/usr/local/lib -o gdsfmt.so R_CoreArray.o gdsfmt.o digest.o CoreArray/CoreArray.o CoreArray/dAllocator.o CoreArray/dAny.o CoreArray/dBase.o CoreArray/dBitGDS.o CoreArray/dEndian.o CoreArray/dFile.o CoreArray/dParallel.o CoreArray/dParallel_Ext.o CoreArray/dPlatform.o CoreArray/dRealGDS.o CoreArray/dSerial.o CoreArray/dStrGDS.o CoreArray/dStream.o CoreArray/dStruct.o CoreArray/dSparse.o CoreArray/dVLIntGDS.o ZLIB/adler32.o ZLIB/compress.o ZLIB/crc32.o ZLIB/deflate.o ZLIB/infback.o ZLIB/inffast.o ZLIB/inflate.o ZLIB/inftrees.o ZLIB/trees.o ZLIB/uncompr.o ZLIB/zutil.o LZ4/lz4.o LZ4/lz4hc.o LZ4/lz4frame.o LZ4/xxhash.o ./liblzma.a -lpthread -L/usr/local/lib/R/lib -lR
installing to /mnt/library/00LOCK-gdsfmt/00new/gdsfmt/libs
** R
** inst
** byte-compile and prepare package for lazy loading
** help
*** installing help indices
** building package indices
** installing vignettes
** testing if installed package can be loaded from temporary location
** checking absolute paths in shared objects and dynamic libraries
** testing if installed package can be loaded from final location
** testing if installed package keeps a record of temporary installation path
* creating tarball
packaged installation of ‘gdsfmt’ as ‘gdsfmt_1.42.1_R_x86_64-pc-linux-gnu.tar.gz’
* DONE (gdsfmt)
ERROR: dependency ‘S4Vectors’ is not available for package ‘UCSC.utils’
* removing ‘/mnt/library/UCSC.utils’
ERROR: failed to lock directory ‘/mnt/library’ for modifying
Try removing ‘/mnt/library/00LOCK-IRanges’
* installing *source* package ‘SNPRelate’ ...
** package ‘SNPRelate’ successfully unpacked and MD5 sums checked
** using staged installation
** libs
using C compiler: ‘gcc (Ubuntu 13.3.0-6ubuntu2~24.04) 13.3.0’
using C++ compiler: ‘g++ (Ubuntu 13.3.0-6ubuntu2~24.04) 13.3.0’
g++ -std=gnu++17 -I"/usr/local/lib/R/include" -DNDEBUG -DUSING_R -DUSE_FC_LEN_T -I. -I'/mnt/library/gdsfmt/include' -I/usr/local/include    -fpic  -g -O2 -fstack-protector-strong -Wformat -Wformat-security -Wdate-time -D_FORTIFY_SOURCE=2 -g  -DR_NO_REMAP -c ConvToGDS.cpp -o ConvToGDS.o
gcc -I"/usr/local/lib/R/include" -DNDEBUG -DUSING_R -DUSE_FC_LEN_T -I. -I'/mnt/library/gdsfmt/include' -I/usr/local/include    -fpic  -g -O2 -fstack-protector-strong -Wformat -Wformat-security -Wdate-time -D_FORTIFY_SOURCE=2 -g  -c R_SNPRelate.c -o R_SNPRelate.o
g++ -std=gnu++17 -I"/usr/local/lib/R/include" -DNDEBUG -DUSING_R -DUSE_FC_LEN_T -I. -I'/mnt/library/gdsfmt/include' -I/usr/local/include    -fpic  -g -O2 -fstack-protector-strong -Wformat -Wformat-security -Wdate-time -D_FORTIFY_SOURCE=2 -g  -DR_NO_REMAP -c SNPRelate.cpp -o SNPRelate.o
g++ -std=gnu++17 -I"/usr/local/lib/R/include" -DNDEBUG -DUSING_R -DUSE_FC_LEN_T -I. -I'/mnt/library/gdsfmt/include' -I/usr/local/include    -fpic  -g -O2 -fstack-protector-strong -Wformat -Wformat-security -Wdate-time -D_FORTIFY_SOURCE=2 -g  -DR_NO_REMAP -c ThreadPool.cpp -o ThreadPool.o
g++ -std=gnu++17 -I"/usr/local/lib/R/include" -DNDEBUG -DUSING_R -DUSE_FC_LEN_T -I. -I'/mnt/library/gdsfmt/include' -I/usr/local/include    -fpic  -g -O2 -fstack-protector-strong -Wformat -Wformat-security -Wdate-time -D_FORTIFY_SOURCE=2 -g  -DR_NO_REMAP -c dGenGWAS.cpp -o dGenGWAS.o
g++ -std=gnu++17 -I"/usr/local/lib/R/include" -DNDEBUG -DUSING_R -DUSE_FC_LEN_T -I. -I'/mnt/library/gdsfmt/include' -I/usr/local/include    -fpic  -g -O2 -fstack-protector-strong -Wformat -Wformat-security -Wdate-time -D_FORTIFY_SOURCE=2 -g  -DR_NO_REMAP -c dVect.cpp -o dVect.o
g++ -std=gnu++17 -I"/usr/local/lib/R/include" -DNDEBUG -DUSING_R -DUSE_FC_LEN_T -I. -I'/mnt/library/gdsfmt/include' -I/usr/local/include    -fpic  -g -O2 -fstack-protector-strong -Wformat -Wformat-security -Wdate-time -D_FORTIFY_SOURCE=2 -g  -DR_NO_REMAP -c genBeta.cpp -o genBeta.o
g++ -std=gnu++17 -I"/usr/local/lib/R/include" -DNDEBUG -DUSING_R -DUSE_FC_LEN_T -I. -I'/mnt/library/gdsfmt/include' -I/usr/local/include    -fpic  -g -O2 -fstack-protector-strong -Wformat -Wformat-security -Wdate-time -D_FORTIFY_SOURCE=2 -g  -DR_NO_REMAP -c genEIGMIX.cpp -o genEIGMIX.o
g++ -std=gnu++17 -I"/usr/local/lib/R/include" -DNDEBUG -DUSING_R -DUSE_FC_LEN_T -I. -I'/mnt/library/gdsfmt/include' -I/usr/local/include    -fpic  -g -O2 -fstack-protector-strong -Wformat -Wformat-security -Wdate-time -D_FORTIFY_SOURCE=2 -g  -DR_NO_REMAP -c genFst.cpp -o genFst.o
g++ -std=gnu++17 -I"/usr/local/lib/R/include" -DNDEBUG -DUSING_R -DUSE_FC_LEN_T -I. -I'/mnt/library/gdsfmt/include' -I/usr/local/include    -fpic  -g -O2 -fstack-protector-strong -Wformat -Wformat-security -Wdate-time -D_FORTIFY_SOURCE=2 -g  -DR_NO_REMAP -c genHWE.cpp -o genHWE.o
g++ -std=gnu++17 -I"/usr/local/lib/R/include" -DNDEBUG -DUSING_R -DUSE_FC_LEN_T -I. -I'/mnt/library/gdsfmt/include' -I/usr/local/include    -fpic  -g -O2 -fstack-protector-strong -Wformat -Wformat-security -Wdate-time -D_FORTIFY_SOURCE=2 -g  -DR_NO_REMAP -c genIBD.cpp -o genIBD.o
g++ -std=gnu++17 -I"/usr/local/lib/R/include" -DNDEBUG -DUSING_R -DUSE_FC_LEN_T -I. -I'/mnt/library/gdsfmt/include' -I/usr/local/include    -fpic  -g -O2 -fstack-protector-strong -Wformat -Wformat-security -Wdate-time -D_FORTIFY_SOURCE=2 -g  -DR_NO_REMAP -c genIBS.cpp -o genIBS.o
g++ -std=gnu++17 -I"/usr/local/lib/R/include" -DNDEBUG -DUSING_R -DUSE_FC_LEN_T -I. -I'/mnt/library/gdsfmt/include' -I/usr/local/include    -fpic  -g -O2 -fstack-protector-strong -Wformat -Wformat-security -Wdate-time -D_FORTIFY_SOURCE=2 -g  -DR_NO_REMAP -c genKING.cpp -o genKING.o
g++ -std=gnu++17 -I"/usr/local/lib/R/include" -DNDEBUG -DUSING_R -DUSE_FC_LEN_T -I. -I'/mnt/library/gdsfmt/include' -I/usr/local/include    -fpic  -g -O2 -fstack-protector-strong -Wformat -Wformat-security -Wdate-time -D_FORTIFY_SOURCE=2 -g  -DR_NO_REMAP -c genLD.cpp -o genLD.o
g++ -std=gnu++17 -I"/usr/local/lib/R/include" -DNDEBUG -DUSING_R -DUSE_FC_LEN_T -I. -I'/mnt/library/gdsfmt/include' -I/usr/local/include    -fpic  -g -O2 -fstack-protector-strong -Wformat -Wformat-security -Wdate-time -D_FORTIFY_SOURCE=2 -g  -DR_NO_REMAP -c genPCA.cpp -o genPCA.o
g++ -std=gnu++17 -I"/usr/local/lib/R/include" -DNDEBUG -DUSING_R -DUSE_FC_LEN_T -I. -I'/mnt/library/gdsfmt/include' -I/usr/local/include    -fpic  -g -O2 -fstack-protector-strong -Wformat -Wformat-security -Wdate-time -D_FORTIFY_SOURCE=2 -g  -DR_NO_REMAP -c genSlideWin.cpp -o genSlideWin.o
g++ -std=gnu++17 -shared -L/usr/local/lib/R/lib -L/usr/local/lib -o SNPRelate.so ConvToGDS.o R_SNPRelate.o SNPRelate.o ThreadPool.o dGenGWAS.o dVect.o genBeta.o genEIGMIX.o genFst.o genHWE.o genIBD.o genIBS.o genKING.o genLD.o genPCA.o genSlideWin.o -lpthread -llapack -lblas -lgfortran -lm -lquadmath -L/usr/local/lib/R/lib -lR
installing to /mnt/library/00LOCK-SNPRelate/00new/SNPRelate/libs
** R
** data
*** moving datasets to lazyload DB
** inst
** byte-compile and prepare package for lazy loading
** help
*** installing help indices
** building package indices
** installing vignettes
** testing if installed package can be loaded from temporary location
** checking absolute paths in shared objects and dynamic libraries
** testing if installed package can be loaded from final location
** testing if installed package keeps a record of temporary installation path
* creating tarball
packaged installation of ‘SNPRelate’ as ‘SNPRelate_1.40.0_R_x86_64-pc-linux-gnu.tar.gz’
* DONE (SNPRelate)
* installing *source* package ‘HIBAG’ ...
** package ‘HIBAG’ successfully unpacked and MD5 sums checked
** using staged installation
** libs
using C compiler: ‘gcc (Ubuntu 13.3.0-6ubuntu2~24.04) 13.3.0’
using C++ compiler: ‘g++ (Ubuntu 13.3.0-6ubuntu2~24.04) 13.3.0’
using C++11
g++ -std=gnu++11 -I"/usr/local/lib/R/include" -DNDEBUG -I../inst/include -I'/mnt/library/RcppParallel/include' -I/usr/local/include    -fpic  -g -O2 -fstack-protector-strong -Wformat -Wformat-security -Wdate-time -D_FORTIFY_SOURCE=2 -g  -DR_NO_REMAP -c HIBAG.cpp -o HIBAG.o
g++ -std=gnu++11 -I"/usr/local/lib/R/include" -DNDEBUG -I../inst/include -I'/mnt/library/RcppParallel/include' -I/usr/local/include    -fpic  -g -O2 -fstack-protector-strong -Wformat -Wformat-security -Wdate-time -D_FORTIFY_SOURCE=2 -g  -DR_NO_REMAP -c LibHLA.cpp -o LibHLA.o
LibHLA.cpp: In static member function ‘static void HLA_LIB::CAlg_Prediction::Init_Target_IFunc(const char*)’:
LibHLA.cpp:1348:25: error: ‘error’ was not declared in this scope; did you mean ‘perror’?
 1348 |                         error("Not support AVX512VPOPCNTDQ.");
      |                         ^~~~~
      |                         perror
LibHLA.cpp:1358:25: error: ‘error’ was not declared in this scope; did you mean ‘perror’?
 1358 |                         error("Not support AVX512BW.");
      |                         ^~~~~
      |                         perror
LibHLA.cpp:1368:25: error: ‘error’ was not declared in this scope; did you mean ‘perror’?
 1368 |                         error("Not support AVX512F.");
      |                         ^~~~~
      |                         perror
LibHLA.cpp:1387:25: error: ‘error’ was not declared in this scope; did you mean ‘perror’?
 1387 |                         error("Not support AVX2.");
      |                         ^~~~~
      |                         perror
LibHLA.cpp:1397:25: error: ‘error’ was not declared in this scope; did you mean ‘perror’?
 1397 |                         error("Not support AVX.");
      |                         ^~~~~
      |                         perror
LibHLA.cpp:1407:25: error: ‘error’ was not declared in this scope; did you mean ‘perror’?
 1407 |                         error("Not support SSE4.2.");
      |                         ^~~~~
      |                         perror
LibHLA.cpp:1417:25: error: ‘error’ was not declared in this scope; did you mean ‘perror’?
 1417 |                         error("Not support SSE2.");
      |                         ^~~~~
      |                         perror
make: *** [/usr/local/lib/R/etc/Makeconf:204: LibHLA.o] Error 1
ERROR: compilation failed for package ‘HIBAG’
* removing ‘/mnt/library/HIBAG’
ERROR: dependencies ‘S4Vectors’, ‘IRanges’, ‘UCSC.utils’ are not available for package ‘GenomeInfoDb’
* removing ‘/mnt/library/GenomeInfoDb’
Warning in dir.create(lockdir, recursive = TRUE) :
  '/mnt/library/00LOCK-XVector' already exists
ERROR: failed to create lock directory ‘/mnt/library/00LOCK-XVector’
ERROR: dependencies ‘S4Vectors’, ‘IRanges’, ‘GenomeInfoDb’, ‘XVector’ are not available for package ‘GenomicRanges’
* removing ‘/mnt/library/GenomicRanges’
ERROR: failed to lock directory ‘/mnt/library’ for modifying
Try removing ‘/mnt/library/00LOCK-Biostrings’
ERROR: dependencies ‘IRanges’, ‘GenomicRanges’, ‘GenomeInfoDb’, ‘Biostrings’, ‘S4Vectors’ are not available for package ‘SeqArray’
* removing ‘/mnt/library/SeqArray’
ERROR: dependencies ‘GenomeInfoDb’, ‘GenomicRanges’, ‘Biostrings’, ‘S4Vectors’, ‘IRanges’, ‘XVector’ are not available for package ‘Rsamtools’
* removing ‘/mnt/library/Rsamtools’

The downloaded source packages are in
	‘/tmp/RtmpnXzwND/downloaded_packages’
Old packages: 'bslib', 'cli', 'curl', 'evaluate', 'httr2', 'jsonlite',
  'openssl', 'pillar', 'pkgbuild', 'processx', 'ps', 'purrr', 'R6', 'Rcpp',
  'rlang', 'sessioninfo', 'systemfonts', 'testthat', 'textshaping', 'tinytex',
  'xfun', 'zip', 'class', 'foreign', 'KernSmooth', 'MASS', 'Matrix', 'nlme',
  'nnet', 'rpart', 'spatial'
There were 11 warnings (use warnings() to see them)
Error: unexpected 'else' in "  else"
Execution halted

real	13m27.024s
user	3m12.711s
sys	0m25.218s
