'getOption("repos")' replaces Bioconductor standard repositories, see
'help("repositories", package = "BiocManager")' for details.
Replacement repositories:
    CRAN: https://p3m.dev/cran/__linux__/noble/latest
Bioconductor version 3.20 (BiocManager 1.30.25), R 4.4.2 (2024-10-31)
Installing package(s) 'epimutacions'
also installing the dependency ‘epimutacionsData’

trying URL 'https://bioconductor.org/packages/3.20/data/experiment/src/contrib/epimutacionsData_1.10.0.tar.gz'
Content type 'application/x-gzip' length 59806261 bytes (57.0 MB)
==================================================
downloaded 57.0 MB

trying URL 'https://bioconductor.org/packages/3.20/bioc/src/contrib/epimutacions_1.10.0.tar.gz'
Content type 'application/x-gzip' length 1811194 bytes (1.7 MB)
==================================================
downloaded 1.7 MB

* installing *source* package ‘epimutacionsData’ ...
** using staged installation
** inst
** help
No man pages found in package  ‘epimutacionsData’ 
*** installing help indices
** building package indices
** installing vignettes
** testing if installed package can be loaded from temporary location
** testing if installed package can be loaded from final location
** testing if installed package keeps a record of temporary installation path
* creating tarball
packaged installation of ‘epimutacionsData’ as ‘epimutacionsData_1.10.0_R_x86_64-pc-linux-gnu.tar.gz’
* DONE (epimutacionsData)
* installing *source* package ‘epimutacions’ ...
** package ‘epimutacions’ successfully unpacked and MD5 sums checked
** using staged installation
** libs
using C compiler: ‘gcc (Ubuntu 13.3.0-6ubuntu2~24.04) 13.3.0’
using C++ compiler: ‘g++ (Ubuntu 13.3.0-6ubuntu2~24.04) 13.3.0’
gcc -I"/usr/local/lib/R/include" -DNDEBUG   -I/usr/local/include    -fpic  -g -O2 -fstack-protector-strong -Wformat -Wformat-security -Wdate-time -D_FORTIFY_SOURCE=2 -g  -c mlm_init.c -o mlm_init.o
g++ -std=gnu++17 -I"/usr/local/lib/R/include" -DNDEBUG   -I/usr/local/include    -fpic  -g -O2 -fstack-protector-strong -Wformat -Wformat-security -Wdate-time -D_FORTIFY_SOURCE=2 -g  -DR_NO_REMAP -c ruben.cpp -o ruben.o
g++ -std=gnu++17 -shared -L/usr/local/lib/R/lib -L/usr/local/lib -o epimutacions.so mlm_init.o ruben.o -L/usr/local/lib/R/lib -lR
installing to /mnt/library/00LOCK-epimutacions/00new/epimutacions/libs
** R
** data
** inst
** byte-compile and prepare package for lazy loading
** help
*** installing help indices
** building package indices
** installing vignettes
** testing if installed package can be loaded from temporary location
** checking absolute paths in shared objects and dynamic libraries
** testing if installed package can be loaded from final location
** testing if installed package keeps a record of temporary installation path
* creating tarball
packaged installation of ‘epimutacions’ as ‘epimutacions_1.10.0_R_x86_64-pc-linux-gnu.tar.gz’
* DONE (epimutacions)

The downloaded source packages are in
	‘/tmp/RtmpWajWTY/downloaded_packages’
Old packages: 'bslib', 'cli', 'curl', 'evaluate', 'httr2', 'jsonlite',
  'openssl', 'pillar', 'pkgbuild', 'processx', 'ps', 'purrr', 'R6', 'Rcpp',
  'rlang', 'sessioninfo', 'systemfonts', 'testthat', 'textshaping', 'tinytex',
  'xfun', 'zip', 'class', 'foreign', 'KernSmooth', 'MASS', 'Matrix', 'nlme',
  'nnet', 'rpart', 'spatial'

real	4m30.326s
user	1m4.298s
sys	0m11.229s
