'getOption("repos")' replaces Bioconductor standard repositories, see
'help("repositories", package = "BiocManager")' for details.
Replacement repositories:
    CRAN: https://p3m.dev/cran/__linux__/noble/latest
Bioconductor version 3.20 (BiocManager 1.30.25), R 4.4.2 (2024-10-31)
Installing package(s) 'rhdf5'
trying URL 'https://bioconductor.org/packages/3.20/bioc/src/contrib/rhdf5_2.50.2.tar.gz'
Content type 'application/x-gzip' length 1310189 bytes (1.2 MB)
==================================================
downloaded 1.2 MB

* installing *source* package ‘rhdf5’ ...
** package ‘rhdf5’ successfully unpacked and MD5 sums checked
** using staged installation
configure: creating ./config.status
config.status: creating src/external_filters.h
** libs
using C compiler: ‘gcc (Ubuntu 13.3.0-6ubuntu2~24.04) 13.3.0’
using C++ compiler: ‘g++ (Ubuntu 13.3.0-6ubuntu2~24.04) 13.3.0’
gcc -I"/usr/local/lib/R/include" -DNDEBUG  -I'/mnt/library/Rhdf5lib/include' -I/usr/local/include    -fpic  -g -O2 -fstack-protector-strong -Wformat -Wformat-security -Wdate-time -D_FORTIFY_SOURCE=2 -g  -c H5.c -o H5.o
gcc -I"/usr/local/lib/R/include" -DNDEBUG  -I'/mnt/library/Rhdf5lib/include' -I/usr/local/include    -fpic  -g -O2 -fstack-protector-strong -Wformat -Wformat-security -Wdate-time -D_FORTIFY_SOURCE=2 -g  -c H5A.c -o H5A.o
gcc -I"/usr/local/lib/R/include" -DNDEBUG  -I'/mnt/library/Rhdf5lib/include' -I/usr/local/include    -fpic  -g -O2 -fstack-protector-strong -Wformat -Wformat-security -Wdate-time -D_FORTIFY_SOURCE=2 -g  -c H5D.c -o H5D.o
gcc -I"/usr/local/lib/R/include" -DNDEBUG  -I'/mnt/library/Rhdf5lib/include' -I/usr/local/include    -fpic  -g -O2 -fstack-protector-strong -Wformat -Wformat-security -Wdate-time -D_FORTIFY_SOURCE=2 -g  -c H5E.c -o H5E.o
gcc -I"/usr/local/lib/R/include" -DNDEBUG  -I'/mnt/library/Rhdf5lib/include' -I/usr/local/include    -fpic  -g -O2 -fstack-protector-strong -Wformat -Wformat-security -Wdate-time -D_FORTIFY_SOURCE=2 -g  -c H5F.c -o H5F.o
gcc -I"/usr/local/lib/R/include" -DNDEBUG  -I'/mnt/library/Rhdf5lib/include' -I/usr/local/include    -fpic  -g -O2 -fstack-protector-strong -Wformat -Wformat-security -Wdate-time -D_FORTIFY_SOURCE=2 -g  -c H5G.c -o H5G.o
gcc -I"/usr/local/lib/R/include" -DNDEBUG  -I'/mnt/library/Rhdf5lib/include' -I/usr/local/include    -fpic  -g -O2 -fstack-protector-strong -Wformat -Wformat-security -Wdate-time -D_FORTIFY_SOURCE=2 -g  -c H5I.c -o H5I.o
gcc -I"/usr/local/lib/R/include" -DNDEBUG  -I'/mnt/library/Rhdf5lib/include' -I/usr/local/include    -fpic  -g -O2 -fstack-protector-strong -Wformat -Wformat-security -Wdate-time -D_FORTIFY_SOURCE=2 -g  -c H5L.c -o H5L.o
gcc -I"/usr/local/lib/R/include" -DNDEBUG  -I'/mnt/library/Rhdf5lib/include' -I/usr/local/include    -fpic  -g -O2 -fstack-protector-strong -Wformat -Wformat-security -Wdate-time -D_FORTIFY_SOURCE=2 -g  -c H5O.c -o H5O.o
gcc -I"/usr/local/lib/R/include" -DNDEBUG  -I'/mnt/library/Rhdf5lib/include' -I/usr/local/include    -fpic  -g -O2 -fstack-protector-strong -Wformat -Wformat-security -Wdate-time -D_FORTIFY_SOURCE=2 -g  -c H5P.c -o H5P.o
gcc -I"/usr/local/lib/R/include" -DNDEBUG  -I'/mnt/library/Rhdf5lib/include' -I/usr/local/include    -fpic  -g -O2 -fstack-protector-strong -Wformat -Wformat-security -Wdate-time -D_FORTIFY_SOURCE=2 -g  -c H5PL.c -o H5PL.o
gcc -I"/usr/local/lib/R/include" -DNDEBUG  -I'/mnt/library/Rhdf5lib/include' -I/usr/local/include    -fpic  -g -O2 -fstack-protector-strong -Wformat -Wformat-security -Wdate-time -D_FORTIFY_SOURCE=2 -g  -c H5R.c -o H5R.o
gcc -I"/usr/local/lib/R/include" -DNDEBUG  -I'/mnt/library/Rhdf5lib/include' -I/usr/local/include    -fpic  -g -O2 -fstack-protector-strong -Wformat -Wformat-security -Wdate-time -D_FORTIFY_SOURCE=2 -g  -c H5S.c -o H5S.o
gcc -I"/usr/local/lib/R/include" -DNDEBUG  -I'/mnt/library/Rhdf5lib/include' -I/usr/local/include    -fpic  -g -O2 -fstack-protector-strong -Wformat -Wformat-security -Wdate-time -D_FORTIFY_SOURCE=2 -g  -c H5S_extras.c -o H5S_extras.o
gcc -I"/usr/local/lib/R/include" -DNDEBUG  -I'/mnt/library/Rhdf5lib/include' -I/usr/local/include    -fpic  -g -O2 -fstack-protector-strong -Wformat -Wformat-security -Wdate-time -D_FORTIFY_SOURCE=2 -g  -c H5T.c -o H5T.o
gcc -I"/usr/local/lib/R/include" -DNDEBUG  -I'/mnt/library/Rhdf5lib/include' -I/usr/local/include    -fpic  -g -O2 -fstack-protector-strong -Wformat -Wformat-security -Wdate-time -D_FORTIFY_SOURCE=2 -g  -c H5T_extras.c -o H5T_extras.o
gcc -I"/usr/local/lib/R/include" -DNDEBUG  -I'/mnt/library/Rhdf5lib/include' -I/usr/local/include    -fpic  -g -O2 -fstack-protector-strong -Wformat -Wformat-security -Wdate-time -D_FORTIFY_SOURCE=2 -g  -c H5Z.c -o H5Z.o
gcc -I"/usr/local/lib/R/include" -DNDEBUG  -I'/mnt/library/Rhdf5lib/include' -I/usr/local/include    -fpic  -g -O2 -fstack-protector-strong -Wformat -Wformat-security -Wdate-time -D_FORTIFY_SOURCE=2 -g  -c H5constants.c -o H5constants.o
g++ -std=gnu++17 -I"/usr/local/lib/R/include" -DNDEBUG  -I'/mnt/library/Rhdf5lib/include' -I/usr/local/include    -fpic  -g -O2 -fstack-protector-strong -Wformat -Wformat-security -Wdate-time -D_FORTIFY_SOURCE=2 -g  -DR_NO_REMAP -c HandleList.cpp -o HandleList.o
gcc -I"/usr/local/lib/R/include" -DNDEBUG  -I'/mnt/library/Rhdf5lib/include' -I/usr/local/include    -fpic  -g -O2 -fstack-protector-strong -Wformat -Wformat-security -Wdate-time -D_FORTIFY_SOURCE=2 -g  -c HandleListWrap.c -o HandleListWrap.o
gcc -I"/usr/local/lib/R/include" -DNDEBUG  -I'/mnt/library/Rhdf5lib/include' -I/usr/local/include    -fpic  -g -O2 -fstack-protector-strong -Wformat -Wformat-security -Wdate-time -D_FORTIFY_SOURCE=2 -g  -c bit64conversion.c -o bit64conversion.o
gcc -I"/usr/local/lib/R/include" -DNDEBUG  -I'/mnt/library/Rhdf5lib/include' -I/usr/local/include    -fpic  -g -O2 -fstack-protector-strong -Wformat -Wformat-security -Wdate-time -D_FORTIFY_SOURCE=2 -g  -c external_filters.c -o external_filters.o
gcc -I"/usr/local/lib/R/include" -DNDEBUG  -I'/mnt/library/Rhdf5lib/include' -I/usr/local/include    -fpic  -g -O2 -fstack-protector-strong -Wformat -Wformat-security -Wdate-time -D_FORTIFY_SOURCE=2 -g  -c h5dump.c -o h5dump.o
gcc -I"/usr/local/lib/R/include" -DNDEBUG  -I'/mnt/library/Rhdf5lib/include' -I/usr/local/include    -fpic  -g -O2 -fstack-protector-strong -Wformat -Wformat-security -Wdate-time -D_FORTIFY_SOURCE=2 -g  -c h5ls.c -o h5ls.o
gcc -I"/usr/local/lib/R/include" -DNDEBUG  -I'/mnt/library/Rhdf5lib/include' -I/usr/local/include    -fpic  -g -O2 -fstack-protector-strong -Wformat -Wformat-security -Wdate-time -D_FORTIFY_SOURCE=2 -g  -c h5testLock.c -o h5testLock.o
gcc -I"/usr/local/lib/R/include" -DNDEBUG  -I'/mnt/library/Rhdf5lib/include' -I/usr/local/include    -fpic  -g -O2 -fstack-protector-strong -Wformat -Wformat-security -Wdate-time -D_FORTIFY_SOURCE=2 -g  -c h5writeDataFrame.c -o h5writeDataFrame.o
gcc -I"/usr/local/lib/R/include" -DNDEBUG  -I'/mnt/library/Rhdf5lib/include' -I/usr/local/include    -fpic  -g -O2 -fstack-protector-strong -Wformat -Wformat-security -Wdate-time -D_FORTIFY_SOURCE=2 -g  -c printdatatype.c -o printdatatype.o
gcc -I"/usr/local/lib/R/include" -DNDEBUG  -I'/mnt/library/Rhdf5lib/include' -I/usr/local/include    -fpic  -g -O2 -fstack-protector-strong -Wformat -Wformat-security -Wdate-time -D_FORTIFY_SOURCE=2 -g  -c utils.c -o utils.o
gcc -I"/usr/local/lib/R/include" -DNDEBUG  -I'/mnt/library/Rhdf5lib/include' -I/usr/local/include    -fpic  -g -O2 -fstack-protector-strong -Wformat -Wformat-security -Wdate-time -D_FORTIFY_SOURCE=2 -g  -c wrap.c -o wrap.o
g++ -std=gnu++17 -shared -L/usr/local/lib/R/lib -L/usr/local/lib -o rhdf5.so H5.o H5A.o H5D.o H5E.o H5F.o H5G.o H5I.o H5L.o H5O.o H5P.o H5PL.o H5R.o H5S.o H5S_extras.o H5T.o H5T_extras.o H5Z.o H5constants.o HandleList.o HandleListWrap.o bit64conversion.o external_filters.o h5dump.o h5ls.o h5testLock.o h5writeDataFrame.o printdatatype.o utils.o wrap.o /mnt/library/Rhdf5lib/lib/libhdf5.a -lcrypto -lcurl -lsz -laec -lz -ldl -lm -L/usr/local/lib/R/lib -lR
installing to /mnt/library/00LOCK-rhdf5/00new/rhdf5/libs
** R
** inst
** byte-compile and prepare package for lazy loading
** help
*** installing help indices
*** copying figures
** building package indices
** installing vignettes
** testing if installed package can be loaded from temporary location
** checking absolute paths in shared objects and dynamic libraries
** testing if installed package can be loaded from final location
** testing if installed package keeps a record of temporary installation path
* creating tarball
packaged installation of ‘rhdf5’ as ‘rhdf5_2.50.2_R_x86_64-pc-linux-gnu.tar.gz’
* DONE (rhdf5)

The downloaded source packages are in
	‘/tmp/RtmpoleGdi/downloaded_packages’
Old packages: 'bslib', 'cli', 'curl', 'evaluate', 'httr2', 'jsonlite',
  'openssl', 'pillar', 'pkgbuild', 'processx', 'ps', 'purrr', 'R6', 'Rcpp',
  'rlang', 'sessioninfo', 'systemfonts', 'testthat', 'textshaping', 'tinytex',
  'xfun', 'zip', 'class', 'foreign', 'KernSmooth', 'MASS', 'Matrix', 'nlme',
  'nnet', 'rpart', 'spatial'

real	0m34.756s
user	0m14.583s
sys	0m5.079s
