'getOption("repos")' replaces Bioconductor standard repositories, see
'help("repositories", package = "BiocManager")' for details.
Replacement repositories:
    CRAN: https://p3m.dev/cran/__linux__/noble/latest
Bioconductor version 3.20 (BiocManager 1.30.25), R 4.4.2 (2024-10-31)
Installing package(s) 'ATACseqQC'
also installing the dependency ‘phastCons100way.UCSC.hg19’

trying URL 'https://bioconductor.org/packages/3.20/data/annotation/src/contrib/phastCons100way.UCSC.hg19_3.7.2.tar.gz'
Content type 'application/x-gzip' length 1050647519 bytes (1002.0 MB)
==================================================
downloaded 1002.0 MB

trying URL 'https://bioconductor.org/packages/3.20/bioc/src/contrib/ATACseqQC_1.30.0.tar.gz'
Content type 'application/x-gzip' length 15228749 bytes (14.5 MB)
==================================================
downloaded 14.5 MB

* installing *source* package ‘phastCons100way.UCSC.hg19’ ...
** using staged installation
** R
** inst
** byte-compile and prepare package for lazy loading
Warning: replacing previous import ‘utils::findMatches’ by ‘S4Vectors::findMatches’ when loading ‘phastCons100way.UCSC.hg19’
** help
*** installing help indices
** building package indices
** testing if installed package can be loaded from temporary location
Warning: replacing previous import ‘utils::findMatches’ by ‘S4Vectors::findMatches’ when loading ‘phastCons100way.UCSC.hg19’
** testing if installed package can be loaded from final location
Warning: replacing previous import ‘utils::findMatches’ by ‘S4Vectors::findMatches’ when loading ‘phastCons100way.UCSC.hg19’
** testing if installed package keeps a record of temporary installation path
* creating tarball
packaged installation of ‘phastCons100way.UCSC.hg19’ as ‘phastCons100way.UCSC.hg19_3.7.2_R_x86_64-pc-linux-gnu.tar.gz’
* DONE (phastCons100way.UCSC.hg19)
* installing *source* package ‘ATACseqQC’ ...
** package ‘ATACseqQC’ successfully unpacked and MD5 sums checked
** using staged installation
** R
** inst
** byte-compile and prepare package for lazy loading
** help
*** installing help indices
** building package indices
** installing vignettes
** testing if installed package can be loaded from temporary location
** testing if installed package can be loaded from final location
** testing if installed package keeps a record of temporary installation path
* creating tarball
packaged installation of ‘ATACseqQC’ as ‘ATACseqQC_1.30.0_R_x86_64-pc-linux-gnu.tar.gz’
* DONE (ATACseqQC)

The downloaded source packages are in
	‘/tmp/Rtmp2bvz1V/downloaded_packages’
Old packages: 'bslib', 'cli', 'curl', 'evaluate', 'httr2', 'jsonlite',
  'openssl', 'pillar', 'pkgbuild', 'processx', 'ps', 'purrr', 'R6', 'Rcpp',
  'rlang', 'sessioninfo', 'systemfonts', 'testthat', 'textshaping', 'tinytex',
  'xfun', 'zip', 'class', 'foreign', 'KernSmooth', 'MASS', 'Matrix', 'nlme',
  'nnet', 'rpart', 'spatial'

real	6m0.147s
user	2m41.284s
sys	0m23.029s
