'getOption("repos")' replaces Bioconductor standard repositories, see
'help("repositories", package = "BiocManager")' for details.
Replacement repositories:
    CRAN: https://p3m.dev/cran/__linux__/noble/latest
Bioconductor version 3.20 (BiocManager 1.30.25), R 4.4.2 (2024-10-31)
Installing package(s) 'RUVnormalize'
also installing the dependency ‘RUVnormalizeData’

trying URL 'https://bioconductor.org/packages/3.20/data/experiment/src/contrib/RUVnormalizeData_1.26.0.tar.gz'
Content type 'application/x-gzip' length 8100931 bytes (7.7 MB)
==================================================
downloaded 7.7 MB

trying URL 'https://bioconductor.org/packages/3.20/bioc/src/contrib/RUVnormalize_1.40.0.tar.gz'
Content type 'application/x-gzip' length 196500 bytes (191 KB)
==================================================
downloaded 191 KB

* installing *source* package ‘RUVnormalizeData’ ...
** using staged installation
** data
** inst
** help
*** installing help indices
** building package indices
** installing vignettes
** testing if installed package can be loaded from temporary location
** testing if installed package can be loaded from final location
** testing if installed package keeps a record of temporary installation path
* creating tarball
packaged installation of ‘RUVnormalizeData’ as ‘RUVnormalizeData_1.26.0_R_x86_64-pc-linux-gnu.tar.gz’
* DONE (RUVnormalizeData)
* installing *source* package ‘RUVnormalize’ ...
** package ‘RUVnormalize’ successfully unpacked and MD5 sums checked
** using staged installation
** R
** demo
** inst
** byte-compile and prepare package for lazy loading
** help
*** installing help indices
** building package indices
** installing vignettes
** testing if installed package can be loaded from temporary location
** testing if installed package can be loaded from final location
** testing if installed package keeps a record of temporary installation path
* creating tarball
packaged installation of ‘RUVnormalize’ as ‘RUVnormalize_1.40.0_R_x86_64-pc-linux-gnu.tar.gz’
* DONE (RUVnormalize)

The downloaded source packages are in
	‘/tmp/RtmpJZDAUh/downloaded_packages’
Old packages: 'bslib', 'cli', 'curl', 'evaluate', 'httr2', 'jsonlite',
  'openssl', 'pillar', 'pkgbuild', 'processx', 'ps', 'purrr', 'R6', 'Rcpp',
  'rlang', 'sessioninfo', 'systemfonts', 'testthat', 'textshaping', 'tinytex',
  'xfun', 'zip', 'class', 'foreign', 'KernSmooth', 'MASS', 'Matrix', 'nlme',
  'nnet', 'rpart', 'spatial'

real	0m27.541s
user	0m8.627s
sys	0m3.335s
