'getOption("repos")' replaces Bioconductor standard repositories, see
'help("repositories", package = "BiocManager")' for details.
Replacement repositories:
    CRAN: https://p3m.dev/cran/__linux__/noble/latest
Bioconductor version 3.20 (BiocManager 1.30.25), R 4.4.2 (2024-10-31)
Installing package(s) 'hierGWAS'
also installing the dependencies ‘fastcluster’, ‘fmsb’

trying URL 'https://p3m.dev/cran/__linux__/noble/latest/src/contrib/fastcluster_1.2.6.tar.gz'
Content type 'binary/octet-stream' length 186897 bytes (182 KB)
==================================================
downloaded 182 KB

trying URL 'https://p3m.dev/cran/__linux__/noble/latest/src/contrib/fmsb_0.7.6.tar.gz'
Content type 'binary/octet-stream' length 402788 bytes (393 KB)
==================================================
downloaded 393 KB

trying URL 'https://bioconductor.org/packages/3.20/bioc/src/contrib/hierGWAS_1.36.0.tar.gz'
Content type 'application/x-gzip' length 582481 bytes (568 KB)
==================================================
downloaded 568 KB

* installing *binary* package ‘fastcluster’ ...
* ‘fastcluster’ was already a binary package and will not be rebuilt
* creating tarball
packaged installation of ‘fastcluster’ as ‘fastcluster_1.2.6_R_x86_64-pc-linux-gnu.tar.gz’
* DONE (fastcluster)
* installing *binary* package ‘fmsb’ ...
* ‘fmsb’ was already a binary package and will not be rebuilt
* creating tarball
packaged installation of ‘fmsb’ as ‘fmsb_0.7.6_R_x86_64-pc-linux-gnu.tar.gz’
* DONE (fmsb)
* installing *source* package ‘hierGWAS’ ...
** package ‘hierGWAS’ successfully unpacked and MD5 sums checked
** using staged installation
** R
** data
*** moving datasets to lazyload DB
** inst
** byte-compile and prepare package for lazy loading
** help
*** installing help indices
** building package indices
** installing vignettes
** testing if installed package can be loaded from temporary location
** testing if installed package can be loaded from final location
** testing if installed package keeps a record of temporary installation path
* creating tarball
packaged installation of ‘hierGWAS’ as ‘hierGWAS_1.36.0_R_x86_64-pc-linux-gnu.tar.gz’
* DONE (hierGWAS)

The downloaded source packages are in
	‘/tmp/RtmpMwK23C/downloaded_packages’
Old packages: 'bslib', 'cli', 'curl', 'evaluate', 'httr2', 'jsonlite',
  'openssl', 'pillar', 'pkgbuild', 'processx', 'ps', 'purrr', 'R6', 'Rcpp',
  'rlang', 'sessioninfo', 'systemfonts', 'testthat', 'textshaping', 'tinytex',
  'xfun', 'zip', 'class', 'foreign', 'KernSmooth', 'MASS', 'Matrix', 'nlme',
  'nnet', 'rpart', 'spatial'

real	6m2.478s
user	0m8.743s
sys	0m2.956s
