'getOption("repos")' replaces Bioconductor standard repositories, see
'help("repositories", package = "BiocManager")' for details.
Replacement repositories:
    CRAN: https://p3m.dev/cran/__linux__/noble/latest
Bioconductor version 3.20 (BiocManager 1.30.25), R 4.4.2 (2024-10-31)
Installing package(s) 'combi'
also installing the dependencies ‘BB’, ‘cobs’

trying URL 'https://p3m.dev/cran/__linux__/noble/latest/src/contrib/BB_2019.10-1.tar.gz'
Content type 'binary/octet-stream' length 699882 bytes (683 KB)
==================================================
downloaded 683 KB

trying URL 'https://p3m.dev/cran/__linux__/noble/latest/src/contrib/cobs_1.3-9.tar.gz'
Content type 'binary/octet-stream' length 212826 bytes (207 KB)
==================================================
downloaded 207 KB

trying URL 'https://bioconductor.org/packages/3.20/bioc/src/contrib/combi_1.18.0.tar.gz'
Content type 'application/x-gzip' length 1480515 bytes (1.4 MB)
==================================================
downloaded 1.4 MB

* installing *binary* package ‘BB’ ...
* ‘BB’ was already a binary package and will not be rebuilt
* creating tarball
packaged installation of ‘BB’ as ‘BB_2019.10-1_R_x86_64-pc-linux-gnu.tar.gz’
* DONE (BB)
* installing *binary* package ‘cobs’ ...
* ‘cobs’ was already a binary package and will not be rebuilt
* creating tarball
packaged installation of ‘cobs’ as ‘cobs_1.3-9_R_x86_64-pc-linux-gnu.tar.gz’
* DONE (cobs)
* installing *source* package ‘combi’ ...
** package ‘combi’ successfully unpacked and MD5 sums checked
** using staged installation
** R
** data
** inst
** byte-compile and prepare package for lazy loading
** help
*** installing help indices
** building package indices
** installing vignettes
** testing if installed package can be loaded from temporary location
** testing if installed package can be loaded from final location
** testing if installed package keeps a record of temporary installation path
* creating tarball
packaged installation of ‘combi’ as ‘combi_1.18.0_R_x86_64-pc-linux-gnu.tar.gz’
* DONE (combi)

The downloaded source packages are in
	‘/tmp/RtmpJerDp0/downloaded_packages’
Old packages: 'bslib', 'cli', 'curl', 'evaluate', 'httr2', 'jsonlite',
  'openssl', 'pillar', 'pkgbuild', 'processx', 'ps', 'purrr', 'R6', 'Rcpp',
  'rlang', 'sessioninfo', 'systemfonts', 'testthat', 'textshaping', 'tinytex',
  'xfun', 'zip', 'class', 'foreign', 'KernSmooth', 'MASS', 'Matrix', 'nlme',
  'nnet', 'rpart', 'spatial'

real	56m52.802s
user	0m35.865s
sys	0m8.355s
