'getOption("repos")' replaces Bioconductor standard repositories, see
'help("repositories", package = "BiocManager")' for details.
Replacement repositories:
    CRAN: https://p3m.dev/cran/__linux__/noble/latest
Bioconductor version 3.20 (BiocManager 1.30.25), R 4.4.2 (2024-10-31)
Installing package(s) 'GeDi'
also installing the dependency ‘pcaExplorer’

trying URL 'https://bioconductor.org/packages/3.20/bioc/src/contrib/pcaExplorer_3.0.0.tar.gz'
Content type 'application/x-gzip' length 11132592 bytes (10.6 MB)
==================================================
downloaded 10.6 MB

trying URL 'https://bioconductor.org/packages/3.20/bioc/src/contrib/GeDi_1.2.0.tar.gz'
Content type 'application/x-gzip' length 3582129 bytes (3.4 MB)
==================================================
downloaded 3.4 MB

ERROR: failed to lock directory ‘/mnt/library’ for modifying
Try removing ‘/mnt/library/00LOCK-pcaExplorer’
* installing *source* package ‘GeDi’ ...
** package ‘GeDi’ successfully unpacked and MD5 sums checked
** using staged installation
** R
** data
** inst
** byte-compile and prepare package for lazy loading
** help
*** installing help indices
*** copying figures
** building package indices
** installing vignettes
** testing if installed package can be loaded from temporary location
** testing if installed package can be loaded from final location
** testing if installed package keeps a record of temporary installation path
* creating tarball
packaged installation of ‘GeDi’ as ‘GeDi_1.2.0_R_x86_64-pc-linux-gnu.tar.gz’
* DONE (GeDi)

The downloaded source packages are in
	‘/tmp/RtmpuABgXX/downloaded_packages’
Old packages: 'bslib', 'cli', 'curl', 'evaluate', 'httr2', 'jsonlite',
  'openssl', 'pillar', 'pkgbuild', 'processx', 'ps', 'purrr', 'R6', 'Rcpp',
  'rlang', 'sessioninfo', 'systemfonts', 'testthat', 'textshaping', 'tinytex',
  'xfun', 'zip', 'class', 'foreign', 'KernSmooth', 'MASS', 'Matrix', 'nlme',
  'nnet', 'rpart', 'spatial'
Warning message:
In install.packages(...) :
  installation of package ‘pcaExplorer’ had non-zero exit status

real	2m3.177s
user	0m54.810s
sys	0m9.743s
