'getOption("repos")' replaces Bioconductor standard repositories, see
'help("repositories", package = "BiocManager")' for details.
Replacement repositories:
    CRAN: https://p3m.dev/cran/__linux__/noble/latest
Bioconductor version 3.20 (BiocManager 1.30.25), R 4.4.2 (2024-10-31)
Installing package(s) 'flowViz'
trying URL 'https://bioconductor.org/packages/3.20/bioc/src/contrib/flowViz_1.70.0.tar.gz'
Content type 'application/x-gzip' length 1015131 bytes (991 KB)
==================================================
downloaded 991 KB

* installing *source* package ‘flowViz’ ...
** package ‘flowViz’ successfully unpacked and MD5 sums checked
** using staged installation
** R
** inst
** byte-compile and prepare package for lazy loading
in method for ‘densityplot’ with signature ‘x="formula",data="view"’: no definition for class “view”
in method for ‘densityplot’ with signature ‘x="formula",data="ncdfFlowSet"’: no definition for class “ncdfFlowSet”
in method for ‘densityplot’ with signature ‘x="formula",data="ncdfFlowList"’: no definition for class “ncdfFlowList”
in method for ‘histogram’ with signature ‘x="formula",data="ncdfFlowSet"’: no definition for class “ncdfFlowSet”
in method for ‘histogram’ with signature ‘x="formula",data="ncdfFlowList"’: no definition for class “ncdfFlowList”
in method for ‘glines’ with signature ‘x="norm2Filter",data="ANY"’: no definition for class “norm2Filter”
in method for ‘glines’ with signature ‘x="norm2Filter",data="logicalFilterResult"’: no definition for class “norm2Filter”
in method for ‘glines’ with signature ‘x="norm2Filter",data="flowFrame"’: no definition for class “norm2Filter”
in method for ‘glpoints’ with signature ‘x="norm2Filter",data="flowFrame",channels="character"’: no definition for class “norm2Filter”
in method for ‘glpolygon’ with signature ‘x="norm2Filter",data="ANY"’: no definition for class “norm2Filter”
in method for ‘glpolygon’ with signature ‘x="norm2Filter",data="logicalFilterResult"’: no definition for class “norm2Filter”
in method for ‘glpolygon’ with signature ‘x="norm2Filter",data="flowFrame"’: no definition for class “norm2Filter”
in method for ‘gpoints’ with signature ‘x="norm2Filter",data="flowFrame",channels="character"’: no definition for class “norm2Filter”
in method for ‘gpolygon’ with signature ‘x="norm2Filter",data="ANY"’: no definition for class “norm2Filter”
in method for ‘gpolygon’ with signature ‘x="norm2Filter",data="logicalFilterResult"’: no definition for class “norm2Filter”
in method for ‘gpolygon’ with signature ‘x="norm2Filter",data="flowFrame"’: no definition for class “norm2Filter”
in method for ‘xyplot’ with signature ‘x="formula",data="view"’: no definition for class “view”
in method for ‘xyplot’ with signature ‘x="view",data="missing"’: no definition for class “view”
in method for ‘xyplot’ with signature ‘x="formula",data="gateView"’: no definition for class “gateView”
in method for ‘xyplot’ with signature ‘x="formula",data="ncdfFlowSet"’: no definition for class “ncdfFlowSet”
in method for ‘xyplot’ with signature ‘x="formula",data="ncdfFlowList"’: no definition for class “ncdfFlowList”
** help
*** installing help indices
** building package indices
** installing vignettes
** testing if installed package can be loaded from temporary location
** testing if installed package can be loaded from final location
** testing if installed package keeps a record of temporary installation path
* creating tarball
packaged installation of ‘flowViz’ as ‘flowViz_1.70.0_R_x86_64-pc-linux-gnu.tar.gz’
* DONE (flowViz)

The downloaded source packages are in
	‘/tmp/Rtmp9A1BKV/downloaded_packages’
Old packages: 'bslib', 'cli', 'curl', 'evaluate', 'httr2', 'jsonlite',
  'openssl', 'pillar', 'pkgbuild', 'processx', 'ps', 'purrr', 'R6', 'Rcpp',
  'rlang', 'sessioninfo', 'systemfonts', 'testthat', 'textshaping', 'tinytex',
  'xfun', 'zip', 'class', 'foreign', 'KernSmooth', 'MASS', 'Matrix', 'nlme',
  'nnet', 'rpart', 'spatial'

real	1m2.681s
user	0m13.245s
sys	0m3.331s
