'getOption("repos")' replaces Bioconductor standard repositories, see
'help("repositories", package = "BiocManager")' for details.
Replacement repositories:
    CRAN: https://p3m.dev/cran/__linux__/noble/latest
Bioconductor version 3.20 (BiocManager 1.30.25), R 4.4.2 (2024-10-31)
Installing package(s) 'AWFisher'
also installing the dependency ‘tightClust’

trying URL 'https://p3m.dev/cran/__linux__/noble/latest/src/contrib/tightClust_1.1.tar.gz'
Content type 'binary/octet-stream' length 150089 bytes (146 KB)
==================================================
downloaded 146 KB

trying URL 'https://bioconductor.org/packages/3.20/bioc/src/contrib/AWFisher_1.20.0.tar.gz'
Content type 'application/x-gzip' length 1451440 bytes (1.4 MB)
==================================================
downloaded 1.4 MB

* installing *binary* package ‘tightClust’ ...
* ‘tightClust’ was already a binary package and will not be rebuilt
* creating tarball
packaged installation of ‘tightClust’ as ‘tightClust_1.1_R_x86_64-pc-linux-gnu.tar.gz’
* DONE (tightClust)
* installing *source* package ‘AWFisher’ ...
** package ‘AWFisher’ successfully unpacked and MD5 sums checked
** using staged installation
** libs
using C++ compiler: ‘g++ (Ubuntu 13.3.0-6ubuntu2~24.04) 13.3.0’
g++ -std=gnu++17 -I"/usr/local/lib/R/include" -DNDEBUG   -I/usr/local/include    -fpic  -g -O2 -fstack-protector-strong -Wformat -Wformat-security -Wdate-time -D_FORTIFY_SOURCE=2 -g  -DR_NO_REMAP -c AWFisher.cpp -o AWFisher.o
g++ -std=gnu++17 -shared -L/usr/local/lib/R/lib -L/usr/local/lib -o AWFisher.so AWFisher.o -L/usr/local/lib/R/lib -lR
installing to /mnt/library/00LOCK-AWFisher/00new/AWFisher/libs
** R
** data
** inst
** byte-compile and prepare package for lazy loading
** help
*** installing help indices
** building package indices
** installing vignettes
** testing if installed package can be loaded from temporary location
** checking absolute paths in shared objects and dynamic libraries
** testing if installed package can be loaded from final location
** testing if installed package keeps a record of temporary installation path
* creating tarball
packaged installation of ‘AWFisher’ as ‘AWFisher_1.20.0_R_x86_64-pc-linux-gnu.tar.gz’
* DONE (AWFisher)

The downloaded source packages are in
	‘/tmp/RtmpA1P2Nf/downloaded_packages’
Old packages: 'bslib', 'cli', 'curl', 'evaluate', 'httr2', 'jsonlite',
  'openssl', 'pillar', 'pkgbuild', 'processx', 'ps', 'purrr', 'R6', 'Rcpp',
  'rlang', 'sessioninfo', 'systemfonts', 'testthat', 'textshaping', 'tinytex',
  'xfun', 'zip', 'class', 'foreign', 'KernSmooth', 'MASS', 'Matrix', 'nlme',
  'nnet', 'rpart', 'spatial'

real	0m21.734s
user	0m6.674s
sys	0m3.947s
