'getOption("repos")' replaces Bioconductor standard repositories, see
'help("repositories", package = "BiocManager")' for details.
Replacement repositories:
    CRAN: https://p3m.dev/cran/__linux__/noble/latest
Bioconductor version 3.20 (BiocManager 1.30.25), R 4.4.2 (2024-10-31)
Installing package(s) 'Moonlight2R'
also installing the dependencies ‘geosphere’, ‘fuzzyjoin’, ‘seqminer’, ‘easyPubMed’

trying URL 'https://p3m.dev/cran/__linux__/noble/latest/src/contrib/geosphere_1.5-20.tar.gz'
Content type 'binary/octet-stream' length 1197823 bytes (1.1 MB)
==================================================
downloaded 1.1 MB

trying URL 'https://p3m.dev/cran/__linux__/noble/latest/src/contrib/fuzzyjoin_0.1.6.tar.gz'
Content type 'binary/octet-stream' length 129456 bytes (126 KB)
==================================================
downloaded 126 KB

trying URL 'https://p3m.dev/cran/__linux__/noble/latest/src/contrib/seqminer_9.7.tar.gz'
Content type 'binary/octet-stream' length 2624747 bytes (2.5 MB)
==================================================
downloaded 2.5 MB

trying URL 'https://p3m.dev/cran/__linux__/noble/latest/src/contrib/easyPubMed_2.13.tar.gz'
Content type 'binary/octet-stream' length 728228 bytes (711 KB)
==================================================
downloaded 711 KB

trying URL 'https://bioconductor.org/packages/3.20/bioc/src/contrib/Moonlight2R_1.4.0.tar.gz'
Content type 'application/x-gzip' length 4727474 bytes (4.5 MB)
==================================================
downloaded 4.5 MB

* installing *binary* package ‘geosphere’ ...
* ‘geosphere’ was already a binary package and will not be rebuilt
* creating tarball
packaged installation of ‘geosphere’ as ‘geosphere_1.5-20_R_x86_64-pc-linux-gnu.tar.gz’
* DONE (geosphere)
* installing *binary* package ‘seqminer’ ...
* ‘seqminer’ was already a binary package and will not be rebuilt
* creating tarball
packaged installation of ‘seqminer’ as ‘seqminer_9.7_R_x86_64-pc-linux-gnu.tar.gz’
* DONE (seqminer)
* installing *binary* package ‘easyPubMed’ ...
* ‘easyPubMed’ was already a binary package and will not be rebuilt
* creating tarball
packaged installation of ‘easyPubMed’ as ‘easyPubMed_2.13_R_x86_64-pc-linux-gnu.tar.gz’
* DONE (easyPubMed)
* installing *binary* package ‘fuzzyjoin’ ...
* ‘fuzzyjoin’ was already a binary package and will not be rebuilt
* creating tarball
packaged installation of ‘fuzzyjoin’ as ‘fuzzyjoin_0.1.6_R_x86_64-pc-linux-gnu.tar.gz’
* DONE (fuzzyjoin)
* installing *source* package ‘Moonlight2R’ ...
** package ‘Moonlight2R’ successfully unpacked and MD5 sums checked
** using staged installation
** R
** data
** inst
** byte-compile and prepare package for lazy loading
Warning: 'rgl.init' failed, will use the null device.
See '?rgl.useNULL' for ways to avoid this warning.
Warning: no DISPLAY variable so Tk is not available
** help
*** installing help indices
** building package indices
** installing vignettes
** testing if installed package can be loaded from temporary location
Warning: 'rgl.init' failed, will use the null device.
See '?rgl.useNULL' for ways to avoid this warning.
Warning: no DISPLAY variable so Tk is not available
** testing if installed package can be loaded from final location
Warning: 'rgl.init' failed, will use the null device.
See '?rgl.useNULL' for ways to avoid this warning.
Warning: no DISPLAY variable so Tk is not available
** testing if installed package keeps a record of temporary installation path
* creating tarball
packaged installation of ‘Moonlight2R’ as ‘Moonlight2R_1.4.0_R_x86_64-pc-linux-gnu.tar.gz’
* DONE (Moonlight2R)

The downloaded source packages are in
	‘/tmp/RtmppkRqM2/downloaded_packages’
Old packages: 'bslib', 'cli', 'curl', 'evaluate', 'httr2', 'jsonlite',
  'openssl', 'pillar', 'pkgbuild', 'processx', 'ps', 'purrr', 'R6', 'Rcpp',
  'rlang', 'sessioninfo', 'systemfonts', 'testthat', 'textshaping', 'tinytex',
  'xfun', 'zip', 'class', 'foreign', 'KernSmooth', 'MASS', 'Matrix', 'nlme',
  'nnet', 'rpart', 'spatial'

real	3m3.202s
user	0m49.978s
sys	0m11.496s
