'getOption("repos")' replaces Bioconductor standard repositories, see
'help("repositories", package = "BiocManager")' for details.
Replacement repositories:
    CRAN: https://p3m.dev/cran/__linux__/noble/latest
Bioconductor version 3.20 (BiocManager 1.30.25), R 4.4.2 (2024-10-31)
Installing package(s) 'qpgraph'
also installing the dependency ‘rlecuyer’

trying URL 'https://p3m.dev/cran/__linux__/noble/latest/src/contrib/rlecuyer_0.3-8.tar.gz'
Content type 'binary/octet-stream' length 72429 bytes (70 KB)
==================================================
downloaded 70 KB

trying URL 'https://bioconductor.org/packages/3.20/bioc/src/contrib/qpgraph_2.40.0.tar.gz'
Content type 'application/x-gzip' length 2838958 bytes (2.7 MB)
==================================================
downloaded 2.7 MB

* installing *binary* package ‘rlecuyer’ ...
* ‘rlecuyer’ was already a binary package and will not be rebuilt
* creating tarball
packaged installation of ‘rlecuyer’ as ‘rlecuyer_0.3-8_R_x86_64-pc-linux-gnu.tar.gz’
* DONE (rlecuyer)
* installing *source* package ‘qpgraph’ ...
** package ‘qpgraph’ successfully unpacked and MD5 sums checked
** using staged installation
checking for gcc... gcc
checking for C compiler default output file name... a.out
checking whether the C compiler works... yes
checking whether we are cross compiling... no
checking for suffix of executables... 
checking for suffix of object files... o
checking whether we are using the GNU C compiler... yes
checking whether gcc accepts -g... yes
checking for gcc option to accept ANSI C... none needed
checking build system type... x86_64-pc-linux-gnu
checking host system type... x86_64-pc-linux-gnu
configure: creating ./config.status
config.status: creating src/Makevars
** libs
using C compiler: ‘gcc (Ubuntu 13.3.0-6ubuntu2~24.04) 13.3.0’
gcc -I"/usr/local/lib/R/include" -DNDEBUG -I/usr/local/include -DUSE_FC_LEN_T  -I/usr/local/include   -g -O2 -fstack-protector-strong -Wformat -Wformat-security -Wdate-time -D_FORTIFY_SOURCE=2 -g -Wall -pedantic -fpic  -g -O2 -fstack-protector-strong -Wformat -Wformat-security -Wdate-time -D_FORTIFY_SOURCE=2 -g  -c cliquer.c -o cliquer.o
gcc -I"/usr/local/lib/R/include" -DNDEBUG -I/usr/local/include -DUSE_FC_LEN_T  -I/usr/local/include   -g -O2 -fstack-protector-strong -Wformat -Wformat-security -Wdate-time -D_FORTIFY_SOURCE=2 -g -Wall -pedantic -fpic  -g -O2 -fstack-protector-strong -Wformat -Wformat-security -Wdate-time -D_FORTIFY_SOURCE=2 -g  -c graph.c -o graph.o
gcc -I"/usr/local/lib/R/include" -DNDEBUG -I/usr/local/include -DUSE_FC_LEN_T  -I/usr/local/include   -g -O2 -fstack-protector-strong -Wformat -Wformat-security -Wdate-time -D_FORTIFY_SOURCE=2 -g -Wall -pedantic -fpic  -g -O2 -fstack-protector-strong -Wformat -Wformat-security -Wdate-time -D_FORTIFY_SOURCE=2 -g  -c qpgraph.c -o qpgraph.o
gcc -I"/usr/local/lib/R/include" -DNDEBUG -I/usr/local/include -DUSE_FC_LEN_T  -I/usr/local/include   -g -O2 -fstack-protector-strong -Wformat -Wformat-security -Wdate-time -D_FORTIFY_SOURCE=2 -g -Wall -pedantic -fpic  -g -O2 -fstack-protector-strong -Wformat -Wformat-security -Wdate-time -D_FORTIFY_SOURCE=2 -g  -c reorder.c -o reorder.o
gcc -shared -L/usr/local/lib/R/lib -L/usr/local/lib -o qpgraph.so cliquer.o graph.o qpgraph.o reorder.o -llapack -lblas -lgfortran -lm -lquadmath -L/usr/local/lib/R/lib -lR
installing to /mnt/library/00LOCK-qpgraph/00new/qpgraph/libs
** R
** data
*** moving datasets to lazyload DB
** inst
** byte-compile and prepare package for lazy loading
Creating a generic function for ‘det’ from package ‘Matrix’ in package ‘qpgraph’
** help
*** installing help indices
** building package indices
** installing vignettes
** testing if installed package can be loaded from temporary location
** checking absolute paths in shared objects and dynamic libraries
** testing if installed package can be loaded from final location
** testing if installed package keeps a record of temporary installation path
* creating tarball
packaged installation of ‘qpgraph’ as ‘qpgraph_2.40.0_R_x86_64-pc-linux-gnu.tar.gz’
* DONE (qpgraph)

The downloaded source packages are in
	‘/tmp/Rtmpagm706/downloaded_packages’
Old packages: 'bslib', 'cli', 'curl', 'evaluate', 'httr2', 'jsonlite',
  'openssl', 'pillar', 'pkgbuild', 'processx', 'ps', 'purrr', 'R6', 'Rcpp',
  'rlang', 'sessioninfo', 'systemfonts', 'testthat', 'textshaping', 'tinytex',
  'xfun', 'zip', 'class', 'foreign', 'KernSmooth', 'MASS', 'Matrix', 'nlme',
  'nnet', 'rpart', 'spatial'

real	1m54.347s
user	0m48.330s
sys	0m6.663s
