'getOption("repos")' replaces Bioconductor standard repositories, see
'help("repositories", package = "BiocManager")' for details.
Replacement repositories:
    CRAN: https://p3m.dev/cran/__linux__/noble/latest
Bioconductor version 3.20 (BiocManager 1.30.25), R 4.4.2 (2024-10-31)
Installing package(s) 'ExperimentSubset'
trying URL 'https://bioconductor.org/packages/3.20/bioc/src/contrib/ExperimentSubset_1.16.0.tar.gz'
Content type 'application/x-gzip' length 316336 bytes (308 KB)
==================================================
downloaded 308 KB

* installing *source* package ‘ExperimentSubset’ ...
** package ‘ExperimentSubset’ successfully unpacked and MD5 sums checked
** using staged installation
** R
** inst
** byte-compile and prepare package for lazy loading
Warning in makePrototypeFromClassDef(properties, ClassDef, immediate, where) :
  in constructing the prototype for class “SubsetSummarizedExperiment”, slots in prototype and not in class: listData, elementType
Warning in makePrototypeFromClassDef(properties, ClassDef, immediate, where) :
  in constructing the prototype for class “SubsetRangedSummarizedExperiment”, slots in prototype and not in class: listData, elementType
Warning in makePrototypeFromClassDef(properties, ClassDef, immediate, where) :
  in constructing the prototype for class “SubsetSingleCellExperiment”, slots in prototype and not in class: listData, elementType
Warning in makePrototypeFromClassDef(properties, ClassDef, immediate, where) :
  in constructing the prototype for class “SubsetTreeSummarizedExperiment”, slots in prototype and not in class: listData, elementType
Warning in makePrototypeFromClassDef(properties, ClassDef, immediate, where) :
  in constructing the prototype for class “SubsetSpatialExperiment”, slots in prototype and not in class: listData, elementType
** help
*** installing help indices
** building package indices
** installing vignettes
** testing if installed package can be loaded from temporary location
** testing if installed package can be loaded from final location
** testing if installed package keeps a record of temporary installation path
* creating tarball
packaged installation of ‘ExperimentSubset’ as ‘ExperimentSubset_1.16.0_R_x86_64-pc-linux-gnu.tar.gz’
* DONE (ExperimentSubset)

The downloaded source packages are in
	‘/tmp/RtmpkuHHch/downloaded_packages’
Old packages: 'bslib', 'cli', 'curl', 'evaluate', 'httr2', 'jsonlite',
  'openssl', 'pillar', 'pkgbuild', 'processx', 'ps', 'purrr', 'R6', 'Rcpp',
  'rlang', 'sessioninfo', 'systemfonts', 'testthat', 'textshaping', 'tinytex',
  'xfun', 'zip', 'class', 'foreign', 'KernSmooth', 'MASS', 'Matrix', 'nlme',
  'nnet', 'rpart', 'spatial'

real	1m13.435s
user	0m37.946s
sys	0m6.757s
