'getOption("repos")' replaces Bioconductor standard repositories, see
'help("repositories", package = "BiocManager")' for details.
Replacement repositories:
    CRAN: https://p3m.dev/cran/__linux__/noble/latest
Bioconductor version 3.20 (BiocManager 1.30.25), R 4.4.2 (2024-10-31)
Installing package(s) 'ORFhunteR'
also installing the dependency ‘Peptides’

trying URL 'https://p3m.dev/cran/__linux__/noble/latest/src/contrib/Peptides_2.4.6.tar.gz'
Content type 'binary/octet-stream' length 1265908 bytes (1.2 MB)
==================================================
downloaded 1.2 MB

trying URL 'https://bioconductor.org/packages/3.20/bioc/src/contrib/ORFhunteR_1.14.0.tar.gz'
Content type 'application/x-gzip' length 2211160 bytes (2.1 MB)
==================================================
downloaded 2.1 MB

* installing *binary* package ‘Peptides’ ...
* ‘Peptides’ was already a binary package and will not be rebuilt
* creating tarball
packaged installation of ‘Peptides’ as ‘Peptides_2.4.6_R_x86_64-pc-linux-gnu.tar.gz’
* DONE (Peptides)
* installing *source* package ‘ORFhunteR’ ...
** package ‘ORFhunteR’ successfully unpacked and MD5 sums checked
** using staged installation
** libs
using C++ compiler: ‘g++ (Ubuntu 13.3.0-6ubuntu2~24.04) 13.3.0’
g++ -std=gnu++17 -I"/usr/local/lib/R/include" -DNDEBUG  -I'/usr/local/lib/R/site-library/Rcpp/include' -I/usr/local/include    -fpic  -g -O2 -fstack-protector-strong -Wformat -Wformat-security -Wdate-time -D_FORTIFY_SOURCE=2 -g  -DR_NO_REMAP -c RcppExports.cpp -o RcppExports.o
g++ -std=gnu++17 -I"/usr/local/lib/R/include" -DNDEBUG  -I'/usr/local/lib/R/site-library/Rcpp/include' -I/usr/local/include    -fpic  -g -O2 -fstack-protector-strong -Wformat -Wformat-security -Wdate-time -D_FORTIFY_SOURCE=2 -g  -DR_NO_REMAP -c getBaoMetrics.cpp -o getBaoMetrics.o
g++ -std=gnu++17 -I"/usr/local/lib/R/include" -DNDEBUG  -I'/usr/local/lib/R/site-library/Rcpp/include' -I/usr/local/include    -fpic  -g -O2 -fstack-protector-strong -Wformat -Wformat-security -Wdate-time -D_FORTIFY_SOURCE=2 -g  -DR_NO_REMAP -c getCorrelationFactors.cpp -o getCorrelationFactors.o
g++ -std=gnu++17 -I"/usr/local/lib/R/include" -DNDEBUG  -I'/usr/local/lib/R/site-library/Rcpp/include' -I/usr/local/include    -fpic  -g -O2 -fstack-protector-strong -Wformat -Wformat-security -Wdate-time -D_FORTIFY_SOURCE=2 -g  -DR_NO_REMAP -c getPatternCount_V.cpp -o getPatternCount_V.o
g++ -std=gnu++17 -shared -L/usr/local/lib/R/lib -L/usr/local/lib -o ORFhunteR.so RcppExports.o getBaoMetrics.o getCorrelationFactors.o getPatternCount_V.o -L/usr/local/lib/R/lib -lR
installing to /mnt/library/00LOCK-ORFhunteR/00new/ORFhunteR/libs
** R
** inst
** byte-compile and prepare package for lazy loading
** help
*** installing help indices
** building package indices
** installing vignettes
** testing if installed package can be loaded from temporary location
** checking absolute paths in shared objects and dynamic libraries
** testing if installed package can be loaded from final location
** testing if installed package keeps a record of temporary installation path
* creating tarball
packaged installation of ‘ORFhunteR’ as ‘ORFhunteR_1.14.0_R_x86_64-pc-linux-gnu.tar.gz’
* DONE (ORFhunteR)

The downloaded source packages are in
	‘/tmp/RtmpViWGpz/downloaded_packages’
Old packages: 'bslib', 'cli', 'curl', 'evaluate', 'httr2', 'jsonlite',
  'openssl', 'pillar', 'pkgbuild', 'processx', 'ps', 'purrr', 'R6', 'Rcpp',
  'rlang', 'sessioninfo', 'systemfonts', 'testthat', 'textshaping', 'tinytex',
  'xfun', 'zip', 'class', 'foreign', 'KernSmooth', 'MASS', 'Matrix', 'nlme',
  'nnet', 'rpart', 'spatial'

real	2m40.758s
user	0m45.151s
sys	0m9.163s
