'getOption("repos")' replaces Bioconductor standard repositories, see
'help("repositories", package = "BiocManager")' for details.
Replacement repositories:
    CRAN: https://p3m.dev/cran/__linux__/noble/latest
Bioconductor version 3.20 (BiocManager 1.30.25), R 4.4.2 (2024-10-31)
Installing package(s) 'flowStats'
trying URL 'https://bioconductor.org/packages/3.20/bioc/src/contrib/flowStats_4.18.0.tar.gz'
Content type 'application/x-gzip' length 11493687 bytes (11.0 MB)
==================================================
downloaded 11.0 MB

* installing *source* package ‘flowStats’ ...
** package ‘flowStats’ successfully unpacked and MD5 sums checked
** using staged installation
** R
** data
** inst
** byte-compile and prepare package for lazy loading
Warning: replacing previous import ‘flowViz::contour’ by ‘graphics::contour’ when loading ‘flowStats’
** help
*** installing help indices
** building package indices
** installing vignettes
** testing if installed package can be loaded from temporary location
Warning: replacing previous import ‘flowViz::contour’ by ‘graphics::contour’ when loading ‘flowStats’
** testing if installed package can be loaded from final location
Warning: replacing previous import ‘flowViz::contour’ by ‘graphics::contour’ when loading ‘flowStats’
** testing if installed package keeps a record of temporary installation path
* creating tarball
packaged installation of ‘flowStats’ as ‘flowStats_4.18.0_R_x86_64-pc-linux-gnu.tar.gz’
* DONE (flowStats)

The downloaded source packages are in
	‘/tmp/RtmpJ6jXhk/downloaded_packages’
Old packages: 'bslib', 'cli', 'curl', 'evaluate', 'httr2', 'jsonlite',
  'openssl', 'pillar', 'pkgbuild', 'processx', 'ps', 'purrr', 'R6', 'Rcpp',
  'rlang', 'sessioninfo', 'systemfonts', 'testthat', 'textshaping', 'tinytex',
  'xfun', 'zip', 'class', 'foreign', 'KernSmooth', 'MASS', 'Matrix', 'nlme',
  'nnet', 'rpart', 'spatial'

real	1m4.738s
user	0m24.652s
sys	0m4.825s
