'getOption("repos")' replaces Bioconductor standard repositories, see
'help("repositories", package = "BiocManager")' for details.
Replacement repositories:
    CRAN: https://p3m.dev/cran/__linux__/noble/latest
Bioconductor version 3.20 (BiocManager 1.30.25), R 4.4.2 (2024-10-31)
Installing package(s) 'GSReg'
also installing the dependency ‘GSBenchMark’

trying URL 'https://bioconductor.org/packages/3.20/data/experiment/src/contrib/GSBenchMark_1.26.0.tar.gz'
Content type 'application/x-gzip' length 43904894 bytes (41.9 MB)
==================================================
downloaded 41.9 MB

trying URL 'https://bioconductor.org/packages/3.20/bioc/src/contrib/GSReg_1.40.0.tar.gz'
Content type 'application/x-gzip' length 478869 bytes (467 KB)
==================================================
downloaded 467 KB

* installing *source* package ‘GSBenchMark’ ...
** using staged installation
** data
** inst
** help
*** installing help indices
** building package indices
** installing vignettes
** testing if installed package can be loaded from temporary location
** testing if installed package can be loaded from final location
** testing if installed package keeps a record of temporary installation path
* creating tarball
packaged installation of ‘GSBenchMark’ as ‘GSBenchMark_1.26.0_R_x86_64-pc-linux-gnu.tar.gz’
* DONE (GSBenchMark)
* installing *source* package ‘GSReg’ ...
** package ‘GSReg’ successfully unpacked and MD5 sums checked
** using staged installation
** libs
using C compiler: ‘gcc (Ubuntu 13.3.0-6ubuntu2~24.04) 13.3.0’
using C++ compiler: ‘g++ (Ubuntu 13.3.0-6ubuntu2~24.04) 13.3.0’
gcc -I"/usr/local/lib/R/include" -DNDEBUG   -I/usr/local/include    -fpic  -g -O2 -fstack-protector-strong -Wformat -Wformat-security -Wdate-time -D_FORTIFY_SOURCE=2 -g  -c init.c -o init.o
g++ -std=gnu++17 -I"/usr/local/lib/R/include" -DNDEBUG   -I/usr/local/include    -fpic  -g -O2 -fstack-protector-strong -Wformat -Wformat-security -Wdate-time -D_FORTIFY_SOURCE=2 -g  -DR_NO_REMAP -c kendallTauDistance.cc -o kendallTauDistance.o
g++ -std=gnu++17 -I"/usr/local/lib/R/include" -DNDEBUG   -I/usr/local/include    -fpic  -g -O2 -fstack-protector-strong -Wformat -Wformat-security -Wdate-time -D_FORTIFY_SOURCE=2 -g  -DR_NO_REMAP -c kendallTauDistanceFromTemp.cc -o kendallTauDistanceFromTemp.o
g++ -std=gnu++17 -I"/usr/local/lib/R/include" -DNDEBUG   -I/usr/local/include    -fpic  -g -O2 -fstack-protector-strong -Wformat -Wformat-security -Wdate-time -D_FORTIFY_SOURCE=2 -g  -DR_NO_REMAP -c kendallTauDistanceRestricted.cc -o kendallTauDistanceRestricted.o
g++ -std=gnu++17 -I"/usr/local/lib/R/include" -DNDEBUG   -I/usr/local/include    -fpic  -g -O2 -fstack-protector-strong -Wformat -Wformat-security -Wdate-time -D_FORTIFY_SOURCE=2 -g  -DR_NO_REMAP -c nij.cc -o nij.o
g++ -std=gnu++17 -I"/usr/local/lib/R/include" -DNDEBUG   -I/usr/local/include    -fpic  -g -O2 -fstack-protector-strong -Wformat -Wformat-security -Wdate-time -D_FORTIFY_SOURCE=2 -g  -DR_NO_REMAP -c vect2compC.cc -o vect2compC.o
g++ -std=gnu++17 -shared -L/usr/local/lib/R/lib -L/usr/local/lib -o GSReg.so init.o kendallTauDistance.o kendallTauDistanceFromTemp.o kendallTauDistanceRestricted.o nij.o vect2compC.o -L/usr/local/lib/R/lib -lR
installing to /mnt/library/00LOCK-GSReg/00new/GSReg/libs
** R
** data
** inst
** byte-compile and prepare package for lazy loading
** help
*** installing help indices
** building package indices
** installing vignettes
** testing if installed package can be loaded from temporary location
** checking absolute paths in shared objects and dynamic libraries
** testing if installed package can be loaded from final location
** testing if installed package keeps a record of temporary installation path
* creating tarball
packaged installation of ‘GSReg’ as ‘GSReg_1.40.0_R_x86_64-pc-linux-gnu.tar.gz’
* DONE (GSReg)

The downloaded source packages are in
	‘/tmp/RtmpsezyBL/downloaded_packages’
Old packages: 'bslib', 'cli', 'curl', 'evaluate', 'httr2', 'jsonlite',
  'openssl', 'pillar', 'pkgbuild', 'processx', 'ps', 'purrr', 'R6', 'Rcpp',
  'rlang', 'sessioninfo', 'systemfonts', 'testthat', 'textshaping', 'tinytex',
  'xfun', 'zip', 'class', 'foreign', 'KernSmooth', 'MASS', 'Matrix', 'nlme',
  'nnet', 'rpart', 'spatial'

real	1m34.589s
user	0m47.080s
sys	0m8.316s
