'getOption("repos")' replaces Bioconductor standard repositories, see
'help("repositories", package = "BiocManager")' for details.
Replacement repositories:
    CRAN: https://p3m.dev/cran/__linux__/noble/latest
Bioconductor version 3.20 (BiocManager 1.30.25), R 4.4.2 (2024-10-31)
Installing package(s) 'qcmetrics'
also installing the dependency ‘mzR’

trying URL 'https://bioconductor.org/packages/3.20/bioc/src/contrib/mzR_2.40.0.tar.gz'
Content type 'application/x-gzip' length 7882404 bytes (7.5 MB)
==================================================
downloaded 7.5 MB

trying URL 'https://bioconductor.org/packages/3.20/bioc/src/contrib/qcmetrics_1.44.0.tar.gz'
Content type 'application/x-gzip' length 4424564 bytes (4.2 MB)
==================================================
downloaded 4.2 MB

ERROR: failed to lock directory ‘/mnt/library’ for modifying
Try removing ‘/mnt/library/00LOCK-mzR’
* installing *source* package ‘qcmetrics’ ...
** package ‘qcmetrics’ successfully unpacked and MD5 sums checked
** using staged installation
** R
** data
** inst
** byte-compile and prepare package for lazy loading
** help
*** installing help indices
** building package indices
** installing vignettes
** testing if installed package can be loaded from temporary location
** testing if installed package can be loaded from final location
** testing if installed package keeps a record of temporary installation path
* creating tarball
packaged installation of ‘qcmetrics’ as ‘qcmetrics_1.44.0_R_x86_64-pc-linux-gnu.tar.gz’
* DONE (qcmetrics)

The downloaded source packages are in
	‘/tmp/RtmpDhrrmi/downloaded_packages’
Old packages: 'bslib', 'cli', 'curl', 'evaluate', 'httr2', 'jsonlite',
  'openssl', 'pillar', 'pkgbuild', 'processx', 'ps', 'purrr', 'R6', 'Rcpp',
  'rlang', 'sessioninfo', 'systemfonts', 'testthat', 'textshaping', 'tinytex',
  'xfun', 'zip', 'class', 'foreign', 'KernSmooth', 'MASS', 'Matrix', 'nlme',
  'nnet', 'rpart', 'spatial'
Warning message:
In install.packages(...) :
  installation of package ‘mzR’ had non-zero exit status

real	0m44.634s
user	0m15.216s
sys	0m4.660s
