'getOption("repos")' replaces Bioconductor standard repositories, see
'help("repositories", package = "BiocManager")' for details.
Replacement repositories:
    CRAN: https://p3m.dev/cran/__linux__/noble/latest
Bioconductor version 3.20 (BiocManager 1.30.25), R 4.4.2 (2024-10-31)
Installing package(s) 'ggkegg'
also installing the dependencies ‘UCSC.utils’, ‘XVector’, ‘GenomeInfoDb’, ‘Biostrings’, ‘DOSE’, ‘enrichplot’, ‘GO.db’, ‘GOSemSim’, ‘Biobase’, ‘IRanges’, ‘S4Vectors’, ‘KEGGREST’, ‘shadowtext’, ‘clusterProfiler’, ‘bnlearn’, ‘AnnotationDbi’

trying URL 'https://bioconductor.org/packages/3.20/bioc/src/contrib/UCSC.utils_1.2.0.tar.gz'
Content type 'application/x-gzip' length 236888 bytes (231 KB)
==================================================
downloaded 231 KB

trying URL 'https://bioconductor.org/packages/3.20/bioc/src/contrib/XVector_0.46.0.tar.gz'
Content type 'application/x-gzip' length 70185 bytes (68 KB)
==================================================
downloaded 68 KB

trying URL 'https://bioconductor.org/packages/3.20/bioc/src/contrib/GenomeInfoDb_1.42.3.tar.gz'
Content type 'application/x-gzip' length 3592070 bytes (3.4 MB)
==================================================
downloaded 3.4 MB

trying URL 'https://bioconductor.org/packages/3.20/bioc/src/contrib/Biostrings_2.74.1.tar.gz'
Content type 'application/x-gzip' length 12823307 bytes (12.2 MB)
==================================================
downloaded 12.2 MB

trying URL 'https://bioconductor.org/packages/3.20/bioc/src/contrib/DOSE_4.0.0.tar.gz'
Content type 'application/x-gzip' length 5747842 bytes (5.5 MB)
==================================================
downloaded 5.5 MB

trying URL 'https://bioconductor.org/packages/3.20/bioc/src/contrib/enrichplot_1.26.6.tar.gz'
Content type 'application/x-gzip' length 102899 bytes (100 KB)
==================================================
downloaded 100 KB

trying URL 'https://bioconductor.org/packages/3.20/data/annotation/src/contrib/GO.db_3.20.0.tar.gz'
Content type 'application/x-gzip' length 26341489 bytes (25.1 MB)
==================================================
downloaded 25.1 MB

trying URL 'https://bioconductor.org/packages/3.20/bioc/src/contrib/GOSemSim_2.32.0.tar.gz'
Content type 'application/x-gzip' length 610829 bytes (596 KB)
==================================================
downloaded 596 KB

trying URL 'https://bioconductor.org/packages/3.20/bioc/src/contrib/Biobase_2.66.0.tar.gz'
Content type 'application/x-gzip' length 1978998 bytes (1.9 MB)
==================================================
downloaded 1.9 MB

trying URL 'https://bioconductor.org/packages/3.20/bioc/src/contrib/IRanges_2.40.1.tar.gz'
Content type 'application/x-gzip' length 486989 bytes (475 KB)
==================================================
downloaded 475 KB

trying URL 'https://bioconductor.org/packages/3.20/bioc/src/contrib/S4Vectors_0.44.0.tar.gz'
Content type 'application/x-gzip' length 1076666 bytes (1.0 MB)
==================================================
downloaded 1.0 MB

trying URL 'https://bioconductor.org/packages/3.20/bioc/src/contrib/KEGGREST_1.46.0.tar.gz'
Content type 'application/x-gzip' length 239655 bytes (234 KB)
==================================================
downloaded 234 KB

trying URL 'https://p3m.dev/cran/__linux__/noble/latest/src/contrib/shadowtext_0.1.4.tar.gz'
Content type 'binary/octet-stream' length 223661 bytes (218 KB)
==================================================
downloaded 218 KB

trying URL 'https://bioconductor.org/packages/3.20/bioc/src/contrib/clusterProfiler_4.14.4.tar.gz'
Content type 'application/x-gzip' length 628044 bytes (613 KB)
==================================================
downloaded 613 KB

trying URL 'https://p3m.dev/cran/__linux__/noble/latest/src/contrib/bnlearn_5.0.2.tar.gz'
Content type 'binary/octet-stream' length 1326026 bytes (1.3 MB)
==================================================
downloaded 1.3 MB

trying URL 'https://bioconductor.org/packages/3.20/bioc/src/contrib/AnnotationDbi_1.68.0.tar.gz'
Content type 'application/x-gzip' length 4378038 bytes (4.2 MB)
==================================================
downloaded 4.2 MB

trying URL 'https://bioconductor.org/packages/3.20/bioc/src/contrib/ggkegg_1.4.1.tar.gz'
Content type 'application/x-gzip' length 3659608 bytes (3.5 MB)
==================================================
downloaded 3.5 MB

ERROR: failed to lock directory ‘/mnt/library’ for modifying
Try removing ‘/mnt/library/00LOCK-Biobase’
ERROR: failed to lock directory ‘/mnt/library’ for modifying
Try removing ‘/mnt/library/00LOCK-S4Vectors’
* installing *binary* package ‘shadowtext’ ...
* ‘shadowtext’ was already a binary package and will not be rebuilt
* creating tarball
packaged installation of ‘shadowtext’ as ‘shadowtext_0.1.4_R_x86_64-pc-linux-gnu.tar.gz’
* DONE (shadowtext)
* installing *source* package ‘bnlearn’ ...
** package ‘bnlearn’ successfully unpacked and MD5 sums checked
** using staged installation
** libs
using C compiler: ‘gcc (Ubuntu 13.3.0-6ubuntu2~24.04) 13.3.0’
gcc -std=gnu17 -I"/usr/local/lib/R/include" -DNDEBUG   -I/usr/local/include    -fpic  -g -O2 -fstack-protector-strong -Wformat -Wformat-security -Wdate-time -D_FORTIFY_SOURCE=2 -g  -c arcs/arcs2amat.c -o arcs/arcs2amat.o
gcc -std=gnu17 -I"/usr/local/lib/R/include" -DNDEBUG   -I/usr/local/include    -fpic  -g -O2 -fstack-protector-strong -Wformat -Wformat-security -Wdate-time -D_FORTIFY_SOURCE=2 -g  -c arcs/arcs2elist.c -o arcs/arcs2elist.o
gcc -std=gnu17 -I"/usr/local/lib/R/include" -DNDEBUG   -I/usr/local/include    -fpic  -g -O2 -fstack-protector-strong -Wformat -Wformat-security -Wdate-time -D_FORTIFY_SOURCE=2 -g  -c arcs/bind.c -o arcs/bind.o
gcc -std=gnu17 -I"/usr/local/lib/R/include" -DNDEBUG   -I/usr/local/include    -fpic  -g -O2 -fstack-protector-strong -Wformat -Wformat-security -Wdate-time -D_FORTIFY_SOURCE=2 -g  -c arcs/filter.arcs.c -o arcs/filter.arcs.o
gcc -std=gnu17 -I"/usr/local/lib/R/include" -DNDEBUG   -I/usr/local/include    -fpic  -g -O2 -fstack-protector-strong -Wformat -Wformat-security -Wdate-time -D_FORTIFY_SOURCE=2 -g  -c arcs/hash.c -o arcs/hash.o
gcc -std=gnu17 -I"/usr/local/lib/R/include" -DNDEBUG   -I/usr/local/include    -fpic  -g -O2 -fstack-protector-strong -Wformat -Wformat-security -Wdate-time -D_FORTIFY_SOURCE=2 -g  -c arcs/is.row.equal.c -o arcs/is.row.equal.o
gcc -std=gnu17 -I"/usr/local/lib/R/include" -DNDEBUG   -I/usr/local/include    -fpic  -g -O2 -fstack-protector-strong -Wformat -Wformat-security -Wdate-time -D_FORTIFY_SOURCE=2 -g  -c bnlearn/bayesian.network.c -o bnlearn/bayesian.network.o
gcc -std=gnu17 -I"/usr/local/lib/R/include" -DNDEBUG   -I/usr/local/include    -fpic  -g -O2 -fstack-protector-strong -Wformat -Wformat-security -Wdate-time -D_FORTIFY_SOURCE=2 -g  -c bnlearn/bn.recovery.c -o bnlearn/bn.recovery.o
gcc -std=gnu17 -I"/usr/local/lib/R/include" -DNDEBUG   -I/usr/local/include    -fpic  -g -O2 -fstack-protector-strong -Wformat -Wformat-security -Wdate-time -D_FORTIFY_SOURCE=2 -g  -c bnlearn/cache.structure.c -o bnlearn/cache.structure.o
gcc -std=gnu17 -I"/usr/local/lib/R/include" -DNDEBUG   -I/usr/local/include    -fpic  -g -O2 -fstack-protector-strong -Wformat -Wformat-security -Wdate-time -D_FORTIFY_SOURCE=2 -g  -c bnlearn/cextend.c -o bnlearn/cextend.o
gcc -std=gnu17 -I"/usr/local/lib/R/include" -DNDEBUG   -I/usr/local/include    -fpic  -g -O2 -fstack-protector-strong -Wformat -Wformat-security -Wdate-time -D_FORTIFY_SOURCE=2 -g  -c bnlearn/colliders.c -o bnlearn/colliders.o
gcc -std=gnu17 -I"/usr/local/lib/R/include" -DNDEBUG   -I/usr/local/include    -fpic  -g -O2 -fstack-protector-strong -Wformat -Wformat-security -Wdate-time -D_FORTIFY_SOURCE=2 -g  -c bnlearn/cpdag.c -o bnlearn/cpdag.o
gcc -std=gnu17 -I"/usr/local/lib/R/include" -DNDEBUG   -I/usr/local/include    -fpic  -g -O2 -fstack-protector-strong -Wformat -Wformat-security -Wdate-time -D_FORTIFY_SOURCE=2 -g  -c bnlearn/fitted.c -o bnlearn/fitted.o
gcc -std=gnu17 -I"/usr/local/lib/R/include" -DNDEBUG   -I/usr/local/include    -fpic  -g -O2 -fstack-protector-strong -Wformat -Wformat-security -Wdate-time -D_FORTIFY_SOURCE=2 -g  -c bnlearn/nparams.c -o bnlearn/nparams.o
gcc -std=gnu17 -I"/usr/local/lib/R/include" -DNDEBUG   -I/usr/local/include    -fpic  -g -O2 -fstack-protector-strong -Wformat -Wformat-security -Wdate-time -D_FORTIFY_SOURCE=2 -g  -c bnlearn/shd.c -o bnlearn/shd.o
gcc -std=gnu17 -I"/usr/local/lib/R/include" -DNDEBUG   -I/usr/local/include    -fpic  -g -O2 -fstack-protector-strong -Wformat -Wformat-security -Wdate-time -D_FORTIFY_SOURCE=2 -g  -c core/allocations.c -o core/allocations.o
gcc -std=gnu17 -I"/usr/local/lib/R/include" -DNDEBUG   -I/usr/local/include    -fpic  -g -O2 -fstack-protector-strong -Wformat -Wformat-security -Wdate-time -D_FORTIFY_SOURCE=2 -g  -c core/contingency.tables.c -o core/contingency.tables.o
gcc -std=gnu17 -I"/usr/local/lib/R/include" -DNDEBUG   -I/usr/local/include    -fpic  -g -O2 -fstack-protector-strong -Wformat -Wformat-security -Wdate-time -D_FORTIFY_SOURCE=2 -g  -c core/correlation.c -o core/correlation.o
gcc -std=gnu17 -I"/usr/local/lib/R/include" -DNDEBUG   -I/usr/local/include    -fpic  -g -O2 -fstack-protector-strong -Wformat -Wformat-security -Wdate-time -D_FORTIFY_SOURCE=2 -g  -c core/covariance.matrix.c -o core/covariance.matrix.o
gcc -std=gnu17 -I"/usr/local/lib/R/include" -DNDEBUG   -I/usr/local/include    -fpic  -g -O2 -fstack-protector-strong -Wformat -Wformat-security -Wdate-time -D_FORTIFY_SOURCE=2 -g  -c core/data.table.c -o core/data.table.o
gcc -std=gnu17 -I"/usr/local/lib/R/include" -DNDEBUG   -I/usr/local/include    -fpic  -g -O2 -fstack-protector-strong -Wformat -Wformat-security -Wdate-time -D_FORTIFY_SOURCE=2 -g  -c core/math.functions.c -o core/math.functions.o
gcc -std=gnu17 -I"/usr/local/lib/R/include" -DNDEBUG   -I/usr/local/include    -fpic  -g -O2 -fstack-protector-strong -Wformat -Wformat-security -Wdate-time -D_FORTIFY_SOURCE=2 -g  -c core/moments.c -o core/moments.o
gcc -std=gnu17 -I"/usr/local/lib/R/include" -DNDEBUG   -I/usr/local/include    -fpic  -g -O2 -fstack-protector-strong -Wformat -Wformat-security -Wdate-time -D_FORTIFY_SOURCE=2 -g  -c core/sampling.c -o core/sampling.o
gcc -std=gnu17 -I"/usr/local/lib/R/include" -DNDEBUG   -I/usr/local/include    -fpic  -g -O2 -fstack-protector-strong -Wformat -Wformat-security -Wdate-time -D_FORTIFY_SOURCE=2 -g  -c core/sets.c -o core/sets.o
gcc -std=gnu17 -I"/usr/local/lib/R/include" -DNDEBUG   -I/usr/local/include    -fpic  -g -O2 -fstack-protector-strong -Wformat -Wformat-security -Wdate-time -D_FORTIFY_SOURCE=2 -g  -c core/sort.c -o core/sort.o
gcc -std=gnu17 -I"/usr/local/lib/R/include" -DNDEBUG   -I/usr/local/include    -fpic  -g -O2 -fstack-protector-strong -Wformat -Wformat-security -Wdate-time -D_FORTIFY_SOURCE=2 -g  -c core/uppertriangular.c -o core/uppertriangular.o
gcc -std=gnu17 -I"/usr/local/lib/R/include" -DNDEBUG   -I/usr/local/include    -fpic  -g -O2 -fstack-protector-strong -Wformat -Wformat-security -Wdate-time -D_FORTIFY_SOURCE=2 -g  -c fitted/enums.c -o fitted/enums.o
gcc -std=gnu17 -I"/usr/local/lib/R/include" -DNDEBUG   -I/usr/local/include    -fpic  -g -O2 -fstack-protector-strong -Wformat -Wformat-security -Wdate-time -D_FORTIFY_SOURCE=2 -g  -c fitted/fitted.c -o fitted/fitted.o
gcc -std=gnu17 -I"/usr/local/lib/R/include" -DNDEBUG   -I/usr/local/include    -fpic  -g -O2 -fstack-protector-strong -Wformat -Wformat-security -Wdate-time -D_FORTIFY_SOURCE=2 -g  -c fitted/nparams.c -o fitted/nparams.o
gcc -std=gnu17 -I"/usr/local/lib/R/include" -DNDEBUG   -I/usr/local/include    -fpic  -g -O2 -fstack-protector-strong -Wformat -Wformat-security -Wdate-time -D_FORTIFY_SOURCE=2 -g  -c fitted/rinterface/nparams.c -o fitted/rinterface/nparams.o
gcc -std=gnu17 -I"/usr/local/lib/R/include" -DNDEBUG   -I/usr/local/include    -fpic  -g -O2 -fstack-protector-strong -Wformat -Wformat-security -Wdate-time -D_FORTIFY_SOURCE=2 -g  -c foreign/parse.c -o foreign/parse.o
gcc -std=gnu17 -I"/usr/local/lib/R/include" -DNDEBUG   -I/usr/local/include    -fpic  -g -O2 -fstack-protector-strong -Wformat -Wformat-security -Wdate-time -D_FORTIFY_SOURCE=2 -g  -c globals.c -o globals.o
gcc -std=gnu17 -I"/usr/local/lib/R/include" -DNDEBUG   -I/usr/local/include    -fpic  -g -O2 -fstack-protector-strong -Wformat -Wformat-security -Wdate-time -D_FORTIFY_SOURCE=2 -g  -c graphs/acyclic.c -o graphs/acyclic.o
gcc -std=gnu17 -I"/usr/local/lib/R/include" -DNDEBUG   -I/usr/local/include    -fpic  -g -O2 -fstack-protector-strong -Wformat -Wformat-security -Wdate-time -D_FORTIFY_SOURCE=2 -g  -c graphs/is.dag.c -o graphs/is.dag.o
gcc -std=gnu17 -I"/usr/local/lib/R/include" -DNDEBUG   -I/usr/local/include    -fpic  -g -O2 -fstack-protector-strong -Wformat -Wformat-security -Wdate-time -D_FORTIFY_SOURCE=2 -g  -c graphs/path.c -o graphs/path.o
gcc -std=gnu17 -I"/usr/local/lib/R/include" -DNDEBUG   -I/usr/local/include    -fpic  -g -O2 -fstack-protector-strong -Wformat -Wformat-security -Wdate-time -D_FORTIFY_SOURCE=2 -g  -c graphs/pdag2dag.c -o graphs/pdag2dag.o
gcc -std=gnu17 -I"/usr/local/lib/R/include" -DNDEBUG   -I/usr/local/include    -fpic  -g -O2 -fstack-protector-strong -Wformat -Wformat-security -Wdate-time -D_FORTIFY_SOURCE=2 -g  -c graphs/random/graph.generation.c -o graphs/random/graph.generation.o
gcc -std=gnu17 -I"/usr/local/lib/R/include" -DNDEBUG   -I/usr/local/include    -fpic  -g -O2 -fstack-protector-strong -Wformat -Wformat-security -Wdate-time -D_FORTIFY_SOURCE=2 -g  -c graphs/topological.ordering.c -o graphs/topological.ordering.o
gcc -std=gnu17 -I"/usr/local/lib/R/include" -DNDEBUG   -I/usr/local/include    -fpic  -g -O2 -fstack-protector-strong -Wformat -Wformat-security -Wdate-time -D_FORTIFY_SOURCE=2 -g  -c inference/likelihood.weighting.c -o inference/likelihood.weighting.o
gcc -std=gnu17 -I"/usr/local/lib/R/include" -DNDEBUG   -I/usr/local/include    -fpic  -g -O2 -fstack-protector-strong -Wformat -Wformat-security -Wdate-time -D_FORTIFY_SOURCE=2 -g  -c inference/loglikelihood/common.c -o inference/loglikelihood/common.o
gcc -std=gnu17 -I"/usr/local/lib/R/include" -DNDEBUG   -I/usr/local/include    -fpic  -g -O2 -fstack-protector-strong -Wformat -Wformat-security -Wdate-time -D_FORTIFY_SOURCE=2 -g  -c inference/loglikelihood/discrete.c -o inference/loglikelihood/discrete.o
gcc -std=gnu17 -I"/usr/local/lib/R/include" -DNDEBUG   -I/usr/local/include    -fpic  -g -O2 -fstack-protector-strong -Wformat -Wformat-security -Wdate-time -D_FORTIFY_SOURCE=2 -g  -c inference/loglikelihood/gaussian.c -o inference/loglikelihood/gaussian.o
gcc -std=gnu17 -I"/usr/local/lib/R/include" -DNDEBUG   -I/usr/local/include    -fpic  -g -O2 -fstack-protector-strong -Wformat -Wformat-security -Wdate-time -D_FORTIFY_SOURCE=2 -g  -c inference/loglikelihood/conditional.gaussian.c -o inference/loglikelihood/conditional.gaussian.o
gcc -std=gnu17 -I"/usr/local/lib/R/include" -DNDEBUG   -I/usr/local/include    -fpic  -g -O2 -fstack-protector-strong -Wformat -Wformat-security -Wdate-time -D_FORTIFY_SOURCE=2 -g  -c inference/loss.c -o inference/loss.o
gcc -std=gnu17 -I"/usr/local/lib/R/include" -DNDEBUG   -I/usr/local/include    -fpic  -g -O2 -fstack-protector-strong -Wformat -Wformat-security -Wdate-time -D_FORTIFY_SOURCE=2 -g  -c inference/rbn.c -o inference/rbn.o
gcc -std=gnu17 -I"/usr/local/lib/R/include" -DNDEBUG   -I/usr/local/include    -fpic  -g -O2 -fstack-protector-strong -Wformat -Wformat-security -Wdate-time -D_FORTIFY_SOURCE=2 -g  -c inference/rinterface/loglikelihood.c -o inference/rinterface/loglikelihood.o
gcc -std=gnu17 -I"/usr/local/lib/R/include" -DNDEBUG   -I/usr/local/include    -fpic  -g -O2 -fstack-protector-strong -Wformat -Wformat-security -Wdate-time -D_FORTIFY_SOURCE=2 -g  -c inference/rinterface/cpdist.c -o inference/rinterface/cpdist.o
gcc -std=gnu17 -I"/usr/local/lib/R/include" -DNDEBUG   -I/usr/local/include    -fpic  -g -O2 -fstack-protector-strong -Wformat -Wformat-security -Wdate-time -D_FORTIFY_SOURCE=2 -g  -c inference/rinterface/rbn.c -o inference/rinterface/rbn.o
gcc -std=gnu17 -I"/usr/local/lib/R/include" -DNDEBUG   -I/usr/local/include    -fpic  -g -O2 -fstack-protector-strong -Wformat -Wformat-security -Wdate-time -D_FORTIFY_SOURCE=2 -g  -c inference/rinterface/likelihood.weighting.c -o inference/rinterface/likelihood.weighting.o
gcc -std=gnu17 -I"/usr/local/lib/R/include" -DNDEBUG   -I/usr/local/include    -fpic  -g -O2 -fstack-protector-strong -Wformat -Wformat-security -Wdate-time -D_FORTIFY_SOURCE=2 -g  -c learning/averaging/averaging.c -o learning/averaging/averaging.o
gcc -std=gnu17 -I"/usr/local/lib/R/include" -DNDEBUG   -I/usr/local/include    -fpic  -g -O2 -fstack-protector-strong -Wformat -Wformat-security -Wdate-time -D_FORTIFY_SOURCE=2 -g  -c learning/averaging/bootstrap.c -o learning/averaging/bootstrap.o
gcc -std=gnu17 -I"/usr/local/lib/R/include" -DNDEBUG   -I/usr/local/include    -fpic  -g -O2 -fstack-protector-strong -Wformat -Wformat-security -Wdate-time -D_FORTIFY_SOURCE=2 -g  -c learning/local/mi.matrix.c -o learning/local/mi.matrix.o
gcc -std=gnu17 -I"/usr/local/lib/R/include" -DNDEBUG   -I/usr/local/include    -fpic  -g -O2 -fstack-protector-strong -Wformat -Wformat-security -Wdate-time -D_FORTIFY_SOURCE=2 -g  -c learning/score/hc.cache.lookup.c -o learning/score/hc.cache.lookup.o
gcc -std=gnu17 -I"/usr/local/lib/R/include" -DNDEBUG   -I/usr/local/include    -fpic  -g -O2 -fstack-protector-strong -Wformat -Wformat-security -Wdate-time -D_FORTIFY_SOURCE=2 -g  -c learning/score/score.delta.c -o learning/score/score.delta.o
gcc -std=gnu17 -I"/usr/local/lib/R/include" -DNDEBUG   -I/usr/local/include    -fpic  -g -O2 -fstack-protector-strong -Wformat -Wformat-security -Wdate-time -D_FORTIFY_SOURCE=2 -g  -c learning/score/tabu.c -o learning/score/tabu.o
gcc -std=gnu17 -I"/usr/local/lib/R/include" -DNDEBUG   -I/usr/local/include    -fpic  -g -O2 -fstack-protector-strong -Wformat -Wformat-security -Wdate-time -D_FORTIFY_SOURCE=2 -g  -c math/conditional.least.squares.c -o math/conditional.least.squares.o
gcc -std=gnu17 -I"/usr/local/lib/R/include" -DNDEBUG   -I/usr/local/include    -fpic  -g -O2 -fstack-protector-strong -Wformat -Wformat-security -Wdate-time -D_FORTIFY_SOURCE=2 -g  -c math/least.squares.c -o math/least.squares.o
gcc -std=gnu17 -I"/usr/local/lib/R/include" -DNDEBUG   -I/usr/local/include    -fpic  -g -O2 -fstack-protector-strong -Wformat -Wformat-security -Wdate-time -D_FORTIFY_SOURCE=2 -g  -c math/linear.algebra.c -o math/linear.algebra.o
gcc -std=gnu17 -I"/usr/local/lib/R/include" -DNDEBUG   -I/usr/local/include    -fpic  -g -O2 -fstack-protector-strong -Wformat -Wformat-security -Wdate-time -D_FORTIFY_SOURCE=2 -g  -c minimal/common.c -o minimal/common.o
gcc -std=gnu17 -I"/usr/local/lib/R/include" -DNDEBUG   -I/usr/local/include    -fpic  -g -O2 -fstack-protector-strong -Wformat -Wformat-security -Wdate-time -D_FORTIFY_SOURCE=2 -g  -c minimal/data.frame.c -o minimal/data.frame.o
gcc -std=gnu17 -I"/usr/local/lib/R/include" -DNDEBUG   -I/usr/local/include    -fpic  -g -O2 -fstack-protector-strong -Wformat -Wformat-security -Wdate-time -D_FORTIFY_SOURCE=2 -g  -c minimal/strings.c -o minimal/strings.o
gcc -std=gnu17 -I"/usr/local/lib/R/include" -DNDEBUG   -I/usr/local/include    -fpic  -g -O2 -fstack-protector-strong -Wformat -Wformat-security -Wdate-time -D_FORTIFY_SOURCE=2 -g  -c minimal/table.c -o minimal/table.o
gcc -std=gnu17 -I"/usr/local/lib/R/include" -DNDEBUG   -I/usr/local/include    -fpic  -g -O2 -fstack-protector-strong -Wformat -Wformat-security -Wdate-time -D_FORTIFY_SOURCE=2 -g  -c minimal/tiers.c -o minimal/tiers.o
gcc -std=gnu17 -I"/usr/local/lib/R/include" -DNDEBUG   -I/usr/local/include    -fpic  -g -O2 -fstack-protector-strong -Wformat -Wformat-security -Wdate-time -D_FORTIFY_SOURCE=2 -g  -c minimal/unique.c -o minimal/unique.o
gcc -std=gnu17 -I"/usr/local/lib/R/include" -DNDEBUG   -I/usr/local/include    -fpic  -g -O2 -fstack-protector-strong -Wformat -Wformat-security -Wdate-time -D_FORTIFY_SOURCE=2 -g  -c parameters/discrete/classic_discrete.c -o parameters/discrete/classic_discrete.o
gcc -std=gnu17 -I"/usr/local/lib/R/include" -DNDEBUG   -I/usr/local/include    -fpic  -g -O2 -fstack-protector-strong -Wformat -Wformat-security -Wdate-time -D_FORTIFY_SOURCE=2 -g  -c parameters/discrete/hierarchical_dirichlet.c -o parameters/discrete/hierarchical_dirichlet.o
gcc -std=gnu17 -I"/usr/local/lib/R/include" -DNDEBUG   -I/usr/local/include    -fpic  -g -O2 -fstack-protector-strong -Wformat -Wformat-security -Wdate-time -D_FORTIFY_SOURCE=2 -g  -c parameters/rinterface/classic_discrete.c -o parameters/rinterface/classic_discrete.o
gcc -std=gnu17 -I"/usr/local/lib/R/include" -DNDEBUG   -I/usr/local/include    -fpic  -g -O2 -fstack-protector-strong -Wformat -Wformat-security -Wdate-time -D_FORTIFY_SOURCE=2 -g  -c parameters/rinterface/hierarchical_dirichlet.c -o parameters/rinterface/hierarchical_dirichlet.o
gcc -std=gnu17 -I"/usr/local/lib/R/include" -DNDEBUG   -I/usr/local/include    -fpic  -g -O2 -fstack-protector-strong -Wformat -Wformat-security -Wdate-time -D_FORTIFY_SOURCE=2 -g  -c parameters/rinterface/mixture_ordinary_least_squares.c -o parameters/rinterface/mixture_ordinary_least_squares.o
gcc -std=gnu17 -I"/usr/local/lib/R/include" -DNDEBUG   -I/usr/local/include    -fpic  -g -O2 -fstack-protector-strong -Wformat -Wformat-security -Wdate-time -D_FORTIFY_SOURCE=2 -g  -c parameters/rinterface/ordinary_least_squares.c -o parameters/rinterface/ordinary_least_squares.o
gcc -std=gnu17 -I"/usr/local/lib/R/include" -DNDEBUG   -I/usr/local/include    -fpic  -g -O2 -fstack-protector-strong -Wformat -Wformat-security -Wdate-time -D_FORTIFY_SOURCE=2 -g  -c predict/map.lw.c -o predict/map.lw.o
gcc -std=gnu17 -I"/usr/local/lib/R/include" -DNDEBUG   -I/usr/local/include    -fpic  -g -O2 -fstack-protector-strong -Wformat -Wformat-security -Wdate-time -D_FORTIFY_SOURCE=2 -g  -c predict/predict.c -o predict/predict.o
gcc -std=gnu17 -I"/usr/local/lib/R/include" -DNDEBUG   -I/usr/local/include    -fpic  -g -O2 -fstack-protector-strong -Wformat -Wformat-security -Wdate-time -D_FORTIFY_SOURCE=2 -g  -c preprocessing/dedup.c -o preprocessing/dedup.o
gcc -std=gnu17 -I"/usr/local/lib/R/include" -DNDEBUG   -I/usr/local/include    -fpic  -g -O2 -fstack-protector-strong -Wformat -Wformat-security -Wdate-time -D_FORTIFY_SOURCE=2 -g  -c preprocessing/discretize.c -o preprocessing/discretize.o
gcc -std=gnu17 -I"/usr/local/lib/R/include" -DNDEBUG   -I/usr/local/include    -fpic  -g -O2 -fstack-protector-strong -Wformat -Wformat-security -Wdate-time -D_FORTIFY_SOURCE=2 -g  -c preprocessing/enums.c -o preprocessing/enums.o
gcc -std=gnu17 -I"/usr/local/lib/R/include" -DNDEBUG   -I/usr/local/include    -fpic  -g -O2 -fstack-protector-strong -Wformat -Wformat-security -Wdate-time -D_FORTIFY_SOURCE=2 -g  -c sanitization/cg.assumptions.c -o sanitization/cg.assumptions.o
gcc -std=gnu17 -I"/usr/local/lib/R/include" -DNDEBUG   -I/usr/local/include    -fpic  -g -O2 -fstack-protector-strong -Wformat -Wformat-security -Wdate-time -D_FORTIFY_SOURCE=2 -g  -c sanitization/covariance.c -o sanitization/covariance.o
gcc -std=gnu17 -I"/usr/local/lib/R/include" -DNDEBUG   -I/usr/local/include    -fpic  -g -O2 -fstack-protector-strong -Wformat -Wformat-security -Wdate-time -D_FORTIFY_SOURCE=2 -g  -c sanitization/data.c -o sanitization/data.o
gcc -std=gnu17 -I"/usr/local/lib/R/include" -DNDEBUG   -I/usr/local/include    -fpic  -g -O2 -fstack-protector-strong -Wformat -Wformat-security -Wdate-time -D_FORTIFY_SOURCE=2 -g  -c scores/alpha.star.c -o scores/alpha.star.o
gcc -std=gnu17 -I"/usr/local/lib/R/include" -DNDEBUG   -I/usr/local/include    -fpic  -g -O2 -fstack-protector-strong -Wformat -Wformat-security -Wdate-time -D_FORTIFY_SOURCE=2 -g  -c scores/cg.loglikelihood.c -o scores/cg.loglikelihood.o
gcc -std=gnu17 -I"/usr/local/lib/R/include" -DNDEBUG   -I/usr/local/include    -fpic  -g -O2 -fstack-protector-strong -Wformat -Wformat-security -Wdate-time -D_FORTIFY_SOURCE=2 -g  -c scores/cg.predictive.loglikelihood.c -o scores/cg.predictive.loglikelihood.o
gcc -std=gnu17 -I"/usr/local/lib/R/include" -DNDEBUG   -I/usr/local/include    -fpic  -g -O2 -fstack-protector-strong -Wformat -Wformat-security -Wdate-time -D_FORTIFY_SOURCE=2 -g  -c scores/cg.nal.c -o scores/cg.nal.o
gcc -std=gnu17 -I"/usr/local/lib/R/include" -DNDEBUG   -I/usr/local/include    -fpic  -g -O2 -fstack-protector-strong -Wformat -Wformat-security -Wdate-time -D_FORTIFY_SOURCE=2 -g  -c scores/custom.score.c -o scores/custom.score.o
gcc -std=gnu17 -I"/usr/local/lib/R/include" -DNDEBUG   -I/usr/local/include    -fpic  -g -O2 -fstack-protector-strong -Wformat -Wformat-security -Wdate-time -D_FORTIFY_SOURCE=2 -g  -c scores/dirichlet.averaged.posterior.c -o scores/dirichlet.averaged.posterior.o
gcc -std=gnu17 -I"/usr/local/lib/R/include" -DNDEBUG   -I/usr/local/include    -fpic  -g -O2 -fstack-protector-strong -Wformat -Wformat-security -Wdate-time -D_FORTIFY_SOURCE=2 -g  -c scores/dirichlet.posterior.c -o scores/dirichlet.posterior.o
gcc -std=gnu17 -I"/usr/local/lib/R/include" -DNDEBUG   -I/usr/local/include    -fpic  -g -O2 -fstack-protector-strong -Wformat -Wformat-security -Wdate-time -D_FORTIFY_SOURCE=2 -g  -c scores/discrete.loglikelihood.c -o scores/discrete.loglikelihood.o
gcc -std=gnu17 -I"/usr/local/lib/R/include" -DNDEBUG   -I/usr/local/include    -fpic  -g -O2 -fstack-protector-strong -Wformat -Wformat-security -Wdate-time -D_FORTIFY_SOURCE=2 -g  -c scores/discrete.nal.c -o scores/discrete.nal.o
gcc -std=gnu17 -I"/usr/local/lib/R/include" -DNDEBUG   -I/usr/local/include    -fpic  -g -O2 -fstack-protector-strong -Wformat -Wformat-security -Wdate-time -D_FORTIFY_SOURCE=2 -g  -c scores/discrete.predictive.loglikelihood.c -o scores/discrete.predictive.loglikelihood.o
gcc -std=gnu17 -I"/usr/local/lib/R/include" -DNDEBUG   -I/usr/local/include    -fpic  -g -O2 -fstack-protector-strong -Wformat -Wformat-security -Wdate-time -D_FORTIFY_SOURCE=2 -g  -c scores/enum.c -o scores/enum.o
gcc -std=gnu17 -I"/usr/local/lib/R/include" -DNDEBUG   -I/usr/local/include    -fpic  -g -O2 -fstack-protector-strong -Wformat -Wformat-security -Wdate-time -D_FORTIFY_SOURCE=2 -g  -c scores/gaussian.loglikelihood.c -o scores/gaussian.loglikelihood.o
gcc -std=gnu17 -I"/usr/local/lib/R/include" -DNDEBUG   -I/usr/local/include    -fpic  -g -O2 -fstack-protector-strong -Wformat -Wformat-security -Wdate-time -D_FORTIFY_SOURCE=2 -g  -c scores/gaussian.nal.c -o scores/gaussian.nal.o
gcc -std=gnu17 -I"/usr/local/lib/R/include" -DNDEBUG   -I/usr/local/include    -fpic  -g -O2 -fstack-protector-strong -Wformat -Wformat-security -Wdate-time -D_FORTIFY_SOURCE=2 -g  -c scores/gaussian.predictive.loglikelihood.c -o scores/gaussian.predictive.loglikelihood.o
gcc -std=gnu17 -I"/usr/local/lib/R/include" -DNDEBUG   -I/usr/local/include    -fpic  -g -O2 -fstack-protector-strong -Wformat -Wformat-security -Wdate-time -D_FORTIFY_SOURCE=2 -g  -c scores/graph.priors.c -o scores/graph.priors.o
gcc -std=gnu17 -I"/usr/local/lib/R/include" -DNDEBUG   -I/usr/local/include    -fpic  -g -O2 -fstack-protector-strong -Wformat -Wformat-security -Wdate-time -D_FORTIFY_SOURCE=2 -g  -c scores/nml_regret.c -o scores/nml_regret.o
gcc -std=gnu17 -I"/usr/local/lib/R/include" -DNDEBUG   -I/usr/local/include    -fpic  -g -O2 -fstack-protector-strong -Wformat -Wformat-security -Wdate-time -D_FORTIFY_SOURCE=2 -g  -c scores/nml_regret_table.c -o scores/nml_regret_table.o
gcc -std=gnu17 -I"/usr/local/lib/R/include" -DNDEBUG   -I/usr/local/include    -fpic  -g -O2 -fstack-protector-strong -Wformat -Wformat-security -Wdate-time -D_FORTIFY_SOURCE=2 -g  -c scores/normalized.maximum.likelihood.c -o scores/normalized.maximum.likelihood.o
gcc -std=gnu17 -I"/usr/local/lib/R/include" -DNDEBUG   -I/usr/local/include    -fpic  -g -O2 -fstack-protector-strong -Wformat -Wformat-security -Wdate-time -D_FORTIFY_SOURCE=2 -g  -c scores/per.node.score.c -o scores/per.node.score.o
gcc -std=gnu17 -I"/usr/local/lib/R/include" -DNDEBUG   -I/usr/local/include    -fpic  -g -O2 -fstack-protector-strong -Wformat -Wformat-security -Wdate-time -D_FORTIFY_SOURCE=2 -g  -c scores/wishart.posterior.c -o scores/wishart.posterior.o
gcc -std=gnu17 -I"/usr/local/lib/R/include" -DNDEBUG   -I/usr/local/include    -fpic  -g -O2 -fstack-protector-strong -Wformat -Wformat-security -Wdate-time -D_FORTIFY_SOURCE=2 -g  -c test.counter.c -o test.counter.o
gcc -std=gnu17 -I"/usr/local/lib/R/include" -DNDEBUG   -I/usr/local/include    -fpic  -g -O2 -fstack-protector-strong -Wformat -Wformat-security -Wdate-time -D_FORTIFY_SOURCE=2 -g  -c tests/conditional.gaussian/cg.mutual.information.c -o tests/conditional.gaussian/cg.mutual.information.o
gcc -std=gnu17 -I"/usr/local/lib/R/include" -DNDEBUG   -I/usr/local/include    -fpic  -g -O2 -fstack-protector-strong -Wformat -Wformat-security -Wdate-time -D_FORTIFY_SOURCE=2 -g  -c tests/discrete/df.adjust.c -o tests/discrete/df.adjust.o
gcc -std=gnu17 -I"/usr/local/lib/R/include" -DNDEBUG   -I/usr/local/include    -fpic  -g -O2 -fstack-protector-strong -Wformat -Wformat-security -Wdate-time -D_FORTIFY_SOURCE=2 -g  -c tests/discrete/discrete.tests.c -o tests/discrete/discrete.tests.o
gcc -std=gnu17 -I"/usr/local/lib/R/include" -DNDEBUG   -I/usr/local/include    -fpic  -g -O2 -fstack-protector-strong -Wformat -Wformat-security -Wdate-time -D_FORTIFY_SOURCE=2 -g  -c tests/discrete/jonckheere.c -o tests/discrete/jonckheere.o
gcc -std=gnu17 -I"/usr/local/lib/R/include" -DNDEBUG   -I/usr/local/include    -fpic  -g -O2 -fstack-protector-strong -Wformat -Wformat-security -Wdate-time -D_FORTIFY_SOURCE=2 -g  -c tests/discrete/shrinkage.c -o tests/discrete/shrinkage.o
gcc -std=gnu17 -I"/usr/local/lib/R/include" -DNDEBUG   -I/usr/local/include    -fpic  -g -O2 -fstack-protector-strong -Wformat -Wformat-security -Wdate-time -D_FORTIFY_SOURCE=2 -g  -c tests/enums.c -o tests/enums.o
gcc -std=gnu17 -I"/usr/local/lib/R/include" -DNDEBUG   -I/usr/local/include    -fpic  -g -O2 -fstack-protector-strong -Wformat -Wformat-security -Wdate-time -D_FORTIFY_SOURCE=2 -g  -c tests/gaussian/df.adjust.c -o tests/gaussian/df.adjust.o
gcc -std=gnu17 -I"/usr/local/lib/R/include" -DNDEBUG   -I/usr/local/include    -fpic  -g -O2 -fstack-protector-strong -Wformat -Wformat-security -Wdate-time -D_FORTIFY_SOURCE=2 -g  -c tests/gaussian/gaussian.tests.c -o tests/gaussian/gaussian.tests.o
gcc -std=gnu17 -I"/usr/local/lib/R/include" -DNDEBUG   -I/usr/local/include    -fpic  -g -O2 -fstack-protector-strong -Wformat -Wformat-security -Wdate-time -D_FORTIFY_SOURCE=2 -g  -c tests/gaussian/shrinkage.c -o tests/gaussian/shrinkage.o
gcc -std=gnu17 -I"/usr/local/lib/R/include" -DNDEBUG   -I/usr/local/include    -fpic  -g -O2 -fstack-protector-strong -Wformat -Wformat-security -Wdate-time -D_FORTIFY_SOURCE=2 -g  -c tests/omnibus/custom.test.c -o tests/omnibus/custom.test.o
gcc -std=gnu17 -I"/usr/local/lib/R/include" -DNDEBUG   -I/usr/local/include    -fpic  -g -O2 -fstack-protector-strong -Wformat -Wformat-security -Wdate-time -D_FORTIFY_SOURCE=2 -g  -c tests/patterns/allsubs.test.c -o tests/patterns/allsubs.test.o
gcc -std=gnu17 -I"/usr/local/lib/R/include" -DNDEBUG   -I/usr/local/include    -fpic  -g -O2 -fstack-protector-strong -Wformat -Wformat-security -Wdate-time -D_FORTIFY_SOURCE=2 -g  -c tests/patterns/ctest.c -o tests/patterns/ctest.o
gcc -std=gnu17 -I"/usr/local/lib/R/include" -DNDEBUG   -I/usr/local/include    -fpic  -g -O2 -fstack-protector-strong -Wformat -Wformat-security -Wdate-time -D_FORTIFY_SOURCE=2 -g  -c tests/patterns/roundrobin.test.c -o tests/patterns/roundrobin.test.o
gcc -std=gnu17 -I"/usr/local/lib/R/include" -DNDEBUG   -I/usr/local/include    -fpic  -g -O2 -fstack-protector-strong -Wformat -Wformat-security -Wdate-time -D_FORTIFY_SOURCE=2 -g  -c tests/patterns/utest.c -o tests/patterns/utest.o
gcc -std=gnu17 -I"/usr/local/lib/R/include" -DNDEBUG   -I/usr/local/include    -fpic  -g -O2 -fstack-protector-strong -Wformat -Wformat-security -Wdate-time -D_FORTIFY_SOURCE=2 -g  -c tests/permutation/discrete.monte.carlo.c -o tests/permutation/discrete.monte.carlo.o
gcc -std=gnu17 -I"/usr/local/lib/R/include" -DNDEBUG   -I/usr/local/include    -fpic  -g -O2 -fstack-protector-strong -Wformat -Wformat-security -Wdate-time -D_FORTIFY_SOURCE=2 -g  -c tests/permutation/gaussian.monte.carlo.c -o tests/permutation/gaussian.monte.carlo.o
gcc -std=gnu17 -I"/usr/local/lib/R/include" -DNDEBUG   -I/usr/local/include    -fpic  -g -O2 -fstack-protector-strong -Wformat -Wformat-security -Wdate-time -D_FORTIFY_SOURCE=2 -g  -c tests/rinterface/allsubs.test.c -o tests/rinterface/allsubs.test.o
gcc -std=gnu17 -I"/usr/local/lib/R/include" -DNDEBUG   -I/usr/local/include    -fpic  -g -O2 -fstack-protector-strong -Wformat -Wformat-security -Wdate-time -D_FORTIFY_SOURCE=2 -g  -c tests/rinterface/ctest.c -o tests/rinterface/ctest.o
gcc -std=gnu17 -I"/usr/local/lib/R/include" -DNDEBUG   -I/usr/local/include    -fpic  -g -O2 -fstack-protector-strong -Wformat -Wformat-security -Wdate-time -D_FORTIFY_SOURCE=2 -g  -c tests/rinterface/htest.c -o tests/rinterface/htest.o
gcc -std=gnu17 -I"/usr/local/lib/R/include" -DNDEBUG   -I/usr/local/include    -fpic  -g -O2 -fstack-protector-strong -Wformat -Wformat-security -Wdate-time -D_FORTIFY_SOURCE=2 -g  -c tests/rinterface/indep.test.c -o tests/rinterface/indep.test.o
gcc -std=gnu17 -I"/usr/local/lib/R/include" -DNDEBUG   -I/usr/local/include    -fpic  -g -O2 -fstack-protector-strong -Wformat -Wformat-security -Wdate-time -D_FORTIFY_SOURCE=2 -g  -c tests/rinterface/roundrobin.test.c -o tests/rinterface/roundrobin.test.o
gcc -std=gnu17 -I"/usr/local/lib/R/include" -DNDEBUG   -I/usr/local/include    -fpic  -g -O2 -fstack-protector-strong -Wformat -Wformat-security -Wdate-time -D_FORTIFY_SOURCE=2 -g  -c tests/rinterface/utest.c -o tests/rinterface/utest.o
gcc -std=gnu17 -shared -L/usr/local/lib/R/lib -L/usr/local/lib -o bnlearn.so arcs/arcs2amat.o arcs/arcs2elist.o arcs/bind.o arcs/filter.arcs.o arcs/hash.o arcs/is.row.equal.o bnlearn/bayesian.network.o bnlearn/bn.recovery.o bnlearn/cache.structure.o bnlearn/cextend.o bnlearn/colliders.o bnlearn/cpdag.o bnlearn/fitted.o bnlearn/nparams.o bnlearn/shd.o core/allocations.o core/contingency.tables.o core/correlation.o core/covariance.matrix.o core/data.table.o core/math.functions.o core/moments.o core/sampling.o core/sets.o core/sort.o core/uppertriangular.o fitted/enums.o fitted/fitted.o fitted/nparams.o fitted/rinterface/nparams.o foreign/parse.o globals.o graphs/acyclic.o graphs/is.dag.o graphs/path.o graphs/pdag2dag.o graphs/random/graph.generation.o graphs/topological.ordering.o inference/likelihood.weighting.o inference/loglikelihood/common.o inference/loglikelihood/discrete.o inference/loglikelihood/gaussian.o inference/loglikelihood/conditional.gaussian.o inference/loss.o inference/rbn.o inference/rinterface/loglikelihood.o inference/rinterface/cpdist.o inference/rinterface/rbn.o inference/rinterface/likelihood.weighting.o learning/averaging/averaging.o learning/averaging/bootstrap.o learning/local/mi.matrix.o learning/score/hc.cache.lookup.o learning/score/score.delta.o learning/score/tabu.o math/conditional.least.squares.o math/least.squares.o math/linear.algebra.o minimal/common.o minimal/data.frame.o minimal/strings.o minimal/table.o minimal/tiers.o minimal/unique.o parameters/discrete/classic_discrete.o parameters/discrete/hierarchical_dirichlet.o parameters/rinterface/classic_discrete.o parameters/rinterface/hierarchical_dirichlet.o parameters/rinterface/mixture_ordinary_least_squares.o parameters/rinterface/ordinary_least_squares.o predict/map.lw.o predict/predict.o preprocessing/dedup.o preprocessing/discretize.o preprocessing/enums.o sanitization/cg.assumptions.o sanitization/covariance.o sanitization/data.o scores/alpha.star.o scores/cg.loglikelihood.o scores/cg.predictive.loglikelihood.o scores/cg.nal.o scores/custom.score.o scores/dirichlet.averaged.posterior.o scores/dirichlet.posterior.o scores/discrete.loglikelihood.o scores/discrete.nal.o scores/discrete.predictive.loglikelihood.o scores/enum.o scores/gaussian.loglikelihood.o scores/gaussian.nal.o scores/gaussian.predictive.loglikelihood.o scores/graph.priors.o scores/nml_regret.o scores/nml_regret_table.o scores/normalized.maximum.likelihood.o scores/per.node.score.o scores/wishart.posterior.o test.counter.o tests/conditional.gaussian/cg.mutual.information.o tests/discrete/df.adjust.o tests/discrete/discrete.tests.o tests/discrete/jonckheere.o tests/discrete/shrinkage.o tests/enums.o tests/gaussian/df.adjust.o tests/gaussian/gaussian.tests.o tests/gaussian/shrinkage.o tests/omnibus/custom.test.o tests/patterns/allsubs.test.o tests/patterns/ctest.o tests/patterns/roundrobin.test.o tests/patterns/utest.o tests/permutation/discrete.monte.carlo.o tests/permutation/gaussian.monte.carlo.o tests/rinterface/allsubs.test.o tests/rinterface/ctest.o tests/rinterface/htest.o tests/rinterface/indep.test.o tests/rinterface/roundrobin.test.o tests/rinterface/utest.o -llapack -lblas -lgfortran -lm -lquadmath -L/usr/local/lib/R/lib -lR
installing to /mnt/library/00LOCK-bnlearn/00new/bnlearn/libs
** R
** data
*** moving datasets to lazyload DB
** inst
** byte-compile and prepare package for lazy loading
** help
*** installing help indices
** building package indices
** testing if installed package can be loaded from temporary location
** checking absolute paths in shared objects and dynamic libraries
** testing if installed package can be loaded from final location
** testing if installed package keeps a record of temporary installation path
* creating tarball
packaged installation of ‘bnlearn’ as ‘bnlearn_5.0.2_R_x86_64-pc-linux-gnu.tar.gz’
* DONE (bnlearn)
* installing *source* package ‘UCSC.utils’ ...
** package ‘UCSC.utils’ successfully unpacked and MD5 sums checked
** using staged installation
** R
** inst
** byte-compile and prepare package for lazy loading
** help
*** installing help indices
** building package indices
** installing vignettes
** testing if installed package can be loaded from temporary location
** testing if installed package can be loaded from final location
Error: package or namespace load failed for ‘UCSC.utils’ in loadNamespace(j <- i[[1L]], c(lib.loc, .libPaths()), versionCheck = vI[[j]]):
 there is no package called ‘S4Vectors’
Error: loading failed
Execution halted
ERROR: loading failed
* removing ‘/mnt/library/UCSC.utils’
ERROR: dependency ‘S4Vectors’ is not available for package ‘IRanges’
* removing ‘/mnt/library/IRanges’
* installing *source* package ‘ggkegg’ ...
** package ‘ggkegg’ successfully unpacked and MD5 sums checked
** using staged installation
** R
** inst
** byte-compile and prepare package for lazy loading
** help
*** installing help indices
*** copying figures
** building package indices
** installing vignettes
** testing if installed package can be loaded from temporary location
** testing if installed package can be loaded from final location
Error: package or namespace load failed for ‘XML’:
 .onLoad failed in loadNamespace() for 'XML', details:
  call: library.dynam("XML", pkgname, libname)
  error: shared object ‘XML.so’ not found
Error : package ‘XML’ could not be loaded
Error: loading failed
Execution halted
ERROR: loading failed
* removing ‘/mnt/library/ggkegg’
ERROR: dependencies ‘S4Vectors’, ‘IRanges’ are not available for package ‘XVector’
* removing ‘/mnt/library/XVector’
ERROR: dependencies ‘S4Vectors’, ‘IRanges’, ‘UCSC.utils’ are not available for package ‘GenomeInfoDb’
* removing ‘/mnt/library/GenomeInfoDb’
ERROR: dependencies ‘S4Vectors’, ‘IRanges’, ‘XVector’, ‘GenomeInfoDb’ are not available for package ‘Biostrings’
* removing ‘/mnt/library/Biostrings’
ERROR: dependency ‘Biostrings’ is not available for package ‘KEGGREST’
* removing ‘/mnt/library/KEGGREST’
ERROR: failed to lock directory ‘/mnt/library’ for modifying
Try removing ‘/mnt/library/00LOCK-AnnotationDbi’
ERROR: dependency ‘AnnotationDbi’ is not available for package ‘GO.db’
* removing ‘/mnt/library/GO.db’
ERROR: dependencies ‘AnnotationDbi’, ‘GO.db’ are not available for package ‘GOSemSim’
* removing ‘/mnt/library/GOSemSim’
ERROR: dependencies ‘AnnotationDbi’, ‘GOSemSim’ are not available for package ‘DOSE’
* removing ‘/mnt/library/DOSE’
ERROR: dependencies ‘DOSE’, ‘GOSemSim’ are not available for package ‘enrichplot’
* removing ‘/mnt/library/enrichplot’
ERROR: dependencies ‘AnnotationDbi’, ‘DOSE’, ‘enrichplot’, ‘GO.db’, ‘GOSemSim’ are not available for package ‘clusterProfiler’
* removing ‘/mnt/library/clusterProfiler’

The downloaded source packages are in
	‘/tmp/RtmphJPSWS/downloaded_packages’
Old packages: 'bslib', 'cli', 'curl', 'evaluate', 'httr2', 'jsonlite',
  'openssl', 'pillar', 'pkgbuild', 'processx', 'ps', 'purrr', 'R6', 'Rcpp',
  'rlang', 'sessioninfo', 'systemfonts', 'testthat', 'textshaping', 'tinytex',
  'xfun', 'zip', 'class', 'foreign', 'KernSmooth', 'MASS', 'Matrix', 'nlme',
  'nnet', 'rpart', 'spatial'
There were 15 warnings (use warnings() to see them)
Error: unexpected 'else' in "  else"
Execution halted

real	9m42.910s
user	0m48.498s
sys	0m12.803s
