'getOption("repos")' replaces Bioconductor standard repositories, see
'help("repositories", package = "BiocManager")' for details.
Replacement repositories:
    CRAN: https://p3m.dev/cran/__linux__/noble/latest
Bioconductor version 3.20 (BiocManager 1.30.25), R 4.4.2 (2024-10-31)
Installing package(s) 'optimalFlow'
also installing the dependencies ‘optimalFlowData’, ‘transport’

trying URL 'https://bioconductor.org/packages/3.20/data/experiment/src/contrib/optimalFlowData_1.18.0.tar.gz'
Content type 'application/x-gzip' length 79541204 bytes (75.9 MB)
==================================================
downloaded 75.9 MB

trying URL 'https://p3m.dev/cran/__linux__/noble/latest/src/contrib/transport_0.15-4.tar.gz'
Content type 'binary/octet-stream' length 696484 bytes (680 KB)
==================================================
downloaded 680 KB

trying URL 'https://bioconductor.org/packages/3.20/bioc/src/contrib/optimalFlow_1.18.0.tar.gz'
Content type 'application/x-gzip' length 1383415 bytes (1.3 MB)
==================================================
downloaded 1.3 MB

* installing *source* package ‘optimalFlowData’ ...
** using staged installation
** R
** data
*** moving datasets to lazyload DB
** inst
** byte-compile and prepare package for lazy loading
** help
*** installing help indices
** building package indices
** installing vignettes
** testing if installed package can be loaded from temporary location
** testing if installed package can be loaded from final location
** testing if installed package keeps a record of temporary installation path
* creating tarball
packaged installation of ‘optimalFlowData’ as ‘optimalFlowData_1.18.0_R_x86_64-pc-linux-gnu.tar.gz’
* DONE (optimalFlowData)
* installing *binary* package ‘transport’ ...
* ‘transport’ was already a binary package and will not be rebuilt
* creating tarball
packaged installation of ‘transport’ as ‘transport_0.15-4_R_x86_64-pc-linux-gnu.tar.gz’
* DONE (transport)
* installing *source* package ‘optimalFlow’ ...
** package ‘optimalFlow’ successfully unpacked and MD5 sums checked
** using staged installation
** R
** inst
** byte-compile and prepare package for lazy loading
Warning: 'rgl.init' failed, will use the null device.
See '?rgl.useNULL' for ways to avoid this warning.
Warning: no DISPLAY variable so Tk is not available
** help
*** installing help indices
** building package indices
** installing vignettes
** testing if installed package can be loaded from temporary location
Warning: 'rgl.init' failed, will use the null device.
See '?rgl.useNULL' for ways to avoid this warning.
Warning: no DISPLAY variable so Tk is not available
** testing if installed package can be loaded from final location
Warning: 'rgl.init' failed, will use the null device.
See '?rgl.useNULL' for ways to avoid this warning.
Warning: no DISPLAY variable so Tk is not available
** testing if installed package keeps a record of temporary installation path
* creating tarball
packaged installation of ‘optimalFlow’ as ‘optimalFlow_1.18.0_R_x86_64-pc-linux-gnu.tar.gz’
* DONE (optimalFlow)

The downloaded source packages are in
	‘/tmp/RtmpC16IH3/downloaded_packages’
Old packages: 'bslib', 'cli', 'curl', 'evaluate', 'httr2', 'jsonlite',
  'openssl', 'pillar', 'pkgbuild', 'processx', 'ps', 'purrr', 'R6', 'Rcpp',
  'rlang', 'sessioninfo', 'systemfonts', 'testthat', 'textshaping', 'tinytex',
  'xfun', 'zip', 'class', 'foreign', 'KernSmooth', 'MASS', 'Matrix', 'nlme',
  'nnet', 'rpart', 'spatial'

real	1m8.140s
user	0m45.157s
sys	0m9.231s
