'getOption("repos")' replaces Bioconductor standard repositories, see
'help("repositories", package = "BiocManager")' for details.
Replacement repositories:
    CRAN: https://p3m.dev/cran/__linux__/noble/latest
Bioconductor version 3.20 (BiocManager 1.30.25), R 4.4.2 (2024-10-31)
Installing package(s) 'diffcyt'
also installing the dependencies ‘scater’, ‘HDCytoData’, ‘CATALYST’

trying URL 'https://bioconductor.org/packages/3.20/bioc/src/contrib/scater_1.34.0.tar.gz'
Content type 'application/x-gzip' length 4638399 bytes (4.4 MB)
==================================================
downloaded 4.4 MB

trying URL 'https://bioconductor.org/packages/3.20/data/experiment/src/contrib/HDCytoData_1.26.0.tar.gz'
Content type 'application/x-gzip' length 1618317 bytes (1.5 MB)
==================================================
downloaded 1.5 MB

trying URL 'https://bioconductor.org/packages/3.20/bioc/src/contrib/CATALYST_1.30.2.tar.gz'
Content type 'application/x-gzip' length 11838163 bytes (11.3 MB)
==================================================
downloaded 11.3 MB

trying URL 'https://bioconductor.org/packages/3.20/bioc/src/contrib/diffcyt_1.26.1.tar.gz'
Content type 'application/x-gzip' length 919032 bytes (897 KB)
==================================================
downloaded 897 KB

* installing *source* package ‘scater’ ...
** package ‘scater’ successfully unpacked and MD5 sums checked
** using staged installation
** R
** inst
** byte-compile and prepare package for lazy loading
** help
*** installing help indices
** building package indices
** installing vignettes
** testing if installed package can be loaded from temporary location
** testing if installed package can be loaded from final location
** testing if installed package keeps a record of temporary installation path
* creating tarball
packaged installation of ‘scater’ as ‘scater_1.34.0_R_x86_64-pc-linux-gnu.tar.gz’
* DONE (scater)
* installing *source* package ‘HDCytoData’ ...
** using staged installation
** R
** inst
** byte-compile and prepare package for lazy loading
** help
*** installing help indices
** building package indices
** installing vignettes
** testing if installed package can be loaded from temporary location
** testing if installed package can be loaded from final location
** testing if installed package keeps a record of temporary installation path
* creating tarball
packaged installation of ‘HDCytoData’ as ‘HDCytoData_1.26.0_R_x86_64-pc-linux-gnu.tar.gz’
* DONE (HDCytoData)
* installing *source* package ‘diffcyt’ ...
** package ‘diffcyt’ successfully unpacked and MD5 sums checked
** using staged installation
** R
** inst
** byte-compile and prepare package for lazy loading
** help
*** installing help indices
** building package indices
** installing vignettes
** testing if installed package can be loaded from temporary location
** testing if installed package can be loaded from final location
** testing if installed package keeps a record of temporary installation path
* creating tarball
packaged installation of ‘diffcyt’ as ‘diffcyt_1.26.1_R_x86_64-pc-linux-gnu.tar.gz’
* DONE (diffcyt)
* installing *source* package ‘CATALYST’ ...
** package ‘CATALYST’ successfully unpacked and MD5 sums checked
** using staged installation
** R
** data
*** moving datasets to lazyload DB
** inst
** byte-compile and prepare package for lazy loading
** help
*** installing help indices
** building package indices
** installing vignettes
** testing if installed package can be loaded from temporary location
** testing if installed package can be loaded from final location
** testing if installed package keeps a record of temporary installation path
* creating tarball
packaged installation of ‘CATALYST’ as ‘CATALYST_1.30.2_R_x86_64-pc-linux-gnu.tar.gz’
* DONE (CATALYST)

The downloaded source packages are in
	‘/tmp/RtmpJZ4ByU/downloaded_packages’
Old packages: 'bslib', 'cli', 'curl', 'evaluate', 'httr2', 'jsonlite',
  'openssl', 'pillar', 'pkgbuild', 'processx', 'ps', 'purrr', 'R6', 'Rcpp',
  'rlang', 'sessioninfo', 'systemfonts', 'testthat', 'textshaping', 'tinytex',
  'xfun', 'zip', 'class', 'foreign', 'KernSmooth', 'MASS', 'Matrix', 'nlme',
  'nnet', 'rpart', 'spatial'

real	55m19.544s
user	1m57.636s
sys	0m21.324s
