'getOption("repos")' replaces Bioconductor standard repositories, see
'help("repositories", package = "BiocManager")' for details.
Replacement repositories:
    CRAN: https://p3m.dev/cran/__linux__/noble/latest
Bioconductor version 3.20 (BiocManager 1.30.25), R 4.4.2 (2024-10-31)
Installing package(s) 'profileScoreDist'
also installing the dependencies ‘S4Vectors’, ‘rtracklayer’, ‘MotifDb’

trying URL 'https://bioconductor.org/packages/3.20/bioc/src/contrib/S4Vectors_0.44.0.tar.gz'
Content type 'application/x-gzip' length 1076666 bytes (1.0 MB)
==================================================
downloaded 1.0 MB

trying URL 'https://bioconductor.org/packages/3.20/bioc/src/contrib/rtracklayer_1.66.0.tar.gz'
Content type 'application/x-gzip' length 4112666 bytes (3.9 MB)
==================================================
downloaded 3.9 MB

trying URL 'https://bioconductor.org/packages/3.20/bioc/src/contrib/MotifDb_1.48.0.tar.gz'
Content type 'application/x-gzip' length 3395546 bytes (3.2 MB)
==================================================
downloaded 3.2 MB

trying URL 'https://bioconductor.org/packages/3.20/bioc/src/contrib/profileScoreDist_1.34.0.tar.gz'
Content type 'application/x-gzip' length 192962 bytes (188 KB)
==================================================
downloaded 188 KB

ERROR: failed to lock directory ‘/mnt/library’ for modifying
Try removing ‘/mnt/library/00LOCK-S4Vectors’
* installing *source* package ‘profileScoreDist’ ...
** package ‘profileScoreDist’ successfully unpacked and MD5 sums checked
** using staged installation
** libs
using C++ compiler: ‘g++ (Ubuntu 13.3.0-6ubuntu2~24.04) 13.3.0’
g++ -std=gnu++17 -I"/usr/local/lib/R/include" -DNDEBUG  -I'/usr/local/lib/R/site-library/Rcpp/include' -I/usr/local/include    -fpic  -g -O2 -fstack-protector-strong -Wformat -Wformat-security -Wdate-time -D_FORTIFY_SOURCE=2 -g  -DR_NO_REMAP -c RcppExports.cpp -o RcppExports.o
g++ -std=gnu++17 -I"/usr/local/lib/R/include" -DNDEBUG  -I'/usr/local/lib/R/site-library/Rcpp/include' -I/usr/local/include    -fpic  -g -O2 -fstack-protector-strong -Wformat -Wformat-security -Wdate-time -D_FORTIFY_SOURCE=2 -g  -DR_NO_REMAP -c profileConvolution.cpp -o profileConvolution.o
g++ -std=gnu++17 -I"/usr/local/lib/R/include" -DNDEBUG  -I'/usr/local/lib/R/site-library/Rcpp/include' -I/usr/local/include    -fpic  -g -O2 -fstack-protector-strong -Wformat -Wformat-security -Wdate-time -D_FORTIFY_SOURCE=2 -g  -DR_NO_REMAP -c profilePosscoreprob.cpp -o profilePosscoreprob.o
g++ -std=gnu++17 -shared -L/usr/local/lib/R/lib -L/usr/local/lib -o profileScoreDist.so RcppExports.o profileConvolution.o profilePosscoreprob.o -L/usr/local/lib/R/lib -lR
installing to /mnt/library/00LOCK-profileScoreDist/00new/profileScoreDist/libs
** R
** data
*** moving datasets to lazyload DB
** inst
** byte-compile and prepare package for lazy loading
** help
*** installing help indices
** building package indices
** installing vignettes
** testing if installed package can be loaded from temporary location
** checking absolute paths in shared objects and dynamic libraries
** testing if installed package can be loaded from final location
** testing if installed package keeps a record of temporary installation path
* creating tarball
packaged installation of ‘profileScoreDist’ as ‘profileScoreDist_1.34.0_R_x86_64-pc-linux-gnu.tar.gz’
* DONE (profileScoreDist)
ERROR: dependency ‘S4Vectors’ is not available for package ‘rtracklayer’
* removing ‘/mnt/library/rtracklayer’
ERROR: dependencies ‘S4Vectors’, ‘rtracklayer’ are not available for package ‘MotifDb’
* removing ‘/mnt/library/MotifDb’

The downloaded source packages are in
	‘/tmp/RtmpDigSeZ/downloaded_packages’
Old packages: 'bslib', 'cli', 'curl', 'evaluate', 'httr2', 'jsonlite',
  'openssl', 'pillar', 'pkgbuild', 'processx', 'ps', 'purrr', 'R6', 'Rcpp',
  'rlang', 'sessioninfo', 'systemfonts', 'testthat', 'textshaping', 'tinytex',
  'xfun', 'zip', 'class', 'foreign', 'KernSmooth', 'MASS', 'Matrix', 'nlme',
  'nnet', 'rpart', 'spatial'
Warning messages:
1: In install.packages(...) :
  installation of package ‘S4Vectors’ had non-zero exit status
2: In install.packages(...) :
  installation of package ‘rtracklayer’ had non-zero exit status
3: In install.packages(...) :
  installation of package ‘MotifDb’ had non-zero exit status

real	0m23.305s
user	0m13.401s
sys	0m4.558s
