'getOption("repos")' replaces Bioconductor standard repositories, see
'help("repositories", package = "BiocManager")' for details.
Replacement repositories:
    CRAN: https://p3m.dev/cran/__linux__/noble/latest
Bioconductor version 3.20 (BiocManager 1.30.25), R 4.4.2 (2024-10-31)
Installing package(s) 'ComPrAn'
also installing the dependencies ‘cellranger’, ‘R.oo’, ‘R.methodsS3’, ‘haven’, ‘readxl’, ‘writexl’, ‘R.utils’, ‘forcats’, ‘VennDiagram’, ‘rio’, ‘shinydashboard’, ‘shinyjs’

trying URL 'https://p3m.dev/cran/__linux__/noble/latest/src/contrib/cellranger_1.1.0.tar.gz'
Content type 'binary/octet-stream' length 103778 bytes (101 KB)
==================================================
downloaded 101 KB

trying URL 'https://p3m.dev/cran/__linux__/noble/latest/src/contrib/R.oo_1.27.0.tar.gz'
Content type 'binary/octet-stream' length 998703 bytes (975 KB)
==================================================
downloaded 975 KB

trying URL 'https://p3m.dev/cran/__linux__/noble/latest/src/contrib/R.methodsS3_1.8.2.tar.gz'
Content type 'binary/octet-stream' length 82535 bytes (80 KB)
==================================================
downloaded 80 KB

trying URL 'https://p3m.dev/cran/__linux__/noble/latest/src/contrib/haven_2.5.4.tar.gz'
Content type 'binary/octet-stream' length 389992 bytes (380 KB)
==================================================
downloaded 380 KB

trying URL 'https://p3m.dev/cran/__linux__/noble/latest/src/contrib/readxl_1.4.4.tar.gz'
Content type 'binary/octet-stream' length 412390 bytes (402 KB)
==================================================
downloaded 402 KB

trying URL 'https://p3m.dev/cran/__linux__/noble/latest/src/contrib/writexl_1.5.1.tar.gz'
Content type 'binary/octet-stream' length 172465 bytes (168 KB)
==================================================
downloaded 168 KB

trying URL 'https://p3m.dev/cran/__linux__/noble/latest/src/contrib/R.utils_2.13.0.tar.gz'
Content type 'binary/octet-stream' length 1454911 bytes (1.4 MB)
==================================================
downloaded 1.4 MB

trying URL 'https://p3m.dev/cran/__linux__/noble/latest/src/contrib/forcats_1.0.0.tar.gz'
Content type 'binary/octet-stream' length 421285 bytes (411 KB)
==================================================
downloaded 411 KB

trying URL 'https://p3m.dev/cran/__linux__/noble/latest/src/contrib/VennDiagram_1.7.3.tar.gz'
Content type 'binary/octet-stream' length 248167 bytes (242 KB)
==================================================
downloaded 242 KB

trying URL 'https://p3m.dev/cran/__linux__/noble/latest/src/contrib/rio_1.2.3.tar.gz'
Content type 'binary/octet-stream' length 617108 bytes (602 KB)
==================================================
downloaded 602 KB

trying URL 'https://p3m.dev/cran/__linux__/noble/latest/src/contrib/shinydashboard_0.7.2.tar.gz'
Content type 'binary/octet-stream' length 324945 bytes (317 KB)
==================================================
downloaded 317 KB

trying URL 'https://p3m.dev/cran/__linux__/noble/latest/src/contrib/shinyjs_2.1.0.tar.gz'
Content type 'binary/octet-stream' length 1086986 bytes (1.0 MB)
==================================================
downloaded 1.0 MB

trying URL 'https://bioconductor.org/packages/3.20/bioc/src/contrib/ComPrAn_1.14.0.tar.gz'
Content type 'application/x-gzip' length 3439675 bytes (3.3 MB)
==================================================
downloaded 3.3 MB

* installing *binary* package ‘cellranger’ ...
* ‘cellranger’ was already a binary package and will not be rebuilt
* creating tarball
packaged installation of ‘cellranger’ as ‘cellranger_1.1.0_R_x86_64-pc-linux-gnu.tar.gz’
* DONE (cellranger)
* installing *binary* package ‘R.methodsS3’ ...
* ‘R.methodsS3’ was already a binary package and will not be rebuilt
* creating tarball
packaged installation of ‘R.methodsS3’ as ‘R.methodsS3_1.8.2_R_x86_64-pc-linux-gnu.tar.gz’
* DONE (R.methodsS3)
* installing *binary* package ‘writexl’ ...
* ‘writexl’ was already a binary package and will not be rebuilt
* creating tarball
packaged installation of ‘writexl’ as ‘writexl_1.5.1_R_x86_64-pc-linux-gnu.tar.gz’
* DONE (writexl)
* installing *binary* package ‘forcats’ ...
* ‘forcats’ was already a binary package and will not be rebuilt
* creating tarball
packaged installation of ‘forcats’ as ‘forcats_1.0.0_R_x86_64-pc-linux-gnu.tar.gz’
* DONE (forcats)
* installing *binary* package ‘VennDiagram’ ...
* ‘VennDiagram’ was already a binary package and will not be rebuilt
* creating tarball
packaged installation of ‘VennDiagram’ as ‘VennDiagram_1.7.3_R_x86_64-pc-linux-gnu.tar.gz’
* DONE (VennDiagram)
* installing *binary* package ‘shinydashboard’ ...
* ‘shinydashboard’ was already a binary package and will not be rebuilt
* creating tarball
packaged installation of ‘shinydashboard’ as ‘shinydashboard_0.7.2_R_x86_64-pc-linux-gnu.tar.gz’
* DONE (shinydashboard)
* installing *binary* package ‘shinyjs’ ...
* ‘shinyjs’ was already a binary package and will not be rebuilt
* creating tarball
packaged installation of ‘shinyjs’ as ‘shinyjs_2.1.0_R_x86_64-pc-linux-gnu.tar.gz’
* DONE (shinyjs)
* installing *binary* package ‘R.oo’ ...
* ‘R.oo’ was already a binary package and will not be rebuilt
* creating tarball
packaged installation of ‘R.oo’ as ‘R.oo_1.27.0_R_x86_64-pc-linux-gnu.tar.gz’
* DONE (R.oo)
* installing *binary* package ‘haven’ ...
* ‘haven’ was already a binary package and will not be rebuilt
* creating tarball
packaged installation of ‘haven’ as ‘haven_2.5.4_R_x86_64-pc-linux-gnu.tar.gz’
* DONE (haven)
* installing *binary* package ‘readxl’ ...
* ‘readxl’ was already a binary package and will not be rebuilt
* creating tarball
packaged installation of ‘readxl’ as ‘readxl_1.4.4_R_x86_64-pc-linux-gnu.tar.gz’
* DONE (readxl)
* installing *binary* package ‘R.utils’ ...
* ‘R.utils’ was already a binary package and will not be rebuilt
* creating tarball
packaged installation of ‘R.utils’ as ‘R.utils_2.13.0_R_x86_64-pc-linux-gnu.tar.gz’
* DONE (R.utils)
* installing *binary* package ‘rio’ ...
* ‘rio’ was already a binary package and will not be rebuilt
* creating tarball
packaged installation of ‘rio’ as ‘rio_1.2.3_R_x86_64-pc-linux-gnu.tar.gz’
* DONE (rio)
* installing *source* package ‘ComPrAn’ ...
** package ‘ComPrAn’ successfully unpacked and MD5 sums checked
** using staged installation
** R
** inst
** byte-compile and prepare package for lazy loading
** help
*** installing help indices
** building package indices
** installing vignettes
** testing if installed package can be loaded from temporary location
** testing if installed package can be loaded from final location
** testing if installed package keeps a record of temporary installation path
* creating tarball
packaged installation of ‘ComPrAn’ as ‘ComPrAn_1.14.0_R_x86_64-pc-linux-gnu.tar.gz’
* DONE (ComPrAn)

The downloaded source packages are in
	‘/tmp/RtmpTed0OX/downloaded_packages’
Old packages: 'bslib', 'cli', 'curl', 'evaluate', 'httr2', 'jsonlite',
  'openssl', 'pillar', 'pkgbuild', 'processx', 'ps', 'purrr', 'R6', 'Rcpp',
  'rlang', 'sessioninfo', 'systemfonts', 'testthat', 'textshaping', 'tinytex',
  'xfun', 'zip', 'class', 'foreign', 'KernSmooth', 'MASS', 'Matrix', 'nlme',
  'nnet', 'rpart', 'spatial'

real	0m26.983s
user	0m10.104s
sys	0m4.970s
