'getOption("repos")' replaces Bioconductor standard repositories, see
'help("repositories", package = "BiocManager")' for details.
Replacement repositories:
    CRAN: https://p3m.dev/cran/__linux__/noble/latest
Bioconductor version 3.20 (BiocManager 1.30.25), R 4.4.2 (2024-10-31)
Installing package(s) 'RankProd'
also installing the dependency ‘Rmpfr’

trying URL 'https://p3m.dev/cran/__linux__/noble/latest/src/contrib/Rmpfr_1.0-0.tar.gz'
Content type 'binary/octet-stream' length 1245266 bytes (1.2 MB)
==================================================
downloaded 1.2 MB

trying URL 'https://bioconductor.org/packages/3.20/bioc/src/contrib/RankProd_3.32.0.tar.gz'
Content type 'application/x-gzip' length 796685 bytes (778 KB)
==================================================
downloaded 778 KB

* installing *binary* package ‘Rmpfr’ ...
* ‘Rmpfr’ was already a binary package and will not be rebuilt
* creating tarball
packaged installation of ‘Rmpfr’ as ‘Rmpfr_1.0-0_R_x86_64-pc-linux-gnu.tar.gz’
* DONE (Rmpfr)
* installing *source* package ‘RankProd’ ...
** package ‘RankProd’ successfully unpacked and MD5 sums checked
** using staged installation
** R
** data
** inst
** byte-compile and prepare package for lazy loading
** help
*** installing help indices
** building package indices
** installing vignettes
** testing if installed package can be loaded from temporary location
** testing if installed package can be loaded from final location
** testing if installed package keeps a record of temporary installation path
* creating tarball
packaged installation of ‘RankProd’ as ‘RankProd_3.32.0_R_x86_64-pc-linux-gnu.tar.gz’
* DONE (RankProd)

The downloaded source packages are in
	‘/tmp/RtmpAMR61O/downloaded_packages’
Old packages: 'bslib', 'cli', 'curl', 'evaluate', 'httr2', 'jsonlite',
  'openssl', 'pillar', 'pkgbuild', 'processx', 'ps', 'purrr', 'R6', 'Rcpp',
  'rlang', 'sessioninfo', 'systemfonts', 'testthat', 'textshaping', 'tinytex',
  'xfun', 'zip', 'class', 'foreign', 'KernSmooth', 'MASS', 'Matrix', 'nlme',
  'nnet', 'rpart', 'spatial'

real	9m10.774s
user	0m7.174s
sys	0m3.647s
