'getOption("repos")' replaces Bioconductor standard repositories, see
'help("repositories", package = "BiocManager")' for details.
Replacement repositories:
    CRAN: https://p3m.dev/cran/__linux__/noble/latest
Bioconductor version 3.20 (BiocManager 1.30.25), R 4.4.2 (2024-10-31)
Installing package(s) 'scBFA'
also installing the dependencies ‘ADGofTest’, ‘pspline’, ‘copula’

trying URL 'https://p3m.dev/cran/__linux__/noble/latest/src/contrib/ADGofTest_0.3.tar.gz'
Content type 'binary/octet-stream' length 14407 bytes (14 KB)
==================================================
downloaded 14 KB

trying URL 'https://p3m.dev/cran/__linux__/noble/latest/src/contrib/pspline_1.0-21.tar.gz'
Content type 'binary/octet-stream' length 41759 bytes (40 KB)
==================================================
downloaded 40 KB

trying URL 'https://p3m.dev/cran/__linux__/noble/latest/src/contrib/copula_1.1-5.tar.gz'
Content type 'binary/octet-stream' length 5413296 bytes (5.2 MB)
==================================================
downloaded 5.2 MB

trying URL 'https://bioconductor.org/packages/3.20/bioc/src/contrib/scBFA_1.20.0.tar.gz'
Content type 'application/x-gzip' length 1196590 bytes (1.1 MB)
==================================================
downloaded 1.1 MB

* installing *binary* package ‘ADGofTest’ ...
* ‘ADGofTest’ was already a binary package and will not be rebuilt
* creating tarball
packaged installation of ‘ADGofTest’ as ‘ADGofTest_0.3_R_x86_64-pc-linux-gnu.tar.gz’
* DONE (ADGofTest)
* installing *binary* package ‘pspline’ ...
* ‘pspline’ was already a binary package and will not be rebuilt
* creating tarball
packaged installation of ‘pspline’ as ‘pspline_1.0-21_R_x86_64-pc-linux-gnu.tar.gz’
* DONE (pspline)
* installing *binary* package ‘copula’ ...
* ‘copula’ was already a binary package and will not be rebuilt
* creating tarball
packaged installation of ‘copula’ as ‘copula_1.1-5_R_x86_64-pc-linux-gnu.tar.gz’
* DONE (copula)
* installing *source* package ‘scBFA’ ...
** package ‘scBFA’ successfully unpacked and MD5 sums checked
** using staged installation
** R
** data
*** moving datasets to lazyload DB
** inst
** byte-compile and prepare package for lazy loading
** help
*** installing help indices
** building package indices
** installing vignettes
** testing if installed package can be loaded from temporary location
** testing if installed package can be loaded from final location
** testing if installed package keeps a record of temporary installation path
* creating tarball
packaged installation of ‘scBFA’ as ‘scBFA_1.20.0_R_x86_64-pc-linux-gnu.tar.gz’
* DONE (scBFA)

The downloaded source packages are in
	‘/tmp/RtmpAuiFbT/downloaded_packages’
Old packages: 'bslib', 'cli', 'curl', 'evaluate', 'httr2', 'jsonlite',
  'openssl', 'pillar', 'pkgbuild', 'processx', 'ps', 'purrr', 'R6', 'Rcpp',
  'rlang', 'sessioninfo', 'systemfonts', 'testthat', 'textshaping', 'tinytex',
  'xfun', 'zip', 'class', 'foreign', 'KernSmooth', 'MASS', 'Matrix', 'nlme',
  'nnet', 'rpart', 'spatial'

real	3m10.446s
user	0m44.846s
sys	0m8.818s
