'getOption("repos")' replaces Bioconductor standard repositories, see
'help("repositories", package = "BiocManager")' for details.
Replacement repositories:
    CRAN: https://p3m.dev/cran/__linux__/noble/latest
Bioconductor version 3.20 (BiocManager 1.30.25), R 4.4.2 (2024-10-31)
Installing package(s) 'hmdbQuery'
also installing the dependencies ‘IRanges’, ‘gwascat’

trying URL 'https://bioconductor.org/packages/3.20/bioc/src/contrib/IRanges_2.40.1.tar.gz'
Content type 'application/x-gzip' length 486989 bytes (475 KB)
==================================================
downloaded 475 KB

trying URL 'https://bioconductor.org/packages/3.20/bioc/src/contrib/gwascat_2.38.0.tar.gz'
Content type 'application/x-gzip' length 35601457 bytes (34.0 MB)
==================================================
downloaded 34.0 MB

trying URL 'https://bioconductor.org/packages/3.20/bioc/src/contrib/hmdbQuery_1.26.0.tar.gz'
Content type 'application/x-gzip' length 768312 bytes (750 KB)
==================================================
downloaded 750 KB

ERROR: failed to lock directory ‘/mnt/library’ for modifying
Try removing ‘/mnt/library/00LOCK-IRanges’
* installing *source* package ‘hmdbQuery’ ...
** package ‘hmdbQuery’ successfully unpacked and MD5 sums checked
** using staged installation
** R
** data
** inst
** byte-compile and prepare package for lazy loading
** help
*** installing help indices
** building package indices
** installing vignettes
** testing if installed package can be loaded from temporary location
** testing if installed package can be loaded from final location
** testing if installed package keeps a record of temporary installation path
* creating tarball
packaged installation of ‘hmdbQuery’ as ‘hmdbQuery_1.26.0_R_x86_64-pc-linux-gnu.tar.gz’
* DONE (hmdbQuery)
ERROR: dependency ‘IRanges’ is not available for package ‘gwascat’
* removing ‘/mnt/library/gwascat’

The downloaded source packages are in
	‘/tmp/Rtmp1v8CDG/downloaded_packages’
Old packages: 'bslib', 'cli', 'curl', 'evaluate', 'httr2', 'jsonlite',
  'openssl', 'pillar', 'pkgbuild', 'processx', 'ps', 'purrr', 'R6', 'Rcpp',
  'rlang', 'sessioninfo', 'systemfonts', 'testthat', 'textshaping', 'tinytex',
  'xfun', 'zip', 'class', 'foreign', 'KernSmooth', 'MASS', 'Matrix', 'nlme',
  'nnet', 'rpart', 'spatial'
Warning messages:
1: In install.packages(...) :
  installation of package ‘IRanges’ had non-zero exit status
2: In install.packages(...) :
  installation of package ‘gwascat’ had non-zero exit status

real	0m51.418s
user	0m10.934s
sys	0m3.501s
