'getOption("repos")' replaces Bioconductor standard repositories, see
'help("repositories", package = "BiocManager")' for details.
Replacement repositories:
    CRAN: https://p3m.dev/cran/__linux__/noble/latest
Bioconductor version 3.20 (BiocManager 1.30.25), R 4.4.2 (2024-10-31)
Installing package(s) 'waddR'
also installing the dependency ‘eva’

trying URL 'https://p3m.dev/cran/__linux__/noble/latest/src/contrib/eva_0.2.6.tar.gz'
Content type 'binary/octet-stream' length 2304909 bytes (2.2 MB)
==================================================
downloaded 2.2 MB

trying URL 'https://bioconductor.org/packages/3.20/bioc/src/contrib/waddR_1.20.0.tar.gz'
Content type 'application/x-gzip' length 157493 bytes (153 KB)
==================================================
downloaded 153 KB

* installing *binary* package ‘eva’ ...
* ‘eva’ was already a binary package and will not be rebuilt
* creating tarball
packaged installation of ‘eva’ as ‘eva_0.2.6_R_x86_64-pc-linux-gnu.tar.gz’
* DONE (eva)
* installing *source* package ‘waddR’ ...
** package ‘waddR’ successfully unpacked and MD5 sums checked
** using staged installation
** libs
using C++ compiler: ‘g++ (Ubuntu 13.3.0-6ubuntu2~24.04) 13.3.0’
using C++11
g++ -std=gnu++11 -I"/usr/local/lib/R/include" -DNDEBUG  -I'/usr/local/lib/R/site-library/Rcpp/include' -I'/mnt/library/RcppArmadillo/include' -I/usr/local/include    -fpic  -g -O2 -fstack-protector-strong -Wformat -Wformat-security -Wdate-time -D_FORTIFY_SOURCE=2 -g  -DR_NO_REMAP -c RcppExports.cpp -o RcppExports.o
g++ -std=gnu++11 -I"/usr/local/lib/R/include" -DNDEBUG  -I'/usr/local/lib/R/site-library/Rcpp/include' -I'/mnt/library/RcppArmadillo/include' -I/usr/local/include    -fpic  -g -O2 -fstack-protector-strong -Wformat -Wformat-security -Wdate-time -D_FORTIFY_SOURCE=2 -g  -DR_NO_REMAP -c wasserstein.cpp -o wasserstein.o
g++ -std=gnu++11 -shared -L/usr/local/lib/R/lib -L/usr/local/lib -o waddR.so RcppExports.o wasserstein.o -L/usr/local/lib/R/lib -lR
installing to /mnt/library/00LOCK-waddR/00new/waddR/libs
** R
** inst
** byte-compile and prepare package for lazy loading
** help
*** installing help indices
** building package indices
** installing vignettes
** testing if installed package can be loaded from temporary location
[1] "Downloading Reference Distribution: \n"
** checking absolute paths in shared objects and dynamic libraries
** testing if installed package can be loaded from final location
** testing if installed package keeps a record of temporary installation path
* creating tarball
packaged installation of ‘waddR’ as ‘waddR_1.20.0_R_x86_64-pc-linux-gnu.tar.gz’
* DONE (waddR)

The downloaded source packages are in
	‘/tmp/RtmpLyTF10/downloaded_packages’
Old packages: 'bslib', 'cli', 'curl', 'evaluate', 'httr2', 'jsonlite',
  'openssl', 'pillar', 'pkgbuild', 'processx', 'ps', 'purrr', 'R6', 'Rcpp',
  'rlang', 'sessioninfo', 'systemfonts', 'testthat', 'textshaping', 'tinytex',
  'xfun', 'zip', 'class', 'foreign', 'KernSmooth', 'MASS', 'Matrix', 'nlme',
  'nnet', 'rpart', 'spatial'

real	12m14.101s
user	0m45.235s
sys	0m8.709s
