'getOption("repos")' replaces Bioconductor standard repositories, see
'help("repositories", package = "BiocManager")' for details.
Replacement repositories:
    CRAN: https://p3m.dev/cran/__linux__/noble/latest
Bioconductor version 3.20 (BiocManager 1.30.25), R 4.4.2 (2024-10-31)
Installing package(s) 'Rsamtools'
also installing the dependencies ‘TxDb.Dmelanogaster.UCSC.dm3.ensGene’, ‘TxDb.Hsapiens.UCSC.hg18.knownGene’, ‘BSgenome.Hsapiens.UCSC.hg19’

trying URL 'https://bioconductor.org/packages/3.20/data/annotation/src/contrib/TxDb.Dmelanogaster.UCSC.dm3.ensGene_3.2.2.tar.gz'
Content type 'application/x-gzip' length 4588884 bytes (4.4 MB)
==================================================
downloaded 4.4 MB

trying URL 'https://bioconductor.org/packages/3.20/data/annotation/src/contrib/TxDb.Hsapiens.UCSC.hg18.knownGene_3.2.2.tar.gz'
Content type 'application/x-gzip' length 16032792 bytes (15.3 MB)
==================================================
downloaded 15.3 MB

trying URL 'https://bioconductor.org/packages/3.20/data/annotation/src/contrib/BSgenome.Hsapiens.UCSC.hg19_1.4.3.tar.gz'
Content type 'application/x-gzip' length 710245413 bytes (677.3 MB)
==================================================
downloaded 677.3 MB

trying URL 'https://bioconductor.org/packages/3.20/bioc/src/contrib/Rsamtools_2.22.0.tar.gz'
Content type 'application/x-gzip' length 2925866 bytes (2.8 MB)
==================================================
downloaded 2.8 MB

* installing *source* package ‘TxDb.Dmelanogaster.UCSC.dm3.ensGene’ ...
** using staged installation
** R
** inst
** byte-compile and prepare package for lazy loading
** help
*** installing help indices
** building package indices
** testing if installed package can be loaded from temporary location
** testing if installed package can be loaded from final location
** testing if installed package keeps a record of temporary installation path
* creating tarball
packaged installation of ‘TxDb.Dmelanogaster.UCSC.dm3.ensGene’ as ‘TxDb.Dmelanogaster.UCSC.dm3.ensGene_3.2.2_R_x86_64-pc-linux-gnu.tar.gz’
* DONE (TxDb.Dmelanogaster.UCSC.dm3.ensGene)
ERROR: failed to lock directory ‘/mnt/library’ for modifying
Try removing ‘/mnt/library/00LOCK-TxDb.Hsapiens.UCSC.hg18.knownGene’
* installing *source* package ‘BSgenome.Hsapiens.UCSC.hg19’ ...
** using staged installation
** R
** inst
** byte-compile and prepare package for lazy loading
Error: package or namespace load failed for ‘rtracklayer’ in loadNamespace(i, c(lib.loc, .libPaths()), versionCheck = vI[[i]]):
 there is no package called ‘SummarizedExperiment’
Execution halted
ERROR: lazy loading failed for package ‘BSgenome.Hsapiens.UCSC.hg19’
* removing ‘/mnt/library/BSgenome.Hsapiens.UCSC.hg19’
* restoring previous ‘/mnt/library/BSgenome.Hsapiens.UCSC.hg19’
* installing *source* package ‘Rsamtools’ ...
** package ‘Rsamtools’ successfully unpacked and MD5 sums checked
** using staged installation
** libs
using C compiler: ‘gcc (Ubuntu 13.3.0-6ubuntu2~24.04) 13.3.0’
using C++ compiler: ‘g++ (Ubuntu 13.3.0-6ubuntu2~24.04) 13.3.0’
gcc -I"/usr/local/lib/R/include" -DNDEBUG -D_FILE_OFFSET_BITS=64 -I'/mnt/library/Rhtslib/include' -I'/mnt/library/S4Vectors/include' -I'/mnt/library/IRanges/include' -I'/mnt/library/XVector/include' -I'/mnt/library/Biostrings/include' -I/usr/local/include    -fpic  -g -O2 -fstack-protector-strong -Wformat -Wformat-security -Wdate-time -D_FORTIFY_SOURCE=2 -g  -c Biostrings_stubs.c -o Biostrings_stubs.o
gcc -I"/usr/local/lib/R/include" -DNDEBUG -D_FILE_OFFSET_BITS=64 -I'/mnt/library/Rhtslib/include' -I'/mnt/library/S4Vectors/include' -I'/mnt/library/IRanges/include' -I'/mnt/library/XVector/include' -I'/mnt/library/Biostrings/include' -I/usr/local/include    -fpic  -g -O2 -fstack-protector-strong -Wformat -Wformat-security -Wdate-time -D_FORTIFY_SOURCE=2 -g  -c COMPAT_bcf_hdr_read.c -o COMPAT_bcf_hdr_read.o
gcc -I"/usr/local/lib/R/include" -DNDEBUG -D_FILE_OFFSET_BITS=64 -I'/mnt/library/Rhtslib/include' -I'/mnt/library/S4Vectors/include' -I'/mnt/library/IRanges/include' -I'/mnt/library/XVector/include' -I'/mnt/library/Biostrings/include' -I/usr/local/include    -fpic  -g -O2 -fstack-protector-strong -Wformat -Wformat-security -Wdate-time -D_FORTIFY_SOURCE=2 -g  -c IRanges_stubs.c -o IRanges_stubs.o
g++ -std=gnu++17 -I"/usr/local/lib/R/include" -DNDEBUG -D_FILE_OFFSET_BITS=64 -I'/mnt/library/Rhtslib/include' -I'/mnt/library/S4Vectors/include' -I'/mnt/library/IRanges/include' -I'/mnt/library/XVector/include' -I'/mnt/library/Biostrings/include' -I/usr/local/include    -fpic  -g -O2 -fstack-protector-strong -Wformat -Wformat-security -Wdate-time -D_FORTIFY_SOURCE=2 -g  -DR_NO_REMAP -c PileupBuffer.cpp -o PileupBuffer.o
g++ -std=gnu++17 -I"/usr/local/lib/R/include" -DNDEBUG -D_FILE_OFFSET_BITS=64 -I'/mnt/library/Rhtslib/include' -I'/mnt/library/S4Vectors/include' -I'/mnt/library/IRanges/include' -I'/mnt/library/XVector/include' -I'/mnt/library/Biostrings/include' -I/usr/local/include    -fpic  -g -O2 -fstack-protector-strong -Wformat -Wformat-security -Wdate-time -D_FORTIFY_SOURCE=2 -g  -DR_NO_REMAP -c PosCacheColl.cpp -o PosCacheColl.o
gcc -I"/usr/local/lib/R/include" -DNDEBUG -D_FILE_OFFSET_BITS=64 -I'/mnt/library/Rhtslib/include' -I'/mnt/library/S4Vectors/include' -I'/mnt/library/IRanges/include' -I'/mnt/library/XVector/include' -I'/mnt/library/Biostrings/include' -I/usr/local/include    -fpic  -g -O2 -fstack-protector-strong -Wformat -Wformat-security -Wdate-time -D_FORTIFY_SOURCE=2 -g  -c R_init_Rsamtools.c -o R_init_Rsamtools.o
g++ -std=gnu++17 -I"/usr/local/lib/R/include" -DNDEBUG -D_FILE_OFFSET_BITS=64 -I'/mnt/library/Rhtslib/include' -I'/mnt/library/S4Vectors/include' -I'/mnt/library/IRanges/include' -I'/mnt/library/XVector/include' -I'/mnt/library/Biostrings/include' -I/usr/local/include    -fpic  -g -O2 -fstack-protector-strong -Wformat -Wformat-security -Wdate-time -D_FORTIFY_SOURCE=2 -g  -DR_NO_REMAP -c ResultManager.cpp -o ResultManager.o
gcc -I"/usr/local/lib/R/include" -DNDEBUG -D_FILE_OFFSET_BITS=64 -I'/mnt/library/Rhtslib/include' -I'/mnt/library/S4Vectors/include' -I'/mnt/library/IRanges/include' -I'/mnt/library/XVector/include' -I'/mnt/library/Biostrings/include' -I/usr/local/include    -fpic  -g -O2 -fstack-protector-strong -Wformat -Wformat-security -Wdate-time -D_FORTIFY_SOURCE=2 -g  -c S4Vectors_stubs.c -o S4Vectors_stubs.o
gcc -I"/usr/local/lib/R/include" -DNDEBUG -D_FILE_OFFSET_BITS=64 -I'/mnt/library/Rhtslib/include' -I'/mnt/library/S4Vectors/include' -I'/mnt/library/IRanges/include' -I'/mnt/library/XVector/include' -I'/mnt/library/Biostrings/include' -I/usr/local/include    -fpic  -g -O2 -fstack-protector-strong -Wformat -Wformat-security -Wdate-time -D_FORTIFY_SOURCE=2 -g  -c XVector_stubs.c -o XVector_stubs.o
gcc -I"/usr/local/lib/R/include" -DNDEBUG -D_FILE_OFFSET_BITS=64 -I'/mnt/library/Rhtslib/include' -I'/mnt/library/S4Vectors/include' -I'/mnt/library/IRanges/include' -I'/mnt/library/XVector/include' -I'/mnt/library/Biostrings/include' -I/usr/local/include    -fpic  -g -O2 -fstack-protector-strong -Wformat -Wformat-security -Wdate-time -D_FORTIFY_SOURCE=2 -g  -c as_bam.c -o as_bam.o
gcc -I"/usr/local/lib/R/include" -DNDEBUG -D_FILE_OFFSET_BITS=64 -I'/mnt/library/Rhtslib/include' -I'/mnt/library/S4Vectors/include' -I'/mnt/library/IRanges/include' -I'/mnt/library/XVector/include' -I'/mnt/library/Biostrings/include' -I/usr/local/include    -fpic  -g -O2 -fstack-protector-strong -Wformat -Wformat-security -Wdate-time -D_FORTIFY_SOURCE=2 -g  -c bam.c -o bam.o
gcc -I"/usr/local/lib/R/include" -DNDEBUG -D_FILE_OFFSET_BITS=64 -I'/mnt/library/Rhtslib/include' -I'/mnt/library/S4Vectors/include' -I'/mnt/library/IRanges/include' -I'/mnt/library/XVector/include' -I'/mnt/library/Biostrings/include' -I/usr/local/include    -fpic  -g -O2 -fstack-protector-strong -Wformat -Wformat-security -Wdate-time -D_FORTIFY_SOURCE=2 -g  -c bam_data.c -o bam_data.o
g++ -std=gnu++17 -I"/usr/local/lib/R/include" -DNDEBUG -D_FILE_OFFSET_BITS=64 -I'/mnt/library/Rhtslib/include' -I'/mnt/library/S4Vectors/include' -I'/mnt/library/IRanges/include' -I'/mnt/library/XVector/include' -I'/mnt/library/Biostrings/include' -I/usr/local/include    -fpic  -g -O2 -fstack-protector-strong -Wformat -Wformat-security -Wdate-time -D_FORTIFY_SOURCE=2 -g  -DR_NO_REMAP -c bam_mate_iter.cpp -o bam_mate_iter.o
In file included from Template.h:9,
                 from BamIterator.h:10,
                 from BamRangeIterator.h:7,
                 from bam_mate_iter.cpp:1:
BamRangeIterator.h: In member function ‘virtual void BamRangeIterator::finalize_inprogress(bamFile)’:
/mnt/library/Rhtslib/include/samtools-1.7-compat.h:14:41: warning: ignoring return value of ‘int64_t bgzf_seek(BGZF*, int64_t, int)’ declared with attribute ‘warn_unused_result’ [-Wunused-result]
   14 | #define bam_seek(fp, pos, dir) bgzf_seek(fp, pos, dir)
      |                                ~~~~~~~~~^~~~~~~~~~~~~~
BamRangeIterator.h:138:16: note: in expansion of macro ‘bam_seek’
  138 |         (void) bam_seek(bfile, pos, SEEK_SET);
      |                ^~~~~~~~
BamIterator.h: In constructor ‘BamIterator::BamIterator(bamFile, const bam_index_t*)’:
/mnt/library/Rhtslib/include/samtools-1.7-compat.h:14:41: warning: ignoring return value of ‘int64_t bgzf_seek(BGZF*, int64_t, int)’ declared with attribute ‘warn_unused_result’ [-Wunused-result]
   14 | #define bam_seek(fp, pos, dir) bgzf_seek(fp, pos, dir)
      |                                ~~~~~~~~~^~~~~~~~~~~~~~
BamIterator.h:87:16: note: in expansion of macro ‘bam_seek’
   87 |         (void) bam_seek(bfile, 0, 0);
      |                ^~~~~~~~
gcc -I"/usr/local/lib/R/include" -DNDEBUG -D_FILE_OFFSET_BITS=64 -I'/mnt/library/Rhtslib/include' -I'/mnt/library/S4Vectors/include' -I'/mnt/library/IRanges/include' -I'/mnt/library/XVector/include' -I'/mnt/library/Biostrings/include' -I/usr/local/include    -fpic  -g -O2 -fstack-protector-strong -Wformat -Wformat-security -Wdate-time -D_FORTIFY_SOURCE=2 -g  -c bam_plbuf.c -o bam_plbuf.o
gcc -I"/usr/local/lib/R/include" -DNDEBUG -D_FILE_OFFSET_BITS=64 -I'/mnt/library/Rhtslib/include' -I'/mnt/library/S4Vectors/include' -I'/mnt/library/IRanges/include' -I'/mnt/library/XVector/include' -I'/mnt/library/Biostrings/include' -I/usr/local/include    -fpic  -g -O2 -fstack-protector-strong -Wformat -Wformat-security -Wdate-time -D_FORTIFY_SOURCE=2 -g  -c bam_sort.c -o bam_sort.o
gcc -I"/usr/local/lib/R/include" -DNDEBUG -D_FILE_OFFSET_BITS=64 -I'/mnt/library/Rhtslib/include' -I'/mnt/library/S4Vectors/include' -I'/mnt/library/IRanges/include' -I'/mnt/library/XVector/include' -I'/mnt/library/Biostrings/include' -I/usr/local/include    -fpic  -g -O2 -fstack-protector-strong -Wformat -Wformat-security -Wdate-time -D_FORTIFY_SOURCE=2 -g  -c bambuffer.c -o bambuffer.o
gcc -I"/usr/local/lib/R/include" -DNDEBUG -D_FILE_OFFSET_BITS=64 -I'/mnt/library/Rhtslib/include' -I'/mnt/library/S4Vectors/include' -I'/mnt/library/IRanges/include' -I'/mnt/library/XVector/include' -I'/mnt/library/Biostrings/include' -I/usr/local/include    -fpic  -g -O2 -fstack-protector-strong -Wformat -Wformat-security -Wdate-time -D_FORTIFY_SOURCE=2 -g  -c bamfile.c -o bamfile.o
bamfile.c: In function ‘bamfile_isincomplete’:
bamfile.c:168:20: warning: ignoring return value of ‘bgzf_seek’ declared with attribute ‘warn_unused_result’ [-Wunused-result]
  168 |             (void) bgzf_seek(bfile->file->x.bam, offset, SEEK_SET);
      |                    ^~~~~~~~~~~~~~~~~~~~~~~~~~~~~~~~~~~~~~~~~~~~~~~
gcc -I"/usr/local/lib/R/include" -DNDEBUG -D_FILE_OFFSET_BITS=64 -I'/mnt/library/Rhtslib/include' -I'/mnt/library/S4Vectors/include' -I'/mnt/library/IRanges/include' -I'/mnt/library/XVector/include' -I'/mnt/library/Biostrings/include' -I/usr/local/include    -fpic  -g -O2 -fstack-protector-strong -Wformat -Wformat-security -Wdate-time -D_FORTIFY_SOURCE=2 -g  -c bcffile.c -o bcffile.o
gcc -I"/usr/local/lib/R/include" -DNDEBUG -D_FILE_OFFSET_BITS=64 -I'/mnt/library/Rhtslib/include' -I'/mnt/library/S4Vectors/include' -I'/mnt/library/IRanges/include' -I'/mnt/library/XVector/include' -I'/mnt/library/Biostrings/include' -I/usr/local/include    -fpic  -g -O2 -fstack-protector-strong -Wformat -Wformat-security -Wdate-time -D_FORTIFY_SOURCE=2 -g  -c bedidx.c -o bedidx.o
gcc -I"/usr/local/lib/R/include" -DNDEBUG -D_FILE_OFFSET_BITS=64 -I'/mnt/library/Rhtslib/include' -I'/mnt/library/S4Vectors/include' -I'/mnt/library/IRanges/include' -I'/mnt/library/XVector/include' -I'/mnt/library/Biostrings/include' -I/usr/local/include    -fpic  -g -O2 -fstack-protector-strong -Wformat -Wformat-security -Wdate-time -D_FORTIFY_SOURCE=2 -g  -c encode.c -o encode.o
gcc -I"/usr/local/lib/R/include" -DNDEBUG -D_FILE_OFFSET_BITS=64 -I'/mnt/library/Rhtslib/include' -I'/mnt/library/S4Vectors/include' -I'/mnt/library/IRanges/include' -I'/mnt/library/XVector/include' -I'/mnt/library/Biostrings/include' -I/usr/local/include    -fpic  -g -O2 -fstack-protector-strong -Wformat -Wformat-security -Wdate-time -D_FORTIFY_SOURCE=2 -g  -c fafile.c -o fafile.o
gcc -I"/usr/local/lib/R/include" -DNDEBUG -D_FILE_OFFSET_BITS=64 -I'/mnt/library/Rhtslib/include' -I'/mnt/library/S4Vectors/include' -I'/mnt/library/IRanges/include' -I'/mnt/library/XVector/include' -I'/mnt/library/Biostrings/include' -I/usr/local/include    -fpic  -g -O2 -fstack-protector-strong -Wformat -Wformat-security -Wdate-time -D_FORTIFY_SOURCE=2 -g  -c idxstats.c -o idxstats.o
In file included from bamfile.h:5,
                 from idxstats.c:1:
idxstats.c: In function ‘idxstats_bamfile’:
/mnt/library/Rhtslib/include/samtools-1.7-compat.h:14:32: warning: ignoring return value of ‘bgzf_seek’ declared with attribute ‘warn_unused_result’ [-Wunused-result]
   14 | #define bam_seek(fp, pos, dir) bgzf_seek(fp, pos, dir)
      |                                ^~~~~~~~~~~~~~~~~~~~~~~
idxstats.c:20:12: note: in expansion of macro ‘bam_seek’
   20 |     (void) bam_seek(fp, 0, 0);
      |            ^~~~~~~~
gcc -I"/usr/local/lib/R/include" -DNDEBUG -D_FILE_OFFSET_BITS=64 -I'/mnt/library/Rhtslib/include' -I'/mnt/library/S4Vectors/include' -I'/mnt/library/IRanges/include' -I'/mnt/library/XVector/include' -I'/mnt/library/Biostrings/include' -I/usr/local/include    -fpic  -g -O2 -fstack-protector-strong -Wformat -Wformat-security -Wdate-time -D_FORTIFY_SOURCE=2 -g  -c io_sam.c -o io_sam.o
In file included from io_sam.c:3:
io_sam.c: In function ‘_scan_bam_all’:
/mnt/library/Rhtslib/include/samtools-1.7-compat.h:14:32: warning: ignoring return value of ‘bgzf_seek’ declared with attribute ‘warn_unused_result’ [-Wunused-result]
   14 | #define bam_seek(fp, pos, dir) bgzf_seek(fp, pos, dir)
      |                                ^~~~~~~~~~~~~~~~~~~~~~~
io_sam.c:302:12: note: in expansion of macro ‘bam_seek’
  302 |     (void) bam_seek(bfile->file->x.bam, bfile->pos0, SEEK_SET);
      |            ^~~~~~~~
g++ -std=gnu++17 -I"/usr/local/lib/R/include" -DNDEBUG -D_FILE_OFFSET_BITS=64 -I'/mnt/library/Rhtslib/include' -I'/mnt/library/S4Vectors/include' -I'/mnt/library/IRanges/include' -I'/mnt/library/XVector/include' -I'/mnt/library/Biostrings/include' -I/usr/local/include    -fpic  -g -O2 -fstack-protector-strong -Wformat -Wformat-security -Wdate-time -D_FORTIFY_SOURCE=2 -g  -DR_NO_REMAP -c pbuffer_wrapper.cpp -o pbuffer_wrapper.o
g++ -std=gnu++17 -I"/usr/local/lib/R/include" -DNDEBUG -D_FILE_OFFSET_BITS=64 -I'/mnt/library/Rhtslib/include' -I'/mnt/library/S4Vectors/include' -I'/mnt/library/IRanges/include' -I'/mnt/library/XVector/include' -I'/mnt/library/Biostrings/include' -I/usr/local/include    -fpic  -g -O2 -fstack-protector-strong -Wformat -Wformat-security -Wdate-time -D_FORTIFY_SOURCE=2 -g  -DR_NO_REMAP -c pileup.cpp -o pileup.o
In file included from pileup.cpp:1:
pileup.h:5: warning: "R_NO_REMAP" redefined
    5 | #define R_NO_REMAP
      | 
<command-line>: note: this is the location of the previous definition
gcc -I"/usr/local/lib/R/include" -DNDEBUG -D_FILE_OFFSET_BITS=64 -I'/mnt/library/Rhtslib/include' -I'/mnt/library/S4Vectors/include' -I'/mnt/library/IRanges/include' -I'/mnt/library/XVector/include' -I'/mnt/library/Biostrings/include' -I/usr/local/include    -fpic  -g -O2 -fstack-protector-strong -Wformat -Wformat-security -Wdate-time -D_FORTIFY_SOURCE=2 -g  -c pileupbam.c -o pileupbam.o
gcc -I"/usr/local/lib/R/include" -DNDEBUG -D_FILE_OFFSET_BITS=64 -I'/mnt/library/Rhtslib/include' -I'/mnt/library/S4Vectors/include' -I'/mnt/library/IRanges/include' -I'/mnt/library/XVector/include' -I'/mnt/library/Biostrings/include' -I/usr/local/include    -fpic  -g -O2 -fstack-protector-strong -Wformat -Wformat-security -Wdate-time -D_FORTIFY_SOURCE=2 -g  -c sam_opts.c -o sam_opts.o
gcc -I"/usr/local/lib/R/include" -DNDEBUG -D_FILE_OFFSET_BITS=64 -I'/mnt/library/Rhtslib/include' -I'/mnt/library/S4Vectors/include' -I'/mnt/library/IRanges/include' -I'/mnt/library/XVector/include' -I'/mnt/library/Biostrings/include' -I/usr/local/include    -fpic  -g -O2 -fstack-protector-strong -Wformat -Wformat-security -Wdate-time -D_FORTIFY_SOURCE=2 -g  -c sam_utils.c -o sam_utils.o
gcc -I"/usr/local/lib/R/include" -DNDEBUG -D_FILE_OFFSET_BITS=64 -I'/mnt/library/Rhtslib/include' -I'/mnt/library/S4Vectors/include' -I'/mnt/library/IRanges/include' -I'/mnt/library/XVector/include' -I'/mnt/library/Biostrings/include' -I/usr/local/include    -fpic  -g -O2 -fstack-protector-strong -Wformat -Wformat-security -Wdate-time -D_FORTIFY_SOURCE=2 -g  -c samtools_patch.c -o samtools_patch.o
gcc -I"/usr/local/lib/R/include" -DNDEBUG -D_FILE_OFFSET_BITS=64 -I'/mnt/library/Rhtslib/include' -I'/mnt/library/S4Vectors/include' -I'/mnt/library/IRanges/include' -I'/mnt/library/XVector/include' -I'/mnt/library/Biostrings/include' -I/usr/local/include    -fpic  -g -O2 -fstack-protector-strong -Wformat -Wformat-security -Wdate-time -D_FORTIFY_SOURCE=2 -g  -c scan_bam_data.c -o scan_bam_data.o
gcc -I"/usr/local/lib/R/include" -DNDEBUG -D_FILE_OFFSET_BITS=64 -I'/mnt/library/Rhtslib/include' -I'/mnt/library/S4Vectors/include' -I'/mnt/library/IRanges/include' -I'/mnt/library/XVector/include' -I'/mnt/library/Biostrings/include' -I/usr/local/include    -fpic  -g -O2 -fstack-protector-strong -Wformat -Wformat-security -Wdate-time -D_FORTIFY_SOURCE=2 -g  -c tabixfile.c -o tabixfile.o
tabixfile.c: In function ‘index_tabix’:
tabixfile.c:190:5: warning: ‘bgzf_is_bgzf’ is deprecated: Use bgzf_compression() or hts_detect_format() instead [-Wdeprecated-declarations]
  190 |     if (bgzf_is_bgzf(fn) != 1)
      |     ^~
In file included from tabixfile.c:3:
/mnt/library/Rhtslib/include/htslib/bgzf.h:270:9: note: declared here
  270 |     int bgzf_is_bgzf(const char *fn) HTS_DEPRECATED("Use bgzf_compression() or hts_detect_format() instead");
      |         ^~~~~~~~~~~~
gcc -I"/usr/local/lib/R/include" -DNDEBUG -D_FILE_OFFSET_BITS=64 -I'/mnt/library/Rhtslib/include' -I'/mnt/library/S4Vectors/include' -I'/mnt/library/IRanges/include' -I'/mnt/library/XVector/include' -I'/mnt/library/Biostrings/include' -I/usr/local/include    -fpic  -g -O2 -fstack-protector-strong -Wformat -Wformat-security -Wdate-time -D_FORTIFY_SOURCE=2 -g  -c tagfilter.c -o tagfilter.o
gcc -I"/usr/local/lib/R/include" -DNDEBUG -D_FILE_OFFSET_BITS=64 -I'/mnt/library/Rhtslib/include' -I'/mnt/library/S4Vectors/include' -I'/mnt/library/IRanges/include' -I'/mnt/library/XVector/include' -I'/mnt/library/Biostrings/include' -I/usr/local/include    -fpic  -g -O2 -fstack-protector-strong -Wformat -Wformat-security -Wdate-time -D_FORTIFY_SOURCE=2 -g  -c utilities.c -o utilities.o
gcc -I"/usr/local/lib/R/include" -DNDEBUG -D_FILE_OFFSET_BITS=64 -I'/mnt/library/Rhtslib/include' -I'/mnt/library/S4Vectors/include' -I'/mnt/library/IRanges/include' -I'/mnt/library/XVector/include' -I'/mnt/library/Biostrings/include' -I/usr/local/include    -fpic  -g -O2 -fstack-protector-strong -Wformat -Wformat-security -Wdate-time -D_FORTIFY_SOURCE=2 -g  -c zip_compression.c -o zip_compression.o
g++ -std=gnu++17 -shared -L/usr/local/lib/R/lib -L/usr/local/lib -o Rsamtools.so Biostrings_stubs.o COMPAT_bcf_hdr_read.o IRanges_stubs.o PileupBuffer.o PosCacheColl.o R_init_Rsamtools.o ResultManager.o S4Vectors_stubs.o XVector_stubs.o as_bam.o bam.o bam_data.o bam_mate_iter.o bam_plbuf.o bam_sort.o bambuffer.o bamfile.o bcffile.o bedidx.o encode.o fafile.o idxstats.o io_sam.o pbuffer_wrapper.o pileup.o pileupbam.o sam_opts.o sam_utils.o samtools_patch.o scan_bam_data.o tabixfile.o tagfilter.o utilities.o zip_compression.o /mnt/library/Rhtslib/usrlib/libhts.a -lcurl -lbz2 -llzma -lz -L/usr/local/lib/R/lib -lR
installing to /mnt/library/00LOCK-Rsamtools/00new/Rsamtools/libs
** R
** inst
** byte-compile and prepare package for lazy loading
** help
*** installing help indices
** building package indices
** installing vignettes
** testing if installed package can be loaded from temporary location
** checking absolute paths in shared objects and dynamic libraries
** testing if installed package can be loaded from final location
** testing if installed package keeps a record of temporary installation path
* creating tarball
packaged installation of ‘Rsamtools’ as ‘Rsamtools_2.22.0_R_x86_64-pc-linux-gnu.tar.gz’
* DONE (Rsamtools)

The downloaded source packages are in
	‘/tmp/RtmpEIWfdX/downloaded_packages’
Old packages: 'bslib', 'cli', 'curl', 'evaluate', 'httr2', 'jsonlite',
  'openssl', 'pillar', 'pkgbuild', 'processx', 'ps', 'purrr', 'R6', 'Rcpp',
  'rlang', 'sessioninfo', 'systemfonts', 'testthat', 'textshaping', 'tinytex',
  'xfun', 'zip', 'class', 'foreign', 'KernSmooth', 'MASS', 'Matrix', 'nlme',
  'nnet', 'rpart', 'spatial'
Warning messages:
1: In install.packages(...) :
  installation of package ‘TxDb.Hsapiens.UCSC.hg18.knownGene’ had non-zero exit status
2: In install.packages(...) :
  installation of package ‘BSgenome.Hsapiens.UCSC.hg19’ had non-zero exit status

real	4m4.974s
user	1m33.361s
sys	0m19.668s
