'getOption("repos")' replaces Bioconductor standard repositories, see
'help("repositories", package = "BiocManager")' for details.
Replacement repositories:
    CRAN: https://p3m.dev/cran/__linux__/noble/latest
Bioconductor version 3.20 (BiocManager 1.30.25), R 4.4.2 (2024-10-31)
Installing package(s) 'CEMiTool'
also installing the dependencies ‘confintr’, ‘lmodel2’, ‘splus2R’, ‘ggpmisc’

trying URL 'https://p3m.dev/cran/__linux__/noble/latest/src/contrib/confintr_1.0.2.tar.gz'
Content type 'binary/octet-stream' length 170511 bytes (166 KB)
==================================================
downloaded 166 KB

trying URL 'https://p3m.dev/cran/__linux__/noble/latest/src/contrib/lmodel2_1.7-4.tar.gz'
Content type 'binary/octet-stream' length 345695 bytes (337 KB)
==================================================
downloaded 337 KB

trying URL 'https://p3m.dev/cran/__linux__/noble/latest/src/contrib/splus2R_1.3-5.tar.gz'
Content type 'binary/octet-stream' length 331713 bytes (323 KB)
==================================================
downloaded 323 KB

trying URL 'https://p3m.dev/cran/__linux__/noble/latest/src/contrib/ggpmisc_0.6.1.tar.gz'
Content type 'binary/octet-stream' length 1591419 bytes (1.5 MB)
==================================================
downloaded 1.5 MB

trying URL 'https://bioconductor.org/packages/3.20/bioc/src/contrib/CEMiTool_1.30.0.tar.gz'
Content type 'application/x-gzip' length 5762441 bytes (5.5 MB)
==================================================
downloaded 5.5 MB

* installing *binary* package ‘confintr’ ...
* ‘confintr’ was already a binary package and will not be rebuilt
* creating tarball
packaged installation of ‘confintr’ as ‘confintr_1.0.2_R_x86_64-pc-linux-gnu.tar.gz’
* DONE (confintr)
* installing *binary* package ‘lmodel2’ ...
* ‘lmodel2’ was already a binary package and will not be rebuilt
* creating tarball
packaged installation of ‘lmodel2’ as ‘lmodel2_1.7-4_R_x86_64-pc-linux-gnu.tar.gz’
* DONE (lmodel2)
* installing *binary* package ‘splus2R’ ...
* ‘splus2R’ was already a binary package and will not be rebuilt
* creating tarball
packaged installation of ‘splus2R’ as ‘splus2R_1.3-5_R_x86_64-pc-linux-gnu.tar.gz’
* DONE (splus2R)
* installing *binary* package ‘ggpmisc’ ...
* ‘ggpmisc’ was already a binary package and will not be rebuilt
* creating tarball
packaged installation of ‘ggpmisc’ as ‘ggpmisc_0.6.1_R_x86_64-pc-linux-gnu.tar.gz’
* DONE (ggpmisc)
* installing *source* package ‘CEMiTool’ ...
** package ‘CEMiTool’ successfully unpacked and MD5 sums checked
** using staged installation
** R
** data
*** moving datasets to lazyload DB
** exec
** inst
** byte-compile and prepare package for lazy loading
** help
*** installing help indices
** building package indices
** installing vignettes
** testing if installed package can be loaded from temporary location
** testing if installed package can be loaded from final location
** testing if installed package keeps a record of temporary installation path
* creating tarball
packaged installation of ‘CEMiTool’ as ‘CEMiTool_1.30.0_R_x86_64-pc-linux-gnu.tar.gz’
* DONE (CEMiTool)

The downloaded source packages are in
	‘/tmp/RtmpKt5XHs/downloaded_packages’
Old packages: 'bslib', 'cli', 'curl', 'evaluate', 'httr2', 'jsonlite',
  'openssl', 'pillar', 'pkgbuild', 'processx', 'ps', 'purrr', 'R6', 'Rcpp',
  'rlang', 'sessioninfo', 'systemfonts', 'testthat', 'textshaping', 'tinytex',
  'xfun', 'zip', 'class', 'foreign', 'KernSmooth', 'MASS', 'Matrix', 'nlme',
  'nnet', 'rpart', 'spatial'

real	2m43.005s
user	0m31.847s
sys	0m8.179s
