'getOption("repos")' replaces Bioconductor standard repositories, see
'help("repositories", package = "BiocManager")' for details.
Replacement repositories:
    CRAN: https://p3m.dev/cran/__linux__/noble/latest
Bioconductor version 3.20 (BiocManager 1.30.25), R 4.4.2 (2024-10-31)
Installing package(s) 'destiny'
trying URL 'https://bioconductor.org/packages/3.20/bioc/src/contrib/destiny_3.20.0.tar.gz'
Content type 'application/x-gzip' length 891589 bytes (870 KB)
==================================================
downloaded 870 KB

* installing *source* package ‘destiny’ ...
** using staged installation
** libs
using C++ compiler: ‘g++ (Ubuntu 13.3.0-6ubuntu2~24.04) 13.3.0’
using C++11
g++ -std=gnu++11 -I"/usr/local/lib/R/include" -DNDEBUG  -I'/usr/local/lib/R/site-library/Rcpp/include' -I'/mnt/library/RcppEigen/include' -I'/usr/local/lib/R/library/grDevices/include' -I/usr/local/include   -ggdb -fpic  -g -O2 -fstack-protector-strong -Wformat -Wformat-security -Wdate-time -D_FORTIFY_SOURCE=2 -g  -DR_NO_REMAP -c RcppExports.cpp -o RcppExports.o
In file included from /mnt/library/RcppEigen/include/Eigen/Core:205,
                 from /mnt/library/RcppEigen/include/Eigen/Dense:1,
                 from /mnt/library/RcppEigen/include/RcppEigenForward.h:28,
                 from /mnt/library/RcppEigen/include/RcppEigen.h:25,
                 from RcppExports.cpp:4:
/mnt/library/RcppEigen/include/Eigen/src/Core/arch/SSE/PacketMath.h:46:40: warning: ignoring attributes on template argument ‘__m128i’ [-Wignored-attributes]
   46 | typedef eigen_packet_wrapper<__m128i, 0> Packet4i;
      |                                        ^
/mnt/library/RcppEigen/include/Eigen/src/Core/arch/SSE/PacketMath.h:47:40: warning: ignoring attributes on template argument ‘__m128i’ [-Wignored-attributes]
   47 | typedef eigen_packet_wrapper<__m128i, 1> Packet16b;
      |                                        ^
/mnt/library/RcppEigen/include/Eigen/src/Core/arch/SSE/PacketMath.h:49:39: warning: ignoring attributes on template argument ‘__m128’ [-Wignored-attributes]
   49 | template<> struct is_arithmetic<__m128>  { enum { value = true }; };
      |                                       ^
/mnt/library/RcppEigen/include/Eigen/src/Core/arch/SSE/PacketMath.h:50:40: warning: ignoring attributes on template argument ‘__m128i’ [-Wignored-attributes]
   50 | template<> struct is_arithmetic<__m128i> { enum { value = true }; };
      |                                        ^
/mnt/library/RcppEigen/include/Eigen/src/Core/arch/SSE/PacketMath.h:51:40: warning: ignoring attributes on template argument ‘__m128d’ [-Wignored-attributes]
   51 | template<> struct is_arithmetic<__m128d> { enum { value = true }; };
      |                                        ^
/mnt/library/RcppEigen/include/Eigen/src/Core/arch/SSE/PacketMath.h:222:43: warning: ignoring attributes on template argument ‘Eigen::internal::Packet4f’ {aka ‘__m128’} [-Wignored-attributes]
  222 | template<> struct unpacket_traits<Packet4f> {
      |                                           ^
/mnt/library/RcppEigen/include/Eigen/src/Core/arch/SSE/PacketMath.h:228:43: warning: ignoring attributes on template argument ‘Eigen::internal::Packet2d’ {aka ‘__m128d’} [-Wignored-attributes]
  228 | template<> struct unpacket_traits<Packet2d> {
      |                                           ^
/mnt/library/RcppEigen/include/Eigen/src/Core/arch/SSE/PacketMath.h:1124:34: warning: ignoring attributes on template argument ‘Eigen::internal::Packet4f’ {aka ‘__m128’} [-Wignored-attributes]
 1124 | ptranspose(PacketBlock<Packet4f,4>& kernel) {
      |                                  ^
/mnt/library/RcppEigen/include/Eigen/src/Core/arch/SSE/PacketMath.h:1129:34: warning: ignoring attributes on template argument ‘Eigen::internal::Packet2d’ {aka ‘__m128d’} [-Wignored-attributes]
 1129 | ptranspose(PacketBlock<Packet2d,2>& kernel) {
      |                                  ^
In file included from /mnt/library/RcppEigen/include/Eigen/Core:174:
/mnt/library/RcppEigen/include/Eigen/src/Core/arch/Default/ConjHelper.h:16:60: warning: ignoring attributes on template argument ‘Eigen::internal::Packet4f’ {aka ‘__m128’} [-Wignored-attributes]
   16 |   struct conj_helper<PACKET_REAL, PACKET_CPLX, false, false> {          \
      |                                                            ^
/mnt/library/RcppEigen/include/Eigen/src/Core/arch/SSE/Complex.h:173:1: note: in expansion of macro ‘EIGEN_MAKE_CONJ_HELPER_CPLX_REAL’
  173 | EIGEN_MAKE_CONJ_HELPER_CPLX_REAL(Packet2cf,Packet4f)
      | ^~~~~~~~~~~~~~~~~~~~~~~~~~~~~~~~
/mnt/library/RcppEigen/include/Eigen/src/Core/arch/Default/ConjHelper.h:29:60: warning: ignoring attributes on template argument ‘Eigen::internal::Packet4f’ {aka ‘__m128’} [-Wignored-attributes]
   29 |   struct conj_helper<PACKET_CPLX, PACKET_REAL, false, false> {          \
      |                                                            ^
/mnt/library/RcppEigen/include/Eigen/src/Core/arch/SSE/Complex.h:173:1: note: in expansion of macro ‘EIGEN_MAKE_CONJ_HELPER_CPLX_REAL’
  173 | EIGEN_MAKE_CONJ_HELPER_CPLX_REAL(Packet2cf,Packet4f)
      | ^~~~~~~~~~~~~~~~~~~~~~~~~~~~~~~~
/mnt/library/RcppEigen/include/Eigen/src/Core/arch/Default/ConjHelper.h:16:60: warning: ignoring attributes on template argument ‘Eigen::internal::Packet2d’ {aka ‘__m128d’} [-Wignored-attributes]
   16 |   struct conj_helper<PACKET_REAL, PACKET_CPLX, false, false> {          \
      |                                                            ^
/mnt/library/RcppEigen/include/Eigen/src/Core/arch/SSE/Complex.h:298:1: note: in expansion of macro ‘EIGEN_MAKE_CONJ_HELPER_CPLX_REAL’
  298 | EIGEN_MAKE_CONJ_HELPER_CPLX_REAL(Packet1cd,Packet2d)
      | ^~~~~~~~~~~~~~~~~~~~~~~~~~~~~~~~
/mnt/library/RcppEigen/include/Eigen/src/Core/arch/Default/ConjHelper.h:29:60: warning: ignoring attributes on template argument ‘Eigen::internal::Packet2d’ {aka ‘__m128d’} [-Wignored-attributes]
   29 |   struct conj_helper<PACKET_CPLX, PACKET_REAL, false, false> {          \
      |                                                            ^
/mnt/library/RcppEigen/include/Eigen/src/Core/arch/SSE/Complex.h:298:1: note: in expansion of macro ‘EIGEN_MAKE_CONJ_HELPER_CPLX_REAL’
  298 | EIGEN_MAKE_CONJ_HELPER_CPLX_REAL(Packet1cd,Packet2d)
      | ^~~~~~~~~~~~~~~~~~~~~~~~~~~~~~~~
In file included from /mnt/library/RcppEigen/include/Eigen/Core:165:
/mnt/library/RcppEigen/include/Eigen/src/Core/util/XprHelper.h: In instantiation of ‘struct Eigen::internal::find_best_packet<float, 4>’:
/mnt/library/RcppEigen/include/Eigen/src/Core/Matrix.h:22:57:   required from ‘struct Eigen::internal::traits<Eigen::Matrix<float, 4, 1> >’
/mnt/library/RcppEigen/include/Eigen/src/Geometry/Quaternion.h:266:49:   required from ‘struct Eigen::internal::traits<Eigen::Quaternion<float> >’
/mnt/library/RcppEigen/include/Eigen/src/Geometry/arch/Geometry_SIMD.h:24:46:   required from here
/mnt/library/RcppEigen/include/Eigen/src/Core/util/XprHelper.h:190:44: warning: ignoring attributes on template argument ‘Eigen::internal::packet_traits<float>::type’ {aka ‘__m128’} [-Wignored-attributes]
  190 |          bool Stop = Size==Dynamic || (Size%unpacket_traits<PacketType>::size)==0 || is_same<PacketType,typename unpacket_traits<PacketType>::half>::value>
      |                                       ~~~~~^~~~~~~~~~~~~~~~~~~~~~~~~~~~~~~~~~~
/mnt/library/RcppEigen/include/Eigen/src/Core/util/XprHelper.h:190:83: warning: ignoring attributes on template argument ‘Eigen::internal::packet_traits<float>::type’ {aka ‘__m128’} [-Wignored-attributes]
  190 |          bool Stop = Size==Dynamic || (Size%unpacket_traits<PacketType>::size)==0 || is_same<PacketType,typename unpacket_traits<PacketType>::half>::value>
      |                      ~~~~~~~~~~~~~~~~~~~~~~~~~~~~~~~~~~~~~~~~~~~~~~~~~~~~~~~~~~~~~^~~~~~~~~~~~~~~~~~~~~~~~~~~~~~~~~~~~~~~~~~~~~~~~~~~~~~~~~~~~~~~~~~~~~~~~
/mnt/library/RcppEigen/include/Eigen/src/Core/util/XprHelper.h:190:83: warning: ignoring attributes on template argument ‘Eigen::internal::packet_traits<float>::type’ {aka ‘__m128’} [-Wignored-attributes]
/mnt/library/RcppEigen/include/Eigen/src/Core/util/XprHelper.h:190:83: warning: ignoring attributes on template argument ‘Eigen::internal::unpacket_traits<__vector(4) float>::half’ {aka ‘__m128’} [-Wignored-attributes]
/mnt/library/RcppEigen/include/Eigen/src/Core/util/XprHelper.h:208:88: warning: ignoring attributes on template argument ‘Eigen::internal::packet_traits<float>::type’ {aka ‘__m128’} [-Wignored-attributes]
  208 |   typedef typename find_best_packet_helper<Size,typename packet_traits<T>::type>::type type;
      |                                                                                        ^~~~
In file included from /mnt/library/RcppEigen/include/Eigen/Core:271:
/mnt/library/RcppEigen/include/Eigen/src/Core/DenseCoeffsBase.h: In instantiation of ‘class Eigen::DenseCoeffsBase<Eigen::Matrix<float, 4, 1>, 0>’:
/mnt/library/RcppEigen/include/Eigen/src/Core/DenseCoeffsBase.h:302:7:   required from ‘class Eigen::DenseCoeffsBase<Eigen::Matrix<float, 4, 1>, 1>’
/mnt/library/RcppEigen/include/Eigen/src/Core/DenseCoeffsBase.h:555:7:   required from ‘class Eigen::DenseCoeffsBase<Eigen::Matrix<float, 4, 1>, 3>’
/mnt/library/RcppEigen/include/Eigen/src/Core/DenseBase.h:41:34:   required from ‘class Eigen::DenseBase<Eigen::Matrix<float, 4, 1> >’
/mnt/library/RcppEigen/include/Eigen/src/Core/MatrixBase.h:48:34:   required from ‘class Eigen::MatrixBase<Eigen::Matrix<float, 4, 1> >’
/mnt/library/RcppEigen/include/Eigen/src/Core/PlainObjectBase.h:98:7:   required from ‘class Eigen::PlainObjectBase<Eigen::Matrix<float, 4, 1> >’
/mnt/library/RcppEigen/include/Eigen/src/Core/Matrix.h:178:7:   required from ‘class Eigen::Matrix<float, 4, 1>’
/mnt/library/RcppEigen/include/Eigen/src/Geometry/Quaternion.h:46:50:   required from ‘class Eigen::QuaternionBase<Eigen::Quaternion<float> >’
/mnt/library/RcppEigen/include/Eigen/src/Geometry/Quaternion.h:273:7:   required from ‘class Eigen::Quaternion<float>’
/mnt/library/RcppEigen/include/Eigen/src/Geometry/arch/Geometry_SIMD.h:27:3:   required from here
/mnt/library/RcppEigen/include/Eigen/src/Core/DenseCoeffsBase.h:56:30: warning: ignoring attributes on template argument ‘Eigen::internal::packet_traits<float>::type’ {aka ‘__m128’} [-Wignored-attributes]
   56 |                      >::type PacketReturnType;
      |                              ^~~~~~~~~~~~~~~~
/mnt/library/RcppEigen/include/Eigen/src/Core/util/XprHelper.h: In instantiation of ‘struct Eigen::internal::find_best_packet<double, 4>’:
/mnt/library/RcppEigen/include/Eigen/src/Core/Matrix.h:22:57:   required from ‘struct Eigen::internal::traits<Eigen::Matrix<double, 4, 1> >’
/mnt/library/RcppEigen/include/Eigen/src/Geometry/Quaternion.h:266:49:   required from ‘struct Eigen::internal::traits<Eigen::Quaternion<double> >’
/mnt/library/RcppEigen/include/Eigen/src/Geometry/arch/Geometry_SIMD.h:98:47:   required from here
/mnt/library/RcppEigen/include/Eigen/src/Core/util/XprHelper.h:190:44: warning: ignoring attributes on template argument ‘Eigen::internal::packet_traits<double>::type’ {aka ‘__m128d’} [-Wignored-attributes]
  190 |          bool Stop = Size==Dynamic || (Size%unpacket_traits<PacketType>::size)==0 || is_same<PacketType,typename unpacket_traits<PacketType>::half>::value>
      |                                       ~~~~~^~~~~~~~~~~~~~~~~~~~~~~~~~~~~~~~~~~
/mnt/library/RcppEigen/include/Eigen/src/Core/util/XprHelper.h:190:83: warning: ignoring attributes on template argument ‘Eigen::internal::packet_traits<double>::type’ {aka ‘__m128d’} [-Wignored-attributes]
  190 |          bool Stop = Size==Dynamic || (Size%unpacket_traits<PacketType>::size)==0 || is_same<PacketType,typename unpacket_traits<PacketType>::half>::value>
      |                      ~~~~~~~~~~~~~~~~~~~~~~~~~~~~~~~~~~~~~~~~~~~~~~~~~~~~~~~~~~~~~^~~~~~~~~~~~~~~~~~~~~~~~~~~~~~~~~~~~~~~~~~~~~~~~~~~~~~~~~~~~~~~~~~~~~~~~
/mnt/library/RcppEigen/include/Eigen/src/Core/util/XprHelper.h:190:83: warning: ignoring attributes on template argument ‘Eigen::internal::packet_traits<double>::type’ {aka ‘__m128d’} [-Wignored-attributes]
/mnt/library/RcppEigen/include/Eigen/src/Core/util/XprHelper.h:190:83: warning: ignoring attributes on template argument ‘Eigen::internal::unpacket_traits<__vector(2) double>::half’ {aka ‘__m128d’} [-Wignored-attributes]
/mnt/library/RcppEigen/include/Eigen/src/Core/util/XprHelper.h:208:88: warning: ignoring attributes on template argument ‘Eigen::internal::packet_traits<double>::type’ {aka ‘__m128d’} [-Wignored-attributes]
  208 |   typedef typename find_best_packet_helper<Size,typename packet_traits<T>::type>::type type;
      |                                                                                        ^~~~
/mnt/library/RcppEigen/include/Eigen/src/Core/DenseCoeffsBase.h: In instantiation of ‘class Eigen::DenseCoeffsBase<Eigen::Matrix<double, 4, 1>, 0>’:
/mnt/library/RcppEigen/include/Eigen/src/Core/DenseCoeffsBase.h:302:7:   required from ‘class Eigen::DenseCoeffsBase<Eigen::Matrix<double, 4, 1>, 1>’
/mnt/library/RcppEigen/include/Eigen/src/Core/DenseCoeffsBase.h:555:7:   required from ‘class Eigen::DenseCoeffsBase<Eigen::Matrix<double, 4, 1>, 3>’
/mnt/library/RcppEigen/include/Eigen/src/Core/DenseBase.h:41:34:   required from ‘class Eigen::DenseBase<Eigen::Matrix<double, 4, 1> >’
/mnt/library/RcppEigen/include/Eigen/src/Core/MatrixBase.h:48:34:   required from ‘class Eigen::MatrixBase<Eigen::Matrix<double, 4, 1> >’
/mnt/library/RcppEigen/include/Eigen/src/Core/PlainObjectBase.h:98:7:   required from ‘class Eigen::PlainObjectBase<Eigen::Matrix<double, 4, 1> >’
/mnt/library/RcppEigen/include/Eigen/src/Core/Matrix.h:178:7:   required from ‘class Eigen::Matrix<double, 4, 1>’
/mnt/library/RcppEigen/include/Eigen/src/Geometry/Quaternion.h:46:50:   required from ‘class Eigen::QuaternionBase<Eigen::Quaternion<double> >’
/mnt/library/RcppEigen/include/Eigen/src/Geometry/Quaternion.h:273:7:   required from ‘class Eigen::Quaternion<double>’
/mnt/library/RcppEigen/include/Eigen/src/Geometry/arch/Geometry_SIMD.h:102:3:   required from here
/mnt/library/RcppEigen/include/Eigen/src/Core/DenseCoeffsBase.h:56:30: warning: ignoring attributes on template argument ‘Eigen::internal::packet_traits<double>::type’ {aka ‘__m128d’} [-Wignored-attributes]
   56 |                      >::type PacketReturnType;
      |                              ^~~~~~~~~~~~~~~~
In file included from /mnt/library/RcppEigen/include/Eigen/SparseCore:37,
                 from /mnt/library/RcppEigen/include/Eigen/Sparse:26,
                 from /mnt/library/RcppEigen/include/RcppEigenForward.h:29:
/mnt/library/RcppEigen/include/Eigen/src/SparseCore/SparseMatrixBase.h: In instantiation of ‘class Eigen::SparseMatrixBase<Eigen::SparseMatrix<double, 0, int> >’:
/mnt/library/RcppEigen/include/Eigen/src/SparseCore/SparseCompressedBase.h:36:7:   required from ‘class Eigen::SparseCompressedBase<Eigen::SparseMatrix<double, 0, int> >’
/mnt/library/RcppEigen/include/Eigen/src/SparseCore/SparseMatrix.h:96:7:   required from ‘class Eigen::SparseMatrix<double, 0, int>’
/mnt/library/RcppEigen/include/unsupported/Eigen/src/IterativeSolvers/ConstrainedConjGrad.h:61:25:   required from here
/mnt/library/RcppEigen/include/Eigen/src/SparseCore/SparseMatrixBase.h:47:30: warning: ignoring attributes on template argument ‘Eigen::internal::packet_traits<double>::type’ {aka ‘__m128d’} [-Wignored-attributes]
   47 |                      >::type PacketReturnType;
      |                              ^~~~~~~~~~~~~~~~
/mnt/library/RcppEigen/include/Eigen/src/Core/DenseCoeffsBase.h: In instantiation of ‘class Eigen::DenseCoeffsBase<Eigen::SparseMatrix<double, 0, int>, 0>’:
/mnt/library/RcppEigen/include/Eigen/src/SparseCore/SparseCompressedBase.h:336:80:   required from ‘struct Eigen::internal::evaluator<Eigen::SparseCompressedBase<Eigen::SparseMatrix<double, 0, int> > >’
/mnt/library/RcppEigen/include/Eigen/src/SparseCore/SparseMatrix.h:1505:8:   required from ‘struct Eigen::internal::evaluator<Eigen::SparseMatrix<double, 0, int> >’
/mnt/library/RcppEigen/include/Eigen/src/SparseCore/SparseAssign.h:77:20:   required from ‘void Eigen::internal::assign_sparse_to_sparse(DstXprType&, const SrcXprType&) [with DstXprType = Eigen::SparseMatrix<double, 0, int>; SrcXprType = Eigen::SparseMatrix<double, 0, int>]’
/mnt/library/RcppEigen/include/Eigen/src/SparseCore/SparseAssign.h:132:28:   required from ‘static void Eigen::internal::Assignment<DstXprType, SrcXprType, Functor, Eigen::internal::Sparse2Sparse>::run(DstXprType&, const SrcXprType&, const Eigen::internal::assign_op<typename DstXprType::Scalar, typename SrcXprType::Scalar>&) [with DstXprType = Eigen::SparseMatrix<double, 0, int>; SrcXprType = Eigen::SparseMatrix<double, 0, int>; Functor = Eigen::internal::assign_op<double, double>; typename DstXprType::Scalar = double; typename SrcXprType::Scalar = double]’
/mnt/library/RcppEigen/include/Eigen/src/Core/AssignEvaluator.h:890:49:   required from ‘void Eigen::internal::call_assignment_no_alias(Dst&, const Src&, const Func&) [with Dst = Eigen::SparseMatrix<double, 0, int>; Src = Eigen::SparseMatrix<double, 0, int>; Func = assign_op<double, double>]’
/mnt/library/RcppEigen/include/Eigen/src/Core/AssignEvaluator.h:917:27:   required from ‘void Eigen::internal::call_assignment_no_alias(Dst&, const Src&) [with Dst = Eigen::SparseMatrix<double, 0, int>; Src = Eigen::SparseMatrix<double, 0, int>]’
/mnt/library/RcppEigen/include/Eigen/src/SparseCore/SparseAssign.h:45:37:   required from ‘Derived& Eigen::SparseMatrixBase<Derived>::operator=(const Derived&) [with Derived = Eigen::SparseMatrix<double, 0, int>]’
/mnt/library/RcppEigen/include/Eigen/src/SparseCore/SparseMatrix.h:778:26:   required from ‘Eigen::SparseMatrix<_Scalar, _Flags, _StorageIndex>& Eigen::SparseMatrix<_Scalar, _Flags, _StorageIndex>::operator=(const Eigen::SparseMatrix<_Scalar, _Flags, _StorageIndex>&) [with _Scalar = double; int _Options = 0; _StorageIndex = int]’
/mnt/library/RcppEigen/include/Eigen/src/SparseCore/SparseMatrix.h:713:13:   required from ‘Eigen::SparseMatrix<_Scalar, _Flags, _StorageIndex>::SparseMatrix(const Eigen::SparseMatrix<_Scalar, _Flags, _StorageIndex>&) [with _Scalar = double; int _Options = 0; _StorageIndex = int]’
RcppExports.cpp:27:48:   required from here
/mnt/library/RcppEigen/include/Eigen/src/Core/DenseCoeffsBase.h:56:30: warning: ignoring attributes on template argument ‘Eigen::internal::packet_traits<double>::type’ {aka ‘__m128d’} [-Wignored-attributes]
   56 |                      >::type PacketReturnType;
      |                              ^~~~~~~~~~~~~~~~
g++ -std=gnu++11 -I"/usr/local/lib/R/include" -DNDEBUG  -I'/usr/local/lib/R/site-library/Rcpp/include' -I'/mnt/library/RcppEigen/include' -I'/usr/local/lib/R/library/grDevices/include' -I/usr/local/include   -ggdb -fpic  -g -O2 -fstack-protector-strong -Wformat -Wformat-security -Wdate-time -D_FORTIFY_SOURCE=2 -g  -DR_NO_REMAP -c censoring.cpp -o censoring.o
In file included from /mnt/library/RcppEigen/include/Eigen/Core:205,
                 from /mnt/library/RcppEigen/include/Eigen/Dense:1,
                 from /mnt/library/RcppEigen/include/RcppEigenForward.h:28,
                 from /mnt/library/RcppEigen/include/RcppEigen.h:25,
                 from censoring.cpp:7:
/mnt/library/RcppEigen/include/Eigen/src/Core/arch/SSE/PacketMath.h:46:40: warning: ignoring attributes on template argument ‘__m128i’ [-Wignored-attributes]
   46 | typedef eigen_packet_wrapper<__m128i, 0> Packet4i;
      |                                        ^
/mnt/library/RcppEigen/include/Eigen/src/Core/arch/SSE/PacketMath.h:47:40: warning: ignoring attributes on template argument ‘__m128i’ [-Wignored-attributes]
   47 | typedef eigen_packet_wrapper<__m128i, 1> Packet16b;
      |                                        ^
/mnt/library/RcppEigen/include/Eigen/src/Core/arch/SSE/PacketMath.h:49:39: warning: ignoring attributes on template argument ‘__m128’ [-Wignored-attributes]
   49 | template<> struct is_arithmetic<__m128>  { enum { value = true }; };
      |                                       ^
/mnt/library/RcppEigen/include/Eigen/src/Core/arch/SSE/PacketMath.h:50:40: warning: ignoring attributes on template argument ‘__m128i’ [-Wignored-attributes]
   50 | template<> struct is_arithmetic<__m128i> { enum { value = true }; };
      |                                        ^
/mnt/library/RcppEigen/include/Eigen/src/Core/arch/SSE/PacketMath.h:51:40: warning: ignoring attributes on template argument ‘__m128d’ [-Wignored-attributes]
   51 | template<> struct is_arithmetic<__m128d> { enum { value = true }; };
      |                                        ^
/mnt/library/RcppEigen/include/Eigen/src/Core/arch/SSE/PacketMath.h:222:43: warning: ignoring attributes on template argument ‘Eigen::internal::Packet4f’ {aka ‘__m128’} [-Wignored-attributes]
  222 | template<> struct unpacket_traits<Packet4f> {
      |                                           ^
/mnt/library/RcppEigen/include/Eigen/src/Core/arch/SSE/PacketMath.h:228:43: warning: ignoring attributes on template argument ‘Eigen::internal::Packet2d’ {aka ‘__m128d’} [-Wignored-attributes]
  228 | template<> struct unpacket_traits<Packet2d> {
      |                                           ^
/mnt/library/RcppEigen/include/Eigen/src/Core/arch/SSE/PacketMath.h:1124:34: warning: ignoring attributes on template argument ‘Eigen::internal::Packet4f’ {aka ‘__m128’} [-Wignored-attributes]
 1124 | ptranspose(PacketBlock<Packet4f,4>& kernel) {
      |                                  ^
/mnt/library/RcppEigen/include/Eigen/src/Core/arch/SSE/PacketMath.h:1129:34: warning: ignoring attributes on template argument ‘Eigen::internal::Packet2d’ {aka ‘__m128d’} [-Wignored-attributes]
 1129 | ptranspose(PacketBlock<Packet2d,2>& kernel) {
      |                                  ^
In file included from /mnt/library/RcppEigen/include/Eigen/Core:174:
/mnt/library/RcppEigen/include/Eigen/src/Core/arch/Default/ConjHelper.h:16:60: warning: ignoring attributes on template argument ‘Eigen::internal::Packet4f’ {aka ‘__m128’} [-Wignored-attributes]
   16 |   struct conj_helper<PACKET_REAL, PACKET_CPLX, false, false> {          \
      |                                                            ^
/mnt/library/RcppEigen/include/Eigen/src/Core/arch/SSE/Complex.h:173:1: note: in expansion of macro ‘EIGEN_MAKE_CONJ_HELPER_CPLX_REAL’
  173 | EIGEN_MAKE_CONJ_HELPER_CPLX_REAL(Packet2cf,Packet4f)
      | ^~~~~~~~~~~~~~~~~~~~~~~~~~~~~~~~
/mnt/library/RcppEigen/include/Eigen/src/Core/arch/Default/ConjHelper.h:29:60: warning: ignoring attributes on template argument ‘Eigen::internal::Packet4f’ {aka ‘__m128’} [-Wignored-attributes]
   29 |   struct conj_helper<PACKET_CPLX, PACKET_REAL, false, false> {          \
      |                                                            ^
/mnt/library/RcppEigen/include/Eigen/src/Core/arch/SSE/Complex.h:173:1: note: in expansion of macro ‘EIGEN_MAKE_CONJ_HELPER_CPLX_REAL’
  173 | EIGEN_MAKE_CONJ_HELPER_CPLX_REAL(Packet2cf,Packet4f)
      | ^~~~~~~~~~~~~~~~~~~~~~~~~~~~~~~~
/mnt/library/RcppEigen/include/Eigen/src/Core/arch/Default/ConjHelper.h:16:60: warning: ignoring attributes on template argument ‘Eigen::internal::Packet2d’ {aka ‘__m128d’} [-Wignored-attributes]
   16 |   struct conj_helper<PACKET_REAL, PACKET_CPLX, false, false> {          \
      |                                                            ^
/mnt/library/RcppEigen/include/Eigen/src/Core/arch/SSE/Complex.h:298:1: note: in expansion of macro ‘EIGEN_MAKE_CONJ_HELPER_CPLX_REAL’
  298 | EIGEN_MAKE_CONJ_HELPER_CPLX_REAL(Packet1cd,Packet2d)
      | ^~~~~~~~~~~~~~~~~~~~~~~~~~~~~~~~
/mnt/library/RcppEigen/include/Eigen/src/Core/arch/Default/ConjHelper.h:29:60: warning: ignoring attributes on template argument ‘Eigen::internal::Packet2d’ {aka ‘__m128d’} [-Wignored-attributes]
   29 |   struct conj_helper<PACKET_CPLX, PACKET_REAL, false, false> {          \
      |                                                            ^
/mnt/library/RcppEigen/include/Eigen/src/Core/arch/SSE/Complex.h:298:1: note: in expansion of macro ‘EIGEN_MAKE_CONJ_HELPER_CPLX_REAL’
  298 | EIGEN_MAKE_CONJ_HELPER_CPLX_REAL(Packet1cd,Packet2d)
      | ^~~~~~~~~~~~~~~~~~~~~~~~~~~~~~~~
In file included from /mnt/library/RcppEigen/include/Eigen/Core:165:
/mnt/library/RcppEigen/include/Eigen/src/Core/util/XprHelper.h: In instantiation of ‘struct Eigen::internal::find_best_packet<float, 4>’:
/mnt/library/RcppEigen/include/Eigen/src/Core/Matrix.h:22:57:   required from ‘struct Eigen::internal::traits<Eigen::Matrix<float, 4, 1> >’
/mnt/library/RcppEigen/include/Eigen/src/Geometry/Quaternion.h:266:49:   required from ‘struct Eigen::internal::traits<Eigen::Quaternion<float> >’
/mnt/library/RcppEigen/include/Eigen/src/Geometry/arch/Geometry_SIMD.h:24:46:   required from here
/mnt/library/RcppEigen/include/Eigen/src/Core/util/XprHelper.h:190:44: warning: ignoring attributes on template argument ‘Eigen::internal::packet_traits<float>::type’ {aka ‘__m128’} [-Wignored-attributes]
  190 |          bool Stop = Size==Dynamic || (Size%unpacket_traits<PacketType>::size)==0 || is_same<PacketType,typename unpacket_traits<PacketType>::half>::value>
      |                                       ~~~~~^~~~~~~~~~~~~~~~~~~~~~~~~~~~~~~~~~~
/mnt/library/RcppEigen/include/Eigen/src/Core/util/XprHelper.h:190:83: warning: ignoring attributes on template argument ‘Eigen::internal::packet_traits<float>::type’ {aka ‘__m128’} [-Wignored-attributes]
  190 |          bool Stop = Size==Dynamic || (Size%unpacket_traits<PacketType>::size)==0 || is_same<PacketType,typename unpacket_traits<PacketType>::half>::value>
      |                      ~~~~~~~~~~~~~~~~~~~~~~~~~~~~~~~~~~~~~~~~~~~~~~~~~~~~~~~~~~~~~^~~~~~~~~~~~~~~~~~~~~~~~~~~~~~~~~~~~~~~~~~~~~~~~~~~~~~~~~~~~~~~~~~~~~~~~
/mnt/library/RcppEigen/include/Eigen/src/Core/util/XprHelper.h:190:83: warning: ignoring attributes on template argument ‘Eigen::internal::packet_traits<float>::type’ {aka ‘__m128’} [-Wignored-attributes]
/mnt/library/RcppEigen/include/Eigen/src/Core/util/XprHelper.h:190:83: warning: ignoring attributes on template argument ‘Eigen::internal::unpacket_traits<__vector(4) float>::half’ {aka ‘__m128’} [-Wignored-attributes]
/mnt/library/RcppEigen/include/Eigen/src/Core/util/XprHelper.h:208:88: warning: ignoring attributes on template argument ‘Eigen::internal::packet_traits<float>::type’ {aka ‘__m128’} [-Wignored-attributes]
  208 |   typedef typename find_best_packet_helper<Size,typename packet_traits<T>::type>::type type;
      |                                                                                        ^~~~
In file included from /mnt/library/RcppEigen/include/Eigen/Core:271:
/mnt/library/RcppEigen/include/Eigen/src/Core/DenseCoeffsBase.h: In instantiation of ‘class Eigen::DenseCoeffsBase<Eigen::Matrix<float, 4, 1>, 0>’:
/mnt/library/RcppEigen/include/Eigen/src/Core/DenseCoeffsBase.h:302:7:   required from ‘class Eigen::DenseCoeffsBase<Eigen::Matrix<float, 4, 1>, 1>’
/mnt/library/RcppEigen/include/Eigen/src/Core/DenseCoeffsBase.h:555:7:   required from ‘class Eigen::DenseCoeffsBase<Eigen::Matrix<float, 4, 1>, 3>’
/mnt/library/RcppEigen/include/Eigen/src/Core/DenseBase.h:41:34:   required from ‘class Eigen::DenseBase<Eigen::Matrix<float, 4, 1> >’
/mnt/library/RcppEigen/include/Eigen/src/Core/MatrixBase.h:48:34:   required from ‘class Eigen::MatrixBase<Eigen::Matrix<float, 4, 1> >’
/mnt/library/RcppEigen/include/Eigen/src/Core/PlainObjectBase.h:98:7:   required from ‘class Eigen::PlainObjectBase<Eigen::Matrix<float, 4, 1> >’
/mnt/library/RcppEigen/include/Eigen/src/Core/Matrix.h:178:7:   required from ‘class Eigen::Matrix<float, 4, 1>’
/mnt/library/RcppEigen/include/Eigen/src/Geometry/Quaternion.h:46:50:   required from ‘class Eigen::QuaternionBase<Eigen::Quaternion<float> >’
/mnt/library/RcppEigen/include/Eigen/src/Geometry/Quaternion.h:273:7:   required from ‘class Eigen::Quaternion<float>’
/mnt/library/RcppEigen/include/Eigen/src/Geometry/arch/Geometry_SIMD.h:27:3:   required from here
/mnt/library/RcppEigen/include/Eigen/src/Core/DenseCoeffsBase.h:56:30: warning: ignoring attributes on template argument ‘Eigen::internal::packet_traits<float>::type’ {aka ‘__m128’} [-Wignored-attributes]
   56 |                      >::type PacketReturnType;
      |                              ^~~~~~~~~~~~~~~~
/mnt/library/RcppEigen/include/Eigen/src/Core/util/XprHelper.h: In instantiation of ‘struct Eigen::internal::find_best_packet<double, 4>’:
/mnt/library/RcppEigen/include/Eigen/src/Core/Matrix.h:22:57:   required from ‘struct Eigen::internal::traits<Eigen::Matrix<double, 4, 1> >’
/mnt/library/RcppEigen/include/Eigen/src/Geometry/Quaternion.h:266:49:   required from ‘struct Eigen::internal::traits<Eigen::Quaternion<double> >’
/mnt/library/RcppEigen/include/Eigen/src/Geometry/arch/Geometry_SIMD.h:98:47:   required from here
/mnt/library/RcppEigen/include/Eigen/src/Core/util/XprHelper.h:190:44: warning: ignoring attributes on template argument ‘Eigen::internal::packet_traits<double>::type’ {aka ‘__m128d’} [-Wignored-attributes]
  190 |          bool Stop = Size==Dynamic || (Size%unpacket_traits<PacketType>::size)==0 || is_same<PacketType,typename unpacket_traits<PacketType>::half>::value>
      |                                       ~~~~~^~~~~~~~~~~~~~~~~~~~~~~~~~~~~~~~~~~
/mnt/library/RcppEigen/include/Eigen/src/Core/util/XprHelper.h:190:83: warning: ignoring attributes on template argument ‘Eigen::internal::packet_traits<double>::type’ {aka ‘__m128d’} [-Wignored-attributes]
  190 |          bool Stop = Size==Dynamic || (Size%unpacket_traits<PacketType>::size)==0 || is_same<PacketType,typename unpacket_traits<PacketType>::half>::value>
      |                      ~~~~~~~~~~~~~~~~~~~~~~~~~~~~~~~~~~~~~~~~~~~~~~~~~~~~~~~~~~~~~^~~~~~~~~~~~~~~~~~~~~~~~~~~~~~~~~~~~~~~~~~~~~~~~~~~~~~~~~~~~~~~~~~~~~~~~
/mnt/library/RcppEigen/include/Eigen/src/Core/util/XprHelper.h:190:83: warning: ignoring attributes on template argument ‘Eigen::internal::packet_traits<double>::type’ {aka ‘__m128d’} [-Wignored-attributes]
/mnt/library/RcppEigen/include/Eigen/src/Core/util/XprHelper.h:190:83: warning: ignoring attributes on template argument ‘Eigen::internal::unpacket_traits<__vector(2) double>::half’ {aka ‘__m128d’} [-Wignored-attributes]
/mnt/library/RcppEigen/include/Eigen/src/Core/util/XprHelper.h:208:88: warning: ignoring attributes on template argument ‘Eigen::internal::packet_traits<double>::type’ {aka ‘__m128d’} [-Wignored-attributes]
  208 |   typedef typename find_best_packet_helper<Size,typename packet_traits<T>::type>::type type;
      |                                                                                        ^~~~
/mnt/library/RcppEigen/include/Eigen/src/Core/DenseCoeffsBase.h: In instantiation of ‘class Eigen::DenseCoeffsBase<Eigen::Matrix<double, 4, 1>, 0>’:
/mnt/library/RcppEigen/include/Eigen/src/Core/DenseCoeffsBase.h:302:7:   required from ‘class Eigen::DenseCoeffsBase<Eigen::Matrix<double, 4, 1>, 1>’
/mnt/library/RcppEigen/include/Eigen/src/Core/DenseCoeffsBase.h:555:7:   required from ‘class Eigen::DenseCoeffsBase<Eigen::Matrix<double, 4, 1>, 3>’
/mnt/library/RcppEigen/include/Eigen/src/Core/DenseBase.h:41:34:   required from ‘class Eigen::DenseBase<Eigen::Matrix<double, 4, 1> >’
/mnt/library/RcppEigen/include/Eigen/src/Core/MatrixBase.h:48:34:   required from ‘class Eigen::MatrixBase<Eigen::Matrix<double, 4, 1> >’
/mnt/library/RcppEigen/include/Eigen/src/Core/PlainObjectBase.h:98:7:   required from ‘class Eigen::PlainObjectBase<Eigen::Matrix<double, 4, 1> >’
/mnt/library/RcppEigen/include/Eigen/src/Core/Matrix.h:178:7:   required from ‘class Eigen::Matrix<double, 4, 1>’
/mnt/library/RcppEigen/include/Eigen/src/Geometry/Quaternion.h:46:50:   required from ‘class Eigen::QuaternionBase<Eigen::Quaternion<double> >’
/mnt/library/RcppEigen/include/Eigen/src/Geometry/Quaternion.h:273:7:   required from ‘class Eigen::Quaternion<double>’
/mnt/library/RcppEigen/include/Eigen/src/Geometry/arch/Geometry_SIMD.h:102:3:   required from here
/mnt/library/RcppEigen/include/Eigen/src/Core/DenseCoeffsBase.h:56:30: warning: ignoring attributes on template argument ‘Eigen::internal::packet_traits<double>::type’ {aka ‘__m128d’} [-Wignored-attributes]
   56 |                      >::type PacketReturnType;
      |                              ^~~~~~~~~~~~~~~~
In file included from /mnt/library/RcppEigen/include/Eigen/SparseCore:37,
                 from /mnt/library/RcppEigen/include/Eigen/Sparse:26,
                 from /mnt/library/RcppEigen/include/RcppEigenForward.h:29:
/mnt/library/RcppEigen/include/Eigen/src/SparseCore/SparseMatrixBase.h: In instantiation of ‘class Eigen::SparseMatrixBase<Eigen::SparseMatrix<double, 0, int> >’:
/mnt/library/RcppEigen/include/Eigen/src/SparseCore/SparseCompressedBase.h:36:7:   required from ‘class Eigen::SparseCompressedBase<Eigen::SparseMatrix<double, 0, int> >’
/mnt/library/RcppEigen/include/Eigen/src/SparseCore/SparseMatrix.h:96:7:   required from ‘class Eigen::SparseMatrix<double, 0, int>’
/mnt/library/RcppEigen/include/unsupported/Eigen/src/IterativeSolvers/ConstrainedConjGrad.h:61:25:   required from here
/mnt/library/RcppEigen/include/Eigen/src/SparseCore/SparseMatrixBase.h:47:30: warning: ignoring attributes on template argument ‘Eigen::internal::packet_traits<double>::type’ {aka ‘__m128d’} [-Wignored-attributes]
   47 |                      >::type PacketReturnType;
      |                              ^~~~~~~~~~~~~~~~
/mnt/library/RcppEigen/include/Eigen/src/Core/DenseCoeffsBase.h: In instantiation of ‘class Eigen::DenseCoeffsBase<Eigen::SparseMatrix<double, 0, int>, 0>’:
/mnt/library/RcppEigen/include/Eigen/src/SparseCore/SparseCompressedBase.h:336:80:   required from ‘struct Eigen::internal::evaluator<Eigen::SparseCompressedBase<Eigen::SparseMatrix<double, 0, int> > >’
/mnt/library/RcppEigen/include/Eigen/src/SparseCore/SparseMatrix.h:1505:8:   required from ‘struct Eigen::internal::evaluator<Eigen::SparseMatrix<double, 0, int> >’
/mnt/library/RcppEigen/include/Eigen/src/SparseCore/SparseAssign.h:77:20:   required from ‘void Eigen::internal::assign_sparse_to_sparse(DstXprType&, const SrcXprType&) [with DstXprType = Eigen::SparseMatrix<double, 0, int>; SrcXprType = Eigen::SparseMatrix<double, 0, int>]’
/mnt/library/RcppEigen/include/Eigen/src/SparseCore/SparseAssign.h:132:28:   required from ‘static void Eigen::internal::Assignment<DstXprType, SrcXprType, Functor, Eigen::internal::Sparse2Sparse>::run(DstXprType&, const SrcXprType&, const Eigen::internal::assign_op<typename DstXprType::Scalar, typename SrcXprType::Scalar>&) [with DstXprType = Eigen::SparseMatrix<double, 0, int>; SrcXprType = Eigen::SparseMatrix<double, 0, int>; Functor = Eigen::internal::assign_op<double, double>; typename DstXprType::Scalar = double; typename SrcXprType::Scalar = double]’
/mnt/library/RcppEigen/include/Eigen/src/Core/AssignEvaluator.h:890:49:   required from ‘void Eigen::internal::call_assignment_no_alias(Dst&, const Src&, const Func&) [with Dst = Eigen::SparseMatrix<double, 0, int>; Src = Eigen::SparseMatrix<double, 0, int>; Func = assign_op<double, double>]’
/mnt/library/RcppEigen/include/Eigen/src/Core/AssignEvaluator.h:917:27:   required from ‘void Eigen::internal::call_assignment_no_alias(Dst&, const Src&) [with Dst = Eigen::SparseMatrix<double, 0, int>; Src = Eigen::SparseMatrix<double, 0, int>]’
/mnt/library/RcppEigen/include/Eigen/src/SparseCore/SparseAssign.h:45:37:   required from ‘Derived& Eigen::SparseMatrixBase<Derived>::operator=(const Derived&) [with Derived = Eigen::SparseMatrix<double, 0, int>]’
/mnt/library/RcppEigen/include/Eigen/src/SparseCore/SparseMatrix.h:778:26:   required from ‘Eigen::SparseMatrix<_Scalar, _Flags, _StorageIndex>& Eigen::SparseMatrix<_Scalar, _Flags, _StorageIndex>::operator=(const Eigen::SparseMatrix<_Scalar, _Flags, _StorageIndex>&) [with _Scalar = double; int _Options = 0; _StorageIndex = int]’
/mnt/library/RcppEigen/include/Eigen/src/SparseCore/SparseMatrix.h:713:13:   required from ‘Eigen::SparseMatrix<_Scalar, _Flags, _StorageIndex>::SparseMatrix(const Eigen::SparseMatrix<_Scalar, _Flags, _StorageIndex>&) [with _Scalar = double; int _Options = 0; _StorageIndex = int]’
censoring.cpp:103:17:   required from here
/mnt/library/RcppEigen/include/Eigen/src/Core/DenseCoeffsBase.h:56:30: warning: ignoring attributes on template argument ‘Eigen::internal::packet_traits<double>::type’ {aka ‘__m128d’} [-Wignored-attributes]
   56 |                      >::type PacketReturnType;
      |                              ^~~~~~~~~~~~~~~~
g++ -std=gnu++11 -I"/usr/local/lib/R/include" -DNDEBUG  -I'/usr/local/lib/R/site-library/Rcpp/include' -I'/mnt/library/RcppEigen/include' -I'/usr/local/lib/R/library/grDevices/include' -I/usr/local/include   -ggdb -fpic  -g -O2 -fstack-protector-strong -Wformat -Wformat-security -Wdate-time -D_FORTIFY_SOURCE=2 -g  -DR_NO_REMAP -c utils.cpp -o utils.o
g++ -std=gnu++11 -shared -L/usr/local/lib/R/lib -L/usr/local/lib -o destiny.so RcppExports.o censoring.o utils.o -L/usr/local/lib/R/lib -lR
installing to /mnt/library/00LOCK-destiny/00new/destiny/libs
** R
** data
** demo
** inst
** byte-compile and prepare package for lazy loading
** help
*** installing help indices
** building package indices
** installing vignettes
** testing if installed package can be loaded from temporary location
** checking absolute paths in shared objects and dynamic libraries
** testing if installed package can be loaded from final location
** testing if installed package keeps a record of temporary installation path
* creating tarball
packaged installation of ‘destiny’ as ‘destiny_3.20.0_R_x86_64-pc-linux-gnu.tar.gz’
* DONE (destiny)

The downloaded source packages are in
	‘/tmp/RtmpptSl9h/downloaded_packages’
Old packages: 'bslib', 'cli', 'curl', 'evaluate', 'httr2', 'jsonlite',
  'openssl', 'pillar', 'pkgbuild', 'processx', 'ps', 'purrr', 'R6', 'Rcpp',
  'rlang', 'sessioninfo', 'systemfonts', 'testthat', 'textshaping', 'tinytex',
  'xfun', 'zip', 'class', 'foreign', 'KernSmooth', 'MASS', 'Matrix', 'nlme',
  'nnet', 'rpart', 'spatial'

real	34m23.026s
user	0m48.912s
sys	0m9.369s
