'getOption("repos")' replaces Bioconductor standard repositories, see
'help("repositories", package = "BiocManager")' for details.
Replacement repositories:
    CRAN: https://p3m.dev/cran/__linux__/noble/latest
Bioconductor version 3.20 (BiocManager 1.30.25), R 4.4.2 (2024-10-31)
Installing package(s) 'ScreenR'
also installing the dependency ‘ggvenn’

trying URL 'https://p3m.dev/cran/__linux__/noble/latest/src/contrib/ggvenn_0.1.10.tar.gz'
Content type 'binary/octet-stream' length 74001 bytes (72 KB)
==================================================
downloaded 72 KB

trying URL 'https://bioconductor.org/packages/3.20/bioc/src/contrib/ScreenR_1.8.0.tar.gz'
Content type 'application/x-gzip' length 1965073 bytes (1.9 MB)
==================================================
downloaded 1.9 MB

* installing *binary* package ‘ggvenn’ ...
* ‘ggvenn’ was already a binary package and will not be rebuilt
* creating tarball
packaged installation of ‘ggvenn’ as ‘ggvenn_0.1.10_R_x86_64-pc-linux-gnu.tar.gz’
* DONE (ggvenn)
* installing *source* package ‘ScreenR’ ...
** package ‘ScreenR’ successfully unpacked and MD5 sums checked
** using staged installation
** R
** data
** inst
** byte-compile and prepare package for lazy loading
** help
*** installing help indices
*** copying figures
** building package indices
** installing vignettes
** testing if installed package can be loaded from temporary location
** testing if installed package can be loaded from final location
** testing if installed package keeps a record of temporary installation path
* creating tarball
packaged installation of ‘ScreenR’ as ‘ScreenR_1.8.0_R_x86_64-pc-linux-gnu.tar.gz’
* DONE (ScreenR)

The downloaded source packages are in
	‘/tmp/RtmpJIdx8G/downloaded_packages’
Old packages: 'bslib', 'cli', 'curl', 'evaluate', 'httr2', 'jsonlite',
  'openssl', 'pillar', 'pkgbuild', 'processx', 'ps', 'purrr', 'R6', 'Rcpp',
  'rlang', 'sessioninfo', 'systemfonts', 'testthat', 'textshaping', 'tinytex',
  'xfun', 'zip', 'class', 'foreign', 'KernSmooth', 'MASS', 'Matrix', 'nlme',
  'nnet', 'rpart', 'spatial'

real	0m43.165s
user	0m9.223s
sys	0m3.926s
