'getOption("repos")' replaces Bioconductor standard repositories, see
'help("repositories", package = "BiocManager")' for details.
Replacement repositories:
    CRAN: https://p3m.dev/cran/__linux__/noble/latest
Bioconductor version 3.20 (BiocManager 1.30.25), R 4.4.2 (2024-10-31)
Installing package(s) 'CellScore'
also installing the dependencies ‘lsa’, ‘squash’, ‘hgu133plus2CellScore’

trying URL 'https://p3m.dev/cran/__linux__/noble/latest/src/contrib/lsa_0.73.3.tar.gz'
Content type 'binary/octet-stream' length 200157 bytes (195 KB)
==================================================
downloaded 195 KB

trying URL 'https://p3m.dev/cran/__linux__/noble/latest/src/contrib/squash_1.0.9.tar.gz'
Content type 'binary/octet-stream' length 150099 bytes (146 KB)
==================================================
downloaded 146 KB

trying URL 'https://bioconductor.org/packages/3.20/data/experiment/src/contrib/hgu133plus2CellScore_1.26.0.tar.gz'
Content type 'application/x-gzip' length 42990402 bytes (41.0 MB)
==================================================
downloaded 41.0 MB

trying URL 'https://bioconductor.org/packages/3.20/bioc/src/contrib/CellScore_1.26.0.tar.gz'
Content type 'application/x-gzip' length 4421786 bytes (4.2 MB)
==================================================
downloaded 4.2 MB

* installing *binary* package ‘lsa’ ...
* ‘lsa’ was already a binary package and will not be rebuilt
* creating tarball
packaged installation of ‘lsa’ as ‘lsa_0.73.3_R_x86_64-pc-linux-gnu.tar.gz’
* DONE (lsa)
* installing *binary* package ‘squash’ ...
* ‘squash’ was already a binary package and will not be rebuilt
* creating tarball
packaged installation of ‘squash’ as ‘squash_1.0.9_R_x86_64-pc-linux-gnu.tar.gz’
* DONE (squash)
* installing *source* package ‘hgu133plus2CellScore’ ...
** using staged installation
** R
** data
*** moving datasets to lazyload DB
** inst
** byte-compile and prepare package for lazy loading
** help
*** installing help indices
** building package indices
** installing vignettes
** testing if installed package can be loaded from temporary location
** testing if installed package can be loaded from final location
** testing if installed package keeps a record of temporary installation path
* creating tarball
packaged installation of ‘hgu133plus2CellScore’ as ‘hgu133plus2CellScore_1.26.0_R_x86_64-pc-linux-gnu.tar.gz’
* DONE (hgu133plus2CellScore)
* installing *source* package ‘CellScore’ ...
** package ‘CellScore’ successfully unpacked and MD5 sums checked
** using staged installation
** R
** inst
** byte-compile and prepare package for lazy loading
** help
*** installing help indices
** building package indices
** installing vignettes
** testing if installed package can be loaded from temporary location
** testing if installed package can be loaded from final location
** testing if installed package keeps a record of temporary installation path
* creating tarball
packaged installation of ‘CellScore’ as ‘CellScore_1.26.0_R_x86_64-pc-linux-gnu.tar.gz’
* DONE (CellScore)

The downloaded source packages are in
	‘/tmp/RtmpGp5IUL/downloaded_packages’
Old packages: 'bslib', 'cli', 'curl', 'evaluate', 'httr2', 'jsonlite',
  'openssl', 'pillar', 'pkgbuild', 'processx', 'ps', 'purrr', 'R6', 'Rcpp',
  'rlang', 'sessioninfo', 'systemfonts', 'testthat', 'textshaping', 'tinytex',
  'xfun', 'zip', 'class', 'foreign', 'KernSmooth', 'MASS', 'Matrix', 'nlme',
  'nnet', 'rpart', 'spatial'

real	2m6.758s
user	0m44.168s
sys	0m7.029s
