'getOption("repos")' replaces Bioconductor standard repositories, see
'help("repositories", package = "BiocManager")' for details.
Replacement repositories:
    CRAN: https://p3m.dev/cran/__linux__/noble/latest
Bioconductor version 3.20 (BiocManager 1.30.25), R 4.4.2 (2024-10-31)
Installing package(s) 'methylPipe'
trying URL 'https://bioconductor.org/packages/3.20/bioc/src/contrib/methylPipe_1.40.0.tar.gz'
Content type 'application/x-gzip' length 814838 bytes (795 KB)
==================================================
downloaded 795 KB

* installing *source* package ‘methylPipe’ ...
** package ‘methylPipe’ successfully unpacked and MD5 sums checked
** using staged installation
** libs
using C compiler: ‘gcc (Ubuntu 13.3.0-6ubuntu2~24.04) 13.3.0’
gcc -I"/usr/local/lib/R/include" -DNDEBUG   -I/usr/local/include    -fpic  -g -O2 -fstack-protector-strong -Wformat -Wformat-security -Wdate-time -D_FORTIFY_SOURCE=2 -g  -c R_init_methylPipe.c -o R_init_methylPipe.o
gcc -I"/usr/local/lib/R/include" -DNDEBUG   -I/usr/local/include    -fpic  -g -O2 -fstack-protector-strong -Wformat -Wformat-security -Wdate-time -D_FORTIFY_SOURCE=2 -g  -c binning.c -o binning.o
gcc -shared -L/usr/local/lib/R/lib -L/usr/local/lib -o methylPipe.so R_init_methylPipe.o binning.o -L/usr/local/lib/R/lib -lR
installing to /mnt/library/00LOCK-methylPipe/00new/methylPipe/libs
** R
** exec
** inst
** byte-compile and prepare package for lazy loading
** help
*** installing help indices
** building package indices
** installing vignettes
** testing if installed package can be loaded from temporary location
** checking absolute paths in shared objects and dynamic libraries
** testing if installed package can be loaded from final location
** testing if installed package keeps a record of temporary installation path
* creating tarball
packaged installation of ‘methylPipe’ as ‘methylPipe_1.40.0_R_x86_64-pc-linux-gnu.tar.gz’
* DONE (methylPipe)

The downloaded source packages are in
	‘/tmp/Rtmpis3bLd/downloaded_packages’
Old packages: 'bslib', 'cli', 'curl', 'evaluate', 'httr2', 'jsonlite',
  'openssl', 'pillar', 'pkgbuild', 'processx', 'ps', 'purrr', 'R6', 'Rcpp',
  'rlang', 'sessioninfo', 'systemfonts', 'testthat', 'textshaping', 'tinytex',
  'xfun', 'zip', 'class', 'foreign', 'KernSmooth', 'MASS', 'Matrix', 'nlme',
  'nnet', 'rpart', 'spatial'

real	1m44.799s
user	0m57.073s
sys	0m8.674s
