'getOption("repos")' replaces Bioconductor standard repositories, see
'help("repositories", package = "BiocManager")' for details.
Replacement repositories:
    CRAN: https://p3m.dev/cran/__linux__/noble/latest
Bioconductor version 3.20 (BiocManager 1.30.25), R 4.4.2 (2024-10-31)
Installing package(s) 'sights'
also installing the dependencies ‘xlsxjars’, ‘xlsx’

trying URL 'https://p3m.dev/cran/__linux__/noble/latest/src/contrib/xlsxjars_0.6.1.tar.gz'
Content type 'binary/octet-stream' length 9483034 bytes (9.0 MB)
==================================================
downloaded 9.0 MB

trying URL 'https://p3m.dev/cran/__linux__/noble/latest/src/contrib/xlsx_0.6.5.tar.gz'
Content type 'binary/octet-stream' length 380592 bytes (371 KB)
==================================================
downloaded 371 KB

trying URL 'https://bioconductor.org/packages/3.20/bioc/src/contrib/sights_1.32.0.tar.gz'
Content type 'application/x-gzip' length 5657788 bytes (5.4 MB)
==================================================
downloaded 5.4 MB

* installing *binary* package ‘xlsxjars’ ...
* ‘xlsxjars’ was already a binary package and will not be rebuilt
* creating tarball
packaged installation of ‘xlsxjars’ as ‘xlsxjars_0.6.1_R_x86_64-pc-linux-gnu.tar.gz’
* DONE (xlsxjars)
* installing *source* package ‘sights’ ...
** package ‘sights’ successfully unpacked and MD5 sums checked
** using staged installation
** R
** data
*** moving datasets to lazyload DB
** inst
** byte-compile and prepare package for lazy loading
** help
*** installing help indices
** building package indices
** installing vignettes
** testing if installed package can be loaded from temporary location
** testing if installed package can be loaded from final location
** testing if installed package keeps a record of temporary installation path
* creating tarball
packaged installation of ‘sights’ as ‘sights_1.32.0_R_x86_64-pc-linux-gnu.tar.gz’
* DONE (sights)
* installing *binary* package ‘xlsx’ ...
* ‘xlsx’ was already a binary package and will not be rebuilt
* creating tarball
packaged installation of ‘xlsx’ as ‘xlsx_0.6.5_R_x86_64-pc-linux-gnu.tar.gz’
* DONE (xlsx)

The downloaded source packages are in
	‘/tmp/RtmpSEoFcj/downloaded_packages’
Old packages: 'bslib', 'cli', 'curl', 'evaluate', 'httr2', 'jsonlite',
  'openssl', 'pillar', 'pkgbuild', 'processx', 'ps', 'purrr', 'R6', 'Rcpp',
  'rlang', 'sessioninfo', 'systemfonts', 'testthat', 'textshaping', 'tinytex',
  'xfun', 'zip', 'class', 'foreign', 'KernSmooth', 'MASS', 'Matrix', 'nlme',
  'nnet', 'rpart', 'spatial'

real	5m7.571s
user	0m11.507s
sys	0m3.649s
