'getOption("repos")' replaces Bioconductor standard repositories, see
'help("repositories", package = "BiocManager")' for details.
Replacement repositories:
    CRAN: https://p3m.dev/cran/__linux__/noble/latest
Bioconductor version 3.20 (BiocManager 1.30.25), R 4.4.2 (2024-10-31)
Installing package(s) 'marray'
also installing the dependency ‘tkWidgets’

trying URL 'https://bioconductor.org/packages/3.20/bioc/src/contrib/tkWidgets_1.84.0.tar.gz'
Content type 'application/x-gzip' length 490317 bytes (478 KB)
==================================================
downloaded 478 KB

trying URL 'https://bioconductor.org/packages/3.20/bioc/src/contrib/marray_1.84.0.tar.gz'
Content type 'application/x-gzip' length 5913889 bytes (5.6 MB)
==================================================
downloaded 5.6 MB

* installing *source* package ‘tkWidgets’ ...
** package ‘tkWidgets’ successfully unpacked and MD5 sums checked
** using staged installation
** R
** inst
** byte-compile and prepare package for lazy loading
Warning message:
no DISPLAY variable so Tk is not available 
** help
*** installing help indices
** building package indices
** installing vignettes
** testing if installed package can be loaded from temporary location
Warning: no DISPLAY variable so Tk is not available
** testing if installed package can be loaded from final location
Warning: no DISPLAY variable so Tk is not available
** testing if installed package keeps a record of temporary installation path
* creating tarball
packaged installation of ‘tkWidgets’ as ‘tkWidgets_1.84.0_R_x86_64-pc-linux-gnu.tar.gz’
* DONE (tkWidgets)
* installing *source* package ‘marray’ ...
** package ‘marray’ successfully unpacked and MD5 sums checked
** using staged installation
** R
** data
** inst
** byte-compile and prepare package for lazy loading
** help
*** installing help indices
** building package indices
** installing vignettes
** testing if installed package can be loaded from temporary location
** testing if installed package can be loaded from final location
** testing if installed package keeps a record of temporary installation path
* creating tarball
packaged installation of ‘marray’ as ‘marray_1.84.0_R_x86_64-pc-linux-gnu.tar.gz’
* DONE (marray)

The downloaded source packages are in
	‘/tmp/Rtmpk9k7SG/downloaded_packages’
Old packages: 'bslib', 'cli', 'curl', 'evaluate', 'httr2', 'jsonlite',
  'openssl', 'pillar', 'pkgbuild', 'processx', 'ps', 'purrr', 'R6', 'Rcpp',
  'rlang', 'sessioninfo', 'systemfonts', 'testthat', 'textshaping', 'tinytex',
  'xfun', 'zip', 'class', 'foreign', 'KernSmooth', 'MASS', 'Matrix', 'nlme',
  'nnet', 'rpart', 'spatial'

real	5m54.864s
user	0m18.053s
sys	0m5.083s
