'getOption("repos")' replaces Bioconductor standard repositories, see
'help("repositories", package = "BiocManager")' for details.
Replacement repositories:
    CRAN: https://p3m.dev/cran/__linux__/noble/latest
Bioconductor version 3.20 (BiocManager 1.30.25), R 4.4.2 (2024-10-31)
Installing package(s) 'Maaslin2'
also installing the dependencies ‘som’, ‘getopt’, ‘tweedie’, ‘chemometrics’, ‘optparse’, ‘glmmTMB’, ‘cplm’

trying URL 'https://p3m.dev/cran/__linux__/noble/latest/src/contrib/som_0.3-5.2.tar.gz'
Content type 'binary/octet-stream' length 237385 bytes (231 KB)
==================================================
downloaded 231 KB

trying URL 'https://p3m.dev/cran/__linux__/noble/latest/src/contrib/getopt_1.20.4.tar.gz'
Content type 'binary/octet-stream' length 37401 bytes (36 KB)
==================================================
downloaded 36 KB

trying URL 'https://p3m.dev/cran/__linux__/noble/latest/src/contrib/tweedie_2.3.5.tar.gz'
Content type 'binary/octet-stream' length 315613 bytes (308 KB)
==================================================
downloaded 308 KB

trying URL 'https://p3m.dev/cran/__linux__/noble/latest/src/contrib/chemometrics_1.4.4.tar.gz'
Content type 'binary/octet-stream' length 4124997 bytes (3.9 MB)
==================================================
downloaded 3.9 MB

trying URL 'https://p3m.dev/cran/__linux__/noble/latest/src/contrib/optparse_1.7.5.tar.gz'
Content type 'binary/octet-stream' length 79613 bytes (77 KB)
==================================================
downloaded 77 KB

trying URL 'https://p3m.dev/cran/__linux__/noble/latest/src/contrib/glmmTMB_1.1.10.tar.gz'
Content type 'binary/octet-stream' length 6442748 bytes (6.1 MB)
==================================================
downloaded 6.1 MB

trying URL 'https://p3m.dev/cran/__linux__/noble/latest/src/contrib/cplm_0.7-12.1.tar.gz'
Content type 'binary/octet-stream' length 1461787 bytes (1.4 MB)
==================================================
downloaded 1.4 MB

trying URL 'https://bioconductor.org/packages/3.20/bioc/src/contrib/Maaslin2_1.20.0.tar.gz'
Content type 'application/x-gzip' length 558188 bytes (545 KB)
==================================================
downloaded 545 KB

* installing *binary* package ‘som’ ...
* ‘som’ was already a binary package and will not be rebuilt
* creating tarball
packaged installation of ‘som’ as ‘som_0.3-5.2_R_x86_64-pc-linux-gnu.tar.gz’
* DONE (som)
* installing *binary* package ‘getopt’ ...
* ‘getopt’ was already a binary package and will not be rebuilt
* creating tarball
packaged installation of ‘getopt’ as ‘getopt_1.20.4_R_x86_64-pc-linux-gnu.tar.gz’
* DONE (getopt)
* installing *binary* package ‘tweedie’ ...
* ‘tweedie’ was already a binary package and will not be rebuilt
* creating tarball
packaged installation of ‘tweedie’ as ‘tweedie_2.3.5_R_x86_64-pc-linux-gnu.tar.gz’
* DONE (tweedie)
* installing *binary* package ‘glmmTMB’ ...
* ‘glmmTMB’ was already a binary package and will not be rebuilt
* creating tarball
packaged installation of ‘glmmTMB’ as ‘glmmTMB_1.1.10_R_x86_64-pc-linux-gnu.tar.gz’
* DONE (glmmTMB)
* installing *binary* package ‘chemometrics’ ...
* ‘chemometrics’ was already a binary package and will not be rebuilt
* creating tarball
packaged installation of ‘chemometrics’ as ‘chemometrics_1.4.4_R_x86_64-pc-linux-gnu.tar.gz’
* DONE (chemometrics)
* installing *binary* package ‘optparse’ ...
* ‘optparse’ was already a binary package and will not be rebuilt
* creating tarball
packaged installation of ‘optparse’ as ‘optparse_1.7.5_R_x86_64-pc-linux-gnu.tar.gz’
* DONE (optparse)
* installing *binary* package ‘cplm’ ...
* ‘cplm’ was already a binary package and will not be rebuilt
* creating tarball
packaged installation of ‘cplm’ as ‘cplm_0.7-12.1_R_x86_64-pc-linux-gnu.tar.gz’
* DONE (cplm)
* installing *source* package ‘Maaslin2’ ...
** package ‘Maaslin2’ successfully unpacked and MD5 sums checked
** using staged installation
** R
** inst
** byte-compile and prepare package for lazy loading
** help
*** installing help indices
** building package indices
** installing vignettes
** testing if installed package can be loaded from temporary location
** testing if installed package can be loaded from final location
** testing if installed package keeps a record of temporary installation path
* creating tarball
packaged installation of ‘Maaslin2’ as ‘Maaslin2_1.20.0_R_x86_64-pc-linux-gnu.tar.gz’
* DONE (Maaslin2)

The downloaded source packages are in
	‘/tmp/RtmpsrCyi8/downloaded_packages’
Old packages: 'bslib', 'cli', 'curl', 'evaluate', 'httr2', 'jsonlite',
  'openssl', 'pillar', 'pkgbuild', 'processx', 'ps', 'purrr', 'R6', 'Rcpp',
  'rlang', 'sessioninfo', 'systemfonts', 'testthat', 'textshaping', 'tinytex',
  'xfun', 'zip', 'class', 'foreign', 'KernSmooth', 'MASS', 'Matrix', 'nlme',
  'nnet', 'rpart', 'spatial'

real	0m46.573s
user	0m15.736s
sys	0m5.243s
