'getOption("repos")' replaces Bioconductor standard repositories, see
'help("repositories", package = "BiocManager")' for details.
Replacement repositories:
    CRAN: https://p3m.dev/cran/__linux__/noble/latest
Bioconductor version 3.20 (BiocManager 1.30.25), R 4.4.2 (2024-10-31)
Installing package(s) 'uncoverappLib'
also installing the dependency ‘condformat’

trying URL 'https://p3m.dev/cran/__linux__/noble/latest/src/contrib/condformat_0.10.1.tar.gz'
Content type 'binary/octet-stream' length 220853 bytes (215 KB)
==================================================
downloaded 215 KB

trying URL 'https://bioconductor.org/packages/3.20/bioc/src/contrib/uncoverappLib_1.16.0.tar.gz'
Content type 'application/x-gzip' length 3598722 bytes (3.4 MB)
==================================================
downloaded 3.4 MB

* installing *binary* package ‘condformat’ ...
* ‘condformat’ was already a binary package and will not be rebuilt
* creating tarball
packaged installation of ‘condformat’ as ‘condformat_0.10.1_R_x86_64-pc-linux-gnu.tar.gz’
* DONE (condformat)
* installing *source* package ‘uncoverappLib’ ...
** package ‘uncoverappLib’ successfully unpacked and MD5 sums checked
** using staged installation
** R
** inst
** byte-compile and prepare package for lazy loading
** help
*** installing help indices
** building package indices
** installing vignettes
** testing if installed package can be loaded from temporary location
** testing if installed package can be loaded from final location
** testing if installed package keeps a record of temporary installation path
* creating tarball
packaged installation of ‘uncoverappLib’ as ‘uncoverappLib_1.16.0_R_x86_64-pc-linux-gnu.tar.gz’
* DONE (uncoverappLib)

The downloaded source packages are in
	‘/tmp/RtmpXtoaXY/downloaded_packages’
Old packages: 'bslib', 'cli', 'curl', 'evaluate', 'httr2', 'jsonlite',
  'openssl', 'pillar', 'pkgbuild', 'processx', 'ps', 'purrr', 'R6', 'Rcpp',
  'rlang', 'sessioninfo', 'systemfonts', 'testthat', 'textshaping', 'tinytex',
  'xfun', 'zip', 'class', 'foreign', 'KernSmooth', 'MASS', 'Matrix', 'nlme',
  'nnet', 'rpart', 'spatial'

real	4m6.297s
user	0m58.476s
sys	0m10.144s
