'getOption("repos")' replaces Bioconductor standard repositories, see
'help("repositories", package = "BiocManager")' for details.
Replacement repositories:
    CRAN: https://p3m.dev/cran/__linux__/noble/latest
Bioconductor version 3.20 (BiocManager 1.30.25), R 4.4.2 (2024-10-31)
Installing package(s) 'GEWIST'
also installing the dependencies ‘Deriv’, ‘modelr’, ‘microbenchmark’, ‘Rdpack’, ‘broom’, ‘doBy’, ‘minqa’, ‘nloptr’, ‘reformulas’, ‘carData’, ‘pbkrtest’, ‘quantreg’, ‘lme4’, ‘car’

trying URL 'https://p3m.dev/cran/__linux__/noble/latest/src/contrib/Deriv_4.1.6.tar.gz'
Content type 'binary/octet-stream' length 150048 bytes (146 KB)
==================================================
downloaded 146 KB

trying URL 'https://p3m.dev/cran/__linux__/noble/latest/src/contrib/modelr_0.1.11.tar.gz'
Content type 'binary/octet-stream' length 200698 bytes (195 KB)
==================================================
downloaded 195 KB

trying URL 'https://p3m.dev/cran/__linux__/noble/latest/src/contrib/microbenchmark_1.5.0.tar.gz'
Content type 'binary/octet-stream' length 66008 bytes (64 KB)
==================================================
downloaded 64 KB

trying URL 'https://p3m.dev/cran/__linux__/noble/latest/src/contrib/Rdpack_2.6.2.tar.gz'
Content type 'binary/octet-stream' length 759354 bytes (741 KB)
==================================================
downloaded 741 KB

trying URL 'https://p3m.dev/cran/__linux__/noble/latest/src/contrib/broom_1.0.7.tar.gz'
Content type 'binary/octet-stream' length 1918600 bytes (1.8 MB)
==================================================
downloaded 1.8 MB

trying URL 'https://p3m.dev/cran/__linux__/noble/latest/src/contrib/doBy_4.6.25.tar.gz'
Content type 'binary/octet-stream' length 4843343 bytes (4.6 MB)
==================================================
downloaded 4.6 MB

trying URL 'https://p3m.dev/cran/__linux__/noble/latest/src/contrib/minqa_1.2.8.tar.gz'
Content type 'binary/octet-stream' length 122622 bytes (119 KB)
==================================================
downloaded 119 KB

trying URL 'https://p3m.dev/cran/__linux__/noble/latest/src/contrib/nloptr_2.1.1.tar.gz'
Content type 'binary/octet-stream' length 563506 bytes (550 KB)
==================================================
downloaded 550 KB

trying URL 'https://p3m.dev/cran/__linux__/noble/latest/src/contrib/reformulas_0.4.0.tar.gz'
Content type 'binary/octet-stream' length 91062 bytes (88 KB)
==================================================
downloaded 88 KB

trying URL 'https://p3m.dev/cran/__linux__/noble/latest/src/contrib/carData_3.0-5.tar.gz'
Content type 'binary/octet-stream' length 1705065 bytes (1.6 MB)
==================================================
downloaded 1.6 MB

trying URL 'https://p3m.dev/cran/__linux__/noble/latest/src/contrib/pbkrtest_0.5.3.tar.gz'
Content type 'binary/octet-stream' length 177822 bytes (173 KB)
==================================================
downloaded 173 KB

trying URL 'https://p3m.dev/cran/__linux__/noble/latest/src/contrib/quantreg_6.00.tar.gz'
Content type 'binary/octet-stream' length 1456918 bytes (1.4 MB)
==================================================
downloaded 1.4 MB

trying URL 'https://p3m.dev/cran/__linux__/noble/latest/src/contrib/lme4_1.1-36.tar.gz'
Content type 'binary/octet-stream' length 4258364 bytes (4.1 MB)
==================================================
downloaded 4.1 MB

trying URL 'https://p3m.dev/cran/__linux__/noble/latest/src/contrib/car_3.1-3.tar.gz'
Content type 'binary/octet-stream' length 1537816 bytes (1.5 MB)
==================================================
downloaded 1.5 MB

trying URL 'https://bioconductor.org/packages/3.20/bioc/src/contrib/GEWIST_1.50.0.tar.gz'
Content type 'application/x-gzip' length 398366 bytes (389 KB)
==================================================
downloaded 389 KB

* installing *binary* package ‘Deriv’ ...
* ‘Deriv’ was already a binary package and will not be rebuilt
* creating tarball
packaged installation of ‘Deriv’ as ‘Deriv_4.1.6_R_x86_64-pc-linux-gnu.tar.gz’
* DONE (Deriv)
* installing *binary* package ‘microbenchmark’ ...
* ‘microbenchmark’ was already a binary package and will not be rebuilt
* creating tarball
packaged installation of ‘microbenchmark’ as ‘microbenchmark_1.5.0_R_x86_64-pc-linux-gnu.tar.gz’
* DONE (microbenchmark)
* installing *binary* package ‘Rdpack’ ...
* ‘Rdpack’ was already a binary package and will not be rebuilt
* creating tarball
packaged installation of ‘Rdpack’ as ‘Rdpack_2.6.2_R_x86_64-pc-linux-gnu.tar.gz’
* DONE (Rdpack)
* installing *binary* package ‘broom’ ...
* ‘broom’ was already a binary package and will not be rebuilt
* creating tarball
packaged installation of ‘broom’ as ‘broom_1.0.7_R_x86_64-pc-linux-gnu.tar.gz’
* DONE (broom)
* installing *binary* package ‘minqa’ ...
* ‘minqa’ was already a binary package and will not be rebuilt
* creating tarball
packaged installation of ‘minqa’ as ‘minqa_1.2.8_R_x86_64-pc-linux-gnu.tar.gz’
* DONE (minqa)
* installing *binary* package ‘nloptr’ ...
* ‘nloptr’ was already a binary package and will not be rebuilt
* creating tarball
packaged installation of ‘nloptr’ as ‘nloptr_2.1.1_R_x86_64-pc-linux-gnu.tar.gz’
* DONE (nloptr)
* installing *binary* package ‘carData’ ...
* ‘carData’ was already a binary package and will not be rebuilt
* creating tarball
packaged installation of ‘carData’ as ‘carData_3.0-5_R_x86_64-pc-linux-gnu.tar.gz’
* DONE (carData)
* installing *binary* package ‘quantreg’ ...
* ‘quantreg’ was already a binary package and will not be rebuilt
* creating tarball
packaged installation of ‘quantreg’ as ‘quantreg_6.00_R_x86_64-pc-linux-gnu.tar.gz’
* DONE (quantreg)
* installing *binary* package ‘modelr’ ...
* ‘modelr’ was already a binary package and will not be rebuilt
* creating tarball
packaged installation of ‘modelr’ as ‘modelr_0.1.11_R_x86_64-pc-linux-gnu.tar.gz’
* DONE (modelr)
* installing *binary* package ‘reformulas’ ...
* ‘reformulas’ was already a binary package and will not be rebuilt
* creating tarball
packaged installation of ‘reformulas’ as ‘reformulas_0.4.0_R_x86_64-pc-linux-gnu.tar.gz’
* DONE (reformulas)
* installing *binary* package ‘doBy’ ...
* ‘doBy’ was already a binary package and will not be rebuilt
* creating tarball
packaged installation of ‘doBy’ as ‘doBy_4.6.25_R_x86_64-pc-linux-gnu.tar.gz’
* DONE (doBy)
* installing *binary* package ‘lme4’ ...
* ‘lme4’ was already a binary package and will not be rebuilt
* creating tarball
packaged installation of ‘lme4’ as ‘lme4_1.1-36_R_x86_64-pc-linux-gnu.tar.gz’
* DONE (lme4)
* installing *binary* package ‘pbkrtest’ ...
* ‘pbkrtest’ was already a binary package and will not be rebuilt
* creating tarball
packaged installation of ‘pbkrtest’ as ‘pbkrtest_0.5.3_R_x86_64-pc-linux-gnu.tar.gz’
* DONE (pbkrtest)
* installing *binary* package ‘car’ ...
* ‘car’ was already a binary package and will not be rebuilt
* creating tarball
packaged installation of ‘car’ as ‘car_3.1-3_R_x86_64-pc-linux-gnu.tar.gz’
* DONE (car)
* installing *source* package ‘GEWIST’ ...
** package ‘GEWIST’ successfully unpacked and MD5 sums checked
** using staged installation
** R
** inst
** byte-compile and prepare package for lazy loading
** help
*** installing help indices
** building package indices
** installing vignettes
** testing if installed package can be loaded from temporary location
** testing if installed package can be loaded from final location
** testing if installed package keeps a record of temporary installation path
* creating tarball
packaged installation of ‘GEWIST’ as ‘GEWIST_1.50.0_R_x86_64-pc-linux-gnu.tar.gz’
* DONE (GEWIST)

The downloaded source packages are in
	‘/tmp/RtmpPSbkHo/downloaded_packages’
Old packages: 'bslib', 'cli', 'curl', 'evaluate', 'httr2', 'jsonlite',
  'openssl', 'pillar', 'pkgbuild', 'processx', 'ps', 'purrr', 'R6', 'Rcpp',
  'rlang', 'sessioninfo', 'systemfonts', 'testthat', 'textshaping', 'tinytex',
  'xfun', 'zip', 'class', 'foreign', 'KernSmooth', 'MASS', 'Matrix', 'nlme',
  'nnet', 'rpart', 'spatial'

real	0m50.082s
user	0m9.190s
sys	0m4.270s
