'getOption("repos")' replaces Bioconductor standard repositories, see
'help("repositories", package = "BiocManager")' for details.
Replacement repositories:
    CRAN: https://p3m.dev/cran/__linux__/noble/latest
Bioconductor version 3.20 (BiocManager 1.30.25), R 4.4.2 (2024-10-31)
Installing package(s) 'Rbowtie'
trying URL 'https://bioconductor.org/packages/3.20/bioc/src/contrib/Rbowtie_1.46.0.tar.gz'
Content type 'application/x-gzip' length 927787 bytes (906 KB)
==================================================
downloaded 906 KB

* installing *source* package ‘Rbowtie’ ...
** package ‘Rbowtie’ successfully unpacked and MD5 sums checked
** using staged installation
** libs
g++ -O3 -DCOMPILER_OPTIONS="\"-O3 -Wl,--hash-style=both -DPOPCNT_CAPABILITY -g -O2 -fstack-protector-strong -Wformat -Wformat-security -Wdate-time -D_FORTIFY_SOURCE=2 -g   -g -O2 -fstack-protector-strong -Wformat -Wformat-security -Wdate-time -D_FORTIFY_SOURCE=2 -g  \"" -Wl,--hash-style=both -DPOPCNT_CAPABILITY -g -O2 -fstack-protector-strong -Wformat -Wformat-security -Wdate-time -D_FORTIFY_SOURCE=2 -g   -g -O2 -fstack-protector-strong -Wformat -Wformat-security -Wdate-time -D_FORTIFY_SOURCE=2 -g    \
	-fno-strict-aliasing -DBOWTIE_VERSION="\"`cat VERSION`\"" -DBUILD_HOST="\"`hostname`\"" -DBUILD_TIME="\"2025-02-28T18:17:02\"" -DCOMPILER_VERSION="\"`g++ -v 2>&1 | tail -1`\"" -D_LARGEFILE_SOURCE -D_FILE_OFFSET_BITS=64 -D_GNU_SOURCE  -DPREFETCH_LOCALITY=2 -DBOWTIE_MM -DBOWTIE_SHARED_MEM -DNDEBUG -Wall -Wno-unused-parameter -Wno-reorder \
	 -I third_party -I third_party \
	-o bowtie-build-s ebwt_build.cpp \
	ccnt_lut.cpp ref_read.cpp alphabet.cpp shmem.cpp edit.cpp ebwt.cpp bt2_locks.cpp tinythread.cpp  bowtie_build_main.cpp \
	-L/usr/local/lib  -lz -lpthread 
g++ -O3 -DCOMPILER_OPTIONS="\"-O3 -Wl,--hash-style=both -DPOPCNT_CAPABILITY -g -O2 -fstack-protector-strong -Wformat -Wformat-security -Wdate-time -D_FORTIFY_SOURCE=2 -g   -g -O2 -fstack-protector-strong -Wformat -Wformat-security -Wdate-time -D_FORTIFY_SOURCE=2 -g  \"" -Wl,--hash-style=both -DPOPCNT_CAPABILITY -g -O2 -fstack-protector-strong -Wformat -Wformat-security -Wdate-time -D_FORTIFY_SOURCE=2 -g   -g -O2 -fstack-protector-strong -Wformat -Wformat-security -Wdate-time -D_FORTIFY_SOURCE=2 -g   \
	-fno-strict-aliasing -DBOWTIE_VERSION="\"`cat VERSION`\"" -DBUILD_HOST="\"`hostname`\"" -DBUILD_TIME="\"2025-02-28T18:17:15\"" -DCOMPILER_VERSION="\"`g++ -v 2>&1 | tail -1`\"" -D_LARGEFILE_SOURCE -D_FILE_OFFSET_BITS=64 -D_GNU_SOURCE  -DPREFETCH_LOCALITY=2 -DBOWTIE_MM -DBOWTIE_SHARED_MEM -DNDEBUG -Wall -Wno-unused-parameter -Wno-reorder \
	 -I third_party -I third_party \
	-o bowtie-align-s ebwt_search.cpp \
	ccnt_lut.cpp ref_read.cpp alphabet.cpp shmem.cpp edit.cpp ebwt.cpp bt2_locks.cpp tinythread.cpp qual.cpp pat.cpp ebwt_search_util.cpp ref_aligner.cpp log.cpp hit_set.cpp sam.cpp hit.cpp bowtie_main.cpp \
	-L/usr/local/lib  -lz -lpthread 
mkdir -p ../inst
cp bowtie-align-s ../inst/bowtie
cp bowtie-build-s ../inst/bowtie-build
cd SpliceMap; \
make -f Makefile; \
echo "MAKE of SpliceMap DONE"	
make[1]: Entering directory '/tmp/Rtmp3OlgFt/R.INSTALL34730c956c/Rbowtie/src/SpliceMap'
`"/usr/local/lib/R/bin/R" CMD config CXX` `"/usr/local/lib/R/bin/R" CMD config CXXFLAGS` -c SpliceMap_utils_QuasR.cpp
`"/usr/local/lib/R/bin/R" CMD config CXX` `"/usr/local/lib/R/bin/R" CMD config CXXFLAGS` -c params.cpp
`"/usr/local/lib/R/bin/R" CMD config CXX` `"/usr/local/lib/R/bin/R" CMD config CXXFLAGS` -c cfgfile.cpp
`"/usr/local/lib/R/bin/R" CMD config CXX` `"/usr/local/lib/R/bin/R" CMD config LDFLAGS` `"/usr/local/lib/R/bin/R" CMD config CXXFLAGS` -o runSpliceMap_QuasR SpliceMap_utils_QuasR.o cfgfile.o runSpliceMap_QuasR.cpp params.o
`"/usr/local/lib/R/bin/R" CMD config CXX` `"/usr/local/lib/R/bin/R" CMD config LDFLAGS` `"/usr/local/lib/R/bin/R" CMD config CXXFLAGS` -o sortsam sortsam.cpp SpliceMap_utils_QuasR.o params.o
`"/usr/local/lib/R/bin/R" CMD config CXX` `"/usr/local/lib/R/bin/R" CMD config LDFLAGS` `"/usr/local/lib/R/bin/R" CMD config CXXFLAGS` -o amalgamateSAM amalgamateSAM.cpp SpliceMap_utils_QuasR.o params.o
`"/usr/local/lib/R/bin/R" CMD config CXX` `"/usr/local/lib/R/bin/R" CMD config LDFLAGS` `"/usr/local/lib/R/bin/R" CMD config CXXFLAGS` -o getSpliceMapUnmapped getSpliceMapUnmapped.cpp
`"/usr/local/lib/R/bin/R" CMD config CXX` `"/usr/local/lib/R/bin/R" CMD config LDFLAGS` `"/usr/local/lib/R/bin/R" CMD config CXXFLAGS` -o fuseReorder fuseReorder.cpp
`"/usr/local/lib/R/bin/R" CMD config CXX` `"/usr/local/lib/R/bin/R" CMD config LDFLAGS` `"/usr/local/lib/R/bin/R" CMD config CXXFLAGS` -o SpliceMap main.cpp SpliceMap_utils_QuasR.o params.o cfgfile.o
make[1]: Leaving directory '/tmp/Rtmp3OlgFt/R.INSTALL34730c956c/Rbowtie/src/SpliceMap'
MAKE of SpliceMap DONE
mkdir -p ../inst
cp SpliceMap/SpliceMap ../inst/SpliceMap
cp SpliceMap/amalgamateSAM ../inst/amalgamateSAM
cp SpliceMap/getSpliceMapUnmapped ../inst/getSpliceMapUnmapped
cp SpliceMap/fuseReorder ../inst/fuseReorder
cp SpliceMap/runSpliceMap_QuasR ../inst/runSpliceMap_QuasR
cp SpliceMap/sortsam ../inst/sortsam
** R
** inst
** byte-compile and prepare package for lazy loading
** help
*** installing help indices
** building package indices
** installing vignettes
** testing if installed package can be loaded from temporary location
** testing if installed package can be loaded from final location
** testing if installed package keeps a record of temporary installation path
* creating tarball
packaged installation of ‘Rbowtie’ as ‘Rbowtie_1.46.0_R_x86_64-pc-linux-gnu.tar.gz’
* DONE (Rbowtie)

The downloaded source packages are in
	‘/tmp/RtmpmEOvaN/downloaded_packages’
Old packages: 'bslib', 'cli', 'curl', 'evaluate', 'httr2', 'jsonlite',
  'openssl', 'pillar', 'pkgbuild', 'processx', 'ps', 'purrr', 'R6', 'Rcpp',
  'rlang', 'sessioninfo', 'systemfonts', 'testthat', 'textshaping', 'tinytex',
  'xfun', 'zip', 'class', 'foreign', 'KernSmooth', 'MASS', 'Matrix', 'nlme',
  'nnet', 'rpart', 'spatial'

real	10m8.242s
user	1m7.500s
sys	0m9.677s
