'getOption("repos")' replaces Bioconductor standard repositories, see
'help("repositories", package = "BiocManager")' for details.
Replacement repositories:
    CRAN: https://p3m.dev/cran/__linux__/noble/latest
Bioconductor version 3.20 (BiocManager 1.30.25), R 4.4.2 (2024-10-31)
Installing package(s) 'saseR'
trying URL 'https://bioconductor.org/packages/3.20/bioc/src/contrib/saseR_1.2.0.tar.gz'
Content type 'application/x-gzip' length 1267499 bytes (1.2 MB)
==================================================
downloaded 1.2 MB

* installing *source* package ‘saseR’ ...
** package ‘saseR’ successfully unpacked and MD5 sums checked
** using staged installation
** R
** data
** inst
** byte-compile and prepare package for lazy loading
Warning: replacing previous import ‘utils::findMatches’ by ‘S4Vectors::findMatches’ when loading ‘ASpli’
** help
*** installing help indices
** building package indices
** installing vignettes
** testing if installed package can be loaded from temporary location
Warning: replacing previous import ‘utils::findMatches’ by ‘S4Vectors::findMatches’ when loading ‘ASpli’
** testing if installed package can be loaded from final location
Warning: replacing previous import ‘utils::findMatches’ by ‘S4Vectors::findMatches’ when loading ‘ASpli’
** testing if installed package keeps a record of temporary installation path
* creating tarball
packaged installation of ‘saseR’ as ‘saseR_1.2.0_R_x86_64-pc-linux-gnu.tar.gz’
* DONE (saseR)

The downloaded source packages are in
	‘/tmp/RtmpjQUnaW/downloaded_packages’
Old packages: 'bslib', 'cli', 'curl', 'evaluate', 'httr2', 'jsonlite',
  'openssl', 'pillar', 'pkgbuild', 'processx', 'ps', 'purrr', 'R6', 'Rcpp',
  'rlang', 'sessioninfo', 'systemfonts', 'testthat', 'textshaping', 'tinytex',
  'xfun', 'zip', 'class', 'foreign', 'KernSmooth', 'MASS', 'Matrix', 'nlme',
  'nnet', 'rpart', 'spatial'

real	4m50.345s
user	0m58.604s
sys	0m10.311s
