'getOption("repos")' replaces Bioconductor standard repositories, see
'help("repositories", package = "BiocManager")' for details.
Replacement repositories:
    CRAN: https://p3m.dev/cran/__linux__/noble/latest
Bioconductor version 3.20 (BiocManager 1.30.25), R 4.4.2 (2024-10-31)
Installing package(s) 'iSeq'
trying URL 'https://bioconductor.org/packages/3.20/bioc/src/contrib/iSeq_1.58.0.tar.gz'
Content type 'application/x-gzip' length 1391493 bytes (1.3 MB)
==================================================
downloaded 1.3 MB

* installing *source* package ‘iSeq’ ...
** package ‘iSeq’ successfully unpacked and MD5 sums checked
** using staged installation
** libs
using C compiler: ‘gcc (Ubuntu 13.3.0-6ubuntu2~24.04) 13.3.0’
gcc -I"/usr/local/lib/R/include" -DNDEBUG   -I/usr/local/include    -fpic  -g -O2 -fstack-protector-strong -Wformat -Wformat-security -Wdate-time -D_FORTIFY_SOURCE=2 -g  -c iSeq.c -o iSeq.o
gcc -shared -L/usr/local/lib/R/lib -L/usr/local/lib -o iSeq.so iSeq.o -L/usr/local/lib/R/lib -lR
installing to /mnt/library/00LOCK-iSeq/00new/iSeq/libs
** R
** data
*** moving datasets to lazyload DB
** demo
** inst
** byte-compile and prepare package for lazy loading
** help
*** installing help indices
** building package indices
** installing vignettes
** testing if installed package can be loaded from temporary location
** checking absolute paths in shared objects and dynamic libraries
** testing if installed package can be loaded from final location
** testing if installed package keeps a record of temporary installation path
* creating tarball
packaged installation of ‘iSeq’ as ‘iSeq_1.58.0_R_x86_64-pc-linux-gnu.tar.gz’
* DONE (iSeq)

The downloaded source packages are in
	‘/tmp/RtmpHHVK5O/downloaded_packages’
Old packages: 'bslib', 'cli', 'curl', 'evaluate', 'httr2', 'jsonlite',
  'openssl', 'pillar', 'pkgbuild', 'processx', 'ps', 'purrr', 'R6', 'Rcpp',
  'rlang', 'sessioninfo', 'systemfonts', 'testthat', 'textshaping', 'tinytex',
  'xfun', 'zip', 'class', 'foreign', 'KernSmooth', 'MASS', 'Matrix', 'nlme',
  'nnet', 'rpart', 'spatial'

real	11m40.429s
user	0m5.968s
sys	0m3.518s
