'getOption("repos")' replaces Bioconductor standard repositories, see
'help("repositories", package = "BiocManager")' for details.
Replacement repositories:
    CRAN: https://p3m.dev/cran/__linux__/noble/latest
Bioconductor version 3.20 (BiocManager 1.30.25), R 4.4.2 (2024-10-31)
Installing package(s) 'ARRmNormalization'
also installing the dependency ‘ARRmData’

trying URL 'https://bioconductor.org/packages/3.20/data/experiment/src/contrib/ARRmData_1.42.0.tar.gz'
Content type 'application/x-gzip' length 59255073 bytes (56.5 MB)
==================================================
downloaded 56.5 MB

trying URL 'https://bioconductor.org/packages/3.20/bioc/src/contrib/ARRmNormalization_1.46.0.tar.gz'
Content type 'application/x-gzip' length 1128221 bytes (1.1 MB)
==================================================
downloaded 1.1 MB

* installing *source* package ‘ARRmData’ ...
** using staged installation
** data
** help
*** installing help indices
** building package indices
** testing if installed package can be loaded from temporary location
** testing if installed package can be loaded from final location
** testing if installed package keeps a record of temporary installation path
* creating tarball
packaged installation of ‘ARRmData’ as ‘ARRmData_1.42.0_R_x86_64-pc-linux-gnu.tar.gz’
* DONE (ARRmData)
* installing *source* package ‘ARRmNormalization’ ...
** package ‘ARRmNormalization’ successfully unpacked and MD5 sums checked
** using staged installation
** R
** data
** inst
** byte-compile and prepare package for lazy loading
** help
*** installing help indices
** building package indices
** installing vignettes
** testing if installed package can be loaded from temporary location
** testing if installed package can be loaded from final location
** testing if installed package keeps a record of temporary installation path
* creating tarball
packaged installation of ‘ARRmNormalization’ as ‘ARRmNormalization_1.46.0_R_x86_64-pc-linux-gnu.tar.gz’
* DONE (ARRmNormalization)

The downloaded source packages are in
	‘/tmp/RtmpapV6TU/downloaded_packages’
Old packages: 'bslib', 'cli', 'curl', 'evaluate', 'httr2', 'jsonlite',
  'openssl', 'pillar', 'pkgbuild', 'processx', 'ps', 'purrr', 'R6', 'Rcpp',
  'rlang', 'sessioninfo', 'systemfonts', 'testthat', 'textshaping', 'tinytex',
  'xfun', 'zip', 'class', 'foreign', 'KernSmooth', 'MASS', 'Matrix', 'nlme',
  'nnet', 'rpart', 'spatial'

real	0m11.680s
user	0m8.371s
sys	0m4.125s
