'getOption("repos")' replaces Bioconductor standard repositories, see
'help("repositories", package = "BiocManager")' for details.
Replacement repositories:
    CRAN: https://p3m.dev/cran/__linux__/noble/latest
Bioconductor version 3.20 (BiocManager 1.30.25), R 4.4.2 (2024-10-31)
Installing package(s) 'tidyomics'
also installing the dependency ‘mockr’

trying URL 'https://p3m.dev/cran/__linux__/noble/latest/src/contrib/mockr_0.2.1.tar.gz'
Content type 'binary/octet-stream' length 43566 bytes (42 KB)
==================================================
downloaded 42 KB

trying URL 'https://bioconductor.org/packages/3.20/bioc/src/contrib/tidyomics_1.2.0.tar.gz'
Content type 'application/x-gzip' length 57618 bytes (56 KB)
==================================================
downloaded 56 KB

* installing *binary* package ‘mockr’ ...
* ‘mockr’ was already a binary package and will not be rebuilt
* creating tarball
packaged installation of ‘mockr’ as ‘mockr_0.2.1_R_x86_64-pc-linux-gnu.tar.gz’
* DONE (mockr)
* installing *source* package ‘tidyomics’ ...
** package ‘tidyomics’ successfully unpacked and MD5 sums checked
** using staged installation
** R
** inst
** byte-compile and prepare package for lazy loading
** help
*** installing help indices
*** copying figures
** building package indices
** installing vignettes
** testing if installed package can be loaded from temporary location
** testing if installed package can be loaded from final location
** testing if installed package keeps a record of temporary installation path
* creating tarball
packaged installation of ‘tidyomics’ as ‘tidyomics_1.2.0_R_x86_64-pc-linux-gnu.tar.gz’
* DONE (tidyomics)

The downloaded source packages are in
	‘/tmp/RtmpAfXLPI/downloaded_packages’
Old packages: 'bslib', 'cli', 'curl', 'evaluate', 'httr2', 'jsonlite',
  'openssl', 'pillar', 'pkgbuild', 'processx', 'ps', 'purrr', 'R6', 'Rcpp',
  'rlang', 'sessioninfo', 'systemfonts', 'testthat', 'textshaping', 'tinytex',
  'xfun', 'zip', 'class', 'foreign', 'KernSmooth', 'MASS', 'Matrix', 'nlme',
  'nnet', 'rpart', 'spatial'

real	3m24.005s
user	0m39.725s
sys	0m8.088s
