'getOption("repos")' replaces Bioconductor standard repositories, see
'help("repositories", package = "BiocManager")' for details.
Replacement repositories:
    CRAN: https://p3m.dev/cran/__linux__/noble/latest
Bioconductor version 3.20 (BiocManager 1.30.25), R 4.4.2 (2024-10-31)
Installing package(s) 'rifi'
trying URL 'https://bioconductor.org/packages/3.20/bioc/src/contrib/rifi_1.10.0.tar.gz'
Content type 'application/x-gzip' length 7553368 bytes (7.2 MB)
==================================================
downloaded 7.2 MB

* installing *source* package ‘rifi’ ...
** package ‘rifi’ successfully unpacked and MD5 sums checked
** using staged installation
** R
** data
** inst
** byte-compile and prepare package for lazy loading
Note: next used in wrong context: no loop is visible 
** help
Warning: /tmp/RtmpD9oUsO/R.INSTALL3459f41d9/rifi/man/apply_Ttest_delay.Rd:55: unexpected '}'
Warning: /tmp/RtmpD9oUsO/R.INSTALL3459f41d9/rifi/man/predict_ps_itss.Rd:57: unexpected '}'
*** installing help indices
** building package indices
** installing vignettes
** testing if installed package can be loaded from temporary location
** testing if installed package can be loaded from final location
** testing if installed package keeps a record of temporary installation path
* creating tarball
packaged installation of ‘rifi’ as ‘rifi_1.10.0_R_x86_64-pc-linux-gnu.tar.gz’
* DONE (rifi)

The downloaded source packages are in
	‘/tmp/RtmpSU0kNy/downloaded_packages’
Old packages: 'bslib', 'cli', 'curl', 'evaluate', 'httr2', 'jsonlite',
  'openssl', 'pillar', 'pkgbuild', 'processx', 'ps', 'purrr', 'R6', 'Rcpp',
  'rlang', 'sessioninfo', 'systemfonts', 'testthat', 'textshaping', 'tinytex',
  'xfun', 'zip', 'class', 'foreign', 'KernSmooth', 'MASS', 'Matrix', 'nlme',
  'nnet', 'rpart', 'spatial'

real	2m15.069s
user	0m39.878s
sys	0m6.396s
