'getOption("repos")' replaces Bioconductor standard repositories, see
'help("repositories", package = "BiocManager")' for details.
Replacement repositories:
    CRAN: https://p3m.dev/cran/__linux__/noble/latest
Bioconductor version 3.20 (BiocManager 1.30.25), R 4.4.2 (2024-10-31)
Installing package(s) 'MultiRNAflow'
also installing the dependency ‘plot3Drgl’

trying URL 'https://p3m.dev/cran/__linux__/noble/latest/src/contrib/plot3Drgl_1.0.4.tar.gz'
Content type 'binary/octet-stream' length 111426 bytes (108 KB)
==================================================
downloaded 108 KB

trying URL 'https://bioconductor.org/packages/3.20/bioc/src/contrib/MultiRNAflow_1.4.0.tar.gz'
Content type 'application/x-gzip' length 3303446 bytes (3.2 MB)
==================================================
downloaded 3.2 MB

* installing *binary* package ‘plot3Drgl’ ...
* ‘plot3Drgl’ was already a binary package and will not be rebuilt
* creating tarball
packaged installation of ‘plot3Drgl’ as ‘plot3Drgl_1.0.4_R_x86_64-pc-linux-gnu.tar.gz’
* DONE (plot3Drgl)
* installing *source* package ‘MultiRNAflow’ ...
** package ‘MultiRNAflow’ successfully unpacked and MD5 sums checked
** using staged installation
** R
** data
** inst
** byte-compile and prepare package for lazy loading
Warning message:
no DISPLAY variable so Tk is not available 
Warning: 'rgl.init' failed, will use the null device.
See '?rgl.useNULL' for ways to avoid this warning.
** help
*** installing help indices
** building package indices
** installing vignettes
** testing if installed package can be loaded from temporary location
Warning: no DISPLAY variable so Tk is not available
Warning: 'rgl.init' failed, will use the null device.
See '?rgl.useNULL' for ways to avoid this warning.
** testing if installed package can be loaded from final location
Warning: no DISPLAY variable so Tk is not available
Warning: 'rgl.init' failed, will use the null device.
See '?rgl.useNULL' for ways to avoid this warning.
** testing if installed package keeps a record of temporary installation path
* creating tarball
packaged installation of ‘MultiRNAflow’ as ‘MultiRNAflow_1.4.0_R_x86_64-pc-linux-gnu.tar.gz’
* DONE (MultiRNAflow)

The downloaded source packages are in
	‘/tmp/RtmpqRMYE1/downloaded_packages’
Old packages: 'bslib', 'cli', 'curl', 'evaluate', 'httr2', 'jsonlite',
  'openssl', 'pillar', 'pkgbuild', 'processx', 'ps', 'purrr', 'R6', 'Rcpp',
  'rlang', 'sessioninfo', 'systemfonts', 'testthat', 'textshaping', 'tinytex',
  'xfun', 'zip', 'class', 'foreign', 'KernSmooth', 'MASS', 'Matrix', 'nlme',
  'nnet', 'rpart', 'spatial'

real	33m51.512s
user	0m44.899s
sys	0m21.683s
