'getOption("repos")' replaces Bioconductor standard repositories, see
'help("repositories", package = "BiocManager")' for details.
Replacement repositories:
    CRAN: https://p3m.dev/cran/__linux__/noble/latest
Bioconductor version 3.20 (BiocManager 1.30.25), R 4.4.2 (2024-10-31)
Installing package(s) 'MICSQTL'
also installing the dependency ‘TCA’

trying URL 'https://p3m.dev/cran/__linux__/noble/latest/src/contrib/TCA_1.2.1.tar.gz'
Content type 'binary/octet-stream' length 692082 bytes (675 KB)
==================================================
downloaded 675 KB

trying URL 'https://bioconductor.org/packages/3.20/bioc/src/contrib/MICSQTL_1.4.0.tar.gz'
Content type 'application/x-gzip' length 3236021 bytes (3.1 MB)
==================================================
downloaded 3.1 MB

* installing *binary* package ‘TCA’ ...
* ‘TCA’ was already a binary package and will not be rebuilt
* creating tarball
packaged installation of ‘TCA’ as ‘TCA_1.2.1_R_x86_64-pc-linux-gnu.tar.gz’
* DONE (TCA)
* installing *source* package ‘MICSQTL’ ...
** package ‘MICSQTL’ successfully unpacked and MD5 sums checked
** using staged installation
** R
** data
** inst
** byte-compile and prepare package for lazy loading
** help
*** installing help indices
** building package indices
** installing vignettes
** testing if installed package can be loaded from temporary location
** testing if installed package can be loaded from final location
** testing if installed package keeps a record of temporary installation path
* creating tarball
packaged installation of ‘MICSQTL’ as ‘MICSQTL_1.4.0_R_x86_64-pc-linux-gnu.tar.gz’
* DONE (MICSQTL)

The downloaded source packages are in
	‘/tmp/RtmpWR0NwB/downloaded_packages’
Old packages: 'bslib', 'cli', 'curl', 'evaluate', 'httr2', 'jsonlite',
  'openssl', 'pillar', 'pkgbuild', 'processx', 'ps', 'purrr', 'R6', 'Rcpp',
  'rlang', 'sessioninfo', 'systemfonts', 'testthat', 'textshaping', 'tinytex',
  'xfun', 'zip', 'class', 'foreign', 'KernSmooth', 'MASS', 'Matrix', 'nlme',
  'nnet', 'rpart', 'spatial'

real	30m3.816s
user	0m28.825s
sys	0m7.139s
