'getOption("repos")' replaces Bioconductor standard repositories, see
'help("repositories", package = "BiocManager")' for details.
Replacement repositories:
    CRAN: https://p3m.dev/cran/__linux__/noble/latest
Bioconductor version 3.20 (BiocManager 1.30.25), R 4.4.2 (2024-10-31)
Installing package(s) 'CytoGLMM'
also installing the dependencies ‘factoextra’, ‘mbest’, ‘strucchange’

trying URL 'https://p3m.dev/cran/__linux__/noble/latest/src/contrib/factoextra_1.0.7.tar.gz'
Content type 'binary/octet-stream' length 420118 bytes (410 KB)
==================================================
downloaded 410 KB

trying URL 'https://p3m.dev/cran/__linux__/noble/latest/src/contrib/mbest_0.6.tar.gz'
Content type 'binary/octet-stream' length 214760 bytes (209 KB)
==================================================
downloaded 209 KB

trying URL 'https://p3m.dev/cran/__linux__/noble/latest/src/contrib/strucchange_1.5-4.tar.gz'
Content type 'binary/octet-stream' length 950057 bytes (927 KB)
==================================================
downloaded 927 KB

trying URL 'https://bioconductor.org/packages/3.20/bioc/src/contrib/CytoGLMM_1.14.0.tar.gz'
Content type 'application/x-gzip' length 356160 bytes (347 KB)
==================================================
downloaded 347 KB

* installing *binary* package ‘factoextra’ ...
* ‘factoextra’ was already a binary package and will not be rebuilt
* creating tarball
packaged installation of ‘factoextra’ as ‘factoextra_1.0.7_R_x86_64-pc-linux-gnu.tar.gz’
* DONE (factoextra)
* installing *binary* package ‘mbest’ ...
* ‘mbest’ was already a binary package and will not be rebuilt
* creating tarball
packaged installation of ‘mbest’ as ‘mbest_0.6_R_x86_64-pc-linux-gnu.tar.gz’
* DONE (mbest)
* installing *binary* package ‘strucchange’ ...
* ‘strucchange’ was already a binary package and will not be rebuilt
* creating tarball
packaged installation of ‘strucchange’ as ‘strucchange_1.5-4_R_x86_64-pc-linux-gnu.tar.gz’
* DONE (strucchange)
* installing *source* package ‘CytoGLMM’ ...
** package ‘CytoGLMM’ successfully unpacked and MD5 sums checked
** using staged installation
** R
** inst
** byte-compile and prepare package for lazy loading
** help
*** installing help indices
** building package indices
** installing vignettes
** testing if installed package can be loaded from temporary location
** testing if installed package can be loaded from final location
** testing if installed package keeps a record of temporary installation path
* creating tarball
packaged installation of ‘CytoGLMM’ as ‘CytoGLMM_1.14.0_R_x86_64-pc-linux-gnu.tar.gz’
* DONE (CytoGLMM)

The downloaded source packages are in
	‘/tmp/RtmpWHCdLI/downloaded_packages’
Old packages: 'bslib', 'cli', 'curl', 'evaluate', 'httr2', 'jsonlite',
  'openssl', 'pillar', 'pkgbuild', 'processx', 'ps', 'purrr', 'R6', 'Rcpp',
  'rlang', 'sessioninfo', 'systemfonts', 'testthat', 'textshaping', 'tinytex',
  'xfun', 'zip', 'class', 'foreign', 'KernSmooth', 'MASS', 'Matrix', 'nlme',
  'nnet', 'rpart', 'spatial'

real	8m18.689s
user	0m18.047s
sys	0m4.477s
