'getOption("repos")' replaces Bioconductor standard repositories, see
'help("repositories", package = "BiocManager")' for details.
Replacement repositories:
    CRAN: https://p3m.dev/cran/__linux__/noble/latest
Bioconductor version 3.20 (BiocManager 1.30.25), R 4.4.2 (2024-10-31)
Installing package(s) 'miRLAB'
also installing the dependency ‘InvariantCausalPrediction’

trying URL 'https://p3m.dev/cran/__linux__/noble/latest/src/contrib/InvariantCausalPrediction_0.8.tar.gz'
Content type 'binary/octet-stream' length 82988 bytes (81 KB)
==================================================
downloaded 81 KB

trying URL 'https://bioconductor.org/packages/3.20/bioc/src/contrib/miRLAB_1.36.0.tar.gz'
Content type 'application/x-gzip' length 198353 bytes (193 KB)
==================================================
downloaded 193 KB

* installing *binary* package ‘InvariantCausalPrediction’ ...
* ‘InvariantCausalPrediction’ was already a binary package and will not be rebuilt
* creating tarball
packaged installation of ‘InvariantCausalPrediction’ as ‘InvariantCausalPrediction_0.8_R_x86_64-pc-linux-gnu.tar.gz’
* DONE (InvariantCausalPrediction)
* installing *source* package ‘miRLAB’ ...
** package ‘miRLAB’ successfully unpacked and MD5 sums checked
** using staged installation
** R
** inst
** byte-compile and prepare package for lazy loading
Note: possible error in 'GDCquery(project = project, ': unused arguments (file.type = file_type, legacy = TRUE) 
Note: possible error in 'GDCquery(project = project, ': unused arguments (file.type = file_type, legacy = TRUE) 
** help
*** installing help indices
** building package indices
** installing vignettes
** testing if installed package can be loaded from temporary location
** testing if installed package can be loaded from final location
** testing if installed package keeps a record of temporary installation path
* creating tarball
packaged installation of ‘miRLAB’ as ‘miRLAB_1.36.0_R_x86_64-pc-linux-gnu.tar.gz’
* DONE (miRLAB)

The downloaded source packages are in
	‘/tmp/RtmpK26GDo/downloaded_packages’
Old packages: 'bslib', 'cli', 'curl', 'evaluate', 'httr2', 'jsonlite',
  'openssl', 'pillar', 'pkgbuild', 'processx', 'ps', 'purrr', 'R6', 'Rcpp',
  'rlang', 'sessioninfo', 'systemfonts', 'testthat', 'textshaping', 'tinytex',
  'xfun', 'zip', 'class', 'foreign', 'KernSmooth', 'MASS', 'Matrix', 'nlme',
  'nnet', 'rpart', 'spatial'

real	3m7.850s
user	0m36.376s
sys	0m8.626s
