'getOption("repos")' replaces Bioconductor standard repositories, see
'help("repositories", package = "BiocManager")' for details.
Replacement repositories:
    CRAN: https://p3m.dev/cran/__linux__/noble/latest
Bioconductor version 3.20 (BiocManager 1.30.25), R 4.4.2 (2024-10-31)
Installing package(s) 'mixOmics'
also installing the dependencies ‘rARPACK’, ‘gsignal’

trying URL 'https://p3m.dev/cran/__linux__/noble/latest/src/contrib/rARPACK_0.11-0.tar.gz'
Content type 'binary/octet-stream' length 28884 bytes (28 KB)
==================================================
downloaded 28 KB

trying URL 'https://p3m.dev/cran/__linux__/noble/latest/src/contrib/gsignal_0.3-7.tar.gz'
Content type 'binary/octet-stream' length 2082513 bytes (2.0 MB)
==================================================
downloaded 2.0 MB

trying URL 'https://bioconductor.org/packages/3.20/bioc/src/contrib/mixOmics_6.30.0.tar.gz'
Content type 'application/x-gzip' length 18429445 bytes (17.6 MB)
==================================================
downloaded 17.6 MB

* installing *binary* package ‘rARPACK’ ...
* ‘rARPACK’ was already a binary package and will not be rebuilt
* creating tarball
packaged installation of ‘rARPACK’ as ‘rARPACK_0.11-0_R_x86_64-pc-linux-gnu.tar.gz’
* DONE (rARPACK)
* installing *binary* package ‘gsignal’ ...
* ‘gsignal’ was already a binary package and will not be rebuilt
* creating tarball
packaged installation of ‘gsignal’ as ‘gsignal_0.3-7_R_x86_64-pc-linux-gnu.tar.gz’
* DONE (gsignal)
* installing *source* package ‘mixOmics’ ...
** package ‘mixOmics’ successfully unpacked and MD5 sums checked
** using staged installation
** R
** data
** inst
** byte-compile and prepare package for lazy loading
** help
*** installing help indices
** building package indices
** installing vignettes
** testing if installed package can be loaded from temporary location
** testing if installed package can be loaded from final location
** testing if installed package keeps a record of temporary installation path
* creating tarball
packaged installation of ‘mixOmics’ as ‘mixOmics_6.30.0_R_x86_64-pc-linux-gnu.tar.gz’
* DONE (mixOmics)

The downloaded source packages are in
	‘/tmp/RtmprF3TPH/downloaded_packages’
Old packages: 'bslib', 'cli', 'curl', 'evaluate', 'httr2', 'jsonlite',
  'openssl', 'pillar', 'pkgbuild', 'processx', 'ps', 'purrr', 'R6', 'Rcpp',
  'rlang', 'sessioninfo', 'systemfonts', 'testthat', 'textshaping', 'tinytex',
  'xfun', 'zip', 'class', 'foreign', 'KernSmooth', 'MASS', 'Matrix', 'nlme',
  'nnet', 'rpart', 'spatial'

real	8m55.122s
user	0m33.915s
sys	0m4.968s
