'getOption("repos")' replaces Bioconductor standard repositories, see
'help("repositories", package = "BiocManager")' for details.
Replacement repositories:
    CRAN: https://p3m.dev/cran/__linux__/noble/latest
Bioconductor version 3.20 (BiocManager 1.30.25), R 4.4.2 (2024-10-31)
Installing package(s) 'a4Preproc'
also installing the dependency ‘hgu95av2.db’

trying URL 'https://bioconductor.org/packages/3.20/data/annotation/src/contrib/hgu95av2.db_3.13.0.tar.gz'
Content type 'application/x-gzip' length 529584 bytes (517 KB)
==================================================
downloaded 517 KB

trying URL 'https://bioconductor.org/packages/3.20/bioc/src/contrib/a4Preproc_1.54.0.tar.gz'
Content type 'application/x-gzip' length 295693 bytes (288 KB)
==================================================
downloaded 288 KB

ERROR: failed to lock directory ‘/mnt/library’ for modifying
Try removing ‘/mnt/library/00LOCK-hgu95av2.db’
* installing *source* package ‘a4Preproc’ ...
** package ‘a4Preproc’ successfully unpacked and MD5 sums checked
** using staged installation
** R
** inst
** byte-compile and prepare package for lazy loading
** help
*** installing help indices
** building package indices
** installing vignettes
** testing if installed package can be loaded from temporary location
** testing if installed package can be loaded from final location
** testing if installed package keeps a record of temporary installation path
* creating tarball
packaged installation of ‘a4Preproc’ as ‘a4Preproc_1.54.0_R_x86_64-pc-linux-gnu.tar.gz’
* DONE (a4Preproc)

The downloaded source packages are in
	‘/tmp/Rtmpu0Yzny/downloaded_packages’
Old packages: 'bslib', 'cli', 'curl', 'evaluate', 'httr2', 'jsonlite',
  'openssl', 'pillar', 'pkgbuild', 'processx', 'ps', 'purrr', 'R6', 'Rcpp',
  'rlang', 'sessioninfo', 'systemfonts', 'testthat', 'textshaping', 'tinytex',
  'xfun', 'zip', 'class', 'foreign', 'KernSmooth', 'MASS', 'Matrix', 'nlme',
  'nnet', 'rpart', 'spatial'
Warning message:
In install.packages(...) :
  installation of package ‘hgu95av2.db’ had non-zero exit status

real	0m38.022s
user	0m7.447s
sys	0m3.255s
