'getOption("repos")' replaces Bioconductor standard repositories, see
'help("repositories", package = "BiocManager")' for details.
Replacement repositories:
    CRAN: https://p3m.dev/cran/__linux__/noble/latest
Bioconductor version 3.20 (BiocManager 1.30.25), R 4.4.2 (2024-10-31)
Installing package(s) 'ibh'
also installing the dependencies ‘Biobase’, ‘simpIntLists’, ‘yeastCC’

trying URL 'https://bioconductor.org/packages/3.20/bioc/src/contrib/Biobase_2.66.0.tar.gz'
Content type 'application/x-gzip' length 1978998 bytes (1.9 MB)
==================================================
downloaded 1.9 MB

trying URL 'https://bioconductor.org/packages/3.20/data/experiment/src/contrib/simpIntLists_1.42.0.tar.gz'
Content type 'application/x-gzip' length 4577570 bytes (4.4 MB)
==================================================
downloaded 4.4 MB

trying URL 'https://bioconductor.org/packages/3.20/data/experiment/src/contrib/yeastCC_1.46.0.tar.gz'
Content type 'application/x-gzip' length 6126068 bytes (5.8 MB)
==================================================
downloaded 5.8 MB

trying URL 'https://bioconductor.org/packages/3.20/bioc/src/contrib/ibh_1.54.0.tar.gz'
Content type 'application/x-gzip' length 131144 bytes (128 KB)
==================================================
downloaded 128 KB

ERROR: failed to lock directory ‘/mnt/library’ for modifying
Try removing ‘/mnt/library/00LOCK-Biobase’
* installing *source* package ‘simpIntLists’ ...
** using staged installation
** R
** data
** inst
** byte-compile and prepare package for lazy loading
** help
*** installing help indices
** building package indices
** installing vignettes
** testing if installed package can be loaded from temporary location
** testing if installed package can be loaded from final location
** testing if installed package keeps a record of temporary installation path
* creating tarball
packaged installation of ‘simpIntLists’ as ‘simpIntLists_1.42.0_R_x86_64-pc-linux-gnu.tar.gz’
* DONE (simpIntLists)
* installing *source* package ‘yeastCC’ ...
** using staged installation
** data
*** moving datasets to lazyload DB
** inst
** help
*** installing help indices
** building package indices
** installing vignettes
** testing if installed package can be loaded from temporary location
** testing if installed package can be loaded from final location
** testing if installed package keeps a record of temporary installation path
* creating tarball
packaged installation of ‘yeastCC’ as ‘yeastCC_1.46.0_R_x86_64-pc-linux-gnu.tar.gz’
* DONE (yeastCC)
* installing *source* package ‘ibh’ ...
** package ‘ibh’ successfully unpacked and MD5 sums checked
** using staged installation
** R
** inst
** byte-compile and prepare package for lazy loading
** help
*** installing help indices
** building package indices
** installing vignettes
** testing if installed package can be loaded from temporary location
** testing if installed package can be loaded from final location
** testing if installed package keeps a record of temporary installation path
* creating tarball
packaged installation of ‘ibh’ as ‘ibh_1.54.0_R_x86_64-pc-linux-gnu.tar.gz’
* DONE (ibh)

The downloaded source packages are in
	‘/tmp/Rtmpk0m3aT/downloaded_packages’
Old packages: 'bslib', 'cli', 'curl', 'evaluate', 'httr2', 'jsonlite',
  'openssl', 'pillar', 'pkgbuild', 'processx', 'ps', 'purrr', 'R6', 'Rcpp',
  'rlang', 'sessioninfo', 'systemfonts', 'testthat', 'textshaping', 'tinytex',
  'xfun', 'zip', 'class', 'foreign', 'KernSmooth', 'MASS', 'Matrix', 'nlme',
  'nnet', 'rpart', 'spatial'
Warning message:
In install.packages(...) :
  installation of package ‘Biobase’ had non-zero exit status

real	6m50.595s
user	0m10.097s
sys	0m4.216s
