'getOption("repos")' replaces Bioconductor standard repositories, see
'help("repositories", package = "BiocManager")' for details.
Replacement repositories:
    CRAN: https://p3m.dev/cran/__linux__/noble/latest
Bioconductor version 3.20 (BiocManager 1.30.25), R 4.4.2 (2024-10-31)
Installing package(s) 'BioNet'
also installing the dependency ‘DLBCL’

trying URL 'https://bioconductor.org/packages/3.20/data/experiment/src/contrib/DLBCL_1.46.0.tar.gz'
Content type 'application/x-gzip' length 5793446 bytes (5.5 MB)
==================================================
downloaded 5.5 MB

trying URL 'https://bioconductor.org/packages/3.20/bioc/src/contrib/BioNet_1.66.0.tar.gz'
Content type 'application/x-gzip' length 1890628 bytes (1.8 MB)
==================================================
downloaded 1.8 MB

* installing *source* package ‘DLBCL’ ...
** using staged installation
** data
** help
*** installing help indices
** building package indices
** testing if installed package can be loaded from temporary location
** testing if installed package can be loaded from final location
** testing if installed package keeps a record of temporary installation path
* creating tarball
packaged installation of ‘DLBCL’ as ‘DLBCL_1.46.0_R_x86_64-pc-linux-gnu.tar.gz’
* DONE (DLBCL)
* installing *source* package ‘BioNet’ ...
** package ‘BioNet’ successfully unpacked and MD5 sums checked
** using staged installation
** R
** data
** inst
** byte-compile and prepare package for lazy loading
** help
*** installing help indices
** building package indices
** installing vignettes
** testing if installed package can be loaded from temporary location
** testing if installed package can be loaded from final location
** testing if installed package keeps a record of temporary installation path
* creating tarball
packaged installation of ‘BioNet’ as ‘BioNet_1.66.0_R_x86_64-pc-linux-gnu.tar.gz’
* DONE (BioNet)

The downloaded source packages are in
	‘/tmp/Rtmpr3RGga/downloaded_packages’
Old packages: 'bslib', 'cli', 'curl', 'evaluate', 'httr2', 'jsonlite',
  'openssl', 'pillar', 'pkgbuild', 'processx', 'ps', 'purrr', 'R6', 'Rcpp',
  'rlang', 'sessioninfo', 'systemfonts', 'testthat', 'textshaping', 'tinytex',
  'xfun', 'zip', 'class', 'foreign', 'KernSmooth', 'MASS', 'Matrix', 'nlme',
  'nnet', 'rpart', 'spatial'

real	1m12.947s
user	0m19.160s
sys	0m4.964s
