'getOption("repos")' replaces Bioconductor standard repositories, see
'help("repositories", package = "BiocManager")' for details.
Replacement repositories:
    CRAN: https://p3m.dev/cran/__linux__/noble/latest
Bioconductor version 3.20 (BiocManager 1.30.25), R 4.4.2 (2024-10-31)
Installing package(s) 'ramwas'
also installing the dependencies ‘filematrix’, ‘BSgenome.Ecoli.NCBI.20080805’

trying URL 'https://p3m.dev/cran/__linux__/noble/latest/src/contrib/filematrix_1.3.tar.gz'
Content type 'binary/octet-stream' length 1183942 bytes (1.1 MB)
==================================================
downloaded 1.1 MB

trying URL 'https://bioconductor.org/packages/3.20/data/annotation/src/contrib/BSgenome.Ecoli.NCBI.20080805_1.3.1000.tar.gz'
Content type 'application/x-gzip' length 18841098 bytes (18.0 MB)
==================================================
downloaded 18.0 MB

trying URL 'https://bioconductor.org/packages/3.20/bioc/src/contrib/ramwas_1.30.0.tar.gz'
Content type 'application/x-gzip' length 3369116 bytes (3.2 MB)
==================================================
downloaded 3.2 MB

* installing *binary* package ‘filematrix’ ...
* ‘filematrix’ was already a binary package and will not be rebuilt
* creating tarball
packaged installation of ‘filematrix’ as ‘filematrix_1.3_R_x86_64-pc-linux-gnu.tar.gz’
* DONE (filematrix)
* installing *source* package ‘BSgenome.Ecoli.NCBI.20080805’ ...
** using staged installation
** R
** inst
** byte-compile and prepare package for lazy loading
** help
*** installing help indices
** building package indices
** testing if installed package can be loaded from temporary location
** testing if installed package can be loaded from final location
** testing if installed package keeps a record of temporary installation path
* creating tarball
packaged installation of ‘BSgenome.Ecoli.NCBI.20080805’ as ‘BSgenome.Ecoli.NCBI.20080805_1.3.1000_R_x86_64-pc-linux-gnu.tar.gz’
* DONE (BSgenome.Ecoli.NCBI.20080805)
* installing *source* package ‘ramwas’ ...
** package ‘ramwas’ successfully unpacked and MD5 sums checked
** using staged installation
** libs
using C compiler: ‘gcc (Ubuntu 13.3.0-6ubuntu2~24.04) 13.3.0’
gcc -I"/usr/local/lib/R/include" -DNDEBUG   -I/usr/local/include    -fpic  -g -O2 -fstack-protector-strong -Wformat -Wformat-security -Wdate-time -D_FORTIFY_SOURCE=2 -g  -c rw_c_code.c -o rw_c_code.o
gcc -shared -L/usr/local/lib/R/lib -L/usr/local/lib -o ramwas.so rw_c_code.o -L/usr/local/lib/R/lib -lR
installing to /mnt/library/00LOCK-ramwas/00new/ramwas/libs
** R
** inst
** byte-compile and prepare package for lazy loading
** help
*** installing help indices
*** copying figures
** building package indices
** installing vignettes
** testing if installed package can be loaded from temporary location
** checking absolute paths in shared objects and dynamic libraries
** testing if installed package can be loaded from final location
** testing if installed package keeps a record of temporary installation path
* creating tarball
packaged installation of ‘ramwas’ as ‘ramwas_1.30.0_R_x86_64-pc-linux-gnu.tar.gz’
* DONE (ramwas)

The downloaded source packages are in
	‘/tmp/RtmpfLUYrl/downloaded_packages’
Old packages: 'bslib', 'cli', 'curl', 'evaluate', 'httr2', 'jsonlite',
  'openssl', 'pillar', 'pkgbuild', 'processx', 'ps', 'purrr', 'R6', 'Rcpp',
  'rlang', 'sessioninfo', 'systemfonts', 'testthat', 'textshaping', 'tinytex',
  'xfun', 'zip', 'class', 'foreign', 'KernSmooth', 'MASS', 'Matrix', 'nlme',
  'nnet', 'rpart', 'spatial'

real	10m40.447s
user	1m8.364s
sys	0m10.312s
