'getOption("repos")' replaces Bioconductor standard repositories, see
'help("repositories", package = "BiocManager")' for details.
Replacement repositories:
    CRAN: https://p3m.dev/cran/__linux__/noble/latest
Bioconductor version 3.20 (BiocManager 1.30.25), R 4.4.2 (2024-10-31)
Installing package(s) 'UniProt.ws'
trying URL 'https://bioconductor.org/packages/3.20/bioc/src/contrib/UniProt.ws_2.46.1.tar.gz'
Content type 'application/x-gzip' length 242002 bytes (236 KB)
==================================================
downloaded 236 KB

* installing *source* package ‘UniProt.ws’ ...
** using staged installation
** R
** inst
** byte-compile and prepare package for lazy loading
** help
*** installing help indices
** building package indices
** installing vignettes
** testing if installed package can be loaded from temporary location
** testing if installed package can be loaded from final location
** testing if installed package keeps a record of temporary installation path
* creating tarball
packaged installation of ‘UniProt.ws’ as ‘UniProt.ws_2.46.1_R_x86_64-pc-linux-gnu.tar.gz’
* DONE (UniProt.ws)

The downloaded source packages are in
	‘/tmp/RtmpRyjB92/downloaded_packages’
Old packages: 'bslib', 'cli', 'curl', 'evaluate', 'httr2', 'jsonlite',
  'openssl', 'pillar', 'pkgbuild', 'processx', 'ps', 'purrr', 'R6', 'Rcpp',
  'rlang', 'sessioninfo', 'systemfonts', 'testthat', 'textshaping', 'tinytex',
  'xfun', 'zip', 'class', 'foreign', 'KernSmooth', 'MASS', 'Matrix', 'nlme',
  'nnet', 'rpart', 'spatial'

real	55m16.248s
user	0m20.569s
sys	0m5.723s
