'getOption("repos")' replaces Bioconductor standard repositories, see
'help("repositories", package = "BiocManager")' for details.
Replacement repositories:
    CRAN: https://p3m.dev/cran/__linux__/noble/latest
Bioconductor version 3.20 (BiocManager 1.30.25), R 4.4.2 (2024-10-31)
Installing package(s) 'SMAD'
also installing the dependencies ‘gmp’, ‘RcppAlgos’

trying URL 'https://p3m.dev/cran/__linux__/noble/latest/src/contrib/gmp_0.7-5.tar.gz'
Content type 'binary/octet-stream' length 331168 bytes (323 KB)
==================================================
downloaded 323 KB

trying URL 'https://p3m.dev/cran/__linux__/noble/latest/src/contrib/RcppAlgos_2.9.3.tar.gz'
Content type 'binary/octet-stream' length 1528659 bytes (1.5 MB)
==================================================
downloaded 1.5 MB

trying URL 'https://bioconductor.org/packages/3.20/bioc/src/contrib/SMAD_1.22.0.tar.gz'
Content type 'application/x-gzip' length 449569 bytes (439 KB)
==================================================
downloaded 439 KB

* installing *binary* package ‘gmp’ ...
* ‘gmp’ was already a binary package and will not be rebuilt
* creating tarball
packaged installation of ‘gmp’ as ‘gmp_0.7-5_R_x86_64-pc-linux-gnu.tar.gz’
* DONE (gmp)
* installing *binary* package ‘RcppAlgos’ ...
* ‘RcppAlgos’ was already a binary package and will not be rebuilt
* creating tarball
packaged installation of ‘RcppAlgos’ as ‘RcppAlgos_2.9.3_R_x86_64-pc-linux-gnu.tar.gz’
* DONE (RcppAlgos)
* installing *source* package ‘SMAD’ ...
** package ‘SMAD’ successfully unpacked and MD5 sums checked
** using staged installation
** libs
using C++ compiler: ‘g++ (Ubuntu 13.3.0-6ubuntu2~24.04) 13.3.0’
g++ -std=gnu++17 -I"/usr/local/lib/R/include" -DNDEBUG  -I'/usr/local/lib/R/site-library/Rcpp/include' -I/usr/local/include    -fpic  -g -O2 -fstack-protector-strong -Wformat -Wformat-security -Wdate-time -D_FORTIFY_SOURCE=2 -g  -DR_NO_REMAP -c GetDICE.cpp -o GetDICE.o
g++ -std=gnu++17 -I"/usr/local/lib/R/include" -DNDEBUG  -I'/usr/local/lib/R/site-library/Rcpp/include' -I/usr/local/include    -fpic  -g -O2 -fstack-protector-strong -Wformat -Wformat-security -Wdate-time -D_FORTIFY_SOURCE=2 -g  -DR_NO_REMAP -c GetPPN.cpp -o GetPPN.o
g++ -std=gnu++17 -I"/usr/local/lib/R/include" -DNDEBUG  -I'/usr/local/lib/R/site-library/Rcpp/include' -I/usr/local/include    -fpic  -g -O2 -fstack-protector-strong -Wformat -Wformat-security -Wdate-time -D_FORTIFY_SOURCE=2 -g  -DR_NO_REMAP -c RcppExports.cpp -o RcppExports.o
g++ -std=gnu++17 -shared -L/usr/local/lib/R/lib -L/usr/local/lib -o SMAD.so GetDICE.o GetPPN.o RcppExports.o -L/usr/local/lib/R/lib -lR
installing to /mnt/library/00LOCK-SMAD/00new/SMAD/libs
** R
** data
*** moving datasets to lazyload DB
** inst
** byte-compile and prepare package for lazy loading
** help
*** installing help indices
** building package indices
** installing vignettes
** testing if installed package can be loaded from temporary location
** checking absolute paths in shared objects and dynamic libraries
** testing if installed package can be loaded from final location
** testing if installed package keeps a record of temporary installation path
* creating tarball
packaged installation of ‘SMAD’ as ‘SMAD_1.22.0_R_x86_64-pc-linux-gnu.tar.gz’
* DONE (SMAD)

The downloaded source packages are in
	‘/tmp/Rtmp4EUQ9t/downloaded_packages’
Old packages: 'bslib', 'cli', 'curl', 'evaluate', 'httr2', 'jsonlite',
  'openssl', 'pillar', 'pkgbuild', 'processx', 'ps', 'purrr', 'R6', 'Rcpp',
  'rlang', 'sessioninfo', 'systemfonts', 'testthat', 'textshaping', 'tinytex',
  'xfun', 'zip', 'class', 'foreign', 'KernSmooth', 'MASS', 'Matrix', 'nlme',
  'nnet', 'rpart', 'spatial'

real	1m7.517s
user	0m14.016s
sys	0m3.822s
