'getOption("repos")' replaces Bioconductor standard repositories, see
'help("repositories", package = "BiocManager")' for details.
Replacement repositories:
    CRAN: https://p3m.dev/cran/__linux__/noble/latest
Bioconductor version 3.20 (BiocManager 1.30.25), R 4.4.2 (2024-10-31)
Installing package(s) 'GateFinder'
also installing the dependencies ‘splancs’, ‘mvoutlier’

trying URL 'https://p3m.dev/cran/__linux__/noble/latest/src/contrib/splancs_2.01-45.tar.gz'
Content type 'binary/octet-stream' length 317523 bytes (310 KB)
==================================================
downloaded 310 KB

trying URL 'https://p3m.dev/cran/__linux__/noble/latest/src/contrib/mvoutlier_2.1.1.tar.gz'
Content type 'binary/octet-stream' length 799602 bytes (780 KB)
==================================================
downloaded 780 KB

trying URL 'https://bioconductor.org/packages/3.20/bioc/src/contrib/GateFinder_1.26.0.tar.gz'
Content type 'application/x-gzip' length 596825 bytes (582 KB)
==================================================
downloaded 582 KB

* installing *binary* package ‘splancs’ ...
* ‘splancs’ was already a binary package and will not be rebuilt
* creating tarball
packaged installation of ‘splancs’ as ‘splancs_2.01-45_R_x86_64-pc-linux-gnu.tar.gz’
* DONE (splancs)
* installing *binary* package ‘mvoutlier’ ...
* ‘mvoutlier’ was already a binary package and will not be rebuilt
* creating tarball
packaged installation of ‘mvoutlier’ as ‘mvoutlier_2.1.1_R_x86_64-pc-linux-gnu.tar.gz’
* DONE (mvoutlier)
* installing *source* package ‘GateFinder’ ...
** package ‘GateFinder’ successfully unpacked and MD5 sums checked
** using staged installation
** R
** data
** inst
** byte-compile and prepare package for lazy loading
** help
*** installing help indices
** building package indices
** installing vignettes
** testing if installed package can be loaded from temporary location
** testing if installed package can be loaded from final location
** testing if installed package keeps a record of temporary installation path
* creating tarball
packaged installation of ‘GateFinder’ as ‘GateFinder_1.26.0_R_x86_64-pc-linux-gnu.tar.gz’
* DONE (GateFinder)

The downloaded source packages are in
	‘/tmp/RtmpxrKRZZ/downloaded_packages’
Old packages: 'bslib', 'cli', 'curl', 'evaluate', 'httr2', 'jsonlite',
  'openssl', 'pillar', 'pkgbuild', 'processx', 'ps', 'purrr', 'R6', 'Rcpp',
  'rlang', 'sessioninfo', 'systemfonts', 'testthat', 'textshaping', 'tinytex',
  'xfun', 'zip', 'class', 'foreign', 'KernSmooth', 'MASS', 'Matrix', 'nlme',
  'nnet', 'rpart', 'spatial'

real	0m32.467s
user	0m13.755s
sys	0m4.373s
