'getOption("repos")' replaces Bioconductor standard repositories, see
'help("repositories", package = "BiocManager")' for details.
Replacement repositories:
    CRAN: https://p3m.dev/cran/__linux__/noble/latest
Bioconductor version 3.20 (BiocManager 1.30.25), R 4.4.2 (2024-10-31)
Installing package(s) 'genArise'
also installing the dependency ‘tkrplot’

trying URL 'https://p3m.dev/cran/__linux__/noble/latest/src/contrib/tkrplot_0.0-27.tar.gz'
Content type 'application/x-tar' length 33509 bytes (32 KB)
==================================================
downloaded 32 KB

trying URL 'https://bioconductor.org/packages/3.20/bioc/src/contrib/genArise_1.82.0.tar.gz'
Content type 'application/x-gzip' length 1078114 bytes (1.0 MB)
==================================================
downloaded 1.0 MB

* installing *source* package ‘tkrplot’ ...
** package ‘tkrplot’ successfully unpacked and MD5 sums checked
** using staged installation
configure: creating ./config.status
config.status: creating src/Makevars
** libs
using C compiler: ‘gcc (Ubuntu 13.3.0-6ubuntu2~24.04) 13.3.0’
gcc -I"/usr/local/lib/R/include" -DNDEBUG -I/usr/include/tcl8.6 -I/usr/include/tcl8.6  -I/usr/local/include    -fpic  -g -O2 -fstack-protector-strong -Wformat -Wformat-security -Wdate-time -D_FORTIFY_SOURCE=2 -g  -c tcltkimg.c -o tcltkimg.o
gcc -shared -L/usr/local/lib/R/lib -L/usr/local/lib -o tkrplot.so tcltkimg.o -L/usr/lib/x86_64-linux-gnu -ltcl8.6 -L/usr/lib/x86_64-linux-gnu -ltk8.6 -lX11 -lXss -lXext -L/usr/local/lib/R/lib -lR
installing to /mnt/library/00LOCK-tkrplot/00new/tkrplot/libs
** R
** byte-compile and prepare package for lazy loading
Warning message:
no DISPLAY variable so Tk is not available 
** help
*** installing help indices
** building package indices
** testing if installed package can be loaded from temporary location
Warning: no DISPLAY variable so Tk is not available
Warning: loading Rplot failed
** checking absolute paths in shared objects and dynamic libraries
** testing if installed package can be loaded from final location
Warning: no DISPLAY variable so Tk is not available
Warning: loading Rplot failed
** testing if installed package keeps a record of temporary installation path
* creating tarball
packaged installation of ‘tkrplot’ as ‘tkrplot_0.0-27_R_x86_64-pc-linux-gnu.tar.gz’
* DONE (tkrplot)
* installing *source* package ‘genArise’ ...
** package ‘genArise’ successfully unpacked and MD5 sums checked
** using staged installation
** R
** data
** inst
** byte-compile and prepare package for lazy loading
Warning messages:
1: no DISPLAY variable so Tk is not available 
2: loading Rplot failed 
Note: possible error in 'pdf(paste(name, ".pdf", ': unused argument (horiz = FALSE) 
Note: possible error in 'pdf(paste(name, ".pdf", ': unused argument (horiz = FALSE) 
Note: possible error in 'pdf(paste(name, "OriginalCy3vsCy5.pdf", ': unused argument (horiz = F) 
Note: possible error in 'pdf(paste(name, "OriginalRvsI.pdf", ': unused argument (horiz = F) 
Note: possible error in 'pdf(paste(name, "OriginalMvsA.pdf", ': unused argument (horiz = F) 
Note: possible error in 'pdf(paste(name, "CorrectedCy3vsCy5.pdf", ': unused argument (horiz = F) 
Note: possible error in 'pdf(paste(name, "CorrectedRvsI.pdf", ': unused argument (horiz = F) 
Note: possible error in 'pdf(paste(name, "CorrectedMvsA.pdf", ': unused argument (horiz = F) 
Note: possible error in 'pdf(paste(name, "NormalCy3vsCy5.pdf", ': unused argument (horiz = F) 
Note: possible error in 'pdf(paste(name, "NormalRvsI.pdf", ': unused argument (horiz = F) 
Note: possible error in 'pdf(paste(name, "NormalMvsA.pdf", ': unused argument (horiz = F) 
Note: possible error in 'pdf(paste(name, "FilterCy3vsCy5.pdf", ': unused argument (horiz = F) 
Note: possible error in 'pdf(paste(name, "FilterRvsI.pdf", ': unused argument (horiz = F) 
Note: possible error in 'pdf(paste(name, "FilterMvsA.pdf", ': unused argument (horiz = F) 
Note: possible error in 'pdf(paste(name, "NoDuplicatesCy3vsCy5.pdf", ': unused argument (horiz = F) 
Note: possible error in 'pdf(paste(name, "NoDuplicatesRvsI.pdf", ': unused argument (horiz = F) 
Note: possible error in 'pdf(paste(name, "NoDuplicatesMvsA.pdf", ': unused argument (horiz = F) 
Note: possible error in 'pdf(paste(name, "OriginalCy3vsCy5.pdf", ': unused argument (horiz = F) 
Note: possible error in 'pdf(paste(name, "OriginalRvsI.pdf", ': unused argument (horiz = F) 
Note: possible error in 'pdf(paste(name, "OriginalMvsA.pdf", ': unused argument (horiz = F) 
Note: possible error in 'pdf(paste(name, "CorrectedCy3vsCy5.pdf", ': unused argument (horiz = F) 
Note: possible error in 'pdf(paste(name, "CorrectedRvsI.pdf", ': unused argument (horiz = F) 
Note: possible error in 'pdf(paste(name, "CorrectedMvsA.pdf", ': unused argument (horiz = F) 
Note: possible error in 'pdf(paste(name, "NormalCy3vsCy5.pdf", ': unused argument (horiz = F) 
Note: possible error in 'pdf(paste(name, "NormalRvsI.pdf", ': unused argument (horiz = F) 
Note: possible error in 'pdf(paste(name, "NormalMvsA.pdf", ': unused argument (horiz = F) 
Note: possible error in 'pdf(paste(name, "FilterCy3vsCy5.pdf", ': unused argument (horiz = F) 
Note: possible error in 'pdf(paste(name, "FilterRvsI.pdf", ': unused argument (horiz = F) 
Note: possible error in 'pdf(paste(name, "FilterMvsA.pdf", ': unused argument (horiz = F) 
Note: possible error in 'pdf(paste(name, "NoDuplicatesCy3vsCy5.pdf", ': unused argument (horiz = F) 
Note: possible error in 'pdf(paste(name, "NoDuplicatesRvsI.pdf", ': unused argument (horiz = F) 
Note: possible error in 'pdf(paste(name, "NoDuplicatesMvsA.pdf", ': unused argument (horiz = F) 
Note: possible error in 'pdf(name, horiz = F, ': unused argument (horiz = F) 
Note: possible error in 'pdf(paste(name, ".pdf", ': unused argument (horiz = FALSE) 
Note: possible error in 'pdf(paste(name, "R&G.pdf", ': unused argument (horiz = F) 
Note: possible error in 'pdf(paste(name, "BgCy5.pdf", ': unused argument (horiz = F) 
Note: possible error in 'pdf(paste(name, "BgCy3.pdf", ': unused argument (horiz = F) 
Note: possible error in 'pdf(paste(name, "Swap.pdf", ': unused argument (horiz = F) 
** help
*** installing help indices
** building package indices
** installing vignettes
** testing if installed package can be loaded from temporary location
Warning: no DISPLAY variable so Tk is not available
Warning: loading Rplot failed
** testing if installed package can be loaded from final location
Warning: no DISPLAY variable so Tk is not available
Warning: loading Rplot failed
** testing if installed package keeps a record of temporary installation path
* creating tarball
packaged installation of ‘genArise’ as ‘genArise_1.82.0_R_x86_64-pc-linux-gnu.tar.gz’
* DONE (genArise)

The downloaded source packages are in
	‘/tmp/RtmpseHS6C/downloaded_packages’
Old packages: 'bslib', 'cli', 'curl', 'evaluate', 'httr2', 'jsonlite',
  'openssl', 'pillar', 'pkgbuild', 'processx', 'ps', 'purrr', 'R6', 'Rcpp',
  'rlang', 'sessioninfo', 'systemfonts', 'testthat', 'textshaping', 'tinytex',
  'xfun', 'zip', 'class', 'foreign', 'KernSmooth', 'MASS', 'Matrix', 'nlme',
  'nnet', 'rpart', 'spatial'

real	6m19.004s
user	0m11.818s
sys	0m4.736s
