'getOption("repos")' replaces Bioconductor standard repositories, see
'help("repositories", package = "BiocManager")' for details.
Replacement repositories:
    CRAN: https://p3m.dev/cran/__linux__/noble/latest
Bioconductor version 3.20 (BiocManager 1.30.25), R 4.4.2 (2024-10-31)
Installing package(s) 'ROCpAI'
also installing the dependency ‘fission’

trying URL 'https://bioconductor.org/packages/3.20/data/experiment/src/contrib/fission_1.26.0.tar.gz'
Content type 'application/x-gzip' length 436854 bytes (426 KB)
==================================================
downloaded 426 KB

trying URL 'https://bioconductor.org/packages/3.20/bioc/src/contrib/ROCpAI_1.18.0.tar.gz'
Content type 'application/x-gzip' length 417495 bytes (407 KB)
==================================================
downloaded 407 KB

* installing *source* package ‘fission’ ...
** using staged installation
** data
** inst
** help
*** installing help indices
** building package indices
** installing vignettes
** testing if installed package can be loaded from temporary location
** testing if installed package can be loaded from final location
** testing if installed package keeps a record of temporary installation path
* creating tarball
packaged installation of ‘fission’ as ‘fission_1.26.0_R_x86_64-pc-linux-gnu.tar.gz’
* DONE (fission)
* installing *source* package ‘ROCpAI’ ...
** using staged installation
** R
** inst
** byte-compile and prepare package for lazy loading
** help
*** installing help indices
** building package indices
** installing vignettes
** testing if installed package can be loaded from temporary location
** testing if installed package can be loaded from final location
** testing if installed package keeps a record of temporary installation path
* creating tarball
packaged installation of ‘ROCpAI’ as ‘ROCpAI_1.18.0_R_x86_64-pc-linux-gnu.tar.gz’
* DONE (ROCpAI)

The downloaded source packages are in
	‘/tmp/RtmpS7HHNb/downloaded_packages’
Old packages: 'bslib', 'cli', 'curl', 'evaluate', 'httr2', 'jsonlite',
  'openssl', 'pillar', 'pkgbuild', 'processx', 'ps', 'purrr', 'R6', 'Rcpp',
  'rlang', 'sessioninfo', 'systemfonts', 'testthat', 'textshaping', 'tinytex',
  'xfun', 'zip', 'class', 'foreign', 'KernSmooth', 'MASS', 'Matrix', 'nlme',
  'nnet', 'rpart', 'spatial'

real	54m41.784s
user	0m35.284s
sys	0m7.484s
