'getOption("repos")' replaces Bioconductor standard repositories, see
'help("repositories", package = "BiocManager")' for details.
Replacement repositories:
    CRAN: https://p3m.dev/cran/__linux__/noble/latest
Bioconductor version 3.20 (BiocManager 1.30.25), R 4.4.2 (2024-10-31)
Installing package(s) 'affy'
also installing the dependencies ‘affydata’, ‘hgu95av2cdf’

trying URL 'https://bioconductor.org/packages/3.20/data/experiment/src/contrib/affydata_1.54.0.tar.gz'
Content type 'application/x-gzip' length 12807698 bytes (12.2 MB)
==================================================
downloaded 12.2 MB

trying URL 'https://bioconductor.org/packages/3.20/data/annotation/src/contrib/hgu95av2cdf_2.18.0.tar.gz'
Content type 'application/x-gzip' length 1331391 bytes (1.3 MB)
==================================================
downloaded 1.3 MB

trying URL 'https://bioconductor.org/packages/3.20/bioc/src/contrib/affy_1.84.0.tar.gz'
Content type 'application/x-gzip' length 1770606 bytes (1.7 MB)
==================================================
downloaded 1.7 MB

* installing *source* package ‘hgu95av2cdf’ ...
** using staged installation
** R
** data
** byte-compile and prepare package for lazy loading
Warning: replacing previous import ‘AnnotationDbi::tail’ by ‘utils::tail’ when loading ‘hgu95av2cdf’
Warning: replacing previous import ‘AnnotationDbi::head’ by ‘utils::head’ when loading ‘hgu95av2cdf’
** help
*** installing help indices
** building package indices
** testing if installed package can be loaded from temporary location
Warning: replacing previous import ‘AnnotationDbi::tail’ by ‘utils::tail’ when loading ‘hgu95av2cdf’
Warning: replacing previous import ‘AnnotationDbi::head’ by ‘utils::head’ when loading ‘hgu95av2cdf’
** testing if installed package can be loaded from final location
Warning: replacing previous import ‘AnnotationDbi::tail’ by ‘utils::tail’ when loading ‘hgu95av2cdf’
Warning: replacing previous import ‘AnnotationDbi::head’ by ‘utils::head’ when loading ‘hgu95av2cdf’
** testing if installed package keeps a record of temporary installation path
* creating tarball
packaged installation of ‘hgu95av2cdf’ as ‘hgu95av2cdf_2.18.0_R_x86_64-pc-linux-gnu.tar.gz’
* DONE (hgu95av2cdf)
* installing *source* package ‘affy’ ...
** package ‘affy’ successfully unpacked and MD5 sums checked
** using staged installation
creating cache ./config.cache
checking how to run the C preprocessor... gcc -E
checking for main in -lz... yes
checking for zlib.h... yes
checking if zlib version >= 1.1.3... yes
updating cache ./config.cache
creating ./config.status
creating src/Makevars
** libs
using C compiler: ‘gcc (Ubuntu 13.3.0-6ubuntu2~24.04) 13.3.0’
gcc -I"/usr/local/lib/R/include" -DNDEBUG -DHAVE_ZLIB=1  -I'/mnt/library/preprocessCore/include' -I/usr/local/include   -g -O2 -fstack-protector-strong -Wformat -Wformat-security -Wdate-time -D_FORTIFY_SOURCE=2 -g -fpic  -g -O2 -fstack-protector-strong -Wformat -Wformat-security -Wdate-time -D_FORTIFY_SOURCE=2 -g  -c chipbackground.c -o chipbackground.o
gcc -I"/usr/local/lib/R/include" -DNDEBUG -DHAVE_ZLIB=1  -I'/mnt/library/preprocessCore/include' -I/usr/local/include   -g -O2 -fstack-protector-strong -Wformat -Wformat-security -Wdate-time -D_FORTIFY_SOURCE=2 -g -fpic  -g -O2 -fstack-protector-strong -Wformat -Wformat-security -Wdate-time -D_FORTIFY_SOURCE=2 -g  -c getall_locations.c -o getall_locations.o
gcc -I"/usr/local/lib/R/include" -DNDEBUG -DHAVE_ZLIB=1  -I'/mnt/library/preprocessCore/include' -I/usr/local/include   -g -O2 -fstack-protector-strong -Wformat -Wformat-security -Wdate-time -D_FORTIFY_SOURCE=2 -g -fpic  -g -O2 -fstack-protector-strong -Wformat -Wformat-security -Wdate-time -D_FORTIFY_SOURCE=2 -g  -c mas5calls.c -o mas5calls.o
gcc -I"/usr/local/lib/R/include" -DNDEBUG -DHAVE_ZLIB=1  -I'/mnt/library/preprocessCore/include' -I/usr/local/include   -g -O2 -fstack-protector-strong -Wformat -Wformat-security -Wdate-time -D_FORTIFY_SOURCE=2 -g -fpic  -g -O2 -fstack-protector-strong -Wformat -Wformat-security -Wdate-time -D_FORTIFY_SOURCE=2 -g  -c rma2.c -o rma2.o
gcc -I"/usr/local/lib/R/include" -DNDEBUG -DHAVE_ZLIB=1  -I'/mnt/library/preprocessCore/include' -I/usr/local/include   -g -O2 -fstack-protector-strong -Wformat -Wformat-security -Wdate-time -D_FORTIFY_SOURCE=2 -g -fpic  -g -O2 -fstack-protector-strong -Wformat -Wformat-security -Wdate-time -D_FORTIFY_SOURCE=2 -g  -c rma_common.c -o rma_common.o
gcc -shared -L/usr/local/lib/R/lib -L/usr/local/lib -o affy.so chipbackground.o getall_locations.o mas5calls.o rma2.o rma_common.o -lz -L/usr/local/lib/R/lib -lR
installing to /mnt/library/00LOCK-affy/00new/affy/libs
** R
** data
** demo
** inst
** byte-compile and prepare package for lazy loading
** help
*** installing help indices
** building package indices
** installing vignettes
** testing if installed package can be loaded from temporary location
** checking absolute paths in shared objects and dynamic libraries
** testing if installed package can be loaded from final location
** testing if installed package keeps a record of temporary installation path
* creating tarball
packaged installation of ‘affy’ as ‘affy_1.84.0_R_x86_64-pc-linux-gnu.tar.gz’
* DONE (affy)
* installing *source* package ‘affydata’ ...
** using staged installation
** R
** data
** inst
** byte-compile and prepare package for lazy loading
Error: package ‘affy’ required by ‘affydata’ could not be found
Execution halted
ERROR: lazy loading failed for package ‘affydata’
* removing ‘/mnt/library/affydata’

The downloaded source packages are in
	‘/tmp/Rtmpm5pGip/downloaded_packages’
Old packages: 'bslib', 'cli', 'curl', 'evaluate', 'httr2', 'jsonlite',
  'openssl', 'pillar', 'pkgbuild', 'processx', 'ps', 'purrr', 'R6', 'Rcpp',
  'rlang', 'sessioninfo', 'systemfonts', 'testthat', 'textshaping', 'tinytex',
  'xfun', 'zip', 'class', 'foreign', 'KernSmooth', 'MASS', 'Matrix', 'nlme',
  'nnet', 'rpart', 'spatial'
Warning message:
In install.packages(...) :
  installation of package ‘affydata’ had non-zero exit status
Error: unexpected 'else' in "  else"
Execution halted

real	1m6.086s
user	0m20.621s
sys	0m4.933s
