'getOption("repos")' replaces Bioconductor standard repositories, see
'help("repositories", package = "BiocManager")' for details.
Replacement repositories:
    CRAN: https://p3m.dev/cran/__linux__/noble/latest
Bioconductor version 3.20 (BiocManager 1.30.25), R 4.4.2 (2024-10-31)
Installing package(s) 'flowPloidy'
also installing the dependency ‘flowPloidyData’

trying URL 'https://bioconductor.org/packages/3.20/data/experiment/src/contrib/flowPloidyData_1.32.0.tar.gz'
Content type 'application/x-gzip' length 7443397 bytes (7.1 MB)
==================================================
downloaded 7.1 MB

trying URL 'https://bioconductor.org/packages/3.20/bioc/src/contrib/flowPloidy_1.32.0.tar.gz'
Content type 'application/x-gzip' length 2447187 bytes (2.3 MB)
==================================================
downloaded 2.3 MB

* installing *source* package ‘flowPloidyData’ ...
** using staged installation
** R
** inst
** byte-compile and prepare package for lazy loading
** help
*** installing help indices
** building package indices
** installing vignettes
** testing if installed package can be loaded from temporary location
** testing if installed package can be loaded from final location
** testing if installed package keeps a record of temporary installation path
* creating tarball
packaged installation of ‘flowPloidyData’ as ‘flowPloidyData_1.32.0_R_x86_64-pc-linux-gnu.tar.gz’
* DONE (flowPloidyData)
* installing *source* package ‘flowPloidy’ ...
** package ‘flowPloidy’ successfully unpacked and MD5 sums checked
** using staged installation
** R
** inst
** byte-compile and prepare package for lazy loading
** help
*** installing help indices
** building package indices
** installing vignettes
** testing if installed package can be loaded from temporary location
** testing if installed package can be loaded from final location
** testing if installed package keeps a record of temporary installation path
* creating tarball
packaged installation of ‘flowPloidy’ as ‘flowPloidy_1.32.0_R_x86_64-pc-linux-gnu.tar.gz’
* DONE (flowPloidy)

The downloaded source packages are in
	‘/tmp/RtmpuZePfO/downloaded_packages’
Old packages: 'bslib', 'cli', 'curl', 'evaluate', 'httr2', 'jsonlite',
  'openssl', 'pillar', 'pkgbuild', 'processx', 'ps', 'purrr', 'R6', 'Rcpp',
  'rlang', 'sessioninfo', 'systemfonts', 'testthat', 'textshaping', 'tinytex',
  'xfun', 'zip', 'class', 'foreign', 'KernSmooth', 'MASS', 'Matrix', 'nlme',
  'nnet', 'rpart', 'spatial'

real	1m3.684s
user	0m15.563s
sys	0m4.546s
