'getOption("repos")' replaces Bioconductor standard repositories, see
'help("repositories", package = "BiocManager")' for details.
Replacement repositories:
    CRAN: https://p3m.dev/cran/__linux__/noble/latest
Bioconductor version 3.20 (BiocManager 1.30.25), R 4.4.2 (2024-10-31)
Installing package(s) 'MotifDb'
trying URL 'https://bioconductor.org/packages/3.20/bioc/src/contrib/MotifDb_1.48.0.tar.gz'
Content type 'application/x-gzip' length 3395546 bytes (3.2 MB)
==================================================
downloaded 3.2 MB

* installing *source* package ‘MotifDb’ ...
** package ‘MotifDb’ successfully unpacked and MD5 sums checked
** using staged installation
** R
** inst
** byte-compile and prepare package for lazy loading
** help
*** installing help indices
** building package indices
** installing vignettes
** testing if installed package can be loaded from temporary location
See system.file("LICENSE", package="MotifDb") for use restrictions.
** testing if installed package can be loaded from final location
See system.file("LICENSE", package="MotifDb") for use restrictions.
** testing if installed package keeps a record of temporary installation path
* creating tarball
packaged installation of ‘MotifDb’ as ‘MotifDb_1.48.0_R_x86_64-pc-linux-gnu.tar.gz’
* DONE (MotifDb)

The downloaded source packages are in
	‘/tmp/RtmpEO0XqQ/downloaded_packages’
Old packages: 'bslib', 'cli', 'curl', 'evaluate', 'httr2', 'jsonlite',
  'openssl', 'pillar', 'pkgbuild', 'processx', 'ps', 'purrr', 'R6', 'Rcpp',
  'rlang', 'sessioninfo', 'systemfonts', 'testthat', 'textshaping', 'tinytex',
  'xfun', 'zip', 'class', 'foreign', 'KernSmooth', 'MASS', 'Matrix', 'nlme',
  'nnet', 'rpart', 'spatial'

real	2m11.517s
user	0m39.645s
sys	0m6.605s
