'getOption("repos")' replaces Bioconductor standard repositories, see
'help("repositories", package = "BiocManager")' for details.
Replacement repositories:
    CRAN: https://p3m.dev/cran/__linux__/noble/latest
Bioconductor version 3.20 (BiocManager 1.30.25), R 4.4.2 (2024-10-31)
Installing package(s) 'bugsigdbr'
trying URL 'https://bioconductor.org/packages/3.20/bioc/src/contrib/bugsigdbr_1.12.0.tar.gz'
Content type 'application/x-gzip' length 338238 bytes (330 KB)
==================================================
downloaded 330 KB

* installing *source* package ‘bugsigdbr’ ...
** package ‘bugsigdbr’ successfully unpacked and MD5 sums checked
** using staged installation
** R
** inst
** byte-compile and prepare package for lazy loading
** help
*** installing help indices
** building package indices
** installing vignettes
** testing if installed package can be loaded from temporary location
** testing if installed package can be loaded from final location
** testing if installed package keeps a record of temporary installation path
* creating tarball
packaged installation of ‘bugsigdbr’ as ‘bugsigdbr_1.12.0_R_x86_64-pc-linux-gnu.tar.gz’
* DONE (bugsigdbr)

The downloaded source packages are in
	‘/tmp/RtmpnDhKFF/downloaded_packages’
Old packages: 'bslib', 'cli', 'curl', 'evaluate', 'httr2', 'jsonlite',
  'openssl', 'pillar', 'pkgbuild', 'processx', 'ps', 'purrr', 'R6', 'Rcpp',
  'rlang', 'sessioninfo', 'systemfonts', 'testthat', 'textshaping', 'tinytex',
  'xfun', 'zip', 'class', 'foreign', 'KernSmooth', 'MASS', 'Matrix', 'nlme',
  'nnet', 'rpart', 'spatial'

real	7m47.503s
user	0m6.917s
sys	0m2.840s
