'getOption("repos")' replaces Bioconductor standard repositories, see
'help("repositories", package = "BiocManager")' for details.
Replacement repositories:
    CRAN: https://p3m.dev/cran/__linux__/noble/latest
Bioconductor version 3.20 (BiocManager 1.30.25), R 4.4.2 (2024-10-31)
Installing package(s) 'MeasurementError.cor'
trying URL 'https://bioconductor.org/packages/3.20/bioc/src/contrib/MeasurementError.cor_1.78.0.tar.gz'
Content type 'application/x-gzip' length 154938 bytes (151 KB)
==================================================
downloaded 151 KB

* installing *source* package ‘MeasurementError.cor’ ...
** package ‘MeasurementError.cor’ successfully unpacked and MD5 sums checked
** using staged installation
** R
** inst
** byte-compile and prepare package for lazy loading
** help
*** installing help indices
** building package indices
** installing vignettes
** testing if installed package can be loaded from temporary location
** testing if installed package can be loaded from final location
** testing if installed package keeps a record of temporary installation path
* creating tarball
packaged installation of ‘MeasurementError.cor’ as ‘MeasurementError.cor_1.78.0_R_x86_64-pc-linux-gnu.tar.gz’
* DONE (MeasurementError.cor)

The downloaded source packages are in
	‘/tmp/RtmpU4dan3/downloaded_packages’
Old packages: 'bslib', 'cli', 'curl', 'evaluate', 'httr2', 'jsonlite',
  'openssl', 'pillar', 'pkgbuild', 'processx', 'ps', 'purrr', 'R6', 'Rcpp',
  'rlang', 'sessioninfo', 'systemfonts', 'testthat', 'textshaping', 'tinytex',
  'xfun', 'zip', 'class', 'foreign', 'KernSmooth', 'MASS', 'Matrix', 'nlme',
  'nnet', 'rpart', 'spatial'

real	0m25.244s
user	0m4.147s
sys	0m1.505s
