'getOption("repos")' replaces Bioconductor standard repositories, see
'help("repositories", package = "BiocManager")' for details.
Replacement repositories:
    CRAN: https://p3m.dev/cran/__linux__/noble/latest
Bioconductor version 3.20 (BiocManager 1.30.25), R 4.4.2 (2024-10-31)
Installing package(s) 'Sconify'
trying URL 'https://bioconductor.org/packages/3.20/bioc/src/contrib/Sconify_1.26.0.tar.gz'
Content type 'application/x-gzip' length 5032697 bytes (4.8 MB)
==================================================
downloaded 4.8 MB

* installing *source* package ‘Sconify’ ...
** package ‘Sconify’ successfully unpacked and MD5 sums checked
** using staged installation
** R
** data
*** moving datasets to lazyload DB
** inst
** byte-compile and prepare package for lazy loading
Note: wrong number of arguments to '/' 
Note: wrong number of arguments to 'asinh' 
** help
*** installing help indices
** building package indices
** installing vignettes
** testing if installed package can be loaded from temporary location
** testing if installed package can be loaded from final location
** testing if installed package keeps a record of temporary installation path
* creating tarball
packaged installation of ‘Sconify’ as ‘Sconify_1.26.0_R_x86_64-pc-linux-gnu.tar.gz’
* DONE (Sconify)

The downloaded source packages are in
	‘/tmp/RtmpgRP34X/downloaded_packages’
Old packages: 'bslib', 'cli', 'curl', 'evaluate', 'httr2', 'jsonlite',
  'openssl', 'pillar', 'pkgbuild', 'processx', 'ps', 'purrr', 'R6', 'Rcpp',
  'rlang', 'sessioninfo', 'systemfonts', 'testthat', 'textshaping', 'tinytex',
  'xfun', 'zip', 'class', 'foreign', 'KernSmooth', 'MASS', 'Matrix', 'nlme',
  'nnet', 'rpart', 'spatial'

real	0m40.623s
user	0m12.685s
sys	0m3.926s
