'getOption("repos")' replaces Bioconductor standard repositories, see
'help("repositories", package = "BiocManager")' for details.
Replacement repositories:
    CRAN: https://p3m.dev/cran/__linux__/noble/latest
Bioconductor version 3.20 (BiocManager 1.30.25), R 4.4.2 (2024-10-31)
Installing package(s) 'Pirat'
trying URL 'https://bioconductor.org/packages/3.20/bioc/src/contrib/Pirat_1.0.2.tar.gz'
Content type 'application/x-gzip' length 2764061 bytes (2.6 MB)
==================================================
downloaded 2.6 MB

* installing *source* package ‘Pirat’ ...
** package ‘Pirat’ successfully unpacked and MD5 sums checked
** using non-staged installation via StagedInstall field
** R
** data
** inst
** byte-compile and prepare package for lazy loading
** help
*** installing help indices
** building package indices
** installing vignettes
** testing if installed package can be loaded
* creating tarball
packaged installation of ‘Pirat’ as ‘Pirat_1.0.2_R_x86_64-pc-linux-gnu.tar.gz’
* DONE (Pirat)

The downloaded source packages are in
	‘/tmp/RtmpF7xVhE/downloaded_packages’
Old packages: 'bslib', 'cli', 'curl', 'evaluate', 'httr2', 'jsonlite',
  'openssl', 'pillar', 'pkgbuild', 'processx', 'ps', 'purrr', 'R6', 'Rcpp',
  'rlang', 'sessioninfo', 'systemfonts', 'testthat', 'textshaping', 'tinytex',
  'xfun', 'zip', 'class', 'foreign', 'KernSmooth', 'MASS', 'Matrix', 'nlme',
  'nnet', 'rpart', 'spatial'

real	52m40.324s
user	0m22.545s
sys	0m5.534s
