'getOption("repos")' replaces Bioconductor standard repositories, see
'help("repositories", package = "BiocManager")' for details.
Replacement repositories:
    CRAN: https://p3m.dev/cran/__linux__/noble/latest
Bioconductor version 3.20 (BiocManager 1.30.25), R 4.4.2 (2024-10-31)
Installing package(s) 'RedisParam'
also installing the dependencies ‘storr’, ‘redux’

trying URL 'https://p3m.dev/cran/__linux__/noble/latest/src/contrib/storr_1.2.5.tar.gz'
Content type 'binary/octet-stream' length 384604 bytes (375 KB)
==================================================
downloaded 375 KB

trying URL 'https://p3m.dev/cran/__linux__/noble/latest/src/contrib/redux_1.1.4.tar.gz'
Content type 'binary/octet-stream' length 226323 bytes (221 KB)
==================================================
downloaded 221 KB

trying URL 'https://bioconductor.org/packages/3.20/bioc/src/contrib/RedisParam_1.8.0.tar.gz'
Content type 'application/x-gzip' length 974417 bytes (951 KB)
==================================================
downloaded 951 KB

* installing *binary* package ‘storr’ ...
* ‘storr’ was already a binary package and will not be rebuilt
* creating tarball
packaged installation of ‘storr’ as ‘storr_1.2.5_R_x86_64-pc-linux-gnu.tar.gz’
* DONE (storr)
* installing *binary* package ‘redux’ ...
* ‘redux’ was already a binary package and will not be rebuilt
* creating tarball
packaged installation of ‘redux’ as ‘redux_1.1.4_R_x86_64-pc-linux-gnu.tar.gz’
* DONE (redux)
* installing *source* package ‘RedisParam’ ...
** package ‘RedisParam’ successfully unpacked and MD5 sums checked
** using staged installation
** R
** inst
** byte-compile and prepare package for lazy loading
** help
*** installing help indices
** building package indices
** installing vignettes
** testing if installed package can be loaded from temporary location
** testing if installed package can be loaded from final location
** testing if installed package keeps a record of temporary installation path
* creating tarball
packaged installation of ‘RedisParam’ as ‘RedisParam_1.8.0_R_x86_64-pc-linux-gnu.tar.gz’
* DONE (RedisParam)

The downloaded source packages are in
	‘/tmp/RtmpKa9uOO/downloaded_packages’
Old packages: 'bslib', 'cli', 'curl', 'evaluate', 'httr2', 'jsonlite',
  'openssl', 'pillar', 'pkgbuild', 'processx', 'ps', 'purrr', 'R6', 'Rcpp',
  'rlang', 'sessioninfo', 'systemfonts', 'testthat', 'textshaping', 'tinytex',
  'xfun', 'zip', 'class', 'foreign', 'KernSmooth', 'MASS', 'Matrix', 'nlme',
  'nnet', 'rpart', 'spatial'

real	6m51.513s
user	0m9.362s
sys	0m2.920s
