'getOption("repos")' replaces Bioconductor standard repositories, see
'help("repositories", package = "BiocManager")' for details.
Replacement repositories:
    CRAN: https://p3m.dev/cran/__linux__/noble/latest
Bioconductor version 3.20 (BiocManager 1.30.25), R 4.4.2 (2024-10-31)
Installing package(s) 'GenProSeq'
also installing the dependencies ‘XVector’, ‘ScaledMatrix’, ‘GenomicRanges’, ‘DelayedArray’, ‘Biobase’, ‘IRanges’, ‘GenomeInfoDb’, ‘S4Arrays’, ‘scuttle’, ‘SparseArray’, ‘beachmat’, ‘BiocSingular’, ‘SingleCellExperiment’, ‘SummarizedExperiment’, ‘scater’, ‘word2vec’, ‘VAExprs’

trying URL 'https://bioconductor.org/packages/3.20/bioc/src/contrib/XVector_0.46.0.tar.gz'
Content type 'application/x-gzip' length 70185 bytes (68 KB)
==================================================
downloaded 68 KB

trying URL 'https://bioconductor.org/packages/3.20/bioc/src/contrib/ScaledMatrix_1.14.0.tar.gz'
Content type 'application/x-gzip' length 313867 bytes (306 KB)
==================================================
downloaded 306 KB

trying URL 'https://bioconductor.org/packages/3.20/bioc/src/contrib/GenomicRanges_1.58.0.tar.gz'
Content type 'application/x-gzip' length 1374658 bytes (1.3 MB)
==================================================
downloaded 1.3 MB

trying URL 'https://bioconductor.org/packages/3.20/bioc/src/contrib/DelayedArray_0.32.0.tar.gz'
Content type 'application/x-gzip' length 825598 bytes (806 KB)
==================================================
downloaded 806 KB

trying URL 'https://bioconductor.org/packages/3.20/bioc/src/contrib/Biobase_2.66.0.tar.gz'
Content type 'application/x-gzip' length 1978998 bytes (1.9 MB)
==================================================
downloaded 1.9 MB

trying URL 'https://bioconductor.org/packages/3.20/bioc/src/contrib/IRanges_2.40.1.tar.gz'
Content type 'application/x-gzip' length 486989 bytes (475 KB)
==================================================
downloaded 475 KB

trying URL 'https://bioconductor.org/packages/3.20/bioc/src/contrib/GenomeInfoDb_1.42.3.tar.gz'
Content type 'application/x-gzip' length 3592070 bytes (3.4 MB)
==================================================
downloaded 3.4 MB

trying URL 'https://bioconductor.org/packages/3.20/bioc/src/contrib/S4Arrays_1.6.0.tar.gz'
Content type 'application/x-gzip' length 288435 bytes (281 KB)
==================================================
downloaded 281 KB

trying URL 'https://bioconductor.org/packages/3.20/bioc/src/contrib/scuttle_1.16.0.tar.gz'
Content type 'application/x-gzip' length 1034711 bytes (1010 KB)
==================================================
downloaded 1010 KB

trying URL 'https://bioconductor.org/packages/3.20/bioc/src/contrib/SparseArray_1.6.2.tar.gz'
Content type 'application/x-gzip' length 468696 bytes (457 KB)
==================================================
downloaded 457 KB

trying URL 'https://bioconductor.org/packages/3.20/bioc/src/contrib/beachmat_2.22.0.tar.gz'
Content type 'application/x-gzip' length 378908 bytes (370 KB)
==================================================
downloaded 370 KB

trying URL 'https://bioconductor.org/packages/3.20/bioc/src/contrib/BiocSingular_1.22.0.tar.gz'
Content type 'application/x-gzip' length 617927 bytes (603 KB)
==================================================
downloaded 603 KB

trying URL 'https://bioconductor.org/packages/3.20/bioc/src/contrib/SingleCellExperiment_1.28.1.tar.gz'
Content type 'application/x-gzip' length 985694 bytes (962 KB)
==================================================
downloaded 962 KB

trying URL 'https://bioconductor.org/packages/3.20/bioc/src/contrib/SummarizedExperiment_1.36.0.tar.gz'
Content type 'application/x-gzip' length 690951 bytes (674 KB)
==================================================
downloaded 674 KB

trying URL 'https://bioconductor.org/packages/3.20/bioc/src/contrib/scater_1.34.0.tar.gz'
Content type 'application/x-gzip' length 4638399 bytes (4.4 MB)
==================================================
downloaded 4.4 MB

trying URL 'https://p3m.dev/cran/__linux__/noble/latest/src/contrib/word2vec_0.4.0.tar.gz'
Content type 'binary/octet-stream' length 343686 bytes (335 KB)
==================================================
downloaded 335 KB

trying URL 'https://bioconductor.org/packages/3.20/bioc/src/contrib/VAExprs_1.12.0.tar.gz'
Content type 'application/x-gzip' length 575924 bytes (562 KB)
==================================================
downloaded 562 KB

trying URL 'https://bioconductor.org/packages/3.20/bioc/src/contrib/GenProSeq_1.10.0.tar.gz'
Content type 'application/x-gzip' length 1170476 bytes (1.1 MB)
==================================================
downloaded 1.1 MB

ERROR: failed to lock directory ‘/mnt/library’ for modifying
Try removing ‘/mnt/library/00LOCK-Biobase’
ERROR: failed to lock directory ‘/mnt/library’ for modifying
Try removing ‘/mnt/library/00LOCK-IRanges’
* installing *binary* package ‘word2vec’ ...
* ‘word2vec’ was already a binary package and will not be rebuilt
* creating tarball
packaged installation of ‘word2vec’ as ‘word2vec_0.4.0_R_x86_64-pc-linux-gnu.tar.gz’
* DONE (word2vec)
ERROR: dependency ‘IRanges’ is not available for package ‘XVector’
* removing ‘/mnt/library/XVector’
ERROR: dependency ‘IRanges’ is not available for package ‘GenomeInfoDb’
* removing ‘/mnt/library/GenomeInfoDb’
ERROR: dependency ‘IRanges’ is not available for package ‘S4Arrays’
* removing ‘/mnt/library/S4Arrays’
* installing *source* package ‘GenProSeq’ ...
** package ‘GenProSeq’ successfully unpacked and MD5 sums checked
** using staged installation
** R
** data
** inst
** byte-compile and prepare package for lazy loading
** help
*** installing help indices
** building package indices
** installing vignettes
** testing if installed package can be loaded from temporary location
** testing if installed package can be loaded from final location
** testing if installed package keeps a record of temporary installation path
* creating tarball
packaged installation of ‘GenProSeq’ as ‘GenProSeq_1.10.0_R_x86_64-pc-linux-gnu.tar.gz’
* DONE (GenProSeq)
ERROR: dependencies ‘S4Vectors’, ‘IRanges’, ‘GenomeInfoDb’, ‘XVector’ are not available for package ‘GenomicRanges’
* removing ‘/mnt/library/GenomicRanges’
ERROR: dependencies ‘S4Vectors’, ‘S4Arrays’, ‘IRanges’, ‘XVector’ are not available for package ‘SparseArray’
* removing ‘/mnt/library/SparseArray’
ERROR: dependencies ‘S4Vectors’, ‘IRanges’, ‘S4Arrays’, ‘SparseArray’ are not available for package ‘DelayedArray’
* removing ‘/mnt/library/DelayedArray’
ERROR: dependencies ‘S4Vectors’, ‘DelayedArray’ are not available for package ‘ScaledMatrix’
* removing ‘/mnt/library/ScaledMatrix’
ERROR: dependencies ‘DelayedArray’, ‘SparseArray’ are not available for package ‘beachmat’
* removing ‘/mnt/library/beachmat’
ERROR: dependencies ‘GenomicRanges’, ‘Biobase’, ‘S4Vectors’, ‘IRanges’, ‘GenomeInfoDb’, ‘S4Arrays’, ‘DelayedArray’ are not available for package ‘SummarizedExperiment’
* removing ‘/mnt/library/SummarizedExperiment’
ERROR: dependencies ‘S4Vectors’, ‘DelayedArray’, ‘ScaledMatrix’, ‘beachmat’ are not available for package ‘BiocSingular’
* removing ‘/mnt/library/BiocSingular’
ERROR: dependencies ‘SummarizedExperiment’, ‘S4Vectors’, ‘GenomicRanges’, ‘DelayedArray’ are not available for package ‘SingleCellExperiment’
* removing ‘/mnt/library/SingleCellExperiment’
ERROR: dependencies ‘SingleCellExperiment’, ‘S4Vectors’, ‘GenomicRanges’, ‘SummarizedExperiment’, ‘S4Arrays’, ‘SparseArray’, ‘DelayedArray’, ‘beachmat’ are not available for package ‘scuttle’
* removing ‘/mnt/library/scuttle’
ERROR: dependencies ‘SingleCellExperiment’, ‘scuttle’, ‘S4Vectors’, ‘SummarizedExperiment’, ‘SparseArray’, ‘DelayedArray’, ‘beachmat’, ‘BiocSingular’ are not available for package ‘scater’
* removing ‘/mnt/library/scater’
ERROR: dependencies ‘SingleCellExperiment’, ‘SummarizedExperiment’, ‘scater’ are not available for package ‘VAExprs’
* removing ‘/mnt/library/VAExprs’

The downloaded source packages are in
	‘/tmp/RtmpaXLfwp/downloaded_packages’
Old packages: 'bslib', 'cli', 'curl', 'evaluate', 'httr2', 'jsonlite',
  'openssl', 'pillar', 'pkgbuild', 'processx', 'ps', 'purrr', 'R6', 'Rcpp',
  'rlang', 'sessioninfo', 'systemfonts', 'testthat', 'textshaping', 'tinytex',
  'xfun', 'zip', 'class', 'foreign', 'KernSmooth', 'MASS', 'Matrix', 'nlme',
  'nnet', 'rpart', 'spatial'
There were 16 warnings (use warnings() to see them)

real	0m52.067s
user	0m17.528s
sys	0m8.127s
