'getOption("repos")' replaces Bioconductor standard repositories, see
'help("repositories", package = "BiocManager")' for details.
Replacement repositories:
    CRAN: https://p3m.dev/cran/__linux__/noble/latest
Bioconductor version 3.20 (BiocManager 1.30.25), R 4.4.2 (2024-10-31)
Installing package(s) 'NormqPCR'
trying URL 'https://bioconductor.org/packages/3.20/bioc/src/contrib/NormqPCR_1.52.0.tar.gz'
Content type 'application/x-gzip' length 429413 bytes (419 KB)
==================================================
downloaded 419 KB

* installing *source* package ‘NormqPCR’ ...
** package ‘NormqPCR’ successfully unpacked and MD5 sums checked
** using staged installation
** R
** data
*** moving datasets to lazyload DB
** inst
** byte-compile and prepare package for lazy loading
Warning messages:
1: In rgl.init(initValue, onlyNULL) : RGL: unable to open X11 display
2: 'rgl.init' failed, will use the null device.
See '?rgl.useNULL' for ways to avoid this warning. 
** help
*** installing help indices
** building package indices
** installing vignettes
** testing if installed package can be loaded from temporary location
Warning: 'rgl.init' failed, will use the null device.
See '?rgl.useNULL' for ways to avoid this warning.
** testing if installed package can be loaded from final location
Warning: 'rgl.init' failed, will use the null device.
See '?rgl.useNULL' for ways to avoid this warning.
** testing if installed package keeps a record of temporary installation path
* creating tarball
packaged installation of ‘NormqPCR’ as ‘NormqPCR_1.52.0_R_x86_64-pc-linux-gnu.tar.gz’
* DONE (NormqPCR)

The downloaded source packages are in
	‘/tmp/RtmpJGPxDO/downloaded_packages’
Old packages: 'bslib', 'cli', 'curl', 'evaluate', 'httr2', 'jsonlite',
  'openssl', 'pillar', 'pkgbuild', 'processx', 'ps', 'purrr', 'R6', 'Rcpp',
  'rlang', 'sessioninfo', 'systemfonts', 'testthat', 'textshaping', 'tinytex',
  'xfun', 'zip', 'class', 'foreign', 'KernSmooth', 'MASS', 'Matrix', 'nlme',
  'nnet', 'rpart', 'spatial'

real	0m48.054s
user	0m10.269s
sys	0m3.402s
