'getOption("repos")' replaces Bioconductor standard repositories, see
'help("repositories", package = "BiocManager")' for details.
Replacement repositories:
    CRAN: https://p3m.dev/cran/__linux__/noble/latest
Bioconductor version 3.20 (BiocManager 1.30.25), R 4.4.2 (2024-10-31)
Installing package(s) 'bioCancer'
also installing the dependencies ‘randomizr’, ‘radiant.data’, ‘import’

trying URL 'https://p3m.dev/cran/__linux__/noble/latest/src/contrib/randomizr_1.0.0.tar.gz'
Content type 'binary/octet-stream' length 264136 bytes (257 KB)
==================================================
downloaded 257 KB

trying URL 'https://p3m.dev/cran/__linux__/noble/latest/src/contrib/radiant.data_1.6.7.tar.gz'
Content type 'binary/octet-stream' length 2184976 bytes (2.1 MB)
==================================================
downloaded 2.1 MB

trying URL 'https://p3m.dev/cran/__linux__/noble/latest/src/contrib/import_1.3.2.tar.gz'
Content type 'binary/octet-stream' length 85566 bytes (83 KB)
==================================================
downloaded 83 KB

trying URL 'https://bioconductor.org/packages/3.20/bioc/src/contrib/bioCancer_1.34.0.tar.gz'
Content type 'application/x-gzip' length 9925254 bytes (9.5 MB)
==================================================
downloaded 9.5 MB

* installing *binary* package ‘randomizr’ ...
* ‘randomizr’ was already a binary package and will not be rebuilt
* creating tarball
packaged installation of ‘randomizr’ as ‘randomizr_1.0.0_R_x86_64-pc-linux-gnu.tar.gz’
* DONE (randomizr)
* installing *binary* package ‘import’ ...
* ‘import’ was already a binary package and will not be rebuilt
* creating tarball
packaged installation of ‘import’ as ‘import_1.3.2_R_x86_64-pc-linux-gnu.tar.gz’
* DONE (import)
* installing *binary* package ‘radiant.data’ ...
* ‘radiant.data’ was already a binary package and will not be rebuilt
* creating tarball
packaged installation of ‘radiant.data’ as ‘radiant.data_1.6.7_R_x86_64-pc-linux-gnu.tar.gz’
* DONE (radiant.data)
* installing *source* package ‘bioCancer’ ...
** package ‘bioCancer’ successfully unpacked and MD5 sums checked
** using staged installation
** R
** data
*** moving datasets to lazyload DB
** inst
** byte-compile and prepare package for lazy loading
** help
*** installing help indices
** building package indices
** installing vignettes
** testing if installed package can be loaded from temporary location
** testing if installed package can be loaded from final location
** testing if installed package keeps a record of temporary installation path
* creating tarball
packaged installation of ‘bioCancer’ as ‘bioCancer_1.34.0_R_x86_64-pc-linux-gnu.tar.gz’
* DONE (bioCancer)

The downloaded source packages are in
	‘/tmp/Rtmp1oFLUf/downloaded_packages’
Old packages: 'bslib', 'cli', 'curl', 'evaluate', 'httr2', 'jsonlite',
  'openssl', 'pillar', 'pkgbuild', 'processx', 'ps', 'purrr', 'R6', 'Rcpp',
  'rlang', 'sessioninfo', 'systemfonts', 'testthat', 'textshaping', 'tinytex',
  'xfun', 'zip', 'class', 'foreign', 'KernSmooth', 'MASS', 'Matrix', 'nlme',
  'nnet', 'rpart', 'spatial'

real	4m16.573s
user	0m55.369s
sys	0m12.278s
