'getOption("repos")' replaces Bioconductor standard repositories, see
'help("repositories", package = "BiocManager")' for details.
Replacement repositories:
    CRAN: https://p3m.dev/cran/__linux__/noble/latest
Bioconductor version 3.20 (BiocManager 1.30.25), R 4.4.2 (2024-10-31)
Installing package(s) 'GSEABase'
also installing the dependency ‘ReportingTools’

trying URL 'https://bioconductor.org/packages/3.20/bioc/src/contrib/ReportingTools_2.46.0.tar.gz'
Content type 'application/x-gzip' length 1878025 bytes (1.8 MB)
==================================================
downloaded 1.8 MB

trying URL 'https://bioconductor.org/packages/3.20/bioc/src/contrib/GSEABase_1.68.0.tar.gz'
Content type 'application/x-gzip' length 301339 bytes (294 KB)
==================================================
downloaded 294 KB

* installing *source* package ‘GSEABase’ ...
** package ‘GSEABase’ successfully unpacked and MD5 sums checked
** using staged installation
** R
** inst
** byte-compile and prepare package for lazy loading
** help
*** installing help indices
** building package indices
** installing vignettes
** testing if installed package can be loaded from temporary location
** testing if installed package can be loaded from final location
** testing if installed package keeps a record of temporary installation path
* creating tarball
packaged installation of ‘GSEABase’ as ‘GSEABase_1.68.0_R_x86_64-pc-linux-gnu.tar.gz’
* DONE (GSEABase)
* installing *source* package ‘ReportingTools’ ...
** package ‘ReportingTools’ successfully unpacked and MD5 sums checked
** using staged installation
** R
** data
** inst
** byte-compile and prepare package for lazy loading
in method for 'objectToHTML' with signature 'object="ggbio"': no definition for class "ggbio"
** help
*** installing help indices
** building package indices
** installing vignettes
** testing if installed package can be loaded from temporary location
Error: package or namespace load failed for ‘ReportingTools’ in loadNamespace(j <- i[[1L]], c(lib.loc, .libPaths()), versionCheck = vI[[j]]):
 there is no package called ‘GSEABase’
Error: loading failed
Execution halted
ERROR: loading failed
* removing ‘/mnt/library/ReportingTools’

The downloaded source packages are in
	‘/tmp/RtmpE7OJSb/downloaded_packages’
Old packages: 'bslib', 'cli', 'curl', 'evaluate', 'httr2', 'jsonlite',
  'openssl', 'pillar', 'pkgbuild', 'processx', 'ps', 'purrr', 'R6', 'Rcpp',
  'rlang', 'sessioninfo', 'systemfonts', 'testthat', 'textshaping', 'tinytex',
  'xfun', 'zip', 'class', 'foreign', 'KernSmooth', 'MASS', 'Matrix', 'nlme',
  'nnet', 'rpart', 'spatial'
Warning message:
In install.packages(...) :
  installation of package ‘ReportingTools’ had non-zero exit status
Error: unexpected 'else' in "  else"
Execution halted

real	30m28.422s
user	0m53.325s
sys	0m9.277s
