'getOption("repos")' replaces Bioconductor standard repositories, see
'help("repositories", package = "BiocManager")' for details.
Replacement repositories:
    CRAN: https://p3m.dev/cran/__linux__/noble/latest
Bioconductor version 3.20 (BiocManager 1.30.25), R 4.4.2 (2024-10-31)
Installing package(s) 'flowTime'
also installing the dependencies ‘flowViz’, ‘flowClust’

trying URL 'https://bioconductor.org/packages/3.20/bioc/src/contrib/flowViz_1.70.0.tar.gz'
Content type 'application/x-gzip' length 1015131 bytes (991 KB)
==================================================
downloaded 991 KB

trying URL 'https://bioconductor.org/packages/3.20/bioc/src/contrib/flowClust_3.44.0.tar.gz'
Content type 'application/x-gzip' length 1812664 bytes (1.7 MB)
==================================================
downloaded 1.7 MB

trying URL 'https://bioconductor.org/packages/3.20/bioc/src/contrib/flowTime_1.30.0.tar.gz'
Content type 'application/x-gzip' length 2557746 bytes (2.4 MB)
==================================================
downloaded 2.4 MB

ERROR: failed to lock directory ‘/mnt/library’ for modifying
Try removing ‘/mnt/library/00LOCK-flowViz’
ERROR: failed to lock directory ‘/mnt/library’ for modifying
Try removing ‘/mnt/library/00LOCK-flowClust’
* installing *source* package ‘flowTime’ ...
** package ‘flowTime’ successfully unpacked and MD5 sums checked
** using staged installation
** R
** data
*** moving datasets to lazyload DB
** inst
** byte-compile and prepare package for lazy loading
** help
*** installing help indices
** building package indices
** installing vignettes
** testing if installed package can be loaded from temporary location
** testing if installed package can be loaded from final location
** testing if installed package keeps a record of temporary installation path
* creating tarball
packaged installation of ‘flowTime’ as ‘flowTime_1.30.0_R_x86_64-pc-linux-gnu.tar.gz’
* DONE (flowTime)

The downloaded source packages are in
	‘/tmp/RtmpavZJEJ/downloaded_packages’
Old packages: 'bslib', 'cli', 'curl', 'evaluate', 'httr2', 'jsonlite',
  'openssl', 'pillar', 'pkgbuild', 'processx', 'ps', 'purrr', 'R6', 'Rcpp',
  'rlang', 'sessioninfo', 'systemfonts', 'testthat', 'textshaping', 'tinytex',
  'xfun', 'zip', 'class', 'foreign', 'KernSmooth', 'MASS', 'Matrix', 'nlme',
  'nnet', 'rpart', 'spatial'
Warning messages:
1: In install.packages(...) :
  installation of package ‘flowViz’ had non-zero exit status
2: In install.packages(...) :
  installation of package ‘flowClust’ had non-zero exit status

real	1m0.802s
user	0m13.816s
sys	0m3.951s
