'getOption("repos")' replaces Bioconductor standard repositories, see
'help("repositories", package = "BiocManager")' for details.
Replacement repositories:
    CRAN: https://p3m.dev/cran/__linux__/noble/latest
Bioconductor version 3.20 (BiocManager 1.30.25), R 4.4.2 (2024-10-31)
Installing package(s) 'antiProfiles'
also installing the dependency ‘antiProfilesData’

trying URL 'https://bioconductor.org/packages/3.20/data/experiment/src/contrib/antiProfilesData_1.42.0.tar.gz'
Content type 'application/x-gzip' length 2846057 bytes (2.7 MB)
==================================================
downloaded 2.7 MB

trying URL 'https://bioconductor.org/packages/3.20/bioc/src/contrib/antiProfiles_1.46.0.tar.gz'
Content type 'application/x-gzip' length 114180 bytes (111 KB)
==================================================
downloaded 111 KB

* installing *source* package ‘antiProfilesData’ ...
** using staged installation
** data
*** moving datasets to lazyload DB
** help
*** installing help indices
** building package indices
** testing if installed package can be loaded from temporary location
** testing if installed package can be loaded from final location
** testing if installed package keeps a record of temporary installation path
* creating tarball
packaged installation of ‘antiProfilesData’ as ‘antiProfilesData_1.42.0_R_x86_64-pc-linux-gnu.tar.gz’
* DONE (antiProfilesData)
* installing *source* package ‘antiProfiles’ ...
** package ‘antiProfiles’ successfully unpacked and MD5 sums checked
** using staged installation
** R
** inst
** byte-compile and prepare package for lazy loading
** help
*** installing help indices
** building package indices
** installing vignettes
** testing if installed package can be loaded from temporary location
** testing if installed package can be loaded from final location
** testing if installed package keeps a record of temporary installation path
* creating tarball
packaged installation of ‘antiProfiles’ as ‘antiProfiles_1.46.0_R_x86_64-pc-linux-gnu.tar.gz’
* DONE (antiProfiles)

The downloaded source packages are in
	‘/tmp/RtmpspBzS7/downloaded_packages’
Old packages: 'bslib', 'cli', 'curl', 'evaluate', 'httr2', 'jsonlite',
  'openssl', 'pillar', 'pkgbuild', 'processx', 'ps', 'purrr', 'R6', 'Rcpp',
  'rlang', 'sessioninfo', 'systemfonts', 'testthat', 'textshaping', 'tinytex',
  'xfun', 'zip', 'class', 'foreign', 'KernSmooth', 'MASS', 'Matrix', 'nlme',
  'nnet', 'rpart', 'spatial'

real	2m7.838s
user	0m7.102s
sys	0m2.734s
