'getOption("repos")' replaces Bioconductor standard repositories, see
'help("repositories", package = "BiocManager")' for details.
Replacement repositories:
    CRAN: https://p3m.dev/cran/__linux__/noble/latest
Bioconductor version 3.20 (BiocManager 1.30.25), R 4.4.2 (2024-10-31)
Installing package(s) 'scMultiSim'
also installing the dependency ‘KernelKnn’

trying URL 'https://p3m.dev/cran/__linux__/noble/latest/src/contrib/KernelKnn_1.1.5.tar.gz'
Content type 'binary/octet-stream' length 254094 bytes (248 KB)
==================================================
downloaded 248 KB

trying URL 'https://bioconductor.org/packages/3.20/bioc/src/contrib/scMultiSim_1.2.0.tar.gz'
Content type 'application/x-gzip' length 5263932 bytes (5.0 MB)
==================================================
downloaded 5.0 MB

* installing *binary* package ‘KernelKnn’ ...
* ‘KernelKnn’ was already a binary package and will not be rebuilt
* creating tarball
packaged installation of ‘KernelKnn’ as ‘KernelKnn_1.1.5_R_x86_64-pc-linux-gnu.tar.gz’
* DONE (KernelKnn)
* installing *source* package ‘scMultiSim’ ...
** package ‘scMultiSim’ successfully unpacked and MD5 sums checked
** using staged installation
** R
** data
** inst
** byte-compile and prepare package for lazy loading
Note: wrong number of arguments to 'sqrt' 
** help
*** installing help indices
** building package indices
** installing vignettes
** testing if installed package can be loaded from temporary location
** testing if installed package can be loaded from final location
** testing if installed package keeps a record of temporary installation path
* creating tarball
packaged installation of ‘scMultiSim’ as ‘scMultiSim_1.2.0_R_x86_64-pc-linux-gnu.tar.gz’
* DONE (scMultiSim)

The downloaded source packages are in
	‘/tmp/RtmpGxZ9R0/downloaded_packages’
Old packages: 'bslib', 'cli', 'curl', 'evaluate', 'httr2', 'jsonlite',
  'openssl', 'pillar', 'pkgbuild', 'processx', 'ps', 'purrr', 'R6', 'Rcpp',
  'rlang', 'sessioninfo', 'systemfonts', 'testthat', 'textshaping', 'tinytex',
  'xfun', 'zip', 'class', 'foreign', 'KernSmooth', 'MASS', 'Matrix', 'nlme',
  'nnet', 'rpart', 'spatial'

real	52m44.537s
user	0m35.330s
sys	0m9.134s
