'getOption("repos")' replaces Bioconductor standard repositories, see
'help("repositories", package = "BiocManager")' for details.
Replacement repositories:
    CRAN: https://p3m.dev/cran/__linux__/noble/latest
Bioconductor version 3.20 (BiocManager 1.30.25), R 4.4.2 (2024-10-31)
Installing package(s) 'CGHbase'
trying URL 'https://bioconductor.org/packages/3.20/bioc/src/contrib/CGHbase_1.66.0.tar.gz'
Content type 'application/x-gzip' length 869363 bytes (848 KB)
==================================================
downloaded 848 KB

* installing *source* package ‘CGHbase’ ...
** package ‘CGHbase’ successfully unpacked and MD5 sums checked
** using staged installation
** R
** data
** byte-compile and prepare package for lazy loading
** help
*** installing help indices
** building package indices
** testing if installed package can be loaded from temporary location
** testing if installed package can be loaded from final location
** testing if installed package keeps a record of temporary installation path
* creating tarball
packaged installation of ‘CGHbase’ as ‘CGHbase_1.66.0_R_x86_64-pc-linux-gnu.tar.gz’
* DONE (CGHbase)

The downloaded source packages are in
	‘/tmp/RtmpdL3CqZ/downloaded_packages’
Old packages: 'bslib', 'cli', 'curl', 'evaluate', 'httr2', 'jsonlite',
  'openssl', 'pillar', 'pkgbuild', 'processx', 'ps', 'purrr', 'R6', 'Rcpp',
  'rlang', 'sessioninfo', 'systemfonts', 'testthat', 'textshaping', 'tinytex',
  'xfun', 'zip', 'class', 'foreign', 'KernSmooth', 'MASS', 'Matrix', 'nlme',
  'nnet', 'rpart', 'spatial'

real	0m24.652s
user	0m8.961s
sys	0m3.137s
