'getOption("repos")' replaces Bioconductor standard repositories, see
'help("repositories", package = "BiocManager")' for details.
Replacement repositories:
    CRAN: https://p3m.dev/cran/__linux__/noble/latest
Bioconductor version 3.20 (BiocManager 1.30.25), R 4.4.2 (2024-10-31)
Installing package(s) 'SynExtend'
trying URL 'https://bioconductor.org/packages/3.20/bioc/src/contrib/SynExtend_1.18.0.tar.gz'
Content type 'application/x-gzip' length 2902147 bytes (2.8 MB)
==================================================
downloaded 2.8 MB

* installing *source* package ‘SynExtend’ ...
** package ‘SynExtend’ successfully unpacked and MD5 sums checked
** using staged installation
** libs
using C compiler: ‘gcc (Ubuntu 13.3.0-6ubuntu2~24.04) 13.3.0’
using Fortran compiler: ‘GNU Fortran (Ubuntu 13.3.0-6ubuntu2~24.04) 13.3.0’
gcc -I"/usr/local/lib/R/include" -DNDEBUG   -I/usr/local/include   -fopenmp -fpic  -g -O2 -fstack-protector-strong -Wformat -Wformat-security -Wdate-time -D_FORTIFY_SOURCE=2 -g  -c CDend.c -o CDend.o
gcc -I"/usr/local/lib/R/include" -DNDEBUG   -I/usr/local/include   -fopenmp -fpic  -g -O2 -fstack-protector-strong -Wformat -Wformat-security -Wdate-time -D_FORTIFY_SOURCE=2 -g  -c CShuffle.c -o CShuffle.o
gcc -I"/usr/local/lib/R/include" -DNDEBUG   -I/usr/local/include   -fopenmp -fpic  -g -O2 -fstack-protector-strong -Wformat -Wformat-security -Wdate-time -D_FORTIFY_SOURCE=2 -g  -c HungarianAlgo.c -o HungarianAlgo.o
gcc -I"/usr/local/lib/R/include" -DNDEBUG   -I/usr/local/include   -fopenmp -fpic  -g -O2 -fstack-protector-strong -Wformat -Wformat-security -Wdate-time -D_FORTIFY_SOURCE=2 -g  -c MoranI.c -o MoranI.o
gcc -I"/usr/local/lib/R/include" -DNDEBUG   -I/usr/local/include   -fopenmp -fpic  -g -O2 -fstack-protector-strong -Wformat -Wformat-security -Wdate-time -D_FORTIFY_SOURCE=2 -g  -c NucleotideCounts.c -o NucleotideCounts.o
gcc -I"/usr/local/lib/R/include" -DNDEBUG   -I/usr/local/include   -fopenmp -fpic  -g -O2 -fstack-protector-strong -Wformat -Wformat-security -Wdate-time -D_FORTIFY_SOURCE=2 -g  -c OnDiskLP.c -o OnDiskLP.o
gcc -I"/usr/local/lib/R/include" -DNDEBUG   -I/usr/local/include   -fopenmp -fpic  -g -O2 -fstack-protector-strong -Wformat -Wformat-security -Wdate-time -D_FORTIFY_SOURCE=2 -g  -c PrefixTrie.c -o PrefixTrie.o
gcc -I"/usr/local/lib/R/include" -DNDEBUG   -I/usr/local/include   -fopenmp -fpic  -g -O2 -fstack-protector-strong -Wformat -Wformat-security -Wdate-time -D_FORTIFY_SOURCE=2 -g  -c R_init_synextend.c -o R_init_synextend.o
gcc -I"/usr/local/lib/R/include" -DNDEBUG   -I/usr/local/include   -fopenmp -fpic  -g -O2 -fstack-protector-strong -Wformat -Wformat-security -Wdate-time -D_FORTIFY_SOURCE=2 -g  -c RandomForest.c -o RandomForest.o
gcc -I"/usr/local/lib/R/include" -DNDEBUG   -I/usr/local/include   -fopenmp -fpic  -g -O2 -fstack-protector-strong -Wformat -Wformat-security -Wdate-time -D_FORTIFY_SOURCE=2 -g  -c SEutils.c -o SEutils.o
gcc -I"/usr/local/lib/R/include" -DNDEBUG   -I/usr/local/include   -fopenmp -fpic  -g -O2 -fstack-protector-strong -Wformat -Wformat-security -Wdate-time -D_FORTIFY_SOURCE=2 -g  -c XORRand.c -o XORRand.o
gfortran  -fpic  -g -O2  -c  _fortran_tabulate.f95 -o _fortran_tabulate.o
gfortran  -fpic  -g -O2  -c  _fortran_utils.f95 -o _fortran_utils.o
gcc -I"/usr/local/lib/R/include" -DNDEBUG   -I/usr/local/include   -fopenmp -fpic  -g -O2 -fstack-protector-strong -Wformat -Wformat-security -Wdate-time -D_FORTIFY_SOURCE=2 -g  -c calcMIR2C.c -o calcMIR2C.o
gfortran  -fpic  -g -O2  -c  cart_fort.f95 -o cart_fort.o
gcc -I"/usr/local/lib/R/include" -DNDEBUG   -I/usr/local/include   -fopenmp -fpic  -g -O2 -fstack-protector-strong -Wformat -Wformat-security -Wdate-time -D_FORTIFY_SOURCE=2 -g  -c dendrapply.c -o dendrapply.o
gcc -shared -L/usr/local/lib/R/lib -L/usr/local/lib -o SynExtend.so CDend.o CShuffle.o HungarianAlgo.o MoranI.o NucleotideCounts.o OnDiskLP.o PrefixTrie.o R_init_synextend.o RandomForest.o SEutils.o XORRand.o _fortran_tabulate.o _fortran_utils.o calcMIR2C.o cart_fort.o dendrapply.o -fopenmp -lgfortran -lm -lquadmath -L/usr/local/lib/R/lib -lR
installing to /mnt/library/00LOCK-SynExtend/00new/SynExtend/libs
** R
** data
** inst
** byte-compile and prepare package for lazy loading
** help
*** installing help indices
** building package indices
** installing vignettes
** testing if installed package can be loaded from temporary location
** checking absolute paths in shared objects and dynamic libraries
** testing if installed package can be loaded from final location
** testing if installed package keeps a record of temporary installation path
* creating tarball
packaged installation of ‘SynExtend’ as ‘SynExtend_1.18.0_R_x86_64-pc-linux-gnu.tar.gz’
* DONE (SynExtend)

The downloaded source packages are in
	‘/tmp/Rtmp8Y7v4b/downloaded_packages’
Old packages: 'bslib', 'cli', 'curl', 'evaluate', 'httr2', 'jsonlite',
  'openssl', 'pillar', 'pkgbuild', 'processx', 'ps', 'purrr', 'R6', 'Rcpp',
  'rlang', 'sessioninfo', 'systemfonts', 'testthat', 'textshaping', 'tinytex',
  'xfun', 'zip', 'class', 'foreign', 'KernSmooth', 'MASS', 'Matrix', 'nlme',
  'nnet', 'rpart', 'spatial'

real	1m1.757s
user	0m24.915s
sys	0m4.394s
