'getOption("repos")' replaces Bioconductor standard repositories, see
'help("repositories", package = "BiocManager")' for details.
Replacement repositories:
    CRAN: https://p3m.dev/cran/__linux__/noble/latest
Bioconductor version 3.20 (BiocManager 1.30.25), R 4.4.2 (2024-10-31)
Installing package(s) 'Summix'
also installing the dependencies ‘bbmle’, ‘emdbook’, ‘V8’, ‘BEDASSLE’, ‘randomcoloR’

trying URL 'https://p3m.dev/cran/__linux__/noble/latest/src/contrib/bbmle_1.0.25.1.tar.gz'
Content type 'binary/octet-stream' length 885867 bytes (865 KB)
==================================================
downloaded 865 KB

trying URL 'https://p3m.dev/cran/__linux__/noble/latest/src/contrib/emdbook_1.3.13.tar.gz'
Content type 'binary/octet-stream' length 206352 bytes (201 KB)
==================================================
downloaded 201 KB

trying URL 'https://p3m.dev/cran/__linux__/noble/latest/src/contrib/V8_6.0.1.tar.gz'
Content type 'binary/octet-stream' length 10911706 bytes (10.4 MB)
==================================================
downloaded 10.4 MB

trying URL 'https://p3m.dev/cran/__linux__/noble/latest/src/contrib/BEDASSLE_1.6.1.tar.gz'
Content type 'binary/octet-stream' length 235014 bytes (229 KB)
==================================================
downloaded 229 KB

trying URL 'https://p3m.dev/cran/__linux__/noble/latest/src/contrib/randomcoloR_1.1.0.1.tar.gz'
Content type 'binary/octet-stream' length 25228 bytes (24 KB)
==================================================
downloaded 24 KB

trying URL 'https://bioconductor.org/packages/3.20/bioc/src/contrib/Summix_2.12.0.tar.gz'
Content type 'application/x-gzip' length 1315844 bytes (1.3 MB)
==================================================
downloaded 1.3 MB

* installing *binary* package ‘bbmle’ ...
* ‘bbmle’ was already a binary package and will not be rebuilt
* creating tarball
packaged installation of ‘bbmle’ as ‘bbmle_1.0.25.1_R_x86_64-pc-linux-gnu.tar.gz’
* DONE (bbmle)
* installing *binary* package ‘V8’ ...
* ‘V8’ was already a binary package and will not be rebuilt
* creating tarball
packaged installation of ‘V8’ as ‘V8_6.0.1_R_x86_64-pc-linux-gnu.tar.gz’
* DONE (V8)
* installing *binary* package ‘emdbook’ ...
* ‘emdbook’ was already a binary package and will not be rebuilt
* creating tarball
packaged installation of ‘emdbook’ as ‘emdbook_1.3.13_R_x86_64-pc-linux-gnu.tar.gz’
* DONE (emdbook)
* installing *binary* package ‘randomcoloR’ ...
* ‘randomcoloR’ was already a binary package and will not be rebuilt
* creating tarball
packaged installation of ‘randomcoloR’ as ‘randomcoloR_1.1.0.1_R_x86_64-pc-linux-gnu.tar.gz’
* DONE (randomcoloR)
* installing *binary* package ‘BEDASSLE’ ...
* ‘BEDASSLE’ was already a binary package and will not be rebuilt
* creating tarball
packaged installation of ‘BEDASSLE’ as ‘BEDASSLE_1.6.1_R_x86_64-pc-linux-gnu.tar.gz’
* DONE (BEDASSLE)
* installing *source* package ‘Summix’ ...
** package ‘Summix’ successfully unpacked and MD5 sums checked
** using staged installation
** R
** data
*** moving datasets to lazyload DB
** inst
** byte-compile and prepare package for lazy loading
** help
*** installing help indices
*** copying figures
** building package indices
** installing vignettes
** testing if installed package can be loaded from temporary location
** testing if installed package can be loaded from final location
** testing if installed package keeps a record of temporary installation path
* creating tarball
packaged installation of ‘Summix’ as ‘Summix_2.12.0_R_x86_64-pc-linux-gnu.tar.gz’
* DONE (Summix)

The downloaded source packages are in
	‘/tmp/RtmpnNlyMa/downloaded_packages’
Old packages: 'bslib', 'cli', 'curl', 'evaluate', 'httr2', 'jsonlite',
  'openssl', 'pillar', 'pkgbuild', 'processx', 'ps', 'purrr', 'R6', 'Rcpp',
  'rlang', 'sessioninfo', 'systemfonts', 'testthat', 'textshaping', 'tinytex',
  'xfun', 'zip', 'class', 'foreign', 'KernSmooth', 'MASS', 'Matrix', 'nlme',
  'nnet', 'rpart', 'spatial'

real	2m29.979s
user	0m18.001s
sys	0m4.403s
