'getOption("repos")' replaces Bioconductor standard repositories, see
'help("repositories", package = "BiocManager")' for details.
Replacement repositories:
    CRAN: https://p3m.dev/cran/__linux__/noble/latest
Bioconductor version 3.20 (BiocManager 1.30.25), R 4.4.2 (2024-10-31)
Installing package(s) 'seahtrue'
also installing the dependencies ‘piton’, ‘settings’, ‘snakecase’, ‘tidyxl’, ‘validate’, ‘janitor’

trying URL 'https://p3m.dev/cran/__linux__/noble/latest/src/contrib/piton_1.0.0.tar.gz'
Content type 'binary/octet-stream' length 93501 bytes (91 KB)
==================================================
downloaded 91 KB

trying URL 'https://p3m.dev/cran/__linux__/noble/latest/src/contrib/settings_0.2.7.tar.gz'
Content type 'binary/octet-stream' length 62977 bytes (61 KB)
==================================================
downloaded 61 KB

trying URL 'https://p3m.dev/cran/__linux__/noble/latest/src/contrib/snakecase_0.11.1.tar.gz'
Content type 'binary/octet-stream' length 161573 bytes (157 KB)
==================================================
downloaded 157 KB

trying URL 'https://p3m.dev/cran/__linux__/noble/latest/src/contrib/tidyxl_1.0.10.tar.gz'
Content type 'binary/octet-stream' length 812691 bytes (793 KB)
==================================================
downloaded 793 KB

trying URL 'https://p3m.dev/cran/__linux__/noble/latest/src/contrib/validate_1.1.5.tar.gz'
Content type 'binary/octet-stream' length 2047236 bytes (2.0 MB)
==================================================
downloaded 2.0 MB

trying URL 'https://p3m.dev/cran/__linux__/noble/latest/src/contrib/janitor_2.2.1.tar.gz'
Content type 'binary/octet-stream' length 288172 bytes (281 KB)
==================================================
downloaded 281 KB

trying URL 'https://bioconductor.org/packages/3.20/bioc/src/contrib/seahtrue_1.0.0.tar.gz'
Content type 'application/x-gzip' length 3482665 bytes (3.3 MB)
==================================================
downloaded 3.3 MB

* installing *binary* package ‘piton’ ...
* ‘piton’ was already a binary package and will not be rebuilt
* creating tarball
packaged installation of ‘piton’ as ‘piton_1.0.0_R_x86_64-pc-linux-gnu.tar.gz’
* DONE (piton)
* installing *binary* package ‘settings’ ...
* ‘settings’ was already a binary package and will not be rebuilt
* creating tarball
packaged installation of ‘settings’ as ‘settings_0.2.7_R_x86_64-pc-linux-gnu.tar.gz’
* DONE (settings)
* installing *binary* package ‘snakecase’ ...
* ‘snakecase’ was already a binary package and will not be rebuilt
* creating tarball
packaged installation of ‘snakecase’ as ‘snakecase_0.11.1_R_x86_64-pc-linux-gnu.tar.gz’
* DONE (snakecase)
* installing *binary* package ‘tidyxl’ ...
* ‘tidyxl’ was already a binary package and will not be rebuilt
* creating tarball
packaged installation of ‘tidyxl’ as ‘tidyxl_1.0.10_R_x86_64-pc-linux-gnu.tar.gz’
* DONE (tidyxl)
* installing *binary* package ‘validate’ ...
* ‘validate’ was already a binary package and will not be rebuilt
* creating tarball
packaged installation of ‘validate’ as ‘validate_1.1.5_R_x86_64-pc-linux-gnu.tar.gz’
* DONE (validate)
* installing *binary* package ‘janitor’ ...
* ‘janitor’ was already a binary package and will not be rebuilt
* creating tarball
packaged installation of ‘janitor’ as ‘janitor_2.2.1_R_x86_64-pc-linux-gnu.tar.gz’
* DONE (janitor)
* installing *source* package ‘seahtrue’ ...
** package ‘seahtrue’ successfully unpacked and MD5 sums checked
** using staged installation
** R
** data
** inst
** byte-compile and prepare package for lazy loading
** help
*** installing help indices
*** copying figures
** building package indices
** installing vignettes
** testing if installed package can be loaded from temporary location
** testing if installed package can be loaded from final location
** testing if installed package keeps a record of temporary installation path
* creating tarball
packaged installation of ‘seahtrue’ as ‘seahtrue_1.0.0_R_x86_64-pc-linux-gnu.tar.gz’
* DONE (seahtrue)

The downloaded source packages are in
	‘/tmp/Rtmp6exNQe/downloaded_packages’
Old packages: 'bslib', 'cli', 'curl', 'evaluate', 'httr2', 'jsonlite',
  'openssl', 'pillar', 'pkgbuild', 'processx', 'ps', 'purrr', 'R6', 'Rcpp',
  'rlang', 'sessioninfo', 'systemfonts', 'testthat', 'textshaping', 'tinytex',
  'xfun', 'zip', 'class', 'foreign', 'KernSmooth', 'MASS', 'Matrix', 'nlme',
  'nnet', 'rpart', 'spatial'

real	13m25.269s
user	0m12.450s
sys	0m5.503s
