'getOption("repos")' replaces Bioconductor standard repositories, see
'help("repositories", package = "BiocManager")' for details.
Replacement repositories:
    CRAN: https://p3m.dev/cran/__linux__/noble/latest
Bioconductor version 3.20 (BiocManager 1.30.25), R 4.4.2 (2024-10-31)
Installing package(s) 'SummarizedExperiment'
also installing the dependency ‘TxDb.Hsapiens.UCSC.hg19.knownGene’

trying URL 'https://bioconductor.org/packages/3.20/data/annotation/src/contrib/TxDb.Hsapiens.UCSC.hg19.knownGene_3.2.2.tar.gz'
Content type 'application/x-gzip' length 18669702 bytes (17.8 MB)
==================================================
downloaded 17.8 MB

trying URL 'https://bioconductor.org/packages/3.20/bioc/src/contrib/SummarizedExperiment_1.36.0.tar.gz'
Content type 'application/x-gzip' length 690951 bytes (674 KB)
==================================================
downloaded 674 KB

* installing *source* package ‘TxDb.Hsapiens.UCSC.hg19.knownGene’ ...
** using staged installation
** R
** inst
** byte-compile and prepare package for lazy loading
** help
*** installing help indices
** building package indices
** testing if installed package can be loaded from temporary location
** testing if installed package can be loaded from final location
** testing if installed package keeps a record of temporary installation path
* creating tarball
packaged installation of ‘TxDb.Hsapiens.UCSC.hg19.knownGene’ as ‘TxDb.Hsapiens.UCSC.hg19.knownGene_3.2.2_R_x86_64-pc-linux-gnu.tar.gz’
* DONE (TxDb.Hsapiens.UCSC.hg19.knownGene)
* installing *source* package ‘SummarizedExperiment’ ...
** package ‘SummarizedExperiment’ successfully unpacked and MD5 sums checked
** using staged installation
** R
** inst
** byte-compile and prepare package for lazy loading
** help
*** installing help indices
** building package indices
** installing vignettes
** testing if installed package can be loaded from temporary location
** testing if installed package can be loaded from final location
** testing if installed package keeps a record of temporary installation path
* creating tarball
packaged installation of ‘SummarizedExperiment’ as ‘SummarizedExperiment_1.36.0_R_x86_64-pc-linux-gnu.tar.gz’
* DONE (SummarizedExperiment)

The downloaded source packages are in
	‘/tmp/Rtmp0O8vcl/downloaded_packages’
Old packages: 'bslib', 'cli', 'curl', 'evaluate', 'httr2', 'jsonlite',
  'openssl', 'pillar', 'pkgbuild', 'processx', 'ps', 'purrr', 'R6', 'Rcpp',
  'rlang', 'sessioninfo', 'systemfonts', 'testthat', 'textshaping', 'tinytex',
  'xfun', 'zip', 'class', 'foreign', 'KernSmooth', 'MASS', 'Matrix', 'nlme',
  'nnet', 'rpart', 'spatial'

real	3m34.502s
user	1m2.963s
sys	0m7.281s
