'getOption("repos")' replaces Bioconductor standard repositories, see
'help("repositories", package = "BiocManager")' for details.
Replacement repositories:
    CRAN: https://p3m.dev/cran/__linux__/noble/latest
Bioconductor version 3.20 (BiocManager 1.30.25), R 4.4.2 (2024-10-31)
Installing package(s) 'CNVMetrics'
also installing the dependency ‘rBeta2009’

trying URL 'https://p3m.dev/cran/__linux__/noble/latest/src/contrib/rBeta2009_1.0.1.tar.gz'
Content type 'binary/octet-stream' length 27360 bytes (26 KB)
==================================================
downloaded 26 KB

trying URL 'https://bioconductor.org/packages/3.20/bioc/src/contrib/CNVMetrics_1.10.0.tar.gz'
Content type 'application/x-gzip' length 4918422 bytes (4.7 MB)
==================================================
downloaded 4.7 MB

* installing *binary* package ‘rBeta2009’ ...
* ‘rBeta2009’ was already a binary package and will not be rebuilt
* creating tarball
packaged installation of ‘rBeta2009’ as ‘rBeta2009_1.0.1_R_x86_64-pc-linux-gnu.tar.gz’
* DONE (rBeta2009)
* installing *source* package ‘CNVMetrics’ ...
** package ‘CNVMetrics’ successfully unpacked and MD5 sums checked
** using staged installation
** R
** inst
** byte-compile and prepare package for lazy loading
** help
*** installing help indices
*** copying figures
** building package indices
** installing vignettes
** testing if installed package can be loaded from temporary location
** testing if installed package can be loaded from final location
** testing if installed package keeps a record of temporary installation path
* creating tarball
packaged installation of ‘CNVMetrics’ as ‘CNVMetrics_1.10.0_R_x86_64-pc-linux-gnu.tar.gz’
* DONE (CNVMetrics)

The downloaded source packages are in
	‘/tmp/Rtmpe6otnz/downloaded_packages’
Old packages: 'bslib', 'cli', 'curl', 'evaluate', 'httr2', 'jsonlite',
  'openssl', 'pillar', 'pkgbuild', 'processx', 'ps', 'purrr', 'R6', 'Rcpp',
  'rlang', 'sessioninfo', 'systemfonts', 'testthat', 'textshaping', 'tinytex',
  'xfun', 'zip', 'class', 'foreign', 'KernSmooth', 'MASS', 'Matrix', 'nlme',
  'nnet', 'rpart', 'spatial'

real	1m5.363s
user	0m15.193s
sys	0m4.151s
