'getOption("repos")' replaces Bioconductor standard repositories, see
'help("repositories", package = "BiocManager")' for details.
Replacement repositories:
    CRAN: https://p3m.dev/cran/__linux__/noble/latest
Bioconductor version 3.20 (BiocManager 1.30.25), R 4.4.2 (2024-10-31)
Installing package(s) 'autonomics'
also installing the dependencies ‘fractional’, ‘minty’, ‘codingMatrices’, ‘mpm’, ‘OlinkAnalyze’, ‘propagate’, ‘ropls’, ‘readODS’

trying URL 'https://p3m.dev/cran/__linux__/noble/latest/src/contrib/fractional_0.1.3.tar.gz'
Content type 'binary/octet-stream' length 162059 bytes (158 KB)
==================================================
downloaded 158 KB

trying URL 'https://p3m.dev/cran/__linux__/noble/latest/src/contrib/minty_0.0.5.tar.gz'
Content type 'binary/octet-stream' length 332639 bytes (324 KB)
==================================================
downloaded 324 KB

trying URL 'https://p3m.dev/cran/__linux__/noble/latest/src/contrib/codingMatrices_0.4.0.tar.gz'
Content type 'binary/octet-stream' length 235881 bytes (230 KB)
==================================================
downloaded 230 KB

trying URL 'https://p3m.dev/cran/__linux__/noble/latest/src/contrib/mpm_1.0-23.tar.gz'
Content type 'binary/octet-stream' length 614993 bytes (600 KB)
==================================================
downloaded 600 KB

trying URL 'https://p3m.dev/cran/__linux__/noble/latest/src/contrib/OlinkAnalyze_4.2.0.tar.gz'
Content type 'binary/octet-stream' length 3548734 bytes (3.4 MB)
==================================================
downloaded 3.4 MB

trying URL 'https://p3m.dev/cran/__linux__/noble/latest/src/contrib/propagate_1.0-6.tar.gz'
Content type 'binary/octet-stream' length 241384 bytes (235 KB)
==================================================
downloaded 235 KB

trying URL 'https://bioconductor.org/packages/3.20/bioc/src/contrib/ropls_1.38.0.tar.gz'
Content type 'application/x-gzip' length 5723857 bytes (5.5 MB)
==================================================
downloaded 5.5 MB

trying URL 'https://p3m.dev/cran/__linux__/noble/latest/src/contrib/readODS_2.3.2.tar.gz'
Content type 'binary/octet-stream' length 171801 bytes (167 KB)
==================================================
downloaded 167 KB

trying URL 'https://bioconductor.org/packages/3.20/bioc/src/contrib/autonomics_1.14.8.tar.gz'
Content type 'application/x-gzip' length 2612896 bytes (2.5 MB)
==================================================
downloaded 2.5 MB

* installing *binary* package ‘fractional’ ...
* ‘fractional’ was already a binary package and will not be rebuilt
* creating tarball
packaged installation of ‘fractional’ as ‘fractional_0.1.3_R_x86_64-pc-linux-gnu.tar.gz’
* DONE (fractional)
* installing *binary* package ‘minty’ ...
* ‘minty’ was already a binary package and will not be rebuilt
* creating tarball
packaged installation of ‘minty’ as ‘minty_0.0.5_R_x86_64-pc-linux-gnu.tar.gz’
* DONE (minty)
* installing *binary* package ‘mpm’ ...
* ‘mpm’ was already a binary package and will not be rebuilt
* creating tarball
packaged installation of ‘mpm’ as ‘mpm_1.0-23_R_x86_64-pc-linux-gnu.tar.gz’
* DONE (mpm)
* installing *binary* package ‘OlinkAnalyze’ ...
* ‘OlinkAnalyze’ was already a binary package and will not be rebuilt
* creating tarball
packaged installation of ‘OlinkAnalyze’ as ‘OlinkAnalyze_4.2.0_R_x86_64-pc-linux-gnu.tar.gz’
* DONE (OlinkAnalyze)
* installing *binary* package ‘propagate’ ...
* ‘propagate’ was already a binary package and will not be rebuilt
* creating tarball
packaged installation of ‘propagate’ as ‘propagate_1.0-6_R_x86_64-pc-linux-gnu.tar.gz’
* DONE (propagate)
* installing *source* package ‘ropls’ ...
** package ‘ropls’ successfully unpacked and MD5 sums checked
** using staged installation
** R
** data
** inst
** byte-compile and prepare package for lazy loading
** help
*** installing help indices
** building package indices
** installing vignettes
** testing if installed package can be loaded from temporary location
** testing if installed package can be loaded from final location
** testing if installed package keeps a record of temporary installation path
* creating tarball
packaged installation of ‘ropls’ as ‘ropls_1.38.0_R_x86_64-pc-linux-gnu.tar.gz’
* DONE (ropls)
* installing *binary* package ‘codingMatrices’ ...
* ‘codingMatrices’ was already a binary package and will not be rebuilt
* creating tarball
packaged installation of ‘codingMatrices’ as ‘codingMatrices_0.4.0_R_x86_64-pc-linux-gnu.tar.gz’
* DONE (codingMatrices)
* installing *binary* package ‘readODS’ ...
* ‘readODS’ was already a binary package and will not be rebuilt
* creating tarball
packaged installation of ‘readODS’ as ‘readODS_2.3.2_R_x86_64-pc-linux-gnu.tar.gz’
* DONE (readODS)
* installing *source* package ‘autonomics’ ...
** package ‘autonomics’ successfully unpacked and MD5 sums checked
** using staged installation
** R
** inst
** byte-compile and prepare package for lazy loading
** help
*** installing help indices
** building package indices
** installing vignettes
** testing if installed package can be loaded from temporary location
** testing if installed package can be loaded from final location
** testing if installed package keeps a record of temporary installation path
* creating tarball
packaged installation of ‘autonomics’ as ‘autonomics_1.14.8_R_x86_64-pc-linux-gnu.tar.gz’
* DONE (autonomics)

The downloaded source packages are in
	‘/tmp/RtmpP7k2Ld/downloaded_packages’
Old packages: 'bslib', 'cli', 'curl', 'evaluate', 'httr2', 'jsonlite',
  'openssl', 'pillar', 'pkgbuild', 'processx', 'ps', 'purrr', 'R6', 'Rcpp',
  'rlang', 'sessioninfo', 'systemfonts', 'testthat', 'textshaping', 'tinytex',
  'xfun', 'zip', 'class', 'foreign', 'KernSmooth', 'MASS', 'Matrix', 'nlme',
  'nnet', 'rpart', 'spatial'

real	37m44.016s
user	1m6.929s
sys	0m12.134s
