'getOption("repos")' replaces Bioconductor standard repositories, see
'help("repositories", package = "BiocManager")' for details.
Replacement repositories:
    CRAN: https://p3m.dev/cran/__linux__/noble/latest
Bioconductor version 3.20 (BiocManager 1.30.25), R 4.4.2 (2024-10-31)
Installing package(s) 'xcore'
also installing the dependency ‘xcoredata’

trying URL 'https://bioconductor.org/packages/3.20/data/experiment/src/contrib/xcoredata_1.10.0.tar.gz'
Content type 'application/x-gzip' length 1396797 bytes (1.3 MB)
==================================================
downloaded 1.3 MB

trying URL 'https://bioconductor.org/packages/3.20/bioc/src/contrib/xcore_1.10.0.tar.gz'
Content type 'application/x-gzip' length 2526454 bytes (2.4 MB)
==================================================
downloaded 2.4 MB

* installing *source* package ‘xcoredata’ ...
** using staged installation
** R
** inst
** byte-compile and prepare package for lazy loading
** help
*** installing help indices
** building package indices
** installing vignettes
** testing if installed package can be loaded from temporary location
** testing if installed package can be loaded from final location
** testing if installed package keeps a record of temporary installation path
* creating tarball
packaged installation of ‘xcoredata’ as ‘xcoredata_1.10.0_R_x86_64-pc-linux-gnu.tar.gz’
* DONE (xcoredata)
* installing *source* package ‘xcore’ ...
** package ‘xcore’ successfully unpacked and MD5 sums checked
** using staged installation
** R
** data
** inst
** byte-compile and prepare package for lazy loading
Note: wrong number of arguments to '>=' 
** help
*** installing help indices
** building package indices
** installing vignettes
** testing if installed package can be loaded from temporary location
** testing if installed package can be loaded from final location
** testing if installed package keeps a record of temporary installation path
* creating tarball
packaged installation of ‘xcore’ as ‘xcore_1.10.0_R_x86_64-pc-linux-gnu.tar.gz’
* DONE (xcore)

The downloaded source packages are in
	‘/tmp/RtmpL5y22z/downloaded_packages’
Old packages: 'bslib', 'cli', 'curl', 'evaluate', 'httr2', 'jsonlite',
  'openssl', 'pillar', 'pkgbuild', 'processx', 'ps', 'purrr', 'R6', 'Rcpp',
  'rlang', 'sessioninfo', 'systemfonts', 'testthat', 'textshaping', 'tinytex',
  'xfun', 'zip', 'class', 'foreign', 'KernSmooth', 'MASS', 'Matrix', 'nlme',
  'nnet', 'rpart', 'spatial'

real	34m59.931s
user	0m45.848s
sys	0m18.959s
