'getOption("repos")' replaces Bioconductor standard repositories, see
'help("repositories", package = "BiocManager")' for details.
Replacement repositories:
    CRAN: https://p3m.dev/cran/__linux__/noble/latest
Bioconductor version 3.20 (BiocManager 1.30.25), R 4.4.2 (2024-10-31)
Installing package(s) 'occugene'
trying URL 'https://bioconductor.org/packages/3.20/bioc/src/contrib/occugene_1.66.0.tar.gz'
Content type 'application/x-gzip' length 200545 bytes (195 KB)
==================================================
downloaded 195 KB

* installing *source* package ‘occugene’ ...
** package ‘occugene’ successfully unpacked and MD5 sums checked
** using staged installation
** R
** data
** inst
** byte-compile and prepare package for lazy loading
** help
*** installing help indices
** building package indices
** installing vignettes
** testing if installed package can be loaded from temporary location
** testing if installed package can be loaded from final location
** testing if installed package keeps a record of temporary installation path
* creating tarball
packaged installation of ‘occugene’ as ‘occugene_1.66.0_R_x86_64-pc-linux-gnu.tar.gz’
* DONE (occugene)

The downloaded source packages are in
	‘/tmp/Rtmp0HAY2k/downloaded_packages’
Old packages: 'bslib', 'cli', 'curl', 'evaluate', 'httr2', 'jsonlite',
  'openssl', 'pillar', 'pkgbuild', 'processx', 'ps', 'purrr', 'R6', 'Rcpp',
  'rlang', 'sessioninfo', 'systemfonts', 'testthat', 'textshaping', 'tinytex',
  'xfun', 'zip', 'class', 'foreign', 'KernSmooth', 'MASS', 'Matrix', 'nlme',
  'nnet', 'rpart', 'spatial'

real	6m24.493s
user	0m6.010s
sys	0m2.384s
