'getOption("repos")' replaces Bioconductor standard repositories, see
'help("repositories", package = "BiocManager")' for details.
Replacement repositories:
    CRAN: https://p3m.dev/cran/__linux__/noble/latest
Bioconductor version 3.20 (BiocManager 1.30.25), R 4.4.2 (2024-10-31)
Installing package(s) 'epiregulon'
also installing the dependencies ‘jose’, ‘AzureGraph’, ‘AzureAuth’, ‘AzureRMR’, ‘AzureStor’, ‘scMultiome’

trying URL 'https://p3m.dev/cran/__linux__/noble/latest/src/contrib/jose_1.2.1.tar.gz'
Content type 'binary/octet-stream' length 475286 bytes (464 KB)
==================================================
downloaded 464 KB

trying URL 'https://p3m.dev/cran/__linux__/noble/latest/src/contrib/AzureGraph_1.3.4.tar.gz'
Content type 'binary/octet-stream' length 573986 bytes (560 KB)
==================================================
downloaded 560 KB

trying URL 'https://p3m.dev/cran/__linux__/noble/latest/src/contrib/AzureAuth_1.3.3.tar.gz'
Content type 'binary/octet-stream' length 437303 bytes (427 KB)
==================================================
downloaded 427 KB

trying URL 'https://p3m.dev/cran/__linux__/noble/latest/src/contrib/AzureRMR_2.4.4.tar.gz'
Content type 'binary/octet-stream' length 492971 bytes (481 KB)
==================================================
downloaded 481 KB

trying URL 'https://p3m.dev/cran/__linux__/noble/latest/src/contrib/AzureStor_3.7.0.tar.gz'
Content type 'binary/octet-stream' length 477967 bytes (466 KB)
==================================================
downloaded 466 KB

trying URL 'https://bioconductor.org/packages/3.20/data/experiment/src/contrib/scMultiome_1.6.0.tar.gz'
Content type 'application/x-gzip' length 365544 bytes (356 KB)
==================================================
downloaded 356 KB

trying URL 'https://bioconductor.org/packages/3.20/bioc/src/contrib/epiregulon_1.2.0.tar.gz'
Content type 'application/x-gzip' length 1227313 bytes (1.2 MB)
==================================================
downloaded 1.2 MB

* installing *binary* package ‘jose’ ...
* ‘jose’ was already a binary package and will not be rebuilt
* creating tarball
packaged installation of ‘jose’ as ‘jose_1.2.1_R_x86_64-pc-linux-gnu.tar.gz’
* DONE (jose)
* installing *binary* package ‘AzureAuth’ ...
* ‘AzureAuth’ was already a binary package and will not be rebuilt
* creating tarball
packaged installation of ‘AzureAuth’ as ‘AzureAuth_1.3.3_R_x86_64-pc-linux-gnu.tar.gz’
* DONE (AzureAuth)
* installing *binary* package ‘AzureGraph’ ...
* ‘AzureGraph’ was already a binary package and will not be rebuilt
* creating tarball
packaged installation of ‘AzureGraph’ as ‘AzureGraph_1.3.4_R_x86_64-pc-linux-gnu.tar.gz’
* DONE (AzureGraph)
* installing *binary* package ‘AzureRMR’ ...
* ‘AzureRMR’ was already a binary package and will not be rebuilt
* creating tarball
packaged installation of ‘AzureRMR’ as ‘AzureRMR_2.4.4_R_x86_64-pc-linux-gnu.tar.gz’
* DONE (AzureRMR)
* installing *binary* package ‘AzureStor’ ...
* ‘AzureStor’ was already a binary package and will not be rebuilt
* creating tarball
packaged installation of ‘AzureStor’ as ‘AzureStor_3.7.0_R_x86_64-pc-linux-gnu.tar.gz’
* DONE (AzureStor)
* installing *source* package ‘scMultiome’ ...
** using staged installation
** R
** inst
** byte-compile and prepare package for lazy loading
** help
*** installing help indices
** building package indices
** installing vignettes
** testing if installed package can be loaded from temporary location
** testing if installed package can be loaded from final location
** testing if installed package keeps a record of temporary installation path
* creating tarball
packaged installation of ‘scMultiome’ as ‘scMultiome_1.6.0_R_x86_64-pc-linux-gnu.tar.gz’
* DONE (scMultiome)
* installing *source* package ‘epiregulon’ ...
** package ‘epiregulon’ successfully unpacked and MD5 sums checked
** using staged installation
** libs
using C compiler: ‘gcc (Ubuntu 13.3.0-6ubuntu2~24.04) 13.3.0’
using C++ compiler: ‘g++ (Ubuntu 13.3.0-6ubuntu2~24.04) 13.3.0’
g++ -std=gnu++17 -I"/usr/local/lib/R/include" -DNDEBUG  -I'/usr/local/lib/R/site-library/Rcpp/include' -I'/mnt/library/beachmat/include' -I'/mnt/library/assorthead/include' -I/usr/local/include    -fpic  -g -O2 -fstack-protector-strong -Wformat -Wformat-security -Wdate-time -D_FORTIFY_SOURCE=2 -g  -DR_NO_REMAP -c RcppExports.cpp -o RcppExports.o
g++ -std=gnu++17 -I"/usr/local/lib/R/include" -DNDEBUG  -I'/usr/local/lib/R/site-library/Rcpp/include' -I'/mnt/library/beachmat/include' -I'/mnt/library/assorthead/include' -I/usr/local/include    -fpic  -g -O2 -fstack-protector-strong -Wformat -Wformat-security -Wdate-time -D_FORTIFY_SOURCE=2 -g  -DR_NO_REMAP -c aggregate_across_cells.cpp -o aggregate_across_cells.o
gcc -I"/usr/local/lib/R/include" -DNDEBUG  -I'/usr/local/lib/R/site-library/Rcpp/include' -I'/mnt/library/beachmat/include' -I'/mnt/library/assorthead/include' -I/usr/local/include    -fpic  -g -O2 -fstack-protector-strong -Wformat -Wformat-security -Wdate-time -D_FORTIFY_SOURCE=2 -g  -c binom.c -o binom.o
g++ -std=gnu++17 -I"/usr/local/lib/R/include" -DNDEBUG  -I'/usr/local/lib/R/site-library/Rcpp/include' -I'/mnt/library/beachmat/include' -I'/mnt/library/assorthead/include' -I/usr/local/include    -fpic  -g -O2 -fstack-protector-strong -Wformat -Wformat-security -Wdate-time -D_FORTIFY_SOURCE=2 -g  -DR_NO_REMAP -c fast_chisq.cpp -o fast_chisq.o
g++ -std=gnu++17 -I"/usr/local/lib/R/include" -DNDEBUG  -I'/usr/local/lib/R/site-library/Rcpp/include' -I'/mnt/library/beachmat/include' -I'/mnt/library/assorthead/include' -I/usr/local/include    -fpic  -g -O2 -fstack-protector-strong -Wformat -Wformat-security -Wdate-time -D_FORTIFY_SOURCE=2 -g  -DR_NO_REMAP -c fast_wilcox.cpp -o fast_wilcox.o
g++ -std=gnu++17 -shared -L/usr/local/lib/R/lib -L/usr/local/lib -o epiregulon.so RcppExports.o aggregate_across_cells.o binom.o fast_chisq.o fast_wilcox.o -L/usr/local/lib/R/lib -lR
installing to /mnt/library/00LOCK-epiregulon/00new/epiregulon/libs
** R
** inst
** byte-compile and prepare package for lazy loading
** help
*** installing help indices
** building package indices
** installing vignettes
** testing if installed package can be loaded from temporary location
** checking absolute paths in shared objects and dynamic libraries
** testing if installed package can be loaded from final location
** testing if installed package keeps a record of temporary installation path
* creating tarball
packaged installation of ‘epiregulon’ as ‘epiregulon_1.2.0_R_x86_64-pc-linux-gnu.tar.gz’
* DONE (epiregulon)

The downloaded source packages are in
	‘/tmp/RtmpdSchNQ/downloaded_packages’
Old packages: 'bslib', 'cli', 'curl', 'evaluate', 'httr2', 'jsonlite',
  'openssl', 'pillar', 'pkgbuild', 'processx', 'ps', 'purrr', 'R6', 'Rcpp',
  'rlang', 'sessioninfo', 'systemfonts', 'testthat', 'textshaping', 'tinytex',
  'xfun', 'zip', 'class', 'foreign', 'KernSmooth', 'MASS', 'Matrix', 'nlme',
  'nnet', 'rpart', 'spatial'

real	2m49.645s
user	1m4.290s
sys	0m11.436s
