'getOption("repos")' replaces Bioconductor standard repositories, see
'help("repositories", package = "BiocManager")' for details.
Replacement repositories:
    CRAN: https://p3m.dev/cran/__linux__/noble/latest
Bioconductor version 3.20 (BiocManager 1.30.25), R 4.4.2 (2024-10-31)
Installing package(s) 'motifbreakR'
also installing the dependency ‘bsicons’

trying URL 'https://p3m.dev/cran/__linux__/noble/latest/src/contrib/bsicons_0.1.2.tar.gz'
Content type 'binary/octet-stream' length 253950 bytes (247 KB)
==================================================
downloaded 247 KB

trying URL 'https://bioconductor.org/packages/3.20/bioc/src/contrib/motifbreakR_2.20.0.tar.gz'
Content type 'application/x-gzip' length 2415608 bytes (2.3 MB)
==================================================
downloaded 2.3 MB

* installing *binary* package ‘bsicons’ ...
* ‘bsicons’ was already a binary package and will not be rebuilt
* creating tarball
packaged installation of ‘bsicons’ as ‘bsicons_0.1.2_R_x86_64-pc-linux-gnu.tar.gz’
* DONE (bsicons)
* installing *source* package ‘motifbreakR’ ...
** package ‘motifbreakR’ successfully unpacked and MD5 sums checked
** using staged installation
** R
** data
** inst
** byte-compile and prepare package for lazy loading
See system.file("LICENSE", package="MotifDb") for use restrictions.
** help
*** installing help indices
** building package indices
** installing vignettes
** testing if installed package can be loaded from temporary location
See system.file("LICENSE", package="MotifDb") for use restrictions.
** testing if installed package can be loaded from final location
See system.file("LICENSE", package="MotifDb") for use restrictions.
** testing if installed package keeps a record of temporary installation path
* creating tarball
packaged installation of ‘motifbreakR’ as ‘motifbreakR_2.20.0_R_x86_64-pc-linux-gnu.tar.gz’
* DONE (motifbreakR)

The downloaded source packages are in
	‘/tmp/RtmpX289kU/downloaded_packages’
Old packages: 'bslib', 'cli', 'curl', 'evaluate', 'httr2', 'jsonlite',
  'openssl', 'pillar', 'pkgbuild', 'processx', 'ps', 'purrr', 'R6', 'Rcpp',
  'rlang', 'sessioninfo', 'systemfonts', 'testthat', 'textshaping', 'tinytex',
  'xfun', 'zip', 'class', 'foreign', 'KernSmooth', 'MASS', 'Matrix', 'nlme',
  'nnet', 'rpart', 'spatial'

real	2m11.790s
user	1m9.634s
sys	0m10.519s
