'getOption("repos")' replaces Bioconductor standard repositories, see
'help("repositories", package = "BiocManager")' for details.
Replacement repositories:
    CRAN: https://p3m.dev/cran/__linux__/noble/latest
Bioconductor version 3.20 (BiocManager 1.30.25), R 4.4.2 (2024-10-31)
Installing package(s) 'Organism.dplyr'
also installing the dependency ‘TxDb.Mmusculus.UCSC.mm10.ensGene’

trying URL 'https://bioconductor.org/packages/3.20/data/annotation/src/contrib/TxDb.Mmusculus.UCSC.mm10.ensGene_3.4.0.tar.gz'
Content type 'application/x-gzip' length 18183825 bytes (17.3 MB)
==================================================
downloaded 17.3 MB

trying URL 'https://bioconductor.org/packages/3.20/bioc/src/contrib/Organism.dplyr_1.34.0.tar.gz'
Content type 'application/x-gzip' length 591758 bytes (577 KB)
==================================================
downloaded 577 KB

* installing *source* package ‘TxDb.Mmusculus.UCSC.mm10.ensGene’ ...
** using staged installation
** R
** inst
** byte-compile and prepare package for lazy loading
** help
*** installing help indices
** building package indices
** testing if installed package can be loaded from temporary location
** testing if installed package can be loaded from final location
** testing if installed package keeps a record of temporary installation path
* creating tarball
packaged installation of ‘TxDb.Mmusculus.UCSC.mm10.ensGene’ as ‘TxDb.Mmusculus.UCSC.mm10.ensGene_3.4.0_R_x86_64-pc-linux-gnu.tar.gz’
* DONE (TxDb.Mmusculus.UCSC.mm10.ensGene)
* installing *source* package ‘Organism.dplyr’ ...
** package ‘Organism.dplyr’ successfully unpacked and MD5 sums checked
** using staged installation
** R
** inst
** byte-compile and prepare package for lazy loading
** help
*** installing help indices
** building package indices
** installing vignettes
** testing if installed package can be loaded from temporary location
** testing if installed package can be loaded from final location
** testing if installed package keeps a record of temporary installation path
* creating tarball
packaged installation of ‘Organism.dplyr’ as ‘Organism.dplyr_1.34.0_R_x86_64-pc-linux-gnu.tar.gz’
* DONE (Organism.dplyr)

The downloaded source packages are in
	‘/tmp/RtmpVuF1G7/downloaded_packages’
Old packages: 'bslib', 'cli', 'curl', 'evaluate', 'httr2', 'jsonlite',
  'openssl', 'pillar', 'pkgbuild', 'processx', 'ps', 'purrr', 'R6', 'Rcpp',
  'rlang', 'sessioninfo', 'systemfonts', 'testthat', 'textshaping', 'tinytex',
  'xfun', 'zip', 'class', 'foreign', 'KernSmooth', 'MASS', 'Matrix', 'nlme',
  'nnet', 'rpart', 'spatial'

real	2m49.714s
user	1m15.942s
sys	0m9.119s
