'getOption("repos")' replaces Bioconductor standard repositories, see
'help("repositories", package = "BiocManager")' for details.
Replacement repositories:
    CRAN: https://p3m.dev/cran/__linux__/noble/latest
Bioconductor version 3.20 (BiocManager 1.30.25), R 4.4.2 (2024-10-31)
Installing package(s) 'Rarr'
also installing the dependencies ‘paws.common’, ‘paws.storage’

trying URL 'https://p3m.dev/cran/__linux__/noble/latest/src/contrib/paws.common_0.8.1.tar.gz'
Content type 'binary/octet-stream' length 592016 bytes (578 KB)
==================================================
downloaded 578 KB

trying URL 'https://p3m.dev/cran/__linux__/noble/latest/src/contrib/paws.storage_0.8.0.tar.gz'
Content type 'binary/octet-stream' length 2946636 bytes (2.8 MB)
==================================================
downloaded 2.8 MB

trying URL 'https://bioconductor.org/packages/3.20/bioc/src/contrib/Rarr_1.6.0.tar.gz'
Content type 'application/x-gzip' length 1454845 bytes (1.4 MB)
==================================================
downloaded 1.4 MB

* installing *binary* package ‘paws.common’ ...
* ‘paws.common’ was already a binary package and will not be rebuilt
* creating tarball
packaged installation of ‘paws.common’ as ‘paws.common_0.8.1_R_x86_64-pc-linux-gnu.tar.gz’
* DONE (paws.common)
* installing *binary* package ‘paws.storage’ ...
* ‘paws.storage’ was already a binary package and will not be rebuilt
* creating tarball
packaged installation of ‘paws.storage’ as ‘paws.storage_0.8.0_R_x86_64-pc-linux-gnu.tar.gz’
* DONE (paws.storage)
* installing *source* package ‘Rarr’ ...
** package ‘Rarr’ successfully unpacked and MD5 sums checked
** using staged installation
NO_RLIB=
R_CPPFLAGS=-I/usr/local/lib/R/include
configure: is NOT Bioc build machine
configure: configuring the Zstd filter...
checking for gcc... gcc
checking whether the C compiler works... yes
checking for C compiler default output file name... a.out
checking for suffix of executables... 
checking whether we are cross compiling... no
checking for suffix of object files... o
checking whether the compiler supports GNU C... yes
checking whether gcc accepts -g... yes
checking for gcc option to enable C11 features... none needed
checking for stdio.h... yes
checking for stdlib.h... yes
checking for string.h... yes
checking for inttypes.h... yes
checking for stdint.h... yes
checking for strings.h... yes
checking for sys/stat.h... yes
checking for sys/types.h... yes
checking for unistd.h... yes
checking for zstd.h... yes
checking for ZSTD_decompress in -lzstd... yes
configure: Using system Zstd library
configure: configuring the BLOSC filter...
checking for blosc.h... yes
checking for blosc_compress in -lblosc... yes
configure: Using system BLOSC library
configure: creating ./config.status
config.status: creating src/Makevars
config.status: creating src/compression_tools/blosc/lib/blosc-1.20.1/Makefile
config.status: creating src/compression_tools/blosc/Makefile
config.status: creating src/compression_tools/blosc/lib/snappy-1.1.1/Makefile
** libs
using C compiler: ‘gcc (Ubuntu 13.3.0-6ubuntu2~24.04) 13.3.0’
gcc -I"/usr/local/lib/R/include" -DNDEBUG -I/usr/local/include  -I/usr/local/include   -g -O2 -fstack-protector-strong -Wformat -Wformat-security -Wdate-time -D_FORTIFY_SOURCE=2 -g -fpic  -g -O2 -fstack-protector-strong -Wformat -Wformat-security -Wdate-time -D_FORTIFY_SOURCE=2 -g  -c Rarr.c -o Rarr.o
gcc -I"/usr/local/lib/R/include" -DNDEBUG -I/usr/local/include  -I/usr/local/include   -g -O2 -fstack-protector-strong -Wformat -Wformat-security -Wdate-time -D_FORTIFY_SOURCE=2 -g -fpic  -g -O2 -fstack-protector-strong -Wformat -Wformat-security -Wdate-time -D_FORTIFY_SOURCE=2 -g  -c bit64_conversion.c -o bit64_conversion.o
gcc -I"/usr/local/lib/R/include" -DNDEBUG -I/usr/local/include  -I/usr/local/include   -g -O2 -fstack-protector-strong -Wformat -Wformat-security -Wdate-time -D_FORTIFY_SOURCE=2 -g -fpic  -g -O2 -fstack-protector-strong -Wformat -Wformat-security -Wdate-time -D_FORTIFY_SOURCE=2 -g  -c compress.c -o compress.o
gcc -I"/usr/local/lib/R/include" -DNDEBUG -I/usr/local/include  -I/usr/local/include   -g -O2 -fstack-protector-strong -Wformat -Wformat-security -Wdate-time -D_FORTIFY_SOURCE=2 -g -fpic  -g -O2 -fstack-protector-strong -Wformat -Wformat-security -Wdate-time -D_FORTIFY_SOURCE=2 -g  -c decompress.c -o decompress.o
gcc -I"/usr/local/lib/R/include" -DNDEBUG -I/usr/local/include  -I/usr/local/include   -g -O2 -fstack-protector-strong -Wformat -Wformat-security -Wdate-time -D_FORTIFY_SOURCE=2 -g -fpic  -g -O2 -fstack-protector-strong -Wformat -Wformat-security -Wdate-time -D_FORTIFY_SOURCE=2 -g  -c float16_conversion.c -o float16_conversion.o
gcc -I"/usr/local/lib/R/include" -DNDEBUG -I/usr/local/include  -I/usr/local/include   -g -O2 -fstack-protector-strong -Wformat -Wformat-security -Wdate-time -D_FORTIFY_SOURCE=2 -g -fpic  -g -O2 -fstack-protector-strong -Wformat -Wformat-security -Wdate-time -D_FORTIFY_SOURCE=2 -g  -c type_conversion.c -o type_conversion.o
gcc -shared -L/usr/local/lib/R/lib -L/usr/local/lib -o Rarr.so Rarr.o bit64_conversion.o compress.o decompress.o float16_conversion.o type_conversion.o -lblosc -lzstd -L/usr/local/lib/R/lib -lR
installing to /mnt/library/00LOCK-Rarr/00new/Rarr/libs
** R
** inst
** byte-compile and prepare package for lazy loading
** help
*** installing help indices
** building package indices
** installing vignettes
** testing if installed package can be loaded from temporary location
** checking absolute paths in shared objects and dynamic libraries
** testing if installed package can be loaded from final location
** testing if installed package keeps a record of temporary installation path
* creating tarball
packaged installation of ‘Rarr’ as ‘Rarr_1.6.0_R_x86_64-pc-linux-gnu.tar.gz’
* DONE (Rarr)

The downloaded source packages are in
	‘/tmp/RtmpFFyjc4/downloaded_packages’
Old packages: 'bslib', 'cli', 'curl', 'evaluate', 'httr2', 'jsonlite',
  'openssl', 'pillar', 'pkgbuild', 'processx', 'ps', 'purrr', 'R6', 'Rcpp',
  'rlang', 'sessioninfo', 'systemfonts', 'testthat', 'textshaping', 'tinytex',
  'xfun', 'zip', 'class', 'foreign', 'KernSmooth', 'MASS', 'Matrix', 'nlme',
  'nnet', 'rpart', 'spatial'

real	0m44.805s
user	0m20.957s
sys	0m5.826s
