'getOption("repos")' replaces Bioconductor standard repositories, see
'help("repositories", package = "BiocManager")' for details.
Replacement repositories:
    CRAN: https://p3m.dev/cran/__linux__/noble/latest
Bioconductor version 3.20 (BiocManager 1.30.25), R 4.4.2 (2024-10-31)
Installing package(s) 'memes'
also installing the dependencies ‘kSamples’, ‘BWStest’, ‘BSgenome.Dmelanogaster.UCSC.dm6’, ‘PMCMRplus’, ‘plyranges’

trying URL 'https://p3m.dev/cran/__linux__/noble/latest/src/contrib/kSamples_1.2-10.tar.gz'
Content type 'binary/octet-stream' length 251969 bytes (246 KB)
==================================================
downloaded 246 KB

trying URL 'https://p3m.dev/cran/__linux__/noble/latest/src/contrib/BWStest_0.2.3.tar.gz'
Content type 'binary/octet-stream' length 151479 bytes (147 KB)
==================================================
downloaded 147 KB

trying URL 'https://bioconductor.org/packages/3.20/data/annotation/src/contrib/BSgenome.Dmelanogaster.UCSC.dm6_1.4.1.tar.gz'
Content type 'application/x-gzip' length 34147677 bytes (32.6 MB)
==================================================
downloaded 32.6 MB

trying URL 'https://p3m.dev/cran/__linux__/noble/latest/src/contrib/PMCMRplus_1.9.12.tar.gz'
Content type 'binary/octet-stream' length 1261227 bytes (1.2 MB)
==================================================
downloaded 1.2 MB

trying URL 'https://bioconductor.org/packages/3.20/bioc/src/contrib/plyranges_1.26.0.tar.gz'
Content type 'application/x-gzip' length 1359482 bytes (1.3 MB)
==================================================
downloaded 1.3 MB

trying URL 'https://bioconductor.org/packages/3.20/bioc/src/contrib/memes_1.14.0.tar.gz'
Content type 'application/x-gzip' length 1098276 bytes (1.0 MB)
==================================================
downloaded 1.0 MB

* installing *binary* package ‘kSamples’ ...
* ‘kSamples’ was already a binary package and will not be rebuilt
* creating tarball
packaged installation of ‘kSamples’ as ‘kSamples_1.2-10_R_x86_64-pc-linux-gnu.tar.gz’
* DONE (kSamples)
* installing *binary* package ‘BWStest’ ...
* ‘BWStest’ was already a binary package and will not be rebuilt
* creating tarball
packaged installation of ‘BWStest’ as ‘BWStest_0.2.3_R_x86_64-pc-linux-gnu.tar.gz’
* DONE (BWStest)
* installing *source* package ‘BSgenome.Dmelanogaster.UCSC.dm6’ ...
** using staged installation
** R
** inst
** byte-compile and prepare package for lazy loading
** help
*** installing help indices
** building package indices
** testing if installed package can be loaded from temporary location
** testing if installed package can be loaded from final location
** testing if installed package keeps a record of temporary installation path
* creating tarball
packaged installation of ‘BSgenome.Dmelanogaster.UCSC.dm6’ as ‘BSgenome.Dmelanogaster.UCSC.dm6_1.4.1_R_x86_64-pc-linux-gnu.tar.gz’
* DONE (BSgenome.Dmelanogaster.UCSC.dm6)
* installing *source* package ‘plyranges’ ...
** package ‘plyranges’ successfully unpacked and MD5 sums checked
** using staged installation
** R
** inst
** byte-compile and prepare package for lazy loading
** help
*** installing help indices
*** copying figures
** building package indices
** installing vignettes
** testing if installed package can be loaded from temporary location
** testing if installed package can be loaded from final location
** testing if installed package keeps a record of temporary installation path
* creating tarball
packaged installation of ‘plyranges’ as ‘plyranges_1.26.0_R_x86_64-pc-linux-gnu.tar.gz’
* DONE (plyranges)
* installing *source* package ‘memes’ ...
** package ‘memes’ successfully unpacked and MD5 sums checked
** using staged installation
** R
** data
*** moving datasets to lazyload DB
** inst
** byte-compile and prepare package for lazy loading
** help
*** installing help indices
*** copying figures
** building package indices
** installing vignettes
** testing if installed package can be loaded from temporary location
** testing if installed package can be loaded from final location
** testing if installed package keeps a record of temporary installation path
* creating tarball
packaged installation of ‘memes’ as ‘memes_1.14.0_R_x86_64-pc-linux-gnu.tar.gz’
* DONE (memes)
* installing *binary* package ‘PMCMRplus’ ...
* ‘PMCMRplus’ was already a binary package and will not be rebuilt
* creating tarball
packaged installation of ‘PMCMRplus’ as ‘PMCMRplus_1.9.12_R_x86_64-pc-linux-gnu.tar.gz’
* DONE (PMCMRplus)

The downloaded source packages are in
	‘/tmp/RtmpUBEJAv/downloaded_packages’
Old packages: 'bslib', 'cli', 'curl', 'evaluate', 'httr2', 'jsonlite',
  'openssl', 'pillar', 'pkgbuild', 'processx', 'ps', 'purrr', 'R6', 'Rcpp',
  'rlang', 'sessioninfo', 'systemfonts', 'testthat', 'textshaping', 'tinytex',
  'xfun', 'zip', 'class', 'foreign', 'KernSmooth', 'MASS', 'Matrix', 'nlme',
  'nnet', 'rpart', 'spatial'

real	2m5.081s
user	1m10.932s
sys	0m10.726s
