'getOption("repos")' replaces Bioconductor standard repositories, see
'help("repositories", package = "BiocManager")' for details.
Replacement repositories:
    CRAN: https://p3m.dev/cran/__linux__/noble/latest
Bioconductor version 3.20 (BiocManager 1.30.25), R 4.4.2 (2024-10-31)
Installing package(s) 'blima'
also installing the dependencies ‘blimaTestingData’, ‘illuminaHumanv4.db’, ‘lumi’

trying URL 'https://bioconductor.org/packages/3.20/data/experiment/src/contrib/blimaTestingData_1.26.0.tar.gz'
Content type 'application/x-gzip' length 103049624 bytes (98.3 MB)
==================================================
downloaded 98.3 MB

trying URL 'https://bioconductor.org/packages/3.20/data/annotation/src/contrib/illuminaHumanv4.db_1.26.0.tar.gz'
Content type 'application/x-gzip' length 6705381 bytes (6.4 MB)
==================================================
downloaded 6.4 MB

trying URL 'https://bioconductor.org/packages/3.20/bioc/src/contrib/lumi_2.58.0.tar.gz'
Content type 'application/x-gzip' length 8426674 bytes (8.0 MB)
==================================================
downloaded 8.0 MB

trying URL 'https://bioconductor.org/packages/3.20/bioc/src/contrib/blima_1.40.0.tar.gz'
Content type 'application/x-gzip' length 273659 bytes (267 KB)
==================================================
downloaded 267 KB

* installing *source* package ‘blimaTestingData’ ...
** using staged installation
** data
** inst
** help
*** installing help indices
** building package indices
** installing vignettes
** testing if installed package can be loaded from temporary location
** testing if installed package can be loaded from final location
** testing if installed package keeps a record of temporary installation path
* creating tarball
packaged installation of ‘blimaTestingData’ as ‘blimaTestingData_1.26.0_R_x86_64-pc-linux-gnu.tar.gz’
* DONE (blimaTestingData)
* installing *source* package ‘illuminaHumanv4.db’ ...
** using staged installation
** R
** inst
** byte-compile and prepare package for lazy loading
** help
*** installing help indices
** building package indices
** testing if installed package can be loaded from temporary location
** testing if installed package can be loaded from final location
** testing if installed package keeps a record of temporary installation path
* creating tarball
packaged installation of ‘illuminaHumanv4.db’ as ‘illuminaHumanv4.db_1.26.0_R_x86_64-pc-linux-gnu.tar.gz’
* DONE (illuminaHumanv4.db)
* installing *source* package ‘lumi’ ...
** package ‘lumi’ successfully unpacked and MD5 sums checked
** using staged installation
** R
** data
** inst
** byte-compile and prepare package for lazy loading
No methods found in package ‘RSQLite’ for request: ‘dbListFields’ when loading ‘lumi’
** help
*** installing help indices
** building package indices
** installing vignettes
** testing if installed package can be loaded from temporary location
No methods found in package ‘RSQLite’ for request: ‘dbListFields’ when loading ‘lumi’
** testing if installed package can be loaded from final location
No methods found in package ‘RSQLite’ for request: ‘dbListFields’ when loading ‘lumi’
** testing if installed package keeps a record of temporary installation path
* creating tarball
packaged installation of ‘lumi’ as ‘lumi_2.58.0_R_x86_64-pc-linux-gnu.tar.gz’
* DONE (lumi)
* installing *source* package ‘blima’ ...
** package ‘blima’ successfully unpacked and MD5 sums checked
** using staged installation
** libs
using C++ compiler: ‘g++ (Ubuntu 13.3.0-6ubuntu2~24.04) 13.3.0’
g++ -std=gnu++17 -I"/usr/local/lib/R/include" -DNDEBUG  -I'/usr/local/lib/R/site-library/Rcpp/include' -I/usr/local/include    -fpic  -g -O2 -fstack-protector-strong -Wformat -Wformat-security -Wdate-time -D_FORTIFY_SOURCE=2 -g  -DR_NO_REMAP -c RcppExports.cpp -o RcppExports.o
g++ -std=gnu++17 -I"/usr/local/lib/R/include" -DNDEBUG  -I'/usr/local/lib/R/site-library/Rcpp/include' -I/usr/local/include    -fpic  -g -O2 -fstack-protector-strong -Wformat -Wformat-security -Wdate-time -D_FORTIFY_SOURCE=2 -g  -DR_NO_REMAP -c interpolateSortedVector.cpp -o interpolateSortedVector.o
g++ -std=gnu++17 -shared -L/usr/local/lib/R/lib -L/usr/local/lib -o blima.so RcppExports.o interpolateSortedVector.o -L/usr/local/lib/R/lib -lR
installing to /mnt/library/00LOCK-blima/00new/blima/libs
** R
** inst
** byte-compile and prepare package for lazy loading
** help
*** installing help indices
** building package indices
** installing vignettes
** testing if installed package can be loaded from temporary location
** checking absolute paths in shared objects and dynamic libraries
** testing if installed package can be loaded from final location
** testing if installed package keeps a record of temporary installation path
* creating tarball
packaged installation of ‘blima’ as ‘blima_1.40.0_R_x86_64-pc-linux-gnu.tar.gz’
* DONE (blima)

The downloaded source packages are in
	‘/tmp/Rtmpc36im3/downloaded_packages’
Old packages: 'bslib', 'cli', 'curl', 'evaluate', 'httr2', 'jsonlite',
  'openssl', 'pillar', 'pkgbuild', 'processx', 'ps', 'purrr', 'R6', 'Rcpp',
  'rlang', 'sessioninfo', 'systemfonts', 'testthat', 'textshaping', 'tinytex',
  'xfun', 'zip', 'class', 'foreign', 'KernSmooth', 'MASS', 'Matrix', 'nlme',
  'nnet', 'rpart', 'spatial'

real	13m18.522s
user	1m29.783s
sys	0m13.513s
