'getOption("repos")' replaces Bioconductor standard repositories, see
'help("repositories", package = "BiocManager")' for details.
Replacement repositories:
    CRAN: https://p3m.dev/cran/__linux__/noble/latest
Bioconductor version 3.20 (BiocManager 1.30.25), R 4.4.2 (2024-10-31)
Installing package(s) 'MethTargetedNGS'
trying URL 'https://bioconductor.org/packages/3.20/bioc/src/contrib/MethTargetedNGS_1.38.0.tar.gz'
Content type 'application/x-gzip' length 290318 bytes (283 KB)
==================================================
downloaded 283 KB

* installing *source* package ‘MethTargetedNGS’ ...
** package ‘MethTargetedNGS’ successfully unpacked and MD5 sums checked
** using staged installation
** R
** inst
** byte-compile and prepare package for lazy loading
** help
*** installing help indices
** building package indices
** installing vignettes
** testing if installed package can be loaded from temporary location
** testing if installed package can be loaded from final location
** testing if installed package keeps a record of temporary installation path
* creating tarball
packaged installation of ‘MethTargetedNGS’ as ‘MethTargetedNGS_1.38.0_R_x86_64-pc-linux-gnu.tar.gz’
* DONE (MethTargetedNGS)

The downloaded source packages are in
	‘/tmp/Rtmpou1jAX/downloaded_packages’
Old packages: 'bslib', 'cli', 'curl', 'evaluate', 'httr2', 'jsonlite',
  'openssl', 'pillar', 'pkgbuild', 'processx', 'ps', 'purrr', 'R6', 'Rcpp',
  'rlang', 'sessioninfo', 'systemfonts', 'testthat', 'textshaping', 'tinytex',
  'xfun', 'zip', 'class', 'foreign', 'KernSmooth', 'MASS', 'Matrix', 'nlme',
  'nnet', 'rpart', 'spatial'

real	2m3.134s
user	0m15.694s
sys	0m3.563s
