'getOption("repos")' replaces Bioconductor standard repositories, see
'help("repositories", package = "BiocManager")' for details.
Replacement repositories:
    CRAN: https://p3m.dev/cran/__linux__/noble/latest
Bioconductor version 3.20 (BiocManager 1.30.25), R 4.4.2 (2024-10-31)
Installing package(s) 'SpatialFeatureExperiment'
also installing the dependencies ‘sfarrow’, ‘Voyager’

trying URL 'https://p3m.dev/cran/__linux__/noble/latest/src/contrib/sfarrow_0.4.1.tar.gz'
Content type 'binary/octet-stream' length 420302 bytes (410 KB)
==================================================
downloaded 410 KB

trying URL 'https://bioconductor.org/packages/3.20/bioc/src/contrib/Voyager_1.8.1.tar.gz'
Content type 'application/x-gzip' length 4149898 bytes (4.0 MB)
==================================================
downloaded 4.0 MB

trying URL 'https://bioconductor.org/packages/3.20/bioc/src/contrib/SpatialFeatureExperiment_1.8.6.tar.gz'
Content type 'application/x-gzip' length 1903204 bytes (1.8 MB)
==================================================
downloaded 1.8 MB

* installing *binary* package ‘sfarrow’ ...
* ‘sfarrow’ was already a binary package and will not be rebuilt
* creating tarball
packaged installation of ‘sfarrow’ as ‘sfarrow_0.4.1_R_x86_64-pc-linux-gnu.tar.gz’
* DONE (sfarrow)
* installing *source* package ‘SpatialFeatureExperiment’ ...
** package ‘SpatialFeatureExperiment’ successfully unpacked and MD5 sums checked
** using staged installation
** R
** data
** inst
** byte-compile and prepare package for lazy loading
in method for ‘toSpatialFeatureExperiment’ with signature ‘"Seurat"’: no definition for class “Seurat”
Creating a generic function for ‘NROW’ from package ‘base’ in package ‘SpatialFeatureExperiment’
Creating a generic function for ‘NCOL’ from package ‘base’ in package ‘SpatialFeatureExperiment’
Creating a generic function for ‘saveRDS’ from package ‘base’ in package ‘SpatialFeatureExperiment’
Creating a generic function for ‘readRDS’ from package ‘base’ in package ‘SpatialFeatureExperiment’
** help
*** installing help indices
** building package indices
** installing vignettes
** testing if installed package can be loaded from temporary location
** testing if installed package can be loaded from final location
** testing if installed package keeps a record of temporary installation path
* creating tarball
packaged installation of ‘SpatialFeatureExperiment’ as ‘SpatialFeatureExperiment_1.8.6_R_x86_64-pc-linux-gnu.tar.gz’
* DONE (SpatialFeatureExperiment)
* installing *source* package ‘Voyager’ ...
** using staged installation
** R
** data
** inst
** byte-compile and prepare package for lazy loading
** help
*** installing help indices
** building package indices
** installing vignettes
** testing if installed package can be loaded from temporary location
** testing if installed package can be loaded from final location
** testing if installed package keeps a record of temporary installation path
* creating tarball
packaged installation of ‘Voyager’ as ‘Voyager_1.8.1_R_x86_64-pc-linux-gnu.tar.gz’
* DONE (Voyager)

The downloaded source packages are in
	‘/tmp/RtmpAb85TY/downloaded_packages’
Old packages: 'bslib', 'cli', 'curl', 'evaluate', 'httr2', 'jsonlite',
  'openssl', 'pillar', 'pkgbuild', 'processx', 'ps', 'purrr', 'R6', 'Rcpp',
  'rlang', 'sessioninfo', 'systemfonts', 'testthat', 'textshaping', 'tinytex',
  'xfun', 'zip', 'class', 'foreign', 'KernSmooth', 'MASS', 'Matrix', 'nlme',
  'nnet', 'rpart', 'spatial'

real	4m16.493s
user	1m34.160s
sys	0m12.588s
