'getOption("repos")' replaces Bioconductor standard repositories, see
'help("repositories", package = "BiocManager")' for details.
Replacement repositories:
    CRAN: https://p3m.dev/cran/__linux__/noble/latest
Bioconductor version 3.20 (BiocManager 1.30.25), R 4.4.2 (2024-10-31)
Installing package(s) 'SingleCellAlleleExperiment'
also installing the dependencies ‘scaeData’, ‘DropletUtils’

trying URL 'https://bioconductor.org/packages/3.20/data/experiment/src/contrib/scaeData_1.2.0.tar.gz'
Content type 'application/x-gzip' length 308122 bytes (300 KB)
==================================================
downloaded 300 KB

trying URL 'https://bioconductor.org/packages/3.20/bioc/src/contrib/DropletUtils_1.26.0.tar.gz'
Content type 'application/x-gzip' length 595636 bytes (581 KB)
==================================================
downloaded 581 KB

trying URL 'https://bioconductor.org/packages/3.20/bioc/src/contrib/SingleCellAlleleExperiment_1.2.0.tar.gz'
Content type 'application/x-gzip' length 2050709 bytes (2.0 MB)
==================================================
downloaded 2.0 MB

* installing *source* package ‘scaeData’ ...
** using staged installation
** R
** inst
** byte-compile and prepare package for lazy loading
** help
*** installing help indices
** building package indices
** installing vignettes
** testing if installed package can be loaded from temporary location
** testing if installed package can be loaded from final location
** testing if installed package keeps a record of temporary installation path
* creating tarball
packaged installation of ‘scaeData’ as ‘scaeData_1.2.0_R_x86_64-pc-linux-gnu.tar.gz’
* DONE (scaeData)
ERROR: failed to lock directory ‘/mnt/library’ for modifying
Try removing ‘/mnt/library/00LOCK-DropletUtils’
* installing *source* package ‘SingleCellAlleleExperiment’ ...
** package ‘SingleCellAlleleExperiment’ successfully unpacked and MD5 sums checked
** using staged installation
** R
** inst
** byte-compile and prepare package for lazy loading
** help
*** installing help indices
** building package indices
** installing vignettes
** testing if installed package can be loaded from temporary location
** testing if installed package can be loaded from final location
** testing if installed package keeps a record of temporary installation path
* creating tarball
packaged installation of ‘SingleCellAlleleExperiment’ as ‘SingleCellAlleleExperiment_1.2.0_R_x86_64-pc-linux-gnu.tar.gz’
* DONE (SingleCellAlleleExperiment)

The downloaded source packages are in
	‘/tmp/RtmpF8Fn6f/downloaded_packages’
Old packages: 'bslib', 'cli', 'curl', 'evaluate', 'httr2', 'jsonlite',
  'openssl', 'pillar', 'pkgbuild', 'processx', 'ps', 'purrr', 'R6', 'Rcpp',
  'rlang', 'sessioninfo', 'systemfonts', 'testthat', 'textshaping', 'tinytex',
  'xfun', 'zip', 'class', 'foreign', 'KernSmooth', 'MASS', 'Matrix', 'nlme',
  'nnet', 'rpart', 'spatial'
Warning message:
In install.packages(...) :
  installation of package ‘DropletUtils’ had non-zero exit status

real	28m57.757s
user	0m37.304s
sys	0m8.540s
