'getOption("repos")' replaces Bioconductor standard repositories, see
'help("repositories", package = "BiocManager")' for details.
Replacement repositories:
    CRAN: https://p3m.dev/cran/__linux__/noble/latest
Bioconductor version 3.20 (BiocManager 1.30.25), R 4.4.2 (2024-10-31)
Installing package(s) 'dar'
also installing the dependencies ‘roxyglobals’, ‘roxytest’

trying URL 'https://p3m.dev/cran/__linux__/noble/latest/src/contrib/roxyglobals_1.0.0.tar.gz'
Content type 'binary/octet-stream' length 31188 bytes (30 KB)
==================================================
downloaded 30 KB

trying URL 'https://p3m.dev/cran/__linux__/noble/latest/src/contrib/roxytest_0.0.2.tar.gz'
Content type 'binary/octet-stream' length 59921 bytes (58 KB)
==================================================
downloaded 58 KB

trying URL 'https://bioconductor.org/packages/3.20/bioc/src/contrib/dar_1.2.0.tar.gz'
Content type 'application/x-gzip' length 2134403 bytes (2.0 MB)
==================================================
downloaded 2.0 MB

* installing *binary* package ‘roxyglobals’ ...
* ‘roxyglobals’ was already a binary package and will not be rebuilt
* creating tarball
packaged installation of ‘roxyglobals’ as ‘roxyglobals_1.0.0_R_x86_64-pc-linux-gnu.tar.gz’
* DONE (roxyglobals)
* installing *binary* package ‘roxytest’ ...
* ‘roxytest’ was already a binary package and will not be rebuilt
* creating tarball
packaged installation of ‘roxytest’ as ‘roxytest_0.0.2_R_x86_64-pc-linux-gnu.tar.gz’
* DONE (roxytest)
* installing *source* package ‘dar’ ...
** package ‘dar’ successfully unpacked and MD5 sums checked
** using staged installation
** R
** data
** inst
** byte-compile and prepare package for lazy loading
** help
*** installing help indices
*** copying figures
** building package indices
** installing vignettes
** testing if installed package can be loaded from temporary location
** testing if installed package can be loaded from final location
** testing if installed package keeps a record of temporary installation path
* creating tarball
packaged installation of ‘dar’ as ‘dar_1.2.0_R_x86_64-pc-linux-gnu.tar.gz’
* DONE (dar)

The downloaded source packages are in
	‘/tmp/RtmpbUBs9F/downloaded_packages’
Old packages: 'bslib', 'cli', 'curl', 'evaluate', 'httr2', 'jsonlite',
  'openssl', 'pillar', 'pkgbuild', 'processx', 'ps', 'purrr', 'R6', 'Rcpp',
  'rlang', 'sessioninfo', 'systemfonts', 'testthat', 'textshaping', 'tinytex',
  'xfun', 'zip', 'class', 'foreign', 'KernSmooth', 'MASS', 'Matrix', 'nlme',
  'nnet', 'rpart', 'spatial'

real	1m55.889s
user	0m26.630s
sys	0m6.232s
