'getOption("repos")' replaces Bioconductor standard repositories, see
'help("repositories", package = "BiocManager")' for details.
Replacement repositories:
    CRAN: https://p3m.dev/cran/__linux__/noble/latest
Bioconductor version 3.20 (BiocManager 1.30.25), R 4.4.2 (2024-10-31)
Installing package(s) 'MMDiff2'
also installing the dependency ‘MMDiffBamSubset’

trying URL 'https://bioconductor.org/packages/3.20/data/experiment/src/contrib/MMDiffBamSubset_1.42.0.tar.gz'
Content type 'application/x-gzip' length 663057801 bytes (632.3 MB)
==================================================
downloaded 632.3 MB

trying URL 'https://bioconductor.org/packages/3.20/bioc/src/contrib/MMDiff2_1.34.0.tar.gz'
Content type 'application/x-gzip' length 3008899 bytes (2.9 MB)
==================================================
downloaded 2.9 MB

* installing *source* package ‘MMDiffBamSubset’ ...
** using staged installation
** R
** inst
** byte-compile and prepare package for lazy loading
** help
*** installing help indices
** building package indices
** testing if installed package can be loaded from temporary location
** testing if installed package can be loaded from final location
** testing if installed package keeps a record of temporary installation path
* creating tarball
packaged installation of ‘MMDiffBamSubset’ as ‘MMDiffBamSubset_1.42.0_R_x86_64-pc-linux-gnu.tar.gz’
* DONE (MMDiffBamSubset)
* installing *source* package ‘MMDiff2’ ...
** package ‘MMDiff2’ successfully unpacked and MD5 sums checked
** using staged installation
** R
** data
** inst
** byte-compile and prepare package for lazy loading
** help
*** installing help indices
** building package indices
** installing vignettes
** testing if installed package can be loaded from temporary location
** testing if installed package can be loaded from final location
** testing if installed package keeps a record of temporary installation path
* creating tarball
packaged installation of ‘MMDiff2’ as ‘MMDiff2_1.34.0_R_x86_64-pc-linux-gnu.tar.gz’
* DONE (MMDiff2)

The downloaded source packages are in
	‘/tmp/RtmpUa3Ceb/downloaded_packages’
Old packages: 'bslib', 'cli', 'curl', 'evaluate', 'httr2', 'jsonlite',
  'openssl', 'pillar', 'pkgbuild', 'processx', 'ps', 'purrr', 'R6', 'Rcpp',
  'rlang', 'sessioninfo', 'systemfonts', 'testthat', 'textshaping', 'tinytex',
  'xfun', 'zip', 'class', 'foreign', 'KernSmooth', 'MASS', 'Matrix', 'nlme',
  'nnet', 'rpart', 'spatial'

real	2m33.939s
user	1m34.477s
sys	0m15.204s
