'getOption("repos")' replaces Bioconductor standard repositories, see
'help("repositories", package = "BiocManager")' for details.
Replacement repositories:
    CRAN: https://p3m.dev/cran/__linux__/noble/latest
Bioconductor version 3.20 (BiocManager 1.30.25), R 4.4.2 (2024-10-31)
Installing package(s) 'cleaver'
also installing the dependencies ‘httpcache’, ‘UniProt.ws’

trying URL 'https://p3m.dev/cran/__linux__/noble/latest/src/contrib/httpcache_1.2.0.tar.gz'
Content type 'binary/octet-stream' length 62299 bytes (60 KB)
==================================================
downloaded 60 KB

trying URL 'https://bioconductor.org/packages/3.20/bioc/src/contrib/UniProt.ws_2.46.1.tar.gz'
Content type 'application/x-gzip' length 242002 bytes (236 KB)
==================================================
downloaded 236 KB

trying URL 'https://bioconductor.org/packages/3.20/bioc/src/contrib/cleaver_1.44.0.tar.gz'
Content type 'application/x-gzip' length 353753 bytes (345 KB)
==================================================
downloaded 345 KB

* installing *binary* package ‘httpcache’ ...
* ‘httpcache’ was already a binary package and will not be rebuilt
* creating tarball
packaged installation of ‘httpcache’ as ‘httpcache_1.2.0_R_x86_64-pc-linux-gnu.tar.gz’
* DONE (httpcache)
* installing *source* package ‘cleaver’ ...
** package ‘cleaver’ successfully unpacked and MD5 sums checked
** using staged installation
** R
** inst
** byte-compile and prepare package for lazy loading
** help
*** installing help indices
** building package indices
** installing vignettes
** testing if installed package can be loaded from temporary location
** testing if installed package can be loaded from final location
** testing if installed package keeps a record of temporary installation path
* creating tarball
packaged installation of ‘cleaver’ as ‘cleaver_1.44.0_R_x86_64-pc-linux-gnu.tar.gz’
* DONE (cleaver)
* installing *source* package ‘UniProt.ws’ ...
** using staged installation
** R
** inst
** byte-compile and prepare package for lazy loading
** help
*** installing help indices
** building package indices
** installing vignettes
** testing if installed package can be loaded from temporary location
** testing if installed package can be loaded from final location
** testing if installed package keeps a record of temporary installation path
* creating tarball
packaged installation of ‘UniProt.ws’ as ‘UniProt.ws_2.46.1_R_x86_64-pc-linux-gnu.tar.gz’
* DONE (UniProt.ws)

The downloaded source packages are in
	‘/tmp/RtmpJu4eX9/downloaded_packages’
Old packages: 'bslib', 'cli', 'curl', 'evaluate', 'httr2', 'jsonlite',
  'openssl', 'pillar', 'pkgbuild', 'processx', 'ps', 'purrr', 'R6', 'Rcpp',
  'rlang', 'sessioninfo', 'systemfonts', 'testthat', 'textshaping', 'tinytex',
  'xfun', 'zip', 'class', 'foreign', 'KernSmooth', 'MASS', 'Matrix', 'nlme',
  'nnet', 'rpart', 'spatial'

real	1m48.345s
user	0m24.347s
sys	0m5.099s
