'getOption("repos")' replaces Bioconductor standard repositories, see
'help("repositories", package = "BiocManager")' for details.
Replacement repositories:
    CRAN: https://p3m.dev/cran/__linux__/noble/latest
Bioconductor version 3.20 (BiocManager 1.30.25), R 4.4.2 (2024-10-31)
Installing package(s) 'tomoseqr'
also installing the dependency ‘animation’

trying URL 'https://p3m.dev/cran/__linux__/noble/latest/src/contrib/animation_2.7.tar.gz'
Content type 'binary/octet-stream' length 551372 bytes (538 KB)
==================================================
downloaded 538 KB

trying URL 'https://bioconductor.org/packages/3.20/bioc/src/contrib/tomoseqr_1.10.0.tar.gz'
Content type 'application/x-gzip' length 1635287 bytes (1.6 MB)
==================================================
downloaded 1.6 MB

* installing *binary* package ‘animation’ ...
* ‘animation’ was already a binary package and will not be rebuilt
* creating tarball
packaged installation of ‘animation’ as ‘animation_2.7_R_x86_64-pc-linux-gnu.tar.gz’
* DONE (animation)
* installing *source* package ‘tomoseqr’ ...
** package ‘tomoseqr’ successfully unpacked and MD5 sums checked
** using staged installation
** R
** data
** inst
** byte-compile and prepare package for lazy loading
** help
*** installing help indices
** building package indices
** installing vignettes
** testing if installed package can be loaded from temporary location
** testing if installed package can be loaded from final location
** testing if installed package keeps a record of temporary installation path
* creating tarball
packaged installation of ‘tomoseqr’ as ‘tomoseqr_1.10.0_R_x86_64-pc-linux-gnu.tar.gz’
* DONE (tomoseqr)

The downloaded source packages are in
	‘/tmp/RtmpKk8zny/downloaded_packages’
Old packages: 'bslib', 'cli', 'curl', 'evaluate', 'httr2', 'jsonlite',
  'openssl', 'pillar', 'pkgbuild', 'processx', 'ps', 'purrr', 'R6', 'Rcpp',
  'rlang', 'sessioninfo', 'systemfonts', 'testthat', 'textshaping', 'tinytex',
  'xfun', 'zip', 'class', 'foreign', 'KernSmooth', 'MASS', 'Matrix', 'nlme',
  'nnet', 'rpart', 'spatial'

real	9m8.626s
user	0m11.897s
sys	0m3.613s
