'getOption("repos")' replaces Bioconductor standard repositories, see
'help("repositories", package = "BiocManager")' for details.
Replacement repositories:
    CRAN: https://p3m.dev/cran/__linux__/noble/latest
Bioconductor version 3.20 (BiocManager 1.30.25), R 4.4.2 (2024-10-31)
Installing package(s) 'diffcoexp'
also installing the dependency ‘DiffCorr’

trying URL 'https://p3m.dev/cran/__linux__/noble/latest/src/contrib/DiffCorr_0.4.4.tar.gz'
Content type 'binary/octet-stream' length 176333 bytes (172 KB)
==================================================
downloaded 172 KB

trying URL 'https://bioconductor.org/packages/3.20/bioc/src/contrib/diffcoexp_1.26.0.tar.gz'
Content type 'application/x-gzip' length 301998 bytes (294 KB)
==================================================
downloaded 294 KB

* installing *source* package ‘DiffCorr’ ...
** package ‘DiffCorr’ successfully unpacked and MD5 sums checked
** using staged installation
** R
** data
** inst
** byte-compile and prepare package for lazy loading
** help
*** installing help indices
** building package indices
** installing vignettes
** testing if installed package can be loaded from temporary location
** testing if installed package can be loaded from final location
** testing if installed package keeps a record of temporary installation path
* creating tarball
packaged installation of ‘DiffCorr’ as ‘DiffCorr_0.4.4_R_x86_64-pc-linux-gnu.tar.gz’
* DONE (DiffCorr)
* installing *source* package ‘diffcoexp’ ...
** package ‘diffcoexp’ successfully unpacked and MD5 sums checked
** using staged installation
** R
** data
*** moving datasets to lazyload DB
** inst
** byte-compile and prepare package for lazy loading
** help
*** installing help indices
** building package indices
** installing vignettes
** testing if installed package can be loaded from temporary location
** testing if installed package can be loaded from final location
** testing if installed package keeps a record of temporary installation path
* creating tarball
packaged installation of ‘diffcoexp’ as ‘diffcoexp_1.26.0_R_x86_64-pc-linux-gnu.tar.gz’
* DONE (diffcoexp)

The downloaded source packages are in
	‘/tmp/RtmpYfg0Z0/downloaded_packages’
Old packages: 'bslib', 'cli', 'curl', 'evaluate', 'httr2', 'jsonlite',
  'openssl', 'pillar', 'pkgbuild', 'processx', 'ps', 'purrr', 'R6', 'Rcpp',
  'rlang', 'sessioninfo', 'systemfonts', 'testthat', 'textshaping', 'tinytex',
  'xfun', 'zip', 'class', 'foreign', 'KernSmooth', 'MASS', 'Matrix', 'nlme',
  'nnet', 'rpart', 'spatial'

real	57m14.351s
user	0m36.934s
sys	0m8.807s
