'getOption("repos")' replaces Bioconductor standard repositories, see
'help("repositories", package = "BiocManager")' for details.
Replacement repositories:
    CRAN: https://p3m.dev/cran/__linux__/noble/latest
Bioconductor version 3.20 (BiocManager 1.30.25), R 4.4.2 (2024-10-31)
Installing package(s) 'VegaMC'
trying URL 'https://bioconductor.org/packages/3.20/bioc/src/contrib/VegaMC_3.44.0.tar.gz'
Content type 'application/x-gzip' length 1864154 bytes (1.8 MB)
==================================================
downloaded 1.8 MB

* installing *source* package ‘VegaMC’ ...
** package ‘VegaMC’ successfully unpacked and MD5 sums checked
** using staged installation
** libs
using C compiler: ‘gcc (Ubuntu 13.3.0-6ubuntu2~24.04) 13.3.0’
gcc -I"/usr/local/lib/R/include" -DNDEBUG   -I/usr/local/include    -fpic  -g -O2 -fstack-protector-strong -Wformat -Wformat-security -Wdate-time -D_FORTIFY_SOURCE=2 -g  -c run_vegaMC.c -o run_vegaMC.o
run_vegaMC.c: In function ‘run_vegaMC’:
run_vegaMC.c:144:13: warning: too many arguments for format [-Wformat-extra-args]
  144 |     Rprintf("\tAberration Matrices Successfully Computed\n", num_seg_regions);
      |             ^~~~~~~~~~~~~~~~~~~~~~~~~~~~~~~~~~~~~~~~~~~~~~~
run_vegaMC.c:149:13: warning: too many arguments for format [-Wformat-extra-args]
  149 |     Rprintf("\tStatistical Analysis Successfully Completed\n",
      |             ^~~~~~~~~~~~~~~~~~~~~~~~~~~~~~~~~~~~~~~~~~~~~~~~~
gcc -I"/usr/local/lib/R/include" -DNDEBUG   -I/usr/local/include    -fpic  -g -O2 -fstack-protector-strong -Wformat -Wformat-security -Wdate-time -D_FORTIFY_SOURCE=2 -g  -c sort_data.c -o sort_data.o
gcc -I"/usr/local/lib/R/include" -DNDEBUG   -I/usr/local/include    -fpic  -g -O2 -fstack-protector-strong -Wformat -Wformat-security -Wdate-time -D_FORTIFY_SOURCE=2 -g  -c vegaMC.c -o vegaMC.o
gcc -shared -L/usr/local/lib/R/lib -L/usr/local/lib -o VegaMC.so run_vegaMC.o sort_data.o vegaMC.o -L/usr/local/lib/R/lib -lR
installing to /mnt/library/00LOCK-VegaMC/00new/VegaMC/libs
** R
** inst
** byte-compile and prepare package for lazy loading
** help
*** installing help indices
** building package indices
** installing vignettes
** testing if installed package can be loaded from temporary location
** checking absolute paths in shared objects and dynamic libraries
** testing if installed package can be loaded from final location
** testing if installed package keeps a record of temporary installation path
* creating tarball
packaged installation of ‘VegaMC’ as ‘VegaMC_3.44.0_R_x86_64-pc-linux-gnu.tar.gz’
* DONE (VegaMC)

The downloaded source packages are in
	‘/tmp/RtmplgBrix/downloaded_packages’
Old packages: 'bslib', 'cli', 'curl', 'evaluate', 'httr2', 'jsonlite',
  'openssl', 'pillar', 'pkgbuild', 'processx', 'ps', 'purrr', 'R6', 'Rcpp',
  'rlang', 'sessioninfo', 'systemfonts', 'testthat', 'textshaping', 'tinytex',
  'xfun', 'zip', 'class', 'foreign', 'KernSmooth', 'MASS', 'Matrix', 'nlme',
  'nnet', 'rpart', 'spatial'

real	31m41.481s
user	0m27.698s
sys	0m6.847s
