'getOption("repos")' replaces Bioconductor standard repositories, see
'help("repositories", package = "BiocManager")' for details.
Replacement repositories:
    CRAN: https://p3m.dev/cran/__linux__/noble/latest
Bioconductor version 3.20 (BiocManager 1.30.25), R 4.4.2 (2024-10-31)
Installing package(s) 'nullranges'
also installing the dependencies ‘RcppHMM’, ‘excluderanges’, ‘plotgardener’, ‘cobalt’

trying URL 'https://p3m.dev/cran/__linux__/noble/latest/src/contrib/RcppHMM_1.2.2.tar.gz'
Content type 'binary/octet-stream' length 256914 bytes (250 KB)
==================================================
downloaded 250 KB

trying URL 'https://bioconductor.org/packages/3.20/data/annotation/src/contrib/excluderanges_0.99.8.tar.gz'
Content type 'application/x-gzip' length 3955066 bytes (3.8 MB)
==================================================
downloaded 3.8 MB

trying URL 'https://bioconductor.org/packages/3.20/bioc/src/contrib/plotgardener_1.12.0.tar.gz'
Content type 'application/x-gzip' length 2869544 bytes (2.7 MB)
==================================================
downloaded 2.7 MB

trying URL 'https://p3m.dev/cran/__linux__/noble/latest/src/contrib/cobalt_4.5.5.tar.gz'
Content type 'binary/octet-stream' length 2910701 bytes (2.8 MB)
==================================================
downloaded 2.8 MB

trying URL 'https://bioconductor.org/packages/3.20/bioc/src/contrib/nullranges_1.12.0.tar.gz'
Content type 'application/x-gzip' length 5064046 bytes (4.8 MB)
==================================================
downloaded 4.8 MB

* installing *binary* package ‘RcppHMM’ ...
* ‘RcppHMM’ was already a binary package and will not be rebuilt
* creating tarball
packaged installation of ‘RcppHMM’ as ‘RcppHMM_1.2.2_R_x86_64-pc-linux-gnu.tar.gz’
* DONE (RcppHMM)
* installing *source* package ‘excluderanges’ ...
** using staged installation
** R
** inst
** byte-compile and prepare package for lazy loading
** help
*** installing help indices
*** copying figures
** building package indices
** installing vignettes
** testing if installed package can be loaded from temporary location
** testing if installed package can be loaded from final location
** testing if installed package keeps a record of temporary installation path
* creating tarball
packaged installation of ‘excluderanges’ as ‘excluderanges_0.99.8_R_x86_64-pc-linux-gnu.tar.gz’
* DONE (excluderanges)
ERROR: failed to lock directory ‘/mnt/library’ for modifying
Try removing ‘/mnt/library/00LOCK-plotgardener’
* installing *binary* package ‘cobalt’ ...
* ‘cobalt’ was already a binary package and will not be rebuilt
* creating tarball
packaged installation of ‘cobalt’ as ‘cobalt_4.5.5_R_x86_64-pc-linux-gnu.tar.gz’
* DONE (cobalt)
* installing *source* package ‘nullranges’ ...
** package ‘nullranges’ successfully unpacked and MD5 sums checked
** using staged installation
** R
** inst
** byte-compile and prepare package for lazy loading
** help
*** installing help indices
*** copying figures
** building package indices
** installing vignettes
** testing if installed package can be loaded from temporary location
** testing if installed package can be loaded from final location
** testing if installed package keeps a record of temporary installation path
* creating tarball
packaged installation of ‘nullranges’ as ‘nullranges_1.12.0_R_x86_64-pc-linux-gnu.tar.gz’
* DONE (nullranges)

The downloaded source packages are in
	‘/tmp/RtmpO2nlQ3/downloaded_packages’
Old packages: 'bslib', 'cli', 'curl', 'evaluate', 'httr2', 'jsonlite',
  'openssl', 'pillar', 'pkgbuild', 'processx', 'ps', 'purrr', 'R6', 'Rcpp',
  'rlang', 'sessioninfo', 'systemfonts', 'testthat', 'textshaping', 'tinytex',
  'xfun', 'zip', 'class', 'foreign', 'KernSmooth', 'MASS', 'Matrix', 'nlme',
  'nnet', 'rpart', 'spatial'
Warning message:
In install.packages(...) :
  installation of package ‘plotgardener’ had non-zero exit status

real	2m24.447s
user	0m48.763s
sys	0m9.551s
