'getOption("repos")' replaces Bioconductor standard repositories, see
'help("repositories", package = "BiocManager")' for details.
Replacement repositories:
    CRAN: https://p3m.dev/cran/__linux__/noble/latest
Bioconductor version 3.20 (BiocManager 1.30.25), R 4.4.2 (2024-10-31)
Installing package(s) 'PECA'
also installing the dependency ‘SpikeIn’

trying URL 'https://bioconductor.org/packages/3.20/data/experiment/src/contrib/SpikeIn_1.48.0.tar.gz'
Content type 'application/x-gzip' length 66109772 bytes (63.0 MB)
==================================================
downloaded 63.0 MB

trying URL 'https://bioconductor.org/packages/3.20/bioc/src/contrib/PECA_1.42.0.tar.gz'
Content type 'application/x-gzip' length 220395 bytes (215 KB)
==================================================
downloaded 215 KB

* installing *source* package ‘SpikeIn’ ...
** using staged installation
** data
** help
*** installing help indices
** building package indices
** testing if installed package can be loaded from temporary location
** testing if installed package can be loaded from final location
** testing if installed package keeps a record of temporary installation path
* creating tarball
packaged installation of ‘SpikeIn’ as ‘SpikeIn_1.48.0_R_x86_64-pc-linux-gnu.tar.gz’
* DONE (SpikeIn)
* installing *source* package ‘PECA’ ...
** package ‘PECA’ successfully unpacked and MD5 sums checked
** using staged installation
** R
** inst
** byte-compile and prepare package for lazy loading
** help
*** installing help indices
** building package indices
** installing vignettes
** testing if installed package can be loaded from temporary location
** testing if installed package can be loaded from final location
** testing if installed package keeps a record of temporary installation path
* creating tarball
packaged installation of ‘PECA’ as ‘PECA_1.42.0_R_x86_64-pc-linux-gnu.tar.gz’
* DONE (PECA)

The downloaded source packages are in
	‘/tmp/RtmpVlNNLo/downloaded_packages’
Old packages: 'bslib', 'cli', 'curl', 'evaluate', 'httr2', 'jsonlite',
  'openssl', 'pillar', 'pkgbuild', 'processx', 'ps', 'purrr', 'R6', 'Rcpp',
  'rlang', 'sessioninfo', 'systemfonts', 'testthat', 'textshaping', 'tinytex',
  'xfun', 'zip', 'class', 'foreign', 'KernSmooth', 'MASS', 'Matrix', 'nlme',
  'nnet', 'rpart', 'spatial'

real	1m6.488s
user	0m33.689s
sys	0m6.380s
