'getOption("repos")' replaces Bioconductor standard repositories, see
'help("repositories", package = "BiocManager")' for details.
Replacement repositories:
    CRAN: https://p3m.dev/cran/__linux__/noble/latest
Bioconductor version 3.20 (BiocManager 1.30.25), R 4.4.2 (2024-10-31)
Installing package(s) 'biocthis'
also installing the dependencies ‘R.cache’, ‘styler’

trying URL 'https://p3m.dev/cran/__linux__/noble/latest/src/contrib/R.cache_0.16.0.tar.gz'
Content type 'binary/octet-stream' length 111833 bytes (109 KB)
==================================================
downloaded 109 KB

trying URL 'https://p3m.dev/cran/__linux__/noble/latest/src/contrib/styler_1.10.3.tar.gz'
Content type 'binary/octet-stream' length 827326 bytes (807 KB)
==================================================
downloaded 807 KB

trying URL 'https://bioconductor.org/packages/3.20/bioc/src/contrib/biocthis_1.16.0.tar.gz'
Content type 'application/x-gzip' length 675942 bytes (660 KB)
==================================================
downloaded 660 KB

* installing *binary* package ‘R.cache’ ...
* ‘R.cache’ was already a binary package and will not be rebuilt
* creating tarball
packaged installation of ‘R.cache’ as ‘R.cache_0.16.0_R_x86_64-pc-linux-gnu.tar.gz’
* DONE (R.cache)
* installing *binary* package ‘styler’ ...
* ‘styler’ was already a binary package and will not be rebuilt
* creating tarball
packaged installation of ‘styler’ as ‘styler_1.10.3_R_x86_64-pc-linux-gnu.tar.gz’
* DONE (styler)
* installing *source* package ‘biocthis’ ...
** package ‘biocthis’ successfully unpacked and MD5 sums checked
** using staged installation
** R
** inst
** byte-compile and prepare package for lazy loading
** help
*** installing help indices
** building package indices
** installing vignettes
** testing if installed package can be loaded from temporary location
** testing if installed package can be loaded from final location
** testing if installed package keeps a record of temporary installation path
* creating tarball
packaged installation of ‘biocthis’ as ‘biocthis_1.16.0_R_x86_64-pc-linux-gnu.tar.gz’
* DONE (biocthis)

The downloaded source packages are in
	‘/tmp/RtmpwOnjfz/downloaded_packages’
Old packages: 'bslib', 'cli', 'curl', 'evaluate', 'httr2', 'jsonlite',
  'openssl', 'pillar', 'pkgbuild', 'processx', 'ps', 'purrr', 'R6', 'Rcpp',
  'rlang', 'sessioninfo', 'systemfonts', 'testthat', 'textshaping', 'tinytex',
  'xfun', 'zip', 'class', 'foreign', 'KernSmooth', 'MASS', 'Matrix', 'nlme',
  'nnet', 'rpart', 'spatial'

real	12m0.855s
user	0m6.950s
sys	0m3.749s
