'getOption("repos")' replaces Bioconductor standard repositories, see
'help("repositories", package = "BiocManager")' for details.
Replacement repositories:
    CRAN: https://p3m.dev/cran/__linux__/noble/latest
Bioconductor version 3.20 (BiocManager 1.30.25), R 4.4.2 (2024-10-31)
Installing package(s) 'MethylSeekR'
also installing the dependency ‘mhsmm’

trying URL 'https://p3m.dev/cran/__linux__/noble/latest/src/contrib/mhsmm_0.4.21.tar.gz'
Content type 'binary/octet-stream' length 496279 bytes (484 KB)
==================================================
downloaded 484 KB

trying URL 'https://bioconductor.org/packages/3.20/bioc/src/contrib/MethylSeekR_1.46.0.tar.gz'
Content type 'application/x-gzip' length 1673206 bytes (1.6 MB)
==================================================
downloaded 1.6 MB

* installing *binary* package ‘mhsmm’ ...
* ‘mhsmm’ was already a binary package and will not be rebuilt
* creating tarball
packaged installation of ‘mhsmm’ as ‘mhsmm_0.4.21_R_x86_64-pc-linux-gnu.tar.gz’
* DONE (mhsmm)
* installing *source* package ‘MethylSeekR’ ...
** package ‘MethylSeekR’ successfully unpacked and MD5 sums checked
** using staged installation
** R
** inst
** byte-compile and prepare package for lazy loading
** help
*** installing help indices
** building package indices
** installing vignettes
** testing if installed package can be loaded from temporary location
** testing if installed package can be loaded from final location
** testing if installed package keeps a record of temporary installation path
* creating tarball
packaged installation of ‘MethylSeekR’ as ‘MethylSeekR_1.46.0_R_x86_64-pc-linux-gnu.tar.gz’
* DONE (MethylSeekR)

The downloaded source packages are in
	‘/tmp/RtmpPjNQo1/downloaded_packages’
Old packages: 'bslib', 'cli', 'curl', 'evaluate', 'httr2', 'jsonlite',
  'openssl', 'pillar', 'pkgbuild', 'processx', 'ps', 'purrr', 'R6', 'Rcpp',
  'rlang', 'sessioninfo', 'systemfonts', 'testthat', 'textshaping', 'tinytex',
  'xfun', 'zip', 'class', 'foreign', 'KernSmooth', 'MASS', 'Matrix', 'nlme',
  'nnet', 'rpart', 'spatial'

real	1m33.605s
user	0m33.466s
sys	0m6.650s
