'getOption("repos")' replaces Bioconductor standard repositories, see
'help("repositories", package = "BiocManager")' for details.
Replacement repositories:
    CRAN: https://p3m.dev/cran/__linux__/noble/latest
Bioconductor version 3.20 (BiocManager 1.30.25), R 4.4.2 (2024-10-31)
Installing package(s) 'ChIPpeakAnno'
also installing the dependencies ‘BSgenome.Celegans.UCSC.ce10’, ‘EnsDb.Hsapiens.v79’, ‘trackViewer’

trying URL 'https://bioconductor.org/packages/3.20/data/annotation/src/contrib/BSgenome.Celegans.UCSC.ce10_1.4.0.tar.gz'
Content type 'application/x-gzip' length 23653186 bytes (22.6 MB)
==================================================
downloaded 22.6 MB

trying URL 'https://bioconductor.org/packages/3.20/data/annotation/src/contrib/EnsDb.Hsapiens.v79_2.99.0.tar.gz'
Content type 'application/x-gzip' length 76035973 bytes (72.5 MB)
==================================================
downloaded 72.5 MB

trying URL 'https://bioconductor.org/packages/3.20/bioc/src/contrib/trackViewer_1.42.0.tar.gz'
Content type 'application/x-gzip' length 10883764 bytes (10.4 MB)
==================================================
downloaded 10.4 MB

trying URL 'https://bioconductor.org/packages/3.20/bioc/src/contrib/ChIPpeakAnno_3.40.0.tar.gz'
Content type 'application/x-gzip' length 22509590 bytes (21.5 MB)
==================================================
downloaded 21.5 MB

* installing *source* package ‘BSgenome.Celegans.UCSC.ce10’ ...
** using staged installation
** R
** inst
** byte-compile and prepare package for lazy loading
** help
*** installing help indices
** building package indices
** testing if installed package can be loaded from temporary location
** testing if installed package can be loaded from final location
** testing if installed package keeps a record of temporary installation path
* creating tarball
packaged installation of ‘BSgenome.Celegans.UCSC.ce10’ as ‘BSgenome.Celegans.UCSC.ce10_1.4.0_R_x86_64-pc-linux-gnu.tar.gz’
* DONE (BSgenome.Celegans.UCSC.ce10)
ERROR: failed to lock directory ‘/mnt/library’ for modifying
Try removing ‘/mnt/library/00LOCK-EnsDb.Hsapiens.v79’
* installing *source* package ‘trackViewer’ ...
** package ‘trackViewer’ successfully unpacked and MD5 sums checked
** using staged installation
** R
** inst
** byte-compile and prepare package for lazy loading
** help
*** installing help indices
** building package indices
** installing vignettes
** testing if installed package can be loaded from temporary location
** testing if installed package can be loaded from final location
** testing if installed package keeps a record of temporary installation path
* creating tarball
packaged installation of ‘trackViewer’ as ‘trackViewer_1.42.0_R_x86_64-pc-linux-gnu.tar.gz’
* DONE (trackViewer)
* installing *source* package ‘ChIPpeakAnno’ ...
** package ‘ChIPpeakAnno’ successfully unpacked and MD5 sums checked
** using staged installation
** R
** data
*** moving datasets to lazyload DB
** inst
** byte-compile and prepare package for lazy loading
** help
*** installing help indices
** building package indices
** installing vignettes
** testing if installed package can be loaded from temporary location
** testing if installed package can be loaded from final location
** testing if installed package keeps a record of temporary installation path
* creating tarball
packaged installation of ‘ChIPpeakAnno’ as ‘ChIPpeakAnno_3.40.0_R_x86_64-pc-linux-gnu.tar.gz’
* DONE (ChIPpeakAnno)

The downloaded source packages are in
	‘/tmp/RtmpMX5Jxe/downloaded_packages’
Old packages: 'bslib', 'cli', 'curl', 'evaluate', 'httr2', 'jsonlite',
  'openssl', 'pillar', 'pkgbuild', 'processx', 'ps', 'purrr', 'R6', 'Rcpp',
  'rlang', 'sessioninfo', 'systemfonts', 'testthat', 'textshaping', 'tinytex',
  'xfun', 'zip', 'class', 'foreign', 'KernSmooth', 'MASS', 'Matrix', 'nlme',
  'nnet', 'rpart', 'spatial'
Warning message:
In install.packages(...) :
  installation of package ‘EnsDb.Hsapiens.v79’ had non-zero exit status

real	5m59.087s
user	2m52.594s
sys	0m19.247s
