'getOption("repos")' replaces Bioconductor standard repositories, see
'help("repositories", package = "BiocManager")' for details.
Replacement repositories:
    CRAN: https://p3m.dev/cran/__linux__/noble/latest
Bioconductor version 3.20 (BiocManager 1.30.25), R 4.4.2 (2024-10-31)
Installing package(s) 'GeoDiff'
also installing the dependencies ‘fit.models’, ‘robust’, ‘roptim’

trying URL 'https://p3m.dev/cran/__linux__/noble/latest/src/contrib/fit.models_0.64.tar.gz'
Content type 'binary/octet-stream' length 134517 bytes (131 KB)
==================================================
downloaded 131 KB

trying URL 'https://p3m.dev/cran/__linux__/noble/latest/src/contrib/robust_0.7-5.tar.gz'
Content type 'binary/octet-stream' length 648453 bytes (633 KB)
==================================================
downloaded 633 KB

trying URL 'https://p3m.dev/cran/__linux__/noble/latest/src/contrib/roptim_0.1.6.tar.gz'
Content type 'binary/octet-stream' length 261650 bytes (255 KB)
==================================================
downloaded 255 KB

trying URL 'https://bioconductor.org/packages/3.20/bioc/src/contrib/GeoDiff_1.12.0.tar.gz'
Content type 'application/x-gzip' length 4764063 bytes (4.5 MB)
==================================================
downloaded 4.5 MB

* installing *binary* package ‘fit.models’ ...
* ‘fit.models’ was already a binary package and will not be rebuilt
* creating tarball
packaged installation of ‘fit.models’ as ‘fit.models_0.64_R_x86_64-pc-linux-gnu.tar.gz’
* DONE (fit.models)
* installing *binary* package ‘roptim’ ...
* ‘roptim’ was already a binary package and will not be rebuilt
* creating tarball
packaged installation of ‘roptim’ as ‘roptim_0.1.6_R_x86_64-pc-linux-gnu.tar.gz’
* DONE (roptim)
* installing *binary* package ‘robust’ ...
* ‘robust’ was already a binary package and will not be rebuilt
* creating tarball
packaged installation of ‘robust’ as ‘robust_0.7-5_R_x86_64-pc-linux-gnu.tar.gz’
* DONE (robust)
* installing *source* package ‘GeoDiff’ ...
** package ‘GeoDiff’ successfully unpacked and MD5 sums checked
** using staged installation
** libs
using C++ compiler: ‘g++ (Ubuntu 13.3.0-6ubuntu2~24.04) 13.3.0’
using C++11
g++ -std=gnu++11 -I"/usr/local/lib/R/include" -DNDEBUG  -I'/usr/local/lib/R/site-library/Rcpp/include' -I'/mnt/library/RcppArmadillo/include' -I'/mnt/library/roptim/include' -I/usr/local/include   -fopenmp  -fpic  -g -O2 -fstack-protector-strong -Wformat -Wformat-security -Wdate-time -D_FORTIFY_SOURCE=2 -g  -DR_NO_REMAP -c NBthDEOptPara.cpp -o NBthDEOptPara.o
g++ -std=gnu++11 -I"/usr/local/lib/R/include" -DNDEBUG  -I'/usr/local/lib/R/site-library/Rcpp/include' -I'/mnt/library/RcppArmadillo/include' -I'/mnt/library/roptim/include' -I/usr/local/include   -fopenmp  -fpic  -g -O2 -fstack-protector-strong -Wformat -Wformat-security -Wdate-time -D_FORTIFY_SOURCE=2 -g  -DR_NO_REMAP -c NBthmDEGrad.cpp -o NBthmDEGrad.o
g++ -std=gnu++11 -I"/usr/local/lib/R/include" -DNDEBUG  -I'/usr/local/lib/R/site-library/Rcpp/include' -I'/mnt/library/RcppArmadillo/include' -I'/mnt/library/roptim/include' -I/usr/local/include   -fopenmp  -fpic  -g -O2 -fstack-protector-strong -Wformat -Wformat-security -Wdate-time -D_FORTIFY_SOURCE=2 -g  -DR_NO_REMAP -c NBthmDEMH.cpp -o NBthmDEMH.o
g++ -std=gnu++11 -I"/usr/local/lib/R/include" -DNDEBUG  -I'/usr/local/lib/R/site-library/Rcpp/include' -I'/mnt/library/RcppArmadillo/include' -I'/mnt/library/roptim/include' -I/usr/local/include   -fopenmp  -fpic  -g -O2 -fstack-protector-strong -Wformat -Wformat-security -Wdate-time -D_FORTIFY_SOURCE=2 -g  -DR_NO_REMAP -c NBthmDEOptPara.cpp -o NBthmDEOptPara.o
g++ -std=gnu++11 -I"/usr/local/lib/R/include" -DNDEBUG  -I'/usr/local/lib/R/site-library/Rcpp/include' -I'/mnt/library/RcppArmadillo/include' -I'/mnt/library/roptim/include' -I/usr/local/include   -fopenmp  -fpic  -g -O2 -fstack-protector-strong -Wformat -Wformat-security -Wdate-time -D_FORTIFY_SOURCE=2 -g  -DR_NO_REMAP -c NBthmDEOptU.cpp -o NBthmDEOptU.o
g++ -std=gnu++11 -I"/usr/local/lib/R/include" -DNDEBUG  -I'/usr/local/lib/R/site-library/Rcpp/include' -I'/mnt/library/RcppArmadillo/include' -I'/mnt/library/roptim/include' -I/usr/local/include   -fopenmp  -fpic  -g -O2 -fstack-protector-strong -Wformat -Wformat-security -Wdate-time -D_FORTIFY_SOURCE=2 -g  -DR_NO_REMAP -c PoisthNormOptPara.cpp -o PoisthNormOptPara.o
g++ -std=gnu++11 -I"/usr/local/lib/R/include" -DNDEBUG  -I'/usr/local/lib/R/site-library/Rcpp/include' -I'/mnt/library/RcppArmadillo/include' -I'/mnt/library/roptim/include' -I/usr/local/include   -fopenmp  -fpic  -g -O2 -fstack-protector-strong -Wformat -Wformat-security -Wdate-time -D_FORTIFY_SOURCE=2 -g  -DR_NO_REMAP -c RcppExports.cpp -o RcppExports.o
g++ -std=gnu++11 -I"/usr/local/lib/R/include" -DNDEBUG  -I'/usr/local/lib/R/site-library/Rcpp/include' -I'/mnt/library/RcppArmadillo/include' -I'/mnt/library/roptim/include' -I/usr/local/include   -fopenmp  -fpic  -g -O2 -fstack-protector-strong -Wformat -Wformat-security -Wdate-time -D_FORTIFY_SOURCE=2 -g  -DR_NO_REMAP -c dnbinom_mu_vec.cpp -o dnbinom_mu_vec.o
g++ -std=gnu++11 -shared -L/usr/local/lib/R/lib -L/usr/local/lib -o GeoDiff.so NBthDEOptPara.o NBthmDEGrad.o NBthmDEMH.o NBthmDEOptPara.o NBthmDEOptU.o PoisthNormOptPara.o RcppExports.o dnbinom_mu_vec.o -fopenmp -llapack -lblas -lgfortran -lm -lquadmath -L/usr/local/lib/R/lib -lR
installing to /mnt/library/00LOCK-GeoDiff/00new/GeoDiff/libs
** R
** data
** inst
** byte-compile and prepare package for lazy loading
** help
*** installing help indices
** building package indices
** installing vignettes
** testing if installed package can be loaded from temporary location
** checking absolute paths in shared objects and dynamic libraries
** testing if installed package can be loaded from final location
** testing if installed package keeps a record of temporary installation path
* creating tarball
packaged installation of ‘GeoDiff’ as ‘GeoDiff_1.12.0_R_x86_64-pc-linux-gnu.tar.gz’
* DONE (GeoDiff)

The downloaded source packages are in
	‘/tmp/RtmpifCLIo/downloaded_packages’
Old packages: 'bslib', 'cli', 'curl', 'evaluate', 'httr2', 'jsonlite',
  'openssl', 'pillar', 'pkgbuild', 'processx', 'ps', 'purrr', 'R6', 'Rcpp',
  'rlang', 'sessioninfo', 'systemfonts', 'testthat', 'textshaping', 'tinytex',
  'xfun', 'zip', 'class', 'foreign', 'KernSmooth', 'MASS', 'Matrix', 'nlme',
  'nnet', 'rpart', 'spatial'

real	12m56.557s
user	1m15.923s
sys	0m10.662s
