'getOption("repos")' replaces Bioconductor standard repositories, see
'help("repositories", package = "BiocManager")' for details.
Replacement repositories:
    CRAN: https://p3m.dev/cran/__linux__/noble/latest
Bioconductor version 3.20 (BiocManager 1.30.25), R 4.4.2 (2024-10-31)
Installing package(s) 'segmentSeq'
trying URL 'https://bioconductor.org/packages/3.20/bioc/src/contrib/segmentSeq_2.40.0.tar.gz'
Content type 'application/x-gzip' length 2932258 bytes (2.8 MB)
==================================================
downloaded 2.8 MB

* installing *source* package ‘segmentSeq’ ...
** using staged installation
** R
** data
** inst
** byte-compile and prepare package for lazy loading
** help
*** installing help indices
** building package indices
** installing vignettes
** testing if installed package can be loaded from temporary location
** testing if installed package can be loaded from final location
** testing if installed package keeps a record of temporary installation path
* creating tarball
packaged installation of ‘segmentSeq’ as ‘segmentSeq_2.40.0_R_x86_64-pc-linux-gnu.tar.gz’
* DONE (segmentSeq)

The downloaded source packages are in
	‘/tmp/RtmpRC2rnW/downloaded_packages’
Old packages: 'bslib', 'cli', 'curl', 'evaluate', 'httr2', 'jsonlite',
  'openssl', 'pillar', 'pkgbuild', 'processx', 'ps', 'purrr', 'R6', 'Rcpp',
  'rlang', 'sessioninfo', 'systemfonts', 'testthat', 'textshaping', 'tinytex',
  'xfun', 'zip', 'class', 'foreign', 'KernSmooth', 'MASS', 'Matrix', 'nlme',
  'nnet', 'rpart', 'spatial'

real	1m57.122s
user	0m38.183s
sys	0m6.197s
