'getOption("repos")' replaces Bioconductor standard repositories, see
'help("repositories", package = "BiocManager")' for details.
Replacement repositories:
    CRAN: https://p3m.dev/cran/__linux__/noble/latest
Bioconductor version 3.20 (BiocManager 1.30.25), R 4.4.2 (2024-10-31)
Installing package(s) 'clustComp'
also installing the dependencies ‘Biobase’, ‘colonCA’

trying URL 'https://bioconductor.org/packages/3.20/bioc/src/contrib/Biobase_2.66.0.tar.gz'
Content type 'application/x-gzip' length 1978998 bytes (1.9 MB)
==================================================
downloaded 1.9 MB

trying URL 'https://bioconductor.org/packages/3.20/data/experiment/src/contrib/colonCA_1.48.0.tar.gz'
Content type 'application/x-gzip' length 802086 bytes (783 KB)
==================================================
downloaded 783 KB

trying URL 'https://bioconductor.org/packages/3.20/bioc/src/contrib/clustComp_1.34.0.tar.gz'
Content type 'application/x-gzip' length 954653 bytes (932 KB)
==================================================
downloaded 932 KB

ERROR: failed to lock directory ‘/mnt/library’ for modifying
Try removing ‘/mnt/library/00LOCK-Biobase’
* installing *source* package ‘clustComp’ ...
** package ‘clustComp’ successfully unpacked and MD5 sums checked
** using staged installation
** R
** inst
** byte-compile and prepare package for lazy loading
** help
*** installing help indices
** building package indices
** installing vignettes
** testing if installed package can be loaded from temporary location
** testing if installed package can be loaded from final location
** testing if installed package keeps a record of temporary installation path
* creating tarball
packaged installation of ‘clustComp’ as ‘clustComp_1.34.0_R_x86_64-pc-linux-gnu.tar.gz’
* DONE (clustComp)
ERROR: dependency ‘Biobase’ is not available for package ‘colonCA’
* removing ‘/mnt/library/colonCA’

The downloaded source packages are in
	‘/tmp/RtmpLHX7RA/downloaded_packages’
Old packages: 'bslib', 'cli', 'curl', 'evaluate', 'httr2', 'jsonlite',
  'openssl', 'pillar', 'pkgbuild', 'processx', 'ps', 'purrr', 'R6', 'Rcpp',
  'rlang', 'sessioninfo', 'systemfonts', 'testthat', 'textshaping', 'tinytex',
  'xfun', 'zip', 'class', 'foreign', 'KernSmooth', 'MASS', 'Matrix', 'nlme',
  'nnet', 'rpart', 'spatial'
Warning messages:
1: In install.packages(...) :
  installation of package ‘Biobase’ had non-zero exit status
2: In install.packages(...) :
  installation of package ‘colonCA’ had non-zero exit status

real	11m24.969s
user	0m6.901s
sys	0m3.887s
