'getOption("repos")' replaces Bioconductor standard repositories, see
'help("repositories", package = "BiocManager")' for details.
Replacement repositories:
    CRAN: https://p3m.dev/cran/__linux__/noble/latest
Bioconductor version 3.20 (BiocManager 1.30.25), R 4.4.2 (2024-10-31)
Installing package(s) 'prebs'
also installing the dependencies ‘hgu133plus2cdf’, ‘hgu133plus2probe’

trying URL 'https://bioconductor.org/packages/3.20/data/annotation/src/contrib/hgu133plus2cdf_2.18.0.tar.gz'
Content type 'application/x-gzip' length 4353300 bytes (4.2 MB)
==================================================
downloaded 4.2 MB

trying URL 'https://bioconductor.org/packages/3.20/data/annotation/src/contrib/hgu133plus2probe_2.18.0.tar.gz'
Content type 'application/x-gzip' length 8505171 bytes (8.1 MB)
==================================================
downloaded 8.1 MB

trying URL 'https://bioconductor.org/packages/3.20/bioc/src/contrib/prebs_1.46.0.tar.gz'
Content type 'application/x-gzip' length 289709 bytes (282 KB)
==================================================
downloaded 282 KB

* installing *source* package ‘hgu133plus2cdf’ ...
** using staged installation
** R
** data
** byte-compile and prepare package for lazy loading
Warning: replacing previous import ‘AnnotationDbi::tail’ by ‘utils::tail’ when loading ‘hgu133plus2cdf’
Warning: replacing previous import ‘AnnotationDbi::head’ by ‘utils::head’ when loading ‘hgu133plus2cdf’
** help
*** installing help indices
** building package indices
** testing if installed package can be loaded from temporary location
Warning: replacing previous import ‘AnnotationDbi::tail’ by ‘utils::tail’ when loading ‘hgu133plus2cdf’
Warning: replacing previous import ‘AnnotationDbi::head’ by ‘utils::head’ when loading ‘hgu133plus2cdf’
** testing if installed package can be loaded from final location
Warning: replacing previous import ‘AnnotationDbi::tail’ by ‘utils::tail’ when loading ‘hgu133plus2cdf’
Warning: replacing previous import ‘AnnotationDbi::head’ by ‘utils::head’ when loading ‘hgu133plus2cdf’
** testing if installed package keeps a record of temporary installation path
* creating tarball
packaged installation of ‘hgu133plus2cdf’ as ‘hgu133plus2cdf_2.18.0_R_x86_64-pc-linux-gnu.tar.gz’
* DONE (hgu133plus2cdf)
* installing *source* package ‘hgu133plus2probe’ ...
** using staged installation
** R
** data
** byte-compile and prepare package for lazy loading
** help
*** installing help indices
** building package indices
** testing if installed package can be loaded from temporary location
** testing if installed package can be loaded from final location
** testing if installed package keeps a record of temporary installation path
* creating tarball
packaged installation of ‘hgu133plus2probe’ as ‘hgu133plus2probe_2.18.0_R_x86_64-pc-linux-gnu.tar.gz’
* DONE (hgu133plus2probe)
* installing *source* package ‘prebs’ ...
** package ‘prebs’ successfully unpacked and MD5 sums checked
** using staged installation
** R
** inst
** byte-compile and prepare package for lazy loading
** help
*** installing help indices
** building package indices
** installing vignettes
** testing if installed package can be loaded from temporary location
** testing if installed package can be loaded from final location
** testing if installed package keeps a record of temporary installation path
* creating tarball
packaged installation of ‘prebs’ as ‘prebs_1.46.0_R_x86_64-pc-linux-gnu.tar.gz’
* DONE (prebs)

The downloaded source packages are in
	‘/tmp/RtmpaiO4QU/downloaded_packages’
Old packages: 'bslib', 'cli', 'curl', 'evaluate', 'httr2', 'jsonlite',
  'openssl', 'pillar', 'pkgbuild', 'processx', 'ps', 'purrr', 'R6', 'Rcpp',
  'rlang', 'sessioninfo', 'systemfonts', 'testthat', 'textshaping', 'tinytex',
  'xfun', 'zip', 'class', 'foreign', 'KernSmooth', 'MASS', 'Matrix', 'nlme',
  'nnet', 'rpart', 'spatial'

real	31m4.284s
user	0m56.059s
sys	0m10.886s
