'getOption("repos")' replaces Bioconductor standard repositories, see
'help("repositories", package = "BiocManager")' for details.
Replacement repositories:
    CRAN: https://p3m.dev/cran/__linux__/noble/latest
Bioconductor version 3.20 (BiocManager 1.30.25), R 4.4.2 (2024-10-31)
Installing package(s) 'fishpond'
also installing the dependencies ‘svMisc’, ‘EnsDb.Hsapiens.v86’

trying URL 'https://p3m.dev/cran/__linux__/noble/latest/src/contrib/svMisc_1.4.3.tar.gz'
Content type 'binary/octet-stream' length 485705 bytes (474 KB)
==================================================
downloaded 474 KB

trying URL 'https://bioconductor.org/packages/3.20/data/annotation/src/contrib/EnsDb.Hsapiens.v86_2.99.0.tar.gz'
Content type 'application/x-gzip' length 78178992 bytes (74.6 MB)
==================================================
downloaded 74.6 MB

trying URL 'https://bioconductor.org/packages/3.20/bioc/src/contrib/fishpond_2.12.0.tar.gz'
Content type 'application/x-gzip' length 4107404 bytes (3.9 MB)
==================================================
downloaded 3.9 MB

* installing *binary* package ‘svMisc’ ...
* ‘svMisc’ was already a binary package and will not be rebuilt
* creating tarball
packaged installation of ‘svMisc’ as ‘svMisc_1.4.3_R_x86_64-pc-linux-gnu.tar.gz’
* DONE (svMisc)
* installing *source* package ‘EnsDb.Hsapiens.v86’ ...
** using staged installation
** R
** inst
** byte-compile and prepare package for lazy loading
** help
*** installing help indices
** building package indices
** testing if installed package can be loaded from temporary location
** testing if installed package can be loaded from final location
** testing if installed package keeps a record of temporary installation path
* creating tarball
packaged installation of ‘EnsDb.Hsapiens.v86’ as ‘EnsDb.Hsapiens.v86_2.99.0_R_x86_64-pc-linux-gnu.tar.gz’
* DONE (EnsDb.Hsapiens.v86)
* installing *source* package ‘fishpond’ ...
** package ‘fishpond’ successfully unpacked and MD5 sums checked
** using staged installation
** R
** inst
** byte-compile and prepare package for lazy loading
** help
*** installing help indices
*** copying figures
** building package indices
** installing vignettes
** testing if installed package can be loaded from temporary location
** testing if installed package can be loaded from final location
** testing if installed package keeps a record of temporary installation path
* creating tarball
packaged installation of ‘fishpond’ as ‘fishpond_2.12.0_R_x86_64-pc-linux-gnu.tar.gz’
* DONE (fishpond)

The downloaded source packages are in
	‘/tmp/Rtmp4Bi28g/downloaded_packages’
Old packages: 'bslib', 'cli', 'curl', 'evaluate', 'httr2', 'jsonlite',
  'openssl', 'pillar', 'pkgbuild', 'processx', 'ps', 'purrr', 'R6', 'Rcpp',
  'rlang', 'sessioninfo', 'systemfonts', 'testthat', 'textshaping', 'tinytex',
  'xfun', 'zip', 'class', 'foreign', 'KernSmooth', 'MASS', 'Matrix', 'nlme',
  'nnet', 'rpart', 'spatial'

real	34m28.895s
user	2m19.214s
sys	0m13.253s
