'getOption("repos")' replaces Bioconductor standard repositories, see
'help("repositories", package = "BiocManager")' for details.
Replacement repositories:
    CRAN: https://p3m.dev/cran/__linux__/noble/latest
Bioconductor version 3.20 (BiocManager 1.30.25), R 4.4.2 (2024-10-31)
Installing package(s) 'MungeSumstats'
also installing the dependencies ‘googleAuthR’, ‘SNPlocs.Hsapiens.dbSNP155.GRCh37’, ‘SNPlocs.Hsapiens.dbSNP155.GRCh38’

trying URL 'https://p3m.dev/cran/__linux__/noble/latest/src/contrib/googleAuthR_2.0.2.tar.gz'
Content type 'binary/octet-stream' length 411052 bytes (401 KB)
==================================================
downloaded 401 KB

trying URL 'https://bioconductor.org/packages/3.20/data/annotation/src/contrib/SNPlocs.Hsapiens.dbSNP155.GRCh37_0.99.24.tar.gz'
Content type 'application/x-gzip' length 6048515545 bytes (5768.3 MB)
==================================================
downloaded 5768.3 MB

trying URL 'https://bioconductor.org/packages/3.20/data/annotation/src/contrib/SNPlocs.Hsapiens.dbSNP155.GRCh38_0.99.24.tar.gz'
Content type 'application/x-gzip' length 6166220332 bytes (5880.6 MB)
==================================================
downloaded 5880.6 MB

trying URL 'https://bioconductor.org/packages/3.20/bioc/src/contrib/MungeSumstats_1.14.1.tar.gz'
Content type 'application/x-gzip' length 2500288 bytes (2.4 MB)
==================================================
downloaded 2.4 MB

* installing *binary* package ‘googleAuthR’ ...
* ‘googleAuthR’ was already a binary package and will not be rebuilt
* creating tarball
packaged installation of ‘googleAuthR’ as ‘googleAuthR_2.0.2_R_x86_64-pc-linux-gnu.tar.gz’
* DONE (googleAuthR)
* installing *source* package ‘SNPlocs.Hsapiens.dbSNP155.GRCh37’ ...
** using staged installation
** R
** inst
** byte-compile and prepare package for lazy loading
Warning: replacing previous import ‘utils::findMatches’ by ‘S4Vectors::findMatches’ when loading ‘SNPlocs.Hsapiens.dbSNP155.GRCh37’
** help
*** installing help indices
** building package indices
** testing if installed package can be loaded from temporary location
Warning: replacing previous import ‘utils::findMatches’ by ‘S4Vectors::findMatches’ when loading ‘SNPlocs.Hsapiens.dbSNP155.GRCh37’
** testing if installed package can be loaded from final location
Warning: replacing previous import ‘utils::findMatches’ by ‘S4Vectors::findMatches’ when loading ‘SNPlocs.Hsapiens.dbSNP155.GRCh37’
** testing if installed package keeps a record of temporary installation path
* creating tarball
packaged installation of ‘SNPlocs.Hsapiens.dbSNP155.GRCh37’ as ‘SNPlocs.Hsapiens.dbSNP155.GRCh37_0.99.24_R_x86_64-pc-linux-gnu.tar.gz’
* DONE (SNPlocs.Hsapiens.dbSNP155.GRCh37)
* installing *source* package ‘SNPlocs.Hsapiens.dbSNP155.GRCh38’ ...
** using staged installation
** R
** inst
** byte-compile and prepare package for lazy loading
Warning: replacing previous import ‘utils::findMatches’ by ‘S4Vectors::findMatches’ when loading ‘SNPlocs.Hsapiens.dbSNP155.GRCh38’
** help
*** installing help indices
** building package indices
** testing if installed package can be loaded from temporary location
Warning: replacing previous import ‘utils::findMatches’ by ‘S4Vectors::findMatches’ when loading ‘SNPlocs.Hsapiens.dbSNP155.GRCh38’
** testing if installed package can be loaded from final location
Warning: replacing previous import ‘utils::findMatches’ by ‘S4Vectors::findMatches’ when loading ‘SNPlocs.Hsapiens.dbSNP155.GRCh38’
** testing if installed package keeps a record of temporary installation path
* creating tarball
packaged installation of ‘SNPlocs.Hsapiens.dbSNP155.GRCh38’ as ‘SNPlocs.Hsapiens.dbSNP155.GRCh38_0.99.24_R_x86_64-pc-linux-gnu.tar.gz’
* DONE (SNPlocs.Hsapiens.dbSNP155.GRCh38)
* installing *source* package ‘MungeSumstats’ ...
** package ‘MungeSumstats’ successfully unpacked and MD5 sums checked
** using staged installation
** R
** data
** inst
** byte-compile and prepare package for lazy loading
** help
*** installing help indices
** building package indices
** installing vignettes
** testing if installed package can be loaded from temporary location
** testing if installed package can be loaded from final location
** testing if installed package keeps a record of temporary installation path
* creating tarball
packaged installation of ‘MungeSumstats’ as ‘MungeSumstats_1.14.1_R_x86_64-pc-linux-gnu.tar.gz’
* DONE (MungeSumstats)

The downloaded source packages are in
	‘/tmp/RtmpKpDwlu/downloaded_packages’
Old packages: 'bslib', 'cli', 'curl', 'evaluate', 'httr2', 'jsonlite',
  'openssl', 'pillar', 'pkgbuild', 'processx', 'ps', 'purrr', 'R6', 'Rcpp',
  'rlang', 'sessioninfo', 'systemfonts', 'testthat', 'textshaping', 'tinytex',
  'xfun', 'zip', 'class', 'foreign', 'KernSmooth', 'MASS', 'Matrix', 'nlme',
  'nnet', 'rpart', 'spatial'

real	42m47.799s
user	19m20.083s
sys	2m39.471s
