'getOption("repos")' replaces Bioconductor standard repositories, see
'help("repositories", package = "BiocManager")' for details.
Replacement repositories:
    CRAN: https://p3m.dev/cran/__linux__/noble/latest
Bioconductor version 3.20 (BiocManager 1.30.25), R 4.4.2 (2024-10-31)
Installing package(s) 'scTGIF'
also installing the dependencies ‘tagcloud’, ‘nnTensor’

trying URL 'https://p3m.dev/cran/__linux__/noble/latest/src/contrib/tagcloud_0.6.tar.gz'
Content type 'binary/octet-stream' length 566243 bytes (552 KB)
==================================================
downloaded 552 KB

trying URL 'https://p3m.dev/cran/__linux__/noble/latest/src/contrib/nnTensor_1.3.0.tar.gz'
Content type 'binary/octet-stream' length 898940 bytes (877 KB)
==================================================
downloaded 877 KB

trying URL 'https://bioconductor.org/packages/3.20/bioc/src/contrib/scTGIF_1.20.0.tar.gz'
Content type 'application/x-gzip' length 2509135 bytes (2.4 MB)
==================================================
downloaded 2.4 MB

* installing *binary* package ‘tagcloud’ ...
* ‘tagcloud’ was already a binary package and will not be rebuilt
* creating tarball
packaged installation of ‘tagcloud’ as ‘tagcloud_0.6_R_x86_64-pc-linux-gnu.tar.gz’
* DONE (tagcloud)
* installing *binary* package ‘nnTensor’ ...
* ‘nnTensor’ was already a binary package and will not be rebuilt
* creating tarball
packaged installation of ‘nnTensor’ as ‘nnTensor_1.3.0_R_x86_64-pc-linux-gnu.tar.gz’
* DONE (nnTensor)
* installing *source* package ‘scTGIF’ ...
** package ‘scTGIF’ successfully unpacked and MD5 sums checked
** using staged installation
** R
** data
** inst
** byte-compile and prepare package for lazy loading
Warning: no DISPLAY variable so Tk is not available
** help
*** installing help indices
** building package indices
** installing vignettes
** testing if installed package can be loaded from temporary location
Warning: no DISPLAY variable so Tk is not available
** testing if installed package can be loaded from final location
Warning: no DISPLAY variable so Tk is not available
** testing if installed package keeps a record of temporary installation path
* creating tarball
packaged installation of ‘scTGIF’ as ‘scTGIF_1.20.0_R_x86_64-pc-linux-gnu.tar.gz’
* DONE (scTGIF)

The downloaded source packages are in
	‘/tmp/RtmpYKT0fI/downloaded_packages’
Old packages: 'bslib', 'cli', 'curl', 'evaluate', 'httr2', 'jsonlite',
  'openssl', 'pillar', 'pkgbuild', 'processx', 'ps', 'purrr', 'R6', 'Rcpp',
  'rlang', 'sessioninfo', 'systemfonts', 'testthat', 'textshaping', 'tinytex',
  'xfun', 'zip', 'class', 'foreign', 'KernSmooth', 'MASS', 'Matrix', 'nlme',
  'nnet', 'rpart', 'spatial'

real	2m15.229s
user	0m36.508s
sys	0m7.863s
