'getOption("repos")' replaces Bioconductor standard repositories, see
'help("repositories", package = "BiocManager")' for details.
Replacement repositories:
    CRAN: https://p3m.dev/cran/__linux__/noble/latest
Bioconductor version 3.20 (BiocManager 1.30.25), R 4.4.2 (2024-10-31)
Installing package(s) 'velociraptor'
also installing the dependency ‘scran’

trying URL 'https://bioconductor.org/packages/3.20/bioc/src/contrib/scran_1.34.0.tar.gz'
Content type 'application/x-gzip' length 1849559 bytes (1.8 MB)
==================================================
downloaded 1.8 MB

trying URL 'https://bioconductor.org/packages/3.20/bioc/src/contrib/velociraptor_1.16.0.tar.gz'
Content type 'application/x-gzip' length 836976 bytes (817 KB)
==================================================
downloaded 817 KB

ERROR: failed to lock directory ‘/mnt/library’ for modifying
Try removing ‘/mnt/library/00LOCK-scran’
* installing *source* package ‘velociraptor’ ...
** package ‘velociraptor’ successfully unpacked and MD5 sums checked
** using non-staged installation via StagedInstall field
** R
** inst
** byte-compile and prepare package for lazy loading
** help
*** installing help indices
*** copying figures
** building package indices
** installing vignettes
** testing if installed package can be loaded
* creating tarball
packaged installation of ‘velociraptor’ as ‘velociraptor_1.16.0_R_x86_64-pc-linux-gnu.tar.gz’
* DONE (velociraptor)

The downloaded source packages are in
	‘/tmp/RtmprtSvDx/downloaded_packages’
Old packages: 'bslib', 'cli', 'curl', 'evaluate', 'httr2', 'jsonlite',
  'openssl', 'pillar', 'pkgbuild', 'processx', 'ps', 'purrr', 'R6', 'Rcpp',
  'rlang', 'sessioninfo', 'systemfonts', 'testthat', 'textshaping', 'tinytex',
  'xfun', 'zip', 'class', 'foreign', 'KernSmooth', 'MASS', 'Matrix', 'nlme',
  'nnet', 'rpart', 'spatial'
Warning message:
In install.packages(...) :
  installation of package ‘scran’ had non-zero exit status

real	0m53.614s
user	0m24.460s
sys	0m6.012s
