'getOption("repos")' replaces Bioconductor standard repositories, see
'help("repositories", package = "BiocManager")' for details.
Replacement repositories:
    CRAN: https://p3m.dev/cran/__linux__/noble/latest
Bioconductor version 3.20 (BiocManager 1.30.25), R 4.4.2 (2024-10-31)
Installing package(s) 'mariner'
also installing the dependency ‘marinerData’

trying URL 'https://bioconductor.org/packages/3.20/data/experiment/src/contrib/marinerData_1.6.0.tar.gz'
Content type 'application/x-gzip' length 222957 bytes (217 KB)
==================================================
downloaded 217 KB

trying URL 'https://bioconductor.org/packages/3.20/bioc/src/contrib/mariner_1.6.0.tar.gz'
Content type 'application/x-gzip' length 725950 bytes (708 KB)
==================================================
downloaded 708 KB

* installing *source* package ‘marinerData’ ...
** using staged installation
** R
** inst
** byte-compile and prepare package for lazy loading
** help
*** installing help indices
** building package indices
** installing vignettes
** testing if installed package can be loaded from temporary location
** testing if installed package can be loaded from final location
** testing if installed package keeps a record of temporary installation path
* creating tarball
packaged installation of ‘marinerData’ as ‘marinerData_1.6.0_R_x86_64-pc-linux-gnu.tar.gz’
* DONE (marinerData)
* installing *source* package ‘mariner’ ...
** package ‘mariner’ successfully unpacked and MD5 sums checked
** using staged installation
** R
** inst
** byte-compile and prepare package for lazy loading
** help
*** installing help indices
*** copying figures
** building package indices
** installing vignettes
** testing if installed package can be loaded from temporary location
** testing if installed package can be loaded from final location
** testing if installed package keeps a record of temporary installation path
* creating tarball
packaged installation of ‘mariner’ as ‘mariner_1.6.0_R_x86_64-pc-linux-gnu.tar.gz’
* DONE (mariner)

The downloaded source packages are in
	‘/tmp/Rtmpx08UQ4/downloaded_packages’
Old packages: 'bslib', 'cli', 'curl', 'evaluate', 'httr2', 'jsonlite',
  'openssl', 'pillar', 'pkgbuild', 'processx', 'ps', 'purrr', 'R6', 'Rcpp',
  'rlang', 'sessioninfo', 'systemfonts', 'testthat', 'textshaping', 'tinytex',
  'xfun', 'zip', 'class', 'foreign', 'KernSmooth', 'MASS', 'Matrix', 'nlme',
  'nnet', 'rpart', 'spatial'

real	3m21.606s
user	0m55.462s
sys	0m10.234s
