'getOption("repos")' replaces Bioconductor standard repositories, see
'help("repositories", package = "BiocManager")' for details.
Replacement repositories:
    CRAN: https://p3m.dev/cran/__linux__/noble/latest
Bioconductor version 3.20 (BiocManager 1.30.25), R 4.4.2 (2024-10-31)
Installing package(s) 'gwascat'
also installing the dependency ‘DO.db’

trying URL 'https://bioconductor.org/packages/3.20/data/annotation/src/contrib/DO.db_2.9.tar.gz'
Content type 'application/x-gzip' length 1769978 bytes (1.7 MB)
==================================================
downloaded 1.7 MB

trying URL 'https://bioconductor.org/packages/3.20/bioc/src/contrib/gwascat_2.38.0.tar.gz'
Content type 'application/x-gzip' length 35601457 bytes (34.0 MB)
==================================================
downloaded 34.0 MB

* installing *source* package ‘DO.db’ ...
** using staged installation
** R
** inst
** byte-compile and prepare package for lazy loading
** help
*** installing help indices
** building package indices
** testing if installed package can be loaded from temporary location
** testing if installed package can be loaded from final location
** testing if installed package keeps a record of temporary installation path
* creating tarball
packaged installation of ‘DO.db’ as ‘DO.db_2.9_R_x86_64-pc-linux-gnu.tar.gz’
* DONE (DO.db)
* installing *source* package ‘gwascat’ ...
** package ‘gwascat’ successfully unpacked and MD5 sums checked
** using staged installation
** R
** data
** inst
** byte-compile and prepare package for lazy loading
** help
*** installing help indices
** building package indices
** installing vignettes
** testing if installed package can be loaded from temporary location
** testing if installed package can be loaded from final location
** testing if installed package keeps a record of temporary installation path
* creating tarball
packaged installation of ‘gwascat’ as ‘gwascat_2.38.0_R_x86_64-pc-linux-gnu.tar.gz’
* DONE (gwascat)

The downloaded source packages are in
	‘/tmp/RtmpjGpcHV/downloaded_packages’
Old packages: 'bslib', 'cli', 'curl', 'evaluate', 'httr2', 'jsonlite',
  'openssl', 'pillar', 'pkgbuild', 'processx', 'ps', 'purrr', 'R6', 'Rcpp',
  'rlang', 'sessioninfo', 'systemfonts', 'testthat', 'textshaping', 'tinytex',
  'xfun', 'zip', 'class', 'foreign', 'KernSmooth', 'MASS', 'Matrix', 'nlme',
  'nnet', 'rpart', 'spatial'

real	1m59.567s
user	1m4.667s
sys	0m10.306s
