'getOption("repos")' replaces Bioconductor standard repositories, see
'help("repositories", package = "BiocManager")' for details.
Replacement repositories:
    CRAN: https://p3m.dev/cran/__linux__/noble/latest
Bioconductor version 3.20 (BiocManager 1.30.25), R 4.4.2 (2024-10-31)
Installing package(s) 'CompoundDb'
also installing the dependency ‘MsBackendMgf’

trying URL 'https://bioconductor.org/packages/3.20/bioc/src/contrib/MsBackendMgf_1.14.0.tar.gz'
Content type 'application/x-gzip' length 336069 bytes (328 KB)
==================================================
downloaded 328 KB

trying URL 'https://bioconductor.org/packages/3.20/bioc/src/contrib/CompoundDb_1.10.0.tar.gz'
Content type 'application/x-gzip' length 1365606 bytes (1.3 MB)
==================================================
downloaded 1.3 MB

* installing *source* package ‘MsBackendMgf’ ...
** package ‘MsBackendMgf’ successfully unpacked and MD5 sums checked
** using staged installation
** R
** inst
** byte-compile and prepare package for lazy loading
** help
*** installing help indices
*** copying figures
** building package indices
** installing vignettes
** testing if installed package can be loaded from temporary location
** testing if installed package can be loaded from final location
** testing if installed package keeps a record of temporary installation path
* creating tarball
packaged installation of ‘MsBackendMgf’ as ‘MsBackendMgf_1.14.0_R_x86_64-pc-linux-gnu.tar.gz’
* DONE (MsBackendMgf)
* installing *source* package ‘CompoundDb’ ...
** package ‘CompoundDb’ successfully unpacked and MD5 sums checked
** using staged installation
** R
** inst
** byte-compile and prepare package for lazy loading
Creating a new generic function for ‘mass2mz’ in package ‘CompoundDb’
** help
*** installing help indices
*** copying figures
** building package indices
** installing vignettes
** testing if installed package can be loaded from temporary location
** testing if installed package can be loaded from final location
** testing if installed package keeps a record of temporary installation path
* creating tarball
packaged installation of ‘CompoundDb’ as ‘CompoundDb_1.10.0_R_x86_64-pc-linux-gnu.tar.gz’
* DONE (CompoundDb)

The downloaded source packages are in
	‘/tmp/RtmpWr6rq0/downloaded_packages’
Old packages: 'bslib', 'cli', 'curl', 'evaluate', 'httr2', 'jsonlite',
  'openssl', 'pillar', 'pkgbuild', 'processx', 'ps', 'purrr', 'R6', 'Rcpp',
  'rlang', 'sessioninfo', 'systemfonts', 'testthat', 'textshaping', 'tinytex',
  'xfun', 'zip', 'class', 'foreign', 'KernSmooth', 'MASS', 'Matrix', 'nlme',
  'nnet', 'rpart', 'spatial'

real	1m16.431s
user	0m27.518s
sys	0m5.472s
