'getOption("repos")' replaces Bioconductor standard repositories, see
'help("repositories", package = "BiocManager")' for details.
Replacement repositories:
    CRAN: https://p3m.dev/cran/__linux__/noble/latest
Bioconductor version 3.20 (BiocManager 1.30.25), R 4.4.2 (2024-10-31)
Installing package(s) 'Clomial'
also installing the dependency ‘permute’

trying URL 'https://p3m.dev/cran/__linux__/noble/latest/src/contrib/permute_0.9-7.tar.gz'
Content type 'binary/octet-stream' length 233484 bytes (228 KB)
==================================================
downloaded 228 KB

trying URL 'https://bioconductor.org/packages/3.20/bioc/src/contrib/Clomial_1.42.0.tar.gz'
Content type 'application/x-gzip' length 1533155 bytes (1.5 MB)
==================================================
downloaded 1.5 MB

* installing *binary* package ‘permute’ ...
* ‘permute’ was already a binary package and will not be rebuilt
* creating tarball
packaged installation of ‘permute’ as ‘permute_0.9-7_R_x86_64-pc-linux-gnu.tar.gz’
* DONE (permute)
* installing *source* package ‘Clomial’ ...
** package ‘Clomial’ successfully unpacked and MD5 sums checked
** using staged installation
** R
** data
** inst
** byte-compile and prepare package for lazy loading
** help
*** installing help indices
** building package indices
** installing vignettes
** testing if installed package can be loaded from temporary location
** testing if installed package can be loaded from final location
** testing if installed package keeps a record of temporary installation path
* creating tarball
packaged installation of ‘Clomial’ as ‘Clomial_1.42.0_R_x86_64-pc-linux-gnu.tar.gz’
* DONE (Clomial)

The downloaded source packages are in
	‘/tmp/RtmpJbexFO/downloaded_packages’
Old packages: 'bslib', 'cli', 'curl', 'evaluate', 'httr2', 'jsonlite',
  'openssl', 'pillar', 'pkgbuild', 'processx', 'ps', 'purrr', 'R6', 'Rcpp',
  'rlang', 'sessioninfo', 'systemfonts', 'testthat', 'textshaping', 'tinytex',
  'xfun', 'zip', 'class', 'foreign', 'KernSmooth', 'MASS', 'Matrix', 'nlme',
  'nnet', 'rpart', 'spatial'

real	0m9.016s
user	0m3.681s
sys	0m2.204s
