'getOption("repos")' replaces Bioconductor standard repositories, see
'help("repositories", package = "BiocManager")' for details.
Replacement repositories:
    CRAN: https://p3m.dev/cran/__linux__/noble/latest
Bioconductor version 3.20 (BiocManager 1.30.25), R 4.4.2 (2024-10-31)
Installing package(s) 'infercnv'
also installing the dependencies ‘findpython’, ‘phyclust’, ‘HiddenMarkov’, ‘argparse’

trying URL 'https://p3m.dev/cran/__linux__/noble/latest/src/contrib/findpython_1.0.9.tar.gz'
Content type 'binary/octet-stream' length 21932 bytes (21 KB)
==================================================
downloaded 21 KB

trying URL 'https://p3m.dev/cran/__linux__/noble/latest/src/contrib/phyclust_0.1-34.tar.gz'
Content type 'binary/octet-stream' length 1017726 bytes (993 KB)
==================================================
downloaded 993 KB

trying URL 'https://p3m.dev/cran/__linux__/noble/latest/src/contrib/HiddenMarkov_1.8-14.tar.gz'
Content type 'binary/octet-stream' length 308870 bytes (301 KB)
==================================================
downloaded 301 KB

trying URL 'https://p3m.dev/cran/__linux__/noble/latest/src/contrib/argparse_2.2.5.tar.gz'
Content type 'binary/octet-stream' length 155636 bytes (151 KB)
==================================================
downloaded 151 KB

trying URL 'https://bioconductor.org/packages/3.20/bioc/src/contrib/infercnv_1.22.0.tar.gz'
Content type 'application/x-gzip' length 4136917 bytes (3.9 MB)
==================================================
downloaded 3.9 MB

* installing *binary* package ‘findpython’ ...
* ‘findpython’ was already a binary package and will not be rebuilt
* creating tarball
packaged installation of ‘findpython’ as ‘findpython_1.0.9_R_x86_64-pc-linux-gnu.tar.gz’
* DONE (findpython)
* installing *binary* package ‘phyclust’ ...
* ‘phyclust’ was already a binary package and will not be rebuilt
* creating tarball
packaged installation of ‘phyclust’ as ‘phyclust_0.1-34_R_x86_64-pc-linux-gnu.tar.gz’
* DONE (phyclust)
* installing *binary* package ‘HiddenMarkov’ ...
* ‘HiddenMarkov’ was already a binary package and will not be rebuilt
* creating tarball
packaged installation of ‘HiddenMarkov’ as ‘HiddenMarkov_1.8-14_R_x86_64-pc-linux-gnu.tar.gz’
* DONE (HiddenMarkov)
* installing *binary* package ‘argparse’ ...
* ‘argparse’ was already a binary package and will not be rebuilt
* creating tarball
packaged installation of ‘argparse’ as ‘argparse_2.2.5_R_x86_64-pc-linux-gnu.tar.gz’
* DONE (argparse)
* installing *source* package ‘infercnv’ ...
** package ‘infercnv’ successfully unpacked and MD5 sums checked
** using staged installation
** R
** data
*** moving datasets to lazyload DB
** inst
** byte-compile and prepare package for lazy loading
** help
*** installing help indices
** building package indices
** installing vignettes
** testing if installed package can be loaded from temporary location
** testing if installed package can be loaded from final location
** testing if installed package keeps a record of temporary installation path
* creating tarball
packaged installation of ‘infercnv’ as ‘infercnv_1.22.0_R_x86_64-pc-linux-gnu.tar.gz’
* DONE (infercnv)

The downloaded source packages are in
	‘/tmp/RtmpISBaJ7/downloaded_packages’
Old packages: 'bslib', 'cli', 'curl', 'evaluate', 'httr2', 'jsonlite',
  'openssl', 'pillar', 'pkgbuild', 'processx', 'ps', 'purrr', 'R6', 'Rcpp',
  'rlang', 'sessioninfo', 'systemfonts', 'testthat', 'textshaping', 'tinytex',
  'xfun', 'zip', 'class', 'foreign', 'KernSmooth', 'MASS', 'Matrix', 'nlme',
  'nnet', 'rpart', 'spatial'

real	31m12.270s
user	0m47.934s
sys	0m9.536s
