'getOption("repos")' replaces Bioconductor standard repositories, see
'help("repositories", package = "BiocManager")' for details.
Replacement repositories:
    CRAN: https://p3m.dev/cran/__linux__/noble/latest
Bioconductor version 3.20 (BiocManager 1.30.25), R 4.4.2 (2024-10-31)
Installing package(s) 'sampleClassifier'
also installing the dependency ‘sampleClassifierData’

trying URL 'https://bioconductor.org/packages/3.20/data/experiment/src/contrib/sampleClassifierData_1.30.0.tar.gz'
Content type 'application/x-gzip' length 16266355 bytes (15.5 MB)
==================================================
downloaded 15.5 MB

trying URL 'https://bioconductor.org/packages/3.20/bioc/src/contrib/sampleClassifier_1.30.0.tar.gz'
Content type 'application/x-gzip' length 245289 bytes (239 KB)
==================================================
downloaded 239 KB

* installing *source* package ‘sampleClassifierData’ ...
** using staged installation
** data
** inst
** help
*** installing help indices
** building package indices
** installing vignettes
** testing if installed package can be loaded from temporary location
** testing if installed package can be loaded from final location
** testing if installed package keeps a record of temporary installation path
* creating tarball
packaged installation of ‘sampleClassifierData’ as ‘sampleClassifierData_1.30.0_R_x86_64-pc-linux-gnu.tar.gz’
* DONE (sampleClassifierData)
* installing *source* package ‘sampleClassifier’ ...
** package ‘sampleClassifier’ successfully unpacked and MD5 sums checked
** using staged installation
** R
** inst
** byte-compile and prepare package for lazy loading
** help
*** installing help indices
** building package indices
** installing vignettes
** testing if installed package can be loaded from temporary location
** testing if installed package can be loaded from final location
** testing if installed package keeps a record of temporary installation path
* creating tarball
packaged installation of ‘sampleClassifier’ as ‘sampleClassifier_1.30.0_R_x86_64-pc-linux-gnu.tar.gz’
* DONE (sampleClassifier)

The downloaded source packages are in
	‘/tmp/RtmpBtQLG4/downloaded_packages’
Old packages: 'bslib', 'cli', 'curl', 'evaluate', 'httr2', 'jsonlite',
  'openssl', 'pillar', 'pkgbuild', 'processx', 'ps', 'purrr', 'R6', 'Rcpp',
  'rlang', 'sessioninfo', 'systemfonts', 'testthat', 'textshaping', 'tinytex',
  'xfun', 'zip', 'class', 'foreign', 'KernSmooth', 'MASS', 'Matrix', 'nlme',
  'nnet', 'rpart', 'spatial'

real	1m55.854s
user	0m30.466s
sys	0m7.914s
