'getOption("repos")' replaces Bioconductor standard repositories, see
'help("repositories", package = "BiocManager")' for details.
Replacement repositories:
    CRAN: https://p3m.dev/cran/__linux__/noble/latest
Bioconductor version 3.20 (BiocManager 1.30.25), R 4.4.2 (2024-10-31)
Installing package(s) 'CNVRanger'
also installing the dependencies ‘BSgenome.Btaurus.UCSC.bosTau6’, ‘BSgenome.Btaurus.UCSC.bosTau6.masked’, ‘TCGAutils’, ‘curatedTCGAData’, ‘regioneR’

trying URL 'https://bioconductor.org/packages/3.20/data/annotation/src/contrib/BSgenome.Btaurus.UCSC.bosTau6_1.4.0.tar.gz'
Content type 'application/x-gzip' length 626749619 bytes (597.7 MB)
==================================================
downloaded 597.7 MB

trying URL 'https://bioconductor.org/packages/3.20/data/annotation/src/contrib/BSgenome.Btaurus.UCSC.bosTau6.masked_1.3.99.tar.gz'
Content type 'application/x-gzip' length 21176139 bytes (20.2 MB)
==================================================
downloaded 20.2 MB

trying URL 'https://bioconductor.org/packages/3.20/bioc/src/contrib/TCGAutils_1.26.0.tar.gz'
Content type 'application/x-gzip' length 417619 bytes (407 KB)
==================================================
downloaded 407 KB

trying URL 'https://bioconductor.org/packages/3.20/data/experiment/src/contrib/curatedTCGAData_1.28.1.tar.gz'
Content type 'application/x-gzip' length 426616 bytes (416 KB)
==================================================
downloaded 416 KB

trying URL 'https://bioconductor.org/packages/3.20/bioc/src/contrib/regioneR_1.38.0.tar.gz'
Content type 'application/x-gzip' length 2073712 bytes (2.0 MB)
==================================================
downloaded 2.0 MB

trying URL 'https://bioconductor.org/packages/3.20/bioc/src/contrib/CNVRanger_1.22.0.tar.gz'
Content type 'application/x-gzip' length 2148559 bytes (2.0 MB)
==================================================
downloaded 2.0 MB

* installing *source* package ‘BSgenome.Btaurus.UCSC.bosTau6’ ...
** using staged installation
** R
** inst
** byte-compile and prepare package for lazy loading
Error: package ‘rtracklayer’ required by ‘BSgenome’ could not be found
Execution halted
ERROR: lazy loading failed for package ‘BSgenome.Btaurus.UCSC.bosTau6’
* removing ‘/mnt/library/BSgenome.Btaurus.UCSC.bosTau6’
* installing *source* package ‘TCGAutils’ ...
** package ‘TCGAutils’ successfully unpacked and MD5 sums checked
** using staged installation
** R
** data
** inst
** byte-compile and prepare package for lazy loading
Error in loadNamespace(j <- i[[1L]], c(lib.loc, .libPaths()), versionCheck = vI[[j]]) : 
  there is no package called ‘rtracklayer’
Calls: <Anonymous> ... loadNamespace -> withRestarts -> withOneRestart -> doWithOneRestart
Execution halted
ERROR: lazy loading failed for package ‘TCGAutils’
* removing ‘/mnt/library/TCGAutils’
* installing *source* package ‘curatedTCGAData’ ...
** using staged installation
** R
** inst
** byte-compile and prepare package for lazy loading
** help
*** installing help indices
** building package indices
** installing vignettes
** testing if installed package can be loaded from temporary location
** testing if installed package can be loaded from final location
** testing if installed package keeps a record of temporary installation path
* creating tarball
packaged installation of ‘curatedTCGAData’ as ‘curatedTCGAData_1.28.1_R_x86_64-pc-linux-gnu.tar.gz’
* DONE (curatedTCGAData)
* installing *source* package ‘regioneR’ ...
** package ‘regioneR’ successfully unpacked and MD5 sums checked
** using staged installation
** R
** inst
** byte-compile and prepare package for lazy loading
** help
*** installing help indices
** building package indices
** installing vignettes
** testing if installed package can be loaded from temporary location
** testing if installed package can be loaded from final location
** testing if installed package keeps a record of temporary installation path
* creating tarball
packaged installation of ‘regioneR’ as ‘regioneR_1.38.0_R_x86_64-pc-linux-gnu.tar.gz’
* DONE (regioneR)
* installing *source* package ‘CNVRanger’ ...
** package ‘CNVRanger’ successfully unpacked and MD5 sums checked
** using staged installation
** R
** inst
** byte-compile and prepare package for lazy loading
** help
*** installing help indices
** building package indices
** installing vignettes
** testing if installed package can be loaded from temporary location
** testing if installed package can be loaded from final location
** testing if installed package keeps a record of temporary installation path
* creating tarball
packaged installation of ‘CNVRanger’ as ‘CNVRanger_1.22.0_R_x86_64-pc-linux-gnu.tar.gz’
* DONE (CNVRanger)
ERROR: dependency ‘BSgenome.Btaurus.UCSC.bosTau6’ is not available for package ‘BSgenome.Btaurus.UCSC.bosTau6.masked’
* removing ‘/mnt/library/BSgenome.Btaurus.UCSC.bosTau6.masked’

The downloaded source packages are in
	‘/tmp/Rtmpbg4jO7/downloaded_packages’
Old packages: 'bslib', 'cli', 'curl', 'evaluate', 'httr2', 'jsonlite',
  'openssl', 'pillar', 'pkgbuild', 'processx', 'ps', 'purrr', 'R6', 'Rcpp',
  'rlang', 'sessioninfo', 'systemfonts', 'testthat', 'textshaping', 'tinytex',
  'xfun', 'zip', 'class', 'foreign', 'KernSmooth', 'MASS', 'Matrix', 'nlme',
  'nnet', 'rpart', 'spatial'
Warning messages:
1: In install.packages(...) :
  installation of package ‘BSgenome.Btaurus.UCSC.bosTau6’ had non-zero exit status
2: In install.packages(...) :
  installation of package ‘TCGAutils’ had non-zero exit status
3: In install.packages(...) :
  installation of package ‘BSgenome.Btaurus.UCSC.bosTau6.masked’ had non-zero exit status

real	38m11.166s
user	2m1.608s
sys	0m22.912s
