'getOption("repos")' replaces Bioconductor standard repositories, see
'help("repositories", package = "BiocManager")' for details.
Replacement repositories:
    CRAN: https://p3m.dev/cran/__linux__/noble/latest
Bioconductor version 3.20 (BiocManager 1.30.25), R 4.4.2 (2024-10-31)
Installing package(s) 'shinyepico'
also installing the dependencies ‘mCSEAdata’, ‘mCSEA’

trying URL 'https://bioconductor.org/packages/3.20/data/experiment/src/contrib/mCSEAdata_1.26.1.tar.gz'
Content type 'application/x-gzip' length 16604765 bytes (15.8 MB)
==================================================
downloaded 15.8 MB

trying URL 'https://bioconductor.org/packages/3.20/bioc/src/contrib/mCSEA_1.26.2.tar.gz'
Content type 'application/x-gzip' length 1962569 bytes (1.9 MB)
==================================================
downloaded 1.9 MB

trying URL 'https://bioconductor.org/packages/3.20/bioc/src/contrib/shinyepico_1.14.0.tar.gz'
Content type 'application/x-gzip' length 2358266 bytes (2.2 MB)
==================================================
downloaded 2.2 MB

* installing *source* package ‘mCSEAdata’ ...
** using staged installation
** data
*** moving datasets to lazyload DB
** inst
** help
*** installing help indices
** building package indices
** installing vignettes
** testing if installed package can be loaded from temporary location
** testing if installed package can be loaded from final location
** testing if installed package keeps a record of temporary installation path
* creating tarball
packaged installation of ‘mCSEAdata’ as ‘mCSEAdata_1.26.1_R_x86_64-pc-linux-gnu.tar.gz’
* DONE (mCSEAdata)
* installing *source* package ‘shinyepico’ ...
** package ‘shinyepico’ successfully unpacked and MD5 sums checked
** using staged installation
** R
** inst
** byte-compile and prepare package for lazy loading
** help
*** installing help indices
** building package indices
** installing vignettes
** testing if installed package can be loaded from temporary location
** testing if installed package can be loaded from final location
** testing if installed package keeps a record of temporary installation path
* creating tarball
packaged installation of ‘shinyepico’ as ‘shinyepico_1.14.0_R_x86_64-pc-linux-gnu.tar.gz’
* DONE (shinyepico)
* installing *source* package ‘mCSEA’ ...
** package ‘mCSEA’ successfully unpacked and MD5 sums checked
** using staged installation
** R
** data
*** moving datasets to lazyload DB
** inst
** byte-compile and prepare package for lazy loading
** help
*** installing help indices
** building package indices
** installing vignettes
** testing if installed package can be loaded from temporary location
** testing if installed package can be loaded from final location
** testing if installed package keeps a record of temporary installation path
* creating tarball
packaged installation of ‘mCSEA’ as ‘mCSEA_1.26.2_R_x86_64-pc-linux-gnu.tar.gz’
* DONE (mCSEA)

The downloaded source packages are in
	‘/tmp/RtmpzK3m7b/downloaded_packages’
Old packages: 'bslib', 'cli', 'curl', 'evaluate', 'httr2', 'jsonlite',
  'openssl', 'pillar', 'pkgbuild', 'processx', 'ps', 'purrr', 'R6', 'Rcpp',
  'rlang', 'sessioninfo', 'systemfonts', 'testthat', 'textshaping', 'tinytex',
  'xfun', 'zip', 'class', 'foreign', 'KernSmooth', 'MASS', 'Matrix', 'nlme',
  'nnet', 'rpart', 'spatial'

real	4m8.624s
user	1m32.909s
sys	0m12.700s
