'getOption("repos")' replaces Bioconductor standard repositories, see
'help("repositories", package = "BiocManager")' for details.
Replacement repositories:
    CRAN: https://p3m.dev/cran/__linux__/noble/latest
Bioconductor version 3.20 (BiocManager 1.30.25), R 4.4.2 (2024-10-31)
Installing package(s) 'SparseSignatures'
also installing the dependencies ‘nnlasso’, ‘BSgenome.Hsapiens.1000genomes.hs37d5’

trying URL 'https://p3m.dev/cran/__linux__/noble/latest/src/contrib/nnlasso_0.3.tar.gz'
Content type 'binary/octet-stream' length 119316 bytes (116 KB)
==================================================
downloaded 116 KB

trying URL 'https://bioconductor.org/packages/3.20/data/annotation/src/contrib/BSgenome.Hsapiens.1000genomes.hs37d5_0.99.1.tar.gz'
Content type 'application/x-gzip' length 687514862 bytes (655.7 MB)
==================================================
downloaded 655.7 MB

trying URL 'https://bioconductor.org/packages/3.20/bioc/src/contrib/SparseSignatures_2.16.0.tar.gz'
Content type 'application/x-gzip' length 1541189 bytes (1.5 MB)
==================================================
downloaded 1.5 MB

* installing *binary* package ‘nnlasso’ ...
* ‘nnlasso’ was already a binary package and will not be rebuilt
* creating tarball
packaged installation of ‘nnlasso’ as ‘nnlasso_0.3_R_x86_64-pc-linux-gnu.tar.gz’
* DONE (nnlasso)
* installing *source* package ‘BSgenome.Hsapiens.1000genomes.hs37d5’ ...
** using staged installation
** R
** inst
** byte-compile and prepare package for lazy loading
** help
*** installing help indices
** building package indices
** testing if installed package can be loaded from temporary location
** testing if installed package can be loaded from final location
** testing if installed package keeps a record of temporary installation path
* creating tarball
packaged installation of ‘BSgenome.Hsapiens.1000genomes.hs37d5’ as ‘BSgenome.Hsapiens.1000genomes.hs37d5_0.99.1_R_x86_64-pc-linux-gnu.tar.gz’
* DONE (BSgenome.Hsapiens.1000genomes.hs37d5)
* installing *source* package ‘SparseSignatures’ ...
** package ‘SparseSignatures’ successfully unpacked and MD5 sums checked
** using staged installation
** R
** data
** inst
** byte-compile and prepare package for lazy loading
** help
*** installing help indices
** building package indices
** installing vignettes
** testing if installed package can be loaded from temporary location
** testing if installed package can be loaded from final location
** testing if installed package keeps a record of temporary installation path
* creating tarball
packaged installation of ‘SparseSignatures’ as ‘SparseSignatures_2.16.0_R_x86_64-pc-linux-gnu.tar.gz’
* DONE (SparseSignatures)

The downloaded source packages are in
	‘/tmp/Rtmp6MriWr/downloaded_packages’
Old packages: 'bslib', 'cli', 'curl', 'evaluate', 'httr2', 'jsonlite',
  'openssl', 'pillar', 'pkgbuild', 'processx', 'ps', 'purrr', 'R6', 'Rcpp',
  'rlang', 'sessioninfo', 'systemfonts', 'testthat', 'textshaping', 'tinytex',
  'xfun', 'zip', 'class', 'foreign', 'KernSmooth', 'MASS', 'Matrix', 'nlme',
  'nnet', 'rpart', 'spatial'

real	3m31.717s
user	2m19.010s
sys	0m18.109s
