'getOption("repos")' replaces Bioconductor standard repositories, see
'help("repositories", package = "BiocManager")' for details.
Replacement repositories:
    CRAN: https://p3m.dev/cran/__linux__/noble/latest
Bioconductor version 3.20 (BiocManager 1.30.25), R 4.4.2 (2024-10-31)
Installing package(s) 'trio'
also installing the dependencies ‘arsenal’, ‘haplo.stats’

trying URL 'https://p3m.dev/cran/__linux__/noble/latest/src/contrib/arsenal_3.6.3.tar.gz'
Content type 'binary/octet-stream' length 944992 bytes (922 KB)
==================================================
downloaded 922 KB

trying URL 'https://p3m.dev/cran/__linux__/noble/latest/src/contrib/haplo.stats_1.9.7.tar.gz'
Content type 'binary/octet-stream' length 852833 bytes (832 KB)
==================================================
downloaded 832 KB

trying URL 'https://bioconductor.org/packages/3.20/bioc/src/contrib/trio_3.44.0.tar.gz'
Content type 'application/x-gzip' length 769019 bytes (750 KB)
==================================================
downloaded 750 KB

* installing *binary* package ‘arsenal’ ...
* ‘arsenal’ was already a binary package and will not be rebuilt
* creating tarball
packaged installation of ‘arsenal’ as ‘arsenal_3.6.3_R_x86_64-pc-linux-gnu.tar.gz’
* DONE (arsenal)
* installing *source* package ‘trio’ ...
** package ‘trio’ successfully unpacked and MD5 sums checked
** using staged installation
** R
** data
** inst
** byte-compile and prepare package for lazy loading
** help
*** installing help indices
** building package indices
** installing vignettes
** testing if installed package can be loaded from temporary location
** testing if installed package can be loaded from final location
** testing if installed package keeps a record of temporary installation path
* creating tarball
packaged installation of ‘trio’ as ‘trio_3.44.0_R_x86_64-pc-linux-gnu.tar.gz’
* DONE (trio)
* installing *binary* package ‘haplo.stats’ ...
* ‘haplo.stats’ was already a binary package and will not be rebuilt
* creating tarball
packaged installation of ‘haplo.stats’ as ‘haplo.stats_1.9.7_R_x86_64-pc-linux-gnu.tar.gz’
* DONE (haplo.stats)

The downloaded source packages are in
	‘/tmp/RtmpUaR1Zt/downloaded_packages’
Old packages: 'bslib', 'cli', 'curl', 'evaluate', 'httr2', 'jsonlite',
  'openssl', 'pillar', 'pkgbuild', 'processx', 'ps', 'purrr', 'R6', 'Rcpp',
  'rlang', 'sessioninfo', 'systemfonts', 'testthat', 'textshaping', 'tinytex',
  'xfun', 'zip', 'class', 'foreign', 'KernSmooth', 'MASS', 'Matrix', 'nlme',
  'nnet', 'rpart', 'spatial'

real	0m56.341s
user	0m24.432s
sys	0m4.347s
