'getOption("repos")' replaces Bioconductor standard repositories, see
'help("repositories", package = "BiocManager")' for details.
Replacement repositories:
    CRAN: https://p3m.dev/cran/__linux__/noble/latest
Bioconductor version 3.20 (BiocManager 1.30.25), R 4.4.2 (2024-10-31)
Installing package(s) 'h5vc'
also installing the dependency ‘BSgenome.Hsapiens.NCBI.GRCh38’

trying URL 'https://bioconductor.org/packages/3.20/data/annotation/src/contrib/BSgenome.Hsapiens.NCBI.GRCh38_1.3.1000.tar.gz'
Content type 'application/x-gzip' length 845207156 bytes (806.1 MB)
==================================================
downloaded 806.1 MB

trying URL 'https://bioconductor.org/packages/3.20/bioc/src/contrib/h5vc_2.40.1.tar.gz'
Content type 'application/x-gzip' length 1703115 bytes (1.6 MB)
==================================================
downloaded 1.6 MB

* installing *source* package ‘BSgenome.Hsapiens.NCBI.GRCh38’ ...
** using staged installation
** R
** inst
** byte-compile and prepare package for lazy loading
** help
*** installing help indices
** building package indices
** testing if installed package can be loaded from temporary location
** testing if installed package can be loaded from final location
** testing if installed package keeps a record of temporary installation path
* creating tarball
packaged installation of ‘BSgenome.Hsapiens.NCBI.GRCh38’ as ‘BSgenome.Hsapiens.NCBI.GRCh38_1.3.1000_R_x86_64-pc-linux-gnu.tar.gz’
* DONE (BSgenome.Hsapiens.NCBI.GRCh38)
* installing *source* package ‘h5vc’ ...
** package ‘h5vc’ successfully unpacked and MD5 sums checked
** using staged installation
** libs
using C compiler: ‘gcc (Ubuntu 13.3.0-6ubuntu2~24.04) 13.3.0’
using C++ compiler: ‘g++ (Ubuntu 13.3.0-6ubuntu2~24.04) 13.3.0’
gcc -I"/usr/local/lib/R/include" -DNDEBUG -D_FILE_OFFSET_BITS=64 -I'/mnt/library/Rhtslib/include' -I/usr/local/include    -fpic  -g -O2 -fstack-protector-strong -Wformat -Wformat-security -Wdate-time -D_FORTIFY_SOURCE=2 -g  -c bam_plbuf.c -o bam_plbuf.o
g++ -std=gnu++17 -I"/usr/local/lib/R/include" -DNDEBUG -D_FILE_OFFSET_BITS=64 -I'/mnt/library/Rhtslib/include' -I/usr/local/include    -fpic  -g -O2 -fstack-protector-strong -Wformat -Wformat-security -Wdate-time -D_FORTIFY_SOURCE=2 -g  -DR_NO_REMAP -c tallyBAM.cpp -o tallyBAM.o
tallyBAM.cpp:12: warning: "R_NO_REMAP" redefined
   12 | #define R_NO_REMAP
      | 
<command-line>: note: this is the location of the previous definition
g++ -std=gnu++17 -shared -L/usr/local/lib/R/lib -L/usr/local/lib -o h5vc.so bam_plbuf.o tallyBAM.o /mnt/library/Rhtslib/usrlib/libhts.a -lcurl -lbz2 -llzma -lz -L/usr/local/lib/R/lib -lR
installing to /mnt/library/00LOCK-h5vc/00new/h5vc/libs
** R
** data
** inst
** byte-compile and prepare package for lazy loading
Warning: replacing previous import ‘Biostrings::pattern’ by ‘grid::pattern’ when loading ‘h5vc’
** help
*** installing help indices
** building package indices
** installing vignettes
** testing if installed package can be loaded from temporary location
Warning: replacing previous import ‘Biostrings::pattern’ by ‘grid::pattern’ when loading ‘h5vc’
** checking absolute paths in shared objects and dynamic libraries
** testing if installed package can be loaded from final location
Warning: replacing previous import ‘Biostrings::pattern’ by ‘grid::pattern’ when loading ‘h5vc’
** testing if installed package keeps a record of temporary installation path
* creating tarball
packaged installation of ‘h5vc’ as ‘h5vc_2.40.1_R_x86_64-pc-linux-gnu.tar.gz’
* DONE (h5vc)

The downloaded source packages are in
	‘/tmp/RtmpGzTJrH/downloaded_packages’
Old packages: 'bslib', 'cli', 'curl', 'evaluate', 'httr2', 'jsonlite',
  'openssl', 'pillar', 'pkgbuild', 'processx', 'ps', 'purrr', 'R6', 'Rcpp',
  'rlang', 'sessioninfo', 'systemfonts', 'testthat', 'textshaping', 'tinytex',
  'xfun', 'zip', 'class', 'foreign', 'KernSmooth', 'MASS', 'Matrix', 'nlme',
  'nnet', 'rpart', 'spatial'

real	54m42.228s
user	1m59.187s
sys	0m28.913s
