'getOption("repos")' replaces Bioconductor standard repositories, see
'help("repositories", package = "BiocManager")' for details.
Replacement repositories:
    CRAN: https://p3m.dev/cran/__linux__/noble/latest
Bioconductor version 3.20 (BiocManager 1.30.25), R 4.4.2 (2024-10-31)
Installing package(s) 'megadepth'
also installing the dependencies ‘bumphunter’, ‘derfinderHelper’, ‘GenomicFiles’, ‘cmdfun’, ‘derfinder’

trying URL 'https://bioconductor.org/packages/3.20/bioc/src/contrib/bumphunter_1.48.0.tar.gz'
Content type 'application/x-gzip' length 2483243 bytes (2.4 MB)
==================================================
downloaded 2.4 MB

trying URL 'https://bioconductor.org/packages/3.20/bioc/src/contrib/derfinderHelper_1.40.0.tar.gz'
Content type 'application/x-gzip' length 317424 bytes (309 KB)
==================================================
downloaded 309 KB

trying URL 'https://bioconductor.org/packages/3.20/bioc/src/contrib/GenomicFiles_1.42.0.tar.gz'
Content type 'application/x-gzip' length 730867 bytes (713 KB)
==================================================
downloaded 713 KB

trying URL 'https://p3m.dev/cran/__linux__/noble/latest/src/contrib/cmdfun_1.0.2.tar.gz'
Content type 'binary/octet-stream' length 88242 bytes (86 KB)
==================================================
downloaded 86 KB

trying URL 'https://bioconductor.org/packages/3.20/bioc/src/contrib/derfinder_1.40.0.tar.gz'
Content type 'application/x-gzip' length 2095149 bytes (2.0 MB)
==================================================
downloaded 2.0 MB

trying URL 'https://bioconductor.org/packages/3.20/bioc/src/contrib/megadepth_1.16.0.tar.gz'
Content type 'application/x-gzip' length 479408 bytes (468 KB)
==================================================
downloaded 468 KB

* installing *source* package ‘bumphunter’ ...
** package ‘bumphunter’ successfully unpacked and MD5 sums checked
** using staged installation
** R
** data
*** moving datasets to lazyload DB
** inst
** byte-compile and prepare package for lazy loading
Error in loadNamespace(i, c(lib.loc, .libPaths()), versionCheck = vI[[i]]) : 
  there is no package called ‘SummarizedExperiment’
Calls: <Anonymous> ... loadNamespace -> withRestarts -> withOneRestart -> doWithOneRestart
Execution halted
ERROR: lazy loading failed for package ‘bumphunter’
* removing ‘/mnt/library/bumphunter’
* installing *source* package ‘derfinderHelper’ ...
** package ‘derfinderHelper’ successfully unpacked and MD5 sums checked
** using staged installation
** R
** inst
** byte-compile and prepare package for lazy loading
** help
*** installing help indices
** building package indices
** installing vignettes
** testing if installed package can be loaded from temporary location
** testing if installed package can be loaded from final location
** testing if installed package keeps a record of temporary installation path
* creating tarball
packaged installation of ‘derfinderHelper’ as ‘derfinderHelper_1.40.0_R_x86_64-pc-linux-gnu.tar.gz’
* DONE (derfinderHelper)
ERROR: dependencies ‘SummarizedExperiment’, ‘Rsamtools’ are not available for package ‘GenomicFiles’
* removing ‘/mnt/library/GenomicFiles’
* installing *binary* package ‘cmdfun’ ...
* ‘cmdfun’ was already a binary package and will not be rebuilt
* creating tarball
packaged installation of ‘cmdfun’ as ‘cmdfun_1.0.2_R_x86_64-pc-linux-gnu.tar.gz’
* DONE (cmdfun)
ERROR: dependencies ‘bumphunter’, ‘GenomicFiles’, ‘Rsamtools’ are not available for package ‘derfinder’
* removing ‘/mnt/library/derfinder’
* installing *source* package ‘megadepth’ ...
** package ‘megadepth’ successfully unpacked and MD5 sums checked
** using staged installation
** R
** inst
** byte-compile and prepare package for lazy loading
** help
*** installing help indices
** building package indices
** installing vignettes
** testing if installed package can be loaded from temporary location
** testing if installed package can be loaded from final location
** testing if installed package keeps a record of temporary installation path
* creating tarball
packaged installation of ‘megadepth’ as ‘megadepth_1.16.0_R_x86_64-pc-linux-gnu.tar.gz’
* DONE (megadepth)

The downloaded source packages are in
	‘/tmp/Rtmpfk6ojK/downloaded_packages’
Old packages: 'bslib', 'cli', 'curl', 'evaluate', 'httr2', 'jsonlite',
  'openssl', 'pillar', 'pkgbuild', 'processx', 'ps', 'purrr', 'R6', 'Rcpp',
  'rlang', 'sessioninfo', 'systemfonts', 'testthat', 'textshaping', 'tinytex',
  'xfun', 'zip', 'class', 'foreign', 'KernSmooth', 'MASS', 'Matrix', 'nlme',
  'nnet', 'rpart', 'spatial'
Warning messages:
1: In install.packages(...) :
  installation of package ‘bumphunter’ had non-zero exit status
2: In install.packages(...) :
  installation of package ‘GenomicFiles’ had non-zero exit status
3: In install.packages(...) :
  installation of package ‘derfinder’ had non-zero exit status

real	2m43.298s
user	0m28.131s
sys	0m6.056s
