'getOption("repos")' replaces Bioconductor standard repositories, see
'help("repositories", package = "BiocManager")' for details.
Replacement repositories:
    CRAN: https://p3m.dev/cran/__linux__/noble/latest
Bioconductor version 3.20 (BiocManager 1.30.25), R 4.4.2 (2024-10-31)
Installing package(s) 'mitoClone2'
trying URL 'https://bioconductor.org/packages/3.20/bioc/src/contrib/mitoClone2_1.12.0.tar.gz'
Content type 'application/x-gzip' length 1514782 bytes (1.4 MB)
==================================================
downloaded 1.4 MB

* installing *source* package ‘mitoClone2’ ...
** package ‘mitoClone2’ successfully unpacked and MD5 sums checked
** using staged installation
** libs
using C++ compiler: ‘g++ (Ubuntu 13.3.0-6ubuntu2~24.04) 13.3.0’
g++ -std=gnu++17 -D_FILE_OFFSET_BITS=64 ../inst/SCITEpkg/*.cpp -o scite
../inst/SCITEpkg/findBestTrees.cpp:58:8: warning: built-in function ‘gamma’ declared as non-function [-Wbuiltin-declaration-mismatch]
   58 | double gamma = 1;
      |        ^~~~~
mkdir -p "/mnt/library/00LOCK-mitoClone2/00new/mitoClone2/SCITE/"
cp scite "/mnt/library/00LOCK-mitoClone2/00new/mitoClone2/SCITE/"
rm scite
g++ -std=gnu++17 -I"/usr/local/lib/R/include" -DNDEBUG -D_FILE_OFFSET_BITS=64 -I'/mnt/library/Rhtslib/include' -I/usr/local/include    -fpic  -g -O2 -fstack-protector-strong -Wformat -Wformat-security -Wdate-time -D_FORTIFY_SOURCE=2 -g  -DR_NO_REMAP -c bam2R_10x.cpp -o bam2R_10x.o
bam2R_10x.cpp:21: warning: "R_NO_REMAP" redefined
   21 | #define R_NO_REMAP
      | 
<command-line>: note: this is the location of the previous definition
g++ -std=gnu++17 -shared -L/usr/local/lib/R/lib -L/usr/local/lib -o mitoClone2.so bam2R_10x.o /mnt/library/Rhtslib/usrlib/libhts.a -lcurl -lbz2 -llzma -lz -L/usr/local/lib/R/lib -lR
installing to /mnt/library/00LOCK-mitoClone2/00new/mitoClone2/libs
** R
** data
** inst
** byte-compile and prepare package for lazy loading
** help
*** installing help indices
*** copying figures
** building package indices
** installing vignettes
** testing if installed package can be loaded from temporary location
** checking absolute paths in shared objects and dynamic libraries
** testing if installed package can be loaded from final location
** testing if installed package keeps a record of temporary installation path
* creating tarball
packaged installation of ‘mitoClone2’ as ‘mitoClone2_1.12.0_R_x86_64-pc-linux-gnu.tar.gz’
* DONE (mitoClone2)

The downloaded source packages are in
	‘/tmp/RtmpSVMvQL/downloaded_packages’
Old packages: 'bslib', 'cli', 'curl', 'evaluate', 'httr2', 'jsonlite',
  'openssl', 'pillar', 'pkgbuild', 'processx', 'ps', 'purrr', 'R6', 'Rcpp',
  'rlang', 'sessioninfo', 'systemfonts', 'testthat', 'textshaping', 'tinytex',
  'xfun', 'zip', 'class', 'foreign', 'KernSmooth', 'MASS', 'Matrix', 'nlme',
  'nnet', 'rpart', 'spatial'

real	3m10.325s
user	0m50.277s
sys	0m10.483s
