'getOption("repos")' replaces Bioconductor standard repositories, see
'help("repositories", package = "BiocManager")' for details.
Replacement repositories:
    CRAN: https://p3m.dev/cran/__linux__/noble/latest
Bioconductor version 3.20 (BiocManager 1.30.25), R 4.4.2 (2024-10-31)
Installing package(s) 'OmicsMLRepoR'
also installing the dependencies ‘beachmat’, ‘BiocSingular’, ‘DECIPHER’, ‘DirichletMultinomial’, ‘scater’, ‘scuttle’, ‘GenomicDataCommons’, ‘TreeSummarizedExperiment’, ‘mia’, ‘RaggedExperiment’, ‘RTCGAToolbox’, ‘TCGAutils’, ‘curatedMetagenomicData’, ‘cBioPortalData’

trying URL 'https://bioconductor.org/packages/3.20/bioc/src/contrib/beachmat_2.22.0.tar.gz'
Content type 'application/x-gzip' length 378908 bytes (370 KB)
==================================================
downloaded 370 KB

trying URL 'https://bioconductor.org/packages/3.20/bioc/src/contrib/BiocSingular_1.22.0.tar.gz'
Content type 'application/x-gzip' length 617927 bytes (603 KB)
==================================================
downloaded 603 KB

trying URL 'https://bioconductor.org/packages/3.20/bioc/src/contrib/DECIPHER_3.2.0.tar.gz'
Content type 'application/x-gzip' length 17612526 bytes (16.8 MB)
==================================================
downloaded 16.8 MB

trying URL 'https://bioconductor.org/packages/3.20/bioc/src/contrib/DirichletMultinomial_1.48.0.tar.gz'
Content type 'application/x-gzip' length 1112440 bytes (1.1 MB)
==================================================
downloaded 1.1 MB

trying URL 'https://bioconductor.org/packages/3.20/bioc/src/contrib/scater_1.34.0.tar.gz'
Content type 'application/x-gzip' length 4638399 bytes (4.4 MB)
==================================================
downloaded 4.4 MB

trying URL 'https://bioconductor.org/packages/3.20/bioc/src/contrib/scuttle_1.16.0.tar.gz'
Content type 'application/x-gzip' length 1034711 bytes (1010 KB)
==================================================
downloaded 1010 KB

trying URL 'https://bioconductor.org/packages/3.20/bioc/src/contrib/GenomicDataCommons_1.30.1.tar.gz'
Content type 'application/x-gzip' length 2770759 bytes (2.6 MB)
==================================================
downloaded 2.6 MB

trying URL 'https://bioconductor.org/packages/3.20/bioc/src/contrib/TreeSummarizedExperiment_2.14.0.tar.gz'
Content type 'application/x-gzip' length 1164581 bytes (1.1 MB)
==================================================
downloaded 1.1 MB

trying URL 'https://bioconductor.org/packages/3.20/bioc/src/contrib/mia_1.14.0.tar.gz'
Content type 'application/x-gzip' length 3130972 bytes (3.0 MB)
==================================================
downloaded 3.0 MB

trying URL 'https://bioconductor.org/packages/3.20/bioc/src/contrib/RaggedExperiment_1.30.0.tar.gz'
Content type 'application/x-gzip' length 704201 bytes (687 KB)
==================================================
downloaded 687 KB

trying URL 'https://bioconductor.org/packages/3.20/bioc/src/contrib/RTCGAToolbox_2.36.0.tar.gz'
Content type 'application/x-gzip' length 2444701 bytes (2.3 MB)
==================================================
downloaded 2.3 MB

trying URL 'https://bioconductor.org/packages/3.20/bioc/src/contrib/TCGAutils_1.26.0.tar.gz'
Content type 'application/x-gzip' length 417619 bytes (407 KB)
==================================================
downloaded 407 KB

trying URL 'https://bioconductor.org/packages/3.20/data/experiment/src/contrib/curatedMetagenomicData_3.14.0.tar.gz'
Content type 'application/x-gzip' length 1941420 bytes (1.9 MB)
==================================================
downloaded 1.9 MB

trying URL 'https://bioconductor.org/packages/3.20/bioc/src/contrib/cBioPortalData_2.18.1.tar.gz'
Content type 'application/x-gzip' length 1058731 bytes (1.0 MB)
==================================================
downloaded 1.0 MB

trying URL 'https://bioconductor.org/packages/3.20/bioc/src/contrib/OmicsMLRepoR_1.0.0.tar.gz'
Content type 'application/x-gzip' length 437603 bytes (427 KB)
==================================================
downloaded 427 KB

ERROR: failed to lock directory ‘/mnt/library’ for modifying
Try removing ‘/mnt/library/00LOCK-beachmat’
* installing *source* package ‘DECIPHER’ ...
** package ‘DECIPHER’ successfully unpacked and MD5 sums checked
** using staged installation
** libs
using C compiler: ‘gcc (Ubuntu 13.3.0-6ubuntu2~24.04) 13.3.0’
gcc -I"/usr/local/lib/R/include" -DNDEBUG  -I'/mnt/library/Biostrings/include' -I'/mnt/library/S4Vectors/include' -I'/mnt/library/IRanges/include' -I'/mnt/library/XVector/include' -I/usr/local/include   -fopenmp -fpic  -g -O2 -fstack-protector-strong -Wformat -Wformat-security -Wdate-time -D_FORTIFY_SOURCE=2 -g  -c AlignProfiles.c -o AlignProfiles.o
gcc -I"/usr/local/lib/R/include" -DNDEBUG  -I'/mnt/library/Biostrings/include' -I'/mnt/library/S4Vectors/include' -I'/mnt/library/IRanges/include' -I'/mnt/library/XVector/include' -I/usr/local/include   -fopenmp -fpic  -g -O2 -fstack-protector-strong -Wformat -Wformat-security -Wdate-time -D_FORTIFY_SOURCE=2 -g  -c AssignIndels.c -o AssignIndels.o
gcc -I"/usr/local/lib/R/include" -DNDEBUG  -I'/mnt/library/Biostrings/include' -I'/mnt/library/S4Vectors/include' -I'/mnt/library/IRanges/include' -I'/mnt/library/XVector/include' -I/usr/local/include   -fopenmp -fpic  -g -O2 -fstack-protector-strong -Wformat -Wformat-security -Wdate-time -D_FORTIFY_SOURCE=2 -g  -c Biostrings_stubs.c -o Biostrings_stubs.o
gcc -I"/usr/local/lib/R/include" -DNDEBUG  -I'/mnt/library/Biostrings/include' -I'/mnt/library/S4Vectors/include' -I'/mnt/library/IRanges/include' -I'/mnt/library/XVector/include' -I/usr/local/include   -fopenmp -fpic  -g -O2 -fstack-protector-strong -Wformat -Wformat-security -Wdate-time -D_FORTIFY_SOURCE=2 -g  -c CalculateDeltaG.c -o CalculateDeltaG.o
gcc -I"/usr/local/lib/R/include" -DNDEBUG  -I'/mnt/library/Biostrings/include' -I'/mnt/library/S4Vectors/include' -I'/mnt/library/IRanges/include' -I'/mnt/library/XVector/include' -I/usr/local/include   -fopenmp -fpic  -g -O2 -fstack-protector-strong -Wformat -Wformat-security -Wdate-time -D_FORTIFY_SOURCE=2 -g  -c CalculateFISH.c -o CalculateFISH.o
gcc -I"/usr/local/lib/R/include" -DNDEBUG  -I'/mnt/library/Biostrings/include' -I'/mnt/library/S4Vectors/include' -I'/mnt/library/IRanges/include' -I'/mnt/library/XVector/include' -I/usr/local/include   -fopenmp -fpic  -g -O2 -fstack-protector-strong -Wformat -Wformat-security -Wdate-time -D_FORTIFY_SOURCE=2 -g  -c ChainSegments.c -o ChainSegments.o
gcc -I"/usr/local/lib/R/include" -DNDEBUG  -I'/mnt/library/Biostrings/include' -I'/mnt/library/S4Vectors/include' -I'/mnt/library/IRanges/include' -I'/mnt/library/XVector/include' -I/usr/local/include   -fopenmp -fpic  -g -O2 -fstack-protector-strong -Wformat -Wformat-security -Wdate-time -D_FORTIFY_SOURCE=2 -g  -c Cluster.c -o Cluster.o
gcc -I"/usr/local/lib/R/include" -DNDEBUG  -I'/mnt/library/Biostrings/include' -I'/mnt/library/S4Vectors/include' -I'/mnt/library/IRanges/include' -I'/mnt/library/XVector/include' -I/usr/local/include   -fopenmp -fpic  -g -O2 -fstack-protector-strong -Wformat -Wformat-security -Wdate-time -D_FORTIFY_SOURCE=2 -g  -c ClusterME.c -o ClusterME.o
gcc -I"/usr/local/lib/R/include" -DNDEBUG  -I'/mnt/library/Biostrings/include' -I'/mnt/library/S4Vectors/include' -I'/mnt/library/IRanges/include' -I'/mnt/library/XVector/include' -I/usr/local/include   -fopenmp -fpic  -g -O2 -fstack-protector-strong -Wformat -Wformat-security -Wdate-time -D_FORTIFY_SOURCE=2 -g  -c ClusterML.c -o ClusterML.o
gcc -I"/usr/local/lib/R/include" -DNDEBUG  -I'/mnt/library/Biostrings/include' -I'/mnt/library/S4Vectors/include' -I'/mnt/library/IRanges/include' -I'/mnt/library/XVector/include' -I/usr/local/include   -fopenmp -fpic  -g -O2 -fstack-protector-strong -Wformat -Wformat-security -Wdate-time -D_FORTIFY_SOURCE=2 -g  -c ClusterMP.c -o ClusterMP.o
gcc -I"/usr/local/lib/R/include" -DNDEBUG  -I'/mnt/library/Biostrings/include' -I'/mnt/library/S4Vectors/include' -I'/mnt/library/IRanges/include' -I'/mnt/library/XVector/include' -I/usr/local/include   -fopenmp -fpic  -g -O2 -fstack-protector-strong -Wformat -Wformat-security -Wdate-time -D_FORTIFY_SOURCE=2 -g  -c Compositions.c -o Compositions.o
gcc -I"/usr/local/lib/R/include" -DNDEBUG  -I'/mnt/library/Biostrings/include' -I'/mnt/library/S4Vectors/include' -I'/mnt/library/IRanges/include' -I'/mnt/library/XVector/include' -I/usr/local/include   -fopenmp -fpic  -g -O2 -fstack-protector-strong -Wformat -Wformat-security -Wdate-time -D_FORTIFY_SOURCE=2 -g  -c Compression.c -o Compression.o
gcc -I"/usr/local/lib/R/include" -DNDEBUG  -I'/mnt/library/Biostrings/include' -I'/mnt/library/S4Vectors/include' -I'/mnt/library/IRanges/include' -I'/mnt/library/XVector/include' -I/usr/local/include   -fopenmp -fpic  -g -O2 -fstack-protector-strong -Wformat -Wformat-security -Wdate-time -D_FORTIFY_SOURCE=2 -g  -c ConsensusSequence.c -o ConsensusSequence.o
gcc -I"/usr/local/lib/R/include" -DNDEBUG  -I'/mnt/library/Biostrings/include' -I'/mnt/library/S4Vectors/include' -I'/mnt/library/IRanges/include' -I'/mnt/library/XVector/include' -I/usr/local/include   -fopenmp -fpic  -g -O2 -fstack-protector-strong -Wformat -Wformat-security -Wdate-time -D_FORTIFY_SOURCE=2 -g  -c DesignProbes.c -o DesignProbes.o
gcc -I"/usr/local/lib/R/include" -DNDEBUG  -I'/mnt/library/Biostrings/include' -I'/mnt/library/S4Vectors/include' -I'/mnt/library/IRanges/include' -I'/mnt/library/XVector/include' -I/usr/local/include   -fopenmp -fpic  -g -O2 -fstack-protector-strong -Wformat -Wformat-security -Wdate-time -D_FORTIFY_SOURCE=2 -g  -c Diff.c -o Diff.o
gcc -I"/usr/local/lib/R/include" -DNDEBUG  -I'/mnt/library/Biostrings/include' -I'/mnt/library/S4Vectors/include' -I'/mnt/library/IRanges/include' -I'/mnt/library/XVector/include' -I/usr/local/include   -fopenmp -fpic  -g -O2 -fstack-protector-strong -Wformat -Wformat-security -Wdate-time -D_FORTIFY_SOURCE=2 -g  -c DistanceMatrix.c -o DistanceMatrix.o
gcc -I"/usr/local/lib/R/include" -DNDEBUG  -I'/mnt/library/Biostrings/include' -I'/mnt/library/S4Vectors/include' -I'/mnt/library/IRanges/include' -I'/mnt/library/XVector/include' -I/usr/local/include   -fopenmp -fpic  -g -O2 -fstack-protector-strong -Wformat -Wformat-security -Wdate-time -D_FORTIFY_SOURCE=2 -g  -c EnumerateSequence.c -o EnumerateSequence.o
gcc -I"/usr/local/lib/R/include" -DNDEBUG  -I'/mnt/library/Biostrings/include' -I'/mnt/library/S4Vectors/include' -I'/mnt/library/IRanges/include' -I'/mnt/library/XVector/include' -I/usr/local/include   -fopenmp -fpic  -g -O2 -fstack-protector-strong -Wformat -Wformat-security -Wdate-time -D_FORTIFY_SOURCE=2 -g  -c ExpandAmbiguities.c -o ExpandAmbiguities.o
gcc -I"/usr/local/lib/R/include" -DNDEBUG  -I'/mnt/library/Biostrings/include' -I'/mnt/library/S4Vectors/include' -I'/mnt/library/IRanges/include' -I'/mnt/library/XVector/include' -I/usr/local/include   -fopenmp -fpic  -g -O2 -fstack-protector-strong -Wformat -Wformat-security -Wdate-time -D_FORTIFY_SOURCE=2 -g  -c FindFrameshifts.c -o FindFrameshifts.o
gcc -I"/usr/local/lib/R/include" -DNDEBUG  -I'/mnt/library/Biostrings/include' -I'/mnt/library/S4Vectors/include' -I'/mnt/library/IRanges/include' -I'/mnt/library/XVector/include' -I/usr/local/include   -fopenmp -fpic  -g -O2 -fstack-protector-strong -Wformat -Wformat-security -Wdate-time -D_FORTIFY_SOURCE=2 -g  -c GeneFinding.c -o GeneFinding.o
gcc -I"/usr/local/lib/R/include" -DNDEBUG  -I'/mnt/library/Biostrings/include' -I'/mnt/library/S4Vectors/include' -I'/mnt/library/IRanges/include' -I'/mnt/library/XVector/include' -I/usr/local/include   -fopenmp -fpic  -g -O2 -fstack-protector-strong -Wformat -Wformat-security -Wdate-time -D_FORTIFY_SOURCE=2 -g  -c GetPools.c -o GetPools.o
gcc -I"/usr/local/lib/R/include" -DNDEBUG  -I'/mnt/library/Biostrings/include' -I'/mnt/library/S4Vectors/include' -I'/mnt/library/IRanges/include' -I'/mnt/library/XVector/include' -I/usr/local/include   -fopenmp -fpic  -g -O2 -fstack-protector-strong -Wformat -Wformat-security -Wdate-time -D_FORTIFY_SOURCE=2 -g  -c Import.c -o Import.o
gcc -I"/usr/local/lib/R/include" -DNDEBUG  -I'/mnt/library/Biostrings/include' -I'/mnt/library/S4Vectors/include' -I'/mnt/library/IRanges/include' -I'/mnt/library/XVector/include' -I/usr/local/include   -fopenmp -fpic  -g -O2 -fstack-protector-strong -Wformat -Wformat-security -Wdate-time -D_FORTIFY_SOURCE=2 -g  -c InformationContent.c -o InformationContent.o
gcc -I"/usr/local/lib/R/include" -DNDEBUG  -I'/mnt/library/Biostrings/include' -I'/mnt/library/S4Vectors/include' -I'/mnt/library/IRanges/include' -I'/mnt/library/XVector/include' -I/usr/local/include   -fopenmp -fpic  -g -O2 -fstack-protector-strong -Wformat -Wformat-security -Wdate-time -D_FORTIFY_SOURCE=2 -g  -c IntDist.c -o IntDist.o
gcc -I"/usr/local/lib/R/include" -DNDEBUG  -I'/mnt/library/Biostrings/include' -I'/mnt/library/S4Vectors/include' -I'/mnt/library/IRanges/include' -I'/mnt/library/XVector/include' -I/usr/local/include   -fopenmp -fpic  -g -O2 -fstack-protector-strong -Wformat -Wformat-security -Wdate-time -D_FORTIFY_SOURCE=2 -g  -c ManipulateXStringSet.c -o ManipulateXStringSet.o
gcc -I"/usr/local/lib/R/include" -DNDEBUG  -I'/mnt/library/Biostrings/include' -I'/mnt/library/S4Vectors/include' -I'/mnt/library/IRanges/include' -I'/mnt/library/XVector/include' -I/usr/local/include   -fopenmp -fpic  -g -O2 -fstack-protector-strong -Wformat -Wformat-security -Wdate-time -D_FORTIFY_SOURCE=2 -g  -c MeltPolymer.c -o MeltPolymer.o
gcc -I"/usr/local/lib/R/include" -DNDEBUG  -I'/mnt/library/Biostrings/include' -I'/mnt/library/S4Vectors/include' -I'/mnt/library/IRanges/include' -I'/mnt/library/XVector/include' -I/usr/local/include   -fopenmp -fpic  -g -O2 -fstack-protector-strong -Wformat -Wformat-security -Wdate-time -D_FORTIFY_SOURCE=2 -g  -c MovingAverage.c -o MovingAverage.o
gcc -I"/usr/local/lib/R/include" -DNDEBUG  -I'/mnt/library/Biostrings/include' -I'/mnt/library/S4Vectors/include' -I'/mnt/library/IRanges/include' -I'/mnt/library/XVector/include' -I/usr/local/include   -fopenmp -fpic  -g -O2 -fstack-protector-strong -Wformat -Wformat-security -Wdate-time -D_FORTIFY_SOURCE=2 -g  -c NNLS.c -o NNLS.o
gcc -I"/usr/local/lib/R/include" -DNDEBUG  -I'/mnt/library/Biostrings/include' -I'/mnt/library/S4Vectors/include' -I'/mnt/library/IRanges/include' -I'/mnt/library/XVector/include' -I/usr/local/include   -fopenmp -fpic  -g -O2 -fstack-protector-strong -Wformat -Wformat-security -Wdate-time -D_FORTIFY_SOURCE=2 -g  -c Order.c -o Order.o
gcc -I"/usr/local/lib/R/include" -DNDEBUG  -I'/mnt/library/Biostrings/include' -I'/mnt/library/S4Vectors/include' -I'/mnt/library/IRanges/include' -I'/mnt/library/XVector/include' -I/usr/local/include   -fopenmp -fpic  -g -O2 -fstack-protector-strong -Wformat -Wformat-security -Wdate-time -D_FORTIFY_SOURCE=2 -g  -c PairwiseAlignment.c -o PairwiseAlignment.o
gcc -I"/usr/local/lib/R/include" -DNDEBUG  -I'/mnt/library/Biostrings/include' -I'/mnt/library/S4Vectors/include' -I'/mnt/library/IRanges/include' -I'/mnt/library/XVector/include' -I/usr/local/include   -fopenmp -fpic  -g -O2 -fstack-protector-strong -Wformat -Wformat-security -Wdate-time -D_FORTIFY_SOURCE=2 -g  -c PredictDBN.c -o PredictDBN.o
gcc -I"/usr/local/lib/R/include" -DNDEBUG  -I'/mnt/library/Biostrings/include' -I'/mnt/library/S4Vectors/include' -I'/mnt/library/IRanges/include' -I'/mnt/library/XVector/include' -I/usr/local/include   -fopenmp -fpic  -g -O2 -fstack-protector-strong -Wformat -Wformat-security -Wdate-time -D_FORTIFY_SOURCE=2 -g  -c PredictHEC.c -o PredictHEC.o
gcc -I"/usr/local/lib/R/include" -DNDEBUG  -I'/mnt/library/Biostrings/include' -I'/mnt/library/S4Vectors/include' -I'/mnt/library/IRanges/include' -I'/mnt/library/XVector/include' -I/usr/local/include   -fopenmp -fpic  -g -O2 -fstack-protector-strong -Wformat -Wformat-security -Wdate-time -D_FORTIFY_SOURCE=2 -g  -c R_init_decipher.c -o R_init_decipher.o
gcc -I"/usr/local/lib/R/include" -DNDEBUG  -I'/mnt/library/Biostrings/include' -I'/mnt/library/S4Vectors/include' -I'/mnt/library/IRanges/include' -I'/mnt/library/XVector/include' -I/usr/local/include   -fopenmp -fpic  -g -O2 -fstack-protector-strong -Wformat -Wformat-security -Wdate-time -D_FORTIFY_SOURCE=2 -g  -c S4Vectors_stubs.c -o S4Vectors_stubs.o
gcc -I"/usr/local/lib/R/include" -DNDEBUG  -I'/mnt/library/Biostrings/include' -I'/mnt/library/S4Vectors/include' -I'/mnt/library/IRanges/include' -I'/mnt/library/XVector/include' -I/usr/local/include   -fopenmp -fpic  -g -O2 -fstack-protector-strong -Wformat -Wformat-security -Wdate-time -D_FORTIFY_SOURCE=2 -g  -c Search.c -o Search.o
gcc -I"/usr/local/lib/R/include" -DNDEBUG  -I'/mnt/library/Biostrings/include' -I'/mnt/library/S4Vectors/include' -I'/mnt/library/IRanges/include' -I'/mnt/library/XVector/include' -I/usr/local/include   -fopenmp -fpic  -g -O2 -fstack-protector-strong -Wformat -Wformat-security -Wdate-time -D_FORTIFY_SOURCE=2 -g  -c TerminalMismatch.c -o TerminalMismatch.o
gcc -I"/usr/local/lib/R/include" -DNDEBUG  -I'/mnt/library/Biostrings/include' -I'/mnt/library/S4Vectors/include' -I'/mnt/library/IRanges/include' -I'/mnt/library/XVector/include' -I/usr/local/include   -fopenmp -fpic  -g -O2 -fstack-protector-strong -Wformat -Wformat-security -Wdate-time -D_FORTIFY_SOURCE=2 -g  -c Translate.c -o Translate.o
gcc -I"/usr/local/lib/R/include" -DNDEBUG  -I'/mnt/library/Biostrings/include' -I'/mnt/library/S4Vectors/include' -I'/mnt/library/IRanges/include' -I'/mnt/library/XVector/include' -I/usr/local/include   -fopenmp -fpic  -g -O2 -fstack-protector-strong -Wformat -Wformat-security -Wdate-time -D_FORTIFY_SOURCE=2 -g  -c Utils.c -o Utils.o
gcc -I"/usr/local/lib/R/include" -DNDEBUG  -I'/mnt/library/Biostrings/include' -I'/mnt/library/S4Vectors/include' -I'/mnt/library/IRanges/include' -I'/mnt/library/XVector/include' -I/usr/local/include   -fopenmp -fpic  -g -O2 -fstack-protector-strong -Wformat -Wformat-security -Wdate-time -D_FORTIFY_SOURCE=2 -g  -c VectorSums.c -o VectorSums.o
gcc -I"/usr/local/lib/R/include" -DNDEBUG  -I'/mnt/library/Biostrings/include' -I'/mnt/library/S4Vectors/include' -I'/mnt/library/IRanges/include' -I'/mnt/library/XVector/include' -I/usr/local/include   -fopenmp -fpic  -g -O2 -fstack-protector-strong -Wformat -Wformat-security -Wdate-time -D_FORTIFY_SOURCE=2 -g  -c XVector_stubs.c -o XVector_stubs.o
gcc -shared -L/usr/local/lib/R/lib -L/usr/local/lib -o DECIPHER.so AlignProfiles.o AssignIndels.o Biostrings_stubs.o CalculateDeltaG.o CalculateFISH.o ChainSegments.o Cluster.o ClusterME.o ClusterML.o ClusterMP.o Compositions.o Compression.o ConsensusSequence.o DesignProbes.o Diff.o DistanceMatrix.o EnumerateSequence.o ExpandAmbiguities.o FindFrameshifts.o GeneFinding.o GetPools.o Import.o InformationContent.o IntDist.o ManipulateXStringSet.o MeltPolymer.o MovingAverage.o NNLS.o Order.o PairwiseAlignment.o PredictDBN.o PredictHEC.o R_init_decipher.o S4Vectors_stubs.o Search.o TerminalMismatch.o Translate.o Utils.o VectorSums.o XVector_stubs.o -fopenmp -L/usr/local/lib/R/lib -lR
installing to /mnt/library/00LOCK-DECIPHER/00new/DECIPHER/libs
** R
** data
** inst
** byte-compile and prepare package for lazy loading
** help
*** installing help indices
** building package indices
** installing vignettes
** testing if installed package can be loaded from temporary location
** checking absolute paths in shared objects and dynamic libraries
** testing if installed package can be loaded from final location
** testing if installed package keeps a record of temporary installation path
* creating tarball
packaged installation of ‘DECIPHER’ as ‘DECIPHER_3.2.0_R_x86_64-pc-linux-gnu.tar.gz’
* DONE (DECIPHER)
* installing *source* package ‘DirichletMultinomial’ ...
** package ‘DirichletMultinomial’ successfully unpacked and MD5 sums checked
** using staged installation
** libs
using C compiler: ‘gcc (Ubuntu 13.3.0-6ubuntu2~24.04) 13.3.0’
gcc -I"/usr/local/lib/R/include" -DNDEBUG   -I/usr/local/include   `gsl-config --cflags` -DR_DIRICHLETMULTINOMIAL -fpic  -g -O2 -fstack-protector-strong -Wformat -Wformat-security -Wdate-time -D_FORTIFY_SOURCE=2 -g  -c R_init_DirichletMultinomial.c -o R_init_DirichletMultinomial.o
gcc -I"/usr/local/lib/R/include" -DNDEBUG   -I/usr/local/include   `gsl-config --cflags` -DR_DIRICHLETMULTINOMIAL -fpic  -g -O2 -fstack-protector-strong -Wformat -Wformat-security -Wdate-time -D_FORTIFY_SOURCE=2 -g  -c dirichlet_fit.c -o dirichlet_fit.o
gcc -I"/usr/local/lib/R/include" -DNDEBUG   -I/usr/local/include   `gsl-config --cflags` -DR_DIRICHLETMULTINOMIAL -fpic  -g -O2 -fstack-protector-strong -Wformat -Wformat-security -Wdate-time -D_FORTIFY_SOURCE=2 -g  -c dirichlet_fit_main.c -o dirichlet_fit_main.o
gcc -shared -L/usr/local/lib/R/lib -L/usr/local/lib -o DirichletMultinomial.so R_init_DirichletMultinomial.o dirichlet_fit.o dirichlet_fit_main.o -L/usr/lib/x86_64-linux-gnu -lgsl -lgslcblas -lm -L/usr/local/lib/R/lib -lR
installing to /mnt/library/00LOCK-DirichletMultinomial/00new/DirichletMultinomial/libs
** R
** data
** inst
** byte-compile and prepare package for lazy loading
** help
*** installing help indices
** building package indices
** installing vignettes
** testing if installed package can be loaded from temporary location
** checking absolute paths in shared objects and dynamic libraries
** testing if installed package can be loaded from final location
** testing if installed package keeps a record of temporary installation path
* creating tarball
packaged installation of ‘DirichletMultinomial’ as ‘DirichletMultinomial_1.48.0_R_x86_64-pc-linux-gnu.tar.gz’
* DONE (DirichletMultinomial)
* installing *source* package ‘GenomicDataCommons’ ...
** package ‘GenomicDataCommons’ successfully unpacked and MD5 sums checked
** using staged installation
** R
** inst
** byte-compile and prepare package for lazy loading
** help
*** installing help indices
** building package indices
** installing vignettes
** testing if installed package can be loaded from temporary location
** testing if installed package can be loaded from final location
** testing if installed package keeps a record of temporary installation path
* creating tarball
packaged installation of ‘GenomicDataCommons’ as ‘GenomicDataCommons_1.30.1_R_x86_64-pc-linux-gnu.tar.gz’
* DONE (GenomicDataCommons)
* installing *source* package ‘TreeSummarizedExperiment’ ...
** package ‘TreeSummarizedExperiment’ successfully unpacked and MD5 sums checked
** using staged installation
** R
** data
*** moving datasets to lazyload DB
** inst
** byte-compile and prepare package for lazy loading
** help
*** installing help indices
** building package indices
** installing vignettes
** testing if installed package can be loaded from temporary location
** testing if installed package can be loaded from final location
** testing if installed package keeps a record of temporary installation path
* creating tarball
packaged installation of ‘TreeSummarizedExperiment’ as ‘TreeSummarizedExperiment_2.14.0_R_x86_64-pc-linux-gnu.tar.gz’
* DONE (TreeSummarizedExperiment)
* installing *source* package ‘RaggedExperiment’ ...
** package ‘RaggedExperiment’ successfully unpacked and MD5 sums checked
** using staged installation
** R
** inst
** byte-compile and prepare package for lazy loading
** help
*** installing help indices
** building package indices
** installing vignettes
** testing if installed package can be loaded from temporary location
** testing if installed package can be loaded from final location
** testing if installed package keeps a record of temporary installation path
* creating tarball
packaged installation of ‘RaggedExperiment’ as ‘RaggedExperiment_1.30.0_R_x86_64-pc-linux-gnu.tar.gz’
* DONE (RaggedExperiment)
* installing *source* package ‘OmicsMLRepoR’ ...
** package ‘OmicsMLRepoR’ successfully unpacked and MD5 sums checked
** using staged installation
** R
** data
** inst
** byte-compile and prepare package for lazy loading
** help
*** installing help indices
** building package indices
** installing vignettes
** testing if installed package can be loaded from temporary location
** testing if installed package can be loaded from final location
** testing if installed package keeps a record of temporary installation path
* creating tarball
packaged installation of ‘OmicsMLRepoR’ as ‘OmicsMLRepoR_1.0.0_R_x86_64-pc-linux-gnu.tar.gz’
* DONE (OmicsMLRepoR)
* installing *source* package ‘BiocSingular’ ...
** package ‘BiocSingular’ successfully unpacked and MD5 sums checked
** using staged installation
** libs
using C++ compiler: ‘g++ (Ubuntu 13.3.0-6ubuntu2~24.04) 13.3.0’
using C++17
g++ -std=gnu++17 -I"/usr/local/lib/R/include" -DNDEBUG  -I'/usr/local/lib/R/site-library/Rcpp/include' -I'/mnt/library/beachmat/include' -I'/mnt/library/assorthead/include' -I/usr/local/include    -fpic  -g -O2 -fstack-protector-strong -Wformat -Wformat-security -Wdate-time -D_FORTIFY_SOURCE=2 -g  -DR_NO_REMAP -c RcppExports.cpp -o RcppExports.o
g++ -std=gnu++17 -I"/usr/local/lib/R/include" -DNDEBUG  -I'/usr/local/lib/R/site-library/Rcpp/include' -I'/mnt/library/beachmat/include' -I'/mnt/library/assorthead/include' -I/usr/local/include    -fpic  -g -O2 -fstack-protector-strong -Wformat -Wformat-security -Wdate-time -D_FORTIFY_SOURCE=2 -g  -DR_NO_REMAP -c compute_scale.cpp -o compute_scale.o
g++ -std=gnu++17 -shared -L/usr/local/lib/R/lib -L/usr/local/lib -o BiocSingular.so RcppExports.o compute_scale.o -L/usr/local/lib/R/lib -lR
installing to /mnt/library/00LOCK-BiocSingular/00new/BiocSingular/libs
** R
** inst
** byte-compile and prepare package for lazy loading
Error in loadNamespace(i, c(lib.loc, .libPaths()), versionCheck = vI[[i]]) : 
  there is no package called ‘IRanges’
Calls: <Anonymous> ... loadNamespace -> withRestarts -> withOneRestart -> doWithOneRestart
Execution halted
ERROR: lazy loading failed for package ‘BiocSingular’
* removing ‘/mnt/library/BiocSingular’
* installing *source* package ‘scuttle’ ...
** package ‘scuttle’ successfully unpacked and MD5 sums checked
** using staged installation
** libs
using C++ compiler: ‘g++ (Ubuntu 13.3.0-6ubuntu2~24.04) 13.3.0’
using C++11
g++ -std=gnu++11 -I"/usr/local/lib/R/include" -DNDEBUG -I../inst/include/ -I'/usr/local/lib/R/site-library/Rcpp/include' -I'/mnt/library/beachmat/include' -I/usr/local/include    -fpic  -g -O2 -fstack-protector-strong -Wformat -Wformat-security -Wdate-time -D_FORTIFY_SOURCE=2 -g  -DR_NO_REMAP -c RcppExports.cpp -o RcppExports.o
g++ -std=gnu++11 -I"/usr/local/lib/R/include" -DNDEBUG -I../inst/include/ -I'/usr/local/lib/R/site-library/Rcpp/include' -I'/mnt/library/beachmat/include' -I/usr/local/include    -fpic  -g -O2 -fstack-protector-strong -Wformat -Wformat-security -Wdate-time -D_FORTIFY_SOURCE=2 -g  -DR_NO_REMAP -c cumulative_prop.cpp -o cumulative_prop.o
g++ -std=gnu++11 -I"/usr/local/lib/R/include" -DNDEBUG -I../inst/include/ -I'/usr/local/lib/R/site-library/Rcpp/include' -I'/mnt/library/beachmat/include' -I/usr/local/include    -fpic  -g -O2 -fstack-protector-strong -Wformat -Wformat-security -Wdate-time -D_FORTIFY_SOURCE=2 -g  -DR_NO_REMAP -c downsample_counts.cpp -o downsample_counts.o
g++ -std=gnu++11 -I"/usr/local/lib/R/include" -DNDEBUG -I../inst/include/ -I'/usr/local/lib/R/site-library/Rcpp/include' -I'/mnt/library/beachmat/include' -I/usr/local/include    -fpic  -g -O2 -fstack-protector-strong -Wformat -Wformat-security -Wdate-time -D_FORTIFY_SOURCE=2 -g  -DR_NO_REMAP -c fit_linear_model.cpp -o fit_linear_model.o
g++ -std=gnu++11 -I"/usr/local/lib/R/include" -DNDEBUG -I../inst/include/ -I'/usr/local/lib/R/site-library/Rcpp/include' -I'/mnt/library/beachmat/include' -I/usr/local/include    -fpic  -g -O2 -fstack-protector-strong -Wformat -Wformat-security -Wdate-time -D_FORTIFY_SOURCE=2 -g  -DR_NO_REMAP -c pool_size_factors.cpp -o pool_size_factors.o
g++ -std=gnu++11 -I"/usr/local/lib/R/include" -DNDEBUG -I../inst/include/ -I'/usr/local/lib/R/site-library/Rcpp/include' -I'/mnt/library/beachmat/include' -I/usr/local/include    -fpic  -g -O2 -fstack-protector-strong -Wformat -Wformat-security -Wdate-time -D_FORTIFY_SOURCE=2 -g  -DR_NO_REMAP -c sparse_summarize.cpp -o sparse_summarize.o
g++ -std=gnu++11 -I"/usr/local/lib/R/include" -DNDEBUG -I../inst/include/ -I'/usr/local/lib/R/site-library/Rcpp/include' -I'/mnt/library/beachmat/include' -I/usr/local/include    -fpic  -g -O2 -fstack-protector-strong -Wformat -Wformat-security -Wdate-time -D_FORTIFY_SOURCE=2 -g  -DR_NO_REMAP -c sum_counts.cpp -o sum_counts.o
g++ -std=gnu++11 -I"/usr/local/lib/R/include" -DNDEBUG -I../inst/include/ -I'/usr/local/lib/R/site-library/Rcpp/include' -I'/mnt/library/beachmat/include' -I/usr/local/include    -fpic  -g -O2 -fstack-protector-strong -Wformat -Wformat-security -Wdate-time -D_FORTIFY_SOURCE=2 -g  -DR_NO_REMAP -c utils.cpp -o utils.o
g++ -std=gnu++11 -shared -L/usr/local/lib/R/lib -L/usr/local/lib -o scuttle.so RcppExports.o cumulative_prop.o downsample_counts.o fit_linear_model.o pool_size_factors.o sparse_summarize.o sum_counts.o utils.o -llapack -lblas -lgfortran -lm -lquadmath -L/usr/local/lib/R/lib -lR
installing to /mnt/library/00LOCK-scuttle/00new/scuttle/libs
** R
** inst
** byte-compile and prepare package for lazy loading
Error: package ‘IRanges’ required by ‘GenomicRanges’ could not be found
Execution halted
ERROR: lazy loading failed for package ‘scuttle’
* removing ‘/mnt/library/scuttle’
ERROR: dependency ‘IRanges’ is not available for package ‘TCGAutils’
* removing ‘/mnt/library/TCGAutils’
ERROR: dependencies ‘scuttle’, ‘BiocSingular’ are not available for package ‘scater’
* removing ‘/mnt/library/scater’
ERROR: dependency ‘TCGAutils’ is not available for package ‘RTCGAToolbox’
* removing ‘/mnt/library/RTCGAToolbox’
ERROR: dependencies ‘DirichletMultinomial’, ‘IRanges’, ‘scater’, ‘scuttle’ are not available for package ‘mia’
* removing ‘/mnt/library/mia’
ERROR: dependencies ‘IRanges’, ‘RTCGAToolbox’, ‘TCGAutils’ are not available for package ‘cBioPortalData’
* removing ‘/mnt/library/cBioPortalData’
ERROR: dependency ‘mia’ is not available for package ‘curatedMetagenomicData’
* removing ‘/mnt/library/curatedMetagenomicData’

The downloaded source packages are in
	‘/tmp/Rtmpgg8ipp/downloaded_packages’
Old packages: 'bslib', 'cli', 'curl', 'evaluate', 'httr2', 'jsonlite',
  'openssl', 'pillar', 'pkgbuild', 'processx', 'ps', 'purrr', 'R6', 'Rcpp',
  'rlang', 'sessioninfo', 'systemfonts', 'testthat', 'textshaping', 'tinytex',
  'xfun', 'zip', 'class', 'foreign', 'KernSmooth', 'MASS', 'Matrix', 'nlme',
  'nnet', 'rpart', 'spatial'
Warning messages:
1: In install.packages(...) :
  installation of package ‘beachmat’ had non-zero exit status
2: In install.packages(...) :
  installation of package ‘BiocSingular’ had non-zero exit status
3: In install.packages(...) :
  installation of package ‘scuttle’ had non-zero exit status
4: In install.packages(...) :
  installation of package ‘TCGAutils’ had non-zero exit status
5: In install.packages(...) :
  installation of package ‘scater’ had non-zero exit status
6: In install.packages(...) :
  installation of package ‘RTCGAToolbox’ had non-zero exit status
7: In install.packages(...) :
  installation of package ‘mia’ had non-zero exit status
8: In install.packages(...) :
  installation of package ‘cBioPortalData’ had non-zero exit status
9: In install.packages(...) :
  installation of package ‘curatedMetagenomicData’ had non-zero exit status

real	3m46.900s
user	2m32.095s
sys	0m21.362s
