'getOption("repos")' replaces Bioconductor standard repositories, see
'help("repositories", package = "BiocManager")' for details.
Replacement repositories:
    CRAN: https://p3m.dev/cran/__linux__/noble/latest
Bioconductor version 3.20 (BiocManager 1.30.25), R 4.4.2 (2024-10-31)
Installing package(s) 'epistasisGA'
trying URL 'https://bioconductor.org/packages/3.20/bioc/src/contrib/epistasisGA_1.8.0.tar.gz'
Content type 'application/x-gzip' length 2130916 bytes (2.0 MB)
==================================================
downloaded 2.0 MB

* installing *source* package ‘epistasisGA’ ...
** package ‘epistasisGA’ successfully unpacked and MD5 sums checked
** using staged installation
** libs
using C++ compiler: ‘g++ (Ubuntu 13.3.0-6ubuntu2~24.04) 13.3.0’
g++ -std=gnu++17 -I"/usr/local/lib/R/include" -DNDEBUG  -I'/usr/local/lib/R/site-library/Rcpp/include' -I'/mnt/library/RcppArmadillo/include' -I'/mnt/library/BH/include' -I'/mnt/library/bigmemory/include' -I/usr/local/include    -fpic  -g -O2 -fstack-protector-strong -Wformat -Wformat-security -Wdate-time -D_FORTIFY_SOURCE=2 -g  -DR_NO_REMAP -c RcppExports.cpp -o RcppExports.o
g++ -std=gnu++17 -I"/usr/local/lib/R/include" -DNDEBUG  -I'/usr/local/lib/R/site-library/Rcpp/include' -I'/mnt/library/RcppArmadillo/include' -I'/mnt/library/BH/include' -I'/mnt/library/bigmemory/include' -I/usr/local/include    -fpic  -g -O2 -fstack-protector-strong -Wformat -Wformat-security -Wdate-time -D_FORTIFY_SOURCE=2 -g  -DR_NO_REMAP -c epistasisGA.cpp -o epistasisGA.o
In file included from /mnt/library/BH/include/boost/smart_ptr/shared_ptr.hpp:17,
                 from /mnt/library/BH/include/boost/shared_ptr.hpp:17,
                 from /mnt/library/bigmemory/include/bigmemory/BigMatrix.h:10,
                 from epistasisGA.cpp:7:
/mnt/library/BH/include/boost/smart_ptr/detail/shared_count.hpp:326:33: warning: ‘template<class> class std::auto_ptr’ is deprecated: use 'std::unique_ptr' instead [-Wdeprecated-declarations]
  326 |     explicit shared_count( std::auto_ptr<Y> & r ): pi_( new sp_counted_impl_p<Y>( r.get() ) )
      |                                 ^~~~~~~~
In file included from /usr/include/c++/13/memory:78,
                 from /mnt/library/RcppArmadillo/include/armadillo:38,
                 from /mnt/library/RcppArmadillo/include/RcppArmadillo/interface/RcppArmadilloForward.h:58,
                 from /mnt/library/RcppArmadillo/include/RcppArmadillo.h:29,
                 from epistasisGA.cpp:1:
/usr/include/c++/13/bits/unique_ptr.h:65:28: note: declared here
   65 |   template<typename> class auto_ptr;
      |                            ^~~~~~~~
/mnt/library/BH/include/boost/smart_ptr/shared_ptr.hpp:354:31: warning: ‘template<class> class std::auto_ptr’ is deprecated: use 'std::unique_ptr' instead [-Wdeprecated-declarations]
  354 |     explicit shared_ptr( std::auto_ptr<Y> & r ): px(r.get()), pn()
      |                               ^~~~~~~~
/usr/include/c++/13/bits/unique_ptr.h:65:28: note: declared here
   65 |   template<typename> class auto_ptr;
      |                            ^~~~~~~~
/mnt/library/BH/include/boost/smart_ptr/shared_ptr.hpp:365:22: warning: ‘template<class> class std::auto_ptr’ is deprecated: use 'std::unique_ptr' instead [-Wdeprecated-declarations]
  365 |     shared_ptr( std::auto_ptr<Y> && r ): px(r.get()), pn()
      |                      ^~~~~~~~
/usr/include/c++/13/bits/unique_ptr.h:65:28: note: declared here
   65 |   template<typename> class auto_ptr;
      |                            ^~~~~~~~
/mnt/library/BH/include/boost/smart_ptr/shared_ptr.hpp:423:34: warning: ‘template<class> class std::auto_ptr’ is deprecated: use 'std::unique_ptr' instead [-Wdeprecated-declarations]
  423 |     shared_ptr & operator=( std::auto_ptr<Y> & r )
      |                                  ^~~~~~~~
/usr/include/c++/13/bits/unique_ptr.h:65:28: note: declared here
   65 |   template<typename> class auto_ptr;
      |                            ^~~~~~~~
/mnt/library/BH/include/boost/smart_ptr/shared_ptr.hpp:430:34: warning: ‘template<class> class std::auto_ptr’ is deprecated: use 'std::unique_ptr' instead [-Wdeprecated-declarations]
  430 |     shared_ptr & operator=( std::auto_ptr<Y> && r )
      |                                  ^~~~~~~~
/usr/include/c++/13/bits/unique_ptr.h:65:28: note: declared here
   65 |   template<typename> class auto_ptr;
      |                            ^~~~~~~~
/mnt/library/BH/include/boost/smart_ptr/shared_ptr.hpp: In member function ‘boost::shared_ptr<T>& boost::shared_ptr<T>::operator=(std::auto_ptr<_Up>&&)’:
/mnt/library/BH/include/boost/smart_ptr/shared_ptr.hpp:432:38: warning: ‘template<class> class std::auto_ptr’ is deprecated: use 'std::unique_ptr' instead [-Wdeprecated-declarations]
  432 |         this_type( static_cast< std::auto_ptr<Y> && >( r ) ).swap( *this );
      |                                      ^~~~~~~~
/usr/include/c++/13/bits/unique_ptr.h:65:28: note: declared here
   65 |   template<typename> class auto_ptr;
      |                            ^~~~~~~~
g++ -std=gnu++17 -shared -L/usr/local/lib/R/lib -L/usr/local/lib -o epistasisGA.so RcppExports.o epistasisGA.o -llapack -lblas -lgfortran -lm -lquadmath -L/usr/local/lib/R/lib -lR
installing to /mnt/library/00LOCK-epistasisGA/00new/epistasisGA/libs
** R
** data
** inst
** byte-compile and prepare package for lazy loading
** help
*** installing help indices
** building package indices
** installing vignettes
** testing if installed package can be loaded from temporary location
** checking absolute paths in shared objects and dynamic libraries
** testing if installed package can be loaded from final location
** testing if installed package keeps a record of temporary installation path
* creating tarball
packaged installation of ‘epistasisGA’ as ‘epistasisGA_1.8.0_R_x86_64-pc-linux-gnu.tar.gz’
* DONE (epistasisGA)

The downloaded source packages are in
	‘/tmp/Rtmp5jfdQe/downloaded_packages’
Old packages: 'bslib', 'cli', 'curl', 'evaluate', 'httr2', 'jsonlite',
  'openssl', 'pillar', 'pkgbuild', 'processx', 'ps', 'purrr', 'R6', 'Rcpp',
  'rlang', 'sessioninfo', 'systemfonts', 'testthat', 'textshaping', 'tinytex',
  'xfun', 'zip', 'class', 'foreign', 'KernSmooth', 'MASS', 'Matrix', 'nlme',
  'nnet', 'rpart', 'spatial'

real	9m34.496s
user	0m46.053s
sys	0m6.719s
