'getOption("repos")' replaces Bioconductor standard repositories, see
'help("repositories", package = "BiocManager")' for details.
Replacement repositories:
    CRAN: https://p3m.dev/cran/__linux__/noble/latest
Bioconductor version 3.20 (BiocManager 1.30.25), R 4.4.2 (2024-10-31)
Installing package(s) 'OncoSimulR'
also installing the dependencies ‘smatr’, ‘Oncotree’

trying URL 'https://p3m.dev/cran/__linux__/noble/latest/src/contrib/smatr_3.4-8.tar.gz'
Content type 'binary/octet-stream' length 216049 bytes (210 KB)
==================================================
downloaded 210 KB

trying URL 'https://p3m.dev/cran/__linux__/noble/latest/src/contrib/Oncotree_0.3.5.tar.gz'
Content type 'binary/octet-stream' length 432016 bytes (421 KB)
==================================================
downloaded 421 KB

trying URL 'https://bioconductor.org/packages/3.20/bioc/src/contrib/OncoSimulR_4.8.0.tar.gz'
Content type 'application/x-gzip' length 8712779 bytes (8.3 MB)
==================================================
downloaded 8.3 MB

* installing *binary* package ‘smatr’ ...
* ‘smatr’ was already a binary package and will not be rebuilt
* creating tarball
packaged installation of ‘smatr’ as ‘smatr_3.4-8_R_x86_64-pc-linux-gnu.tar.gz’
* DONE (smatr)
* installing *binary* package ‘Oncotree’ ...
* ‘Oncotree’ was already a binary package and will not be rebuilt
* creating tarball
packaged installation of ‘Oncotree’ as ‘Oncotree_0.3.5_R_x86_64-pc-linux-gnu.tar.gz’
* DONE (Oncotree)
* installing *source* package ‘OncoSimulR’ ...
** package ‘OncoSimulR’ successfully unpacked and MD5 sums checked
** using staged installation
** libs
using C compiler: ‘gcc (Ubuntu 13.3.0-6ubuntu2~24.04) 13.3.0’
using C++ compiler: ‘g++ (Ubuntu 13.3.0-6ubuntu2~24.04) 13.3.0’
gcc -I"/usr/local/lib/R/include" -DNDEBUG  -I'/usr/local/lib/R/site-library/Rcpp/include' -I/usr/local/include    -fpic  -g -O2 -fstack-protector-strong -Wformat -Wformat-security -Wdate-time -D_FORTIFY_SOURCE=2 -g  -c FitnessLandscape/gamma.c -o FitnessLandscape/gamma.o
gcc -I"/usr/local/lib/R/include" -DNDEBUG  -I'/usr/local/lib/R/site-library/Rcpp/include' -I/usr/local/include    -fpic  -g -O2 -fstack-protector-strong -Wformat -Wformat-security -Wdate-time -D_FORTIFY_SOURCE=2 -g  -c FitnessLandscape/landscape.c -o FitnessLandscape/landscape.o
gcc -I"/usr/local/lib/R/include" -DNDEBUG  -I'/usr/local/lib/R/site-library/Rcpp/include' -I/usr/local/include    -fpic  -g -O2 -fstack-protector-strong -Wformat -Wformat-security -Wdate-time -D_FORTIFY_SOURCE=2 -g  -c FitnessLandscape/random.c -o FitnessLandscape/random.o
gcc -I"/usr/local/lib/R/include" -DNDEBUG  -I'/usr/local/lib/R/site-library/Rcpp/include' -I/usr/local/include    -fpic  -g -O2 -fstack-protector-strong -Wformat -Wformat-security -Wdate-time -D_FORTIFY_SOURCE=2 -g  -c FitnessLandscape/sort.c -o FitnessLandscape/sort.o
gcc -I"/usr/local/lib/R/include" -DNDEBUG  -I'/usr/local/lib/R/site-library/Rcpp/include' -I/usr/local/include    -fpic  -g -O2 -fstack-protector-strong -Wformat -Wformat-security -Wdate-time -D_FORTIFY_SOURCE=2 -g  -c FitnessLandscape/chain.c -o FitnessLandscape/chain.o
gcc -I"/usr/local/lib/R/include" -DNDEBUG  -I'/usr/local/lib/R/site-library/Rcpp/include' -I/usr/local/include    -fpic  -g -O2 -fstack-protector-strong -Wformat -Wformat-security -Wdate-time -D_FORTIFY_SOURCE=2 -g  -c FitnessLandscape/input.c -o FitnessLandscape/input.o
gcc -I"/usr/local/lib/R/include" -DNDEBUG  -I'/usr/local/lib/R/site-library/Rcpp/include' -I/usr/local/include    -fpic  -g -O2 -fstack-protector-strong -Wformat -Wformat-security -Wdate-time -D_FORTIFY_SOURCE=2 -g  -c FitnessLandscape/genotypes.c -o FitnessLandscape/genotypes.o
gcc -I"/usr/local/lib/R/include" -DNDEBUG  -I'/usr/local/lib/R/site-library/Rcpp/include' -I/usr/local/include    -fpic  -g -O2 -fstack-protector-strong -Wformat -Wformat-security -Wdate-time -D_FORTIFY_SOURCE=2 -g  -c FitnessLandscape/ordered_pairs.c -o FitnessLandscape/ordered_pairs.o
gcc -I"/usr/local/lib/R/include" -DNDEBUG  -I'/usr/local/lib/R/site-library/Rcpp/include' -I/usr/local/include    -fpic  -g -O2 -fstack-protector-strong -Wformat -Wformat-security -Wdate-time -D_FORTIFY_SOURCE=2 -g  -c FitnessLandscape/calculus.c -o FitnessLandscape/calculus.o
gcc -I"/usr/local/lib/R/include" -DNDEBUG  -I'/usr/local/lib/R/site-library/Rcpp/include' -I/usr/local/include    -fpic  -g -O2 -fstack-protector-strong -Wformat -Wformat-security -Wdate-time -D_FORTIFY_SOURCE=2 -g  -c FitnessLandscape/vector.c -o FitnessLandscape/vector.o
gcc -I"/usr/local/lib/R/include" -DNDEBUG  -I'/usr/local/lib/R/site-library/Rcpp/include' -I/usr/local/include    -fpic  -g -O2 -fstack-protector-strong -Wformat -Wformat-security -Wdate-time -D_FORTIFY_SOURCE=2 -g  -c FitnessLandscape/generalized_chain.c -o FitnessLandscape/generalized_chain.o
gcc -I"/usr/local/lib/R/include" -DNDEBUG  -I'/usr/local/lib/R/site-library/Rcpp/include' -I/usr/local/include    -fpic  -g -O2 -fstack-protector-strong -Wformat -Wformat-security -Wdate-time -D_FORTIFY_SOURCE=2 -g  -c FitnessLandscape/LinearAlgebra.c -o FitnessLandscape/LinearAlgebra.o
gcc -I"/usr/local/lib/R/include" -DNDEBUG  -I'/usr/local/lib/R/site-library/Rcpp/include' -I/usr/local/include    -fpic  -g -O2 -fstack-protector-strong -Wformat -Wformat-security -Wdate-time -D_FORTIFY_SOURCE=2 -g  -c FitnessLandscape/summary_statistics.c -o FitnessLandscape/summary_statistics.o
gcc -I"/usr/local/lib/R/include" -DNDEBUG  -I'/usr/local/lib/R/site-library/Rcpp/include' -I/usr/local/include    -fpic  -g -O2 -fstack-protector-strong -Wformat -Wformat-security -Wdate-time -D_FORTIFY_SOURCE=2 -g  -c FitnessLandscape/epistasis_type.c -o FitnessLandscape/epistasis_type.o
gcc -I"/usr/local/lib/R/include" -DNDEBUG  -I'/usr/local/lib/R/site-library/Rcpp/include' -I/usr/local/include    -fpic  -g -O2 -fstack-protector-strong -Wformat -Wformat-security -Wdate-time -D_FORTIFY_SOURCE=2 -g  -c FitnessLandscape/decomposition.c -o FitnessLandscape/decomposition.o
gcc -I"/usr/local/lib/R/include" -DNDEBUG  -I'/usr/local/lib/R/site-library/Rcpp/include' -I/usr/local/include    -fpic  -g -O2 -fstack-protector-strong -Wformat -Wformat-security -Wdate-time -D_FORTIFY_SOURCE=2 -g  -c FitnessLandscape/models.c -o FitnessLandscape/models.o
gcc -I"/usr/local/lib/R/include" -DNDEBUG  -I'/usr/local/lib/R/site-library/Rcpp/include' -I/usr/local/include    -fpic  -g -O2 -fstack-protector-strong -Wformat -Wformat-security -Wdate-time -D_FORTIFY_SOURCE=2 -g  -c FitnessLandscape/verbose.c -o FitnessLandscape/verbose.o
ar -r liblandscape.a FitnessLandscape/gamma.o FitnessLandscape/landscape.o FitnessLandscape/random.o FitnessLandscape/sort.o FitnessLandscape/chain.o FitnessLandscape/input.o FitnessLandscape/genotypes.o FitnessLandscape/ordered_pairs.o FitnessLandscape/calculus.o FitnessLandscape/vector.o FitnessLandscape/generalized_chain.o FitnessLandscape/LinearAlgebra.o FitnessLandscape/summary_statistics.o FitnessLandscape/epistasis_type.o FitnessLandscape/decomposition.o FitnessLandscape/models.o FitnessLandscape/verbose.o ;
ar: creating liblandscape.a
ranlib liblandscape.a;
gcc -O -Wall -o fl_statistics -I/FitnessLandscape/. -L. FitnessLandscape/main_fl_statistics.c -llandscape -lm;
gcc -O -Wall -o fl_generate -I/FitnessLandscape/. -L. FitnessLandscape/main_fl_generate.c -llandscape -lm;
gcc -I"/usr/local/lib/R/include" -DNDEBUG  -I'/usr/local/lib/R/site-library/Rcpp/include' -I/usr/local/include    -fpic  -g -O2 -fstack-protector-strong -Wformat -Wformat-security -Wdate-time -D_FORTIFY_SOURCE=2 -g  -c OncoSimulR_init.c -o OncoSimulR_init.o
g++ -std=gnu++17 -I"/usr/local/lib/R/include" -DNDEBUG  -I'/usr/local/lib/R/site-library/Rcpp/include' -I/usr/local/include    -fpic  -g -O2 -fstack-protector-strong -Wformat -Wformat-security -Wdate-time -D_FORTIFY_SOURCE=2 -g  -DR_NO_REMAP -c RcppExports.cpp -o RcppExports.o
g++ -std=gnu++17 -I"/usr/local/lib/R/include" -DNDEBUG  -I'/usr/local/lib/R/site-library/Rcpp/include' -I/usr/local/include    -fpic  -g -O2 -fstack-protector-strong -Wformat -Wformat-security -Wdate-time -D_FORTIFY_SOURCE=2 -g  -DR_NO_REMAP -c unity_osimul.cpp -o unity_osimul.o
g++ -std=gnu++17 -shared -L/usr/local/lib/R/lib -L/usr/local/lib -o OncoSimulR.so OncoSimulR_init.o RcppExports.o unity_osimul.o -L/usr/local/lib/R/lib -lR
installing via 'install.libs.R' to /mnt/library/00LOCK-OncoSimulR/00new/OncoSimulR
[1] ""
Installing fl_statistics fl_generate to /mnt/library/00LOCK-OncoSimulR/00new/OncoSimulR/exec
Installing library OncoSimulR.so to /mnt/library/00LOCK-OncoSimulR/00new/OncoSimulR/libs
** R
** data
** inst
** byte-compile and prepare package for lazy loading
** help
*** installing help indices
** building package indices
** installing vignettes
** testing if installed package can be loaded from temporary location
** checking absolute paths in shared objects and dynamic libraries
** testing if installed package can be loaded from final location
** testing if installed package keeps a record of temporary installation path
* creating tarball
packaged installation of ‘OncoSimulR’ as ‘OncoSimulR_4.8.0_R_x86_64-pc-linux-gnu.tar.gz’
* DONE (OncoSimulR)

The downloaded source packages are in
	‘/tmp/RtmpqKPJAI/downloaded_packages’
Old packages: 'bslib', 'cli', 'curl', 'evaluate', 'httr2', 'jsonlite',
  'openssl', 'pillar', 'pkgbuild', 'processx', 'ps', 'purrr', 'R6', 'Rcpp',
  'rlang', 'sessioninfo', 'systemfonts', 'testthat', 'textshaping', 'tinytex',
  'xfun', 'zip', 'class', 'foreign', 'KernSmooth', 'MASS', 'Matrix', 'nlme',
  'nnet', 'rpart', 'spatial'

real	2m33.797s
user	2m7.259s
sys	0m10.397s
