'getOption("repos")' replaces Bioconductor standard repositories, see
'help("repositories", package = "BiocManager")' for details.
Replacement repositories:
    CRAN: https://p3m.dev/cran/__linux__/noble/latest
Bioconductor version 3.20 (BiocManager 1.30.25), R 4.4.2 (2024-10-31)
Installing package(s) 'tricycle'
also installing the dependencies ‘circular’, ‘CircStats’

trying URL 'https://p3m.dev/cran/__linux__/noble/latest/src/contrib/circular_0.5-1.tar.gz'
Content type 'binary/octet-stream' length 837219 bytes (817 KB)
==================================================
downloaded 817 KB

trying URL 'https://p3m.dev/cran/__linux__/noble/latest/src/contrib/CircStats_0.2-6.tar.gz'
Content type 'binary/octet-stream' length 175428 bytes (171 KB)
==================================================
downloaded 171 KB

trying URL 'https://bioconductor.org/packages/3.20/bioc/src/contrib/tricycle_1.14.0.tar.gz'
Content type 'application/x-gzip' length 4389955 bytes (4.2 MB)
==================================================
downloaded 4.2 MB

* installing *binary* package ‘circular’ ...
* ‘circular’ was already a binary package and will not be rebuilt
* creating tarball
packaged installation of ‘circular’ as ‘circular_0.5-1_R_x86_64-pc-linux-gnu.tar.gz’
* DONE (circular)
* installing *binary* package ‘CircStats’ ...
* ‘CircStats’ was already a binary package and will not be rebuilt
* creating tarball
packaged installation of ‘CircStats’ as ‘CircStats_0.2-6_R_x86_64-pc-linux-gnu.tar.gz’
* DONE (CircStats)
* installing *source* package ‘tricycle’ ...
** package ‘tricycle’ successfully unpacked and MD5 sums checked
** using staged installation
** R
** data
** inst
** byte-compile and prepare package for lazy loading
** help
*** installing help indices
*** copying figures
** building package indices
** installing vignettes
** testing if installed package can be loaded from temporary location
** testing if installed package can be loaded from final location
** testing if installed package keeps a record of temporary installation path
* creating tarball
packaged installation of ‘tricycle’ as ‘tricycle_1.14.0_R_x86_64-pc-linux-gnu.tar.gz’
* DONE (tricycle)

The downloaded source packages are in
	‘/tmp/RtmppANeO5/downloaded_packages’
Old packages: 'bslib', 'cli', 'curl', 'evaluate', 'httr2', 'jsonlite',
  'openssl', 'pillar', 'pkgbuild', 'processx', 'ps', 'purrr', 'R6', 'Rcpp',
  'rlang', 'sessioninfo', 'systemfonts', 'testthat', 'textshaping', 'tinytex',
  'xfun', 'zip', 'class', 'foreign', 'KernSmooth', 'MASS', 'Matrix', 'nlme',
  'nnet', 'rpart', 'spatial'

real	1m57.594s
user	0m34.162s
sys	0m6.981s
