'getOption("repos")' replaces Bioconductor standard repositories, see
'help("repositories", package = "BiocManager")' for details.
Replacement repositories:
    CRAN: https://p3m.dev/cran/__linux__/noble/latest
Bioconductor version 3.20 (BiocManager 1.30.25), R 4.4.2 (2024-10-31)
Installing package(s) 'updateObject'
also installing the dependencies ‘sfsmisc’, ‘IRanges’, ‘betareg’, ‘lokern’, ‘globaltest’, ‘InteractionSet’, ‘BiSeq’

trying URL 'https://p3m.dev/cran/__linux__/noble/latest/src/contrib/sfsmisc_1.1-20.tar.gz'
Content type 'binary/octet-stream' length 678219 bytes (662 KB)
==================================================
downloaded 662 KB

trying URL 'https://bioconductor.org/packages/3.20/bioc/src/contrib/IRanges_2.40.1.tar.gz'
Content type 'application/x-gzip' length 486989 bytes (475 KB)
==================================================
downloaded 475 KB

trying URL 'https://p3m.dev/cran/__linux__/noble/latest/src/contrib/betareg_3.2-1.tar.gz'
Content type 'binary/octet-stream' length 1884203 bytes (1.8 MB)
==================================================
downloaded 1.8 MB

trying URL 'https://p3m.dev/cran/__linux__/noble/latest/src/contrib/lokern_1.1-12.tar.gz'
Content type 'binary/octet-stream' length 102603 bytes (100 KB)
==================================================
downloaded 100 KB

trying URL 'https://bioconductor.org/packages/3.20/bioc/src/contrib/globaltest_5.60.0.tar.gz'
Content type 'application/x-gzip' length 572852 bytes (559 KB)
==================================================
downloaded 559 KB

trying URL 'https://bioconductor.org/packages/3.20/bioc/src/contrib/InteractionSet_1.34.0.tar.gz'
Content type 'application/x-gzip' length 403044 bytes (393 KB)
==================================================
downloaded 393 KB

trying URL 'https://bioconductor.org/packages/3.20/bioc/src/contrib/BiSeq_1.46.0.tar.gz'
Content type 'application/x-gzip' length 939334 bytes (917 KB)
==================================================
downloaded 917 KB

trying URL 'https://bioconductor.org/packages/3.20/bioc/src/contrib/updateObject_1.10.0.tar.gz'
Content type 'application/x-gzip' length 1352838 bytes (1.3 MB)
==================================================
downloaded 1.3 MB

* installing *binary* package ‘sfsmisc’ ...
* ‘sfsmisc’ was already a binary package and will not be rebuilt
* creating tarball
packaged installation of ‘sfsmisc’ as ‘sfsmisc_1.1-20_R_x86_64-pc-linux-gnu.tar.gz’
* DONE (sfsmisc)
ERROR: failed to lock directory ‘/mnt/library’ for modifying
Try removing ‘/mnt/library/00LOCK-IRanges’
* installing *binary* package ‘betareg’ ...
* ‘betareg’ was already a binary package and will not be rebuilt
* creating tarball
packaged installation of ‘betareg’ as ‘betareg_3.2-1_R_x86_64-pc-linux-gnu.tar.gz’
* DONE (betareg)
* installing *source* package ‘globaltest’ ...
** package ‘globaltest’ successfully unpacked and MD5 sums checked
** using staged installation
** R
** inst
** byte-compile and prepare package for lazy loading
Error in loadNamespace(i, c(lib.loc, .libPaths()), versionCheck = vI[[i]]) : 
  there is no package called ‘IRanges’
Calls: <Anonymous> ... loadNamespace -> withRestarts -> withOneRestart -> doWithOneRestart
Execution halted
ERROR: lazy loading failed for package ‘globaltest’
* removing ‘/mnt/library/globaltest’
* installing *source* package ‘updateObject’ ...
** package ‘updateObject’ successfully unpacked and MD5 sums checked
** using staged installation
** R
** inst
** byte-compile and prepare package for lazy loading
** help
*** installing help indices
** building package indices
** installing vignettes
** testing if installed package can be loaded from temporary location
** testing if installed package can be loaded from final location
** testing if installed package keeps a record of temporary installation path
* creating tarball
packaged installation of ‘updateObject’ as ‘updateObject_1.10.0_R_x86_64-pc-linux-gnu.tar.gz’
* DONE (updateObject)
* installing *binary* package ‘lokern’ ...
* ‘lokern’ was already a binary package and will not be rebuilt
* creating tarball
packaged installation of ‘lokern’ as ‘lokern_1.1-12_R_x86_64-pc-linux-gnu.tar.gz’
* DONE (lokern)
ERROR: dependency ‘IRanges’ is not available for package ‘InteractionSet’
* removing ‘/mnt/library/InteractionSet’
ERROR: dependencies ‘IRanges’, ‘globaltest’ are not available for package ‘BiSeq’
* removing ‘/mnt/library/BiSeq’

The downloaded source packages are in
	‘/tmp/RtmpMTsGNw/downloaded_packages’
Old packages: 'bslib', 'cli', 'curl', 'evaluate', 'httr2', 'jsonlite',
  'openssl', 'pillar', 'pkgbuild', 'processx', 'ps', 'purrr', 'R6', 'Rcpp',
  'rlang', 'sessioninfo', 'systemfonts', 'testthat', 'textshaping', 'tinytex',
  'xfun', 'zip', 'class', 'foreign', 'KernSmooth', 'MASS', 'Matrix', 'nlme',
  'nnet', 'rpart', 'spatial'
Warning messages:
1: In install.packages(...) :
  installation of package ‘IRanges’ had non-zero exit status
2: In install.packages(...) :
  installation of package ‘globaltest’ had non-zero exit status
3: In install.packages(...) :
  installation of package ‘InteractionSet’ had non-zero exit status
4: In install.packages(...) :
  installation of package ‘BiSeq’ had non-zero exit status

real	0m42.500s
user	0m12.626s
sys	0m5.167s
