'getOption("repos")' replaces Bioconductor standard repositories, see
'help("repositories", package = "BiocManager")' for details.
Replacement repositories:
    CRAN: https://p3m.dev/cran/__linux__/noble/latest
Bioconductor version 3.20 (BiocManager 1.30.25), R 4.4.2 (2024-10-31)
Installing package(s) 'mosdef'
also installing the dependencies ‘backbone’, ‘bs4Dash’, ‘tippy’, ‘GeneTonic’

trying URL 'https://p3m.dev/cran/__linux__/noble/latest/src/contrib/backbone_2.1.4.tar.gz'
Content type 'binary/octet-stream' length 1550665 bytes (1.5 MB)
==================================================
downloaded 1.5 MB

trying URL 'https://p3m.dev/cran/__linux__/noble/latest/src/contrib/bs4Dash_2.3.4.tar.gz'
Content type 'binary/octet-stream' length 1434728 bytes (1.4 MB)
==================================================
downloaded 1.4 MB

trying URL 'https://p3m.dev/cran/__linux__/noble/latest/src/contrib/tippy_0.1.0.tar.gz'
Content type 'binary/octet-stream' length 45992 bytes (44 KB)
==================================================
downloaded 44 KB

trying URL 'https://bioconductor.org/packages/3.20/bioc/src/contrib/GeneTonic_3.0.0.tar.gz'
Content type 'application/x-gzip' length 9938918 bytes (9.5 MB)
==================================================
downloaded 9.5 MB

trying URL 'https://bioconductor.org/packages/3.20/bioc/src/contrib/mosdef_1.2.0.tar.gz'
Content type 'application/x-gzip' length 4620207 bytes (4.4 MB)
==================================================
downloaded 4.4 MB

* installing *binary* package ‘backbone’ ...
* ‘backbone’ was already a binary package and will not be rebuilt
* creating tarball
packaged installation of ‘backbone’ as ‘backbone_2.1.4_R_x86_64-pc-linux-gnu.tar.gz’
* DONE (backbone)
* installing *binary* package ‘bs4Dash’ ...
* ‘bs4Dash’ was already a binary package and will not be rebuilt
* creating tarball
packaged installation of ‘bs4Dash’ as ‘bs4Dash_2.3.4_R_x86_64-pc-linux-gnu.tar.gz’
* DONE (bs4Dash)
* installing *binary* package ‘tippy’ ...
* ‘tippy’ was already a binary package and will not be rebuilt
* creating tarball
packaged installation of ‘tippy’ as ‘tippy_0.1.0_R_x86_64-pc-linux-gnu.tar.gz’
* DONE (tippy)
* installing *source* package ‘mosdef’ ...
** package ‘mosdef’ successfully unpacked and MD5 sums checked
** using staged installation
** R
** data
** inst
** byte-compile and prepare package for lazy loading
** help
*** installing help indices
** building package indices
** installing vignettes
** testing if installed package can be loaded from temporary location
** testing if installed package can be loaded from final location
** testing if installed package keeps a record of temporary installation path
* creating tarball
packaged installation of ‘mosdef’ as ‘mosdef_1.2.0_R_x86_64-pc-linux-gnu.tar.gz’
* DONE (mosdef)
* installing *source* package ‘GeneTonic’ ...
** package ‘GeneTonic’ successfully unpacked and MD5 sums checked
** using staged installation
** R
** data
** inst
** byte-compile and prepare package for lazy loading
** help
*** installing help indices
*** copying figures
** building package indices
** installing vignettes
** testing if installed package can be loaded from temporary location
** testing if installed package can be loaded from final location
** testing if installed package keeps a record of temporary installation path
* creating tarball
packaged installation of ‘GeneTonic’ as ‘GeneTonic_3.0.0_R_x86_64-pc-linux-gnu.tar.gz’
* DONE (GeneTonic)

The downloaded source packages are in
	‘/tmp/RtmpStmbXW/downloaded_packages’
Old packages: 'bslib', 'cli', 'curl', 'evaluate', 'httr2', 'jsonlite',
  'openssl', 'pillar', 'pkgbuild', 'processx', 'ps', 'purrr', 'R6', 'Rcpp',
  'rlang', 'sessioninfo', 'systemfonts', 'testthat', 'textshaping', 'tinytex',
  'xfun', 'zip', 'class', 'foreign', 'KernSmooth', 'MASS', 'Matrix', 'nlme',
  'nnet', 'rpart', 'spatial'

real	6m7.274s
user	1m31.483s
sys	0m16.132s
