'getOption("repos")' replaces Bioconductor standard repositories, see
'help("repositories", package = "BiocManager")' for details.
Replacement repositories:
    CRAN: https://p3m.dev/cran/__linux__/noble/latest
Bioconductor version 3.20 (BiocManager 1.30.25), R 4.4.2 (2024-10-31)
Installing package(s) 'topconfects'
also installing the dependencies ‘UCSC.utils’, ‘SparseArray’, ‘GenomeInfoDb’, ‘XVector’, ‘S4Arrays’, ‘DelayedArray’, ‘Biostrings’, ‘S4Vectors’, ‘IRanges’, ‘GenomicRanges’, ‘SummarizedExperiment’, ‘Biobase’, ‘truncnorm’, ‘mixsqp’, ‘etrunct’, ‘invgamma’, ‘KEGGREST’, ‘DESeq2’, ‘ashr’, ‘NBPSeq’, ‘org.At.tair.db’, ‘AnnotationDbi’

trying URL 'https://bioconductor.org/packages/3.20/bioc/src/contrib/UCSC.utils_1.2.0.tar.gz'
Content type 'application/x-gzip' length 236888 bytes (231 KB)
==================================================
downloaded 231 KB

trying URL 'https://bioconductor.org/packages/3.20/bioc/src/contrib/SparseArray_1.6.2.tar.gz'
Content type 'application/x-gzip' length 468696 bytes (457 KB)
==================================================
downloaded 457 KB

trying URL 'https://bioconductor.org/packages/3.20/bioc/src/contrib/GenomeInfoDb_1.42.3.tar.gz'
Content type 'application/x-gzip' length 3592070 bytes (3.4 MB)
==================================================
downloaded 3.4 MB

trying URL 'https://bioconductor.org/packages/3.20/bioc/src/contrib/XVector_0.46.0.tar.gz'
Content type 'application/x-gzip' length 70185 bytes (68 KB)
==================================================
downloaded 68 KB

trying URL 'https://bioconductor.org/packages/3.20/bioc/src/contrib/S4Arrays_1.6.0.tar.gz'
Content type 'application/x-gzip' length 288435 bytes (281 KB)
==================================================
downloaded 281 KB

trying URL 'https://bioconductor.org/packages/3.20/bioc/src/contrib/DelayedArray_0.32.0.tar.gz'
Content type 'application/x-gzip' length 825598 bytes (806 KB)
==================================================
downloaded 806 KB

trying URL 'https://bioconductor.org/packages/3.20/bioc/src/contrib/Biostrings_2.74.1.tar.gz'
Content type 'application/x-gzip' length 12823307 bytes (12.2 MB)
==================================================
downloaded 12.2 MB

trying URL 'https://bioconductor.org/packages/3.20/bioc/src/contrib/S4Vectors_0.44.0.tar.gz'
Content type 'application/x-gzip' length 1076666 bytes (1.0 MB)
==================================================
downloaded 1.0 MB

trying URL 'https://bioconductor.org/packages/3.20/bioc/src/contrib/IRanges_2.40.1.tar.gz'
Content type 'application/x-gzip' length 486989 bytes (475 KB)
==================================================
downloaded 475 KB

trying URL 'https://bioconductor.org/packages/3.20/bioc/src/contrib/GenomicRanges_1.58.0.tar.gz'
Content type 'application/x-gzip' length 1374658 bytes (1.3 MB)
==================================================
downloaded 1.3 MB

trying URL 'https://bioconductor.org/packages/3.20/bioc/src/contrib/SummarizedExperiment_1.36.0.tar.gz'
Content type 'application/x-gzip' length 690951 bytes (674 KB)
==================================================
downloaded 674 KB

trying URL 'https://bioconductor.org/packages/3.20/bioc/src/contrib/Biobase_2.66.0.tar.gz'
Content type 'application/x-gzip' length 1978998 bytes (1.9 MB)
==================================================
downloaded 1.9 MB

trying URL 'https://p3m.dev/cran/__linux__/noble/latest/src/contrib/truncnorm_1.0-9.tar.gz'
Content type 'binary/octet-stream' length 21813 bytes (21 KB)
==================================================
downloaded 21 KB

trying URL 'https://p3m.dev/cran/__linux__/noble/latest/src/contrib/mixsqp_0.3-54.tar.gz'
Content type 'binary/octet-stream' length 213278 bytes (208 KB)
==================================================
downloaded 208 KB

trying URL 'https://p3m.dev/cran/__linux__/noble/latest/src/contrib/etrunct_0.1.tar.gz'
Content type 'binary/octet-stream' length 10615 bytes (10 KB)
==================================================
downloaded 10 KB

trying URL 'https://p3m.dev/cran/__linux__/noble/latest/src/contrib/invgamma_1.1.tar.gz'
Content type 'binary/octet-stream' length 20537 bytes (20 KB)
==================================================
downloaded 20 KB

trying URL 'https://bioconductor.org/packages/3.20/bioc/src/contrib/KEGGREST_1.46.0.tar.gz'
Content type 'application/x-gzip' length 239655 bytes (234 KB)
==================================================
downloaded 234 KB

trying URL 'https://bioconductor.org/packages/3.20/bioc/src/contrib/DESeq2_1.46.0.tar.gz'
Content type 'application/x-gzip' length 2516875 bytes (2.4 MB)
==================================================
downloaded 2.4 MB

trying URL 'https://p3m.dev/cran/__linux__/noble/latest/src/contrib/ashr_2.2-63.tar.gz'
Content type 'binary/octet-stream' length 1157304 bytes (1.1 MB)
==================================================
downloaded 1.1 MB

trying URL 'https://p3m.dev/cran/__linux__/noble/latest/src/contrib/NBPSeq_0.3.1.tar.gz'
Content type 'application/x-tar' length 208942 bytes (204 KB)
==================================================
downloaded 204 KB

trying URL 'https://bioconductor.org/packages/3.20/data/annotation/src/contrib/org.At.tair.db_3.20.0.tar.gz'
Content type 'application/x-gzip' length 45204540 bytes (43.1 MB)
==================================================
downloaded 43.1 MB

trying URL 'https://bioconductor.org/packages/3.20/bioc/src/contrib/AnnotationDbi_1.68.0.tar.gz'
Content type 'application/x-gzip' length 4378038 bytes (4.2 MB)
==================================================
downloaded 4.2 MB

trying URL 'https://bioconductor.org/packages/3.20/bioc/src/contrib/topconfects_1.22.0.tar.gz'
Content type 'application/x-gzip' length 3665080 bytes (3.5 MB)
==================================================
downloaded 3.5 MB

ERROR: failed to lock directory ‘/mnt/library’ for modifying
Try removing ‘/mnt/library/00LOCK-S4Vectors’
ERROR: failed to lock directory ‘/mnt/library’ for modifying
Try removing ‘/mnt/library/00LOCK-Biobase’
* installing *binary* package ‘truncnorm’ ...
* ‘truncnorm’ was already a binary package and will not be rebuilt
* creating tarball
packaged installation of ‘truncnorm’ as ‘truncnorm_1.0-9_R_x86_64-pc-linux-gnu.tar.gz’
* DONE (truncnorm)
* installing *binary* package ‘mixsqp’ ...
* ‘mixsqp’ was already a binary package and will not be rebuilt
* creating tarball
packaged installation of ‘mixsqp’ as ‘mixsqp_0.3-54_R_x86_64-pc-linux-gnu.tar.gz’
* DONE (mixsqp)
* installing *binary* package ‘etrunct’ ...
* ‘etrunct’ was already a binary package and will not be rebuilt
* creating tarball
packaged installation of ‘etrunct’ as ‘etrunct_0.1_R_x86_64-pc-linux-gnu.tar.gz’
* DONE (etrunct)
* installing *binary* package ‘invgamma’ ...
* ‘invgamma’ was already a binary package and will not be rebuilt
* creating tarball
packaged installation of ‘invgamma’ as ‘invgamma_1.1_R_x86_64-pc-linux-gnu.tar.gz’
* DONE (invgamma)
* installing *source* package ‘NBPSeq’ ...
** package ‘NBPSeq’ successfully unpacked and MD5 sums checked
** using staged installation
** libs
using C compiler: ‘gcc (Ubuntu 13.3.0-6ubuntu2~24.04) 13.3.0’
gcc -I"/usr/local/lib/R/include" -DNDEBUG   -I/usr/local/include    -fpic  -g -O2 -fstack-protector-strong -Wformat -Wformat-security -Wdate-time -D_FORTIFY_SOURCE=2 -g  -c lm.c -o lm.o
gcc -shared -L/usr/local/lib/R/lib -L/usr/local/lib -o NBPSeq.so lm.o -L/usr/local/lib/R/lib -lR
installing to /mnt/library/00LOCK-NBPSeq/00new/NBPSeq/libs
** R
** data
** inst
** byte-compile and prepare package for lazy loading
** help
*** installing help indices
** building package indices
** testing if installed package can be loaded from temporary location
** checking absolute paths in shared objects and dynamic libraries
** testing if installed package can be loaded from final location
** testing if installed package keeps a record of temporary installation path
* creating tarball
packaged installation of ‘NBPSeq’ as ‘NBPSeq_0.3.1_R_x86_64-pc-linux-gnu.tar.gz’
* DONE (NBPSeq)
* installing *source* package ‘topconfects’ ...
** package ‘topconfects’ successfully unpacked and MD5 sums checked
** using staged installation
** R
** inst
** byte-compile and prepare package for lazy loading
** help
*** installing help indices
** building package indices
** installing vignettes
** testing if installed package can be loaded from temporary location
** testing if installed package can be loaded from final location
** testing if installed package keeps a record of temporary installation path
* creating tarball
packaged installation of ‘topconfects’ as ‘topconfects_1.22.0_R_x86_64-pc-linux-gnu.tar.gz’
* DONE (topconfects)
ERROR: dependency ‘S4Vectors’ is not available for package ‘UCSC.utils’
* removing ‘/mnt/library/UCSC.utils’
ERROR: dependency ‘S4Vectors’ is not available for package ‘IRanges’
* removing ‘/mnt/library/IRanges’
* installing *binary* package ‘ashr’ ...
* ‘ashr’ was already a binary package and will not be rebuilt
* creating tarball
packaged installation of ‘ashr’ as ‘ashr_2.2-63_R_x86_64-pc-linux-gnu.tar.gz’
* DONE (ashr)
ERROR: dependencies ‘S4Vectors’, ‘IRanges’, ‘UCSC.utils’ are not available for package ‘GenomeInfoDb’
* removing ‘/mnt/library/GenomeInfoDb’
ERROR: dependencies ‘S4Vectors’, ‘IRanges’ are not available for package ‘XVector’
* removing ‘/mnt/library/XVector’
ERROR: dependencies ‘S4Vectors’, ‘IRanges’ are not available for package ‘S4Arrays’
* removing ‘/mnt/library/S4Arrays’
ERROR: dependencies ‘S4Vectors’, ‘S4Arrays’, ‘IRanges’, ‘XVector’ are not available for package ‘SparseArray’
* removing ‘/mnt/library/SparseArray’
ERROR: dependencies ‘S4Vectors’, ‘IRanges’, ‘XVector’, ‘GenomeInfoDb’ are not available for package ‘Biostrings’
* removing ‘/mnt/library/Biostrings’
ERROR: dependencies ‘S4Vectors’, ‘IRanges’, ‘GenomeInfoDb’, ‘XVector’ are not available for package ‘GenomicRanges’
* removing ‘/mnt/library/GenomicRanges’
ERROR: dependencies ‘S4Vectors’, ‘IRanges’, ‘S4Arrays’, ‘SparseArray’ are not available for package ‘DelayedArray’
* removing ‘/mnt/library/DelayedArray’
ERROR: failed to lock directory ‘/mnt/library’ for modifying
Try removing ‘/mnt/library/00LOCK-KEGGREST’
ERROR: dependencies ‘GenomicRanges’, ‘Biobase’, ‘S4Vectors’, ‘IRanges’, ‘GenomeInfoDb’, ‘S4Arrays’, ‘DelayedArray’ are not available for package ‘SummarizedExperiment’
* removing ‘/mnt/library/SummarizedExperiment’
ERROR: dependencies ‘Biobase’, ‘IRanges’, ‘S4Vectors’, ‘KEGGREST’ are not available for package ‘AnnotationDbi’
* removing ‘/mnt/library/AnnotationDbi’
ERROR: dependencies ‘S4Vectors’, ‘IRanges’, ‘GenomicRanges’, ‘SummarizedExperiment’, ‘Biobase’ are not available for package ‘DESeq2’
* removing ‘/mnt/library/DESeq2’
ERROR: dependency ‘AnnotationDbi’ is not available for package ‘org.At.tair.db’
* removing ‘/mnt/library/org.At.tair.db’

The downloaded source packages are in
	‘/tmp/RtmpTwLEAW/downloaded_packages’
Old packages: 'bslib', 'cli', 'curl', 'evaluate', 'httr2', 'jsonlite',
  'openssl', 'pillar', 'pkgbuild', 'processx', 'ps', 'purrr', 'R6', 'Rcpp',
  'rlang', 'sessioninfo', 'systemfonts', 'testthat', 'textshaping', 'tinytex',
  'xfun', 'zip', 'class', 'foreign', 'KernSmooth', 'MASS', 'Matrix', 'nlme',
  'nnet', 'rpart', 'spatial'
There were 16 warnings (use warnings() to see them)

real	8m38.767s
user	0m29.443s
sys	0m9.108s
