'getOption("repos")' replaces Bioconductor standard repositories, see
'help("repositories", package = "BiocManager")' for details.
Replacement repositories:
    CRAN: https://p3m.dev/cran/__linux__/noble/latest
Bioconductor version 3.20 (BiocManager 1.30.25), R 4.4.2 (2024-10-31)
Installing package(s) 'RTCGA'
also installing the dependencies ‘UCSC.utils’, ‘GenomeInfoDb’, ‘XVector’, ‘assertthat’, ‘ggthemes’, ‘pander’, ‘Biobase’, ‘GenomicRanges’, ‘IRanges’, ‘RTCGA.rnaseq’, ‘RTCGA.clinical’, ‘RTCGA.mutations’, ‘RTCGA.RPPA’, ‘RTCGA.mRNA’, ‘RTCGA.miRNASeq’, ‘RTCGA.methylation’, ‘RTCGA.CNV’

trying URL 'https://bioconductor.org/packages/3.20/bioc/src/contrib/UCSC.utils_1.2.0.tar.gz'
Content type 'application/x-gzip' length 236888 bytes (231 KB)
==================================================
downloaded 231 KB

trying URL 'https://bioconductor.org/packages/3.20/bioc/src/contrib/GenomeInfoDb_1.42.3.tar.gz'
Content type 'application/x-gzip' length 3592070 bytes (3.4 MB)
==================================================
downloaded 3.4 MB

trying URL 'https://bioconductor.org/packages/3.20/bioc/src/contrib/XVector_0.46.0.tar.gz'
Content type 'application/x-gzip' length 70185 bytes (68 KB)
==================================================
downloaded 68 KB

trying URL 'https://p3m.dev/cran/__linux__/noble/latest/src/contrib/assertthat_0.2.1.tar.gz'
Content type 'binary/octet-stream' length 53272 bytes (52 KB)
==================================================
downloaded 52 KB

trying URL 'https://p3m.dev/cran/__linux__/noble/latest/src/contrib/ggthemes_5.1.0.tar.gz'
Content type 'binary/octet-stream' length 453852 bytes (443 KB)
==================================================
downloaded 443 KB

trying URL 'https://p3m.dev/cran/__linux__/noble/latest/src/contrib/pander_0.6.5.tar.gz'
Content type 'binary/octet-stream' length 924797 bytes (903 KB)
==================================================
downloaded 903 KB

trying URL 'https://bioconductor.org/packages/3.20/bioc/src/contrib/Biobase_2.66.0.tar.gz'
Content type 'application/x-gzip' length 1978998 bytes (1.9 MB)
==================================================
downloaded 1.9 MB

trying URL 'https://bioconductor.org/packages/3.20/bioc/src/contrib/GenomicRanges_1.58.0.tar.gz'
Content type 'application/x-gzip' length 1374658 bytes (1.3 MB)
==================================================
downloaded 1.3 MB

trying URL 'https://bioconductor.org/packages/3.20/bioc/src/contrib/IRanges_2.40.1.tar.gz'
Content type 'application/x-gzip' length 486989 bytes (475 KB)
==================================================
downloaded 475 KB

trying URL 'https://bioconductor.org/packages/3.20/data/experiment/src/contrib/RTCGA.rnaseq_20151101.36.0.tar.gz'
Content type 'application/x-gzip' length 642336272 bytes (612.6 MB)
==================================================
downloaded 612.6 MB

trying URL 'https://bioconductor.org/packages/3.20/data/experiment/src/contrib/RTCGA.clinical_20151101.36.0.tar.gz'
Content type 'application/x-gzip' length 14652891 bytes (14.0 MB)
==================================================
downloaded 14.0 MB

trying URL 'https://bioconductor.org/packages/3.20/data/experiment/src/contrib/RTCGA.mutations_20151101.36.0.tar.gz'
Content type 'application/x-gzip' length 108859657 bytes (103.8 MB)
==================================================
downloaded 103.8 MB

trying URL 'https://bioconductor.org/packages/3.20/data/experiment/src/contrib/RTCGA.RPPA_1.34.0.tar.gz'
Content type 'application/x-gzip' length 13728245 bytes (13.1 MB)
==================================================
downloaded 13.1 MB

trying URL 'https://bioconductor.org/packages/3.20/data/experiment/src/contrib/RTCGA.mRNA_1.34.0.tar.gz'
Content type 'application/x-gzip' length 89110792 bytes (85.0 MB)
==================================================
downloaded 85.0 MB

trying URL 'https://bioconductor.org/packages/3.20/data/experiment/src/contrib/RTCGA.miRNASeq_1.34.0.tar.gz'
Content type 'application/x-gzip' length 47436597 bytes (45.2 MB)
==================================================
downloaded 45.2 MB

trying URL 'https://bioconductor.org/packages/3.20/data/experiment/src/contrib/RTCGA.methylation_1.34.0.tar.gz'
Content type 'application/x-gzip' length 653009610 bytes (622.8 MB)
==================================================
downloaded 622.8 MB

trying URL 'https://bioconductor.org/packages/3.20/data/experiment/src/contrib/RTCGA.CNV_1.34.0.tar.gz'
Content type 'application/x-gzip' length 28699501 bytes (27.4 MB)
==================================================
downloaded 27.4 MB

trying URL 'https://bioconductor.org/packages/3.20/bioc/src/contrib/RTCGA_1.36.0.tar.gz'
Content type 'application/x-gzip' length 2452164 bytes (2.3 MB)
==================================================
downloaded 2.3 MB

* installing *source* package ‘UCSC.utils’ ...
** package ‘UCSC.utils’ successfully unpacked and MD5 sums checked
** using staged installation
** R
** inst
** byte-compile and prepare package for lazy loading
** help
*** installing help indices
** building package indices
** installing vignettes
** testing if installed package can be loaded from temporary location
** testing if installed package can be loaded from final location
** testing if installed package keeps a record of temporary installation path
* creating tarball
packaged installation of ‘UCSC.utils’ as ‘UCSC.utils_1.2.0_R_x86_64-pc-linux-gnu.tar.gz’
* DONE (UCSC.utils)
* installing *binary* package ‘assertthat’ ...
* ‘assertthat’ was already a binary package and will not be rebuilt
* creating tarball
packaged installation of ‘assertthat’ as ‘assertthat_0.2.1_R_x86_64-pc-linux-gnu.tar.gz’
* DONE (assertthat)
ERROR: failed to lock directory ‘/mnt/library’ for modifying
Try removing ‘/mnt/library/00LOCK-ggthemes’
* installing *binary* package ‘pander’ ...
* ‘pander’ was already a binary package and will not be rebuilt
* creating tarball
packaged installation of ‘pander’ as ‘pander_0.6.5_R_x86_64-pc-linux-gnu.tar.gz’
* DONE (pander)
ERROR: failed to lock directory ‘/mnt/library’ for modifying
Try removing ‘/mnt/library/00LOCK-Biobase’
ERROR: failed to lock directory ‘/mnt/library’ for modifying
Try removing ‘/mnt/library/00LOCK-IRanges’
ERROR: dependencies ‘IRanges’, ‘UCSC.utils’ are not available for package ‘GenomeInfoDb’
* removing ‘/mnt/library/GenomeInfoDb’
ERROR: dependency ‘IRanges’ is not available for package ‘XVector’
* removing ‘/mnt/library/XVector’
* installing *source* package ‘RTCGA’ ...
** package ‘RTCGA’ successfully unpacked and MD5 sums checked
** using staged installation
** R
** inst
** byte-compile and prepare package for lazy loading
** help
*** installing help indices
** building package indices
** installing vignettes
** testing if installed package can be loaded from temporary location
** testing if installed package can be loaded from final location
** testing if installed package keeps a record of temporary installation path
* creating tarball
packaged installation of ‘RTCGA’ as ‘RTCGA_1.36.0_R_x86_64-pc-linux-gnu.tar.gz’
* DONE (RTCGA)
ERROR: dependencies ‘S4Vectors’, ‘IRanges’, ‘GenomeInfoDb’, ‘XVector’ are not available for package ‘GenomicRanges’
* removing ‘/mnt/library/GenomicRanges’
* installing *source* package ‘RTCGA.rnaseq’ ...
** using staged installation
** R
** data
*** moving datasets to lazyload DB
** inst
** byte-compile and prepare package for lazy loading
** help
*** installing help indices
** building package indices
** installing vignettes
** testing if installed package can be loaded from temporary location
** testing if installed package can be loaded from final location
** testing if installed package keeps a record of temporary installation path
* creating tarball
packaged installation of ‘RTCGA.rnaseq’ as ‘RTCGA.rnaseq_20151101.36.0_R_x86_64-pc-linux-gnu.tar.gz’
* DONE (RTCGA.rnaseq)
* installing *source* package ‘RTCGA.clinical’ ...
** using staged installation
** R
** data
*** moving datasets to lazyload DB
** inst
** byte-compile and prepare package for lazy loading
** help
*** installing help indices
** building package indices
** installing vignettes
** testing if installed package can be loaded from temporary location
** testing if installed package can be loaded from final location
** testing if installed package keeps a record of temporary installation path
* creating tarball
packaged installation of ‘RTCGA.clinical’ as ‘RTCGA.clinical_20151101.36.0_R_x86_64-pc-linux-gnu.tar.gz’
* DONE (RTCGA.clinical)
* installing *source* package ‘RTCGA.mutations’ ...
** using staged installation
** R
** data
*** moving datasets to lazyload DB
** inst
** byte-compile and prepare package for lazy loading
** help
*** installing help indices
** building package indices
** installing vignettes
** testing if installed package can be loaded from temporary location
** testing if installed package can be loaded from final location
Error: package or namespace load failed for ‘RTCGA’ in library.dynam(lib, package, package.lib):
 shared object ‘colorspace.so’ not found
Error : package ‘RTCGA’ could not be loaded
Error: loading failed
Execution halted
ERROR: loading failed
* removing ‘/mnt/library/RTCGA.mutations’
* installing *source* package ‘RTCGA.RPPA’ ...
** using staged installation
** R
** data
*** moving datasets to lazyload DB
** inst
** byte-compile and prepare package for lazy loading
** help
*** installing help indices
** building package indices
** installing vignettes
** testing if installed package can be loaded from temporary location
** testing if installed package can be loaded from final location
** testing if installed package keeps a record of temporary installation path
* creating tarball
packaged installation of ‘RTCGA.RPPA’ as ‘RTCGA.RPPA_1.34.0_R_x86_64-pc-linux-gnu.tar.gz’
* DONE (RTCGA.RPPA)
* installing *source* package ‘RTCGA.mRNA’ ...
** using staged installation
** R
** data
*** moving datasets to lazyload DB
** inst
** byte-compile and prepare package for lazy loading
** help
*** installing help indices
** building package indices
** installing vignettes
** testing if installed package can be loaded from temporary location
** testing if installed package can be loaded from final location
** testing if installed package keeps a record of temporary installation path
* creating tarball
packaged installation of ‘RTCGA.mRNA’ as ‘RTCGA.mRNA_1.34.0_R_x86_64-pc-linux-gnu.tar.gz’
* DONE (RTCGA.mRNA)
* installing *source* package ‘RTCGA.miRNASeq’ ...
** using staged installation
** R
** data
*** moving datasets to lazyload DB
** inst
** byte-compile and prepare package for lazy loading
** help
*** installing help indices
** building package indices
** installing vignettes
** testing if installed package can be loaded from temporary location
** testing if installed package can be loaded from final location
** testing if installed package keeps a record of temporary installation path
* creating tarball
packaged installation of ‘RTCGA.miRNASeq’ as ‘RTCGA.miRNASeq_1.34.0_R_x86_64-pc-linux-gnu.tar.gz’
* DONE (RTCGA.miRNASeq)
* installing *source* package ‘RTCGA.methylation’ ...
** using staged installation
** R
** data
*** moving datasets to lazyload DB
** inst
** byte-compile and prepare package for lazy loading
** help
*** installing help indices
** building package indices
** installing vignettes
** testing if installed package can be loaded from temporary location
** testing if installed package can be loaded from final location
** testing if installed package keeps a record of temporary installation path
* creating tarball
packaged installation of ‘RTCGA.methylation’ as ‘RTCGA.methylation_1.34.0_R_x86_64-pc-linux-gnu.tar.gz’
* DONE (RTCGA.methylation)
* installing *source* package ‘RTCGA.CNV’ ...
** using staged installation
** R
** data
*** moving datasets to lazyload DB
** inst
** byte-compile and prepare package for lazy loading
** help
*** installing help indices
** building package indices
** installing vignettes
** testing if installed package can be loaded from temporary location
** testing if installed package can be loaded from final location
** testing if installed package keeps a record of temporary installation path
* creating tarball
packaged installation of ‘RTCGA.CNV’ as ‘RTCGA.CNV_1.34.0_R_x86_64-pc-linux-gnu.tar.gz’
* DONE (RTCGA.CNV)

The downloaded source packages are in
	‘/tmp/RtmpjJgxQf/downloaded_packages’
Old packages: 'bslib', 'cli', 'curl', 'evaluate', 'httr2', 'jsonlite',
  'openssl', 'pillar', 'pkgbuild', 'processx', 'ps', 'purrr', 'R6', 'Rcpp',
  'rlang', 'sessioninfo', 'systemfonts', 'testthat', 'textshaping', 'tinytex',
  'xfun', 'zip', 'class', 'foreign', 'KernSmooth', 'MASS', 'Matrix', 'nlme',
  'nnet', 'rpart', 'spatial'
Warning messages:
1: In install.packages(...) :
  installation of package ‘ggthemes’ had non-zero exit status
2: In install.packages(...) :
  installation of package ‘Biobase’ had non-zero exit status
3: In install.packages(...) :
  installation of package ‘IRanges’ had non-zero exit status
4: In install.packages(...) :
  installation of package ‘GenomeInfoDb’ had non-zero exit status
5: In install.packages(...) :
  installation of package ‘XVector’ had non-zero exit status
6: In install.packages(...) :
  installation of package ‘GenomicRanges’ had non-zero exit status
7: In install.packages(...) :
  installation of package ‘RTCGA.mutations’ had non-zero exit status

real	27m52.641s
user	10m55.401s
sys	1m5.503s
