'getOption("repos")' replaces Bioconductor standard repositories, see
'help("repositories", package = "BiocManager")' for details.
Replacement repositories:
    CRAN: https://p3m.dev/cran/__linux__/noble/latest
Bioconductor version 3.20 (BiocManager 1.30.25), R 4.4.2 (2024-10-31)
Installing package(s) 'RDRToolbox'
also installing the dependencies ‘Biobase’, ‘rgl’, ‘golubEsets’

trying URL 'https://bioconductor.org/packages/3.20/bioc/src/contrib/Biobase_2.66.0.tar.gz'
Content type 'application/x-gzip' length 1978998 bytes (1.9 MB)
==================================================
downloaded 1.9 MB

trying URL 'https://p3m.dev/cran/__linux__/noble/latest/src/contrib/rgl_1.3.17.tar.gz'
Content type 'binary/octet-stream' length 6478038 bytes (6.2 MB)
==================================================
downloaded 6.2 MB

trying URL 'https://bioconductor.org/packages/3.20/data/experiment/src/contrib/golubEsets_1.48.0.tar.gz'
Content type 'application/x-gzip' length 4511107 bytes (4.3 MB)
==================================================
downloaded 4.3 MB

trying URL 'https://bioconductor.org/packages/3.20/bioc/src/contrib/RDRToolbox_1.56.0.tar.gz'
Content type 'application/x-gzip' length 195870 bytes (191 KB)
==================================================
downloaded 191 KB

ERROR: failed to lock directory ‘/mnt/library’ for modifying
Try removing ‘/mnt/library/00LOCK-Biobase’
* installing *binary* package ‘rgl’ ...
* ‘rgl’ was already a binary package and will not be rebuilt
* creating tarball
packaged installation of ‘rgl’ as ‘rgl_1.3.17_R_x86_64-pc-linux-gnu.tar.gz’
* DONE (rgl)
ERROR: dependency ‘Biobase’ is not available for package ‘golubEsets’
* removing ‘/mnt/library/golubEsets’
* installing *source* package ‘RDRToolbox’ ...
** package ‘RDRToolbox’ successfully unpacked and MD5 sums checked
** using staged installation
** R
** inst
** byte-compile and prepare package for lazy loading
Warning: 'rgl.init' failed, will use the null device.
See '?rgl.useNULL' for ways to avoid this warning.
** help
*** installing help indices
** building package indices
** installing vignettes
** testing if installed package can be loaded from temporary location
Warning: 'rgl.init' failed, will use the null device.
See '?rgl.useNULL' for ways to avoid this warning.
** testing if installed package can be loaded from final location
Warning: 'rgl.init' failed, will use the null device.
See '?rgl.useNULL' for ways to avoid this warning.
** testing if installed package keeps a record of temporary installation path
* creating tarball
packaged installation of ‘RDRToolbox’ as ‘RDRToolbox_1.56.0_R_x86_64-pc-linux-gnu.tar.gz’
* DONE (RDRToolbox)

The downloaded source packages are in
	‘/tmp/Rtmpk25G24/downloaded_packages’
Old packages: 'bslib', 'cli', 'curl', 'evaluate', 'httr2', 'jsonlite',
  'openssl', 'pillar', 'pkgbuild', 'processx', 'ps', 'purrr', 'R6', 'Rcpp',
  'rlang', 'sessioninfo', 'systemfonts', 'testthat', 'textshaping', 'tinytex',
  'xfun', 'zip', 'class', 'foreign', 'KernSmooth', 'MASS', 'Matrix', 'nlme',
  'nnet', 'rpart', 'spatial'
Warning messages:
1: In install.packages(...) :
  installation of package ‘Biobase’ had non-zero exit status
2: In install.packages(...) :
  installation of package ‘golubEsets’ had non-zero exit status

real	7m14.078s
user	0m8.458s
sys	0m3.578s
