'getOption("repos")' replaces Bioconductor standard repositories, see
'help("repositories", package = "BiocManager")' for details.
Replacement repositories:
    CRAN: https://p3m.dev/cran/__linux__/noble/latest
Bioconductor version 3.20 (BiocManager 1.30.25), R 4.4.2 (2024-10-31)
Installing package(s) 'RNAdecay'
trying URL 'https://bioconductor.org/packages/3.20/bioc/src/contrib/RNAdecay_1.26.0.tar.gz'
Content type 'application/x-gzip' length 2841046 bytes (2.7 MB)
==================================================
downloaded 2.7 MB

* installing *source* package ‘RNAdecay’ ...
** package ‘RNAdecay’ successfully unpacked and MD5 sums checked
** using staged installation
** libs
/usr/local/lib/R/bin/Rscript --vanilla -e "TMB::compile('general_dExp_1sse.cpp',safebounds=FALSE,safeunload=FALSE)"
using C++ compiler: ‘g++ (Ubuntu 13.3.0-6ubuntu2~24.04) 13.3.0’
make[1]: Entering directory '/tmp/RtmpliMHom/R.INSTALL343805aaae/RNAdecay/src'
g++ -std=gnu++17 -I"/usr/local/lib/R/include" -DNDEBUG -I"/mnt/library/TMB/include" -I"/mnt/library/RcppEigen/include"   -DTMB_EIGEN_DISABLE_WARNINGS   -DTMB_LIB_INIT=R_init_general_dExp_1sse  -DCPPAD_FRAMEWORK  -I/usr/local/include    -fpic  -g -O2 -fstack-protector-strong -Wformat -Wformat-security -Wdate-time -D_FORTIFY_SOURCE=2 -g  -DR_NO_REMAP -c general_dExp_1sse.cpp -o general_dExp_1sse.o
g++ -std=gnu++17 -shared -L/usr/local/lib/R/lib -L/usr/local/lib -o general_dExp_1sse.so general_dExp_1sse.o -L/usr/local/lib/R/lib -lR
make[1]: Leaving directory '/tmp/RtmpliMHom/R.INSTALL343805aaae/RNAdecay/src'
[1] 0
/usr/local/lib/R/bin/Rscript --vanilla -e "TMB::compile('general_Exp_1sse.cpp',safebounds=FALSE,safeunload=FALSE)"
using C++ compiler: ‘g++ (Ubuntu 13.3.0-6ubuntu2~24.04) 13.3.0’
make[1]: Entering directory '/tmp/RtmpliMHom/R.INSTALL343805aaae/RNAdecay/src'
g++ -std=gnu++17 -I"/usr/local/lib/R/include" -DNDEBUG -I"/mnt/library/TMB/include" -I"/mnt/library/RcppEigen/include"   -DTMB_EIGEN_DISABLE_WARNINGS   -DTMB_LIB_INIT=R_init_general_Exp_1sse  -DCPPAD_FRAMEWORK  -I/usr/local/include    -fpic  -g -O2 -fstack-protector-strong -Wformat -Wformat-security -Wdate-time -D_FORTIFY_SOURCE=2 -g  -DR_NO_REMAP -c general_Exp_1sse.cpp -o general_Exp_1sse.o
g++ -std=gnu++17 -shared -L/usr/local/lib/R/lib -L/usr/local/lib -o general_Exp_1sse.so general_Exp_1sse.o -L/usr/local/lib/R/lib -lR
make[1]: Leaving directory '/tmp/RtmpliMHom/R.INSTALL343805aaae/RNAdecay/src'
[1] 0
/usr/local/lib/R/bin/Rscript --vanilla -e "TMB::compile('general_dExp_2sse.cpp',safebounds=FALSE,safeunload=FALSE)"
using C++ compiler: ‘g++ (Ubuntu 13.3.0-6ubuntu2~24.04) 13.3.0’
make[1]: Entering directory '/tmp/RtmpliMHom/R.INSTALL343805aaae/RNAdecay/src'
g++ -std=gnu++17 -I"/usr/local/lib/R/include" -DNDEBUG -I"/mnt/library/TMB/include" -I"/mnt/library/RcppEigen/include"   -DTMB_EIGEN_DISABLE_WARNINGS   -DTMB_LIB_INIT=R_init_general_dExp_2sse  -DCPPAD_FRAMEWORK  -I/usr/local/include    -fpic  -g -O2 -fstack-protector-strong -Wformat -Wformat-security -Wdate-time -D_FORTIFY_SOURCE=2 -g  -DR_NO_REMAP -c general_dExp_2sse.cpp -o general_dExp_2sse.o
g++ -std=gnu++17 -shared -L/usr/local/lib/R/lib -L/usr/local/lib -o general_dExp_2sse.so general_dExp_2sse.o -L/usr/local/lib/R/lib -lR
make[1]: Leaving directory '/tmp/RtmpliMHom/R.INSTALL343805aaae/RNAdecay/src'
[1] 0
/usr/local/lib/R/bin/Rscript --vanilla -e "TMB::compile('general_Exp_2sse.cpp',safebounds=FALSE,safeunload=FALSE)"
using C++ compiler: ‘g++ (Ubuntu 13.3.0-6ubuntu2~24.04) 13.3.0’
make[1]: Entering directory '/tmp/RtmpliMHom/R.INSTALL343805aaae/RNAdecay/src'
g++ -std=gnu++17 -I"/usr/local/lib/R/include" -DNDEBUG -I"/mnt/library/TMB/include" -I"/mnt/library/RcppEigen/include"   -DTMB_EIGEN_DISABLE_WARNINGS   -DTMB_LIB_INIT=R_init_general_Exp_2sse  -DCPPAD_FRAMEWORK  -I/usr/local/include    -fpic  -g -O2 -fstack-protector-strong -Wformat -Wformat-security -Wdate-time -D_FORTIFY_SOURCE=2 -g  -DR_NO_REMAP -c general_Exp_2sse.cpp -o general_Exp_2sse.o
g++ -std=gnu++17 -shared -L/usr/local/lib/R/lib -L/usr/local/lib -o general_Exp_2sse.so general_Exp_2sse.o -L/usr/local/lib/R/lib -lR
make[1]: Leaving directory '/tmp/RtmpliMHom/R.INSTALL343805aaae/RNAdecay/src'
[1] 0
/usr/local/lib/R/bin/Rscript --vanilla -e "TMB::compile('general_dExp_3sse.cpp',safebounds=FALSE,safeunload=FALSE)"
using C++ compiler: ‘g++ (Ubuntu 13.3.0-6ubuntu2~24.04) 13.3.0’
make[1]: Entering directory '/tmp/RtmpliMHom/R.INSTALL343805aaae/RNAdecay/src'
g++ -std=gnu++17 -I"/usr/local/lib/R/include" -DNDEBUG -I"/mnt/library/TMB/include" -I"/mnt/library/RcppEigen/include"   -DTMB_EIGEN_DISABLE_WARNINGS   -DTMB_LIB_INIT=R_init_general_dExp_3sse  -DCPPAD_FRAMEWORK  -I/usr/local/include    -fpic  -g -O2 -fstack-protector-strong -Wformat -Wformat-security -Wdate-time -D_FORTIFY_SOURCE=2 -g  -DR_NO_REMAP -c general_dExp_3sse.cpp -o general_dExp_3sse.o
g++ -std=gnu++17 -shared -L/usr/local/lib/R/lib -L/usr/local/lib -o general_dExp_3sse.so general_dExp_3sse.o -L/usr/local/lib/R/lib -lR
make[1]: Leaving directory '/tmp/RtmpliMHom/R.INSTALL343805aaae/RNAdecay/src'
[1] 0
/usr/local/lib/R/bin/Rscript --vanilla -e "TMB::compile('general_Exp_3sse.cpp',safebounds=FALSE,safeunload=FALSE)"
using C++ compiler: ‘g++ (Ubuntu 13.3.0-6ubuntu2~24.04) 13.3.0’
make[1]: Entering directory '/tmp/RtmpliMHom/R.INSTALL343805aaae/RNAdecay/src'
g++ -std=gnu++17 -I"/usr/local/lib/R/include" -DNDEBUG -I"/mnt/library/TMB/include" -I"/mnt/library/RcppEigen/include"   -DTMB_EIGEN_DISABLE_WARNINGS   -DTMB_LIB_INIT=R_init_general_Exp_3sse  -DCPPAD_FRAMEWORK  -I/usr/local/include    -fpic  -g -O2 -fstack-protector-strong -Wformat -Wformat-security -Wdate-time -D_FORTIFY_SOURCE=2 -g  -DR_NO_REMAP -c general_Exp_3sse.cpp -o general_Exp_3sse.o
g++ -std=gnu++17 -shared -L/usr/local/lib/R/lib -L/usr/local/lib -o general_Exp_3sse.so general_Exp_3sse.o -L/usr/local/lib/R/lib -lR
make[1]: Leaving directory '/tmp/RtmpliMHom/R.INSTALL343805aaae/RNAdecay/src'
[1] 0
/usr/local/lib/R/bin/Rscript --vanilla -e "TMB::compile('general_dExp_4sse.cpp',safebounds=FALSE,safeunload=FALSE)"
using C++ compiler: ‘g++ (Ubuntu 13.3.0-6ubuntu2~24.04) 13.3.0’
make[1]: Entering directory '/tmp/RtmpliMHom/R.INSTALL343805aaae/RNAdecay/src'
g++ -std=gnu++17 -I"/usr/local/lib/R/include" -DNDEBUG -I"/mnt/library/TMB/include" -I"/mnt/library/RcppEigen/include"   -DTMB_EIGEN_DISABLE_WARNINGS   -DTMB_LIB_INIT=R_init_general_dExp_4sse  -DCPPAD_FRAMEWORK  -I/usr/local/include    -fpic  -g -O2 -fstack-protector-strong -Wformat -Wformat-security -Wdate-time -D_FORTIFY_SOURCE=2 -g  -DR_NO_REMAP -c general_dExp_4sse.cpp -o general_dExp_4sse.o
g++ -std=gnu++17 -shared -L/usr/local/lib/R/lib -L/usr/local/lib -o general_dExp_4sse.so general_dExp_4sse.o -L/usr/local/lib/R/lib -lR
make[1]: Leaving directory '/tmp/RtmpliMHom/R.INSTALL343805aaae/RNAdecay/src'
[1] 0
/usr/local/lib/R/bin/Rscript --vanilla -e "TMB::compile('general_Exp_4sse.cpp',safebounds=FALSE,safeunload=FALSE)"
using C++ compiler: ‘g++ (Ubuntu 13.3.0-6ubuntu2~24.04) 13.3.0’
make[1]: Entering directory '/tmp/RtmpliMHom/R.INSTALL343805aaae/RNAdecay/src'
g++ -std=gnu++17 -I"/usr/local/lib/R/include" -DNDEBUG -I"/mnt/library/TMB/include" -I"/mnt/library/RcppEigen/include"   -DTMB_EIGEN_DISABLE_WARNINGS   -DTMB_LIB_INIT=R_init_general_Exp_4sse  -DCPPAD_FRAMEWORK  -I/usr/local/include    -fpic  -g -O2 -fstack-protector-strong -Wformat -Wformat-security -Wdate-time -D_FORTIFY_SOURCE=2 -g  -DR_NO_REMAP -c general_Exp_4sse.cpp -o general_Exp_4sse.o
g++ -std=gnu++17 -shared -L/usr/local/lib/R/lib -L/usr/local/lib -o general_Exp_4sse.so general_Exp_4sse.o -L/usr/local/lib/R/lib -lR
make[1]: Leaving directory '/tmp/RtmpliMHom/R.INSTALL343805aaae/RNAdecay/src'
[1] 0
installing to /mnt/library/00LOCK-RNAdecay/00new/RNAdecay/libs
** R
** data
*** moving datasets to lazyload DB
** inst
** byte-compile and prepare package for lazy loading
** help
*** installing help indices
** building package indices
** installing vignettes
** testing if installed package can be loaded from temporary location
** checking absolute paths in shared objects and dynamic libraries
** testing if installed package can be loaded from final location
** testing if installed package keeps a record of temporary installation path
* creating tarball
packaged installation of ‘RNAdecay’ as ‘RNAdecay_1.26.0_R_x86_64-pc-linux-gnu.tar.gz’
* DONE (RNAdecay)

The downloaded source packages are in
	‘/tmp/RtmphW3stX/downloaded_packages’
Old packages: 'bslib', 'cli', 'curl', 'evaluate', 'httr2', 'jsonlite',
  'openssl', 'pillar', 'pkgbuild', 'processx', 'ps', 'purrr', 'R6', 'Rcpp',
  'rlang', 'sessioninfo', 'systemfonts', 'testthat', 'textshaping', 'tinytex',
  'xfun', 'zip', 'class', 'foreign', 'KernSmooth', 'MASS', 'Matrix', 'nlme',
  'nnet', 'rpart', 'spatial'

real	20m13.241s
user	5m53.048s
sys	0m29.403s
