'getOption("repos")' replaces Bioconductor standard repositories, see
'help("repositories", package = "BiocManager")' for details.
Replacement repositories:
    CRAN: https://p3m.dev/cran/__linux__/noble/latest
Bioconductor version 3.20 (BiocManager 1.30.25), R 4.4.2 (2024-10-31)
Installing package(s) 'NoRCE'
also installing the dependency ‘TxDb.Celegans.UCSC.ce11.refGene’

trying URL 'https://bioconductor.org/packages/3.20/data/annotation/src/contrib/TxDb.Celegans.UCSC.ce11.refGene_3.4.6.tar.gz'
Content type 'application/x-gzip' length 8864052 bytes (8.5 MB)
==================================================
downloaded 8.5 MB

trying URL 'https://bioconductor.org/packages/3.20/bioc/src/contrib/NoRCE_1.18.0.tar.gz'
Content type 'application/x-gzip' length 2125815 bytes (2.0 MB)
==================================================
downloaded 2.0 MB

* installing *source* package ‘TxDb.Celegans.UCSC.ce11.refGene’ ...
** using staged installation
** R
** inst
** byte-compile and prepare package for lazy loading
** help
*** installing help indices
** building package indices
** testing if installed package can be loaded from temporary location
** testing if installed package can be loaded from final location
** testing if installed package keeps a record of temporary installation path
* creating tarball
packaged installation of ‘TxDb.Celegans.UCSC.ce11.refGene’ as ‘TxDb.Celegans.UCSC.ce11.refGene_3.4.6_R_x86_64-pc-linux-gnu.tar.gz’
* DONE (TxDb.Celegans.UCSC.ce11.refGene)
* installing *source* package ‘NoRCE’ ...
** package ‘NoRCE’ successfully unpacked and MD5 sums checked
** using staged installation
** R
** data
*** moving datasets to lazyload DB
** inst
** byte-compile and prepare package for lazy loading
** help
*** installing help indices
** building package indices
** installing vignettes
** testing if installed package can be loaded from temporary location
** testing if installed package can be loaded from final location
** testing if installed package keeps a record of temporary installation path
* creating tarball
packaged installation of ‘NoRCE’ as ‘NoRCE_1.18.0_R_x86_64-pc-linux-gnu.tar.gz’
* DONE (NoRCE)

The downloaded source packages are in
	‘/tmp/RtmplbgF2A/downloaded_packages’
Old packages: 'bslib', 'cli', 'curl', 'evaluate', 'httr2', 'jsonlite',
  'openssl', 'pillar', 'pkgbuild', 'processx', 'ps', 'purrr', 'R6', 'Rcpp',
  'rlang', 'sessioninfo', 'systemfonts', 'testthat', 'textshaping', 'tinytex',
  'xfun', 'zip', 'class', 'foreign', 'KernSmooth', 'MASS', 'Matrix', 'nlme',
  'nnet', 'rpart', 'spatial'

real	2m8.627s
user	1m12.291s
sys	0m10.074s
