'getOption("repos")' replaces Bioconductor standard repositories, see
'help("repositories", package = "BiocManager")' for details.
Replacement repositories:
    CRAN: https://p3m.dev/cran/__linux__/noble/latest
Bioconductor version 3.20 (BiocManager 1.30.25), R 4.4.2 (2024-10-31)
Installing package(s) 'groHMM'
trying URL 'https://bioconductor.org/packages/3.20/bioc/src/contrib/groHMM_1.40.3.tar.gz'
Content type 'application/x-gzip' length 4364803 bytes (4.2 MB)
==================================================
downloaded 4.2 MB

* installing *source* package ‘groHMM’ ...
** package ‘groHMM’ successfully unpacked and MD5 sums checked
** using staged installation
** libs
using C compiler: ‘gcc (Ubuntu 13.3.0-6ubuntu2~24.04) 13.3.0’
gcc -I"/usr/local/lib/R/include" -DNDEBUG   -I/usr/local/include    -fpic  -g -O2 -fstack-protector-strong -Wformat -Wformat-security -Wdate-time -D_FORTIFY_SOURCE=2 -g  -c AnnotateProbes.c -o AnnotateProbes.o
gcc -I"/usr/local/lib/R/include" -DNDEBUG   -I/usr/local/include    -fpic  -g -O2 -fstack-protector-strong -Wformat -Wformat-security -Wdate-time -D_FORTIFY_SOURCE=2 -g  -c DecayAlgorithm.c -o DecayAlgorithm.o
gcc -I"/usr/local/lib/R/include" -DNDEBUG   -I/usr/local/include    -fpic  -g -O2 -fstack-protector-strong -Wformat -Wformat-security -Wdate-time -D_FORTIFY_SOURCE=2 -g  -c MLEfit.c -o MLEfit.o
gcc -I"/usr/local/lib/R/include" -DNDEBUG   -I/usr/local/include    -fpic  -g -O2 -fstack-protector-strong -Wformat -Wformat-security -Wdate-time -D_FORTIFY_SOURCE=2 -g  -c RegisterRRoutines.c -o RegisterRRoutines.o
gcc -I"/usr/local/lib/R/include" -DNDEBUG   -I/usr/local/include    -fpic  -g -O2 -fstack-protector-strong -Wformat -Wformat-security -Wdate-time -D_FORTIFY_SOURCE=2 -g  -c Windowing.c -o Windowing.o
gcc -I"/usr/local/lib/R/include" -DNDEBUG   -I/usr/local/include    -fpic  -g -O2 -fstack-protector-strong -Wformat -Wformat-security -Wdate-time -D_FORTIFY_SOURCE=2 -g  -c hmmEM.c -o hmmEM.o
gcc -I"/usr/local/lib/R/include" -DNDEBUG   -I/usr/local/include    -fpic  -g -O2 -fstack-protector-strong -Wformat -Wformat-security -Wdate-time -D_FORTIFY_SOURCE=2 -g  -c hmmFwBw.c -o hmmFwBw.o
gcc -I"/usr/local/lib/R/include" -DNDEBUG   -I/usr/local/include    -fpic  -g -O2 -fstack-protector-strong -Wformat -Wformat-security -Wdate-time -D_FORTIFY_SOURCE=2 -g  -c hmmMiscFunctions.c -o hmmMiscFunctions.o
hmmMiscFunctions.c: In function ‘SStatsGamma’:
hmmMiscFunctions.c:235:37: warning: format ‘%d’ expects argument of type ‘int’, but argument 2 has type ‘double’ [-Wformat=]
  235 |     if(!(logPP <= epsilon)) Rprintf("[SSallocGamma] -- \
      |                                     ^~~~~~~~~~~~~~~~~~~~
  236 |         Assertion about to fail!  logPP= %d\n", logPP);
      |         ~~~~~~~~~~~~~~~~~~~~~~~~~~~~~~~~~~~~~~  ~~~~~
      |                                                 |
      |                                                 double
gcc -I"/usr/local/lib/R/include" -DNDEBUG   -I/usr/local/include    -fpic  -g -O2 -fstack-protector-strong -Wformat -Wformat-security -Wdate-time -D_FORTIFY_SOURCE=2 -g  -c hmmViterbi.c -o hmmViterbi.o
gcc -shared -L/usr/local/lib/R/lib -L/usr/local/lib -o groHMM.so AnnotateProbes.o DecayAlgorithm.o MLEfit.o RegisterRRoutines.o Windowing.o hmmEM.o hmmFwBw.o hmmMiscFunctions.o hmmViterbi.o -L/usr/local/lib/R/lib -lR
installing to /mnt/library/00LOCK-groHMM/00new/groHMM/libs
** R
** inst
** byte-compile and prepare package for lazy loading
** help
*** installing help indices
** building package indices
** installing vignettes
** testing if installed package can be loaded from temporary location
** checking absolute paths in shared objects and dynamic libraries
** testing if installed package can be loaded from final location
** testing if installed package keeps a record of temporary installation path
* creating tarball
packaged installation of ‘groHMM’ as ‘groHMM_1.40.3_R_x86_64-pc-linux-gnu.tar.gz’
* DONE (groHMM)

The downloaded source packages are in
	‘/tmp/RtmpPI9CYw/downloaded_packages’
Old packages: 'bslib', 'cli', 'curl', 'evaluate', 'httr2', 'jsonlite',
  'openssl', 'pillar', 'pkgbuild', 'processx', 'ps', 'purrr', 'R6', 'Rcpp',
  'rlang', 'sessioninfo', 'systemfonts', 'testthat', 'textshaping', 'tinytex',
  'xfun', 'zip', 'class', 'foreign', 'KernSmooth', 'MASS', 'Matrix', 'nlme',
  'nnet', 'rpart', 'spatial'

real	1m59.921s
user	0m33.105s
sys	0m6.167s
