'getOption("repos")' replaces Bioconductor standard repositories, see
'help("repositories", package = "BiocManager")' for details.
Replacement repositories:
    CRAN: https://p3m.dev/cran/__linux__/noble/latest
Bioconductor version 3.20 (BiocManager 1.30.25), R 4.4.2 (2024-10-31)
Installing package(s) 'ANF'
also installing the dependencies ‘prettyGraphs’, ‘ExPosition’, ‘ExperimentHub’, ‘SNFtool’

trying URL 'https://p3m.dev/cran/__linux__/noble/latest/src/contrib/prettyGraphs_2.1.6.tar.gz'
Content type 'binary/octet-stream' length 82183 bytes (80 KB)
==================================================
downloaded 80 KB

trying URL 'https://p3m.dev/cran/__linux__/noble/latest/src/contrib/ExPosition_2.8.23.tar.gz'
Content type 'binary/octet-stream' length 260528 bytes (254 KB)
==================================================
downloaded 254 KB

trying URL 'https://bioconductor.org/packages/3.20/bioc/src/contrib/ExperimentHub_2.14.0.tar.gz'
Content type 'application/x-gzip' length 501239 bytes (489 KB)
==================================================
downloaded 489 KB

trying URL 'https://p3m.dev/cran/__linux__/noble/latest/src/contrib/SNFtool_2.3.1.tar.gz'
Content type 'binary/octet-stream' length 310340 bytes (303 KB)
==================================================
downloaded 303 KB

trying URL 'https://bioconductor.org/packages/3.20/bioc/src/contrib/ANF_1.28.0.tar.gz'
Content type 'application/x-gzip' length 700938 bytes (684 KB)
==================================================
downloaded 684 KB

* installing *binary* package ‘prettyGraphs’ ...
* ‘prettyGraphs’ was already a binary package and will not be rebuilt
* creating tarball
packaged installation of ‘prettyGraphs’ as ‘prettyGraphs_2.1.6_R_x86_64-pc-linux-gnu.tar.gz’
* DONE (prettyGraphs)
* installing *source* package ‘ExperimentHub’ ...
** package ‘ExperimentHub’ successfully unpacked and MD5 sums checked
** using staged installation
** R
** inst
** byte-compile and prepare package for lazy loading
** help
*** installing help indices
** building package indices
** installing vignettes
** testing if installed package can be loaded from temporary location
** testing if installed package can be loaded from final location
** testing if installed package keeps a record of temporary installation path
* creating tarball
packaged installation of ‘ExperimentHub’ as ‘ExperimentHub_2.14.0_R_x86_64-pc-linux-gnu.tar.gz’
* DONE (ExperimentHub)
* installing *source* package ‘ANF’ ...
** package ‘ANF’ successfully unpacked and MD5 sums checked
** using staged installation
** R
** inst
** byte-compile and prepare package for lazy loading
** help
*** installing help indices
** building package indices
** installing vignettes
** testing if installed package can be loaded from temporary location
** testing if installed package can be loaded from final location
** testing if installed package keeps a record of temporary installation path
* creating tarball
packaged installation of ‘ANF’ as ‘ANF_1.28.0_R_x86_64-pc-linux-gnu.tar.gz’
* DONE (ANF)
* installing *binary* package ‘ExPosition’ ...
* ‘ExPosition’ was already a binary package and will not be rebuilt
* creating tarball
packaged installation of ‘ExPosition’ as ‘ExPosition_2.8.23_R_x86_64-pc-linux-gnu.tar.gz’
* DONE (ExPosition)
* installing *binary* package ‘SNFtool’ ...
* ‘SNFtool’ was already a binary package and will not be rebuilt
* creating tarball
packaged installation of ‘SNFtool’ as ‘SNFtool_2.3.1_R_x86_64-pc-linux-gnu.tar.gz’
* DONE (SNFtool)

The downloaded source packages are in
	‘/tmp/RtmpsOAMyZ/downloaded_packages’
Old packages: 'bslib', 'cli', 'curl', 'evaluate', 'httr2', 'jsonlite',
  'openssl', 'pillar', 'pkgbuild', 'processx', 'ps', 'purrr', 'R6', 'Rcpp',
  'rlang', 'sessioninfo', 'systemfonts', 'testthat', 'textshaping', 'tinytex',
  'xfun', 'zip', 'class', 'foreign', 'KernSmooth', 'MASS', 'Matrix', 'nlme',
  'nnet', 'rpart', 'spatial'

real	0m35.971s
user	0m19.383s
sys	0m6.008s
