'getOption("repos")' replaces Bioconductor standard repositories, see
'help("repositories", package = "BiocManager")' for details.
Replacement repositories:
    CRAN: https://p3m.dev/cran/__linux__/noble/latest
Bioconductor version 3.20 (BiocManager 1.30.25), R 4.4.2 (2024-10-31)
Installing package(s) 'ldblock'
also installing the dependencies ‘S4Vectors’, ‘GenomicFeatures’, ‘AnnotationHub’, ‘rtracklayer’, ‘BSgenome’, ‘gwascat’, ‘snpStats’, ‘VariantAnnotation’, ‘ensembldb’, ‘EnsDb.Hsapiens.v75’, ‘GenomicFiles’

trying URL 'https://bioconductor.org/packages/3.20/bioc/src/contrib/S4Vectors_0.44.0.tar.gz'
Content type 'application/x-gzip' length 1076666 bytes (1.0 MB)
==================================================
downloaded 1.0 MB

trying URL 'https://bioconductor.org/packages/3.20/bioc/src/contrib/GenomicFeatures_1.58.0.tar.gz'
Content type 'application/x-gzip' length 571678 bytes (558 KB)
==================================================
downloaded 558 KB

trying URL 'https://bioconductor.org/packages/3.20/bioc/src/contrib/AnnotationHub_3.14.0.tar.gz'
Content type 'application/x-gzip' length 1000948 bytes (977 KB)
==================================================
downloaded 977 KB

trying URL 'https://bioconductor.org/packages/3.20/bioc/src/contrib/rtracklayer_1.66.0.tar.gz'
Content type 'application/x-gzip' length 4112666 bytes (3.9 MB)
==================================================
downloaded 3.9 MB

trying URL 'https://bioconductor.org/packages/3.20/bioc/src/contrib/BSgenome_1.74.0.tar.gz'
Content type 'application/x-gzip' length 5903543 bytes (5.6 MB)
==================================================
downloaded 5.6 MB

trying URL 'https://bioconductor.org/packages/3.20/bioc/src/contrib/gwascat_2.38.0.tar.gz'
Content type 'application/x-gzip' length 35601457 bytes (34.0 MB)
==================================================
downloaded 34.0 MB

trying URL 'https://bioconductor.org/packages/3.20/bioc/src/contrib/snpStats_1.56.0.tar.gz'
Content type 'application/x-gzip' length 8112503 bytes (7.7 MB)
==================================================
downloaded 7.7 MB

trying URL 'https://bioconductor.org/packages/3.20/bioc/src/contrib/VariantAnnotation_1.52.0.tar.gz'
Content type 'application/x-gzip' length 2146415 bytes (2.0 MB)
==================================================
downloaded 2.0 MB

trying URL 'https://bioconductor.org/packages/3.20/bioc/src/contrib/ensembldb_2.30.0.tar.gz'
Content type 'application/x-gzip' length 3540522 bytes (3.4 MB)
==================================================
downloaded 3.4 MB

trying URL 'https://bioconductor.org/packages/3.20/data/annotation/src/contrib/EnsDb.Hsapiens.v75_2.99.0.tar.gz'
Content type 'application/x-gzip' length 79029669 bytes (75.4 MB)
==================================================
downloaded 75.4 MB

trying URL 'https://bioconductor.org/packages/3.20/bioc/src/contrib/GenomicFiles_1.42.0.tar.gz'
Content type 'application/x-gzip' length 730867 bytes (713 KB)
==================================================
downloaded 713 KB

trying URL 'https://bioconductor.org/packages/3.20/bioc/src/contrib/ldblock_1.36.0.tar.gz'
Content type 'application/x-gzip' length 42050530 bytes (40.1 MB)
==================================================
downloaded 40.1 MB

ERROR: failed to lock directory ‘/mnt/library’ for modifying
Try removing ‘/mnt/library/00LOCK-S4Vectors’
* installing *source* package ‘snpStats’ ...
** package ‘snpStats’ successfully unpacked and MD5 sums checked
** using staged installation
** libs
using C compiler: ‘gcc (Ubuntu 13.3.0-6ubuntu2~24.04) 13.3.0’
gcc -I"/usr/local/lib/R/include" -DNDEBUG   -I/usr/local/include    -fpic  -g -O2 -fstack-protector-strong -Wformat -Wformat-security -Wdate-time -D_FORTIFY_SOURCE=2 -g  -c Runcertain.c -o Runcertain.o
gcc -I"/usr/local/lib/R/include" -DNDEBUG   -I/usr/local/include    -fpic  -g -O2 -fstack-protector-strong -Wformat -Wformat-security -Wdate-time -D_FORTIFY_SOURCE=2 -g  -c bind.c -o bind.o
bind.c: In function ‘snp_cbind’:
bind.c:243:56: warning: format ‘%d’ expects argument of type ‘int’, but argument 2 has type ‘R_xlen_t’ {aka ‘long int’} [-Wformat=]
  243 |               error("Duplicated column name at column %d overall from column %d of object %d", ij+1, j+1, i+1);
      |                                                       ~^                                       ~~~~
      |                                                        |                                         |
      |                                                        int                                       R_xlen_t {aka long int}
      |                                                       %ld
gcc -I"/usr/local/lib/R/include" -DNDEBUG   -I/usr/local/include    -fpic  -g -O2 -fstack-protector-strong -Wformat -Wformat-security -Wdate-time -D_FORTIFY_SOURCE=2 -g  -c count_gt.c -o count_gt.o
gcc -I"/usr/local/lib/R/include" -DNDEBUG   -I/usr/local/include    -fpic  -g -O2 -fstack-protector-strong -Wformat -Wformat-security -Wdate-time -D_FORTIFY_SOURCE=2 -g  -c covwin.c -o covwin.o
gcc -I"/usr/local/lib/R/include" -DNDEBUG   -I/usr/local/include    -fpic  -g -O2 -fstack-protector-strong -Wformat -Wformat-security -Wdate-time -D_FORTIFY_SOURCE=2 -g  -c force_hom.c -o force_hom.o
gcc -I"/usr/local/lib/R/include" -DNDEBUG   -I/usr/local/include    -fpic  -g -O2 -fstack-protector-strong -Wformat -Wformat-security -Wdate-time -D_FORTIFY_SOURCE=2 -g  -c fst.c -o fst.o
gcc -I"/usr/local/lib/R/include" -DNDEBUG   -I/usr/local/include    -fpic  -g -O2 -fstack-protector-strong -Wformat -Wformat-security -Wdate-time -D_FORTIFY_SOURCE=2 -g  -c glm_test.c -o glm_test.o
gcc -I"/usr/local/lib/R/include" -DNDEBUG   -I/usr/local/include    -fpic  -g -O2 -fstack-protector-strong -Wformat -Wformat-security -Wdate-time -D_FORTIFY_SOURCE=2 -g  -c glm_test_R.c -o glm_test_R.o
glm_test_R.c: In function ‘snp_lhs_score’:
glm_test_R.c:305:17: warning: too many arguments for format [-Wformat-extra-args]
  305 |         warning("Matrix not positive semi-definite in test ", t+1);
      |                 ^~~~~~~~~~~~~~~~~~~~~~~~~~~~~~~~~~~~~~~~~~~~
glm_test_R.c: In function ‘snp_rhs_score’:
glm_test_R.c:805:17: warning: too many arguments for format [-Wformat-extra-args]
  805 |         warning("Matrix not positive semi-definite in test ", test+1);
      |                 ^~~~~~~~~~~~~~~~~~~~~~~~~~~~~~~~~~~~~~~~~~~~
glm_test_R.c: In function ‘pool2_glm’:
glm_test_R.c:937:17: warning: too many arguments for format [-Wformat-extra-args]
  937 |         warning("Matrix not positive semi-definite in pooled test ", i+1);
      |                 ^~~~~~~~~~~~~~~~~~~~~~~~~~~~~~~~~~~~~~~~~~~~~~~~~~~
gcc -I"/usr/local/lib/R/include" -DNDEBUG   -I/usr/local/include    -fpic  -g -O2 -fstack-protector-strong -Wformat -Wformat-security -Wdate-time -D_FORTIFY_SOURCE=2 -g  -c hash_index.c -o hash_index.o
gcc -I"/usr/local/lib/R/include" -DNDEBUG   -I/usr/local/include    -fpic  -g -O2 -fstack-protector-strong -Wformat -Wformat-security -Wdate-time -D_FORTIFY_SOURCE=2 -g  -c hphase.c -o hphase.o
gcc -I"/usr/local/lib/R/include" -DNDEBUG   -I/usr/local/include    -fpic  -g -O2 -fstack-protector-strong -Wformat -Wformat-security -Wdate-time -D_FORTIFY_SOURCE=2 -g  -c imputation.c -o imputation.o
gcc -I"/usr/local/lib/R/include" -DNDEBUG   -I/usr/local/include    -fpic  -g -O2 -fstack-protector-strong -Wformat -Wformat-security -Wdate-time -D_FORTIFY_SOURCE=2 -g  -c in.c -o in.o
gcc -I"/usr/local/lib/R/include" -DNDEBUG   -I/usr/local/include    -fpic  -g -O2 -fstack-protector-strong -Wformat -Wformat-security -Wdate-time -D_FORTIFY_SOURCE=2 -g  -c input.c -o input.o
gcc -I"/usr/local/lib/R/include" -DNDEBUG   -I/usr/local/include    -fpic  -g -O2 -fstack-protector-strong -Wformat -Wformat-security -Wdate-time -D_FORTIFY_SOURCE=2 -g  -c invert.c -o invert.o
gcc -I"/usr/local/lib/R/include" -DNDEBUG   -I/usr/local/include    -fpic  -g -O2 -fstack-protector-strong -Wformat -Wformat-security -Wdate-time -D_FORTIFY_SOURCE=2 -g  -c ipf.c -o ipf.o
gcc -I"/usr/local/lib/R/include" -DNDEBUG   -I/usr/local/include    -fpic  -g -O2 -fstack-protector-strong -Wformat -Wformat-security -Wdate-time -D_FORTIFY_SOURCE=2 -g  -c ld.c -o ld.o
gcc -I"/usr/local/lib/R/include" -DNDEBUG   -I/usr/local/include    -fpic  -g -O2 -fstack-protector-strong -Wformat -Wformat-security -Wdate-time -D_FORTIFY_SOURCE=2 -g  -c misc.c -o misc.o
gcc -I"/usr/local/lib/R/include" -DNDEBUG   -I/usr/local/include    -fpic  -g -O2 -fstack-protector-strong -Wformat -Wformat-security -Wdate-time -D_FORTIFY_SOURCE=2 -g  -c mla.c -o mla.o
gcc -I"/usr/local/lib/R/include" -DNDEBUG   -I/usr/local/include    -fpic  -g -O2 -fstack-protector-strong -Wformat -Wformat-security -Wdate-time -D_FORTIFY_SOURCE=2 -g  -c mvphenotype.c -o mvphenotype.o
gcc -I"/usr/local/lib/R/include" -DNDEBUG   -I/usr/local/include    -fpic  -g -O2 -fstack-protector-strong -Wformat -Wformat-security -Wdate-time -D_FORTIFY_SOURCE=2 -g  -c outdata.c -o outdata.o
gcc -I"/usr/local/lib/R/include" -DNDEBUG   -I/usr/local/include    -fpic  -g -O2 -fstack-protector-strong -Wformat -Wformat-security -Wdate-time -D_FORTIFY_SOURCE=2 -g  -c plink.c -o plink.o
gcc -I"/usr/local/lib/R/include" -DNDEBUG   -I/usr/local/include    -fpic  -g -O2 -fstack-protector-strong -Wformat -Wformat-security -Wdate-time -D_FORTIFY_SOURCE=2 -g  -c read_uncertain.c -o read_uncertain.o
read_uncertain.c: In function ‘read_mach’:
read_uncertain.c:103:36: warning: format ‘%d’ expects argument of type ‘int’, but argument 2 has type ‘long int’ [-Wformat=]
  103 |   Rprintf("Reading SnpMatrix with %d rows and %d columns\n", lines, ncol);
      |                                   ~^                         ~~~~~
      |                                    |                         |
      |                                    int                       long int
      |                                   %ld
gcc -I"/usr/local/lib/R/include" -DNDEBUG   -I/usr/local/include    -fpic  -g -O2 -fstack-protector-strong -Wformat -Wformat-security -Wdate-time -D_FORTIFY_SOURCE=2 -g  -c readped.c -o readped.o
readped.c: In function ‘readped’:
readped.c:234:33: warning: ‘%d’ directive output may be truncated writing between 1 and 11 bytes into a region of size between 0 and 127 [-Wformat-truncation=]
  234 |     snprintf(fmid, MAX_ID, "%s%c%d", fid, sepchar, memi);
      |                                 ^~
In file included from /usr/include/stdio.h:980,
                 from /usr/local/lib/R/include/R.h:44,
                 from readped.c:3:
In function ‘snprintf’,
    inlined from ‘readped’ at readped.c:234:5:
/usr/include/x86_64-linux-gnu/bits/stdio2.h:54:10: note: ‘__builtin___snprintf_chk’ output between 3 and 140 bytes into a destination of size 128
   54 |   return __builtin___snprintf_chk (__s, __n, __USE_FORTIFY_LEVEL - 1,
      |          ^~~~~~~~~~~~~~~~~~~~~~~~~~~~~~~~~~~~~~~~~~~~~~~~~~~~~~~~~~~~
   55 |                                    __glibc_objsize (__s), __fmt,
      |                                    ~~~~~~~~~~~~~~~~~~~~~~~~~~~~~
   56 |                                    __va_arg_pack ());
      |                                    ~~~~~~~~~~~~~~~~~
gcc -I"/usr/local/lib/R/include" -DNDEBUG   -I/usr/local/include    -fpic  -g -O2 -fstack-protector-strong -Wformat -Wformat-security -Wdate-time -D_FORTIFY_SOURCE=2 -g  -c single_snp_tests.c -o single_snp_tests.o
gcc -I"/usr/local/lib/R/include" -DNDEBUG   -I/usr/local/include    -fpic  -g -O2 -fstack-protector-strong -Wformat -Wformat-security -Wdate-time -D_FORTIFY_SOURCE=2 -g  -c snp_summary.c -o snp_summary.o
gcc -I"/usr/local/lib/R/include" -DNDEBUG   -I/usr/local/include    -fpic  -g -O2 -fstack-protector-strong -Wformat -Wformat-security -Wdate-time -D_FORTIFY_SOURCE=2 -g  -c snpmpy.c -o snpmpy.o
gcc -I"/usr/local/lib/R/include" -DNDEBUG   -I/usr/local/include    -fpic  -g -O2 -fstack-protector-strong -Wformat -Wformat-security -Wdate-time -D_FORTIFY_SOURCE=2 -g  -c solve_cubic.c -o solve_cubic.o
gcc -I"/usr/local/lib/R/include" -DNDEBUG   -I/usr/local/include    -fpic  -g -O2 -fstack-protector-strong -Wformat -Wformat-security -Wdate-time -D_FORTIFY_SOURCE=2 -g  -c structure.c -o structure.o
gcc -I"/usr/local/lib/R/include" -DNDEBUG   -I/usr/local/include    -fpic  -g -O2 -fstack-protector-strong -Wformat -Wformat-security -Wdate-time -D_FORTIFY_SOURCE=2 -g  -c subset.c -o subset.o
gcc -I"/usr/local/lib/R/include" -DNDEBUG   -I/usr/local/include    -fpic  -g -O2 -fstack-protector-strong -Wformat -Wformat-security -Wdate-time -D_FORTIFY_SOURCE=2 -g  -c switch.c -o switch.o
gcc -I"/usr/local/lib/R/include" -DNDEBUG   -I/usr/local/include    -fpic  -g -O2 -fstack-protector-strong -Wformat -Wformat-security -Wdate-time -D_FORTIFY_SOURCE=2 -g  -c tdt.c -o tdt.o
gcc -I"/usr/local/lib/R/include" -DNDEBUG   -I/usr/local/include    -fpic  -g -O2 -fstack-protector-strong -Wformat -Wformat-security -Wdate-time -D_FORTIFY_SOURCE=2 -g  -c testBig.c -o testBig.o
testBig.c: In function ‘snp_big’:
testBig.c:31:27: warning: ‘%d’ directive writing between 1 and 10 bytes into a region of size 9 [-Wformat-overflow=]
   31 |     sprintf(name, "Subject%d", i+1);
      |                           ^~
testBig.c:31:19: note: directive argument in the range [1, 2147483647]
   31 |     sprintf(name, "Subject%d", i+1);
      |                   ^~~~~~~~~~~
In file included from /usr/include/stdio.h:980,
                 from /usr/local/lib/R/include/R.h:44,
                 from testBig.c:1:
In function ‘sprintf’,
    inlined from ‘snp_big’ at testBig.c:31:5:
/usr/include/x86_64-linux-gnu/bits/stdio2.h:30:10: note: ‘__builtin___sprintf_chk’ output between 9 and 18 bytes into a destination of size 16
   30 |   return __builtin___sprintf_chk (__s, __USE_FORTIFY_LEVEL - 1,
      |          ^~~~~~~~~~~~~~~~~~~~~~~~~~~~~~~~~~~~~~~~~~~~~~~~~~~~~~
   31 |                                   __glibc_objsize (__s), __fmt,
      |                                   ~~~~~~~~~~~~~~~~~~~~~~~~~~~~~
   32 |                                   __va_arg_pack ());
      |                                   ~~~~~~~~~~~~~~~~~
gcc -I"/usr/local/lib/R/include" -DNDEBUG   -I/usr/local/include    -fpic  -g -O2 -fstack-protector-strong -Wformat -Wformat-security -Wdate-time -D_FORTIFY_SOURCE=2 -g  -c uncertain.c -o uncertain.o
gcc -shared -L/usr/local/lib/R/lib -L/usr/local/lib -o snpStats.so Runcertain.o bind.o count_gt.o covwin.o force_hom.o fst.o glm_test.o glm_test_R.o hash_index.o hphase.o imputation.o in.o input.o invert.o ipf.o ld.o misc.o mla.o mvphenotype.o outdata.o plink.o read_uncertain.o readped.o single_snp_tests.o snp_summary.o snpmpy.o solve_cubic.o structure.o subset.o switch.o tdt.o testBig.o uncertain.o -lz -L/usr/local/lib/R/lib -lR
installing to /mnt/library/00LOCK-snpStats/00new/snpStats/libs
** R
** data
** inst
** byte-compile and prepare package for lazy loading
** help
*** installing help indices
** building package indices
** installing vignettes
** testing if installed package can be loaded from temporary location
** checking absolute paths in shared objects and dynamic libraries
** testing if installed package can be loaded from final location
** testing if installed package keeps a record of temporary installation path
* creating tarball
packaged installation of ‘snpStats’ as ‘snpStats_1.56.0_R_x86_64-pc-linux-gnu.tar.gz’
* DONE (snpStats)
* installing *source* package ‘ldblock’ ...
** package ‘ldblock’ successfully unpacked and MD5 sums checked
** using staged installation
** R
** data
** inst
** byte-compile and prepare package for lazy loading
** help
*** installing help indices
** building package indices
** installing vignettes
** testing if installed package can be loaded from temporary location
** testing if installed package can be loaded from final location
** testing if installed package keeps a record of temporary installation path
* creating tarball
packaged installation of ‘ldblock’ as ‘ldblock_1.36.0_R_x86_64-pc-linux-gnu.tar.gz’
* DONE (ldblock)
* installing *source* package ‘AnnotationHub’ ...
** package ‘AnnotationHub’ successfully unpacked and MD5 sums checked
** using staged installation
** R
** inst
** byte-compile and prepare package for lazy loading
** help
*** installing help indices
** building package indices
** installing vignettes
** testing if installed package can be loaded from temporary location
** testing if installed package can be loaded from final location
** testing if installed package keeps a record of temporary installation path
* creating tarball
packaged installation of ‘AnnotationHub’ as ‘AnnotationHub_3.14.0_R_x86_64-pc-linux-gnu.tar.gz’
* DONE (AnnotationHub)
* installing *source* package ‘rtracklayer’ ...
** package ‘rtracklayer’ successfully unpacked and MD5 sums checked
** using staged installation
checking for pkg-config... /usr/bin/pkg-config
checking pkg-config is at least version 0.9.0... yes
checking for OPENSSL... yes
configure: creating ./config.status
config.status: creating src/Makevars
** libs
using C compiler: ‘gcc (Ubuntu 13.3.0-6ubuntu2~24.04) 13.3.0’
gcc -I"/usr/local/lib/R/include" -DNDEBUG -DUSE_SSL -D_FILE_OFFSET_BITS=64 -I'/mnt/library/S4Vectors/include' -I'/mnt/library/IRanges/include' -I'/mnt/library/XVector/include' -I/usr/local/include    -fpic  -g -O2 -fstack-protector-strong -Wformat -Wformat-security -Wdate-time -D_FORTIFY_SOURCE=2 -g  -c S4Vectors_stubs.c -o S4Vectors_stubs.o
gcc -I"/usr/local/lib/R/include" -DNDEBUG -DUSE_SSL -D_FILE_OFFSET_BITS=64 -I'/mnt/library/S4Vectors/include' -I'/mnt/library/IRanges/include' -I'/mnt/library/XVector/include' -I/usr/local/include    -fpic  -g -O2 -fstack-protector-strong -Wformat -Wformat-security -Wdate-time -D_FORTIFY_SOURCE=2 -g  -c IRanges_stubs.c -o IRanges_stubs.o
gcc -I"/usr/local/lib/R/include" -DNDEBUG -DUSE_SSL -D_FILE_OFFSET_BITS=64 -I'/mnt/library/S4Vectors/include' -I'/mnt/library/IRanges/include' -I'/mnt/library/XVector/include' -I/usr/local/include    -fpic  -g -O2 -fstack-protector-strong -Wformat -Wformat-security -Wdate-time -D_FORTIFY_SOURCE=2 -g  -c XVector_stubs.c -o XVector_stubs.o
gcc -I"/usr/local/lib/R/include" -DNDEBUG -DUSE_SSL -D_FILE_OFFSET_BITS=64 -I'/mnt/library/S4Vectors/include' -I'/mnt/library/IRanges/include' -I'/mnt/library/XVector/include' -I/usr/local/include    -fpic  -g -O2 -fstack-protector-strong -Wformat -Wformat-security -Wdate-time -D_FORTIFY_SOURCE=2 -g  -c R_init_rtracklayer.c -o R_init_rtracklayer.o
gcc -I"/usr/local/lib/R/include" -DNDEBUG -DUSE_SSL -D_FILE_OFFSET_BITS=64 -I'/mnt/library/S4Vectors/include' -I'/mnt/library/IRanges/include' -I'/mnt/library/XVector/include' -I/usr/local/include    -fpic  -g -O2 -fstack-protector-strong -Wformat -Wformat-security -Wdate-time -D_FORTIFY_SOURCE=2 -g  -c readGFF.c -o readGFF.o
gcc -I"/usr/local/lib/R/include" -DNDEBUG -DUSE_SSL -D_FILE_OFFSET_BITS=64 -I'/mnt/library/S4Vectors/include' -I'/mnt/library/IRanges/include' -I'/mnt/library/XVector/include' -I/usr/local/include    -fpic  -g -O2 -fstack-protector-strong -Wformat -Wformat-security -Wdate-time -D_FORTIFY_SOURCE=2 -g  -c bbiHelper.c -o bbiHelper.o
gcc -I"/usr/local/lib/R/include" -DNDEBUG -DUSE_SSL -D_FILE_OFFSET_BITS=64 -I'/mnt/library/S4Vectors/include' -I'/mnt/library/IRanges/include' -I'/mnt/library/XVector/include' -I/usr/local/include    -fpic  -g -O2 -fstack-protector-strong -Wformat -Wformat-security -Wdate-time -D_FORTIFY_SOURCE=2 -g  -c bigWig.c -o bigWig.o
gcc -I"/usr/local/lib/R/include" -DNDEBUG -DUSE_SSL -D_FILE_OFFSET_BITS=64 -I'/mnt/library/S4Vectors/include' -I'/mnt/library/IRanges/include' -I'/mnt/library/XVector/include' -I/usr/local/include    -fpic  -g -O2 -fstack-protector-strong -Wformat -Wformat-security -Wdate-time -D_FORTIFY_SOURCE=2 -g  -c bigBedHelper.c -o bigBedHelper.o
gcc -I"/usr/local/lib/R/include" -DNDEBUG -DUSE_SSL -D_FILE_OFFSET_BITS=64 -I'/mnt/library/S4Vectors/include' -I'/mnt/library/IRanges/include' -I'/mnt/library/XVector/include' -I/usr/local/include    -fpic  -g -O2 -fstack-protector-strong -Wformat -Wformat-security -Wdate-time -D_FORTIFY_SOURCE=2 -g  -c bigBed.c -o bigBed.o
gcc -I"/usr/local/lib/R/include" -DNDEBUG -DUSE_SSL -D_FILE_OFFSET_BITS=64 -I'/mnt/library/S4Vectors/include' -I'/mnt/library/IRanges/include' -I'/mnt/library/XVector/include' -I/usr/local/include    -fpic  -g -O2 -fstack-protector-strong -Wformat -Wformat-security -Wdate-time -D_FORTIFY_SOURCE=2 -g  -c chain_io.c -o chain_io.o
gcc -I"/usr/local/lib/R/include" -DNDEBUG -DUSE_SSL -D_FILE_OFFSET_BITS=64 -I'/mnt/library/S4Vectors/include' -I'/mnt/library/IRanges/include' -I'/mnt/library/XVector/include' -I/usr/local/include    -fpic  -g -O2 -fstack-protector-strong -Wformat -Wformat-security -Wdate-time -D_FORTIFY_SOURCE=2 -g  -c twoBit.c -o twoBit.o
gcc -I"/usr/local/lib/R/include" -DNDEBUG -DUSE_SSL -D_FILE_OFFSET_BITS=64 -I'/mnt/library/S4Vectors/include' -I'/mnt/library/IRanges/include' -I'/mnt/library/XVector/include' -I/usr/local/include    -fpic  -g -O2 -fstack-protector-strong -Wformat -Wformat-security -Wdate-time -D_FORTIFY_SOURCE=2 -g  -c handlers.c -o handlers.o
gcc -I"/usr/local/lib/R/include" -DNDEBUG -DUSE_SSL -D_FILE_OFFSET_BITS=64 -I'/mnt/library/S4Vectors/include' -I'/mnt/library/IRanges/include' -I'/mnt/library/XVector/include' -I/usr/local/include    -fpic  -g -O2 -fstack-protector-strong -Wformat -Wformat-security -Wdate-time -D_FORTIFY_SOURCE=2 -g  -c utils.c -o utils.o
gcc -I"/usr/local/lib/R/include" -DNDEBUG -DUSE_SSL -D_FILE_OFFSET_BITS=64 -I'/mnt/library/S4Vectors/include' -I'/mnt/library/IRanges/include' -I'/mnt/library/XVector/include' -I/usr/local/include    -fpic  -g -O2 -fstack-protector-strong -Wformat -Wformat-security -Wdate-time -D_FORTIFY_SOURCE=2 -g  -c ucsc/memgfx.c -o ucsc/memgfx.o
gcc -I"/usr/local/lib/R/include" -DNDEBUG -DUSE_SSL -D_FILE_OFFSET_BITS=64 -I'/mnt/library/S4Vectors/include' -I'/mnt/library/IRanges/include' -I'/mnt/library/XVector/include' -I/usr/local/include    -fpic  -g -O2 -fstack-protector-strong -Wformat -Wformat-security -Wdate-time -D_FORTIFY_SOURCE=2 -g  -c ucsc/binRange.c -o ucsc/binRange.o
gcc -I"/usr/local/lib/R/include" -DNDEBUG -DUSE_SSL -D_FILE_OFFSET_BITS=64 -I'/mnt/library/S4Vectors/include' -I'/mnt/library/IRanges/include' -I'/mnt/library/XVector/include' -I/usr/local/include    -fpic  -g -O2 -fstack-protector-strong -Wformat -Wformat-security -Wdate-time -D_FORTIFY_SOURCE=2 -g  -c ucsc/htmlColor.c -o ucsc/htmlColor.o
gcc -I"/usr/local/lib/R/include" -DNDEBUG -DUSE_SSL -D_FILE_OFFSET_BITS=64 -I'/mnt/library/S4Vectors/include' -I'/mnt/library/IRanges/include' -I'/mnt/library/XVector/include' -I/usr/local/include    -fpic  -g -O2 -fstack-protector-strong -Wformat -Wformat-security -Wdate-time -D_FORTIFY_SOURCE=2 -g  -c ucsc/sqlList.c -o ucsc/sqlList.o
gcc -I"/usr/local/lib/R/include" -DNDEBUG -DUSE_SSL -D_FILE_OFFSET_BITS=64 -I'/mnt/library/S4Vectors/include' -I'/mnt/library/IRanges/include' -I'/mnt/library/XVector/include' -I/usr/local/include    -fpic  -g -O2 -fstack-protector-strong -Wformat -Wformat-security -Wdate-time -D_FORTIFY_SOURCE=2 -g  -c ucsc/tokenizer.c -o ucsc/tokenizer.o
gcc -I"/usr/local/lib/R/include" -DNDEBUG -DUSE_SSL -D_FILE_OFFSET_BITS=64 -I'/mnt/library/S4Vectors/include' -I'/mnt/library/IRanges/include' -I'/mnt/library/XVector/include' -I/usr/local/include    -fpic  -g -O2 -fstack-protector-strong -Wformat -Wformat-security -Wdate-time -D_FORTIFY_SOURCE=2 -g  -c ucsc/asParse.c -o ucsc/asParse.o
gcc -I"/usr/local/lib/R/include" -DNDEBUG -DUSE_SSL -D_FILE_OFFSET_BITS=64 -I'/mnt/library/S4Vectors/include' -I'/mnt/library/IRanges/include' -I'/mnt/library/XVector/include' -I/usr/local/include    -fpic  -g -O2 -fstack-protector-strong -Wformat -Wformat-security -Wdate-time -D_FORTIFY_SOURCE=2 -g  -c ucsc/basicBed.c -o ucsc/basicBed.o
gcc -I"/usr/local/lib/R/include" -DNDEBUG -DUSE_SSL -D_FILE_OFFSET_BITS=64 -I'/mnt/library/S4Vectors/include' -I'/mnt/library/IRanges/include' -I'/mnt/library/XVector/include' -I/usr/local/include    -fpic  -g -O2 -fstack-protector-strong -Wformat -Wformat-security -Wdate-time -D_FORTIFY_SOURCE=2 -g  -c ucsc/bigBed.c -o ucsc/bigBed.o
gcc -I"/usr/local/lib/R/include" -DNDEBUG -DUSE_SSL -D_FILE_OFFSET_BITS=64 -I'/mnt/library/S4Vectors/include' -I'/mnt/library/IRanges/include' -I'/mnt/library/XVector/include' -I/usr/local/include    -fpic  -g -O2 -fstack-protector-strong -Wformat -Wformat-security -Wdate-time -D_FORTIFY_SOURCE=2 -g  -c ucsc/bPlusTree.c -o ucsc/bPlusTree.o
gcc -I"/usr/local/lib/R/include" -DNDEBUG -DUSE_SSL -D_FILE_OFFSET_BITS=64 -I'/mnt/library/S4Vectors/include' -I'/mnt/library/IRanges/include' -I'/mnt/library/XVector/include' -I/usr/local/include    -fpic  -g -O2 -fstack-protector-strong -Wformat -Wformat-security -Wdate-time -D_FORTIFY_SOURCE=2 -g  -c ucsc/bbiRead.c -o ucsc/bbiRead.o
gcc -I"/usr/local/lib/R/include" -DNDEBUG -DUSE_SSL -D_FILE_OFFSET_BITS=64 -I'/mnt/library/S4Vectors/include' -I'/mnt/library/IRanges/include' -I'/mnt/library/XVector/include' -I/usr/local/include    -fpic  -g -O2 -fstack-protector-strong -Wformat -Wformat-security -Wdate-time -D_FORTIFY_SOURCE=2 -g  -c ucsc/bbiWrite.c -o ucsc/bbiWrite.o
gcc -I"/usr/local/lib/R/include" -DNDEBUG -DUSE_SSL -D_FILE_OFFSET_BITS=64 -I'/mnt/library/S4Vectors/include' -I'/mnt/library/IRanges/include' -I'/mnt/library/XVector/include' -I/usr/local/include    -fpic  -g -O2 -fstack-protector-strong -Wformat -Wformat-security -Wdate-time -D_FORTIFY_SOURCE=2 -g  -c ucsc/bwgCreate.c -o ucsc/bwgCreate.o
gcc -I"/usr/local/lib/R/include" -DNDEBUG -DUSE_SSL -D_FILE_OFFSET_BITS=64 -I'/mnt/library/S4Vectors/include' -I'/mnt/library/IRanges/include' -I'/mnt/library/XVector/include' -I/usr/local/include    -fpic  -g -O2 -fstack-protector-strong -Wformat -Wformat-security -Wdate-time -D_FORTIFY_SOURCE=2 -g  -c ucsc/bwgQuery.c -o ucsc/bwgQuery.o
gcc -I"/usr/local/lib/R/include" -DNDEBUG -DUSE_SSL -D_FILE_OFFSET_BITS=64 -I'/mnt/library/S4Vectors/include' -I'/mnt/library/IRanges/include' -I'/mnt/library/XVector/include' -I/usr/local/include    -fpic  -g -O2 -fstack-protector-strong -Wformat -Wformat-security -Wdate-time -D_FORTIFY_SOURCE=2 -g  -c ucsc/cirTree.c -o ucsc/cirTree.o
gcc -I"/usr/local/lib/R/include" -DNDEBUG -DUSE_SSL -D_FILE_OFFSET_BITS=64 -I'/mnt/library/S4Vectors/include' -I'/mnt/library/IRanges/include' -I'/mnt/library/XVector/include' -I/usr/local/include    -fpic  -g -O2 -fstack-protector-strong -Wformat -Wformat-security -Wdate-time -D_FORTIFY_SOURCE=2 -g  -c ucsc/common.c -o ucsc/common.o
gcc -I"/usr/local/lib/R/include" -DNDEBUG -DUSE_SSL -D_FILE_OFFSET_BITS=64 -I'/mnt/library/S4Vectors/include' -I'/mnt/library/IRanges/include' -I'/mnt/library/XVector/include' -I/usr/local/include    -fpic  -g -O2 -fstack-protector-strong -Wformat -Wformat-security -Wdate-time -D_FORTIFY_SOURCE=2 -g  -c ucsc/dnaseq.c -o ucsc/dnaseq.o
gcc -I"/usr/local/lib/R/include" -DNDEBUG -DUSE_SSL -D_FILE_OFFSET_BITS=64 -I'/mnt/library/S4Vectors/include' -I'/mnt/library/IRanges/include' -I'/mnt/library/XVector/include' -I/usr/local/include    -fpic  -g -O2 -fstack-protector-strong -Wformat -Wformat-security -Wdate-time -D_FORTIFY_SOURCE=2 -g  -c ucsc/dnautil.c -o ucsc/dnautil.o
gcc -I"/usr/local/lib/R/include" -DNDEBUG -DUSE_SSL -D_FILE_OFFSET_BITS=64 -I'/mnt/library/S4Vectors/include' -I'/mnt/library/IRanges/include' -I'/mnt/library/XVector/include' -I/usr/local/include    -fpic  -g -O2 -fstack-protector-strong -Wformat -Wformat-security -Wdate-time -D_FORTIFY_SOURCE=2 -g  -c ucsc/errAbort.c -o ucsc/errAbort.o
ucsc/errAbort.c: In function ‘getThreadVars’:
ucsc/errAbort.c:255:5: warning: ignoring return value of ‘write’ declared with attribute ‘warn_unused_result’ [-Wunused-result]
  255 |     write(STDERR_FILENO, errMsg, strlen(errMsg));
      |     ^~~~~~~~~~~~~~~~~~~~~~~~~~~~~~~~~~~~~~~~~~~~
gcc -I"/usr/local/lib/R/include" -DNDEBUG -DUSE_SSL -D_FILE_OFFSET_BITS=64 -I'/mnt/library/S4Vectors/include' -I'/mnt/library/IRanges/include' -I'/mnt/library/XVector/include' -I/usr/local/include    -fpic  -g -O2 -fstack-protector-strong -Wformat -Wformat-security -Wdate-time -D_FORTIFY_SOURCE=2 -g  -c ucsc/hash.c -o ucsc/hash.o
gcc -I"/usr/local/lib/R/include" -DNDEBUG -DUSE_SSL -D_FILE_OFFSET_BITS=64 -I'/mnt/library/S4Vectors/include' -I'/mnt/library/IRanges/include' -I'/mnt/library/XVector/include' -I/usr/local/include    -fpic  -g -O2 -fstack-protector-strong -Wformat -Wformat-security -Wdate-time -D_FORTIFY_SOURCE=2 -g  -c ucsc/linefile.c -o ucsc/linefile.o
gcc -I"/usr/local/lib/R/include" -DNDEBUG -DUSE_SSL -D_FILE_OFFSET_BITS=64 -I'/mnt/library/S4Vectors/include' -I'/mnt/library/IRanges/include' -I'/mnt/library/XVector/include' -I/usr/local/include    -fpic  -g -O2 -fstack-protector-strong -Wformat -Wformat-security -Wdate-time -D_FORTIFY_SOURCE=2 -g  -c ucsc/localmem.c -o ucsc/localmem.o
gcc -I"/usr/local/lib/R/include" -DNDEBUG -DUSE_SSL -D_FILE_OFFSET_BITS=64 -I'/mnt/library/S4Vectors/include' -I'/mnt/library/IRanges/include' -I'/mnt/library/XVector/include' -I/usr/local/include    -fpic  -g -O2 -fstack-protector-strong -Wformat -Wformat-security -Wdate-time -D_FORTIFY_SOURCE=2 -g  -c ucsc/sqlNum.c -o ucsc/sqlNum.o
gcc -I"/usr/local/lib/R/include" -DNDEBUG -DUSE_SSL -D_FILE_OFFSET_BITS=64 -I'/mnt/library/S4Vectors/include' -I'/mnt/library/IRanges/include' -I'/mnt/library/XVector/include' -I/usr/local/include    -fpic  -g -O2 -fstack-protector-strong -Wformat -Wformat-security -Wdate-time -D_FORTIFY_SOURCE=2 -g  -c ucsc/zlibFace.c -o ucsc/zlibFace.o
gcc -I"/usr/local/lib/R/include" -DNDEBUG -DUSE_SSL -D_FILE_OFFSET_BITS=64 -I'/mnt/library/S4Vectors/include' -I'/mnt/library/IRanges/include' -I'/mnt/library/XVector/include' -I/usr/local/include    -fpic  -g -O2 -fstack-protector-strong -Wformat -Wformat-security -Wdate-time -D_FORTIFY_SOURCE=2 -g  -c ucsc/dystring.c -o ucsc/dystring.o
gcc -I"/usr/local/lib/R/include" -DNDEBUG -DUSE_SSL -D_FILE_OFFSET_BITS=64 -I'/mnt/library/S4Vectors/include' -I'/mnt/library/IRanges/include' -I'/mnt/library/XVector/include' -I/usr/local/include    -fpic  -g -O2 -fstack-protector-strong -Wformat -Wformat-security -Wdate-time -D_FORTIFY_SOURCE=2 -g  -c ucsc/hmmstats.c -o ucsc/hmmstats.o
gcc -I"/usr/local/lib/R/include" -DNDEBUG -DUSE_SSL -D_FILE_OFFSET_BITS=64 -I'/mnt/library/S4Vectors/include' -I'/mnt/library/IRanges/include' -I'/mnt/library/XVector/include' -I/usr/local/include    -fpic  -g -O2 -fstack-protector-strong -Wformat -Wformat-security -Wdate-time -D_FORTIFY_SOURCE=2 -g  -c ucsc/obscure.c -o ucsc/obscure.o
gcc -I"/usr/local/lib/R/include" -DNDEBUG -DUSE_SSL -D_FILE_OFFSET_BITS=64 -I'/mnt/library/S4Vectors/include' -I'/mnt/library/IRanges/include' -I'/mnt/library/XVector/include' -I/usr/local/include    -fpic  -g -O2 -fstack-protector-strong -Wformat -Wformat-security -Wdate-time -D_FORTIFY_SOURCE=2 -g  -c ucsc/pipeline.c -o ucsc/pipeline.o
gcc -I"/usr/local/lib/R/include" -DNDEBUG -DUSE_SSL -D_FILE_OFFSET_BITS=64 -I'/mnt/library/S4Vectors/include' -I'/mnt/library/IRanges/include' -I'/mnt/library/XVector/include' -I/usr/local/include    -fpic  -g -O2 -fstack-protector-strong -Wformat -Wformat-security -Wdate-time -D_FORTIFY_SOURCE=2 -g  -c ucsc/rangeTree.c -o ucsc/rangeTree.o
gcc -I"/usr/local/lib/R/include" -DNDEBUG -DUSE_SSL -D_FILE_OFFSET_BITS=64 -I'/mnt/library/S4Vectors/include' -I'/mnt/library/IRanges/include' -I'/mnt/library/XVector/include' -I/usr/local/include    -fpic  -g -O2 -fstack-protector-strong -Wformat -Wformat-security -Wdate-time -D_FORTIFY_SOURCE=2 -g  -c ucsc/rbTree.c -o ucsc/rbTree.o
gcc -I"/usr/local/lib/R/include" -DNDEBUG -DUSE_SSL -D_FILE_OFFSET_BITS=64 -I'/mnt/library/S4Vectors/include' -I'/mnt/library/IRanges/include' -I'/mnt/library/XVector/include' -I/usr/local/include    -fpic  -g -O2 -fstack-protector-strong -Wformat -Wformat-security -Wdate-time -D_FORTIFY_SOURCE=2 -g  -c ucsc/memalloc.c -o ucsc/memalloc.o
gcc -I"/usr/local/lib/R/include" -DNDEBUG -DUSE_SSL -D_FILE_OFFSET_BITS=64 -I'/mnt/library/S4Vectors/include' -I'/mnt/library/IRanges/include' -I'/mnt/library/XVector/include' -I/usr/local/include    -fpic  -g -O2 -fstack-protector-strong -Wformat -Wformat-security -Wdate-time -D_FORTIFY_SOURCE=2 -g  -c ucsc/dlist.c -o ucsc/dlist.o
gcc -I"/usr/local/lib/R/include" -DNDEBUG -DUSE_SSL -D_FILE_OFFSET_BITS=64 -I'/mnt/library/S4Vectors/include' -I'/mnt/library/IRanges/include' -I'/mnt/library/XVector/include' -I/usr/local/include    -fpic  -g -O2 -fstack-protector-strong -Wformat -Wformat-security -Wdate-time -D_FORTIFY_SOURCE=2 -g  -c ucsc/filePath.c -o ucsc/filePath.o
gcc -I"/usr/local/lib/R/include" -DNDEBUG -DUSE_SSL -D_FILE_OFFSET_BITS=64 -I'/mnt/library/S4Vectors/include' -I'/mnt/library/IRanges/include' -I'/mnt/library/XVector/include' -I/usr/local/include    -fpic  -g -O2 -fstack-protector-strong -Wformat -Wformat-security -Wdate-time -D_FORTIFY_SOURCE=2 -g  -c ucsc/htmlPage.c -o ucsc/htmlPage.o
gcc -I"/usr/local/lib/R/include" -DNDEBUG -DUSE_SSL -D_FILE_OFFSET_BITS=64 -I'/mnt/library/S4Vectors/include' -I'/mnt/library/IRanges/include' -I'/mnt/library/XVector/include' -I/usr/local/include    -fpic  -g -O2 -fstack-protector-strong -Wformat -Wformat-security -Wdate-time -D_FORTIFY_SOURCE=2 -g  -c ucsc/udc.c -o ucsc/udc.o
gcc -I"/usr/local/lib/R/include" -DNDEBUG -DUSE_SSL -D_FILE_OFFSET_BITS=64 -I'/mnt/library/S4Vectors/include' -I'/mnt/library/IRanges/include' -I'/mnt/library/XVector/include' -I/usr/local/include    -fpic  -g -O2 -fstack-protector-strong -Wformat -Wformat-security -Wdate-time -D_FORTIFY_SOURCE=2 -g  -c ucsc/net.c -o ucsc/net.o
gcc -I"/usr/local/lib/R/include" -DNDEBUG -DUSE_SSL -D_FILE_OFFSET_BITS=64 -I'/mnt/library/S4Vectors/include' -I'/mnt/library/IRanges/include' -I'/mnt/library/XVector/include' -I/usr/local/include    -fpic  -g -O2 -fstack-protector-strong -Wformat -Wformat-security -Wdate-time -D_FORTIFY_SOURCE=2 -g  -c ucsc/bits.c -o ucsc/bits.o
gcc -I"/usr/local/lib/R/include" -DNDEBUG -DUSE_SSL -D_FILE_OFFSET_BITS=64 -I'/mnt/library/S4Vectors/include' -I'/mnt/library/IRanges/include' -I'/mnt/library/XVector/include' -I/usr/local/include    -fpic  -g -O2 -fstack-protector-strong -Wformat -Wformat-security -Wdate-time -D_FORTIFY_SOURCE=2 -g  -c ucsc/twoBit.c -o ucsc/twoBit.o
gcc -I"/usr/local/lib/R/include" -DNDEBUG -DUSE_SSL -D_FILE_OFFSET_BITS=64 -I'/mnt/library/S4Vectors/include' -I'/mnt/library/IRanges/include' -I'/mnt/library/XVector/include' -I/usr/local/include    -fpic  -g -O2 -fstack-protector-strong -Wformat -Wformat-security -Wdate-time -D_FORTIFY_SOURCE=2 -g  -c ucsc/_cheapcgi.c -o ucsc/_cheapcgi.o
gcc -I"/usr/local/lib/R/include" -DNDEBUG -DUSE_SSL -D_FILE_OFFSET_BITS=64 -I'/mnt/library/S4Vectors/include' -I'/mnt/library/IRanges/include' -I'/mnt/library/XVector/include' -I/usr/local/include    -fpic  -g -O2 -fstack-protector-strong -Wformat -Wformat-security -Wdate-time -D_FORTIFY_SOURCE=2 -g  -c ucsc/internet.c -o ucsc/internet.o
gcc -I"/usr/local/lib/R/include" -DNDEBUG -DUSE_SSL -D_FILE_OFFSET_BITS=64 -I'/mnt/library/S4Vectors/include' -I'/mnt/library/IRanges/include' -I'/mnt/library/XVector/include' -I/usr/local/include    -fpic  -g -O2 -fstack-protector-strong -Wformat -Wformat-security -Wdate-time -D_FORTIFY_SOURCE=2 -g  -c ucsc/https.c -o ucsc/https.o
ucsc/https.c: In function ‘openSslInit’:
ucsc/https.c:76:5: warning: ‘ERR_load_SSL_strings’ is deprecated: Since OpenSSL 3.0 [-Wdeprecated-declarations]
   76 |     ERR_load_SSL_strings();
      |     ^~~~~~~~~~~~~~~~~~~~
In file included from /usr/include/openssl/sslerr.h:17,
                 from /usr/include/openssl/ssl.h:43,
                 from ucsc/https.c:8:
/usr/include/openssl/sslerr_legacy.h:29:27: note: declared here
   29 | OSSL_DEPRECATEDIN_3_0 int ERR_load_SSL_strings(void);
      |                           ^~~~~~~~~~~~~~~~~~~~
gcc -I"/usr/local/lib/R/include" -DNDEBUG -DUSE_SSL -D_FILE_OFFSET_BITS=64 -I'/mnt/library/S4Vectors/include' -I'/mnt/library/IRanges/include' -I'/mnt/library/XVector/include' -I/usr/local/include    -fpic  -g -O2 -fstack-protector-strong -Wformat -Wformat-security -Wdate-time -D_FORTIFY_SOURCE=2 -g  -c ucsc/base64.c -o ucsc/base64.o
gcc -I"/usr/local/lib/R/include" -DNDEBUG -DUSE_SSL -D_FILE_OFFSET_BITS=64 -I'/mnt/library/S4Vectors/include' -I'/mnt/library/IRanges/include' -I'/mnt/library/XVector/include' -I/usr/local/include    -fpic  -g -O2 -fstack-protector-strong -Wformat -Wformat-security -Wdate-time -D_FORTIFY_SOURCE=2 -g  -c ucsc/verbose.c -o ucsc/verbose.o
gcc -I"/usr/local/lib/R/include" -DNDEBUG -DUSE_SSL -D_FILE_OFFSET_BITS=64 -I'/mnt/library/S4Vectors/include' -I'/mnt/library/IRanges/include' -I'/mnt/library/XVector/include' -I/usr/local/include    -fpic  -g -O2 -fstack-protector-strong -Wformat -Wformat-security -Wdate-time -D_FORTIFY_SOURCE=2 -g  -c ucsc/os.c -o ucsc/os.o
gcc -I"/usr/local/lib/R/include" -DNDEBUG -DUSE_SSL -D_FILE_OFFSET_BITS=64 -I'/mnt/library/S4Vectors/include' -I'/mnt/library/IRanges/include' -I'/mnt/library/XVector/include' -I/usr/local/include    -fpic  -g -O2 -fstack-protector-strong -Wformat -Wformat-security -Wdate-time -D_FORTIFY_SOURCE=2 -g  -c ucsc/wildcmp.c -o ucsc/wildcmp.o
gcc -I"/usr/local/lib/R/include" -DNDEBUG -DUSE_SSL -D_FILE_OFFSET_BITS=64 -I'/mnt/library/S4Vectors/include' -I'/mnt/library/IRanges/include' -I'/mnt/library/XVector/include' -I/usr/local/include    -fpic  -g -O2 -fstack-protector-strong -Wformat -Wformat-security -Wdate-time -D_FORTIFY_SOURCE=2 -g  -c ucsc/_portimpl.c -o ucsc/_portimpl.o
gcc -shared -L/usr/local/lib/R/lib -L/usr/local/lib -o rtracklayer.so S4Vectors_stubs.o IRanges_stubs.o XVector_stubs.o R_init_rtracklayer.o readGFF.o bbiHelper.o bigWig.o bigBedHelper.o bigBed.o chain_io.o twoBit.o handlers.o utils.o ucsc/memgfx.o ucsc/binRange.o ucsc/htmlColor.o ucsc/sqlList.o ucsc/tokenizer.o ucsc/asParse.o ucsc/basicBed.o ucsc/bigBed.o ucsc/bPlusTree.o ucsc/bbiRead.o ucsc/bbiWrite.o ucsc/bwgCreate.o ucsc/bwgQuery.o ucsc/cirTree.o ucsc/common.o ucsc/dnaseq.o ucsc/dnautil.o ucsc/errAbort.o ucsc/hash.o ucsc/linefile.o ucsc/localmem.o ucsc/sqlNum.o ucsc/zlibFace.o ucsc/dystring.o ucsc/hmmstats.o ucsc/obscure.o ucsc/pipeline.o ucsc/rangeTree.o ucsc/rbTree.o ucsc/memalloc.o ucsc/dlist.o ucsc/filePath.o ucsc/htmlPage.o ucsc/udc.o ucsc/net.o ucsc/bits.o ucsc/twoBit.o ucsc/_cheapcgi.o ucsc/internet.o ucsc/https.o ucsc/base64.o ucsc/verbose.o ucsc/os.o ucsc/wildcmp.o ucsc/_portimpl.o -lz -pthread -lssl -lcrypto -lcurl -L/usr/local/lib/R/lib -lR
installing to /mnt/library/00LOCK-rtracklayer/00new/rtracklayer/libs
** R
** data
** demo
** inst
** byte-compile and prepare package for lazy loading
Creating a generic function for ‘offset’ from package ‘stats’ in package ‘rtracklayer’
** help
*** installing help indices
** building package indices
** installing vignettes
** testing if installed package can be loaded from temporary location
** checking absolute paths in shared objects and dynamic libraries
** testing if installed package can be loaded from final location
** testing if installed package keeps a record of temporary installation path
* creating tarball
packaged installation of ‘rtracklayer’ as ‘rtracklayer_1.66.0_R_x86_64-pc-linux-gnu.tar.gz’
* DONE (rtracklayer)
* installing *source* package ‘GenomicFeatures’ ...
** package ‘GenomicFeatures’ successfully unpacked and MD5 sums checked
** using staged installation
** R
** inst
** byte-compile and prepare package for lazy loading
** help
*** installing help indices
** building package indices
** installing vignettes
** testing if installed package can be loaded from temporary location
** testing if installed package can be loaded from final location
** testing if installed package keeps a record of temporary installation path
* creating tarball
packaged installation of ‘GenomicFeatures’ as ‘GenomicFeatures_1.58.0_R_x86_64-pc-linux-gnu.tar.gz’
* DONE (GenomicFeatures)
ERROR: failed to lock directory ‘/mnt/library’ for modifying
Try removing ‘/mnt/library/00LOCK-BSgenome’
ERROR: dependency ‘BSgenome’ is not available for package ‘VariantAnnotation’
* removing ‘/mnt/library/VariantAnnotation’
* installing *source* package ‘ensembldb’ ...
** package ‘ensembldb’ successfully unpacked and MD5 sums checked
** using staged installation
** R
** inst
** byte-compile and prepare package for lazy loading
Creating a generic function from function ‘.cds_for_id2’ in package ‘ensembldb’
** help
*** installing help indices
** building package indices
** installing vignettes
** testing if installed package can be loaded from temporary location
Error: package or namespace load failed for ‘GenomicFeatures’ in namespaceExport(ns, exports):
 undefined exports: id2name, transcripts, exons, cds, genes, transcriptsBy, exonsBy, cdsBy, intronsByTranscript, fiveUTRsByTranscript, threeUTRsByTranscript, transcriptsByOverlaps, exonsByOverlaps, cdsByOverlaps, transcriptLengths, tidyTranscripts, tidyExons, tidyIntrons, exonicParts, intronicParts, extendExonsIntoIntrons, features, microRNAs, tRNAs, extractTranscriptSeqs, extractUpstreamSeqs, getPromoterSeq, getTerminatorSeq, transcriptLocs2refLocs, transcriptWidths, mapToTranscripts, pmapToTranscripts, mapFromTranscripts, pmapFromTranscripts, proteinToGenome, coverageByTranscript, pcoverageByTranscript, makeTxDb, supportedUCSCtables, browseUCSCtrack, makeTxDbFromUCSC, getChromInfoFromBiomart, makeTxDbFromBiomart, makeTxDbFromEnsembl, makeTxDbFromGRanges, makeTxDbFromGFF, supportedUCSCFeatureDbTracks, supportedUCSCFeatureDbTables, UCSCFeatureDbTableSchema, makeFeatureDbFromUCSC, supportedMiRBaseBuildValues, makePackageName, makeTxDbPackage, makeTxDbPackageFromUCSC, makeFDbPackageFromUCSC, makeTxDbPackageFromBiomart
Error : package ‘GenomicFeatures’ could not be loaded
Error: loading failed
Execution halted
ERROR: loading failed
* removing ‘/mnt/library/ensembldb’
ERROR: dependencies ‘GenomicFeatures’, ‘VariantAnnotation’ are not available for package ‘gwascat’
* removing ‘/mnt/library/gwascat’
ERROR: dependency ‘ensembldb’ is not available for package ‘EnsDb.Hsapiens.v75’
* removing ‘/mnt/library/EnsDb.Hsapiens.v75’
ERROR: dependency ‘VariantAnnotation’ is not available for package ‘GenomicFiles’
* removing ‘/mnt/library/GenomicFiles’

The downloaded source packages are in
	‘/tmp/Rtmp6SI02o/downloaded_packages’
Old packages: 'bslib', 'cli', 'curl', 'evaluate', 'httr2', 'jsonlite',
  'openssl', 'pillar', 'pkgbuild', 'processx', 'ps', 'purrr', 'R6', 'Rcpp',
  'rlang', 'sessioninfo', 'systemfonts', 'testthat', 'textshaping', 'tinytex',
  'xfun', 'zip', 'class', 'foreign', 'KernSmooth', 'MASS', 'Matrix', 'nlme',
  'nnet', 'rpart', 'spatial'
Warning messages:
1: In install.packages(...) :
  installation of package ‘S4Vectors’ had non-zero exit status
2: In install.packages(...) :
  installation of package ‘BSgenome’ had non-zero exit status
3: In install.packages(...) :
  installation of package ‘VariantAnnotation’ had non-zero exit status
4: In install.packages(...) :
  installation of package ‘ensembldb’ had non-zero exit status
5: In install.packages(...) :
  installation of package ‘gwascat’ had non-zero exit status
6: In install.packages(...) :
  installation of package ‘EnsDb.Hsapiens.v75’ had non-zero exit status
7: In install.packages(...) :
  installation of package ‘GenomicFiles’ had non-zero exit status

real	3m42.461s
user	2m14.452s
sys	0m21.408s
