'getOption("repos")' replaces Bioconductor standard repositories, see
'help("repositories", package = "BiocManager")' for details.
Replacement repositories:
    CRAN: https://p3m.dev/cran/__linux__/noble/latest
Bioconductor version 3.20 (BiocManager 1.30.25), R 4.4.2 (2024-10-31)
Installing package(s) 'AIMS'
also installing the dependencies ‘org.Hs.eg.db’, ‘hgu133a.db’

trying URL 'https://bioconductor.org/packages/3.20/data/annotation/src/contrib/org.Hs.eg.db_3.20.0.tar.gz'
Content type 'application/x-gzip' length 98233708 bytes (93.7 MB)
==================================================
downloaded 93.7 MB

trying URL 'https://bioconductor.org/packages/3.20/data/annotation/src/contrib/hgu133a.db_3.13.0.tar.gz'
Content type 'application/x-gzip' length 950927 bytes (928 KB)
==================================================
downloaded 928 KB

trying URL 'https://bioconductor.org/packages/3.20/bioc/src/contrib/AIMS_1.38.0.tar.gz'
Content type 'application/x-gzip' length 497670 bytes (486 KB)
==================================================
downloaded 486 KB

* installing *source* package ‘org.Hs.eg.db’ ...
** using staged installation
** R
** inst
** byte-compile and prepare package for lazy loading
** help
*** installing help indices
** building package indices
** testing if installed package can be loaded from temporary location
** testing if installed package can be loaded from final location
** testing if installed package keeps a record of temporary installation path
* creating tarball
packaged installation of ‘org.Hs.eg.db’ as ‘org.Hs.eg.db_3.20.0_R_x86_64-pc-linux-gnu.tar.gz’
* DONE (org.Hs.eg.db)
* installing *source* package ‘AIMS’ ...
** package ‘AIMS’ successfully unpacked and MD5 sums checked
** using staged installation
** R
** data
*** moving datasets to lazyload DB
** inst
** byte-compile and prepare package for lazy loading
** help
*** installing help indices
** building package indices
** installing vignettes
** testing if installed package can be loaded from temporary location
** testing if installed package can be loaded from final location
** testing if installed package keeps a record of temporary installation path
* creating tarball
packaged installation of ‘AIMS’ as ‘AIMS_1.38.0_R_x86_64-pc-linux-gnu.tar.gz’
* DONE (AIMS)
* installing *source* package ‘hgu133a.db’ ...
** using staged installation
** R
** inst
** byte-compile and prepare package for lazy loading
** help
*** installing help indices
** building package indices
** testing if installed package can be loaded from temporary location
** testing if installed package can be loaded from final location
** testing if installed package keeps a record of temporary installation path
* creating tarball
packaged installation of ‘hgu133a.db’ as ‘hgu133a.db_3.13.0_R_x86_64-pc-linux-gnu.tar.gz’
* DONE (hgu133a.db)

The downloaded source packages are in
	‘/tmp/RtmpPUbpAU/downloaded_packages’
Old packages: 'bslib', 'cli', 'curl', 'evaluate', 'httr2', 'jsonlite',
  'openssl', 'pillar', 'pkgbuild', 'processx', 'ps', 'purrr', 'R6', 'Rcpp',
  'rlang', 'sessioninfo', 'systemfonts', 'testthat', 'textshaping', 'tinytex',
  'xfun', 'zip', 'class', 'foreign', 'KernSmooth', 'MASS', 'Matrix', 'nlme',
  'nnet', 'rpart', 'spatial'

real	4m34.946s
user	3m55.460s
sys	0m11.443s
