'getOption("repos")' replaces Bioconductor standard repositories, see
'help("repositories", package = "BiocManager")' for details.
Replacement repositories:
    CRAN: https://p3m.dev/cran/__linux__/noble/latest
Bioconductor version 3.20 (BiocManager 1.30.25), R 4.4.2 (2024-10-31)
Installing package(s) 'VanillaICE'
also installing the dependency ‘human610quadv1bCrlmm’

trying URL 'https://bioconductor.org/packages/3.20/data/annotation/src/contrib/human610quadv1bCrlmm_1.0.3.tar.gz'
Content type 'application/x-gzip' length 130324951 bytes (124.3 MB)
==================================================
downloaded 124.3 MB

trying URL 'https://bioconductor.org/packages/3.20/bioc/src/contrib/VanillaICE_1.68.0.tar.gz'
Content type 'application/x-gzip' length 2177622 bytes (2.1 MB)
==================================================
downloaded 2.1 MB

* installing *source* package ‘human610quadv1bCrlmm’ ...
** using staged installation
** R
** inst
** byte-compile and prepare package for lazy loading
** help
*** installing help indices
** building package indices
** testing if installed package can be loaded from temporary location
Welcome to human610quadv1bCrlmm version 1.0.3
** testing if installed package can be loaded from final location
Welcome to human610quadv1bCrlmm version 1.0.3
** testing if installed package keeps a record of temporary installation path
* creating tarball
packaged installation of ‘human610quadv1bCrlmm’ as ‘human610quadv1bCrlmm_1.0.3_R_x86_64-pc-linux-gnu.tar.gz’
* DONE (human610quadv1bCrlmm)
* installing *source* package ‘VanillaICE’ ...
** package ‘VanillaICE’ successfully unpacked and MD5 sums checked
** using staged installation
** libs
using C compiler: ‘gcc (Ubuntu 13.3.0-6ubuntu2~24.04) 13.3.0’
gcc -I"/usr/local/lib/R/include" -DNDEBUG   -I/usr/local/include    -fpic  -g -O2 -fstack-protector-strong -Wformat -Wformat-security -Wdate-time -D_FORTIFY_SOURCE=2 -g  -c rinit.c -o rinit.o
gcc -I"/usr/local/lib/R/include" -DNDEBUG   -I/usr/local/include    -fpic  -g -O2 -fstack-protector-strong -Wformat -Wformat-security -Wdate-time -D_FORTIFY_SOURCE=2 -g  -c viterbi.c -o viterbi.o
gcc -shared -L/usr/local/lib/R/lib -L/usr/local/lib -o VanillaICE.so rinit.o viterbi.o -lm -L/usr/local/lib/R/lib -lR
installing to /mnt/library/00LOCK-VanillaICE/00new/VanillaICE/libs
** R
** data
** inst
** byte-compile and prepare package for lazy loading
No methods found in package ‘oligoClasses’ for request: ‘mean’ when loading ‘crlmm’
Creating a new generic function for ‘distance’ in package ‘VanillaICE’
** help
*** installing help indices
** building package indices
** installing vignettes
** testing if installed package can be loaded from temporary location
No methods found in package ‘oligoClasses’ for request: ‘mean’ when loading ‘crlmm’
** checking absolute paths in shared objects and dynamic libraries
** testing if installed package can be loaded from final location
No methods found in package ‘oligoClasses’ for request: ‘mean’ when loading ‘crlmm’
** testing if installed package keeps a record of temporary installation path
* creating tarball
packaged installation of ‘VanillaICE’ as ‘VanillaICE_1.68.0_R_x86_64-pc-linux-gnu.tar.gz’
* DONE (VanillaICE)

The downloaded source packages are in
	‘/tmp/RtmpPePWV9/downloaded_packages’
Old packages: 'bslib', 'cli', 'curl', 'evaluate', 'httr2', 'jsonlite',
  'openssl', 'pillar', 'pkgbuild', 'processx', 'ps', 'purrr', 'R6', 'Rcpp',
  'rlang', 'sessioninfo', 'systemfonts', 'testthat', 'textshaping', 'tinytex',
  'xfun', 'zip', 'class', 'foreign', 'KernSmooth', 'MASS', 'Matrix', 'nlme',
  'nnet', 'rpart', 'spatial'

real	2m38.062s
user	0m47.292s
sys	0m8.677s
