'getOption("repos")' replaces Bioconductor standard repositories, see
'help("repositories", package = "BiocManager")' for details.
Replacement repositories:
    CRAN: https://p3m.dev/cran/__linux__/noble/latest
Bioconductor version 3.20 (BiocManager 1.30.25), R 4.4.2 (2024-10-31)
Installing package(s) 'ASpli'
trying URL 'https://bioconductor.org/packages/3.20/bioc/src/contrib/ASpli_2.16.0.tar.gz'
Content type 'application/x-gzip' length 5012690 bytes (4.8 MB)
==================================================
downloaded 4.8 MB

* installing *source* package ‘ASpli’ ...
** package ‘ASpli’ successfully unpacked and MD5 sums checked
** using staged installation
** R
** inst
** byte-compile and prepare package for lazy loading
Warning: replacing previous import ‘utils::findMatches’ by ‘S4Vectors::findMatches’ when loading ‘ASpli’
** help
*** installing help indices
** building package indices
** installing vignettes
** testing if installed package can be loaded from temporary location
Warning: replacing previous import ‘utils::findMatches’ by ‘S4Vectors::findMatches’ when loading ‘ASpli’
** testing if installed package can be loaded from final location
Warning: replacing previous import ‘utils::findMatches’ by ‘S4Vectors::findMatches’ when loading ‘ASpli’
** testing if installed package keeps a record of temporary installation path
* creating tarball
packaged installation of ‘ASpli’ as ‘ASpli_2.16.0_R_x86_64-pc-linux-gnu.tar.gz’
* DONE (ASpli)

The downloaded source packages are in
	‘/tmp/RtmptXN8Pi/downloaded_packages’
Old packages: 'bslib', 'cli', 'curl', 'evaluate', 'httr2', 'jsonlite',
  'openssl', 'pillar', 'pkgbuild', 'processx', 'ps', 'purrr', 'R6', 'Rcpp',
  'rlang', 'sessioninfo', 'systemfonts', 'testthat', 'textshaping', 'tinytex',
  'xfun', 'zip', 'class', 'foreign', 'KernSmooth', 'MASS', 'Matrix', 'nlme',
  'nnet', 'rpart', 'spatial'

real	3m32.498s
user	1m0.424s
sys	0m10.713s
