'getOption("repos")' replaces Bioconductor standard repositories, see
'help("repositories", package = "BiocManager")' for details.
Replacement repositories:
    CRAN: https://p3m.dev/cran/__linux__/noble/latest
Bioconductor version 3.20 (BiocManager 1.30.25), R 4.4.2 (2024-10-31)
Installing package(s) 'NuPoP'
trying URL 'https://bioconductor.org/packages/3.20/bioc/src/contrib/NuPoP_2.14.0.tar.gz'
Content type 'application/x-gzip' length 6414789 bytes (6.1 MB)
==================================================
downloaded 6.1 MB

* installing *source* package ‘NuPoP’ ...
** package ‘NuPoP’ successfully unpacked and MD5 sums checked
** using staged installation
** libs
using Fortran compiler: ‘GNU Fortran (Ubuntu 13.3.0-6ubuntu2~24.04) 13.3.0’
gfortran  -fpic  -g -O2  -c  cvtbfb.f90 -o cvtbfb.o
gfortran  -fpic  -g -O2  -c  cvtbfbNL4.f90 -o cvtbfbNL4.o
gfortran  -fpic  -g -O2  -c  vtbfb.f90 -o vtbfb.o
gfortran  -fpic  -g -O2  -c  vtbfbNL4.f90 -o vtbfbNL4.o
gcc -shared -L/usr/local/lib/R/lib -L/usr/local/lib -o NuPoP.so cvtbfb.o cvtbfbNL4.o vtbfb.o vtbfbNL4.o -lgfortran -lm -lquadmath -L/usr/local/lib/R/lib -lR
installing to /mnt/library/00LOCK-NuPoP/00new/NuPoP/libs
** R
** inst
** byte-compile and prepare package for lazy loading
** help
*** installing help indices
** building package indices
** installing vignettes
** testing if installed package can be loaded from temporary location
** checking absolute paths in shared objects and dynamic libraries
** testing if installed package can be loaded from final location
** testing if installed package keeps a record of temporary installation path
* creating tarball
packaged installation of ‘NuPoP’ as ‘NuPoP_2.14.0_R_x86_64-pc-linux-gnu.tar.gz’
* DONE (NuPoP)

The downloaded source packages are in
	‘/tmp/RtmpJaJHXe/downloaded_packages’
Old packages: 'bslib', 'cli', 'curl', 'evaluate', 'httr2', 'jsonlite',
  'openssl', 'pillar', 'pkgbuild', 'processx', 'ps', 'purrr', 'R6', 'Rcpp',
  'rlang', 'sessioninfo', 'systemfonts', 'testthat', 'textshaping', 'tinytex',
  'xfun', 'zip', 'class', 'foreign', 'KernSmooth', 'MASS', 'Matrix', 'nlme',
  'nnet', 'rpart', 'spatial'

real	8m20.963s
user	0m11.501s
sys	0m3.696s
