'getOption("repos")' replaces Bioconductor standard repositories, see
'help("repositories", package = "BiocManager")' for details.
Replacement repositories:
    CRAN: https://p3m.dev/cran/__linux__/noble/latest
Bioconductor version 3.20 (BiocManager 1.30.25), R 4.4.2 (2024-10-31)
Installing package(s) 'structToolbox'
also installing the dependencies ‘AlgDesign’, ‘agricolae’

trying URL 'https://p3m.dev/cran/__linux__/noble/latest/src/contrib/AlgDesign_1.2.1.1.tar.gz'
Content type 'binary/octet-stream' length 489098 bytes (477 KB)
==================================================
downloaded 477 KB

trying URL 'https://p3m.dev/cran/__linux__/noble/latest/src/contrib/agricolae_1.3-7.tar.gz'
Content type 'binary/octet-stream' length 1211410 bytes (1.2 MB)
==================================================
downloaded 1.2 MB

trying URL 'https://bioconductor.org/packages/3.20/bioc/src/contrib/structToolbox_1.18.2.tar.gz'
Content type 'application/x-gzip' length 4971374 bytes (4.7 MB)
==================================================
downloaded 4.7 MB

* installing *binary* package ‘AlgDesign’ ...
* ‘AlgDesign’ was already a binary package and will not be rebuilt
* creating tarball
packaged installation of ‘AlgDesign’ as ‘AlgDesign_1.2.1.1_R_x86_64-pc-linux-gnu.tar.gz’
* DONE (AlgDesign)
ERROR: failed to lock directory ‘/mnt/library’ for modifying
Try removing ‘/mnt/library/00LOCK-structToolbox’
* installing *binary* package ‘agricolae’ ...
* ‘agricolae’ was already a binary package and will not be rebuilt
* creating tarball
packaged installation of ‘agricolae’ as ‘agricolae_1.3-7_R_x86_64-pc-linux-gnu.tar.gz’
* DONE (agricolae)

The downloaded source packages are in
	‘/tmp/RtmpUEiZCa/downloaded_packages’
Old packages: 'bslib', 'cli', 'curl', 'evaluate', 'httr2', 'jsonlite',
  'openssl', 'pillar', 'pkgbuild', 'processx', 'ps', 'purrr', 'R6', 'Rcpp',
  'rlang', 'sessioninfo', 'systemfonts', 'testthat', 'textshaping', 'tinytex',
  'xfun', 'zip', 'class', 'foreign', 'KernSmooth', 'MASS', 'Matrix', 'nlme',
  'nnet', 'rpart', 'spatial'
Warning message:
In install.packages(...) :
  installation of package ‘structToolbox’ had non-zero exit status

real	10m36.184s
user	0m11.881s
sys	0m4.556s
