'getOption("repos")' replaces Bioconductor standard repositories, see
'help("repositories", package = "BiocManager")' for details.
Replacement repositories:
    CRAN: https://p3m.dev/cran/__linux__/noble/latest
Bioconductor version 3.20 (BiocManager 1.30.25), R 4.4.2 (2024-10-31)
Installing package(s) 'BufferedMatrixMethods'
also installing the dependencies ‘Biobase’, ‘affy’

trying URL 'https://bioconductor.org/packages/3.20/bioc/src/contrib/Biobase_2.66.0.tar.gz'
Content type 'application/x-gzip' length 1978998 bytes (1.9 MB)
==================================================
downloaded 1.9 MB

trying URL 'https://bioconductor.org/packages/3.20/bioc/src/contrib/affy_1.84.0.tar.gz'
Content type 'application/x-gzip' length 1770606 bytes (1.7 MB)
==================================================
downloaded 1.7 MB

trying URL 'https://bioconductor.org/packages/3.20/bioc/src/contrib/BufferedMatrixMethods_1.70.0.tar.gz'
Content type 'application/x-gzip' length 11500 bytes (11 KB)
==================================================
downloaded 11 KB

ERROR: failed to lock directory ‘/mnt/library’ for modifying
Try removing ‘/mnt/library/00LOCK-Biobase’
* installing *source* package ‘BufferedMatrixMethods’ ...
** package ‘BufferedMatrixMethods’ successfully unpacked and MD5 sums checked
** using staged installation
** libs
using C compiler: ‘gcc (Ubuntu 13.3.0-6ubuntu2~24.04) 13.3.0’
gcc -I"/usr/local/lib/R/include" -DNDEBUG  -I'/mnt/library/BufferedMatrix/include' -I/usr/local/include    -fpic  -g -O2 -fstack-protector-strong -Wformat -Wformat-security -Wdate-time -D_FORTIFY_SOURCE=2 -g  -c init_package.c -o init_package.o
gcc -I"/usr/local/lib/R/include" -DNDEBUG  -I'/mnt/library/BufferedMatrix/include' -I/usr/local/include    -fpic  -g -O2 -fstack-protector-strong -Wformat -Wformat-security -Wdate-time -D_FORTIFY_SOURCE=2 -g  -c preprocess_bm.c -o preprocess_bm.o
gcc -shared -L/usr/local/lib/R/lib -L/usr/local/lib -o BufferedMatrixMethods.so init_package.o preprocess_bm.o -L/usr/local/lib/R/lib -lR
installing to /mnt/library/00LOCK-BufferedMatrixMethods/00new/BufferedMatrixMethods/libs
** R
** byte-compile and prepare package for lazy loading
** help
*** installing help indices
** building package indices
** testing if installed package can be loaded from temporary location
** checking absolute paths in shared objects and dynamic libraries
** testing if installed package can be loaded from final location
** testing if installed package keeps a record of temporary installation path
* creating tarball
packaged installation of ‘BufferedMatrixMethods’ as ‘BufferedMatrixMethods_1.70.0_R_x86_64-pc-linux-gnu.tar.gz’
* DONE (BufferedMatrixMethods)
ERROR: dependency ‘Biobase’ is not available for package ‘affy’
* removing ‘/mnt/library/affy’

The downloaded source packages are in
	‘/tmp/RtmplFnE0u/downloaded_packages’
Old packages: 'bslib', 'cli', 'curl', 'evaluate', 'httr2', 'jsonlite',
  'openssl', 'pillar', 'pkgbuild', 'processx', 'ps', 'purrr', 'R6', 'Rcpp',
  'rlang', 'sessioninfo', 'systemfonts', 'testthat', 'textshaping', 'tinytex',
  'xfun', 'zip', 'class', 'foreign', 'KernSmooth', 'MASS', 'Matrix', 'nlme',
  'nnet', 'rpart', 'spatial'
Warning messages:
1: In install.packages(...) :
  installation of package ‘Biobase’ had non-zero exit status
2: In install.packages(...) :
  installation of package ‘affy’ had non-zero exit status

real	7m45.567s
user	0m8.170s
sys	0m3.345s
