'getOption("repos")' replaces Bioconductor standard repositories, see
'help("repositories", package = "BiocManager")' for details.
Replacement repositories:
    CRAN: https://p3m.dev/cran/__linux__/noble/latest
Bioconductor version 3.20 (BiocManager 1.30.25), R 4.4.2 (2024-10-31)
Installing package(s) 'GeomxTools'
also installing the dependencies ‘logNormReg’, ‘SpatialExperiment’, ‘SpatialDecon’

trying URL 'https://p3m.dev/cran/__linux__/noble/latest/src/contrib/logNormReg_0.5-0.tar.gz'
Content type 'binary/octet-stream' length 140828 bytes (137 KB)
==================================================
downloaded 137 KB

trying URL 'https://bioconductor.org/packages/3.20/bioc/src/contrib/SpatialExperiment_1.16.0.tar.gz'
Content type 'application/x-gzip' length 5408846 bytes (5.2 MB)
==================================================
downloaded 5.2 MB

trying URL 'https://bioconductor.org/packages/3.20/bioc/src/contrib/SpatialDecon_1.16.0.tar.gz'
Content type 'application/x-gzip' length 5360175 bytes (5.1 MB)
==================================================
downloaded 5.1 MB

trying URL 'https://bioconductor.org/packages/3.20/bioc/src/contrib/GeomxTools_3.10.0.tar.gz'
Content type 'application/x-gzip' length 16341806 bytes (15.6 MB)
==================================================
downloaded 15.6 MB

* installing *binary* package ‘logNormReg’ ...
* ‘logNormReg’ was already a binary package and will not be rebuilt
* creating tarball
packaged installation of ‘logNormReg’ as ‘logNormReg_0.5-0_R_x86_64-pc-linux-gnu.tar.gz’
* DONE (logNormReg)
* installing *source* package ‘SpatialExperiment’ ...
** package ‘SpatialExperiment’ successfully unpacked and MD5 sums checked
** using staged installation
** R
** inst
** byte-compile and prepare package for lazy loading
** help
*** installing help indices
** building package indices
** installing vignettes
** testing if installed package can be loaded from temporary location
** testing if installed package can be loaded from final location
** testing if installed package keeps a record of temporary installation path
* creating tarball
packaged installation of ‘SpatialExperiment’ as ‘SpatialExperiment_1.16.0_R_x86_64-pc-linux-gnu.tar.gz’
* DONE (SpatialExperiment)
* installing *source* package ‘GeomxTools’ ...
** package ‘GeomxTools’ successfully unpacked and MD5 sums checked
** using staged installation
** R
** inst
** byte-compile and prepare package for lazy loading
** help
*** installing help indices
** building package indices
** installing vignettes
** testing if installed package can be loaded from temporary location
** testing if installed package can be loaded from final location
** testing if installed package keeps a record of temporary installation path
* creating tarball
packaged installation of ‘GeomxTools’ as ‘GeomxTools_3.10.0_R_x86_64-pc-linux-gnu.tar.gz’
* DONE (GeomxTools)
* installing *source* package ‘SpatialDecon’ ...
** package ‘SpatialDecon’ successfully unpacked and MD5 sums checked
** using staged installation
** R
** data
*** moving datasets to lazyload DB
** inst
** byte-compile and prepare package for lazy loading
** help
*** installing help indices
** building package indices
** installing vignettes
** testing if installed package can be loaded from temporary location
** testing if installed package can be loaded from final location
** testing if installed package keeps a record of temporary installation path
* creating tarball
packaged installation of ‘SpatialDecon’ as ‘SpatialDecon_1.16.0_R_x86_64-pc-linux-gnu.tar.gz’
* DONE (SpatialDecon)

The downloaded source packages are in
	‘/tmp/RtmpMWdJ2v/downloaded_packages’
Old packages: 'bslib', 'cli', 'curl', 'evaluate', 'httr2', 'jsonlite',
  'openssl', 'pillar', 'pkgbuild', 'processx', 'ps', 'purrr', 'R6', 'Rcpp',
  'rlang', 'sessioninfo', 'systemfonts', 'testthat', 'textshaping', 'tinytex',
  'xfun', 'zip', 'class', 'foreign', 'KernSmooth', 'MASS', 'Matrix', 'nlme',
  'nnet', 'rpart', 'spatial'

real	3m46.123s
user	1m7.166s
sys	0m9.724s
