'getOption("repos")' replaces Bioconductor standard repositories, see
'help("repositories", package = "BiocManager")' for details.
Replacement repositories:
    CRAN: https://p3m.dev/cran/__linux__/noble/latest
Bioconductor version 3.20 (BiocManager 1.30.25), R 4.4.2 (2024-10-31)
Installing package(s) 'FeatSeekR'
also installing the dependency ‘DmelSGI’

trying URL 'https://bioconductor.org/packages/3.20/data/experiment/src/contrib/DmelSGI_1.37.0.tar.gz'
Content type 'application/x-gzip' length 182407211 bytes (174.0 MB)
==================================================
downloaded 174.0 MB

trying URL 'https://bioconductor.org/packages/3.20/bioc/src/contrib/FeatSeekR_1.6.0.tar.gz'
Content type 'application/x-gzip' length 652098 bytes (636 KB)
==================================================
downloaded 636 KB

* installing *source* package ‘DmelSGI’ ...
** using staged installation
** R
** data
** inst
** byte-compile and prepare package for lazy loading
** help
*** installing help indices
** building package indices
** installing vignettes
** testing if installed package can be loaded from temporary location
** testing if installed package can be loaded from final location
** testing if installed package keeps a record of temporary installation path
* creating tarball
packaged installation of ‘DmelSGI’ as ‘DmelSGI_1.37.0_R_x86_64-pc-linux-gnu.tar.gz’
* DONE (DmelSGI)
* installing *source* package ‘FeatSeekR’ ...
** package ‘FeatSeekR’ successfully unpacked and MD5 sums checked
** using staged installation
** R
** inst
** byte-compile and prepare package for lazy loading
** help
*** installing help indices
** building package indices
** installing vignettes
** testing if installed package can be loaded from temporary location
** testing if installed package can be loaded from final location
** testing if installed package keeps a record of temporary installation path
* creating tarball
packaged installation of ‘FeatSeekR’ as ‘FeatSeekR_1.6.0_R_x86_64-pc-linux-gnu.tar.gz’
* DONE (FeatSeekR)

The downloaded source packages are in
	‘/tmp/RtmpmhCkJs/downloaded_packages’
Old packages: 'bslib', 'cli', 'curl', 'evaluate', 'httr2', 'jsonlite',
  'openssl', 'pillar', 'pkgbuild', 'processx', 'ps', 'purrr', 'R6', 'Rcpp',
  'rlang', 'sessioninfo', 'systemfonts', 'testthat', 'textshaping', 'tinytex',
  'xfun', 'zip', 'class', 'foreign', 'KernSmooth', 'MASS', 'Matrix', 'nlme',
  'nnet', 'rpart', 'spatial'

real	2m10.114s
user	0m38.743s
sys	0m6.404s
