'getOption("repos")' replaces Bioconductor standard repositories, see
'help("repositories", package = "BiocManager")' for details.
Replacement repositories:
    CRAN: https://p3m.dev/cran/__linux__/noble/latest
Bioconductor version 3.20 (BiocManager 1.30.25), R 4.4.2 (2024-10-31)
Installing package(s) 'decontam'
also installing the dependencies ‘zlibbioc’, ‘UCSC.utils’, ‘rhdf5’, ‘S4Vectors’, ‘IRanges’, ‘XVector’, ‘GenomeInfoDb’, ‘Biobase’, ‘biomformat’, ‘Biostrings’, ‘multtest’, ‘phyloseq’

trying URL 'https://bioconductor.org/packages/3.20/bioc/src/contrib/zlibbioc_1.52.0.tar.gz'
Content type 'application/x-gzip' length 384828 bytes (375 KB)
==================================================
downloaded 375 KB

trying URL 'https://bioconductor.org/packages/3.20/bioc/src/contrib/UCSC.utils_1.2.0.tar.gz'
Content type 'application/x-gzip' length 236888 bytes (231 KB)
==================================================
downloaded 231 KB

trying URL 'https://bioconductor.org/packages/3.20/bioc/src/contrib/rhdf5_2.50.2.tar.gz'
Content type 'application/x-gzip' length 1310189 bytes (1.2 MB)
==================================================
downloaded 1.2 MB

trying URL 'https://bioconductor.org/packages/3.20/bioc/src/contrib/S4Vectors_0.44.0.tar.gz'
Content type 'application/x-gzip' length 1076666 bytes (1.0 MB)
==================================================
downloaded 1.0 MB

trying URL 'https://bioconductor.org/packages/3.20/bioc/src/contrib/IRanges_2.40.1.tar.gz'
Content type 'application/x-gzip' length 486989 bytes (475 KB)
==================================================
downloaded 475 KB

trying URL 'https://bioconductor.org/packages/3.20/bioc/src/contrib/XVector_0.46.0.tar.gz'
Content type 'application/x-gzip' length 70185 bytes (68 KB)
==================================================
downloaded 68 KB

trying URL 'https://bioconductor.org/packages/3.20/bioc/src/contrib/GenomeInfoDb_1.42.3.tar.gz'
Content type 'application/x-gzip' length 3592070 bytes (3.4 MB)
==================================================
downloaded 3.4 MB

trying URL 'https://bioconductor.org/packages/3.20/bioc/src/contrib/Biobase_2.66.0.tar.gz'
Content type 'application/x-gzip' length 1978998 bytes (1.9 MB)
==================================================
downloaded 1.9 MB

trying URL 'https://bioconductor.org/packages/3.20/bioc/src/contrib/biomformat_1.34.0.tar.gz'
Content type 'application/x-gzip' length 347428 bytes (339 KB)
==================================================
downloaded 339 KB

trying URL 'https://bioconductor.org/packages/3.20/bioc/src/contrib/Biostrings_2.74.1.tar.gz'
Content type 'application/x-gzip' length 12823307 bytes (12.2 MB)
==================================================
downloaded 12.2 MB

trying URL 'https://bioconductor.org/packages/3.20/bioc/src/contrib/multtest_2.62.0.tar.gz'
Content type 'application/x-gzip' length 1296359 bytes (1.2 MB)
==================================================
downloaded 1.2 MB

trying URL 'https://bioconductor.org/packages/3.20/bioc/src/contrib/phyloseq_1.50.0.tar.gz'
Content type 'application/x-gzip' length 6423044 bytes (6.1 MB)
==================================================
downloaded 6.1 MB

trying URL 'https://bioconductor.org/packages/3.20/bioc/src/contrib/decontam_1.26.0.tar.gz'
Content type 'application/x-gzip' length 720003 bytes (703 KB)
==================================================
downloaded 703 KB

ERROR: failed to lock directory ‘/mnt/library’ for modifying
Try removing ‘/mnt/library/00LOCK-zlibbioc’
ERROR: failed to lock directory ‘/mnt/library’ for modifying
Try removing ‘/mnt/library/00LOCK-rhdf5’
ERROR: failed to lock directory ‘/mnt/library’ for modifying
Try removing ‘/mnt/library/00LOCK-S4Vectors’
ERROR: failed to lock directory ‘/mnt/library’ for modifying
Try removing ‘/mnt/library/00LOCK-Biobase’
* installing *source* package ‘decontam’ ...
** package ‘decontam’ successfully unpacked and MD5 sums checked
** using staged installation
** R
** inst
** byte-compile and prepare package for lazy loading
** help
*** installing help indices
** building package indices
** installing vignettes
** testing if installed package can be loaded from temporary location
** testing if installed package can be loaded from final location
** testing if installed package keeps a record of temporary installation path
* creating tarball
packaged installation of ‘decontam’ as ‘decontam_1.26.0_R_x86_64-pc-linux-gnu.tar.gz’
* DONE (decontam)
ERROR: failed to lock directory ‘/mnt/library’ for modifying
Try removing ‘/mnt/library/00LOCK-UCSC.utils’
* installing *source* package ‘IRanges’ ...
** package ‘IRanges’ successfully unpacked and MD5 sums checked
** using staged installation
** libs
using C compiler: ‘gcc (Ubuntu 13.3.0-6ubuntu2~24.04) 13.3.0’
gcc -I"/usr/local/lib/R/include" -DNDEBUG  -I'/mnt/library/S4Vectors/include' -I/usr/local/include    -fpic  -g -O2 -fstack-protector-strong -Wformat -Wformat-security -Wdate-time -D_FORTIFY_SOURCE=2 -g  -c CompressedAtomicList_utils.c -o CompressedAtomicList_utils.o
gcc -I"/usr/local/lib/R/include" -DNDEBUG  -I'/mnt/library/S4Vectors/include' -I/usr/local/include    -fpic  -g -O2 -fstack-protector-strong -Wformat -Wformat-security -Wdate-time -D_FORTIFY_SOURCE=2 -g  -c CompressedIRangesList_class.c -o CompressedIRangesList_class.o
gcc -I"/usr/local/lib/R/include" -DNDEBUG  -I'/mnt/library/S4Vectors/include' -I/usr/local/include    -fpic  -g -O2 -fstack-protector-strong -Wformat -Wformat-security -Wdate-time -D_FORTIFY_SOURCE=2 -g  -c CompressedList_class.c -o CompressedList_class.o
gcc -I"/usr/local/lib/R/include" -DNDEBUG  -I'/mnt/library/S4Vectors/include' -I/usr/local/include    -fpic  -g -O2 -fstack-protector-strong -Wformat -Wformat-security -Wdate-time -D_FORTIFY_SOURCE=2 -g  -c Grouping_class.c -o Grouping_class.o
gcc -I"/usr/local/lib/R/include" -DNDEBUG  -I'/mnt/library/S4Vectors/include' -I/usr/local/include    -fpic  -g -O2 -fstack-protector-strong -Wformat -Wformat-security -Wdate-time -D_FORTIFY_SOURCE=2 -g  -c IPosRanges_comparison.c -o IPosRanges_comparison.o
gcc -I"/usr/local/lib/R/include" -DNDEBUG  -I'/mnt/library/S4Vectors/include' -I/usr/local/include    -fpic  -g -O2 -fstack-protector-strong -Wformat -Wformat-security -Wdate-time -D_FORTIFY_SOURCE=2 -g  -c IRanges_class.c -o IRanges_class.o
gcc -I"/usr/local/lib/R/include" -DNDEBUG  -I'/mnt/library/S4Vectors/include' -I/usr/local/include    -fpic  -g -O2 -fstack-protector-strong -Wformat -Wformat-security -Wdate-time -D_FORTIFY_SOURCE=2 -g  -c IRanges_constructor.c -o IRanges_constructor.o
gcc -I"/usr/local/lib/R/include" -DNDEBUG  -I'/mnt/library/S4Vectors/include' -I/usr/local/include    -fpic  -g -O2 -fstack-protector-strong -Wformat -Wformat-security -Wdate-time -D_FORTIFY_SOURCE=2 -g  -c NCList.c -o NCList.o
gcc -I"/usr/local/lib/R/include" -DNDEBUG  -I'/mnt/library/S4Vectors/include' -I/usr/local/include    -fpic  -g -O2 -fstack-protector-strong -Wformat -Wformat-security -Wdate-time -D_FORTIFY_SOURCE=2 -g  -c R_init_IRanges.c -o R_init_IRanges.o
gcc -I"/usr/local/lib/R/include" -DNDEBUG  -I'/mnt/library/S4Vectors/include' -I/usr/local/include    -fpic  -g -O2 -fstack-protector-strong -Wformat -Wformat-security -Wdate-time -D_FORTIFY_SOURCE=2 -g  -c Ranges_class.c -o Ranges_class.o
gcc -I"/usr/local/lib/R/include" -DNDEBUG  -I'/mnt/library/S4Vectors/include' -I/usr/local/include    -fpic  -g -O2 -fstack-protector-strong -Wformat -Wformat-security -Wdate-time -D_FORTIFY_SOURCE=2 -g  -c RleViews_utils.c -o RleViews_utils.o
gcc -I"/usr/local/lib/R/include" -DNDEBUG  -I'/mnt/library/S4Vectors/include' -I/usr/local/include    -fpic  -g -O2 -fstack-protector-strong -Wformat -Wformat-security -Wdate-time -D_FORTIFY_SOURCE=2 -g  -c S4Vectors_stubs.c -o S4Vectors_stubs.o
gcc -I"/usr/local/lib/R/include" -DNDEBUG  -I'/mnt/library/S4Vectors/include' -I/usr/local/include    -fpic  -g -O2 -fstack-protector-strong -Wformat -Wformat-security -Wdate-time -D_FORTIFY_SOURCE=2 -g  -c SimpleIRangesList_class.c -o SimpleIRangesList_class.o
gcc -I"/usr/local/lib/R/include" -DNDEBUG  -I'/mnt/library/S4Vectors/include' -I/usr/local/include    -fpic  -g -O2 -fstack-protector-strong -Wformat -Wformat-security -Wdate-time -D_FORTIFY_SOURCE=2 -g  -c coverage_methods.c -o coverage_methods.o
gcc -I"/usr/local/lib/R/include" -DNDEBUG  -I'/mnt/library/S4Vectors/include' -I/usr/local/include    -fpic  -g -O2 -fstack-protector-strong -Wformat -Wformat-security -Wdate-time -D_FORTIFY_SOURCE=2 -g  -c extractListFragments.c -o extractListFragments.o
gcc -I"/usr/local/lib/R/include" -DNDEBUG  -I'/mnt/library/S4Vectors/include' -I/usr/local/include    -fpic  -g -O2 -fstack-protector-strong -Wformat -Wformat-security -Wdate-time -D_FORTIFY_SOURCE=2 -g  -c inter_range_methods.c -o inter_range_methods.o
gcc -shared -L/usr/local/lib/R/lib -L/usr/local/lib -o IRanges.so CompressedAtomicList_utils.o CompressedIRangesList_class.o CompressedList_class.o Grouping_class.o IPosRanges_comparison.o IRanges_class.o IRanges_constructor.o NCList.o R_init_IRanges.o Ranges_class.o RleViews_utils.o S4Vectors_stubs.o SimpleIRangesList_class.o coverage_methods.o extractListFragments.o inter_range_methods.o -L/usr/local/lib/R/lib -lR
installing to /mnt/library/00LOCK-IRanges/00new/IRanges/libs
** R
** inst
** byte-compile and prepare package for lazy loading
Error: package ‘S4Vectors’ required by ‘IRanges’ could not be found
Execution halted
ERROR: lazy loading failed for package ‘IRanges’
* removing ‘/mnt/library/IRanges’
ERROR: dependency ‘rhdf5’ is not available for package ‘biomformat’
* removing ‘/mnt/library/biomformat’
* installing *source* package ‘multtest’ ...
** package ‘multtest’ successfully unpacked and MD5 sums checked
** using staged installation
** libs
using C compiler: ‘gcc (Ubuntu 13.3.0-6ubuntu2~24.04) 13.3.0’
gcc -I"/usr/local/lib/R/include" -DNDEBUG   -I/usr/local/include   -DUSEDOUBLE -fpic  -g -O2 -fstack-protector-strong -Wformat -Wformat-security -Wdate-time -D_FORTIFY_SOURCE=2 -g  -c Rpack.c -o Rpack.o
gcc -I"/usr/local/lib/R/include" -DNDEBUG   -I/usr/local/include   -DUSEDOUBLE -fpic  -g -O2 -fstack-protector-strong -Wformat -Wformat-security -Wdate-time -D_FORTIFY_SOURCE=2 -g  -c VScount.c -o VScount.o
gcc -I"/usr/local/lib/R/include" -DNDEBUG   -I/usr/local/include   -DUSEDOUBLE -fpic  -g -O2 -fstack-protector-strong -Wformat -Wformat-security -Wdate-time -D_FORTIFY_SOURCE=2 -g  -c block_sampling_fixed.c -o block_sampling_fixed.o
gcc -I"/usr/local/lib/R/include" -DNDEBUG   -I/usr/local/include   -DUSEDOUBLE -fpic  -g -O2 -fstack-protector-strong -Wformat -Wformat-security -Wdate-time -D_FORTIFY_SOURCE=2 -g  -c bootloop.c -o bootloop.o
gcc -I"/usr/local/lib/R/include" -DNDEBUG   -I/usr/local/include   -DUSEDOUBLE -fpic  -g -O2 -fstack-protector-strong -Wformat -Wformat-security -Wdate-time -D_FORTIFY_SOURCE=2 -g  -c mt.c -o mt.o
gcc -I"/usr/local/lib/R/include" -DNDEBUG   -I/usr/local/include   -DUSEDOUBLE -fpic  -g -O2 -fstack-protector-strong -Wformat -Wformat-security -Wdate-time -D_FORTIFY_SOURCE=2 -g  -c pairt_sampling.c -o pairt_sampling.o
gcc -I"/usr/local/lib/R/include" -DNDEBUG   -I/usr/local/include   -DUSEDOUBLE -fpic  -g -O2 -fstack-protector-strong -Wformat -Wformat-security -Wdate-time -D_FORTIFY_SOURCE=2 -g  -c pairt_sampling_fixed.c -o pairt_sampling_fixed.o
gcc -I"/usr/local/lib/R/include" -DNDEBUG   -I/usr/local/include   -DUSEDOUBLE -fpic  -g -O2 -fstack-protector-strong -Wformat -Wformat-security -Wdate-time -D_FORTIFY_SOURCE=2 -g  -c random.c -o random.o
gcc -I"/usr/local/lib/R/include" -DNDEBUG   -I/usr/local/include   -DUSEDOUBLE -fpic  -g -O2 -fstack-protector-strong -Wformat -Wformat-security -Wdate-time -D_FORTIFY_SOURCE=2 -g  -c sampling.c -o sampling.o
gcc -I"/usr/local/lib/R/include" -DNDEBUG   -I/usr/local/include   -DUSEDOUBLE -fpic  -g -O2 -fstack-protector-strong -Wformat -Wformat-security -Wdate-time -D_FORTIFY_SOURCE=2 -g  -c sampling_fixed.c -o sampling_fixed.o
gcc -I"/usr/local/lib/R/include" -DNDEBUG   -I/usr/local/include   -DUSEDOUBLE -fpic  -g -O2 -fstack-protector-strong -Wformat -Wformat-security -Wdate-time -D_FORTIFY_SOURCE=2 -g  -c stat_func.c -o stat_func.o
gcc -I"/usr/local/lib/R/include" -DNDEBUG   -I/usr/local/include   -DUSEDOUBLE -fpic  -g -O2 -fstack-protector-strong -Wformat -Wformat-security -Wdate-time -D_FORTIFY_SOURCE=2 -g  -c stat_order.c -o stat_order.o
gcc -shared -L/usr/local/lib/R/lib -L/usr/local/lib -o multtest.so Rpack.o VScount.o block_sampling_fixed.o bootloop.o mt.o pairt_sampling.o pairt_sampling_fixed.o random.o sampling.o sampling_fixed.o stat_func.o stat_order.o -lm -L/usr/local/lib/R/lib -lR
installing to /mnt/library/00LOCK-multtest/00new/multtest/libs
** R
** data
** inst
** byte-compile and prepare package for lazy loading
** help
*** installing help indices
** building package indices
** installing vignettes
** testing if installed package can be loaded from temporary location
Error : package ‘Biobase’ required by ‘multtest’ could not be found
Error: loading failed
Execution halted
ERROR: loading failed
* removing ‘/mnt/library/multtest’
ERROR: dependencies ‘S4Vectors’, ‘IRanges’ are not available for package ‘XVector’
* removing ‘/mnt/library/XVector’
ERROR: dependencies ‘S4Vectors’, ‘IRanges’, ‘UCSC.utils’ are not available for package ‘GenomeInfoDb’
* removing ‘/mnt/library/GenomeInfoDb’
ERROR: dependencies ‘S4Vectors’, ‘IRanges’, ‘XVector’, ‘GenomeInfoDb’ are not available for package ‘Biostrings’
* removing ‘/mnt/library/Biostrings’
ERROR: dependencies ‘Biobase’, ‘biomformat’, ‘Biostrings’, ‘multtest’ are not available for package ‘phyloseq’
* removing ‘/mnt/library/phyloseq’

The downloaded source packages are in
	‘/tmp/Rtmp7P2fO1/downloaded_packages’
Old packages: 'bslib', 'cli', 'curl', 'evaluate', 'httr2', 'jsonlite',
  'openssl', 'pillar', 'pkgbuild', 'processx', 'ps', 'purrr', 'R6', 'Rcpp',
  'rlang', 'sessioninfo', 'systemfonts', 'testthat', 'textshaping', 'tinytex',
  'xfun', 'zip', 'class', 'foreign', 'KernSmooth', 'MASS', 'Matrix', 'nlme',
  'nnet', 'rpart', 'spatial'
There were 12 warnings (use warnings() to see them)

real	13m29.446s
user	0m20.457s
sys	0m8.404s
