'getOption("repos")' replaces Bioconductor standard repositories, see
'help("repositories", package = "BiocManager")' for details.
Replacement repositories:
    CRAN: https://p3m.dev/cran/__linux__/noble/latest
Bioconductor version 3.20 (BiocManager 1.30.25), R 4.4.2 (2024-10-31)
Installing package(s) 'scRNAseqApp'
also installing the dependencies ‘billboarder’, ‘scrypt’, ‘shinymanager’

trying URL 'https://p3m.dev/cran/__linux__/noble/latest/src/contrib/billboarder_0.5.0.tar.gz'
Content type 'binary/octet-stream' length 1915178 bytes (1.8 MB)
==================================================
downloaded 1.8 MB

trying URL 'https://p3m.dev/cran/__linux__/noble/latest/src/contrib/scrypt_0.1.6.tar.gz'
Content type 'binary/octet-stream' length 57178 bytes (55 KB)
==================================================
downloaded 55 KB

trying URL 'https://p3m.dev/cran/__linux__/noble/latest/src/contrib/shinymanager_1.0.410.tar.gz'
Content type 'binary/octet-stream' length 2399045 bytes (2.3 MB)
==================================================
downloaded 2.3 MB

trying URL 'https://bioconductor.org/packages/3.20/bioc/src/contrib/scRNAseqApp_1.6.1.tar.gz'
Content type 'application/x-gzip' length 2300596 bytes (2.2 MB)
==================================================
downloaded 2.2 MB

* installing *binary* package ‘billboarder’ ...
* ‘billboarder’ was already a binary package and will not be rebuilt
* creating tarball
packaged installation of ‘billboarder’ as ‘billboarder_0.5.0_R_x86_64-pc-linux-gnu.tar.gz’
* DONE (billboarder)
* installing *binary* package ‘scrypt’ ...
* ‘scrypt’ was already a binary package and will not be rebuilt
* creating tarball
packaged installation of ‘scrypt’ as ‘scrypt_0.1.6_R_x86_64-pc-linux-gnu.tar.gz’
* DONE (scrypt)
* installing *binary* package ‘shinymanager’ ...
* ‘shinymanager’ was already a binary package and will not be rebuilt
* creating tarball
packaged installation of ‘shinymanager’ as ‘shinymanager_1.0.410_R_x86_64-pc-linux-gnu.tar.gz’
* DONE (shinymanager)
* installing *source* package ‘scRNAseqApp’ ...
** package ‘scRNAseqApp’ successfully unpacked and MD5 sums checked
** using staged installation
** R
** inst
** byte-compile and prepare package for lazy loading
Creating a generic function for ‘lapply’ from package ‘base’ in package ‘scRNAseqApp’
** help
*** installing help indices
** building package indices
** installing vignettes
** testing if installed package can be loaded from temporary location
** testing if installed package can be loaded from final location
** testing if installed package keeps a record of temporary installation path
* creating tarball
packaged installation of ‘scRNAseqApp’ as ‘scRNAseqApp_1.6.1_R_x86_64-pc-linux-gnu.tar.gz’
* DONE (scRNAseqApp)

The downloaded source packages are in
	‘/tmp/RtmpPL1Ydz/downloaded_packages’
Old packages: 'bslib', 'cli', 'curl', 'evaluate', 'httr2', 'jsonlite',
  'openssl', 'pillar', 'pkgbuild', 'processx', 'ps', 'purrr', 'R6', 'Rcpp',
  'rlang', 'sessioninfo', 'systemfonts', 'testthat', 'textshaping', 'tinytex',
  'xfun', 'zip', 'class', 'foreign', 'KernSmooth', 'MASS', 'Matrix', 'nlme',
  'nnet', 'rpart', 'spatial'

real	2m27.901s
user	1m4.462s
sys	0m10.448s
