'getOption("repos")' replaces Bioconductor standard repositories, see
'help("repositories", package = "BiocManager")' for details.
Replacement repositories:
    CRAN: https://p3m.dev/cran/__linux__/noble/latest
Bioconductor version 3.20 (BiocManager 1.30.25), R 4.4.2 (2024-10-31)
Installing package(s) 'faers'
also installing the dependency ‘openEBGM’

trying URL 'https://p3m.dev/cran/__linux__/noble/latest/src/contrib/openEBGM_0.9.1.tar.gz'
Content type 'binary/octet-stream' length 454077 bytes (443 KB)
==================================================
downloaded 443 KB

trying URL 'https://bioconductor.org/packages/3.20/bioc/src/contrib/faers_1.2.0.tar.gz'
Content type 'application/x-gzip' length 3032033 bytes (2.9 MB)
==================================================
downloaded 2.9 MB

* installing *binary* package ‘openEBGM’ ...
* ‘openEBGM’ was already a binary package and will not be rebuilt
* creating tarball
packaged installation of ‘openEBGM’ as ‘openEBGM_0.9.1_R_x86_64-pc-linux-gnu.tar.gz’
* DONE (openEBGM)
* installing *source* package ‘faers’ ...
** package ‘faers’ successfully unpacked and MD5 sums checked
** using staged installation
** R
** inst
** byte-compile and prepare package for lazy loading
** help
*** installing help indices
** building package indices
** installing vignettes
** testing if installed package can be loaded from temporary location
** testing if installed package can be loaded from final location
** testing if installed package keeps a record of temporary installation path
* creating tarball
packaged installation of ‘faers’ as ‘faers_1.2.0_R_x86_64-pc-linux-gnu.tar.gz’
* DONE (faers)

The downloaded source packages are in
	‘/tmp/RtmpNByWRQ/downloaded_packages’
Old packages: 'bslib', 'cli', 'curl', 'evaluate', 'httr2', 'jsonlite',
  'openssl', 'pillar', 'pkgbuild', 'processx', 'ps', 'purrr', 'R6', 'Rcpp',
  'rlang', 'sessioninfo', 'systemfonts', 'testthat', 'textshaping', 'tinytex',
  'xfun', 'zip', 'class', 'foreign', 'KernSmooth', 'MASS', 'Matrix', 'nlme',
  'nnet', 'rpart', 'spatial'

real	8m28.722s
user	0m10.403s
sys	0m3.369s
