'getOption("repos")' replaces Bioconductor standard repositories, see
'help("repositories", package = "BiocManager")' for details.
Replacement repositories:
    CRAN: https://p3m.dev/cran/__linux__/noble/latest
Bioconductor version 3.20 (BiocManager 1.30.25), R 4.4.2 (2024-10-31)
Installing package(s) 'LACE'
also installing the dependencies ‘common’, ‘configr’, ‘shinyvalidate’, ‘logr’

trying URL 'https://p3m.dev/cran/__linux__/noble/latest/src/contrib/common_1.1.3.tar.gz'
Content type 'binary/octet-stream' length 213575 bytes (208 KB)
==================================================
downloaded 208 KB

trying URL 'https://p3m.dev/cran/__linux__/noble/latest/src/contrib/configr_0.3.5.tar.gz'
Content type 'binary/octet-stream' length 118745 bytes (115 KB)
==================================================
downloaded 115 KB

trying URL 'https://p3m.dev/cran/__linux__/noble/latest/src/contrib/shinyvalidate_0.1.3.tar.gz'
Content type 'binary/octet-stream' length 187228 bytes (182 KB)
==================================================
downloaded 182 KB

trying URL 'https://p3m.dev/cran/__linux__/noble/latest/src/contrib/logr_1.3.8.tar.gz'
Content type 'binary/octet-stream' length 308264 bytes (301 KB)
==================================================
downloaded 301 KB

trying URL 'https://bioconductor.org/packages/3.20/bioc/src/contrib/LACE_2.10.0.tar.gz'
Content type 'application/x-gzip' length 4276781 bytes (4.1 MB)
==================================================
downloaded 4.1 MB

* installing *binary* package ‘common’ ...
* ‘common’ was already a binary package and will not be rebuilt
* creating tarball
packaged installation of ‘common’ as ‘common_1.1.3_R_x86_64-pc-linux-gnu.tar.gz’
* DONE (common)
* installing *binary* package ‘configr’ ...
* ‘configr’ was already a binary package and will not be rebuilt
* creating tarball
packaged installation of ‘configr’ as ‘configr_0.3.5_R_x86_64-pc-linux-gnu.tar.gz’
* DONE (configr)
* installing *binary* package ‘shinyvalidate’ ...
* ‘shinyvalidate’ was already a binary package and will not be rebuilt
* creating tarball
packaged installation of ‘shinyvalidate’ as ‘shinyvalidate_0.1.3_R_x86_64-pc-linux-gnu.tar.gz’
* DONE (shinyvalidate)
* installing *binary* package ‘logr’ ...
* ‘logr’ was already a binary package and will not be rebuilt
* creating tarball
packaged installation of ‘logr’ as ‘logr_1.3.8_R_x86_64-pc-linux-gnu.tar.gz’
* DONE (logr)
* installing *source* package ‘LACE’ ...
** package ‘LACE’ successfully unpacked and MD5 sums checked
** using staged installation
** R
** data
** inst
** byte-compile and prepare package for lazy loading
** help
*** installing help indices
** building package indices
** installing vignettes
** testing if installed package can be loaded from temporary location
** testing if installed package can be loaded from final location
** testing if installed package keeps a record of temporary installation path
* creating tarball
packaged installation of ‘LACE’ as ‘LACE_2.10.0_R_x86_64-pc-linux-gnu.tar.gz’
* DONE (LACE)

The downloaded source packages are in
	‘/tmp/RtmpvzOP2o/downloaded_packages’
Old packages: 'bslib', 'cli', 'curl', 'evaluate', 'httr2', 'jsonlite',
  'openssl', 'pillar', 'pkgbuild', 'processx', 'ps', 'purrr', 'R6', 'Rcpp',
  'rlang', 'sessioninfo', 'systemfonts', 'testthat', 'textshaping', 'tinytex',
  'xfun', 'zip', 'class', 'foreign', 'KernSmooth', 'MASS', 'Matrix', 'nlme',
  'nnet', 'rpart', 'spatial'

real	31m38.797s
user	0m35.606s
sys	0m7.761s
