'getOption("repos")' replaces Bioconductor standard repositories, see
'help("repositories", package = "BiocManager")' for details.
Replacement repositories:
    CRAN: https://p3m.dev/cran/__linux__/noble/latest
Bioconductor version 3.20 (BiocManager 1.30.25), R 4.4.2 (2024-10-31)
Installing package(s) 'powerTCR'
also installing the dependencies ‘evd’, ‘evmix’, ‘truncdist’

trying URL 'https://p3m.dev/cran/__linux__/noble/latest/src/contrib/evd_2.3-7.1.tar.gz'
Content type 'binary/octet-stream' length 1708233 bytes (1.6 MB)
==================================================
downloaded 1.6 MB

trying URL 'https://p3m.dev/cran/__linux__/noble/latest/src/contrib/evmix_2.12.tar.gz'
Content type 'binary/octet-stream' length 4914621 bytes (4.7 MB)
==================================================
downloaded 4.7 MB

trying URL 'https://p3m.dev/cran/__linux__/noble/latest/src/contrib/truncdist_1.0-2.tar.gz'
Content type 'binary/octet-stream' length 33255 bytes (32 KB)
==================================================
downloaded 32 KB

trying URL 'https://bioconductor.org/packages/3.20/bioc/src/contrib/powerTCR_1.26.0.tar.gz'
Content type 'application/x-gzip' length 402320 bytes (392 KB)
==================================================
downloaded 392 KB

* installing *binary* package ‘evd’ ...
* ‘evd’ was already a binary package and will not be rebuilt
* creating tarball
packaged installation of ‘evd’ as ‘evd_2.3-7.1_R_x86_64-pc-linux-gnu.tar.gz’
* DONE (evd)
* installing *binary* package ‘evmix’ ...
* ‘evmix’ was already a binary package and will not be rebuilt
* creating tarball
packaged installation of ‘evmix’ as ‘evmix_2.12_R_x86_64-pc-linux-gnu.tar.gz’
* DONE (evmix)
* installing *binary* package ‘truncdist’ ...
* ‘truncdist’ was already a binary package and will not be rebuilt
* creating tarball
packaged installation of ‘truncdist’ as ‘truncdist_1.0-2_R_x86_64-pc-linux-gnu.tar.gz’
* DONE (truncdist)
* installing *source* package ‘powerTCR’ ...
** package ‘powerTCR’ successfully unpacked and MD5 sums checked
** using staged installation
** R
** data
*** moving datasets to lazyload DB
** inst
** byte-compile and prepare package for lazy loading
** help
*** installing help indices
** building package indices
** installing vignettes
** testing if installed package can be loaded from temporary location
** testing if installed package can be loaded from final location
** testing if installed package keeps a record of temporary installation path
* creating tarball
packaged installation of ‘powerTCR’ as ‘powerTCR_1.26.0_R_x86_64-pc-linux-gnu.tar.gz’
* DONE (powerTCR)

The downloaded source packages are in
	‘/tmp/RtmpUhWQdG/downloaded_packages’
Old packages: 'bslib', 'cli', 'curl', 'evaluate', 'httr2', 'jsonlite',
  'openssl', 'pillar', 'pkgbuild', 'processx', 'ps', 'purrr', 'R6', 'Rcpp',
  'rlang', 'sessioninfo', 'systemfonts', 'testthat', 'textshaping', 'tinytex',
  'xfun', 'zip', 'class', 'foreign', 'KernSmooth', 'MASS', 'Matrix', 'nlme',
  'nnet', 'rpart', 'spatial'

real	9m56.902s
user	0m12.971s
sys	0m4.106s
