'getOption("repos")' replaces Bioconductor standard repositories, see
'help("repositories", package = "BiocManager")' for details.
Replacement repositories:
    CRAN: https://p3m.dev/cran/__linux__/noble/latest
Bioconductor version 3.20 (BiocManager 1.30.25), R 4.4.2 (2024-10-31)
Installing package(s) 'Rmmquant'
also installing the dependency ‘TBX20BamSubset’

trying URL 'https://bioconductor.org/packages/3.20/data/experiment/src/contrib/TBX20BamSubset_1.42.0.tar.gz'
Content type 'application/x-gzip' length 99344736 bytes (94.7 MB)
==================================================
downloaded 94.7 MB

trying URL 'https://bioconductor.org/packages/3.20/bioc/src/contrib/Rmmquant_1.24.0.tar.gz'
Content type 'application/x-gzip' length 47185 bytes (46 KB)
==================================================
downloaded 46 KB

* installing *source* package ‘TBX20BamSubset’ ...
** using staged installation
** R
** inst
** byte-compile and prepare package for lazy loading
** help
*** installing help indices
** building package indices
** installing vignettes
** testing if installed package can be loaded from temporary location
** testing if installed package can be loaded from final location
** testing if installed package keeps a record of temporary installation path
* creating tarball
packaged installation of ‘TBX20BamSubset’ as ‘TBX20BamSubset_1.42.0_R_x86_64-pc-linux-gnu.tar.gz’
* DONE (TBX20BamSubset)
* installing *source* package ‘Rmmquant’ ...
** package ‘Rmmquant’ successfully unpacked and MD5 sums checked
** using staged installation
** libs
using C++ compiler: ‘g++ (Ubuntu 13.3.0-6ubuntu2~24.04) 13.3.0’
using C++11
g++ -std=gnu++11 -I"/usr/local/lib/R/include" -DNDEBUG  -I'/usr/local/lib/R/site-library/Rcpp/include' -I/usr/local/include    -fpic  -g -O2 -fstack-protector-strong -Wformat -Wformat-security -Wdate-time -D_FORTIFY_SOURCE=2 -g  -DR_NO_REMAP -c RcppExports.cpp -o RcppExports.o
g++ -std=gnu++11 -I"/usr/local/lib/R/include" -DNDEBUG  -I'/usr/local/lib/R/site-library/Rcpp/include' -I/usr/local/include    -fpic  -g -O2 -fstack-protector-strong -Wformat -Wformat-security -Wdate-time -D_FORTIFY_SOURCE=2 -g  -DR_NO_REMAP -c mmquant_wrapper.cpp -o mmquant_wrapper.o
g++ -std=gnu++11 -shared -L/usr/local/lib/R/lib -L/usr/local/lib -o Rmmquant.so RcppExports.o mmquant_wrapper.o -lz -L/usr/local/lib/R/lib -lR
installing to /mnt/library/00LOCK-Rmmquant/00new/Rmmquant/libs
** R
** inst
** byte-compile and prepare package for lazy loading
** help
*** installing help indices
** building package indices
** installing vignettes
** testing if installed package can be loaded from temporary location
** checking absolute paths in shared objects and dynamic libraries
** testing if installed package can be loaded from final location
** testing if installed package keeps a record of temporary installation path
* creating tarball
packaged installation of ‘Rmmquant’ as ‘Rmmquant_1.24.0_R_x86_64-pc-linux-gnu.tar.gz’
* DONE (Rmmquant)

The downloaded source packages are in
	‘/tmp/RtmpsdVqIe/downloaded_packages’
Old packages: 'bslib', 'cli', 'curl', 'evaluate', 'httr2', 'jsonlite',
  'openssl', 'pillar', 'pkgbuild', 'processx', 'ps', 'purrr', 'R6', 'Rcpp',
  'rlang', 'sessioninfo', 'systemfonts', 'testthat', 'textshaping', 'tinytex',
  'xfun', 'zip', 'class', 'foreign', 'KernSmooth', 'MASS', 'Matrix', 'nlme',
  'nnet', 'rpart', 'spatial'

real	3m32.870s
user	1m10.799s
sys	0m11.567s
