'getOption("repos")' replaces Bioconductor standard repositories, see
'help("repositories", package = "BiocManager")' for details.
Replacement repositories:
    CRAN: https://p3m.dev/cran/__linux__/noble/latest
Bioconductor version 3.20 (BiocManager 1.30.25), R 4.4.2 (2024-10-31)
Installing package(s) 'iASeq'
Error in gzfile(file, "rb") : cannot open the connection
In addition: Warning message:
In gzfile(file, "rb") :
  cannot open compressed file '/mnt/library/styler/Meta/package.rds', probable reason 'No such file or directory'
trying URL 'https://bioconductor.org/packages/3.20/bioc/src/contrib/iASeq_1.50.0.tar.gz'
Content type 'application/x-gzip' length 211254 bytes (206 KB)
==================================================
downloaded 206 KB

* installing *source* package ‘iASeq’ ...
** package ‘iASeq’ successfully unpacked and MD5 sums checked
** using staged installation
** R
** data
** inst
** byte-compile and prepare package for lazy loading
** help
*** installing help indices
** building package indices
** installing vignettes
** testing if installed package can be loaded from temporary location
** testing if installed package can be loaded from final location
** testing if installed package keeps a record of temporary installation path
* creating tarball
packaged installation of ‘iASeq’ as ‘iASeq_1.50.0_R_x86_64-pc-linux-gnu.tar.gz’
* DONE (iASeq)

The downloaded source packages are in
	‘/tmp/RtmpqHlRCu/downloaded_packages’
Old packages: 'bslib', 'cli', 'curl', 'evaluate', 'httr2', 'jsonlite',
  'openssl', 'pillar', 'pkgbuild', 'processx', 'ps', 'purrr', 'R6', 'Rcpp',
  'rlang', 'sessioninfo', 'systemfonts', 'testthat', 'textshaping', 'tinytex',
  'xfun', 'zip', 'class', 'foreign', 'KernSmooth', 'MASS', 'Matrix', 'nlme',
  'nnet', 'rpart', 'spatial'

real	11m20.438s
user	0m5.890s
sys	0m3.532s
