'getOption("repos")' replaces Bioconductor standard repositories, see
'help("repositories", package = "BiocManager")' for details.
Replacement repositories:
    CRAN: https://p3m.dev/cran/__linux__/noble/latest
Bioconductor version 3.20 (BiocManager 1.30.25), R 4.4.2 (2024-10-31)
Installing package(s) 'TileDBArray'
also installing the dependencies ‘RcppCCTZ’, ‘RcppDate’, ‘nanotime’, ‘nanoarrow’, ‘RcppInt64’, ‘tiledb’

trying URL 'https://p3m.dev/cran/__linux__/noble/latest/src/contrib/RcppCCTZ_0.2.13.tar.gz'
Content type 'binary/octet-stream' length 159616 bytes (155 KB)
==================================================
downloaded 155 KB

trying URL 'https://p3m.dev/cran/__linux__/noble/latest/src/contrib/RcppDate_0.0.4.tar.gz'
Content type 'binary/octet-stream' length 90533 bytes (88 KB)
==================================================
downloaded 88 KB

trying URL 'https://p3m.dev/cran/__linux__/noble/latest/src/contrib/nanotime_0.3.11.tar.gz'
Content type 'binary/octet-stream' length 708758 bytes (692 KB)
==================================================
downloaded 692 KB

trying URL 'https://p3m.dev/cran/__linux__/noble/latest/src/contrib/nanoarrow_0.6.0.tar.gz'
Content type 'binary/octet-stream' length 361596 bytes (353 KB)
==================================================
downloaded 353 KB

trying URL 'https://p3m.dev/cran/__linux__/noble/latest/src/contrib/RcppInt64_0.0.5.tar.gz'
Content type 'binary/octet-stream' length 51874 bytes (50 KB)
==================================================
downloaded 50 KB

trying URL 'https://p3m.dev/cran/__linux__/noble/latest/src/contrib/tiledb_0.30.2.tar.gz'
Content type 'binary/octet-stream' length 32321059 bytes (30.8 MB)
==================================================
downloaded 30.8 MB

trying URL 'https://bioconductor.org/packages/3.20/bioc/src/contrib/TileDBArray_1.16.0.tar.gz'
Content type 'application/x-gzip' length 313022 bytes (305 KB)
==================================================
downloaded 305 KB

* installing *binary* package ‘RcppCCTZ’ ...
* ‘RcppCCTZ’ was already a binary package and will not be rebuilt
* creating tarball
packaged installation of ‘RcppCCTZ’ as ‘RcppCCTZ_0.2.13_R_x86_64-pc-linux-gnu.tar.gz’
* DONE (RcppCCTZ)
* installing *binary* package ‘RcppDate’ ...
* ‘RcppDate’ was already a binary package and will not be rebuilt
* creating tarball
packaged installation of ‘RcppDate’ as ‘RcppDate_0.0.4_R_x86_64-pc-linux-gnu.tar.gz’
* DONE (RcppDate)
* installing *binary* package ‘nanoarrow’ ...
* ‘nanoarrow’ was already a binary package and will not be rebuilt
* creating tarball
packaged installation of ‘nanoarrow’ as ‘nanoarrow_0.6.0_R_x86_64-pc-linux-gnu.tar.gz’
* DONE (nanoarrow)
* installing *binary* package ‘RcppInt64’ ...
* ‘RcppInt64’ was already a binary package and will not be rebuilt
* creating tarball
packaged installation of ‘RcppInt64’ as ‘RcppInt64_0.0.5_R_x86_64-pc-linux-gnu.tar.gz’
* DONE (RcppInt64)
* installing *binary* package ‘nanotime’ ...
* ‘nanotime’ was already a binary package and will not be rebuilt
* creating tarball
packaged installation of ‘nanotime’ as ‘nanotime_0.3.11_R_x86_64-pc-linux-gnu.tar.gz’
* DONE (nanotime)
* installing *binary* package ‘tiledb’ ...
* ‘tiledb’ was already a binary package and will not be rebuilt
* creating tarball
packaged installation of ‘tiledb’ as ‘tiledb_0.30.2_R_x86_64-pc-linux-gnu.tar.gz’
* DONE (tiledb)
* installing *source* package ‘TileDBArray’ ...
** package ‘TileDBArray’ successfully unpacked and MD5 sums checked
** using staged installation
** R
** inst
** byte-compile and prepare package for lazy loading
** help
*** installing help indices
** building package indices
** installing vignettes
** testing if installed package can be loaded from temporary location
** testing if installed package can be loaded from final location
** testing if installed package keeps a record of temporary installation path
* creating tarball
packaged installation of ‘TileDBArray’ as ‘TileDBArray_1.16.0_R_x86_64-pc-linux-gnu.tar.gz’
* DONE (TileDBArray)

The downloaded source packages are in
	‘/tmp/Rtmppcii9p/downloaded_packages’
Old packages: 'bslib', 'cli', 'curl', 'evaluate', 'httr2', 'jsonlite',
  'openssl', 'pillar', 'pkgbuild', 'processx', 'ps', 'purrr', 'R6', 'Rcpp',
  'rlang', 'sessioninfo', 'systemfonts', 'testthat', 'textshaping', 'tinytex',
  'xfun', 'zip', 'class', 'foreign', 'KernSmooth', 'MASS', 'Matrix', 'nlme',
  'nnet', 'rpart', 'spatial'

real	1m8.367s
user	0m38.258s
sys	0m6.378s
