'getOption("repos")' replaces Bioconductor standard repositories, see
'help("repositories", package = "BiocManager")' for details.
Replacement repositories:
    CRAN: https://p3m.dev/cran/__linux__/noble/latest
Bioconductor version 3.20 (BiocManager 1.30.25), R 4.4.2 (2024-10-31)
Installing package(s) 'enrichViewNet'
also installing the dependency ‘strex’

trying URL 'https://p3m.dev/cran/__linux__/noble/latest/src/contrib/strex_2.0.1.tar.gz'
Content type 'binary/octet-stream' length 271995 bytes (265 KB)
==================================================
downloaded 265 KB

trying URL 'https://bioconductor.org/packages/3.20/bioc/src/contrib/enrichViewNet_1.4.0.tar.gz'
Content type 'application/x-gzip' length 4418825 bytes (4.2 MB)
==================================================
downloaded 4.2 MB

* installing *binary* package ‘strex’ ...
* ‘strex’ was already a binary package and will not be rebuilt
* creating tarball
packaged installation of ‘strex’ as ‘strex_2.0.1_R_x86_64-pc-linux-gnu.tar.gz’
* DONE (strex)
* installing *source* package ‘enrichViewNet’ ...
** package ‘enrichViewNet’ successfully unpacked and MD5 sums checked
** using staged installation
** R
** data
** inst
** byte-compile and prepare package for lazy loading
** help
*** installing help indices
** building package indices
** installing vignettes
** testing if installed package can be loaded from temporary location
** testing if installed package can be loaded from final location
** testing if installed package keeps a record of temporary installation path
* creating tarball
packaged installation of ‘enrichViewNet’ as ‘enrichViewNet_1.4.0_R_x86_64-pc-linux-gnu.tar.gz’
* DONE (enrichViewNet)

The downloaded source packages are in
	‘/tmp/RtmpzTa8Fa/downloaded_packages’
Old packages: 'bslib', 'cli', 'curl', 'evaluate', 'httr2', 'jsonlite',
  'openssl', 'pillar', 'pkgbuild', 'processx', 'ps', 'purrr', 'R6', 'Rcpp',
  'rlang', 'sessioninfo', 'systemfonts', 'testthat', 'textshaping', 'tinytex',
  'xfun', 'zip', 'class', 'foreign', 'KernSmooth', 'MASS', 'Matrix', 'nlme',
  'nnet', 'rpart', 'spatial'

real	1m6.112s
user	0m29.384s
sys	0m5.545s
