'getOption("repos")' replaces Bioconductor standard repositories, see
'help("repositories", package = "BiocManager")' for details.
Replacement repositories:
    CRAN: https://p3m.dev/cran/__linux__/noble/latest
Bioconductor version 3.20 (BiocManager 1.30.25), R 4.4.2 (2024-10-31)
Installing package(s) 'VERSO'
also installing the dependencies ‘zigg’, ‘data.tree’, ‘Rfast’

trying URL 'https://p3m.dev/cran/__linux__/noble/latest/src/contrib/zigg_0.0.2.tar.gz'
Content type 'binary/octet-stream' length 25616 bytes (25 KB)
==================================================
downloaded 25 KB

trying URL 'https://p3m.dev/cran/__linux__/noble/latest/src/contrib/data.tree_1.1.0.tar.gz'
Content type 'binary/octet-stream' length 1516601 bytes (1.4 MB)
==================================================
downloaded 1.4 MB

trying URL 'https://p3m.dev/cran/__linux__/noble/latest/src/contrib/Rfast_2.1.5.tar.gz'
Content type 'binary/octet-stream' length 2938689 bytes (2.8 MB)
==================================================
downloaded 2.8 MB

trying URL 'https://bioconductor.org/packages/3.20/bioc/src/contrib/VERSO_1.16.0.tar.gz'
Content type 'application/x-gzip' length 694116 bytes (677 KB)
==================================================
downloaded 677 KB

* installing *binary* package ‘zigg’ ...
* ‘zigg’ was already a binary package and will not be rebuilt
* creating tarball
packaged installation of ‘zigg’ as ‘zigg_0.0.2_R_x86_64-pc-linux-gnu.tar.gz’
* DONE (zigg)
* installing *binary* package ‘data.tree’ ...
* ‘data.tree’ was already a binary package and will not be rebuilt
* creating tarball
packaged installation of ‘data.tree’ as ‘data.tree_1.1.0_R_x86_64-pc-linux-gnu.tar.gz’
* DONE (data.tree)
* installing *binary* package ‘Rfast’ ...
* ‘Rfast’ was already a binary package and will not be rebuilt
* creating tarball
packaged installation of ‘Rfast’ as ‘Rfast_2.1.5_R_x86_64-pc-linux-gnu.tar.gz’
* DONE (Rfast)
* installing *source* package ‘VERSO’ ...
** package ‘VERSO’ successfully unpacked and MD5 sums checked
** using staged installation
** R
** data
** inst
** byte-compile and prepare package for lazy loading
** help
*** installing help indices
** building package indices
** installing vignettes
** testing if installed package can be loaded from temporary location
** testing if installed package can be loaded from final location
** testing if installed package keeps a record of temporary installation path
* creating tarball
packaged installation of ‘VERSO’ as ‘VERSO_1.16.0_R_x86_64-pc-linux-gnu.tar.gz’
* DONE (VERSO)

The downloaded source packages are in
	‘/tmp/RtmpEzhWWl/downloaded_packages’
Old packages: 'bslib', 'cli', 'curl', 'evaluate', 'httr2', 'jsonlite',
  'openssl', 'pillar', 'pkgbuild', 'processx', 'ps', 'purrr', 'R6', 'Rcpp',
  'rlang', 'sessioninfo', 'systemfonts', 'testthat', 'textshaping', 'tinytex',
  'xfun', 'zip', 'class', 'foreign', 'KernSmooth', 'MASS', 'Matrix', 'nlme',
  'nnet', 'rpart', 'spatial'

real	1m47.741s
user	0m7.413s
sys	0m2.690s
