'getOption("repos")' replaces Bioconductor standard repositories, see
'help("repositories", package = "BiocManager")' for details.
Replacement repositories:
    CRAN: https://p3m.dev/cran/__linux__/noble/latest
Bioconductor version 3.20 (BiocManager 1.30.25), R 4.4.2 (2024-10-31)
Installing package(s) 'scmap'
also installing the dependency ‘googleVis’

trying URL 'https://p3m.dev/cran/__linux__/noble/latest/src/contrib/googleVis_0.7.3.tar.gz'
Content type 'binary/octet-stream' length 498358 bytes (486 KB)
==================================================
downloaded 486 KB

trying URL 'https://bioconductor.org/packages/3.20/bioc/src/contrib/scmap_1.28.0.tar.gz'
Content type 'application/x-gzip' length 2345258 bytes (2.2 MB)
==================================================
downloaded 2.2 MB

* installing *binary* package ‘googleVis’ ...
* ‘googleVis’ was already a binary package and will not be rebuilt
* creating tarball
packaged installation of ‘googleVis’ as ‘googleVis_0.7.3_R_x86_64-pc-linux-gnu.tar.gz’
* DONE (googleVis)
* installing *source* package ‘scmap’ ...
** package ‘scmap’ successfully unpacked and MD5 sums checked
** using staged installation
** libs
using C++ compiler: ‘g++ (Ubuntu 13.3.0-6ubuntu2~24.04) 13.3.0’
g++ -std=gnu++17 -I"/usr/local/lib/R/include" -DNDEBUG  -I'/usr/local/lib/R/site-library/Rcpp/include' -I'/mnt/library/RcppArmadillo/include' -I/usr/local/include    -fpic  -g -O2 -fstack-protector-strong -Wformat -Wformat-security -Wdate-time -D_FORTIFY_SOURCE=2 -g  -DR_NO_REMAP -c RcppExports.cpp -o RcppExports.o
g++ -std=gnu++17 -I"/usr/local/lib/R/include" -DNDEBUG  -I'/usr/local/lib/R/site-library/Rcpp/include' -I'/mnt/library/RcppArmadillo/include' -I/usr/local/include    -fpic  -g -O2 -fstack-protector-strong -Wformat -Wformat-security -Wdate-time -D_FORTIFY_SOURCE=2 -g  -DR_NO_REMAP -c scmap.cpp -o scmap.o
g++ -std=gnu++17 -shared -L/usr/local/lib/R/lib -L/usr/local/lib -o scmap.so RcppExports.o scmap.o -llapack -lblas -lgfortran -lm -lquadmath -L/usr/local/lib/R/lib -lR
installing to /mnt/library/00LOCK-scmap/00new/scmap/libs
** R
** data
*** moving datasets to lazyload DB
** inst
** byte-compile and prepare package for lazy loading
** help
*** installing help indices
** building package indices
** installing vignettes
** testing if installed package can be loaded from temporary location
** checking absolute paths in shared objects and dynamic libraries
** testing if installed package can be loaded from final location
** testing if installed package keeps a record of temporary installation path
* creating tarball
packaged installation of ‘scmap’ as ‘scmap_1.28.0_R_x86_64-pc-linux-gnu.tar.gz’
* DONE (scmap)

The downloaded source packages are in
	‘/tmp/RtmpBBq0Xx/downloaded_packages’
Old packages: 'bslib', 'cli', 'curl', 'evaluate', 'httr2', 'jsonlite',
  'openssl', 'pillar', 'pkgbuild', 'processx', 'ps', 'purrr', 'R6', 'Rcpp',
  'rlang', 'sessioninfo', 'systemfonts', 'testthat', 'textshaping', 'tinytex',
  'xfun', 'zip', 'class', 'foreign', 'KernSmooth', 'MASS', 'Matrix', 'nlme',
  'nnet', 'rpart', 'spatial'

real	10m44.299s
user	0m39.305s
sys	0m6.725s
