'getOption("repos")' replaces Bioconductor standard repositories, see
'help("repositories", package = "BiocManager")' for details.
Replacement repositories:
    CRAN: https://p3m.dev/cran/__linux__/noble/latest
Bioconductor version 3.20 (BiocManager 1.30.25), R 4.4.2 (2024-10-31)
Installing package(s) 'splineTimeR'
also installing the dependency ‘FIs’

trying URL 'https://bioconductor.org/packages/3.20/data/experiment/src/contrib/FIs_1.34.0.tar.gz'
Content type 'application/x-gzip' length 637805 bytes (622 KB)
==================================================
downloaded 622 KB

trying URL 'https://bioconductor.org/packages/3.20/bioc/src/contrib/splineTimeR_1.34.0.tar.gz'
Content type 'application/x-gzip' length 1287397 bytes (1.2 MB)
==================================================
downloaded 1.2 MB

* installing *source* package ‘FIs’ ...
** using staged installation
** data
** help
*** installing help indices
** building package indices
** testing if installed package can be loaded from temporary location
** testing if installed package can be loaded from final location
** testing if installed package keeps a record of temporary installation path
* creating tarball
packaged installation of ‘FIs’ as ‘FIs_1.34.0_R_x86_64-pc-linux-gnu.tar.gz’
* DONE (FIs)
* installing *source* package ‘splineTimeR’ ...
** package ‘splineTimeR’ successfully unpacked and MD5 sums checked
** using staged installation
** R
** data
** inst
** byte-compile and prepare package for lazy loading
** help
*** installing help indices
** building package indices
** installing vignettes
** testing if installed package can be loaded from temporary location
** testing if installed package can be loaded from final location
** testing if installed package keeps a record of temporary installation path
* creating tarball
packaged installation of ‘splineTimeR’ as ‘splineTimeR_1.34.0_R_x86_64-pc-linux-gnu.tar.gz’
* DONE (splineTimeR)

The downloaded source packages are in
	‘/tmp/Rtmpj1EDJE/downloaded_packages’
Old packages: 'bslib', 'cli', 'curl', 'evaluate', 'httr2', 'jsonlite',
  'openssl', 'pillar', 'pkgbuild', 'processx', 'ps', 'purrr', 'R6', 'Rcpp',
  'rlang', 'sessioninfo', 'systemfonts', 'testthat', 'textshaping', 'tinytex',
  'xfun', 'zip', 'class', 'foreign', 'KernSmooth', 'MASS', 'Matrix', 'nlme',
  'nnet', 'rpart', 'spatial'

real	0m47.508s
user	0m22.390s
sys	0m5.211s
