'getOption("repos")' replaces Bioconductor standard repositories, see
'help("repositories", package = "BiocManager")' for details.
Replacement repositories:
    CRAN: https://p3m.dev/cran/__linux__/noble/latest
Bioconductor version 3.20 (BiocManager 1.30.25), R 4.4.2 (2024-10-31)
Installing package(s) 'Rcwl'
trying URL 'https://bioconductor.org/packages/3.20/bioc/src/contrib/Rcwl_1.22.0.tar.gz'
Content type 'application/x-gzip' length 1076591 bytes (1.0 MB)
==================================================
downloaded 1.0 MB

* installing *source* package ‘Rcwl’ ...
** package ‘Rcwl’ successfully unpacked and MD5 sums checked
** using non-staged installation via StagedInstall field
** R
** inst
** byte-compile and prepare package for lazy loading
** help
*** installing help indices
** building package indices
** installing vignettes
** testing if installed package can be loaded
* creating tarball
packaged installation of ‘Rcwl’ as ‘Rcwl_1.22.0_R_x86_64-pc-linux-gnu.tar.gz’
* DONE (Rcwl)

The downloaded source packages are in
	‘/tmp/RtmpOPrPlJ/downloaded_packages’
Old packages: 'bslib', 'cli', 'curl', 'evaluate', 'httr2', 'jsonlite',
  'openssl', 'pillar', 'pkgbuild', 'processx', 'ps', 'purrr', 'R6', 'Rcpp',
  'rlang', 'sessioninfo', 'systemfonts', 'testthat', 'textshaping', 'tinytex',
  'xfun', 'zip', 'class', 'foreign', 'KernSmooth', 'MASS', 'Matrix', 'nlme',
  'nnet', 'rpart', 'spatial'

real	0m52.740s
user	0m13.764s
sys	0m3.966s
