'getOption("repos")' replaces Bioconductor standard repositories, see
'help("repositories", package = "BiocManager")' for details.
Replacement repositories:
    CRAN: https://p3m.dev/cran/__linux__/noble/latest
Bioconductor version 3.20 (BiocManager 1.30.25), R 4.4.2 (2024-10-31)
Installing package(s) 'esetVis'
also installing the dependencies ‘mpm’, ‘ggvis’

trying URL 'https://p3m.dev/cran/__linux__/noble/latest/src/contrib/mpm_1.0-23.tar.gz'
Content type 'binary/octet-stream' length 614993 bytes (600 KB)
==================================================
downloaded 600 KB

trying URL 'https://p3m.dev/cran/__linux__/noble/latest/src/contrib/ggvis_0.4.9.tar.gz'
Content type 'binary/octet-stream' length 1156579 bytes (1.1 MB)
==================================================
downloaded 1.1 MB

trying URL 'https://bioconductor.org/packages/3.20/bioc/src/contrib/esetVis_1.32.0.tar.gz'
Content type 'application/x-gzip' length 3350919 bytes (3.2 MB)
==================================================
downloaded 3.2 MB

* installing *binary* package ‘mpm’ ...
* ‘mpm’ was already a binary package and will not be rebuilt
* creating tarball
packaged installation of ‘mpm’ as ‘mpm_1.0-23_R_x86_64-pc-linux-gnu.tar.gz’
* DONE (mpm)
* installing *binary* package ‘ggvis’ ...
* ‘ggvis’ was already a binary package and will not be rebuilt
* creating tarball
packaged installation of ‘ggvis’ as ‘ggvis_0.4.9_R_x86_64-pc-linux-gnu.tar.gz’
* DONE (ggvis)
* installing *source* package ‘esetVis’ ...
** package ‘esetVis’ successfully unpacked and MD5 sums checked
** using staged installation
** R
** inst
** byte-compile and prepare package for lazy loading
** help
*** installing help indices
** building package indices
** installing vignettes
** testing if installed package can be loaded from temporary location
** testing if installed package can be loaded from final location
** testing if installed package keeps a record of temporary installation path
* creating tarball
packaged installation of ‘esetVis’ as ‘esetVis_1.32.0_R_x86_64-pc-linux-gnu.tar.gz’
* DONE (esetVis)

The downloaded source packages are in
	‘/tmp/RtmpKgG30e/downloaded_packages’
Old packages: 'bslib', 'cli', 'curl', 'evaluate', 'httr2', 'jsonlite',
  'openssl', 'pillar', 'pkgbuild', 'processx', 'ps', 'purrr', 'R6', 'Rcpp',
  'rlang', 'sessioninfo', 'systemfonts', 'testthat', 'textshaping', 'tinytex',
  'xfun', 'zip', 'class', 'foreign', 'KernSmooth', 'MASS', 'Matrix', 'nlme',
  'nnet', 'rpart', 'spatial'

real	33m12.512s
user	0m25.918s
sys	0m9.500s
