'getOption("repos")' replaces Bioconductor standard repositories, see
'help("repositories", package = "BiocManager")' for details.
Replacement repositories:
    CRAN: https://p3m.dev/cran/__linux__/noble/latest
Bioconductor version 3.20 (BiocManager 1.30.25), R 4.4.2 (2024-10-31)
Installing package(s) 'MsQuality'
also installing the dependencies ‘collections’, ‘R6P’, ‘rmzqc’

trying URL 'https://p3m.dev/cran/__linux__/noble/latest/src/contrib/collections_0.3.7.tar.gz'
Content type 'binary/octet-stream' length 68091 bytes (66 KB)
==================================================
downloaded 66 KB

trying URL 'https://p3m.dev/cran/__linux__/noble/latest/src/contrib/R6P_0.4.0.tar.gz'
Content type 'binary/octet-stream' length 71579 bytes (69 KB)
==================================================
downloaded 69 KB

trying URL 'https://p3m.dev/cran/__linux__/noble/latest/src/contrib/rmzqc_0.5.4.tar.gz'
Content type 'binary/octet-stream' length 1436075 bytes (1.4 MB)
==================================================
downloaded 1.4 MB

trying URL 'https://bioconductor.org/packages/3.20/bioc/src/contrib/MsQuality_1.6.2.tar.gz'
Content type 'application/x-gzip' length 4450610 bytes (4.2 MB)
==================================================
downloaded 4.2 MB

* installing *binary* package ‘collections’ ...
* ‘collections’ was already a binary package and will not be rebuilt
* creating tarball
packaged installation of ‘collections’ as ‘collections_0.3.7_R_x86_64-pc-linux-gnu.tar.gz’
* DONE (collections)
* installing *binary* package ‘R6P’ ...
* ‘R6P’ was already a binary package and will not be rebuilt
* creating tarball
packaged installation of ‘R6P’ as ‘R6P_0.4.0_R_x86_64-pc-linux-gnu.tar.gz’
* DONE (R6P)
* installing *binary* package ‘rmzqc’ ...
* ‘rmzqc’ was already a binary package and will not be rebuilt
* creating tarball
packaged installation of ‘rmzqc’ as ‘rmzqc_0.5.4_R_x86_64-pc-linux-gnu.tar.gz’
* DONE (rmzqc)
* installing *source* package ‘MsQuality’ ...
** package ‘MsQuality’ successfully unpacked and MD5 sums checked
** using staged installation
** R
** data
** inst
** byte-compile and prepare package for lazy loading
** help
*** installing help indices
** building package indices
** installing vignettes
** testing if installed package can be loaded from temporary location
** testing if installed package can be loaded from final location
** testing if installed package keeps a record of temporary installation path
* creating tarball
packaged installation of ‘MsQuality’ as ‘MsQuality_1.6.2_R_x86_64-pc-linux-gnu.tar.gz’
* DONE (MsQuality)

The downloaded source packages are in
	‘/tmp/RtmpGs14VC/downloaded_packages’
Old packages: 'bslib', 'cli', 'curl', 'evaluate', 'httr2', 'jsonlite',
  'openssl', 'pillar', 'pkgbuild', 'processx', 'ps', 'purrr', 'R6', 'Rcpp',
  'rlang', 'sessioninfo', 'systemfonts', 'testthat', 'textshaping', 'tinytex',
  'xfun', 'zip', 'class', 'foreign', 'KernSmooth', 'MASS', 'Matrix', 'nlme',
  'nnet', 'rpart', 'spatial'

real	1m36.114s
user	0m33.660s
sys	0m6.829s
