'getOption("repos")' replaces Bioconductor standard repositories, see
'help("repositories", package = "BiocManager")' for details.
Replacement repositories:
    CRAN: https://p3m.dev/cran/__linux__/noble/latest
Bioconductor version 3.20 (BiocManager 1.30.25), R 4.4.2 (2024-10-31)
Installing package(s) 'CAEN'
also installing the dependency ‘PoiClaClu’

trying URL 'https://p3m.dev/cran/__linux__/noble/latest/src/contrib/PoiClaClu_1.0.2.1.tar.gz'
Content type 'binary/octet-stream' length 61419 bytes (59 KB)
==================================================
downloaded 59 KB

trying URL 'https://bioconductor.org/packages/3.20/bioc/src/contrib/CAEN_1.14.0.tar.gz'
Content type 'application/x-gzip' length 1013098 bytes (989 KB)
==================================================
downloaded 989 KB

* installing *binary* package ‘PoiClaClu’ ...
* ‘PoiClaClu’ was already a binary package and will not be rebuilt
* creating tarball
packaged installation of ‘PoiClaClu’ as ‘PoiClaClu_1.0.2.1_R_x86_64-pc-linux-gnu.tar.gz’
* DONE (PoiClaClu)
* installing *source* package ‘CAEN’ ...
** package ‘CAEN’ successfully unpacked and MD5 sums checked
** using staged installation
** R
** data
*** moving datasets to lazyload DB
** inst
** byte-compile and prepare package for lazy loading
** help
*** installing help indices
** building package indices
** installing vignettes
** testing if installed package can be loaded from temporary location
** testing if installed package can be loaded from final location
** testing if installed package keeps a record of temporary installation path
* creating tarball
packaged installation of ‘CAEN’ as ‘CAEN_1.14.0_R_x86_64-pc-linux-gnu.tar.gz’
* DONE (CAEN)

The downloaded source packages are in
	‘/tmp/Rtmp0Gnnpi/downloaded_packages’
Old packages: 'bslib', 'cli', 'curl', 'evaluate', 'httr2', 'jsonlite',
  'openssl', 'pillar', 'pkgbuild', 'processx', 'ps', 'purrr', 'R6', 'Rcpp',
  'rlang', 'sessioninfo', 'systemfonts', 'testthat', 'textshaping', 'tinytex',
  'xfun', 'zip', 'class', 'foreign', 'KernSmooth', 'MASS', 'Matrix', 'nlme',
  'nnet', 'rpart', 'spatial'

real	1m24.121s
user	0m22.528s
sys	0m4.639s
