'getOption("repos")' replaces Bioconductor standard repositories, see
'help("repositories", package = "BiocManager")' for details.
Replacement repositories:
    CRAN: https://p3m.dev/cran/__linux__/noble/latest
Bioconductor version 3.20 (BiocManager 1.30.25), R 4.4.2 (2024-10-31)
Installing package(s) 'Scale4C'
also installing the dependency ‘smoothie’

trying URL 'https://p3m.dev/cran/__linux__/noble/latest/src/contrib/smoothie_1.0-4.tar.gz'
Content type 'binary/octet-stream' length 58843 bytes (57 KB)
==================================================
downloaded 57 KB

trying URL 'https://bioconductor.org/packages/3.20/bioc/src/contrib/Scale4C_1.28.0.tar.gz'
Content type 'application/x-gzip' length 5140338 bytes (4.9 MB)
==================================================
downloaded 4.9 MB

* installing *binary* package ‘smoothie’ ...
* ‘smoothie’ was already a binary package and will not be rebuilt
* creating tarball
packaged installation of ‘smoothie’ as ‘smoothie_1.0-4_R_x86_64-pc-linux-gnu.tar.gz’
* DONE (smoothie)
* installing *source* package ‘Scale4C’ ...
** package ‘Scale4C’ successfully unpacked and MD5 sums checked
** using staged installation
** R
** data
** inst
** byte-compile and prepare package for lazy loading
** help
*** installing help indices
** building package indices
** installing vignettes
** testing if installed package can be loaded from temporary location
** testing if installed package can be loaded from final location
** testing if installed package keeps a record of temporary installation path
* creating tarball
packaged installation of ‘Scale4C’ as ‘Scale4C_1.28.0_R_x86_64-pc-linux-gnu.tar.gz’
* DONE (Scale4C)

The downloaded source packages are in
	‘/tmp/Rtmp0lcFLe/downloaded_packages’
Old packages: 'bslib', 'cli', 'curl', 'evaluate', 'httr2', 'jsonlite',
  'openssl', 'pillar', 'pkgbuild', 'processx', 'ps', 'purrr', 'R6', 'Rcpp',
  'rlang', 'sessioninfo', 'systemfonts', 'testthat', 'textshaping', 'tinytex',
  'xfun', 'zip', 'class', 'foreign', 'KernSmooth', 'MASS', 'Matrix', 'nlme',
  'nnet', 'rpart', 'spatial'

real	47m39.112s
user	0m31.654s
sys	0m5.721s
