'getOption("repos")' replaces Bioconductor standard repositories, see
'help("repositories", package = "BiocManager")' for details.
Replacement repositories:
    CRAN: https://p3m.dev/cran/__linux__/noble/latest
Bioconductor version 3.20 (BiocManager 1.30.25), R 4.4.2 (2024-10-31)
Installing package(s) 'epidecodeR'
trying URL 'https://bioconductor.org/packages/3.20/bioc/src/contrib/epidecodeR_1.14.0.tar.gz'
Content type 'application/x-gzip' length 2098714 bytes (2.0 MB)
==================================================
downloaded 2.0 MB

* installing *source* package ‘epidecodeR’ ...
** package ‘epidecodeR’ successfully unpacked and MD5 sums checked
** using staged installation
** R
** inst
** byte-compile and prepare package for lazy loading
** help
*** installing help indices
** building package indices
** installing vignettes
** testing if installed package can be loaded from temporary location
** testing if installed package can be loaded from final location
** testing if installed package keeps a record of temporary installation path
* creating tarball
packaged installation of ‘epidecodeR’ as ‘epidecodeR_1.14.0_R_x86_64-pc-linux-gnu.tar.gz’
* DONE (epidecodeR)

The downloaded source packages are in
	‘/tmp/RtmpnFIi85/downloaded_packages’
Old packages: 'bslib', 'cli', 'curl', 'evaluate', 'httr2', 'jsonlite',
  'openssl', 'pillar', 'pkgbuild', 'processx', 'ps', 'purrr', 'R6', 'Rcpp',
  'rlang', 'sessioninfo', 'systemfonts', 'testthat', 'textshaping', 'tinytex',
  'xfun', 'zip', 'class', 'foreign', 'KernSmooth', 'MASS', 'Matrix', 'nlme',
  'nnet', 'rpart', 'spatial'

real	1m39.236s
user	0m32.276s
sys	0m6.435s
